>> Console logging redirected to data/console.log
Launching Driver...
SLF4J(W): No SLF4J providers were found.
SLF4J(W): Defaulting to no-operation (NOP) logger implementation
SLF4J(W): See https://www.slf4j.org/codes.html#noProviders for further details.
Aug 22, 2025 4:06:14 PM org.openqa.selenium.devtools.CdpVersionFinder findNearestMatch
WARNING: Unable to find an exact match for CDP version 139, returning the closest version; found: 137; Please update to a Selenium version that supports CDP version 139
(1386, 788)
Aug 22, 2025 4:06:18 PM base.LogResults createLogs
INFO: PASS - Application Loaded Successfully: 
Aug 22, 2025 4:06:24 PM base.LogResults createLogs
INFO: PASS - Company Code Entered in Text Box: ADKK
Aug 22, 2025 4:06:27 PM base.LogResults createLogs
INFO: PASS - Login With Password Button Is Clicked: 
Aug 22, 2025 4:06:33 PM base.LogResults createLogs
INFO: PASS - Sign in Text Is Displayed: 
Aug 22, 2025 4:06:35 PM base.LogResults createLogs
INFO: PASS - Username Is Entered In Username Text Field: AutoEID9779
Aug 22, 2025 4:06:37 PM base.LogResults createLogs
INFO: PASS - Password Is Entered In Password Text Field: AutoEID9779
Aug 22, 2025 4:06:40 PM base.LogResults createLogs
INFO: PASS - Captcha Entered On Captcha Text Field: 12345
Aug 22, 2025 4:06:42 PM base.LogResults createLogs
INFO: PASS - Clicked On Login Button: 
Aug 22, 2025 4:06:44 PM base.LogResults createLogs
INFO: PASS - Login Done  And Validated Successfully: 
Aug 22, 2025 4:06:46 PM base.LogResults createLogs
INFO: PASS - Login Done Successfully: 
Aug 22, 2025 4:06:49 PM base.LogResults createLogs
INFO: PASS - Leave Button Clicked Successfully Of Employee Account: 
Aug 22, 2025 4:06:53 PM base.LogResults createLogs
INFO: PASS -  EmpLeaveRequestsTab Clicked Successfully Of Employee Account: 
Aug 22, 2025 4:06:57 PM base.LogResults createLogs
INFO: PASS -  Apply Leave Button Clicked Successfully Of Employee Account: 
Aug 22, 2025 4:07:00 PM base.LogResults createLogs
INFO: PASS -  LeaveTypeDropdown Clicked Successfully Of Employee Account: 
Aug 22, 2025 4:07:02 PM base.LogResults createLogs
INFO: PASS -  SickLeave Selected  Successfully: 
Aug 22, 2025 4:07:04 PM base.LogResults createLogs
INFO: PASS -  FromDateTextField Clicked Successfully : 
Aug 22, 2025 4:07:09 PM base.LogResults createLogs
INFO: PASS -  FromDate Inputted Successfully : 
Aug 22, 2025 4:07:16 PM base.LogResults createLogs
INFO: PASS -  LeaveDurationOne Clicked Successfully Of Employee Account: 
Aug 22, 2025 4:07:18 PM base.LogResults createLogs
INFO: PASS -  FullDay DurationOne Selected  Successfully: 
Aug 22, 2025 4:07:20 PM base.LogResults createLogs
INFO: PASS -  ToDateTextField Clicked Successfully : 
Aug 22, 2025 4:07:25 PM base.LogResults createLogs
INFO: PASS -  ToDate Selected Inputted Successfully : 
Aug 22, 2025 4:07:28 PM base.LogResults createLogs
INFO: PASS -  LeaveDurationTwo Clicked Successfully Of Employee Account: 
Aug 22, 2025 4:07:30 PM base.LogResults createLogs
INFO: PASS -  FullDayDurationTwo Clicked Successfully Of Employee Account: 
Aug 22, 2025 4:07:32 PM base.LogResults createLogs
INFO: PASS -  Reason Inputted  Successfully Of Employee Account: Test
Aug 22, 2025 4:07:34 PM base.LogResults createLogs
INFO: PASS - Leave Request Apply Button Clicked  Successfully Of Employee Account: 
Aug 22, 2025 4:07:40 PM base.LogResults createLogs
INFO: PASS - Leave Request Page 100 Per Page Selected  Successfully Of Employee Account: 
Aug 22, 2025 4:07:46 PM base.LogResults createLogs
INFO: PASS -  Leave Name Inputted  Successfully : Casual Leave
Aug 22, 2025 4:07:48 PM base.LogResults createLogs
INFO: FAIL - Error While Clicking On Revoke Button : no such element: Unable to locate element: {"method":"css selector","selector":"td:nth-child(2)"}
  (Session info: chrome=139.0.7258.128)
For documentation on this error, please visit: https://www.selenium.dev/documentation/webdriver/troubleshooting/errors#no-such-element-exception
Build info: version: '4.28.0', revision: 'ac342546e9'
System info: os.name: 'Windows 10', os.arch: 'amd64', os.version: '10.0', java.version: '17.0.11'
Driver info: org.openqa.selenium.chrome.ChromeDriver
Command: [36d244c112d1066ec62e0d0fadb90605, findChildElement {using=css selector, value=td:nth-child(2), id=f.7CF919AE9FE6FFEB4F27F7FABE0D27BF.d.1077766C6CBAF3A6F1B51A83B147FD64.e.975}]
Capabilities {acceptInsecureCerts: true, browserName: chrome, browserVersion: 139.0.7258.128, chrome: {chromedriverVersion: 139.0.7258.138 (884e54ea8d4..., userDataDir: C:\Users\Pramod.C\AppData\L...}, fedcm:accounts: true, goog:chromeOptions: {debuggerAddress: localhost:55432}, networkConnectionEnabled: false, pageLoadStrategy: none, platformName: windows, proxy: Proxy(), se:cdp: ws://localhost:55432/devtoo..., se:cdpVersion: 139.0.7258.128, setWindowRect: true, strictFileInteractability: false, timeouts: {implicit: 0, pageLoad: 300000, script: 30000}, unhandledPromptBehavior: dismiss and notify, webauthn:extension:credBlob: true, webauthn:extension:largeBlob: true, webauthn:extension:minPinLength: true, webauthn:extension:prf: true, webauthn:virtualAuthenticators: true}
Session ID: 36d244c112d1066ec62e0d0fadb90605
Aug 22, 2025 4:08:01 PM base.LogResults createLogs
INFO: FAIL - Error While Clicking On RevokeButton: element not interactable
  (Session info: chrome=139.0.7258.128)
Build info: version: '4.28.0', revision: 'ac342546e9'
System info: os.name: 'Windows 10', os.arch: 'amd64', os.version: '10.0', java.version: '17.0.11'
Driver info: org.openqa.selenium.chrome.ChromeDriver
Command: [36d244c112d1066ec62e0d0fadb90605, clickElement {id=f.7CF919AE9FE6FFEB4F27F7FABE0D27BF.d.1077766C6CBAF3A6F1B51A83B147FD64.e.976}]
Capabilities {acceptInsecureCerts: true, browserName: chrome, browserVersion: 139.0.7258.128, chrome: {chromedriverVersion: 139.0.7258.138 (884e54ea8d4..., userDataDir: C:\Users\Pramod.C\AppData\L...}, fedcm:accounts: true, goog:chromeOptions: {debuggerAddress: localhost:55432}, networkConnectionEnabled: false, pageLoadStrategy: none, platformName: windows, proxy: Proxy(), se:cdp: ws://localhost:55432/devtoo..., se:cdpVersion: 139.0.7258.128, setWindowRect: true, strictFileInteractability: false, timeouts: {implicit: 0, pageLoad: 300000, script: 30000}, unhandledPromptBehavior: dismiss and notify, webauthn:extension:credBlob: true, webauthn:extension:largeBlob: true, webauthn:extension:minPinLength: true, webauthn:extension:prf: true, webauthn:virtualAuthenticators: true}
Element: [[ChromeDriver: chrome on windows (36d244c112d1066ec62e0d0fadb90605)] -> xpath: //button[@id='btnRevokeRequest']]
Session ID: 36d244c112d1066ec62e0d0fadb90605
Aug 22, 2025 4:08:06 PM base.LogResults createLogs
INFO: PASS - Leave Request Page 100 Per Page Selected  Successfully Of Employee Account: 
