>> Console logging redirected to data/console.log
Continuing with Existing Master Data due to threshold value:080825-080825-ThreSld->3
Launching Driver...
SLF4J(W): No SLF4J providers were found.
SLF4J(W): Defaulting to no-operation (NOP) logger implementation
SLF4J(W): See https://www.slf4j.org/codes.html#noProviders for further details.
Aug 08, 2025 12:49:28 PM org.openqa.selenium.devtools.CdpVersionFinder findNearestMatch
WARNING: Unable to find an exact match for CDP version 138, returning the closest version; found: 137; Please update to a Selenium version that supports CDP version 138
Error Index 1 out of bounds for length 1
Aug 08, 2025 12:49:30 PM base.LogResults createLogs
INFO: PASS - Application Loaded Successfully: 
Aug 08, 2025 12:49:34 PM base.LogResults createLogs
INFO: PASS - Company Code Entered in Text Box: ARRD
Aug 08, 2025 12:49:34 PM base.LogResults createLogs
INFO: PASS - Login With Password Button Is Clicked: 
Aug 08, 2025 12:49:38 PM base.LogResults createLogs
INFO: PASS - Sign in Text Is Displayed: 
Aug 08, 2025 12:49:38 PM base.LogResults createLogs
INFO: PASS - Username Is Entered In Username Text Field: AutoE080825091623@mailinator.com
Aug 08, 2025 12:49:38 PM base.LogResults createLogs
INFO: PASS - Password Is Entered In Password Text Field: Pramod@1234
Aug 08, 2025 12:49:39 PM base.LogResults createLogs
INFO: PASS - Captcha Entered On Captcha Text Field: 12345
Aug 08, 2025 12:49:39 PM base.LogResults createLogs
INFO: PASS - Clicked On Login Button: 
Aug 08, 2025 12:49:42 PM base.LogResults createLogs
INFO: PASS - Login Done  And Validated Successfully: 
Aug 08, 2025 12:49:42 PM base.LogResults createLogs
INFO: PASS - Login Done Successfully: 
Aug 08, 2025 12:49:47 PM base.LogResults createLogs
INFO: PASS - Directory Button Clicked Successfully: 
Aug 08, 2025 12:49:49 PM base.LogResults createLogs
INFO: PASS - Directory Page Loaded Successfully: 
Aug 08, 2025 12:49:49 PM base.LogResults createLogs
INFO: PASS - Clicked On EmployeeTab Successfully: 
Aug 08, 2025 12:49:51 PM base.LogResults createLogs
INFO: PASS - Directory Page Loaded Successfully: 
Aug 08, 2025 12:49:57 PM base.LogResults createLogs
INFO: PASS - Clicked On TotalCountDropDown Successfully: 
Aug 08, 2025 12:49:58 PM base.LogResults createLogs
INFO: PASS - Clicked On AddNewButton Successfully: 
Aug 08, 2025 12:50:01 PM base.LogResults createLogs
INFO: PASS - Employee Form Loaded Successfully: 
Aug 08, 2025 12:50:06 PM base.LogResults createLogs
INFO: PASS - Clicked On EmployeeTypeDropdown Successfully And Selected EntityName Successfully: AutoEN080825091623
Aug 08, 2025 12:50:06 PM base.LogResults createLogs
INFO: PASS - Clicked On ReportingToDropdown Successfully: 
Aug 08, 2025 12:50:08 PM base.LogResults createLogs
INFO: PASS - Clicked On ReportingTo Search Text Field And Input Is Passed: AutoAFN
Aug 08, 2025 12:50:11 PM base.LogResults createLogs
INFO: PASS - Entity Name Selected Successfully: 
Aug 08, 2025 12:50:11 PM base.LogResults createLogs
INFO: PASS - EmployeeID Entered On Employee ID Text Field: AutoEID55158WDFLY
Aug 08, 2025 12:50:14 PM base.LogResults createLogs
INFO: PASS -  CompanyLocation Selected From The DropDown : AutoON080825091623
Aug 08, 2025 12:50:14 PM base.LogResults createLogs
INFO: PASS - Employee First Name Entered On Employee FirstName Text Field: AutoFNDBDPF
Aug 08, 2025 12:50:15 PM base.LogResults createLogs
INFO: PASS - Employee Last Name Entered On Employee Last Name Text Field: AutoLNHLJHA
Aug 08, 2025 12:50:15 PM base.LogResults createLogs
INFO: PASS - Employee Email Entered On Email ID Text Field: AutoE080825091623HTAE@mailinator.com
Aug 08, 2025 12:50:15 PM base.LogResults createLogs
INFO: PASS - Employee Phone Number Entered On Phone Number Text Field: 9851457112
Aug 08, 2025 12:50:15 PM base.LogResults createLogs
INFO: PASS - Employee Joining Date  Text Field Is Clicked: 
Aug 08, 2025 12:50:15 PM base.LogResults createLogs
INFO: PASS - Employee Joining Date Entered On Joining Date Text Field: 03-01-2025
Aug 08, 2025 12:50:16 PM base.LogResults createLogs
INFO: PASS - Clicked On AddEmployeeSave Successfully: 
Aug 08, 2025 12:50:19 PM base.LogResults createLogs
INFO: PASS - Clicked On GoToDirectory Successfully: 
Aug 08, 2025 12:50:23 PM base.LogResults createLogs
INFO: PASS - Clicked On Search Text Field And Pass The Created Employee First Name Successfully: AutoFNDBDPF
Aug 08, 2025 12:50:27 PM base.LogResults createLogs
INFO: PASS - Created Employee Displayed Successfully: AutoLNHLJHA
Aug 08, 2025 12:50:27 PM base.LogResults createLogs
INFO: PASS - Clicked On 3Dots Successfully: 
Aug 08, 2025 12:50:27 PM base.LogResults createLogs
INFO: PASS - Clicked On WebEnrollment Successfully: 
Aug 08, 2025 12:50:30 PM base.LogResults createLogs
INFO: PASS - Clicked On FaceEnrollmentTab Successfully: 
Aug 08, 2025 12:50:45 PM base.LogResults createLogs
INFO: PASS - Image Selected For WebEnrollment Successfully: ./data/images/enrollmentimage.jpg
Aug 08, 2025 12:50:45 PM base.LogResults createLogs
INFO: PASS - Successfully Clicked On CropImage: 
Aug 08, 2025 12:50:45 PM base.LogResults createLogs
INFO: PASS - Successfully Clicked On SaveEnrollmentButton: 
Aug 08, 2025 12:51:16 PM base.LogResults createLogs
INFO: PASS - Success Msg Is Displayed: 
Aug 08, 2025 12:51:25 PM base.LogResults createLogs
INFO: PASS - Directory Button Clicked Successfully: 
Aug 08, 2025 12:51:27 PM base.LogResults createLogs
INFO: PASS - Directory Page Loaded Successfully: 
Aug 08, 2025 12:51:27 PM base.LogResults createLogs
INFO: PASS - Clicked On EmployeeTab Successfully: 
Aug 08, 2025 12:51:29 PM base.LogResults createLogs
INFO: PASS - Directory Page Loaded Successfully: 
Aug 08, 2025 12:51:34 PM base.LogResults createLogs
INFO: PASS - Clicked On Search Text Field And Pass The Created Employee LastName Successfully: AutoFNDBDPF
Aug 08, 2025 12:51:37 PM base.LogResults createLogs
INFO: PASS - Created Employee Displayed Successfully: AutoLNHLJHA
Aug 08, 2025 12:51:37 PM base.LogResults createLogs
INFO: PASS - Successfully Clicked On First Employee Record 3dots: 
Aug 08, 2025 12:51:37 PM base.LogResults createLogs
INFO: PASS - Successfully Clicked On First Employee Record ManageProfileButton: 
Aug 08, 2025 12:51:47 PM base.LogResults createLogs
INFO: PASS - Successfully Clicked On First Employee Manage Profile EditIcon: 
Aug 08, 2025 12:51:53 PM base.LogResults createLogs
INFO: PASS - Successfully Selected  Dept: AutoDN080825091623
Aug 08, 2025 12:51:59 PM base.LogResults createLogs
INFO: PASS - Successfully Selected  Team From Dropdown: AutoTN080825091623
Aug 08, 2025 12:52:04 PM base.LogResults createLogs
INFO: PASS - Successfully Selected  Designation From Dropdown: AutoDN080825091623
Aug 08, 2025 12:52:11 PM base.LogResults createLogs
INFO: PASS - Successfully Enter The Pin: 1323
Aug 08, 2025 12:52:17 PM base.LogResults createLogs
INFO: PASS - SaveChanges Button Clicked Successfully: 
Aug 08, 2025 12:52:25 PM base.LogResults createLogs
INFO: PASS - DefaultPolicy Button Clicked Successfully: 
Aug 08, 2025 12:52:33 PM base.LogResults createLogs
INFO: PASS - PolicyIcon Clicked Successfully: 
Aug 08, 2025 12:52:34 PM base.LogResults createLogs
INFO: PASS - PolicyMaster Loaded Successfully: 
Aug 08, 2025 12:52:34 PM base.LogResults createLogs
INFO: PASS - LeaveDropDownFromSideBar Clicked Successfully: 
Aug 08, 2025 12:52:34 PM base.LogResults createLogs
INFO: PASS - LeavePolicyButtonFromSideBar Clicked Successfully: 
Aug 08, 2025 12:52:40 PM base.LogResults createLogs
INFO: PASS - LeavePolicyPageLoaded Successfully: 
Aug 08, 2025 12:52:40 PM base.LogResults createLogs
INFO: PASS - AddLeavePolicyButton Clicked Successfully : 
Aug 08, 2025 12:52:44 PM base.LogResults createLogs
INFO: PASS - LeavePolicy Name Inputted Successfully: AutoLPNTNKT
Aug 08, 2025 12:52:44 PM base.LogResults createLogs
INFO: PASS - SelectLeavePolicyButton Clicked Successfully : 
Aug 08, 2025 12:52:47 PM base.LogResults createLogs
INFO: PASS - SickLeave Selected Successfully: Sick_Leave (SL)
Aug 08, 2025 12:52:47 PM base.LogResults createLogs
INFO: PASS - AddLeaveSaveButton Clicked Successfully: 
Aug 08, 2025 12:52:48 PM base.LogResults createLogs
INFO: PASS - AddEmpCriteria Button Successfully : 
Aug 08, 2025 12:52:52 PM base.LogResults createLogs
INFO: PASS - Office Name Selected  Successfully : AutoON080825091623
Aug 08, 2025 12:52:57 PM base.LogResults createLogs
INFO: PASS - Successfully Clicked  Dept DropDown: AutoDN080825091623
Aug 08, 2025 12:52:57 PM base.LogResults createLogs
INFO: PASS - Successfully Selected  Dept: AutoDN080825091623
Aug 08, 2025 12:53:01 PM base.LogResults createLogs
INFO: PASS - Successfully Clicked On  Team  Dropdown: AutoTN080825091623
Aug 08, 2025 12:53:01 PM base.LogResults createLogs
INFO: PASS - Successfully Selected  Team From Dropdown: AutoTN080825091623
Aug 08, 2025 12:53:08 PM base.LogResults createLogs
INFO: PASS - Successfully Selected  Designation From Dropdown: AutoDN080825091623
Aug 08, 2025 12:53:13 PM base.LogResults createLogs
INFO: PASS - Successfully Selected  Employee Type From Dropdown: AutoEN080825091623
Aug 08, 2025 12:53:14 PM base.LogResults createLogs
INFO: PASS - Clicked On Apply Button Successfully : 
Aug 08, 2025 12:53:14 PM base.LogResults createLogs
INFO: PASS - CreateLeavePolicyButton Clicked Successfully: 
Aug 08, 2025 12:53:21 PM base.LogResults createLogs
INFO: PASS - Yes Button Button Successfully : 
Aug 08, 2025 12:53:27 PM base.LogResults createLogs
INFO: PASS - LeavePolicyPageLoaded Successfully: 
Aug 08, 2025 12:53:31 PM base.LogResults createLogs
INFO: PASS - Created Policy Name Inputted Successfully: AutoLPNTNKT
Aug 08, 2025 12:53:35 PM base.LogResults createLogs
INFO: PASS - Created Policy Assigned Link Count Clicked Successfully: 
Aug 08, 2025 12:53:39 PM base.LogResults createLogs
INFO: PASS - Employee List Loaded Successfully: 
Aug 08, 2025 12:53:43 PM base.LogResults createLogs
INFO: PASS - Emp Name Displayed Successfully: AutoFNDBDPF
Aug 08, 2025 12:53:48 PM base.LogResults createLogs
INFO: PASS - Emp Name Validated And Displayed Successfully: AutoFNDBDPF=AutoFNDBDPF AutoLNHLJHA
Aug 08, 2025 12:53:48 PM base.LogResults onlyLog
INFO: Passed - Attendance-MPI_546_Leave_Policy_03-To verify this, create an employee by selecting 'QC' as the department, 'Grade1' as the grade, and 'For Grade' as the team option, and ensure these are updated in the employee profile. Then, create a leave policy and set the employee criteria to match the same department, grade, and team as assigned to the employee. Save the leave policy, and then click on the "Assigned Employee Count" in the leave policy module. Ensure that the employee with the matching criteria is displayed in the list.
---------------------------------------------------------------
AttendanceMPI_546_Leave_Policy_03
Aug 08, 2025 12:53:48 PM base.LogResults onlyLog
INFO: Total Pass : 1 Total Fail : 0  Total TC : 1
---------------------------------------------------------------
Test case took: 259.4430 seconds
Total TC Time: 00:04:19

===============================================
Suite
Total tests run: 1, Passes: 1, Failures: 0, Skips: 0
===============================================

