>> Console logging redirected to data/console.log
Launching Driver...
SLF4J(W): No SLF4J providers were found.
SLF4J(W): Defaulting to no-operation (NOP) logger implementation
SLF4J(W): See https://www.slf4j.org/codes.html#noProviders for further details.
Aug 25, 2025 12:27:46 PM org.openqa.selenium.devtools.CdpVersionFinder findNearestMatch
WARNING: Unable to find an exact match for CDP version 139, returning the closest version; found: 137; Please update to a Selenium version that supports CDP version 139
(1386, 788)
Aug 25, 2025 12:27:50 PM base.LogResults createLogs
INFO: PASS - Application Loaded Successfully: 
Aug 25, 2025 12:27:56 PM base.LogResults createLogs
INFO: PASS - Company Code Entered in Text Box: AEWK
Aug 25, 2025 12:27:58 PM base.LogResults createLogs
INFO: PASS - Login With Password Button Is Clicked: 
Aug 25, 2025 12:28:05 PM base.LogResults createLogs
INFO: PASS - Sign in Text Is Displayed: 
Aug 25, 2025 12:28:07 PM base.LogResults createLogs
INFO: PASS - Username Is Entered In Username Text Field: autoEIDYNULDF
Aug 25, 2025 12:28:09 PM base.LogResults createLogs
INFO: PASS - Password Is Entered In Password Text Field: autoEIDYNULDF
Aug 25, 2025 12:28:11 PM base.LogResults createLogs
INFO: PASS - Captcha Entered On Captcha Text Field: 12345
Aug 25, 2025 12:28:14 PM base.LogResults createLogs
INFO: PASS - Clicked On Login Button: 
Aug 25, 2025 12:28:16 PM base.LogResults createLogs
INFO: PASS - Login Done  And Validated Successfully: 
Aug 25, 2025 12:28:18 PM base.LogResults createLogs
INFO: PASS - Login Done Successfully: 
Aug 25, 2025 12:28:20 PM base.LogResults createLogs
INFO: PASS - Leave Button Clicked Successfully Of Employee Account: 
Aug 25, 2025 12:28:25 PM base.LogResults createLogs
INFO: PASS -  EmpLeaveRequestsTab Clicked Successfully Of Employee Account: 
Aug 25, 2025 12:28:29 PM base.LogResults createLogs
INFO: PASS -  Apply Leave Button Clicked Successfully Of Employee Account: 
Aug 25, 2025 12:28:31 PM base.LogResults createLogs
INFO: PASS -  LeaveTypeDropdown Clicked Successfully Of Employee Account: 
Aug 25, 2025 12:28:33 PM base.LogResults createLogs
INFO: PASS -  SickLeave Selected  Successfully: 
Aug 25, 2025 12:28:36 PM base.LogResults createLogs
INFO: PASS -  FromDateTextField Clicked Successfully : 
Aug 25, 2025 12:28:41 PM base.LogResults createLogs
INFO: PASS -  FromDate Inputted Successfully : 
Aug 25, 2025 12:28:47 PM base.LogResults createLogs
INFO: PASS -  LeaveDurationOne Clicked Successfully Of Employee Account: 
Aug 25, 2025 12:28:49 PM base.LogResults createLogs
INFO: PASS -  FullDay DurationOne Selected  Successfully: 
Aug 25, 2025 12:28:52 PM base.LogResults createLogs
INFO: PASS -  ToDateTextField Clicked Successfully : 
Aug 25, 2025 12:28:57 PM base.LogResults createLogs
INFO: PASS -  ToDate Selected Inputted Successfully : 
Aug 25, 2025 12:28:59 PM base.LogResults createLogs
INFO: PASS -  LeaveDurationTwo Clicked Successfully Of Employee Account: 
Aug 25, 2025 12:29:01 PM base.LogResults createLogs
INFO: PASS -  FullDayDurationTwo Clicked Successfully Of Employee Account: 
Aug 25, 2025 12:29:04 PM base.LogResults createLogs
INFO: PASS -  Reason Inputted  Successfully Of Employee Account: Test
Aug 25, 2025 12:29:06 PM base.LogResults createLogs
INFO: PASS - Leave Request Apply Button Clicked  Successfully Of Employee Account: 
Aug 25, 2025 12:29:11 PM base.LogResults createLogs
INFO: PASS - Leave Request Page 100 Per Page Selected  Successfully Of Employee Account: 
Aug 25, 2025 12:29:17 PM base.LogResults createLogs
INFO: PASS -  Leave Name Inputted  Successfully : Sick Leave
Aug 25, 2025 12:29:20 PM base.LogResults createLogs
INFO: PASS -  Applied Leave Validated  Successfully : Sick Leave2025-08-13Pending
Aug 25, 2025 12:29:26 PM base.LogResults createLogs
INFO: PASS - Admin Manage Button Clicked Successfully: 
Aug 25, 2025 12:29:29 PM base.LogResults createLogs
INFO: PASS - Admin Logout Button Clicked Successfully: 
Aug 25, 2025 12:29:31 PM base.LogResults createLogs
INFO: PASS -  Application loaded successfully.
Aug 25, 2025 12:29:37 PM base.LogResults createLogs
INFO: PASS -  Company code entered successfully.AEWK
Aug 25, 2025 12:29:39 PM base.LogResults createLogs
INFO: PASS - Clicked On 'Login with Password' successfully.
Aug 25, 2025 12:29:46 PM base.LogResults createLogs
INFO: PASS -  Sign-in section appeared.
Aug 25, 2025 12:29:48 PM base.LogResults createLogs
INFO: PASS -  Email Id entered.AutoE250825101437@mailinator.com
Aug 25, 2025 12:29:50 PM base.LogResults createLogs
INFO: PASS -  Password entered.Pramod@1234
Aug 25, 2025 12:29:52 PM base.LogResults createLogs
INFO: PASS -  Captcha entered.12345
Aug 25, 2025 12:29:55 PM base.LogResults createLogs
INFO: PASS -  Sign-in button clicked.
Aug 25, 2025 12:29:57 PM base.LogResults createLogs
INFO: PASS -  Login validated successfully And Good Text Is Displayed.
Aug 25, 2025 12:29:59 PM base.LogResults createLogs
INFO: PASS - Login Done Successfully: 
Aug 25, 2025 12:30:01 PM base.LogResults createLogs
INFO: PASS - Leave Button Clicked Successfully Of HR Account: 
Aug 25, 2025 12:30:06 PM base.LogResults createLogs
INFO: PASS -  EmpLeaveRequestsTab Clicked Successfully Of HR Account: 
Aug 25, 2025 12:30:10 PM base.LogResults createLogs
INFO: PASS - Clicked On SearchDropDown Successfully: 
Aug 25, 2025 12:30:22 PM base.LogResults createLogs
INFO: PASS -  Leave Type Option Selected  Successfully : Sick Leave
Aug 25, 2025 12:30:25 PM base.LogResults createLogs
INFO: PASS - Clicked On SearchDropDown Successfully: 
Aug 25, 2025 12:30:30 PM base.LogResults createLogs
INFO: PASS - Leave Request Page 100 Per Page Selected  Successfully : 
Aug 25, 2025 12:30:36 PM base.LogResults createLogs
INFO: PASS -  Leave Name Inputted  Successfully : Sick Leave
Aug 25, 2025 12:30:38 PM base.LogResults createLogs
INFO: PASS -  Applied Leave Validated  Successfully : Sick Leave2025-08-13Pending
Aug 25, 2025 12:30:38 PM base.LogResults onlyLog
INFO: Passed - MeghLeaveTest-MPI_612_Leave_14-To verify this, configure the sick leave on leave policy with 2 per month from joining date and as a employee apply sick leave and ensure status is pending 
---------------------------------------------------------------
MeghLeaveTestMPI_612_Leave_14
Aug 25, 2025 12:30:39 PM base.LogResults onlyLog
INFO: Total Pass : 1 Total Fail : 0  Total TC : 1
---------------------------------------------------------------
Test case took: 172.1146 seconds
Total TC Time: 00:02:52

===============================================
Suite
Total tests run: 1, Passes: 1, Failures: 0, Skips: 0
===============================================

