>> Console logging redirected to data/console.log
Continuing with Existing Master Data due to threshold value:070825-070825-ThreSld->3
Launching Driver...
SLF4J(W): No SLF4J providers were found.
SLF4J(W): Defaulting to no-operation (NOP) logger implementation
SLF4J(W): See https://www.slf4j.org/codes.html#noProviders for further details.
Aug 07, 2025 1:43:50 PM org.openqa.selenium.devtools.CdpVersionFinder findNearestMatch
WARNING: Unable to find an exact match for CDP version 138, returning the closest version; found: 137; Please update to a Selenium version that supports CDP version 138
Error Index 1 out of bounds for length 1
Aug 07, 2025 1:43:52 PM base.LogResults createLogs
INFO: PASS -  Application loaded successfully.
Aug 07, 2025 1:43:56 PM base.LogResults createLogs
INFO: PASS -  Company code entered successfully.ANHZ
Aug 07, 2025 1:43:56 PM base.LogResults createLogs
INFO: PASS - Clicked On 'Login with Password' successfully.
Aug 07, 2025 1:44:00 PM base.LogResults createLogs
INFO: PASS -  Sign-in section appeared.
Aug 07, 2025 1:44:00 PM base.LogResults createLogs
INFO: PASS -  Email Id entered.AutoE070825091624@mailinator.com
Aug 07, 2025 1:44:01 PM base.LogResults createLogs
INFO: PASS -  Password entered.Pramod@1234
Aug 07, 2025 1:44:01 PM base.LogResults createLogs
INFO: PASS -  Captcha entered.12345
Aug 07, 2025 1:44:01 PM base.LogResults createLogs
INFO: PASS -  Sign-in button clicked.
Aug 07, 2025 1:44:03 PM base.LogResults createLogs
INFO: PASS -  Login validated successfully And Good Text Is Displayed.
Aug 07, 2025 1:44:04 PM base.LogResults createLogs
INFO: PASS - Login Done Successfully: 
Aug 07, 2025 1:44:10 PM base.LogResults createLogs
INFO: PASS - PolicyIcon Clicked Successfully: 
Aug 07, 2025 1:44:10 PM base.LogResults createLogs
INFO: PASS - PolicyMaster Loaded Successfully: 
Aug 07, 2025 1:44:10 PM base.LogResults createLogs
INFO: PASS - LeaveDropDownFromSideBar Clicked Successfully: 
Aug 07, 2025 1:44:10 PM base.LogResults createLogs
INFO: PASS - LeavePolicyButtonFromSideBar Clicked Successfully: 
Aug 07, 2025 1:44:20 PM base.LogResults createLogs
INFO: PASS - LeavePolicyPageLoaded Successfully: 
Aug 07, 2025 1:44:20 PM base.LogResults createLogs
INFO: PASS - WeekOffPolicyButton Clicked Successfully: 
Aug 07, 2025 1:44:21 PM base.LogResults createLogs
INFO: PASS - AddWeekOffPolicyButton Clicked Successfully: 
Aug 07, 2025 1:44:26 PM base.LogResults createLogs
INFO: PASS - WeekOffPolicy Name Inputted Successfully: AutoWOPN070825091624ZQ
Aug 07, 2025 1:44:26 PM base.LogResults createLogs
INFO: PASS - ThursdayButton Clicked Successfully: 
Aug 07, 2025 1:44:26 PM base.LogResults createLogs
INFO: PASS - SecondHalf Clicked Successfully: 
Aug 07, 2025 1:44:26 PM base.LogResults createLogs
INFO: PASS - FridayButton Clicked Successfully: 
Aug 07, 2025 1:44:26 PM base.LogResults createLogs
INFO: PASS - FullDayButton Clicked Successfully: 
Aug 07, 2025 1:44:27 PM base.LogResults createLogs
INFO: PASS - AddEmpCriteria Button Successfully : 
Aug 07, 2025 1:44:31 PM base.LogResults createLogs
INFO: PASS - Office Name Selected  Successfully : AutoON070825091624
Aug 07, 2025 1:44:34 PM base.LogResults createLogs
INFO: PASS - Successfully Clicked  Dept DropDown: AutoDN070825091624
Aug 07, 2025 1:44:37 PM base.LogResults createLogs
INFO: PASS - Successfully Selected  Dept: AutoDN070825091624
Aug 07, 2025 1:44:41 PM base.LogResults createLogs
INFO: PASS - Successfully Clicked On  Team  Dropdown: AutoTN070825091624
Aug 07, 2025 1:44:41 PM base.LogResults createLogs
INFO: PASS - Successfully Selected  Team From Dropdown: AutoTN070825091624
Aug 07, 2025 1:44:46 PM base.LogResults createLogs
INFO: PASS - Successfully Selected  Designation From Dropdown: AutoDN070825091624
Aug 07, 2025 1:44:51 PM base.LogResults createLogs
INFO: PASS - Successfully Selected  Employee Type From Dropdown: AutoEN070825091624
Aug 07, 2025 1:44:52 PM base.LogResults createLogs
INFO: PASS - Successfully Clicked On ApplyButton: 
Aug 07, 2025 1:44:52 PM base.LogResults createLogs
INFO: PASS - CreateWeekOffPolicyButton Clicked Successfully: 
