>> Console logging redirected to data/console.log
Launching Driver...
SLF4J(W): No SLF4J providers were found.
SLF4J(W): Defaulting to no-operation (NOP) logger implementation
SLF4J(W): See https://www.slf4j.org/codes.html#noProviders for further details.
Aug 20, 2025 6:02:47 PM org.openqa.selenium.devtools.CdpVersionFinder findNearestMatch
WARNING: Unable to find an exact match for CDP version 139, returning the closest version; found: 137; Please update to a Selenium version that supports CDP version 139
(1386, 788)
Aug 20, 2025 6:02:50 PM base.LogResults createLogs
INFO: PASS -  Application loaded successfully.
Aug 20, 2025 6:02:56 PM base.LogResults createLogs
INFO: PASS -  Company code entered successfully.ARBX
Aug 20, 2025 6:02:58 PM base.LogResults createLogs
INFO: PASS - Clicked On 'Login with Password' successfully.
Aug 20, 2025 6:03:05 PM base.LogResults createLogs
INFO: PASS -  Sign-in section appeared.
Aug 20, 2025 6:03:07 PM base.LogResults createLogs
INFO: PASS -  Email Id entered.AutoE190825091637@mailinator.com
Aug 20, 2025 6:03:09 PM base.LogResults createLogs
INFO: PASS -  Password entered.Pramod@1234
Aug 20, 2025 6:03:12 PM base.LogResults createLogs
INFO: PASS -  Captcha entered.12345
Aug 20, 2025 6:03:14 PM base.LogResults createLogs
INFO: PASS -  Sign-in button clicked.
Aug 20, 2025 6:03:16 PM base.LogResults createLogs
INFO: PASS -  Login validated successfully And Good Text Is Displayed.
Aug 20, 2025 6:03:18 PM base.LogResults createLogs
INFO: PASS - Login Done Successfully: 
Aug 20, 2025 6:03:29 PM base.LogResults createLogs
INFO: PASS - Directory Button Clicked Successfully: 
Aug 20, 2025 6:03:32 PM base.LogResults createLogs
INFO: PASS - Directory Page Loaded Successfully: 
Aug 20, 2025 6:03:34 PM base.LogResults createLogs
INFO: PASS - Clicked On EmployeeTab Successfully: 
Aug 20, 2025 6:03:37 PM base.LogResults createLogs
INFO: PASS - Directory Page Loaded Successfully: 
Aug 20, 2025 6:03:49 PM base.LogResults createLogs
INFO: PASS - Clicked On TotalCountDropDown Successfully: 
Aug 20, 2025 6:03:52 PM base.LogResults createLogs
INFO: PASS - Clicked On AddNewButton Successfully: 
Aug 20, 2025 6:03:54 PM base.LogResults createLogs
INFO: PASS - Employee Form Loaded Successfully: 
Aug 20, 2025 6:04:01 PM base.LogResults createLogs
INFO: PASS - Clicked On EmployeeTypeDropdown Successfully And Selected EntityName Successfully: AutoEN190825091637
Aug 20, 2025 6:04:03 PM base.LogResults createLogs
INFO: PASS - Clicked On ReportingToDropdown Successfully: 
Aug 20, 2025 6:04:08 PM base.LogResults createLogs
INFO: PASS - Clicked On ReportingTo Search Text Field And Input Is Passed: AutoAFN
Aug 20, 2025 6:04:12 PM base.LogResults createLogs
INFO: PASS - Entity Name Selected Successfully: 
Aug 20, 2025 6:04:14 PM base.LogResults createLogs
INFO: PASS - EmployeeID Entered On Employee ID Text Field: AutoEIDXKMJD
Aug 20, 2025 6:04:20 PM base.LogResults createLogs
INFO: PASS -  CompanyLocation Selected From The DropDown : AutoON190825091637
Aug 20, 2025 6:04:22 PM base.LogResults createLogs
INFO: PASS - Employee First Name Entered On Employee FirstName Text Field: AutoFNDPQAZ
Aug 20, 2025 6:04:24 PM base.LogResults createLogs
INFO: PASS - Employee Last Name Entered On Employee Last Name Text Field: AutoLNSTIRV
Aug 20, 2025 6:04:26 PM base.LogResults createLogs
INFO: PASS - Employee Email Entered On Email ID Text Field: AutoE190825091637DVY@mailinator.com
Aug 20, 2025 6:04:29 PM base.LogResults createLogs
INFO: PASS - Employee Phone Number Entered On Phone Number Text Field: 9851448391
Aug 20, 2025 6:04:31 PM base.LogResults createLogs
INFO: PASS - Employee Joining Date  Text Field Is Clicked: 
Aug 20, 2025 6:04:33 PM base.LogResults createLogs
INFO: PASS - Employee Joining Date Entered On Joining Date Text Field: 03-01-2025
Aug 20, 2025 6:04:35 PM base.LogResults createLogs
INFO: PASS - Clicked On AddEmployeeSave Successfully: 
Aug 20, 2025 6:04:41 PM base.LogResults createLogs
INFO: PASS - Clicked On GoToDirectory Successfully: 
Aug 20, 2025 6:04:47 PM base.LogResults createLogs
INFO: PASS - Clicked On Search Text Field And Pass The Created Employee LastName Successfully: AutoFNDPQAZ
Aug 20, 2025 6:04:53 PM base.LogResults createLogs
INFO: PASS - Created Employee Displayed Successfully: AutoLNSTIRV
Aug 20, 2025 6:04:55 PM base.LogResults createLogs
INFO: PASS - Clicked On 3Dots Successfully: 
Aug 20, 2025 6:04:57 PM base.LogResults createLogs
INFO: PASS - Clicked On WebEnrollment Successfully: 
Aug 20, 2025 6:05:02 PM base.LogResults createLogs
INFO: PASS - Clicked On FaceEnrollmentTab Successfully: 
Aug 20, 2025 6:05:22 PM base.LogResults createLogs
INFO: PASS - Image Selected For WebEnrollment Successfully: ./data/images/enrollmentimage.jpg
Aug 20, 2025 6:05:27 PM base.LogResults createLogs
INFO: PASS - Successfully Clicked On CropImage: 
Aug 20, 2025 6:05:30 PM base.LogResults createLogs
INFO: PASS - Successfully Clicked On SaveEnrollmentButton: 
Aug 20, 2025 6:06:03 PM base.LogResults createLogs
INFO: PASS - Success Msg Is Displayed: 
Aug 20, 2025 6:06:14 PM base.LogResults createLogs
INFO: PASS - Directory Button Clicked Successfully: 
Aug 20, 2025 6:06:17 PM base.LogResults createLogs
INFO: PASS - Directory Page Loaded Successfully: 
Aug 20, 2025 6:06:19 PM base.LogResults createLogs
INFO: PASS - Clicked On EmployeeTab Successfully: 
Aug 20, 2025 6:06:22 PM base.LogResults createLogs
INFO: PASS - Directory Page Loaded Successfully: 
Aug 20, 2025 6:06:28 PM base.LogResults createLogs
INFO: PASS - Clicked On Search Text Field And Pass The Created Employee LastName Successfully: AutoFNDPQAZ
Aug 20, 2025 6:06:33 PM base.LogResults createLogs
INFO: PASS - Created Employee Displayed Successfully: AutoLNSTIRV
Aug 20, 2025 6:06:36 PM base.LogResults createLogs
INFO: PASS - Successfully Clicked On First Employee Record 3dots: 
Aug 20, 2025 6:06:38 PM base.LogResults createLogs
INFO: PASS - Successfully Clicked On First Employee Record ManageProfileButton: 
Aug 20, 2025 6:06:49 PM base.LogResults createLogs
INFO: PASS - Successfully Clicked On First Employee Manage Profile EditIcon: 
Aug 20, 2025 6:06:55 PM base.LogResults createLogs
INFO: PASS - Successfully Selected  Dept: AutoDN190825091637
Aug 20, 2025 6:07:02 PM base.LogResults createLogs
INFO: PASS - Successfully Selected  Designation From Dropdown: AutoDESN190825091637
Aug 20, 2025 6:07:16 PM base.LogResults createLogs
INFO: PASS - Created Role Name Entered In DropDown Of Manage Profile: HR Head
Aug 20, 2025 6:07:23 PM base.LogResults createLogs
INFO: PASS - Created Role Name Displayed Successfully In Manage Profile  : HR Head
Aug 20, 2025 6:07:31 PM base.LogResults createLogs
INFO: PASS - Successfully Selected  Team From Dropdown: AutoTN190825091637
Aug 20, 2025 6:07:39 PM base.LogResults createLogs
INFO: PASS - Successfully Enter The Pin: 1997
Aug 20, 2025 6:07:48 PM base.LogResults createLogs
INFO: PASS - SaveChanges Button Clicked Successfully: 
Aug 20, 2025 6:07:58 PM base.LogResults createLogs
INFO: PASS - DefaultPolicy Button Clicked Successfully: 
Aug 20, 2025 6:08:07 PM base.LogResults createLogs
INFO: PASS - Directory Button Clicked Successfully: 
Aug 20, 2025 6:08:10 PM base.LogResults createLogs
INFO: PASS - Directory Page Loaded Successfully: 
Aug 20, 2025 6:08:12 PM base.LogResults createLogs
INFO: PASS - Company Tab  Clicked Successfully: 
Aug 20, 2025 6:08:14 PM base.LogResults createLogs
INFO: PASS - Role Button  Clicked Successfully: 
Aug 20, 2025 6:08:16 PM base.LogResults createLogs
INFO: PASS - Role Permission Page  Loaded Successfully: 
Aug 20, 2025 6:08:19 PM base.LogResults createLogs
INFO: PASS - Add RolePermission Button  Clicked Successfully: 
Aug 20, 2025 6:08:21 PM base.LogResults createLogs
INFO: PASS - Role DropDown Clicked Successfully: 
Aug 20, 2025 6:08:23 PM base.LogResults createLogs
INFO: PASS - Role Selected Successfully: HR Head
Aug 20, 2025 6:08:25 PM base.LogResults createLogs
INFO: PASS - Role Selected  Successfully: 
Aug 20, 2025 6:08:28 PM base.LogResults createLogs
INFO: PASS - HrAttendancePermission Selected  Successfully: 
Aug 20, 2025 6:08:34 PM base.LogResults createLogs
INFO: PASS - RolePermissionSaveButton Clicked Successfully: 
Aug 20, 2025 6:08:44 PM base.LogResults createLogs
INFO: PASS - Admin Manage Button Clicked Successfully: 
Aug 20, 2025 6:08:47 PM base.LogResults createLogs
INFO: PASS - Admin Logout Button Clicked Successfully: 
Aug 20, 2025 6:08:49 PM base.LogResults createLogs
INFO: PASS -  Application loaded successfully.
Aug 20, 2025 6:08:55 PM base.LogResults createLogs
INFO: PASS -  Company code entered successfully.ARBX
Aug 20, 2025 6:08:58 PM base.LogResults createLogs
INFO: PASS - Clicked On 'Login with Password' successfully.
Aug 20, 2025 6:09:04 PM base.LogResults createLogs
INFO: PASS -  Sign-in section appeared.
Aug 20, 2025 6:09:06 PM base.LogResults createLogs
INFO: PASS -  Email Id entered.
Aug 20, 2025 6:09:08 PM base.LogResults createLogs
INFO: PASS -  Password entered.
Aug 20, 2025 6:09:10 PM base.LogResults createLogs
INFO: PASS -  Captcha entered.12345
Aug 20, 2025 6:09:13 PM base.LogResults createLogs
INFO: PASS -  Sign-in button clicked.
Aug 20, 2025 6:10:00 PM base.LogResults createLogs
INFO: FAIL - Login Is Failed: Login failed after retry: no such element: Unable to locate element: {"method":"xpath","selector":"//span[contains(text(), 'Good')]"}
  (Session info: chrome=139.0.7258.128)
For documentation on this error, please visit: https://www.selenium.dev/documentation/webdriver/troubleshooting/errors#no-such-element-exception
Build info: version: '4.28.0', revision: 'ac342546e9'
System info: os.name: 'Windows 10', os.arch: 'amd64', os.version: '10.0', java.version: '17.0.11'
Driver info: org.openqa.selenium.chrome.ChromeDriver
Command: [3230c14a2c7b23b3743cfc3d0ce6df69, findElement {value=//span[contains(text(), 'Good')], using=xpath}]
Capabilities {acceptInsecureCerts: true, browserName: chrome, browserVersion: 139.0.7258.128, chrome: {chromedriverVersion: 139.0.7258.138 (884e54ea8d4..., userDataDir: C:\Users\Pramod.C\AppData\L...}, fedcm:accounts: true, goog:chromeOptions: {debuggerAddress: localhost:54542}, networkConnectionEnabled: false, pageLoadStrategy: none, platformName: windows, proxy: Proxy(), se:cdp: ws://localhost:54542/devtoo..., se:cdpVersion: 139.0.7258.128, setWindowRect: true, strictFileInteractability: false, timeouts: {implicit: 0, pageLoad: 300000, script: 30000}, unhandledPromptBehavior: dismiss and notify, webauthn:extension:credBlob: true, webauthn:extension:largeBlob: true, webauthn:extension:minPinLength: true, webauthn:extension:prf: true, webauthn:virtualAuthenticators: true}
Session ID: 3230c14a2c7b23b3743cfc3d0ce6df69
Aug 20, 2025 6:10:15 PM base.LogResults createLogs
INFO: FAIL - Error While Clicking On Employee Attendane Module: no such element: Unable to locate element: {"method":"xpath","selector":"(//p[text()='Attendance'])[1]"}
  (Session info: chrome=139.0.7258.128)
For documentation on this error, please visit: https://www.selenium.dev/documentation/webdriver/troubleshooting/errors#no-such-element-exception
Build info: version: '4.28.0', revision: 'ac342546e9'
System info: os.name: 'Windows 10', os.arch: 'amd64', os.version: '10.0', java.version: '17.0.11'
Driver info: org.openqa.selenium.chrome.ChromeDriver
Command: [3230c14a2c7b23b3743cfc3d0ce6df69, findElement {value=(//p[text()='Attendance'])[1], using=xpath}]
Capabilities {acceptInsecureCerts: true, browserName: chrome, browserVersion: 139.0.7258.128, chrome: {chromedriverVersion: 139.0.7258.138 (884e54ea8d4..., userDataDir: C:\Users\Pramod.C\AppData\L...}, fedcm:accounts: true, goog:chromeOptions: {debuggerAddress: localhost:54542}, networkConnectionEnabled: false, pageLoadStrategy: none, platformName: windows, proxy: Proxy(), se:cdp: ws://localhost:54542/devtoo..., se:cdpVersion: 139.0.7258.128, setWindowRect: true, strictFileInteractability: false, timeouts: {implicit: 0, pageLoad: 300000, script: 30000}, unhandledPromptBehavior: dismiss and notify, webauthn:extension:credBlob: true, webauthn:extension:largeBlob: true, webauthn:extension:minPinLength: true, webauthn:extension:prf: true, webauthn:virtualAuthenticators: true}
Session ID: 3230c14a2c7b23b3743cfc3d0ce6df69
Aug 20, 2025 6:10:32 PM base.LogResults createLogs
INFO: FAIL - Error While Displaying HrAccountAttendanceEmpTab In Attendance Module: no such element: Unable to locate element: {"method":"xpath","selector":"//a[@id='attendancEmployee_tab']"}
  (Session info: chrome=139.0.7258.128)
For documentation on this error, please visit: https://www.selenium.dev/documentation/webdriver/troubleshooting/errors#no-such-element-exception
Build info: version: '4.28.0', revision: 'ac342546e9'
System info: os.name: 'Windows 10', os.arch: 'amd64', os.version: '10.0', java.version: '17.0.11'
Driver info: org.openqa.selenium.chrome.ChromeDriver
Command: [3230c14a2c7b23b3743cfc3d0ce6df69, findElement {value=//a[@id='attendancEmployee_tab'], using=xpath}]
Capabilities {acceptInsecureCerts: true, browserName: chrome, browserVersion: 139.0.7258.128, chrome: {chromedriverVersion: 139.0.7258.138 (884e54ea8d4..., userDataDir: C:\Users\Pramod.C\AppData\L...}, fedcm:accounts: true, goog:chromeOptions: {debuggerAddress: localhost:54542}, networkConnectionEnabled: false, pageLoadStrategy: none, platformName: windows, proxy: Proxy(), se:cdp: ws://localhost:54542/devtoo..., se:cdpVersion: 139.0.7258.128, setWindowRect: true, strictFileInteractability: false, timeouts: {implicit: 0, pageLoad: 300000, script: 30000}, unhandledPromptBehavior: dismiss and notify, webauthn:extension:credBlob: true, webauthn:extension:largeBlob: true, webauthn:extension:minPinLength: true, webauthn:extension:prf: true, webauthn:virtualAuthenticators: true}
Session ID: 3230c14a2c7b23b3743cfc3d0ce6df69
Aug 20, 2025 6:10:44 PM base.LogResults createLogs
INFO: FAIL - Error While Displaying HrAccountRegulationRequestTab In Attendance Module: no such element: Unable to locate element: {"method":"xpath","selector":"//a[@id='regularizationRquest_tab']"}
  (Session info: chrome=139.0.7258.128)
For documentation on this error, please visit: https://www.selenium.dev/documentation/webdriver/troubleshooting/errors#no-such-element-exception
Build info: version: '4.28.0', revision: 'ac342546e9'
System info: os.name: 'Windows 10', os.arch: 'amd64', os.version: '10.0', java.version: '17.0.11'
Driver info: org.openqa.selenium.chrome.ChromeDriver
Command: [3230c14a2c7b23b3743cfc3d0ce6df69, findElement {value=//a[@id='regularizationRquest_tab'], using=xpath}]
Capabilities {acceptInsecureCerts: true, browserName: chrome, browserVersion: 139.0.7258.128, chrome: {chromedriverVersion: 139.0.7258.138 (884e54ea8d4..., userDataDir: C:\Users\Pramod.C\AppData\L...}, fedcm:accounts: true, goog:chromeOptions: {debuggerAddress: localhost:54542}, networkConnectionEnabled: false, pageLoadStrategy: none, platformName: windows, proxy: Proxy(), se:cdp: ws://localhost:54542/devtoo..., se:cdpVersion: 139.0.7258.128, setWindowRect: true, strictFileInteractability: false, timeouts: {implicit: 0, pageLoad: 300000, script: 30000}, unhandledPromptBehavior: dismiss and notify, webauthn:extension:credBlob: true, webauthn:extension:largeBlob: true, webauthn:extension:minPinLength: true, webauthn:extension:prf: true, webauthn:virtualAuthenticators: true}
Session ID: 3230c14a2c7b23b3743cfc3d0ce6df69
Aug 20, 2025 6:10:51 PM base.LogResults createLogs
INFO: PASS - HrAccountOTRequestTab Displayed Successfully In HR Account: 
Aug 20, 2025 6:10:53 PM base.LogResults createLogs
INFO: PASS - HrAccountShiftRequestTab Displayed Successfully In HR Account: 
Aug 20, 2025 6:10:56 PM base.LogResults createLogs
INFO: PASS - HrAccountWeekOffRequestTab Displayed Successfully In HR Account: 
Aug 20, 2025 6:10:58 PM base.LogResults createLogs
INFO: PASS - HrAccountAttendanceReprocessTab Displayed Successfully In HR Account: 
Aug 20, 2025 6:10:58 PM base.LogResults onlyLog
INFO: Failed - MeghMasterRolePermissionTest-MPI_284_RolePermission_19-Assign the HR role to the user and ensure that the user can access the following features: Employee, Regularization Request, Overtime Request, Shift Request, WeekOff Request, and Attendance ReProcess.
---------------------------------------------------------------
MeghMasterRolePermissionTestMPI_284_RolePermission_19
Aug 20, 2025 6:10:58 PM base.LogResults onlyLog
INFO: Total Pass : 0 Total Fail : 1  Total TC : 1
---------------------------------------------------------------
Test case took: 490.5897 seconds
Total TC Time: 00:08:10

===============================================
Suite
Total tests run: 1, Passes: 1, Failures: 0, Skips: 0
===============================================

