>> Console logging redirected to data/console.log
Continuing with Existing Master Data due to threshold value:140725-140725-ThreSld->3
Launching Driver...
SLF4J(W): No SLF4J providers were found.
SLF4J(W): Defaulting to no-operation (NOP) logger implementation
SLF4J(W): See https://www.slf4j.org/codes.html#noProviders for further details.
Jul 14, 2025 1:54:51 PM org.openqa.selenium.devtools.CdpVersionFinder findNearestMatch
WARNING: Unable to find an exact match for CDP version 138, returning the closest version; found: 137; Please update to a Selenium version that supports CDP version 138
Jul 14, 2025 1:54:52 PM base.LogResults createLogs
INFO: PASS - Application Loaded Successfully: 
Jul 14, 2025 1:54:57 PM base.LogResults createLogs
INFO: PASS - Company Code Entered in Text Box: AGIB
Jul 14, 2025 1:54:57 PM base.LogResults createLogs
INFO: PASS - Login With Password Button Is Clicked: 
Jul 14, 2025 1:55:01 PM base.LogResults createLogs
INFO: PASS - Sign in Text Is Displayed: 
Jul 14, 2025 1:55:01 PM base.LogResults createLogs
INFO: PASS - Username Is Entered In Username Text Field: AutoE140725101157@mailinator.com
Jul 14, 2025 1:55:01 PM base.LogResults createLogs
INFO: PASS - Password Is Entered In Password Text Field: Pramod@1234
Jul 14, 2025 1:55:02 PM base.LogResults createLogs
INFO: PASS - Captcha Entered On Captcha Text Field: 12345
Jul 14, 2025 1:55:02 PM base.LogResults createLogs
INFO: PASS - Clicked On Login Button: 
Jul 14, 2025 1:55:04 PM base.LogResults createLogs
INFO: PASS - login Validated Successfully: 
Jul 14, 2025 1:55:09 PM base.LogResults createLogs
INFO: PASS - PolicyIcon Clicked Successfully: 
Jul 14, 2025 1:55:09 PM base.LogResults createLogs
INFO: PASS - PolicyMaster Loaded Successfully: 
Jul 14, 2025 1:55:09 PM base.LogResults createLogs
INFO: PASS - AttendancePolicy Clicked Successfully : 
Jul 14, 2025 1:55:10 PM base.LogResults createLogs
INFO: PASS - AttendancePolicy Page Loaded Successfully : 
Jul 14, 2025 1:55:11 PM base.LogResults createLogs
INFO: PASS - AddAttendancePolicyButton Clicked Successfully : 
Jul 14, 2025 1:55:11 PM base.LogResults createLogs
INFO: PASS - AttendancePolicy Name Entered Successfully : AutoAPN140725101157CEVZ
Jul 14, 2025 1:55:22 PM base.LogResults createLogs
INFO: FAIL - Error While Clicking On EnableGracePeriod Button : no such element: Unable to locate element: {"method":"xpath","selector":"//label[text()='visible Grace Period']"}
  (Session info: chrome=138.0.7204.101)
For documentation on this error, please visit: https://www.selenium.dev/documentation/webdriver/troubleshooting/errors#no-such-element-exception
Build info: version: '4.34.0', revision: '707dcb4246*'
System info: os.name: 'Windows 10', os.arch: 'amd64', os.version: '10.0', java.version: '17.0.11'
Driver info: org.openqa.selenium.chrome.ChromeDriver
Command: [7183773aedf21d601cdda9701ae8c247, findElement {using=xpath, value=//label[text()='visible Grace Period']}]
Capabilities {acceptInsecureCerts: true, browserName: chrome, browserVersion: 138.0.7204.101, chrome: {chromedriverVersion: 138.0.7204.94 (545025748884..., userDataDir: C:\Users\Pramod.C\AppData\L...}, fedcm:accounts: true, goog:chromeOptions: {debuggerAddress: localhost:59288}, networkConnectionEnabled: false, pageLoadStrategy: none, platformName: windows, proxy: Proxy(), se:cdp: ws://localhost:59288/devtoo..., se:cdpVersion: 138.0.7204.101, setWindowRect: true, strictFileInteractability: false, timeouts: {implicit: 0, pageLoad: 300000, script: 30000}, unhandledPromptBehavior: dismiss and notify, webauthn:extension:credBlob: true, webauthn:extension:largeBlob: true, webauthn:extension:minPinLength: true, webauthn:extension:prf: true, webauthn:virtualAuthenticators: true}
Session ID: 7183773aedf21d601cdda9701ae8c247
Jul 14, 2025 1:55:32 PM base.LogResults createLogs
INFO: FAIL - Error While Clicking On EarlyClockOut CheckBox : element not interactable
  (Session info: chrome=138.0.7204.101)
Build info: version: '4.34.0', revision: '707dcb4246*'
System info: os.name: 'Windows 10', os.arch: 'amd64', os.version: '10.0', java.version: '17.0.11'
Driver info: org.openqa.selenium.chrome.ChromeDriver
Command: [7183773aedf21d601cdda9701ae8c247, clickElement {id=f.CC142B07C526B798E0460412E184FF15.d.9273CD7B24F4AA04C2A85763125A31CB.e.964}]
Capabilities {acceptInsecureCerts: true, browserName: chrome, browserVersion: 138.0.7204.101, chrome: {chromedriverVersion: 138.0.7204.94 (545025748884..., userDataDir: C:\Users\Pramod.C\AppData\L...}, fedcm:accounts: true, goog:chromeOptions: {debuggerAddress: localhost:59288}, networkConnectionEnabled: false, pageLoadStrategy: none, platformName: windows, proxy: Proxy(), se:cdp: ws://localhost:59288/devtoo..., se:cdpVersion: 138.0.7204.101, setWindowRect: true, strictFileInteractability: false, timeouts: {implicit: 0, pageLoad: 300000, script: 30000}, unhandledPromptBehavior: dismiss and notify, webauthn:extension:credBlob: true, webauthn:extension:largeBlob: true, webauthn:extension:minPinLength: true, webauthn:extension:prf: true, webauthn:virtualAuthenticators: true}
Element: [[ChromeDriver: chrome on windows (7183773aedf21d601cdda9701ae8c247)] -> xpath: //label[text()='Early Clock-out']]
Session ID: 7183773aedf21d601cdda9701ae8c247
Jul 14, 2025 1:55:43 PM base.LogResults createLogs
INFO: FAIL - Error While Clicking On GraceHours TextField : element not interactable
  (Session info: chrome=138.0.7204.101)
Build info: version: '4.34.0', revision: '707dcb4246*'
System info: os.name: 'Windows 10', os.arch: 'amd64', os.version: '10.0', java.version: '17.0.11'
Driver info: org.openqa.selenium.chrome.ChromeDriver
Command: [7183773aedf21d601cdda9701ae8c247, clickElement {id=f.CC142B07C526B798E0460412E184FF15.d.9273CD7B24F4AA04C2A85763125A31CB.e.862}]
Capabilities {acceptInsecureCerts: true, browserName: chrome, browserVersion: 138.0.7204.101, chrome: {chromedriverVersion: 138.0.7204.94 (545025748884..., userDataDir: C:\Users\Pramod.C\AppData\L...}, fedcm:accounts: true, goog:chromeOptions: {debuggerAddress: localhost:59288}, networkConnectionEnabled: false, pageLoadStrategy: none, platformName: windows, proxy: Proxy(), se:cdp: ws://localhost:59288/devtoo..., se:cdpVersion: 138.0.7204.101, setWindowRect: true, strictFileInteractability: false, timeouts: {implicit: 0, pageLoad: 300000, script: 30000}, unhandledPromptBehavior: dismiss and notify, webauthn:extension:credBlob: true, webauthn:extension:largeBlob: true, webauthn:extension:minPinLength: true, webauthn:extension:prf: true, webauthn:virtualAuthenticators: true}
Element: [[ChromeDriver: chrome on windows (7183773aedf21d601cdda9701ae8c247)] -> xpath: //input[@id='GraceHours']]
Session ID: 7183773aedf21d601cdda9701ae8c247
Jul 14, 2025 1:55:53 PM base.LogResults createLogs
INFO: FAIL - Error While Inputting GraceHours : invalid element state
  (Session info: chrome=138.0.7204.101)
Build info: version: '4.34.0', revision: '707dcb4246*'
System info: os.name: 'Windows 10', os.arch: 'amd64', os.version: '10.0', java.version: '17.0.11'
Driver info: org.openqa.selenium.chrome.ChromeDriver
Command: [7183773aedf21d601cdda9701ae8c247, clearElement {id=f.CC142B07C526B798E0460412E184FF15.d.9273CD7B24F4AA04C2A85763125A31CB.e.862}]
Capabilities {acceptInsecureCerts: true, browserName: chrome, browserVersion: 138.0.7204.101, chrome: {chromedriverVersion: 138.0.7204.94 (545025748884..., userDataDir: C:\Users\Pramod.C\AppData\L...}, fedcm:accounts: true, goog:chromeOptions: {debuggerAddress: localhost:59288}, networkConnectionEnabled: false, pageLoadStrategy: none, platformName: windows, proxy: Proxy(), se:cdp: ws://localhost:59288/devtoo..., se:cdpVersion: 138.0.7204.101, setWindowRect: true, strictFileInteractability: false, timeouts: {implicit: 0, pageLoad: 300000, script: 30000}, unhandledPromptBehavior: dismiss and notify, webauthn:extension:credBlob: true, webauthn:extension:largeBlob: true, webauthn:extension:minPinLength: true, webauthn:extension:prf: true, webauthn:virtualAuthenticators: true}
Element: [[ChromeDriver: chrome on windows (7183773aedf21d601cdda9701ae8c247)] -> xpath: //input[@id='GraceHours']]
Session ID: 7183773aedf21d601cdda9701ae8c247
Jul 14, 2025 1:56:04 PM base.LogResults createLogs
INFO: FAIL - Error While Clicking On GraceTimeApply Button : element not interactable
  (Session info: chrome=138.0.7204.101)
Build info: version: '4.34.0', revision: '707dcb4246*'
System info: os.name: 'Windows 10', os.arch: 'amd64', os.version: '10.0', java.version: '17.0.11'
Driver info: org.openqa.selenium.chrome.ChromeDriver
Command: [7183773aedf21d601cdda9701ae8c247, clickElement {id=f.CC142B07C526B798E0460412E184FF15.d.9273CD7B24F4AA04C2A85763125A31CB.e.1839}]
Capabilities {acceptInsecureCerts: true, browserName: chrome, browserVersion: 138.0.7204.101, chrome: {chromedriverVersion: 138.0.7204.94 (545025748884..., userDataDir: C:\Users\Pramod.C\AppData\L...}, fedcm:accounts: true, goog:chromeOptions: {debuggerAddress: localhost:59288}, networkConnectionEnabled: false, pageLoadStrategy: none, platformName: windows, proxy: Proxy(), se:cdp: ws://localhost:59288/devtoo..., se:cdpVersion: 138.0.7204.101, setWindowRect: true, strictFileInteractability: false, timeouts: {implicit: 0, pageLoad: 300000, script: 30000}, unhandledPromptBehavior: dismiss and notify, webauthn:extension:credBlob: true, webauthn:extension:largeBlob: true, webauthn:extension:minPinLength: true, webauthn:extension:prf: true, webauthn:virtualAuthenticators: true}
Element: [[ChromeDriver: chrome on windows (7183773aedf21d601cdda9701ae8c247)] -> xpath: //button[@id='btnGraceApply']]
Session ID: 7183773aedf21d601cdda9701ae8c247
Jul 14, 2025 1:56:04 PM base.LogResults createLogs
INFO: FAIL - Skipping rest steps as error count reached configured value : 5
Jul 14, 2025 1:56:04 PM base.LogResults onlyLog
INFO: Failed - MeghAttendancePolicyTest-MPI_435_Attendance_Policy_02-To verify this, click on 'Add Attendance Policy', enter the policy name, and click on 'Create Policy'. In the popup, select 'No' when asked 'Do you want to change attendance policy in Employee Profile based on current policy employee criteria?', and ensure that the new policy is created and no one employees are assigned to it
---------------------------------------------------------------
MeghAttendancePolicyTestMPI_435_Attendance_Policy_02
Jul 14, 2025 1:56:04 PM base.LogResults onlyLog
INFO: Total Pass : 0 Total Fail : 1  Total TC : 1
---------------------------------------------------------------
Test case took: 72.8263 seconds
Total TC Time: 00:01:12

===============================================
Suite
Total tests run: 1, Passes: 0, Failures: 0, Skips: 1
===============================================

