>> Console logging redirected to data/console.log
Launching Driver...
SLF4J(W): No SLF4J providers were found.
SLF4J(W): Defaulting to no-operation (NOP) logger implementation
SLF4J(W): See https://www.slf4j.org/codes.html#noProviders for further details.
Aug 22, 2025 4:11:31 PM org.openqa.selenium.devtools.CdpVersionFinder findNearestMatch
WARNING: Unable to find an exact match for CDP version 139, returning the closest version; found: 137; Please update to a Selenium version that supports CDP version 139
(1386, 788)
Aug 22, 2025 4:11:35 PM base.LogResults createLogs
INFO: PASS - Application Loaded Successfully: 
Aug 22, 2025 4:11:41 PM base.LogResults createLogs
INFO: PASS - Company Code Entered in Text Box: ADKK
Aug 22, 2025 4:11:44 PM base.LogResults createLogs
INFO: PASS - Login With Password Button Is Clicked: 
Aug 22, 2025 4:11:50 PM base.LogResults createLogs
INFO: PASS - Sign in Text Is Displayed: 
Aug 22, 2025 4:11:52 PM base.LogResults createLogs
INFO: PASS - Username Is Entered In Username Text Field: AutoEID9779
Aug 22, 2025 4:11:54 PM base.LogResults createLogs
INFO: PASS - Password Is Entered In Password Text Field: AutoEID9779
Aug 22, 2025 4:11:56 PM base.LogResults createLogs
INFO: PASS - Captcha Entered On Captcha Text Field: 12345
Aug 22, 2025 4:11:59 PM base.LogResults createLogs
INFO: PASS - Clicked On Login Button: 
Aug 22, 2025 4:12:01 PM base.LogResults createLogs
INFO: PASS - Login Done  And Validated Successfully: 
Aug 22, 2025 4:12:03 PM base.LogResults createLogs
INFO: PASS - Login Done Successfully: 
Aug 22, 2025 4:12:05 PM base.LogResults createLogs
INFO: PASS - Leave Button Clicked Successfully Of Employee Account: 
Aug 22, 2025 4:12:10 PM base.LogResults createLogs
INFO: PASS -  EmpLeaveRequestsTab Clicked Successfully Of Employee Account: 
Aug 22, 2025 4:12:14 PM base.LogResults createLogs
INFO: PASS -  Apply Leave Button Clicked Successfully Of Employee Account: 
Aug 22, 2025 4:12:16 PM base.LogResults createLogs
INFO: PASS -  LeaveTypeDropdown Clicked Successfully Of Employee Account: 
Aug 22, 2025 4:12:19 PM base.LogResults createLogs
INFO: PASS -  Casual Selected  Successfully: 
Aug 22, 2025 4:12:21 PM base.LogResults createLogs
INFO: PASS -  FromDateTextField Clicked Successfully : 
Aug 22, 2025 4:12:26 PM base.LogResults createLogs
INFO: PASS -  FromDate Inputted Successfully : 
Aug 22, 2025 4:12:32 PM base.LogResults createLogs
INFO: PASS -  LeaveDurationOne Clicked Successfully Of Employee Account: 
Aug 22, 2025 4:12:35 PM base.LogResults createLogs
INFO: PASS -  FullDay DurationOne Selected  Successfully: 
Aug 22, 2025 4:12:37 PM base.LogResults createLogs
INFO: PASS -  ToDateTextField Clicked Successfully : 
Aug 22, 2025 4:12:42 PM base.LogResults createLogs
INFO: PASS -  ToDate Selected Inputted Successfully : 
Aug 22, 2025 4:12:44 PM base.LogResults createLogs
INFO: PASS -  LeaveDurationTwo Clicked Successfully Of Employee Account: 
Aug 22, 2025 4:12:47 PM base.LogResults createLogs
INFO: PASS -  FullDayDurationTwo Clicked Successfully Of Employee Account: 
Aug 22, 2025 4:12:49 PM base.LogResults createLogs
INFO: PASS -  Reason Inputted  Successfully Of Employee Account: Test
Aug 22, 2025 4:12:51 PM base.LogResults createLogs
INFO: PASS - Leave Request Apply Button Clicked  Successfully Of Employee Account: 
Aug 22, 2025 4:12:57 PM base.LogResults createLogs
INFO: PASS - Leave Request Page 100 Per Page Selected  Successfully Of Employee Account: 
Aug 22, 2025 4:13:03 PM base.LogResults createLogs
INFO: PASS -  Leave Name Inputted  Successfully : Casual Leave
Aug 22, 2025 4:13:06 PM base.LogResults createLogs
INFO: PASS -  Revoke Button Clicked  Successfully : 2025-08-08
Aug 22, 2025 4:13:11 PM base.LogResults createLogs
INFO: PASS -  RevokeButton Clicked Successfully Of Employee Account: 
Aug 22, 2025 4:13:16 PM base.LogResults createLogs
INFO: PASS - Leave Request Page 100 Per Page Selected  Successfully Of Employee Account: 
Aug 22, 2025 4:13:23 PM base.LogResults createLogs
INFO: PASS -  Leave Name Inputted  Successfully : Casual Leave
Aug 22, 2025 4:13:25 PM base.LogResults createLogs
INFO: PASS -  Applied Leave Validated  Successfully : Casual Leave2025-08-08Revoked
Aug 22, 2025 4:13:31 PM base.LogResults createLogs
INFO: PASS - Admin Manage Button Clicked Successfully: 
Aug 22, 2025 4:13:34 PM base.LogResults createLogs
INFO: PASS - Admin Logout Button Clicked Successfully: 
Aug 22, 2025 4:13:36 PM base.LogResults createLogs
INFO: PASS -  Application loaded successfully.
Aug 22, 2025 4:13:42 PM base.LogResults createLogs
INFO: PASS -  Company code entered successfully.ADKK
Aug 22, 2025 4:13:45 PM base.LogResults createLogs
INFO: PASS - Clicked On 'Login with Password' successfully.
Aug 22, 2025 4:13:51 PM base.LogResults createLogs
INFO: PASS -  Sign-in section appeared.
Aug 22, 2025 4:13:53 PM base.LogResults createLogs
INFO: PASS -  Email Id entered.AutoE210825171640@mailinator.com
Aug 22, 2025 4:13:55 PM base.LogResults createLogs
INFO: PASS -  Password entered.Pramod@1234
Aug 22, 2025 4:13:58 PM base.LogResults createLogs
INFO: PASS -  Captcha entered.12345
Aug 22, 2025 4:14:00 PM base.LogResults createLogs
INFO: PASS -  Sign-in button clicked.
Aug 22, 2025 4:14:02 PM base.LogResults createLogs
INFO: PASS -  Login validated successfully And Good Text Is Displayed.
Aug 22, 2025 4:14:04 PM base.LogResults createLogs
INFO: PASS - Login Done Successfully: 
Aug 22, 2025 4:14:07 PM base.LogResults createLogs
INFO: PASS - Leave Button Clicked Successfully Of HR Account: 
Aug 22, 2025 4:14:11 PM base.LogResults createLogs
INFO: PASS -  EmpLeaveRequestsTab Clicked Successfully Of HR Account: 
Aug 22, 2025 4:14:15 PM base.LogResults createLogs
INFO: PASS - Clicked On SearchDropDown Successfully: 
Aug 22, 2025 4:14:28 PM base.LogResults createLogs
INFO: PASS -  Leave Type Option Selected  Successfully : Casual Leave
Aug 22, 2025 4:14:30 PM base.LogResults createLogs
INFO: PASS - Clicked On SearchDropDown Successfully: 
Aug 22, 2025 4:14:35 PM base.LogResults createLogs
INFO: PASS - Leave Request Page 100 Per Page Selected  Successfully : 
Aug 22, 2025 4:14:42 PM base.LogResults createLogs
INFO: PASS -  Leave Name Inputted  Successfully : Casual Leave
Aug 22, 2025 4:14:44 PM base.LogResults createLogs
INFO: PASS -  Applied Leave Validated  Successfully : Casual Leave2025-08-08Revoked
Aug 22, 2025 4:14:44 PM base.LogResults onlyLog
INFO: Passed - MeghLeaveTest-MPI_852_Leave_28-To verify this, revoke the leave request and ensure status is updated as "revoked" on both emp and admin side
---------------------------------------------------------------
MeghLeaveTestMPI_852_Leave_28
Aug 22, 2025 4:14:44 PM base.LogResults onlyLog
INFO: Total Pass : 1 Total Fail : 0  Total TC : 1
---------------------------------------------------------------
Test case took: 192.2461 seconds
Total TC Time: 00:03:12
Launching Driver...
Aug 22, 2025 4:14:46 PM org.openqa.selenium.devtools.CdpVersionFinder findNearestMatch
WARNING: Unable to find an exact match for CDP version 139, returning the closest version; found: 137; Please update to a Selenium version that supports CDP version 139
(1386, 788)
Aug 22, 2025 4:14:50 PM base.LogResults createLogs
INFO: PASS - Application Loaded Successfully: 
Aug 22, 2025 4:14:56 PM base.LogResults createLogs
INFO: PASS - Company Code Entered in Text Box: ADKK
Aug 22, 2025 4:14:58 PM base.LogResults createLogs
INFO: PASS - Login With Password Button Is Clicked: 
Aug 22, 2025 4:15:05 PM base.LogResults createLogs
INFO: PASS - Sign in Text Is Displayed: 
Aug 22, 2025 4:15:07 PM base.LogResults createLogs
INFO: PASS - Username Is Entered In Username Text Field: AutoEID9779
Aug 22, 2025 4:15:09 PM base.LogResults createLogs
INFO: PASS - Password Is Entered In Password Text Field: AutoEID9779
Aug 22, 2025 4:15:11 PM base.LogResults createLogs
INFO: PASS - Captcha Entered On Captcha Text Field: 12345
Aug 22, 2025 4:15:14 PM base.LogResults createLogs
INFO: PASS - Clicked On Login Button: 
Aug 22, 2025 4:15:16 PM base.LogResults createLogs
INFO: PASS - Login Done  And Validated Successfully: 
Aug 22, 2025 4:15:18 PM base.LogResults createLogs
INFO: PASS - Login Done Successfully: 
Aug 22, 2025 4:15:20 PM base.LogResults createLogs
INFO: PASS - Leave Button Clicked Successfully Of Employee Account: 
Aug 22, 2025 4:15:25 PM base.LogResults createLogs
INFO: PASS -  EmpLeaveRequestsTab Clicked Successfully Of Employee Account: 
Aug 22, 2025 4:15:29 PM base.LogResults createLogs
INFO: PASS -  Apply Leave Button Clicked Successfully Of Employee Account: 
Aug 22, 2025 4:15:31 PM base.LogResults createLogs
INFO: PASS -  LeaveTypeDropdown Clicked Successfully Of Employee Account: 
Aug 22, 2025 4:15:33 PM base.LogResults createLogs
INFO: PASS -  SickLeave Selected  Successfully: 
Aug 22, 2025 4:15:36 PM base.LogResults createLogs
INFO: PASS -  FromDateTextField Clicked Successfully : 
Aug 22, 2025 4:15:41 PM base.LogResults createLogs
INFO: PASS -  FromDate Inputted Successfully : 
Aug 22, 2025 4:15:47 PM base.LogResults createLogs
INFO: PASS -  LeaveDurationOne Clicked Successfully Of Employee Account: 
Aug 22, 2025 4:15:49 PM base.LogResults createLogs
INFO: PASS -  FullDay DurationOne Selected  Successfully: 
Aug 22, 2025 4:15:52 PM base.LogResults createLogs
INFO: PASS -  ToDateTextField Clicked Successfully : 
Aug 22, 2025 4:15:57 PM base.LogResults createLogs
INFO: PASS -  ToDate Selected Inputted Successfully : 
Aug 22, 2025 4:15:59 PM base.LogResults createLogs
INFO: PASS -  LeaveDurationTwo Clicked Successfully Of Employee Account: 
Aug 22, 2025 4:16:01 PM base.LogResults createLogs
INFO: PASS -  FullDayDurationTwo Clicked Successfully Of Employee Account: 
Aug 22, 2025 4:16:04 PM base.LogResults createLogs
INFO: PASS -  Reason Inputted  Successfully Of Employee Account: Test
Aug 22, 2025 4:16:06 PM base.LogResults createLogs
INFO: PASS - Leave Request Apply Button Clicked  Successfully Of Employee Account: 
Aug 22, 2025 4:16:12 PM base.LogResults createLogs
INFO: PASS - Admin Manage Button Clicked Successfully: 
Aug 22, 2025 4:16:15 PM base.LogResults createLogs
INFO: PASS - Admin Logout Button Clicked Successfully: 
Aug 22, 2025 4:16:17 PM base.LogResults createLogs
INFO: PASS -  Application loaded successfully.
Aug 22, 2025 4:16:23 PM base.LogResults createLogs
INFO: PASS -  Company code entered successfully.ADKK
Aug 22, 2025 4:16:25 PM base.LogResults createLogs
INFO: PASS - Clicked On 'Login with Password' successfully.
Aug 22, 2025 4:16:32 PM base.LogResults createLogs
INFO: PASS -  Sign-in section appeared.
Aug 22, 2025 4:16:34 PM base.LogResults createLogs
INFO: PASS -  Email Id entered.AutoE210825171640@mailinator.com
Aug 22, 2025 4:16:36 PM base.LogResults createLogs
INFO: PASS -  Password entered.Pramod@1234
Aug 22, 2025 4:16:38 PM base.LogResults createLogs
INFO: PASS -  Captcha entered.12345
Aug 22, 2025 4:16:41 PM base.LogResults createLogs
INFO: PASS -  Sign-in button clicked.
Aug 22, 2025 4:16:43 PM base.LogResults createLogs
INFO: PASS -  Login validated successfully And Good Text Is Displayed.
Aug 22, 2025 4:16:45 PM base.LogResults createLogs
INFO: PASS - Login Done Successfully: 
Aug 22, 2025 4:16:48 PM base.LogResults createLogs
INFO: PASS - Leave Button Clicked Successfully Of HR Account: 
Aug 22, 2025 4:16:52 PM base.LogResults createLogs
INFO: PASS -  EmpLeaveRequestsTab Clicked Successfully Of HR Account: 
Aug 22, 2025 4:16:56 PM base.LogResults createLogs
INFO: PASS - Clicked On SearchDropDown Successfully: 
Aug 22, 2025 4:17:09 PM base.LogResults createLogs
INFO: PASS -  Leave Type Option Selected  Successfully : Sick Leave
Aug 22, 2025 4:17:11 PM base.LogResults createLogs
INFO: PASS - Clicked On SearchDropDown Successfully: 
Aug 22, 2025 4:17:16 PM base.LogResults createLogs
INFO: PASS - Leave Request Page 100 Per Page Selected  Successfully : 
Aug 22, 2025 4:17:23 PM base.LogResults createLogs
INFO: PASS -  Leave Name Inputted  Successfully : Sick Leave
Aug 22, 2025 4:17:26 PM base.LogResults createLogs
INFO: PASS -  Leave Rejected   Successfully : Sick Leave
Aug 22, 2025 4:17:32 PM base.LogResults createLogs
INFO: PASS -  Leave Rejection Reason Inputted  Successfully : Test
Aug 22, 2025 4:17:34 PM base.LogResults createLogs
INFO: PASS -  Leave Rejection  Button Clicked  Successfully : Test
Aug 22, 2025 4:17:36 PM base.LogResults createLogs
INFO: PASS - Clicked On SearchDropDown Successfully: 
Aug 22, 2025 4:17:49 PM base.LogResults createLogs
INFO: PASS -  Leave Type Option Selected  Successfully : Sick Leave
Aug 22, 2025 4:17:51 PM base.LogResults createLogs
INFO: PASS - Clicked On SearchDropDown Successfully: 
Aug 22, 2025 4:17:57 PM base.LogResults createLogs
INFO: PASS -  Leave Name Inputted  Successfully : Sick Leave
Aug 22, 2025 4:18:00 PM base.LogResults createLogs
INFO: PASS -  Applied Leave Validated  Successfully : Sick Leave2025-08-04Rejected
Aug 22, 2025 4:18:06 PM base.LogResults createLogs
INFO: PASS - Admin Manage Button Clicked Successfully: 
Aug 22, 2025 4:18:09 PM base.LogResults createLogs
INFO: PASS - Admin Logout Button Clicked Successfully: 
Aug 22, 2025 4:18:11 PM base.LogResults createLogs
INFO: PASS - Application Loaded Successfully: 
Aug 22, 2025 4:18:17 PM base.LogResults createLogs
INFO: PASS - Company Code Entered in Text Box: ADKK
Aug 22, 2025 4:18:19 PM base.LogResults createLogs
INFO: PASS - Login With Password Button Is Clicked: 
Aug 22, 2025 4:18:25 PM base.LogResults createLogs
INFO: PASS - Sign in Text Is Displayed: 
Aug 22, 2025 4:18:28 PM base.LogResults createLogs
INFO: PASS - Username Is Entered In Username Text Field: AutoEID9779
Aug 22, 2025 4:18:30 PM base.LogResults createLogs
INFO: PASS - Password Is Entered In Password Text Field: AutoEID9779
Aug 22, 2025 4:18:32 PM base.LogResults createLogs
INFO: PASS - Captcha Entered On Captcha Text Field: 12345
Aug 22, 2025 4:18:34 PM base.LogResults createLogs
INFO: PASS - Clicked On Login Button: 
Aug 22, 2025 4:18:37 PM base.LogResults createLogs
INFO: PASS - Login Done  And Validated Successfully: 
Aug 22, 2025 4:18:39 PM base.LogResults createLogs
INFO: PASS - Login Done Successfully: 
Aug 22, 2025 4:18:41 PM base.LogResults createLogs
INFO: PASS - Leave Button Clicked Successfully Of Employee Account: 
Aug 22, 2025 4:18:45 PM base.LogResults createLogs
INFO: PASS -  EmpLeaveRequestsTab Clicked Successfully Of Employee Account: 
Aug 22, 2025 4:18:53 PM base.LogResults createLogs
INFO: PASS - Leave Request Page 100 Per Page Selected  Successfully : 
Aug 22, 2025 4:18:59 PM base.LogResults createLogs
INFO: PASS -  Leave Name Inputted  Successfully : Sick Leave
Aug 22, 2025 4:19:01 PM base.LogResults createLogs
INFO: PASS -  Applied Leave Validated  Successfully : Sick Leave2025-08-04Rejected
Aug 22, 2025 4:19:01 PM base.LogResults onlyLog
INFO: Passed - MeghLeaveTest-MPI_851_Leave_27-To verify this, reject employee's leave request and check the status is  "rejected" 
---------------------------------------------------------------
MeghLeaveTestMPI_851_Leave_27
Aug 22, 2025 4:19:01 PM base.LogResults onlyLog
INFO: Total Pass : 2 Total Fail : 0  Total TC : 2
---------------------------------------------------------------
Test case took: 254.7347 seconds
Total TC Time: 00:07:26
Launching Driver...
Aug 22, 2025 4:19:03 PM org.openqa.selenium.devtools.CdpVersionFinder findNearestMatch
WARNING: Unable to find an exact match for CDP version 139, returning the closest version; found: 137; Please update to a Selenium version that supports CDP version 139
(1386, 788)
Aug 22, 2025 4:19:07 PM base.LogResults createLogs
INFO: PASS - Application Loaded Successfully: 
Aug 22, 2025 4:19:13 PM base.LogResults createLogs
INFO: PASS - Company Code Entered in Text Box: ADKK
Aug 22, 2025 4:19:16 PM base.LogResults createLogs
INFO: PASS - Login With Password Button Is Clicked: 
Aug 22, 2025 4:19:22 PM base.LogResults createLogs
INFO: PASS - Sign in Text Is Displayed: 
Aug 22, 2025 4:19:24 PM base.LogResults createLogs
INFO: PASS - Username Is Entered In Username Text Field: AutoEID9779
Aug 22, 2025 4:19:26 PM base.LogResults createLogs
INFO: PASS - Password Is Entered In Password Text Field: AutoEID9779
Aug 22, 2025 4:19:29 PM base.LogResults createLogs
INFO: PASS - Captcha Entered On Captcha Text Field: 12345
Aug 22, 2025 4:19:31 PM base.LogResults createLogs
INFO: PASS - Clicked On Login Button: 
Aug 22, 2025 4:19:33 PM base.LogResults createLogs
INFO: PASS - Login Done  And Validated Successfully: 
Aug 22, 2025 4:19:35 PM base.LogResults createLogs
INFO: PASS - Login Done Successfully: 
Aug 22, 2025 4:19:38 PM base.LogResults createLogs
INFO: PASS - Leave Button Clicked Successfully Of Employee Account: 
Aug 22, 2025 4:19:42 PM base.LogResults createLogs
INFO: PASS -  EmpLeaveRequestsTab Clicked Successfully Of Employee Account: 
Aug 22, 2025 4:19:46 PM base.LogResults createLogs
INFO: PASS -  Apply Leave Button Clicked Successfully Of Employee Account: 
Aug 22, 2025 4:19:49 PM base.LogResults createLogs
INFO: PASS -  LeaveTypeDropdown Clicked Successfully Of Employee Account: 
Aug 22, 2025 4:19:51 PM base.LogResults createLogs
INFO: PASS -  SickLeave Selected  Successfully: 
Aug 22, 2025 4:19:53 PM base.LogResults createLogs
INFO: PASS -  FromDateTextField Clicked Successfully : 
Aug 22, 2025 4:19:58 PM base.LogResults createLogs
INFO: PASS -  FromDate Inputted Successfully : 
Aug 22, 2025 4:20:05 PM base.LogResults createLogs
INFO: PASS -  LeaveDurationOne Clicked Successfully Of Employee Account: 
Aug 22, 2025 4:20:07 PM base.LogResults createLogs
INFO: PASS -  FullDay DurationOne Selected  Successfully: 
Aug 22, 2025 4:20:09 PM base.LogResults createLogs
INFO: PASS -  ToDateTextField Clicked Successfully : 
Aug 22, 2025 4:20:14 PM base.LogResults createLogs
INFO: PASS -  ToDate Selected Inputted Successfully : 
Aug 22, 2025 4:20:17 PM base.LogResults createLogs
INFO: PASS -  LeaveDurationTwo Clicked Successfully Of Employee Account: 
Aug 22, 2025 4:20:19 PM base.LogResults createLogs
INFO: PASS -  FullDayDurationTwo Clicked Successfully Of Employee Account: 
Aug 22, 2025 4:20:21 PM base.LogResults createLogs
INFO: PASS -  Reason Inputted  Successfully Of Employee Account: Test
Aug 22, 2025 4:20:23 PM base.LogResults createLogs
INFO: PASS - Leave Request Apply Button Clicked  Successfully Of Employee Account: 
Aug 22, 2025 4:20:30 PM base.LogResults createLogs
INFO: PASS - Admin Manage Button Clicked Successfully: 
Aug 22, 2025 4:20:32 PM base.LogResults createLogs
INFO: PASS - Admin Logout Button Clicked Successfully: 
Aug 22, 2025 4:20:34 PM base.LogResults createLogs
INFO: PASS -  Application loaded successfully.
Aug 22, 2025 4:20:41 PM base.LogResults createLogs
INFO: PASS -  Company code entered successfully.ADKK
Aug 22, 2025 4:20:43 PM base.LogResults createLogs
INFO: PASS - Clicked On 'Login with Password' successfully.
Aug 22, 2025 4:20:49 PM base.LogResults createLogs
INFO: PASS -  Sign-in section appeared.
Aug 22, 2025 4:20:51 PM base.LogResults createLogs
INFO: PASS -  Email Id entered.AutoE210825171640@mailinator.com
Aug 22, 2025 4:20:54 PM base.LogResults createLogs
INFO: PASS -  Password entered.Pramod@1234
Aug 22, 2025 4:20:56 PM base.LogResults createLogs
INFO: PASS -  Captcha entered.12345
Aug 22, 2025 4:20:58 PM base.LogResults createLogs
INFO: PASS -  Sign-in button clicked.
Aug 22, 2025 4:21:00 PM base.LogResults createLogs
INFO: PASS -  Login validated successfully And Good Text Is Displayed.
Aug 22, 2025 4:21:02 PM base.LogResults createLogs
INFO: PASS - Login Done Successfully: 
Aug 22, 2025 4:21:05 PM base.LogResults createLogs
INFO: PASS - Leave Button Clicked Successfully Of HR Account: 
Aug 22, 2025 4:21:09 PM base.LogResults createLogs
INFO: PASS -  EmpLeaveRequestsTab Clicked Successfully Of HR Account: 
Aug 22, 2025 4:21:13 PM base.LogResults createLogs
INFO: PASS - Clicked On SearchDropDown Successfully: 
Aug 22, 2025 4:21:26 PM base.LogResults createLogs
INFO: PASS -  Leave Type Option Selected  Successfully : Sick Leave
Aug 22, 2025 4:21:28 PM base.LogResults createLogs
INFO: PASS - Clicked On SearchDropDown Successfully: 
Aug 22, 2025 4:21:33 PM base.LogResults createLogs
INFO: PASS - Leave Request Page 100 Per Page Selected  Successfully : 
Aug 22, 2025 4:21:40 PM base.LogResults createLogs
INFO: PASS -  Leave Name Inputted  Successfully : Sick Leave
Aug 22, 2025 4:21:43 PM base.LogResults createLogs
INFO: PASS -  Leave Approved   Successfully : Sick Leave
Aug 22, 2025 4:21:48 PM base.LogResults createLogs
INFO: PASS -  Leave Rejection  Button Clicked  Successfully : Test
Aug 22, 2025 4:21:50 PM base.LogResults createLogs
INFO: PASS - Clicked On SearchDropDown Successfully: 
Aug 22, 2025 4:22:03 PM base.LogResults createLogs
INFO: PASS -  Leave Type Option Selected  Successfully : Sick Leave
Aug 22, 2025 4:22:05 PM base.LogResults createLogs
INFO: PASS - Clicked On SearchDropDown Successfully: 
Aug 22, 2025 4:22:11 PM base.LogResults createLogs
INFO: PASS -  Leave Name Inputted  Successfully : Sick Leave
Aug 22, 2025 4:22:31 PM base.LogResults createLogs
INFO: FAIL - Error While Validating Created Leave and Its status: No matching row found for LeaveType: Sick Leave, Date: 2025-08-06, Status: Approved
Aug 22, 2025 4:22:37 PM base.LogResults createLogs
INFO: PASS - Admin Manage Button Clicked Successfully: 
Aug 22, 2025 4:22:40 PM base.LogResults createLogs
INFO: PASS - Admin Logout Button Clicked Successfully: 
Aug 22, 2025 4:22:42 PM base.LogResults createLogs
INFO: PASS - Application Loaded Successfully: 
Aug 22, 2025 4:22:48 PM base.LogResults createLogs
INFO: PASS - Company Code Entered in Text Box: ADKK
Aug 22, 2025 4:22:50 PM base.LogResults createLogs
INFO: PASS - Login With Password Button Is Clicked: 
Aug 22, 2025 4:22:57 PM base.LogResults createLogs
INFO: PASS - Sign in Text Is Displayed: 
Aug 22, 2025 4:22:59 PM base.LogResults createLogs
INFO: PASS - Username Is Entered In Username Text Field: AutoEID9779
Aug 22, 2025 4:23:01 PM base.LogResults createLogs
INFO: PASS - Password Is Entered In Password Text Field: AutoEID9779
Aug 22, 2025 4:23:03 PM base.LogResults createLogs
INFO: PASS - Captcha Entered On Captcha Text Field: 12345
Aug 22, 2025 4:23:06 PM base.LogResults createLogs
INFO: PASS - Clicked On Login Button: 
Aug 22, 2025 4:23:08 PM base.LogResults createLogs
INFO: PASS - Login Done  And Validated Successfully: 
Aug 22, 2025 4:23:10 PM base.LogResults createLogs
INFO: PASS - Login Done Successfully: 
Aug 22, 2025 4:23:12 PM base.LogResults createLogs
INFO: PASS - Leave Button Clicked Successfully Of Employee Account: 
Aug 22, 2025 4:23:17 PM base.LogResults createLogs
INFO: PASS -  EmpLeaveRequestsTab Clicked Successfully Of Employee Account: 
Aug 22, 2025 4:23:24 PM base.LogResults createLogs
INFO: PASS - Leave Request Page 100 Per Page Selected  Successfully : 
Aug 22, 2025 4:23:30 PM base.LogResults createLogs
INFO: PASS -  Leave Name Inputted  Successfully : Sick Leave
Aug 22, 2025 4:23:33 PM base.LogResults createLogs
INFO: PASS -  Applied Leave Validated  Successfully : Sick Leave2025-08-06Approved
Aug 22, 2025 4:23:33 PM base.LogResults onlyLog
INFO: Failed - MeghLeaveTest-MPI_854_Leave_30-To verify this, approve the leave request and ensure status is "aproved" on both admin and employee account  
---------------------------------------------------------------
MeghLeaveTestMPI_854_Leave_30
Aug 22, 2025 4:23:33 PM base.LogResults onlyLog
INFO: Total Pass : 2 Total Fail : 1  Total TC : 3
---------------------------------------------------------------
Test case took: 268.6382 seconds
Total TC Time: 00:11:55

===============================================
Suite
Total tests run: 3, Passes: 3, Failures: 0, Skips: 0
===============================================

