>> Console logging redirected to data/console.log
Continuing with Existing Master Data due to threshold value:140725-140725-ThreSld->3
Launching Driver...
SLF4J(W): No SLF4J providers were found.
SLF4J(W): Defaulting to no-operation (NOP) logger implementation
SLF4J(W): See https://www.slf4j.org/codes.html#noProviders for further details.
Jul 14, 2025 6:54:11 PM org.openqa.selenium.devtools.CdpVersionFinder findNearestMatch
WARNING: Unable to find an exact match for CDP version 138, returning the closest version; found: 137; Please update to a Selenium version that supports CDP version 138
Jul 14, 2025 6:54:12 PM base.LogResults createLogs
INFO: PASS - Application Loaded Successfully: 
Jul 14, 2025 6:54:17 PM base.LogResults createLogs
INFO: PASS - Company Code Entered in Text Box: AGIB
Jul 14, 2025 6:54:17 PM base.LogResults createLogs
INFO: PASS - Login With Password Button Is Clicked: 
Jul 14, 2025 6:54:21 PM base.LogResults createLogs
INFO: PASS - Sign in Text Is Displayed: 
Jul 14, 2025 6:54:21 PM base.LogResults createLogs
INFO: PASS - Username Is Entered In Username Text Field: AutoE140725101157@mailinator.com
Jul 14, 2025 6:54:21 PM base.LogResults createLogs
INFO: PASS - Password Is Entered In Password Text Field: Pramod@1234
Jul 14, 2025 6:54:22 PM base.LogResults createLogs
INFO: PASS - Captcha Entered On Captcha Text Field: 12345
Jul 14, 2025 6:54:22 PM base.LogResults createLogs
INFO: PASS - Clicked On Login Button: 
Jul 14, 2025 6:54:24 PM base.LogResults createLogs
INFO: PASS - login Validated Successfully: 
Jul 14, 2025 6:54:29 PM base.LogResults createLogs
INFO: PASS - PolicyIcon Clicked Successfully: 
Jul 14, 2025 6:54:29 PM base.LogResults createLogs
INFO: PASS - PolicyMaster Loaded Successfully: 
Jul 14, 2025 6:54:29 PM base.LogResults createLogs
INFO: PASS - ShiftDropDown Clicked Successfully : 
Jul 14, 2025 6:54:29 PM base.LogResults createLogs
INFO: PASS - ShiftButton Clicked Successfully : 
Jul 14, 2025 6:54:31 PM base.LogResults createLogs
INFO: PASS - Shift Page Loaded Successfully : 
Jul 14, 2025 6:54:31 PM base.LogResults createLogs
INFO: PASS - CreateShiftButton Clicked Successfully : 
Jul 14, 2025 6:54:36 PM base.LogResults createLogs
INFO: PASS - Shift Name Inputted Successfully : AutoSNSIHCJZG
Jul 14, 2025 6:54:36 PM base.LogResults createLogs
INFO: PASS - Shift Code Inputted Successfully : Au291
Jul 14, 2025 6:54:37 PM base.LogResults createLogs
INFO: PASS - Shift Start Time Clicked Successfully : 
Jul 14, 2025 6:54:39 PM base.LogResults createLogs
INFO: PASS - Shift Start Time Inputted Successfully : 09:00
Jul 14, 2025 6:54:39 PM base.LogResults createLogs
INFO: PASS - Shift Start Time Inputted Successfully : 
Jul 14, 2025 6:54:39 PM base.LogResults createLogs
INFO: PASS - Shift End Time Inputted Successfully : 18:00
Jul 14, 2025 6:54:41 PM base.LogResults createLogs
INFO: PASS - Shift Buffer Time Inputted Successfully : 1:00
Jul 14, 2025 6:54:41 PM base.LogResults createLogs
INFO: PASS - Shift Buffer Time Inputted Successfully : 1:00
Jul 14, 2025 6:54:44 PM base.LogResults createLogs
INFO: PASS - Shift Full Day Time Inputted Successfully : 9:00
Jul 14, 2025 6:54:44 PM base.LogResults createLogs
INFO: PASS - Shift Full Day Time Inputted Successfully : 9:00
Jul 14, 2025 6:54:46 PM base.LogResults createLogs
INFO: PASS - Shift Half Day Time Inputted Successfully : 4:30
Jul 14, 2025 6:54:46 PM base.LogResults createLogs
INFO: PASS - Shift Half Day Time Inputted Successfully : 4:30
Jul 14, 2025 6:54:46 PM base.LogResults createLogs
INFO: PASS - AddBreakButton Clicked Successfully : 
Jul 14, 2025 6:54:47 PM base.LogResults createLogs
INFO: PASS - Break Name Inputted Successfully : AutoBNHJHMG
Jul 14, 2025 6:54:47 PM base.LogResults createLogs
INFO: PASS - BreakStartTime Clicked Successfully : 
Jul 14, 2025 6:54:47 PM base.LogResults createLogs
INFO: PASS - BreakStartTime Inputted Successfully : 13:00
Jul 14, 2025 6:54:47 PM base.LogResults createLogs
INFO: PASS - BreakEndTime Clicked Successfully : 
Jul 14, 2025 6:54:47 PM base.LogResults createLogs
INFO: PASS - BreakEndTime Clicked Successfully : 14:00
Jul 14, 2025 6:54:48 PM base.LogResults createLogs
INFO: PASS - Break Name Inputted Successfully : AutoBNHJHMG
Jul 14, 2025 6:54:52 PM base.LogResults createLogs
INFO: PASS - BreakBufferTime Clicked Successfully : 
Jul 14, 2025 6:54:55 PM base.LogResults createLogs
INFO: PASS - BreakBufferTime Clicked Successfully : 13:30
Jul 14, 2025 6:54:55 PM base.LogResults createLogs
INFO: PASS - Create Shift Save Button Clicked Successfully : 
Jul 14, 2025 6:54:59 PM base.LogResults createLogs
INFO: PASS - ShiftPolicyTab Clicked Successfully : 
Jul 14, 2025 6:55:04 PM base.LogResults createLogs
INFO: PASS - AddShiftPolicyButton Clicked Successfully : 
Jul 14, 2025 6:55:04 PM base.LogResults createLogs
INFO: PASS - PolicyName Inputted Successfully : AutoPNHHPNY
Jul 14, 2025 6:55:04 PM base.LogResults createLogs
INFO: PASS - AddShiftButton Clicked Successfully : 
Jul 14, 2025 6:55:11 PM base.LogResults createLogs
INFO: PASS - Created Shift Selected Successfully : AutoSNSIHCJZG
Jul 14, 2025 6:55:11 PM base.LogResults createLogs
INFO: PASS - AddShiftSaveButton Clicked Successfully : 
Jul 14, 2025 6:55:11 PM base.LogResults createLogs
INFO: PASS - CreatePolicySave Button Clicked Successfully : 
Jul 14, 2025 6:55:19 PM base.LogResults createLogs
INFO: PASS - Yes Button Button Successfully : 
Jul 14, 2025 6:55:22 PM base.LogResults createLogs
INFO: PASS - ShiftTab Clicked Successfully : 
Jul 14, 2025 6:55:26 PM base.LogResults createLogs
INFO: PASS - Shift Name Inputted Successfully : AutoSNSIHCJZG
Jul 14, 2025 6:55:30 PM base.LogResults createLogs
INFO: PASS - ShiftDeleteIcon Clicked Successfully : 
Jul 14, 2025 6:55:32 PM base.LogResults createLogs
INFO: PASS - DeleteButton Clicked Successfully : 
Jul 14, 2025 6:55:33 PM base.LogResults createLogs
INFO: PASS - Error Message Displayed Successfully : 
Jul 14, 2025 6:55:33 PM base.LogResults onlyLog
INFO: Passed - MeghShiftTest-MPI_540_MeghPi_Shift_16-To verify this, assign the created shift to any shift policy, and ensure that when attempting to delete the shift after assignment, an appropriate error message is displayed.
---------------------------------------------------------------
MeghShiftTestMPI_540_MeghPi_Shift_16
Jul 14, 2025 6:55:33 PM base.LogResults onlyLog
INFO: Total Pass : 1 Total Fail : 0  Total TC : 1
---------------------------------------------------------------
Test case took: 81.7019 seconds
Total TC Time: 00:01:21

===============================================
Suite
Total tests run: 1, Passes: 1, Failures: 0, Skips: 0
===============================================

