>> Console logging redirected to data/console.log
Launching Driver...
SLF4J(W): No SLF4J providers were found.
SLF4J(W): Defaulting to no-operation (NOP) logger implementation
SLF4J(W): See https://www.slf4j.org/codes.html#noProviders for further details.
Aug 21, 2025 12:59:02 PM org.openqa.selenium.devtools.CdpVersionFinder findNearestMatch
WARNING: Unable to find an exact match for CDP version 139, returning the closest version; found: 137; Please update to a Selenium version that supports CDP version 139
(1386, 788)
Aug 21, 2025 12:59:06 PM base.LogResults createLogs
INFO: PASS - Application Loaded Successfully: 
Aug 21, 2025 12:59:12 PM base.LogResults createLogs
INFO: PASS - Company Code Entered in Text Box: ARBX
Aug 21, 2025 12:59:15 PM base.LogResults createLogs
INFO: PASS - Login With Password Button Is Clicked: 
Aug 21, 2025 12:59:21 PM base.LogResults createLogs
INFO: PASS - Sign in Text Is Displayed: 
Aug 21, 2025 12:59:23 PM base.LogResults createLogs
INFO: PASS - Username Is Entered In Username Text Field: AutoE190825091637@mailinator.com
Aug 21, 2025 12:59:25 PM base.LogResults createLogs
INFO: PASS - Password Is Entered In Password Text Field: Pramod@1234
Aug 21, 2025 12:59:28 PM base.LogResults createLogs
INFO: PASS - Captcha Entered On Captcha Text Field: 12345
Aug 21, 2025 12:59:30 PM base.LogResults createLogs
INFO: PASS - Clicked On Login Button: 
Aug 21, 2025 12:59:32 PM base.LogResults createLogs
INFO: PASS - Login Done  And Validated Successfully: 
Aug 21, 2025 12:59:35 PM base.LogResults createLogs
INFO: PASS - Login Done Successfully: 
Aug 21, 2025 12:59:41 PM base.LogResults createLogs
INFO: PASS - PolicyIcon Clicked Successfully: 
Aug 21, 2025 12:59:43 PM base.LogResults createLogs
INFO: PASS - PolicyMaster Loaded Successfully: 
Aug 21, 2025 12:59:45 PM base.LogResults createLogs
INFO: PASS - LeaveDropDownFromSideBar Clicked Successfully: 
Aug 21, 2025 12:59:48 PM base.LogResults createLogs
INFO: PASS - LeavePolicyButtonFromSideBar Clicked Successfully: 
Aug 21, 2025 12:59:56 PM base.LogResults createLogs
INFO: PASS - LeavePolicyPageLoaded Successfully: 
Aug 21, 2025 12:59:58 PM base.LogResults createLogs
INFO: PASS - AddLeavePolicyButton Clicked Successfully : 
Aug 21, 2025 1:00:03 PM base.LogResults createLogs
INFO: PASS - LeavePolicy Name Inputted Successfully: AutoLeavePN190825091637
Aug 21, 2025 1:00:06 PM base.LogResults createLogs
INFO: PASS - SelectLeavePolicyButton Clicked Successfully : 
Aug 21, 2025 1:00:11 PM base.LogResults createLogs
INFO: PASS - SickLeave Selected Successfully: Sick_Leave (SL) 
Aug 21, 2025 1:00:16 PM base.LogResults createLogs
INFO: FAIL - Error While Selecting Travel Leave: Leave ID containing 'Travel Leave (TL) ' not found in AllLeaves list.
Aug 21, 2025 1:00:21 PM base.LogResults createLogs
INFO: PASS - Casual Leave Selected Successfully: Casual_Leave (CL) 
Aug 21, 2025 1:00:24 PM base.LogResults createLogs
INFO: PASS - AddLeaveSaveButton Clicked Successfully: 
Aug 21, 2025 1:00:26 PM base.LogResults createLogs
INFO: PASS - AddEmpCriteria Button Successfully : 
Aug 21, 2025 1:00:32 PM base.LogResults createLogs
INFO: PASS - Office Name Selected  Successfully : AutoON190825091637
Aug 21, 2025 1:00:40 PM base.LogResults createLogs
INFO: PASS - Successfully Clicked  Dept DropDown: AutoDN190825091637
Aug 21, 2025 1:00:44 PM base.LogResults createLogs
INFO: PASS - Successfully Selected  Dept: AutoDN190825091637
Aug 21, 2025 1:00:49 PM base.LogResults createLogs
INFO: PASS - Successfully Clicked On  Team  Dropdown: AutoTN190825091637
Aug 21, 2025 1:00:51 PM base.LogResults createLogs
INFO: PASS - Successfully Selected  Team From Dropdown: AutoTN190825091637
Aug 21, 2025 1:01:01 PM base.LogResults createLogs
INFO: PASS - Successfully Selected  Designation From Dropdown: AutoDESN190825091637
Aug 21, 2025 1:01:08 PM base.LogResults createLogs
INFO: PASS - Successfully Selected  Employee Type From Dropdown: AutoEN190825091637
Aug 21, 2025 1:01:10 PM base.LogResults createLogs
INFO: PASS - Clicked On Apply Button Successfully : 
Aug 21, 2025 1:01:13 PM base.LogResults createLogs
INFO: PASS - CreateLeavePolicyButton Clicked Successfully: 
Aug 21, 2025 1:01:21 PM base.LogResults createLogs
INFO: PASS - Yes Button Button Successfully : 
Aug 21, 2025 1:01:21 PM base.LogResults onlyLog
INFO: Failed - MeghLeavePolicyTest-MPI_847_Leave_Policy_37-To verify this, create an policy and add the employee criteria to the policy and ensure only matching criteria employees are assigned to that created policy
---------------------------------------------------------------
MeghLeavePolicyTestMPI_847_Leave_Policy_37
Aug 21, 2025 1:01:21 PM base.LogResults onlyLog
INFO: Total Pass : 0 Total Fail : 1  Total TC : 1
---------------------------------------------------------------
Test case took: 138.0541 seconds
Total TC Time: 00:02:18
Launching Driver...
Aug 21, 2025 1:01:24 PM org.openqa.selenium.devtools.CdpVersionFinder findNearestMatch
WARNING: Unable to find an exact match for CDP version 139, returning the closest version; found: 137; Please update to a Selenium version that supports CDP version 139
(1386, 788)
Aug 21, 2025 1:01:27 PM base.LogResults createLogs
INFO: PASS - Application Loaded Successfully: 
Aug 21, 2025 1:01:34 PM base.LogResults createLogs
INFO: PASS - Company Code Entered in Text Box: ARBX
Aug 21, 2025 1:01:36 PM base.LogResults createLogs
INFO: PASS - Login With Password Button Is Clicked: 
Aug 21, 2025 1:01:42 PM base.LogResults createLogs
INFO: PASS - Sign in Text Is Displayed: 
Aug 21, 2025 1:01:44 PM base.LogResults createLogs
INFO: PASS - Username Is Entered In Username Text Field: AutoE190825091637@mailinator.com
Aug 21, 2025 1:01:47 PM base.LogResults createLogs
INFO: PASS - Password Is Entered In Password Text Field: Pramod@1234
Aug 21, 2025 1:01:49 PM base.LogResults createLogs
INFO: PASS - Captcha Entered On Captcha Text Field: 12345
Aug 21, 2025 1:01:51 PM base.LogResults createLogs
INFO: PASS - Clicked On Login Button: 
Aug 21, 2025 1:01:53 PM base.LogResults createLogs
INFO: PASS - Login Done  And Validated Successfully: 
Aug 21, 2025 1:01:56 PM base.LogResults createLogs
INFO: PASS - Login Done Successfully: 
Aug 21, 2025 1:02:02 PM base.LogResults createLogs
INFO: PASS - PolicyIcon Clicked Successfully: 
Aug 21, 2025 1:02:04 PM base.LogResults createLogs
INFO: PASS - PolicyMaster Loaded Successfully: 
Aug 21, 2025 1:02:06 PM base.LogResults createLogs
INFO: PASS - AttendancePolicy Clicked Successfully : 
Aug 21, 2025 1:02:08 PM base.LogResults createLogs
INFO: PASS - AttendancePolicy Page Loaded Successfully : 
Aug 21, 2025 1:02:11 PM base.LogResults createLogs
INFO: PASS - AddAttendancePolicyButton Clicked Successfully : 
Aug 21, 2025 1:02:13 PM base.LogResults createLogs
INFO: PASS - AttendancePolicy Name Entered Successfully : AutoAttenPN190825091637
Aug 21, 2025 1:02:15 PM base.LogResults createLogs
INFO: PASS - WebPunchButton Button Successfully : 
Aug 21, 2025 1:02:17 PM base.LogResults createLogs
INFO: PASS - EnableGracePeriod Button  Successfully : 
Aug 21, 2025 1:02:20 PM base.LogResults createLogs
INFO: PASS - EarlyClockOut CheckBox Clicked  Successfully : 
Aug 21, 2025 1:02:22 PM base.LogResults createLogs
INFO: PASS - Clicked On GraceHours  Successfully : 
Aug 21, 2025 1:02:27 PM base.LogResults createLogs
INFO: PASS -  GraceHours Inputted  Successfully : 1:00
Aug 21, 2025 1:02:29 PM base.LogResults createLogs
INFO: PASS - Clicked On GraceTimeApply Button  Successfully : 
Aug 21, 2025 1:02:32 PM base.LogResults createLogs
INFO: PASS - EnableGracePeriod CheckBox Clicked  Successfully : 
Aug 21, 2025 1:02:34 PM base.LogResults createLogs
INFO: PASS - RegulationRequest CheckBox Clicked  Successfully : 
Aug 21, 2025 1:02:36 PM base.LogResults createLogs
INFO: PASS - AddEmpCriteria Button Successfully : 
Aug 21, 2025 1:02:43 PM base.LogResults createLogs
INFO: PASS - Office Name Selected  Successfully : AutoON190825091637
Aug 21, 2025 1:02:50 PM base.LogResults createLogs
INFO: PASS - Successfully Clicked  Dept DropDown: AutoDN190825091637
Aug 21, 2025 1:02:55 PM base.LogResults createLogs
INFO: PASS - Successfully Selected  Dept: AutoDN190825091637
Aug 21, 2025 1:03:00 PM base.LogResults createLogs
INFO: PASS - Successfully Clicked On  Team  Dropdown: AutoTN190825091637
Aug 21, 2025 1:03:06 PM base.LogResults createLogs
INFO: PASS - Successfully Selected  Team From Dropdown: AutoTN190825091637
Aug 21, 2025 1:03:13 PM base.LogResults createLogs
INFO: PASS - Successfully Selected  Designation From Dropdown: AutoDESN190825091637
Aug 21, 2025 1:03:22 PM base.LogResults createLogs
INFO: PASS - Successfully Selected  Employee Type From Dropdown: AutoEN190825091637
Aug 21, 2025 1:03:25 PM base.LogResults createLogs
INFO: PASS - Clicked On Apply Button Successfully : 
Aug 21, 2025 1:03:27 PM base.LogResults createLogs
INFO: PASS - CreatePolicyButton Button Successfully : 
Aug 21, 2025 1:03:35 PM base.LogResults createLogs
INFO: PASS - Yes Button Button Successfully : 
Aug 21, 2025 1:03:39 PM base.LogResults onlyLog
INFO: Passed - MeghAttendancePolicyTest-MPI_846_Attendance_Policy_71-To verify this, create an attendance policy and add employee criteria and ensure matching criteria employee are assigned to the created policy
---------------------------------------------------------------
MeghAttendancePolicyTestMPI_846_Attendance_Policy_71
Aug 21, 2025 1:03:39 PM base.LogResults onlyLog
INFO: Total Pass : 1 Total Fail : 1  Total TC : 2
---------------------------------------------------------------
Test case took: 135.0063 seconds
Total TC Time: 00:02:15

===============================================
Suite
Total tests run: 2, Passes: 2, Failures: 0, Skips: 0
===============================================

