>> Console logging redirected to data/console.log
Continuing with Existing Master Data due to threshold value:070825-060825-ThreSld->3
Launching Driver...
SLF4J(W): No SLF4J providers were found.
SLF4J(W): Defaulting to no-operation (NOP) logger implementation
SLF4J(W): See https://www.slf4j.org/codes.html#noProviders for further details.
Aug 07, 2025 11:17:16 AM org.openqa.selenium.devtools.CdpVersionFinder findNearestMatch
WARNING: Unable to find an exact match for CDP version 138, returning the closest version; found: 137; Please update to a Selenium version that supports CDP version 138
Error Index 1 out of bounds for length 1
Aug 07, 2025 11:17:18 AM base.LogResults createLogs
INFO: PASS -  Application loaded successfully.
Aug 07, 2025 11:17:22 AM base.LogResults createLogs
INFO: PASS -  Company code entered successfully.AGFC
Aug 07, 2025 11:17:22 AM base.LogResults createLogs
INFO: PASS - Clicked On 'Login with Password' successfully.
Aug 07, 2025 11:17:26 AM base.LogResults createLogs
INFO: PASS -  Sign-in section appeared.
Aug 07, 2025 11:17:27 AM base.LogResults createLogs
INFO: PASS -  Email Id entered.AutoE060825091631@mailinator.com
Aug 07, 2025 11:17:27 AM base.LogResults createLogs
INFO: PASS -  Password entered.Pramod@1234
Aug 07, 2025 11:17:27 AM base.LogResults createLogs
INFO: PASS -  Captcha entered.12345
Aug 07, 2025 11:17:27 AM base.LogResults createLogs
INFO: PASS -  Sign-in button clicked.
Aug 07, 2025 11:18:13 AM base.LogResults createLogs
INFO: FAIL - Login Is Failed: Login failed after retry: no such element: Unable to locate element: {"method":"xpath","selector":"//span[contains(text(), 'Good')]"}
  (Session info: chrome=138.0.7204.184)
For documentation on this error, please visit: https://www.selenium.dev/documentation/webdriver/troubleshooting/errors#no-such-element-exception
Build info: version: '4.34.0', revision: '707dcb4246*'
System info: os.name: 'Windows 10', os.arch: 'amd64', os.version: '10.0', java.version: '17.0.11'
Driver info: org.openqa.selenium.chrome.ChromeDriver
Command: [d28ca6fe395c0b48f73facf2abe71112, findElement {value=//span[contains(text(), 'Good')], using=xpath}]
Capabilities {acceptInsecureCerts: true, browserName: chrome, browserVersion: 138.0.7204.184, chrome: {chromedriverVersion: 138.0.7204.183 (e90faf484dd..., userDataDir: C:\Users\Pramod.C\AppData\L...}, fedcm:accounts: true, goog:chromeOptions: {debuggerAddress: localhost:60200}, networkConnectionEnabled: false, pageLoadStrategy: none, platformName: windows, proxy: Proxy(), se:cdp: ws://localhost:60200/devtoo..., se:cdpVersion: 138.0.7204.184, setWindowRect: true, strictFileInteractability: false, timeouts: {implicit: 0, pageLoad: 300000, script: 30000}, unhandledPromptBehavior: dismiss and notify, webauthn:extension:credBlob: true, webauthn:extension:largeBlob: true, webauthn:extension:minPinLength: true, webauthn:extension:prf: true, webauthn:virtualAuthenticators: true}
Session ID: d28ca6fe395c0b48f73facf2abe71112
Aug 07, 2025 11:18:27 AM base.LogResults createLogs
INFO: FAIL - Error While Clicking On PolicyIcon: no such element: Unable to locate element: {"method":"xpath","selector":"//a[@id='policyIcon']"}
  (Session info: chrome=138.0.7204.184)
For documentation on this error, please visit: https://www.selenium.dev/documentation/webdriver/troubleshooting/errors#no-such-element-exception
Build info: version: '4.34.0', revision: '707dcb4246*'
System info: os.name: 'Windows 10', os.arch: 'amd64', os.version: '10.0', java.version: '17.0.11'
Driver info: org.openqa.selenium.chrome.ChromeDriver
Command: [d28ca6fe395c0b48f73facf2abe71112, findElement {value=//a[@id='policyIcon'], using=xpath}]
Capabilities {acceptInsecureCerts: true, browserName: chrome, browserVersion: 138.0.7204.184, chrome: {chromedriverVersion: 138.0.7204.183 (e90faf484dd..., userDataDir: C:\Users\Pramod.C\AppData\L...}, fedcm:accounts: true, goog:chromeOptions: {debuggerAddress: localhost:60200}, networkConnectionEnabled: false, pageLoadStrategy: none, platformName: windows, proxy: Proxy(), se:cdp: ws://localhost:60200/devtoo..., se:cdpVersion: 138.0.7204.184, setWindowRect: true, strictFileInteractability: false, timeouts: {implicit: 0, pageLoad: 300000, script: 30000}, unhandledPromptBehavior: dismiss and notify, webauthn:extension:credBlob: true, webauthn:extension:largeBlob: true, webauthn:extension:minPinLength: true, webauthn:extension:prf: true, webauthn:virtualAuthenticators: true}
Session ID: d28ca6fe395c0b48f73facf2abe71112
Aug 07, 2025 11:18:37 AM base.LogResults createLogs
INFO: FAIL - PolicyMaster Isn't Loaded: no such element: Unable to locate element: {"method":"xpath","selector":"//div[@id='policyMaster']/div/h3"}
  (Session info: chrome=138.0.7204.184)
For documentation on this error, please visit: https://www.selenium.dev/documentation/webdriver/troubleshooting/errors#no-such-element-exception
Build info: version: '4.34.0', revision: '707dcb4246*'
System info: os.name: 'Windows 10', os.arch: 'amd64', os.version: '10.0', java.version: '17.0.11'
Driver info: org.openqa.selenium.chrome.ChromeDriver
Command: [d28ca6fe395c0b48f73facf2abe71112, findElement {value=//div[@id='policyMaster']/div/h3, using=xpath}]
Capabilities {acceptInsecureCerts: true, browserName: chrome, browserVersion: 138.0.7204.184, chrome: {chromedriverVersion: 138.0.7204.183 (e90faf484dd..., userDataDir: C:\Users\Pramod.C\AppData\L...}, fedcm:accounts: true, goog:chromeOptions: {debuggerAddress: localhost:60200}, networkConnectionEnabled: false, pageLoadStrategy: none, platformName: windows, proxy: Proxy(), se:cdp: ws://localhost:60200/devtoo..., se:cdpVersion: 138.0.7204.184, setWindowRect: true, strictFileInteractability: false, timeouts: {implicit: 0, pageLoad: 300000, script: 30000}, unhandledPromptBehavior: dismiss and notify, webauthn:extension:credBlob: true, webauthn:extension:largeBlob: true, webauthn:extension:minPinLength: true, webauthn:extension:prf: true, webauthn:virtualAuthenticators: true}
Session ID: d28ca6fe395c0b48f73facf2abe71112
Aug 07, 2025 11:18:48 AM base.LogResults createLogs
INFO: FAIL - Error While Clicking On AttendancePolicy: no such element: Unable to locate element: {"method":"xpath","selector":"//a[text()='Attendance Policy']"}
  (Session info: chrome=138.0.7204.184)
For documentation on this error, please visit: https://www.selenium.dev/documentation/webdriver/troubleshooting/errors#no-such-element-exception
Build info: version: '4.34.0', revision: '707dcb4246*'
System info: os.name: 'Windows 10', os.arch: 'amd64', os.version: '10.0', java.version: '17.0.11'
Driver info: org.openqa.selenium.chrome.ChromeDriver
Command: [d28ca6fe395c0b48f73facf2abe71112, findElement {value=//a[text()='Attendance Policy'], using=xpath}]
Capabilities {acceptInsecureCerts: true, browserName: chrome, browserVersion: 138.0.7204.184, chrome: {chromedriverVersion: 138.0.7204.183 (e90faf484dd..., userDataDir: C:\Users\Pramod.C\AppData\L...}, fedcm:accounts: true, goog:chromeOptions: {debuggerAddress: localhost:60200}, networkConnectionEnabled: false, pageLoadStrategy: none, platformName: windows, proxy: Proxy(), se:cdp: ws://localhost:60200/devtoo..., se:cdpVersion: 138.0.7204.184, setWindowRect: true, strictFileInteractability: false, timeouts: {implicit: 0, pageLoad: 300000, script: 30000}, unhandledPromptBehavior: dismiss and notify, webauthn:extension:credBlob: true, webauthn:extension:largeBlob: true, webauthn:extension:minPinLength: true, webauthn:extension:prf: true, webauthn:virtualAuthenticators: true}
Session ID: d28ca6fe395c0b48f73facf2abe71112
Aug 07, 2025 11:18:58 AM base.LogResults createLogs
INFO: FAIL - Attendance Policy Page Is Not Loaded Completely: no such element: Unable to locate element: {"method":"xpath","selector":"//a[text()='Attendance Policy']"}
  (Session info: chrome=138.0.7204.184)
For documentation on this error, please visit: https://www.selenium.dev/documentation/webdriver/troubleshooting/errors#no-such-element-exception
Build info: version: '4.34.0', revision: '707dcb4246*'
System info: os.name: 'Windows 10', os.arch: 'amd64', os.version: '10.0', java.version: '17.0.11'
Driver info: org.openqa.selenium.chrome.ChromeDriver
Command: [d28ca6fe395c0b48f73facf2abe71112, findElement {value=//a[text()='Attendance Policy'], using=xpath}]
Capabilities {acceptInsecureCerts: true, browserName: chrome, browserVersion: 138.0.7204.184, chrome: {chromedriverVersion: 138.0.7204.183 (e90faf484dd..., userDataDir: C:\Users\Pramod.C\AppData\L...}, fedcm:accounts: true, goog:chromeOptions: {debuggerAddress: localhost:60200}, networkConnectionEnabled: false, pageLoadStrategy: none, platformName: windows, proxy: Proxy(), se:cdp: ws://localhost:60200/devtoo..., se:cdpVersion: 138.0.7204.184, setWindowRect: true, strictFileInteractability: false, timeouts: {implicit: 0, pageLoad: 300000, script: 30000}, unhandledPromptBehavior: dismiss and notify, webauthn:extension:credBlob: true, webauthn:extension:largeBlob: true, webauthn:extension:minPinLength: true, webauthn:extension:prf: true, webauthn:virtualAuthenticators: true}
Session ID: d28ca6fe395c0b48f73facf2abe71112
Aug 07, 2025 11:18:58 AM base.LogResults createLogs
INFO: FAIL - Skipping rest steps as error count reached configured value : 5
Aug 07, 2025 11:18:58 AM base.LogResults onlyLog
INFO: Failed - Attendance-MPI_435_Attendance_Policy_02-To verify this, click on 'Add Attendance Policy', enter the policy name, and click on 'Create Policy'. In the popup, select 'No' when asked 'Do you want to change attendance policy in Employee Profile based on current policy employee criteria?', and ensure that the new policy is created and no one employees are assigned to it
---------------------------------------------------------------
AttendanceMPI_435_Attendance_Policy_02
Aug 07, 2025 11:18:58 AM base.LogResults onlyLog
INFO: Total Pass : 0 Total Fail : 1  Total TC : 1
---------------------------------------------------------------
Test case took: 101.4746 seconds
Total TC Time: 00:01:41
Launching Driver...
Aug 07, 2025 11:19:00 AM org.openqa.selenium.devtools.CdpVersionFinder findNearestMatch
WARNING: Unable to find an exact match for CDP version 138, returning the closest version; found: 137; Please update to a Selenium version that supports CDP version 138
Error Index 1 out of bounds for length 1
Aug 07, 2025 11:19:02 AM base.LogResults createLogs
INFO: PASS -  Application loaded successfully.
Aug 07, 2025 11:19:06 AM base.LogResults createLogs
INFO: PASS -  Company code entered successfully.AGFC
Aug 07, 2025 11:19:06 AM base.LogResults createLogs
INFO: PASS - Clicked On 'Login with Password' successfully.
Aug 07, 2025 11:19:11 AM base.LogResults createLogs
INFO: PASS -  Sign-in section appeared.
Aug 07, 2025 11:19:11 AM base.LogResults createLogs
INFO: PASS -  Email Id entered.AutoE060825091631@mailinator.com
Aug 07, 2025 11:19:11 AM base.LogResults createLogs
INFO: PASS -  Password entered.Pramod@1234
Aug 07, 2025 11:19:11 AM base.LogResults createLogs
INFO: PASS -  Captcha entered.12345
Aug 07, 2025 11:19:11 AM base.LogResults createLogs
INFO: PASS -  Sign-in button clicked.
Aug 07, 2025 11:19:56 AM base.LogResults createLogs
INFO: FAIL - Login Is Failed: Login failed after retry: no such element: Unable to locate element: {"method":"xpath","selector":"//span[contains(text(), 'Good')]"}
  (Session info: chrome=138.0.7204.184)
For documentation on this error, please visit: https://www.selenium.dev/documentation/webdriver/troubleshooting/errors#no-such-element-exception
Build info: version: '4.34.0', revision: '707dcb4246*'
System info: os.name: 'Windows 10', os.arch: 'amd64', os.version: '10.0', java.version: '17.0.11'
Driver info: org.openqa.selenium.chrome.ChromeDriver
Command: [5f3944b776163be75dd38e915d2d27c5, findElement {value=//span[contains(text(), 'Good')], using=xpath}]
Capabilities {acceptInsecureCerts: true, browserName: chrome, browserVersion: 138.0.7204.184, chrome: {chromedriverVersion: 138.0.7204.183 (e90faf484dd..., userDataDir: C:\Users\Pramod.C\AppData\L...}, fedcm:accounts: true, goog:chromeOptions: {debuggerAddress: localhost:60336}, networkConnectionEnabled: false, pageLoadStrategy: none, platformName: windows, proxy: Proxy(), se:cdp: ws://localhost:60336/devtoo..., se:cdpVersion: 138.0.7204.184, setWindowRect: true, strictFileInteractability: false, timeouts: {implicit: 0, pageLoad: 300000, script: 30000}, unhandledPromptBehavior: dismiss and notify, webauthn:extension:credBlob: true, webauthn:extension:largeBlob: true, webauthn:extension:minPinLength: true, webauthn:extension:prf: true, webauthn:virtualAuthenticators: true}
Session ID: 5f3944b776163be75dd38e915d2d27c5
Aug 07, 2025 11:20:11 AM base.LogResults createLogs
INFO: FAIL - Error While Clicking On PolicyIcon: no such element: Unable to locate element: {"method":"xpath","selector":"//a[@id='policyIcon']"}
  (Session info: chrome=138.0.7204.184)
For documentation on this error, please visit: https://www.selenium.dev/documentation/webdriver/troubleshooting/errors#no-such-element-exception
Build info: version: '4.34.0', revision: '707dcb4246*'
System info: os.name: 'Windows 10', os.arch: 'amd64', os.version: '10.0', java.version: '17.0.11'
Driver info: org.openqa.selenium.chrome.ChromeDriver
Command: [5f3944b776163be75dd38e915d2d27c5, findElement {value=//a[@id='policyIcon'], using=xpath}]
Capabilities {acceptInsecureCerts: true, browserName: chrome, browserVersion: 138.0.7204.184, chrome: {chromedriverVersion: 138.0.7204.183 (e90faf484dd..., userDataDir: C:\Users\Pramod.C\AppData\L...}, fedcm:accounts: true, goog:chromeOptions: {debuggerAddress: localhost:60336}, networkConnectionEnabled: false, pageLoadStrategy: none, platformName: windows, proxy: Proxy(), se:cdp: ws://localhost:60336/devtoo..., se:cdpVersion: 138.0.7204.184, setWindowRect: true, strictFileInteractability: false, timeouts: {implicit: 0, pageLoad: 300000, script: 30000}, unhandledPromptBehavior: dismiss and notify, webauthn:extension:credBlob: true, webauthn:extension:largeBlob: true, webauthn:extension:minPinLength: true, webauthn:extension:prf: true, webauthn:virtualAuthenticators: true}
Session ID: 5f3944b776163be75dd38e915d2d27c5
Aug 07, 2025 11:20:21 AM base.LogResults createLogs
INFO: FAIL - PolicyMaster Isn't Loaded: no such element: Unable to locate element: {"method":"xpath","selector":"//div[@id='policyMaster']/div/h3"}
  (Session info: chrome=138.0.7204.184)
For documentation on this error, please visit: https://www.selenium.dev/documentation/webdriver/troubleshooting/errors#no-such-element-exception
Build info: version: '4.34.0', revision: '707dcb4246*'
System info: os.name: 'Windows 10', os.arch: 'amd64', os.version: '10.0', java.version: '17.0.11'
Driver info: org.openqa.selenium.chrome.ChromeDriver
Command: [5f3944b776163be75dd38e915d2d27c5, findElement {value=//div[@id='policyMaster']/div/h3, using=xpath}]
Capabilities {acceptInsecureCerts: true, browserName: chrome, browserVersion: 138.0.7204.184, chrome: {chromedriverVersion: 138.0.7204.183 (e90faf484dd..., userDataDir: C:\Users\Pramod.C\AppData\L...}, fedcm:accounts: true, goog:chromeOptions: {debuggerAddress: localhost:60336}, networkConnectionEnabled: false, pageLoadStrategy: none, platformName: windows, proxy: Proxy(), se:cdp: ws://localhost:60336/devtoo..., se:cdpVersion: 138.0.7204.184, setWindowRect: true, strictFileInteractability: false, timeouts: {implicit: 0, pageLoad: 300000, script: 30000}, unhandledPromptBehavior: dismiss and notify, webauthn:extension:credBlob: true, webauthn:extension:largeBlob: true, webauthn:extension:minPinLength: true, webauthn:extension:prf: true, webauthn:virtualAuthenticators: true}
Session ID: 5f3944b776163be75dd38e915d2d27c5
Aug 07, 2025 11:20:31 AM base.LogResults createLogs
INFO: FAIL - Error While Clicking On AttendancePolicy: no such element: Unable to locate element: {"method":"xpath","selector":"//a[text()='Attendance Policy']"}
  (Session info: chrome=138.0.7204.184)
For documentation on this error, please visit: https://www.selenium.dev/documentation/webdriver/troubleshooting/errors#no-such-element-exception
Build info: version: '4.34.0', revision: '707dcb4246*'
System info: os.name: 'Windows 10', os.arch: 'amd64', os.version: '10.0', java.version: '17.0.11'
Driver info: org.openqa.selenium.chrome.ChromeDriver
Command: [5f3944b776163be75dd38e915d2d27c5, findElement {value=//a[text()='Attendance Policy'], using=xpath}]
Capabilities {acceptInsecureCerts: true, browserName: chrome, browserVersion: 138.0.7204.184, chrome: {chromedriverVersion: 138.0.7204.183 (e90faf484dd..., userDataDir: C:\Users\Pramod.C\AppData\L...}, fedcm:accounts: true, goog:chromeOptions: {debuggerAddress: localhost:60336}, networkConnectionEnabled: false, pageLoadStrategy: none, platformName: windows, proxy: Proxy(), se:cdp: ws://localhost:60336/devtoo..., se:cdpVersion: 138.0.7204.184, setWindowRect: true, strictFileInteractability: false, timeouts: {implicit: 0, pageLoad: 300000, script: 30000}, unhandledPromptBehavior: dismiss and notify, webauthn:extension:credBlob: true, webauthn:extension:largeBlob: true, webauthn:extension:minPinLength: true, webauthn:extension:prf: true, webauthn:virtualAuthenticators: true}
Session ID: 5f3944b776163be75dd38e915d2d27c5
Aug 07, 2025 11:20:42 AM base.LogResults createLogs
INFO: FAIL - Attendance Policy Page Is Not Loaded Completely: no such element: Unable to locate element: {"method":"xpath","selector":"//a[text()='Attendance Policy']"}
  (Session info: chrome=138.0.7204.184)
For documentation on this error, please visit: https://www.selenium.dev/documentation/webdriver/troubleshooting/errors#no-such-element-exception
Build info: version: '4.34.0', revision: '707dcb4246*'
System info: os.name: 'Windows 10', os.arch: 'amd64', os.version: '10.0', java.version: '17.0.11'
Driver info: org.openqa.selenium.chrome.ChromeDriver
Command: [5f3944b776163be75dd38e915d2d27c5, findElement {value=//a[text()='Attendance Policy'], using=xpath}]
Capabilities {acceptInsecureCerts: true, browserName: chrome, browserVersion: 138.0.7204.184, chrome: {chromedriverVersion: 138.0.7204.183 (e90faf484dd..., userDataDir: C:\Users\Pramod.C\AppData\L...}, fedcm:accounts: true, goog:chromeOptions: {debuggerAddress: localhost:60336}, networkConnectionEnabled: false, pageLoadStrategy: none, platformName: windows, proxy: Proxy(), se:cdp: ws://localhost:60336/devtoo..., se:cdpVersion: 138.0.7204.184, setWindowRect: true, strictFileInteractability: false, timeouts: {implicit: 0, pageLoad: 300000, script: 30000}, unhandledPromptBehavior: dismiss and notify, webauthn:extension:credBlob: true, webauthn:extension:largeBlob: true, webauthn:extension:minPinLength: true, webauthn:extension:prf: true, webauthn:virtualAuthenticators: true}
Session ID: 5f3944b776163be75dd38e915d2d27c5
Aug 07, 2025 11:20:42 AM base.LogResults createLogs
INFO: FAIL - Skipping rest steps as error count reached configured value : 5
Aug 07, 2025 11:20:42 AM base.LogResults onlyLog
INFO: Failed - Attendance-MPI_436_Attendance_Policy_03-To verify this, in the created policy where all employees are assigned, enable Web Punching and ensure that employees are able to perform Punch In from the Home module
---------------------------------------------------------------
AttendanceMPI_436_Attendance_Policy_03
Aug 07, 2025 11:20:42 AM base.LogResults onlyLog
INFO: Total Pass : 0 Total Fail : 2  Total TC : 2
---------------------------------------------------------------
Test case took: 101.1857 seconds
Total TC Time: 00:03:22
Launching Driver...
Aug 07, 2025 11:20:44 AM org.openqa.selenium.devtools.CdpVersionFinder findNearestMatch
WARNING: Unable to find an exact match for CDP version 138, returning the closest version; found: 137; Please update to a Selenium version that supports CDP version 138
Error Index 1 out of bounds for length 1
Aug 07, 2025 11:20:46 AM base.LogResults createLogs
INFO: PASS -  Application loaded successfully.
Aug 07, 2025 11:20:50 AM base.LogResults createLogs
INFO: PASS -  Company code entered successfully.AGFC
Aug 07, 2025 11:20:51 AM base.LogResults createLogs
INFO: PASS - Clicked On 'Login with Password' successfully.
Aug 07, 2025 11:20:55 AM base.LogResults createLogs
INFO: PASS -  Sign-in section appeared.
Aug 07, 2025 11:20:55 AM base.LogResults createLogs
INFO: PASS -  Email Id entered.AutoE060825091631@mailinator.com
Aug 07, 2025 11:20:55 AM base.LogResults createLogs
INFO: PASS -  Password entered.Pramod@1234
Aug 07, 2025 11:20:55 AM base.LogResults createLogs
INFO: PASS -  Captcha entered.12345
Aug 07, 2025 11:20:56 AM base.LogResults createLogs
INFO: PASS -  Sign-in button clicked.
Aug 07, 2025 11:21:41 AM base.LogResults createLogs
INFO: FAIL - Login Is Failed: Login failed after retry: no such element: Unable to locate element: {"method":"xpath","selector":"//span[contains(text(), 'Good')]"}
  (Session info: chrome=138.0.7204.184)
For documentation on this error, please visit: https://www.selenium.dev/documentation/webdriver/troubleshooting/errors#no-such-element-exception
Build info: version: '4.34.0', revision: '707dcb4246*'
System info: os.name: 'Windows 10', os.arch: 'amd64', os.version: '10.0', java.version: '17.0.11'
Driver info: org.openqa.selenium.chrome.ChromeDriver
Command: [fbf5041368fa22465f044dbb7b604114, findElement {value=//span[contains(text(), 'Good')], using=xpath}]
Capabilities {acceptInsecureCerts: true, browserName: chrome, browserVersion: 138.0.7204.184, chrome: {chromedriverVersion: 138.0.7204.183 (e90faf484dd..., userDataDir: C:\Users\Pramod.C\AppData\L...}, fedcm:accounts: true, goog:chromeOptions: {debuggerAddress: localhost:60464}, networkConnectionEnabled: false, pageLoadStrategy: none, platformName: windows, proxy: Proxy(), se:cdp: ws://localhost:60464/devtoo..., se:cdpVersion: 138.0.7204.184, setWindowRect: true, strictFileInteractability: false, timeouts: {implicit: 0, pageLoad: 300000, script: 30000}, unhandledPromptBehavior: dismiss and notify, webauthn:extension:credBlob: true, webauthn:extension:largeBlob: true, webauthn:extension:minPinLength: true, webauthn:extension:prf: true, webauthn:virtualAuthenticators: true}
Session ID: fbf5041368fa22465f044dbb7b604114
Aug 07, 2025 11:22:05 AM base.LogResults createLogs
INFO: FAIL - Error while Clicking On Directery Button: Failed to click Directory button: Expected condition failed: waiting for element to be clickable: By.xpath: //li[@id='v-pills-Directory-tab'] (tried for 20 second(s) with 500 milliseconds interval)
Build info: version: '4.34.0', revision: '707dcb4246*'
System info: os.name: 'Windows 10', os.arch: 'amd64', os.version: '10.0', java.version: '17.0.11'
Driver info: org.openqa.selenium.chrome.ChromeDriver
Capabilities {acceptInsecureCerts: true, browserName: chrome, browserVersion: 138.0.7204.184, chrome: {chromedriverVersion: 138.0.7204.183 (e90faf484dd..., userDataDir: C:\Users\Pramod.C\AppData\L...}, fedcm:accounts: true, goog:chromeOptions: {debuggerAddress: localhost:60464}, networkConnectionEnabled: false, pageLoadStrategy: none, platformName: windows, proxy: Proxy(), se:cdp: ws://localhost:60464/devtoo..., se:cdpVersion: 138.0.7204.184, setWindowRect: true, strictFileInteractability: false, timeouts: {implicit: 0, pageLoad: 300000, script: 30000}, unhandledPromptBehavior: dismiss and notify, webauthn:extension:credBlob: true, webauthn:extension:largeBlob: true, webauthn:extension:minPinLength: true, webauthn:extension:prf: true, webauthn:virtualAuthenticators: true}
Session ID: fbf5041368fa22465f044dbb7b604114
