>> Console logging redirected to data/console.log
Continuing with Existing Master Data due to threshold value:150725-150725-ThreSld->3
Launching Driver...
SLF4J(W): No SLF4J providers were found.
SLF4J(W): Defaulting to no-operation (NOP) logger implementation
SLF4J(W): See https://www.slf4j.org/codes.html#noProviders for further details.
Jul 15, 2025 5:52:45 PM org.openqa.selenium.devtools.CdpVersionFinder findNearestMatch
WARNING: Unable to find an exact match for CDP version 138, returning the closest version; found: 137; Please update to a Selenium version that supports CDP version 138
Jul 15, 2025 5:52:46 PM base.LogResults createLogs
INFO: PASS - Step 1: Application loaded successfully.
Jul 15, 2025 5:52:51 PM base.LogResults createLogs
INFO: PASS - Step 2: Company code entered successfully.ASJL
Jul 15, 2025 5:52:51 PM base.LogResults createLogs
INFO: PASS - Step 3: Clicked 'Login with Password' successfully.
Jul 15, 2025 5:52:55 PM base.LogResults createLogs
INFO: PASS - Step 4: Sign-in section appeared.
Jul 15, 2025 5:52:55 PM base.LogResults createLogs
INFO: PASS - Step 5: Username entered.AutoE150725142816@mailinator.com
Jul 15, 2025 5:52:55 PM base.LogResults createLogs
INFO: PASS - Step 6: Password entered.Pramod@1234
Jul 15, 2025 5:52:56 PM base.LogResults createLogs
INFO: PASS - Step 7: Captcha entered.12345
Jul 15, 2025 5:52:56 PM base.LogResults createLogs
INFO: PASS - Step 8: Sign-in button clicked.
Jul 15, 2025 5:52:59 PM base.LogResults createLogs
INFO: PASS - Step 9: Login validated successfully.
Jul 15, 2025 5:52:59 PM base.LogResults createLogs
INFO: PASS - Login Done Successfully: 
Jul 15, 2025 5:53:03 PM base.LogResults createLogs
INFO: PASS - PolicyIcon Clicked Successfully: 
Jul 15, 2025 5:53:03 PM base.LogResults createLogs
INFO: PASS - PolicyMaster Loaded Successfully: 
Jul 15, 2025 5:53:03 PM base.LogResults createLogs
INFO: PASS - LeaveDropDownFromSideBar Clicked Successfully: 
Jul 15, 2025 5:53:05 PM base.LogResults createLogs
INFO: PASS - HolidaysButtonFromSidebar Clicked Successfully: 
Jul 15, 2025 5:53:06 PM base.LogResults createLogs
INFO: PASS - AddHolidayPolicyButton Clicked Successfully: 
Jul 15, 2025 5:53:14 PM base.LogResults createLogs
INFO: PASS - HolidayPolicyName Inputted In TextField Successfully: AutoHPN150725142816ETW
Jul 15, 2025 5:53:17 PM base.LogResults createLogs
INFO: PASS - Year Selected Successfully: 2024-2025 
Jul 15, 2025 5:53:17 PM base.LogResults createLogs
INFO: PASS - NextStepButton Clicked Successfully: 
Jul 15, 2025 5:53:17 PM base.LogResults createLogs
INFO: PASS - NextStepButton Clicked Successfully: 
Jul 15, 2025 5:53:28 PM base.LogResults createLogs
INFO: FAIL - Error While Clicking On CreatePolicySaveButton: element not interactable
  (Session info: chrome=138.0.7204.101)
Build info: version: '4.34.0', revision: '707dcb4246*'
System info: os.name: 'Windows 10', os.arch: 'amd64', os.version: '10.0', java.version: '17.0.11'
Driver info: org.openqa.selenium.chrome.ChromeDriver
Command: [c483c5b33cb065166e5750ddb32257a2, clickElement {id=f.304CF70AAC389B1C32ABF79616C197C8.d.BCA0F204629E55AF07A04008127F7D98.e.895}]
Capabilities {acceptInsecureCerts: true, browserName: chrome, browserVersion: 138.0.7204.101, chrome: {chromedriverVersion: 138.0.7204.94 (545025748884..., userDataDir: C:\Users\Pramod.C\AppData\L...}, fedcm:accounts: true, goog:chromeOptions: {debuggerAddress: localhost:62099}, networkConnectionEnabled: false, pageLoadStrategy: none, platformName: windows, proxy: Proxy(), se:cdp: ws://localhost:62099/devtoo..., se:cdpVersion: 138.0.7204.101, setWindowRect: true, strictFileInteractability: false, timeouts: {implicit: 0, pageLoad: 300000, script: 30000}, unhandledPromptBehavior: dismiss and notify, webauthn:extension:credBlob: true, webauthn:extension:largeBlob: true, webauthn:extension:minPinLength: true, webauthn:extension:prf: true, webauthn:virtualAuthenticators: true}
Element: [[ChromeDriver: chrome on windows (c483c5b33cb065166e5750ddb32257a2)] -> xpath: //a[@id='btnHolidayPolicySave']]
Session ID: c483c5b33cb065166e5750ddb32257a2
Jul 15, 2025 5:53:38 PM base.LogResults createLogs
INFO: FAIL - Error While Clicking On Yes Button : element not interactable
  (Session info: chrome=138.0.7204.101)
Build info: version: '4.34.0', revision: '707dcb4246*'
System info: os.name: 'Windows 10', os.arch: 'amd64', os.version: '10.0', java.version: '17.0.11'
Driver info: org.openqa.selenium.chrome.ChromeDriver
Command: [c483c5b33cb065166e5750ddb32257a2, clickElement {id=f.304CF70AAC389B1C32ABF79616C197C8.d.BCA0F204629E55AF07A04008127F7D98.e.906}]
Capabilities {acceptInsecureCerts: true, browserName: chrome, browserVersion: 138.0.7204.101, chrome: {chromedriverVersion: 138.0.7204.94 (545025748884..., userDataDir: C:\Users\Pramod.C\AppData\L...}, fedcm:accounts: true, goog:chromeOptions: {debuggerAddress: localhost:62099}, networkConnectionEnabled: false, pageLoadStrategy: none, platformName: windows, proxy: Proxy(), se:cdp: ws://localhost:62099/devtoo..., se:cdpVersion: 138.0.7204.101, setWindowRect: true, strictFileInteractability: false, timeouts: {implicit: 0, pageLoad: 300000, script: 30000}, unhandledPromptBehavior: dismiss and notify, webauthn:extension:credBlob: true, webauthn:extension:largeBlob: true, webauthn:extension:minPinLength: true, webauthn:extension:prf: true, webauthn:virtualAuthenticators: true}
Element: [[ChromeDriver: chrome on windows (c483c5b33cb065166e5750ddb32257a2)] -> xpath: //button[@id='btnPolicyConfirmYes']]
Session ID: c483c5b33cb065166e5750ddb32257a2
Jul 15, 2025 5:53:43 PM base.LogResults createLogs
INFO: PASS - Directory Button Clicked Successfully: 
Jul 15, 2025 5:53:45 PM base.LogResults createLogs
INFO: PASS - Directory Page Loaded Successfully: 
Jul 15, 2025 5:53:45 PM base.LogResults createLogs
INFO: PASS - Clicked On EmployeeTab Successfully: 
Jul 15, 2025 5:53:46 PM base.LogResults createLogs
INFO: PASS - Directory Page Loaded Successfully: 
Jul 15, 2025 5:53:47 PM base.LogResults createLogs
INFO: PASS - Successfully Clicked On First Employee Record 3dots: 
Jul 15, 2025 5:53:47 PM base.LogResults createLogs
INFO: PASS - Successfully Clicked On First Employee Record ManageProfileButton: 
Jul 15, 2025 5:54:07 PM base.LogResults createLogs
INFO: PASS - Successfully Clicked On First Employee Record Policy Button: 
Jul 15, 2025 5:54:16 PM base.LogResults createLogs
INFO: FAIL - Error While Displaying Created Holiday PolicyName : Assigned Policy Name comparison failed: values do not match.Default Holiday Policy (Default)=AutoHPN150725142816ETW
Jul 15, 2025 5:54:16 PM base.LogResults onlyLog
INFO: Failed - MeghHolidayPolicyTest-MPI_586_Holiday_Policy_01-To verify this, create a holiday policy by selecting 2024-2025 as duration year and ensure that the created policy is displayed in the employee profile.
---------------------------------------------------------------
MeghHolidayPolicyTestMPI_586_Holiday_Policy_01
Jul 15, 2025 5:54:16 PM base.LogResults onlyLog
INFO: Total Pass : 0 Total Fail : 1  Total TC : 1
---------------------------------------------------------------
Test case took: 91.3162 seconds
Total TC Time: 00:01:31
Launching Driver...
Jul 15, 2025 5:54:19 PM org.openqa.selenium.devtools.CdpVersionFinder findNearestMatch
WARNING: Unable to find an exact match for CDP version 138, returning the closest version; found: 137; Please update to a Selenium version that supports CDP version 138
Jul 15, 2025 5:54:20 PM base.LogResults createLogs
INFO: PASS - Step 1: Application loaded successfully.
Jul 15, 2025 5:54:24 PM base.LogResults createLogs
INFO: PASS - Step 2: Company code entered successfully.ASJL
Jul 15, 2025 5:54:24 PM base.LogResults createLogs
INFO: PASS - Step 3: Clicked 'Login with Password' successfully.
Jul 15, 2025 5:54:29 PM base.LogResults createLogs
INFO: PASS - Step 4: Sign-in section appeared.
Jul 15, 2025 5:54:29 PM base.LogResults createLogs
INFO: PASS - Step 5: Username entered.AutoE150725142816@mailinator.com
Jul 15, 2025 5:54:29 PM base.LogResults createLogs
INFO: PASS - Step 6: Password entered.Pramod@1234
Jul 15, 2025 5:54:29 PM base.LogResults createLogs
INFO: PASS - Step 7: Captcha entered.12345
Jul 15, 2025 5:54:29 PM base.LogResults createLogs
INFO: PASS - Step 8: Sign-in button clicked.
Jul 15, 2025 5:54:32 PM base.LogResults createLogs
INFO: PASS - Step 9: Login validated successfully.
Jul 15, 2025 5:54:32 PM base.LogResults createLogs
INFO: PASS - Login Done Successfully: 
Jul 15, 2025 5:54:36 PM base.LogResults createLogs
INFO: PASS - PolicyIcon Clicked Successfully: 
Jul 15, 2025 5:54:36 PM base.LogResults createLogs
INFO: PASS - PolicyMaster Loaded Successfully: 
Jul 15, 2025 5:54:37 PM base.LogResults createLogs
INFO: PASS - LeaveDropDownFromSideBar Clicked Successfully: 
Jul 15, 2025 5:54:38 PM base.LogResults createLogs
INFO: PASS - HolidaysButtonFromSidebar Clicked Successfully: 
Jul 15, 2025 5:54:46 PM base.LogResults createLogs
INFO: PASS - HolidayPolicy Name Inutted In SearchTextField Successfully: AutoHPN150725142816ETW
Jul 15, 2025 5:55:00 PM base.LogResults createLogs
INFO: FAIL - Error While Displaying Created HolidayPolicy Name : no such element: Unable to locate element: {"method":"xpath","selector":"//table[@id='dtHolidayPolicy']/tbody/tr[1]/td[1]/p/span"}
  (Session info: chrome=138.0.7204.101)
For documentation on this error, please visit: https://www.selenium.dev/documentation/webdriver/troubleshooting/errors#no-such-element-exception
Build info: version: '4.34.0', revision: '707dcb4246*'
System info: os.name: 'Windows 10', os.arch: 'amd64', os.version: '10.0', java.version: '17.0.11'
Driver info: org.openqa.selenium.chrome.ChromeDriver
Command: [68bc7dbae6d11888394e03be7f2c335a, findElement {value=//table[@id='dtHolidayPolicy']/tbody/tr[1]/td[1]/p/span, using=xpath}]
Capabilities {acceptInsecureCerts: true, browserName: chrome, browserVersion: 138.0.7204.101, chrome: {chromedriverVersion: 138.0.7204.94 (545025748884..., userDataDir: C:\Users\Pramod.C\AppData\L...}, fedcm:accounts: true, goog:chromeOptions: {debuggerAddress: localhost:62165}, networkConnectionEnabled: false, pageLoadStrategy: none, platformName: windows, proxy: Proxy(), se:cdp: ws://localhost:62165/devtoo..., se:cdpVersion: 138.0.7204.101, setWindowRect: true, strictFileInteractability: false, timeouts: {implicit: 0, pageLoad: 300000, script: 30000}, unhandledPromptBehavior: dismiss and notify, webauthn:extension:credBlob: true, webauthn:extension:largeBlob: true, webauthn:extension:minPinLength: true, webauthn:extension:prf: true, webauthn:virtualAuthenticators: true}
Session ID: 68bc7dbae6d11888394e03be7f2c335a
Jul 15, 2025 5:55:00 PM base.LogResults onlyLog
INFO: Failed - MeghHolidayPolicyTest-MPI_587_Holiday_Policy_02-To verify this, check the functionality of search feature 
---------------------------------------------------------------
MeghHolidayPolicyTestMPI_587_Holiday_Policy_02
Jul 15, 2025 5:55:00 PM base.LogResults onlyLog
INFO: Total Pass : 0 Total Fail : 2  Total TC : 2
---------------------------------------------------------------
Test case took: 41.6633 seconds
Total TC Time: 00:02:12
Launching Driver...
Jul 15, 2025 5:55:03 PM org.openqa.selenium.devtools.CdpVersionFinder findNearestMatch
WARNING: Unable to find an exact match for CDP version 138, returning the closest version; found: 137; Please update to a Selenium version that supports CDP version 138
Jul 15, 2025 5:55:05 PM base.LogResults createLogs
INFO: PASS - Step 1: Application loaded successfully.
Jul 15, 2025 5:55:09 PM base.LogResults createLogs
INFO: PASS - Step 2: Company code entered successfully.ASJL
Jul 15, 2025 5:55:09 PM base.LogResults createLogs
INFO: PASS - Step 3: Clicked 'Login with Password' successfully.
Jul 15, 2025 5:55:13 PM base.LogResults createLogs
INFO: PASS - Step 4: Sign-in section appeared.
Jul 15, 2025 5:55:14 PM base.LogResults createLogs
INFO: PASS - Step 5: Username entered.AutoE150725142816@mailinator.com
Jul 15, 2025 5:55:14 PM base.LogResults createLogs
INFO: PASS - Step 6: Password entered.Pramod@1234
Jul 15, 2025 5:55:14 PM base.LogResults createLogs
INFO: PASS - Step 7: Captcha entered.12345
Jul 15, 2025 5:55:14 PM base.LogResults createLogs
INFO: PASS - Step 8: Sign-in button clicked.
Jul 15, 2025 5:55:17 PM base.LogResults createLogs
INFO: PASS - Step 9: Login validated successfully.
Jul 15, 2025 5:55:17 PM base.LogResults createLogs
INFO: PASS - Login Done Successfully: 
Jul 15, 2025 5:55:21 PM base.LogResults createLogs
INFO: PASS - PolicyIcon Clicked Successfully: 
Jul 15, 2025 5:55:21 PM base.LogResults createLogs
INFO: PASS - PolicyMaster Loaded Successfully: 
Jul 15, 2025 5:55:21 PM base.LogResults createLogs
INFO: PASS - LeaveDropDownFromSideBar Clicked Successfully: 
Jul 15, 2025 5:55:22 PM base.LogResults createLogs
INFO: PASS - HolidaysButtonFromSidebar Clicked Successfully: 
Jul 15, 2025 5:55:30 PM base.LogResults createLogs
INFO: PASS - HolidayPolicy Name Inutted In SearchTextField Successfully: AutoHPN150725142816ETW
Jul 15, 2025 5:55:44 PM base.LogResults createLogs
INFO: FAIL - Error While Displaying Created HolidayPolicy Name : no such element: Unable to locate element: {"method":"xpath","selector":"//table[@id='dtHolidayPolicy']/tbody/tr[1]/td[1]/p/span"}
  (Session info: chrome=138.0.7204.101)
For documentation on this error, please visit: https://www.selenium.dev/documentation/webdriver/troubleshooting/errors#no-such-element-exception
Build info: version: '4.34.0', revision: '707dcb4246*'
System info: os.name: 'Windows 10', os.arch: 'amd64', os.version: '10.0', java.version: '17.0.11'
Driver info: org.openqa.selenium.chrome.ChromeDriver
Command: [19b69581fb7e26a766f8bf76d045739c, findElement {value=//table[@id='dtHolidayPolicy']/tbody/tr[1]/td[1]/p/span, using=xpath}]
Capabilities {acceptInsecureCerts: true, browserName: chrome, browserVersion: 138.0.7204.101, chrome: {chromedriverVersion: 138.0.7204.94 (545025748884..., userDataDir: C:\Users\Pramod.C\AppData\L...}, fedcm:accounts: true, goog:chromeOptions: {debuggerAddress: localhost:62205}, networkConnectionEnabled: false, pageLoadStrategy: none, platformName: windows, proxy: Proxy(), se:cdp: ws://localhost:62205/devtoo..., se:cdpVersion: 138.0.7204.101, setWindowRect: true, strictFileInteractability: false, timeouts: {implicit: 0, pageLoad: 300000, script: 30000}, unhandledPromptBehavior: dismiss and notify, webauthn:extension:credBlob: true, webauthn:extension:largeBlob: true, webauthn:extension:minPinLength: true, webauthn:extension:prf: true, webauthn:virtualAuthenticators: true}
Session ID: 19b69581fb7e26a766f8bf76d045739c
Jul 15, 2025 5:55:55 PM base.LogResults createLogs
INFO: FAIL - Error While Clicking On Created HolidayPolicy Edit Icon : no such element: Unable to locate element: {"method":"xpath","selector":"//table[@id='dtHolidayPolicy']/tbody/tr[1]/td[4]/a/button/img"}
  (Session info: chrome=138.0.7204.101)
For documentation on this error, please visit: https://www.selenium.dev/documentation/webdriver/troubleshooting/errors#no-such-element-exception
Build info: version: '4.34.0', revision: '707dcb4246*'
System info: os.name: 'Windows 10', os.arch: 'amd64', os.version: '10.0', java.version: '17.0.11'
Driver info: org.openqa.selenium.chrome.ChromeDriver
Command: [19b69581fb7e26a766f8bf76d045739c, findElement {value=//table[@id='dtHolidayPolicy']/tbody/tr[1]/td[4]/a/button/img, using=xpath}]
Capabilities {acceptInsecureCerts: true, browserName: chrome, browserVersion: 138.0.7204.101, chrome: {chromedriverVersion: 138.0.7204.94 (545025748884..., userDataDir: C:\Users\Pramod.C\AppData\L...}, fedcm:accounts: true, goog:chromeOptions: {debuggerAddress: localhost:62205}, networkConnectionEnabled: false, pageLoadStrategy: none, platformName: windows, proxy: Proxy(), se:cdp: ws://localhost:62205/devtoo..., se:cdpVersion: 138.0.7204.101, setWindowRect: true, strictFileInteractability: false, timeouts: {implicit: 0, pageLoad: 300000, script: 30000}, unhandledPromptBehavior: dismiss and notify, webauthn:extension:credBlob: true, webauthn:extension:largeBlob: true, webauthn:extension:minPinLength: true, webauthn:extension:prf: true, webauthn:virtualAuthenticators: true}
Session ID: 19b69581fb7e26a766f8bf76d045739c
Jul 15, 2025 5:56:13 PM base.LogResults createLogs
INFO: FAIL - Error While Inputting  HolidayPolicyName In TextField: no such element: Unable to locate element: {"method":"xpath","selector":"//input[@id='txtPolicyName']"}
  (Session info: chrome=138.0.7204.101)
For documentation on this error, please visit: https://www.selenium.dev/documentation/webdriver/troubleshooting/errors#no-such-element-exception
Build info: version: '4.34.0', revision: '707dcb4246*'
System info: os.name: 'Windows 10', os.arch: 'amd64', os.version: '10.0', java.version: '17.0.11'
Driver info: org.openqa.selenium.chrome.ChromeDriver
Command: [19b69581fb7e26a766f8bf76d045739c, findElement {value=//input[@id='txtPolicyName'], using=xpath}]
Capabilities {acceptInsecureCerts: true, browserName: chrome, browserVersion: 138.0.7204.101, chrome: {chromedriverVersion: 138.0.7204.94 (545025748884..., userDataDir: C:\Users\Pramod.C\AppData\L...}, fedcm:accounts: true, goog:chromeOptions: {debuggerAddress: localhost:62205}, networkConnectionEnabled: false, pageLoadStrategy: none, platformName: windows, proxy: Proxy(), se:cdp: ws://localhost:62205/devtoo..., se:cdpVersion: 138.0.7204.101, setWindowRect: true, strictFileInteractability: false, timeouts: {implicit: 0, pageLoad: 300000, script: 30000}, unhandledPromptBehavior: dismiss and notify, webauthn:extension:credBlob: true, webauthn:extension:largeBlob: true, webauthn:extension:minPinLength: true, webauthn:extension:prf: true, webauthn:virtualAuthenticators: true}
Session ID: 19b69581fb7e26a766f8bf76d045739c
Jul 15, 2025 5:56:25 PM base.LogResults createLogs
INFO: FAIL - Error While Selecting The Year: no such element: Unable to locate element: {"method":"xpath","selector":"//select[@id='drpYear']"}
  (Session info: chrome=138.0.7204.101)
For documentation on this error, please visit: https://www.selenium.dev/documentation/webdriver/troubleshooting/errors#no-such-element-exception
Build info: version: '4.34.0', revision: '707dcb4246*'
System info: os.name: 'Windows 10', os.arch: 'amd64', os.version: '10.0', java.version: '17.0.11'
Driver info: org.openqa.selenium.chrome.ChromeDriver
Command: [19b69581fb7e26a766f8bf76d045739c, findElement {value=//select[@id='drpYear'], using=xpath}]
Capabilities {acceptInsecureCerts: true, browserName: chrome, browserVersion: 138.0.7204.101, chrome: {chromedriverVersion: 138.0.7204.94 (545025748884..., userDataDir: C:\Users\Pramod.C\AppData\L...}, fedcm:accounts: true, goog:chromeOptions: {debuggerAddress: localhost:62205}, networkConnectionEnabled: false, pageLoadStrategy: none, platformName: windows, proxy: Proxy(), se:cdp: ws://localhost:62205/devtoo..., se:cdpVersion: 138.0.7204.101, setWindowRect: true, strictFileInteractability: false, timeouts: {implicit: 0, pageLoad: 300000, script: 30000}, unhandledPromptBehavior: dismiss and notify, webauthn:extension:credBlob: true, webauthn:extension:largeBlob: true, webauthn:extension:minPinLength: true, webauthn:extension:prf: true, webauthn:virtualAuthenticators: true}
Session ID: 19b69581fb7e26a766f8bf76d045739c
Jul 15, 2025 5:56:36 PM base.LogResults createLogs
INFO: FAIL - Error While Clicking On NextStepButton: no such element: Unable to locate element: {"method":"xpath","selector":"//a[@id='btnNextSave']"}
  (Session info: chrome=138.0.7204.101)
For documentation on this error, please visit: https://www.selenium.dev/documentation/webdriver/troubleshooting/errors#no-such-element-exception
Build info: version: '4.34.0', revision: '707dcb4246*'
System info: os.name: 'Windows 10', os.arch: 'amd64', os.version: '10.0', java.version: '17.0.11'
Driver info: org.openqa.selenium.chrome.ChromeDriver
Command: [19b69581fb7e26a766f8bf76d045739c, findElement {value=//a[@id='btnNextSave'], using=xpath}]
Capabilities {acceptInsecureCerts: true, browserName: chrome, browserVersion: 138.0.7204.101, chrome: {chromedriverVersion: 138.0.7204.94 (545025748884..., userDataDir: C:\Users\Pramod.C\AppData\L...}, fedcm:accounts: true, goog:chromeOptions: {debuggerAddress: localhost:62205}, networkConnectionEnabled: false, pageLoadStrategy: none, platformName: windows, proxy: Proxy(), se:cdp: ws://localhost:62205/devtoo..., se:cdpVersion: 138.0.7204.101, setWindowRect: true, strictFileInteractability: false, timeouts: {implicit: 0, pageLoad: 300000, script: 30000}, unhandledPromptBehavior: dismiss and notify, webauthn:extension:credBlob: true, webauthn:extension:largeBlob: true, webauthn:extension:minPinLength: true, webauthn:extension:prf: true, webauthn:virtualAuthenticators: true}
Session ID: 19b69581fb7e26a766f8bf76d045739c
Jul 15, 2025 5:56:36 PM base.LogResults createLogs
INFO: FAIL - Skipping rest steps as error count reached configured value : 5
Jul 15, 2025 5:56:36 PM base.LogResults onlyLog
INFO: Failed - MeghHolidayPolicyTest-MPI_590_Holiday_Policy_05-To verify this, edit the holiday policy and add another holiday and ensure added holiday is added to the policy 
---------------------------------------------------------------
MeghHolidayPolicyTestMPI_590_Holiday_Policy_05
Jul 15, 2025 5:56:36 PM base.LogResults onlyLog
INFO: Total Pass : 0 Total Fail : 3  Total TC : 3
---------------------------------------------------------------
Test case took: 92.1223 seconds
Total TC Time: 00:03:45
Launching Driver...
Jul 15, 2025 5:56:38 PM org.openqa.selenium.devtools.CdpVersionFinder findNearestMatch
WARNING: Unable to find an exact match for CDP version 138, returning the closest version; found: 137; Please update to a Selenium version that supports CDP version 138
Jul 15, 2025 5:56:40 PM base.LogResults createLogs
INFO: PASS - Step 1: Application loaded successfully.
Jul 15, 2025 5:56:44 PM base.LogResults createLogs
INFO: PASS - Step 2: Company code entered successfully.ASJL
Jul 15, 2025 5:56:44 PM base.LogResults createLogs
INFO: PASS - Step 3: Clicked 'Login with Password' successfully.
Jul 15, 2025 5:56:48 PM base.LogResults createLogs
INFO: PASS - Step 4: Sign-in section appeared.
Jul 15, 2025 5:56:49 PM base.LogResults createLogs
INFO: PASS - Step 5: Username entered.AutoE150725142816@mailinator.com
Jul 15, 2025 5:56:49 PM base.LogResults createLogs
INFO: PASS - Step 6: Password entered.Pramod@1234
Jul 15, 2025 5:56:49 PM base.LogResults createLogs
INFO: PASS - Step 7: Captcha entered.12345
Jul 15, 2025 5:56:49 PM base.LogResults createLogs
INFO: PASS - Step 8: Sign-in button clicked.
Jul 15, 2025 5:56:59 PM base.LogResults createLogs
INFO: PASS - Step 9: Login validated successfully.
Jul 15, 2025 5:56:59 PM base.LogResults createLogs
INFO: PASS - Login Done Successfully: 
Jul 15, 2025 5:57:03 PM base.LogResults createLogs
INFO: PASS - PolicyIcon Clicked Successfully: 
Jul 15, 2025 5:57:03 PM base.LogResults createLogs
INFO: PASS - PolicyMaster Loaded Successfully: 
Jul 15, 2025 5:57:04 PM base.LogResults createLogs
INFO: PASS - LeaveDropDownFromSideBar Clicked Successfully: 
Jul 15, 2025 5:57:04 PM base.LogResults createLogs
INFO: PASS - HolidaysButtonFromSidebar Clicked Successfully: 
Jul 15, 2025 5:57:05 PM base.LogResults createLogs
INFO: PASS - AddHolidayPolicyButton Clicked Successfully: 
Jul 15, 2025 5:57:13 PM base.LogResults createLogs
INFO: PASS - HolidayPolicyName Inputted In TextField Successfully: AutoHPN150725142816GAE
Jul 15, 2025 5:57:16 PM base.LogResults createLogs
INFO: PASS - Year Selected Successfully: 2024-2025 
Jul 15, 2025 5:57:16 PM base.LogResults createLogs
INFO: PASS - NextStepButton Clicked Successfully: 
Jul 15, 2025 5:57:26 PM base.LogResults createLogs
INFO: FAIL - Error While Clicking On CreateCustomHoliday: element not interactable
  (Session info: chrome=138.0.7204.101)
Build info: version: '4.34.0', revision: '707dcb4246*'
System info: os.name: 'Windows 10', os.arch: 'amd64', os.version: '10.0', java.version: '17.0.11'
Driver info: org.openqa.selenium.chrome.ChromeDriver
Command: [30e0ae54a01075a3cb591461fe21d804, clickElement {id=f.F64843FBFC562320000062BB71967613.d.E22DB43832858677FC86450115EA492E.e.885}]
Capabilities {acceptInsecureCerts: true, browserName: chrome, browserVersion: 138.0.7204.101, chrome: {chromedriverVersion: 138.0.7204.94 (545025748884..., userDataDir: C:\Users\Pramod.C\AppData\L...}, fedcm:accounts: true, goog:chromeOptions: {debuggerAddress: localhost:62271}, networkConnectionEnabled: false, pageLoadStrategy: none, platformName: windows, proxy: Proxy(), se:cdp: ws://localhost:62271/devtoo..., se:cdpVersion: 138.0.7204.101, setWindowRect: true, strictFileInteractability: false, timeouts: {implicit: 0, pageLoad: 300000, script: 30000}, unhandledPromptBehavior: dismiss and notify, webauthn:extension:credBlob: true, webauthn:extension:largeBlob: true, webauthn:extension:minPinLength: true, webauthn:extension:prf: true, webauthn:virtualAuthenticators: true}
Element: [[ChromeDriver: chrome on windows (30e0ae54a01075a3cb591461fe21d804)] -> xpath: //a[@id='btnaddCustomHoliday']]
Session ID: 30e0ae54a01075a3cb591461fe21d804
Jul 15, 2025 5:57:45 PM base.LogResults createLogs
INFO: FAIL - Error While Inputting Holiday Name: element not interactable
  (Session info: chrome=138.0.7204.101)
Build info: version: '4.34.0', revision: '707dcb4246*'
System info: os.name: 'Windows 10', os.arch: 'amd64', os.version: '10.0', java.version: '17.0.11'
Driver info: org.openqa.selenium.chrome.ChromeDriver
Command: [30e0ae54a01075a3cb591461fe21d804, clearElement {id=f.F64843FBFC562320000062BB71967613.d.E22DB43832858677FC86450115EA492E.e.598}]
Capabilities {acceptInsecureCerts: true, browserName: chrome, browserVersion: 138.0.7204.101, chrome: {chromedriverVersion: 138.0.7204.94 (545025748884..., userDataDir: C:\Users\Pramod.C\AppData\L...}, fedcm:accounts: true, goog:chromeOptions: {debuggerAddress: localhost:62271}, networkConnectionEnabled: false, pageLoadStrategy: none, platformName: windows, proxy: Proxy(), se:cdp: ws://localhost:62271/devtoo..., se:cdpVersion: 138.0.7204.101, setWindowRect: true, strictFileInteractability: false, timeouts: {implicit: 0, pageLoad: 300000, script: 30000}, unhandledPromptBehavior: dismiss and notify, webauthn:extension:credBlob: true, webauthn:extension:largeBlob: true, webauthn:extension:minPinLength: true, webauthn:extension:prf: true, webauthn:virtualAuthenticators: true}
Element: [[ChromeDriver: chrome on windows (30e0ae54a01075a3cb591461fe21d804)] -> xpath: //input[@id='txtCustomHolidayName']]
Session ID: 30e0ae54a01075a3cb591461fe21d804
Jul 15, 2025 5:58:03 PM base.LogResults createLogs
INFO: FAIL - Error While Inputting Holiday Name: element not interactable
  (Session info: chrome=138.0.7204.101)
Build info: version: '4.34.0', revision: '707dcb4246*'
System info: os.name: 'Windows 10', os.arch: 'amd64', os.version: '10.0', java.version: '17.0.11'
Driver info: org.openqa.selenium.chrome.ChromeDriver
Command: [30e0ae54a01075a3cb591461fe21d804, clearElement {id=f.F64843FBFC562320000062BB71967613.d.E22DB43832858677FC86450115EA492E.e.598}]
Capabilities {acceptInsecureCerts: true, browserName: chrome, browserVersion: 138.0.7204.101, chrome: {chromedriverVersion: 138.0.7204.94 (545025748884..., userDataDir: C:\Users\Pramod.C\AppData\L...}, fedcm:accounts: true, goog:chromeOptions: {debuggerAddress: localhost:62271}, networkConnectionEnabled: false, pageLoadStrategy: none, platformName: windows, proxy: Proxy(), se:cdp: ws://localhost:62271/devtoo..., se:cdpVersion: 138.0.7204.101, setWindowRect: true, strictFileInteractability: false, timeouts: {implicit: 0, pageLoad: 300000, script: 30000}, unhandledPromptBehavior: dismiss and notify, webauthn:extension:credBlob: true, webauthn:extension:largeBlob: true, webauthn:extension:minPinLength: true, webauthn:extension:prf: true, webauthn:virtualAuthenticators: true}
Element: [[ChromeDriver: chrome on windows (30e0ae54a01075a3cb591461fe21d804)] -> xpath: //input[@id='txtCustomHolidayName']]
Session ID: 30e0ae54a01075a3cb591461fe21d804
Jul 15, 2025 5:58:22 PM base.LogResults createLogs
INFO: FAIL - Error While Inputting DateOfHoliday : invalid element state
  (Session info: chrome=138.0.7204.101)
Build info: version: '4.34.0', revision: '707dcb4246*'
System info: os.name: 'Windows 10', os.arch: 'amd64', os.version: '10.0', java.version: '17.0.11'
Driver info: org.openqa.selenium.chrome.ChromeDriver
Command: [30e0ae54a01075a3cb591461fe21d804, clearElement {id=f.F64843FBFC562320000062BB71967613.d.E22DB43832858677FC86450115EA492E.e.600}]
Capabilities {acceptInsecureCerts: true, browserName: chrome, browserVersion: 138.0.7204.101, chrome: {chromedriverVersion: 138.0.7204.94 (545025748884..., userDataDir: C:\Users\Pramod.C\AppData\L...}, fedcm:accounts: true, goog:chromeOptions: {debuggerAddress: localhost:62271}, networkConnectionEnabled: false, pageLoadStrategy: none, platformName: windows, proxy: Proxy(), se:cdp: ws://localhost:62271/devtoo..., se:cdpVersion: 138.0.7204.101, setWindowRect: true, strictFileInteractability: false, timeouts: {implicit: 0, pageLoad: 300000, script: 30000}, unhandledPromptBehavior: dismiss and notify, webauthn:extension:credBlob: true, webauthn:extension:largeBlob: true, webauthn:extension:minPinLength: true, webauthn:extension:prf: true, webauthn:virtualAuthenticators: true}
Element: [[ChromeDriver: chrome on windows (30e0ae54a01075a3cb591461fe21d804)] -> xpath: //input[@id='txtCustomHolidayDate']]
Session ID: 30e0ae54a01075a3cb591461fe21d804
Jul 15, 2025 5:58:35 PM base.LogResults createLogs
INFO: FAIL - Error While Selecting Country : element not interactable: Element is not currently visible and may not be manipulated
  (Session info: chrome=138.0.7204.101)
Build info: version: '4.34.0', revision: '707dcb4246*'
System info: os.name: 'Windows 10', os.arch: 'amd64', os.version: '10.0', java.version: '17.0.11'
Driver info: org.openqa.selenium.chrome.ChromeDriver
Command: [30e0ae54a01075a3cb591461fe21d804, clickElement {id=f.F64843FBFC562320000062BB71967613.d.E22DB43832858677FC86450115EA492E.e.902}]
Capabilities {acceptInsecureCerts: true, browserName: chrome, browserVersion: 138.0.7204.101, chrome: {chromedriverVersion: 138.0.7204.94 (545025748884..., userDataDir: C:\Users\Pramod.C\AppData\L...}, fedcm:accounts: true, goog:chromeOptions: {debuggerAddress: localhost:62271}, networkConnectionEnabled: false, pageLoadStrategy: none, platformName: windows, proxy: Proxy(), se:cdp: ws://localhost:62271/devtoo..., se:cdpVersion: 138.0.7204.101, setWindowRect: true, strictFileInteractability: false, timeouts: {implicit: 0, pageLoad: 300000, script: 30000}, unhandledPromptBehavior: dismiss and notify, webauthn:extension:credBlob: true, webauthn:extension:largeBlob: true, webauthn:extension:minPinLength: true, webauthn:extension:prf: true, webauthn:virtualAuthenticators: true}
Element: [[[[ChromeDriver: chrome on windows (30e0ae54a01075a3cb591461fe21d804)] -> xpath: //select[@id='drpCustomHolidayCountry']]] -> tag name: option]
Session ID: 30e0ae54a01075a3cb591461fe21d804
Jul 15, 2025 5:58:35 PM base.LogResults createLogs
INFO: FAIL - Skipping rest steps as error count reached configured value : 5
Jul 15, 2025 5:58:35 PM base.LogResults onlyLog
INFO: Failed - MeghHolidayPolicyTest-MPI_591_Holiday_Policy_06-To verify this, add a new holiday and ensure added holiday is displaying in the list during policy creation
---------------------------------------------------------------
MeghHolidayPolicyTestMPI_591_Holiday_Policy_06
Jul 15, 2025 5:58:35 PM base.LogResults onlyLog
INFO: Total Pass : 0 Total Fail : 4  Total TC : 4
---------------------------------------------------------------
Test case took: 116.0800 seconds
Total TC Time: 00:05:41
Launching Driver...
Jul 15, 2025 5:58:37 PM org.openqa.selenium.devtools.CdpVersionFinder findNearestMatch
WARNING: Unable to find an exact match for CDP version 138, returning the closest version; found: 137; Please update to a Selenium version that supports CDP version 138
Jul 15, 2025 5:58:38 PM base.LogResults createLogs
INFO: PASS - Step 1: Application loaded successfully.
Jul 15, 2025 5:58:43 PM base.LogResults createLogs
INFO: PASS - Step 2: Company code entered successfully.ASJL
Jul 15, 2025 5:58:43 PM base.LogResults createLogs
INFO: PASS - Step 3: Clicked 'Login with Password' successfully.
Jul 15, 2025 5:58:47 PM base.LogResults createLogs
INFO: PASS - Step 4: Sign-in section appeared.
Jul 15, 2025 5:58:47 PM base.LogResults createLogs
INFO: PASS - Step 5: Username entered.AutoE150725142816@mailinator.com
Jul 15, 2025 5:58:47 PM base.LogResults createLogs
INFO: PASS - Step 6: Password entered.Pramod@1234
Jul 15, 2025 5:58:48 PM base.LogResults createLogs
INFO: PASS - Step 7: Captcha entered.12345
Jul 15, 2025 5:58:48 PM base.LogResults createLogs
INFO: PASS - Step 8: Sign-in button clicked.
Jul 15, 2025 5:58:51 PM base.LogResults createLogs
INFO: PASS - Step 9: Login validated successfully.
Jul 15, 2025 5:58:51 PM base.LogResults createLogs
INFO: PASS - Login Done Successfully: 
Jul 15, 2025 5:58:55 PM base.LogResults createLogs
INFO: PASS - PolicyIcon Clicked Successfully: 
Jul 15, 2025 5:58:55 PM base.LogResults createLogs
INFO: PASS - PolicyMaster Loaded Successfully: 
Jul 15, 2025 5:58:56 PM base.LogResults createLogs
INFO: PASS - LeaveDropDownFromSideBar Clicked Successfully: 
Jul 15, 2025 5:58:57 PM base.LogResults createLogs
INFO: PASS - HolidaysButtonFromSidebar Clicked Successfully: 
Jul 15, 2025 5:58:58 PM base.LogResults createLogs
INFO: PASS - AddHolidayPolicyButton Clicked Successfully: 
Jul 15, 2025 5:59:06 PM base.LogResults createLogs
INFO: PASS - HolidayPolicyName Inputted In TextField Successfully: Diwali
Jul 15, 2025 5:59:09 PM base.LogResults createLogs
INFO: PASS - Year Selected Successfully: 2024-2025 
Jul 15, 2025 5:59:17 PM base.LogResults createLogs
INFO: PASS - Holiday Name Inputted Successfully: Diwali
Jul 15, 2025 5:59:31 PM base.LogResults createLogs
INFO: PASS - Holiday Name Displayed Successfully: Diwali=Diwali
Jul 15, 2025 5:59:31 PM base.LogResults onlyLog
INFO: Passed - MeghHolidayPolicyTest-MPI_592_Holiday_Policy_07-To verify this, check the functionality of search feature in add holiday policy and input holiday name and ensure inputted holiday name is displaying or not
---------------------------------------------------------------
MeghHolidayPolicyTestMPI_592_Holiday_Policy_07
Jul 15, 2025 5:59:31 PM base.LogResults onlyLog
INFO: Total Pass : 1 Total Fail : 4  Total TC : 5
---------------------------------------------------------------
Test case took: 54.0165 seconds
Total TC Time: 00:06:35
Launching Driver...
Jul 15, 2025 5:59:34 PM org.openqa.selenium.devtools.CdpVersionFinder findNearestMatch
WARNING: Unable to find an exact match for CDP version 138, returning the closest version; found: 137; Please update to a Selenium version that supports CDP version 138
Jul 15, 2025 5:59:35 PM base.LogResults createLogs
INFO: PASS - Step 1: Application loaded successfully.
Jul 15, 2025 5:59:39 PM base.LogResults createLogs
INFO: PASS - Step 2: Company code entered successfully.ASJL
Jul 15, 2025 5:59:40 PM base.LogResults createLogs
INFO: PASS - Step 3: Clicked 'Login with Password' successfully.
Jul 15, 2025 5:59:44 PM base.LogResults createLogs
INFO: PASS - Step 4: Sign-in section appeared.
Jul 15, 2025 5:59:44 PM base.LogResults createLogs
INFO: PASS - Step 5: Username entered.AutoE150725142816@mailinator.com
Jul 15, 2025 5:59:44 PM base.LogResults createLogs
INFO: PASS - Step 6: Password entered.Pramod@1234
Jul 15, 2025 5:59:44 PM base.LogResults createLogs
INFO: PASS - Step 7: Captcha entered.12345
Jul 15, 2025 5:59:45 PM base.LogResults createLogs
INFO: PASS - Step 8: Sign-in button clicked.
Jul 15, 2025 5:59:47 PM base.LogResults createLogs
INFO: PASS - Step 9: Login validated successfully.
Jul 15, 2025 5:59:47 PM base.LogResults createLogs
INFO: PASS - Login Done Successfully: 
Jul 15, 2025 5:59:52 PM base.LogResults createLogs
INFO: PASS - PolicyIcon Clicked Successfully: 
Jul 15, 2025 5:59:52 PM base.LogResults createLogs
INFO: PASS - PolicyMaster Loaded Successfully: 
Jul 15, 2025 5:59:52 PM base.LogResults createLogs
INFO: PASS - LeaveDropDownFromSideBar Clicked Successfully: 
Jul 15, 2025 5:59:53 PM base.LogResults createLogs
INFO: PASS - HolidaysButtonFromSidebar Clicked Successfully: 
Jul 15, 2025 5:59:55 PM base.LogResults createLogs
INFO: PASS - AddHolidayPolicyButton Clicked Successfully: 
Jul 15, 2025 6:00:03 PM base.LogResults createLogs
INFO: PASS - HolidayPolicyName Inputted In TextField Successfully: AutoHPN150725142816VOY
Jul 15, 2025 6:00:03 PM base.LogResults createLogs
INFO: PASS - DefaultCheckBox Clicked Successfully: 
Jul 15, 2025 6:00:05 PM base.LogResults createLogs
INFO: PASS - Year Selected Successfully: 2024-2025 
Jul 15, 2025 6:00:06 PM base.LogResults createLogs
INFO: PASS - NextStepButton Clicked Successfully: 
Jul 15, 2025 6:00:06 PM base.LogResults createLogs
INFO: PASS - NextStepButton Clicked Successfully: 
Jul 15, 2025 6:00:16 PM base.LogResults createLogs
INFO: FAIL - Error While Clicking On CreatePolicySaveButton: element not interactable
  (Session info: chrome=138.0.7204.101)
Build info: version: '4.34.0', revision: '707dcb4246*'
System info: os.name: 'Windows 10', os.arch: 'amd64', os.version: '10.0', java.version: '17.0.11'
Driver info: org.openqa.selenium.chrome.ChromeDriver
Command: [68dad98484f47032a30e467ff6e5342b, clickElement {id=f.75ACD4D25D2C62177AF61C6DE5DEB77B.d.48CDA2DF49A2CEA10F87CF6DF9828A81.e.894}]
Capabilities {acceptInsecureCerts: true, browserName: chrome, browserVersion: 138.0.7204.101, chrome: {chromedriverVersion: 138.0.7204.94 (545025748884..., userDataDir: C:\Users\Pramod.C\AppData\L...}, fedcm:accounts: true, goog:chromeOptions: {debuggerAddress: localhost:62366}, networkConnectionEnabled: false, pageLoadStrategy: none, platformName: windows, proxy: Proxy(), se:cdp: ws://localhost:62366/devtoo..., se:cdpVersion: 138.0.7204.101, setWindowRect: true, strictFileInteractability: false, timeouts: {implicit: 0, pageLoad: 300000, script: 30000}, unhandledPromptBehavior: dismiss and notify, webauthn:extension:credBlob: true, webauthn:extension:largeBlob: true, webauthn:extension:minPinLength: true, webauthn:extension:prf: true, webauthn:virtualAuthenticators: true}
Element: [[ChromeDriver: chrome on windows (68dad98484f47032a30e467ff6e5342b)] -> xpath: //a[@id='btnHolidayPolicySave']]
Session ID: 68dad98484f47032a30e467ff6e5342b
Jul 15, 2025 6:00:27 PM base.LogResults createLogs
INFO: FAIL - Error While Clicking On Yes Button : element not interactable
  (Session info: chrome=138.0.7204.101)
Build info: version: '4.34.0', revision: '707dcb4246*'
System info: os.name: 'Windows 10', os.arch: 'amd64', os.version: '10.0', java.version: '17.0.11'
Driver info: org.openqa.selenium.chrome.ChromeDriver
Command: [68dad98484f47032a30e467ff6e5342b, clickElement {id=f.75ACD4D25D2C62177AF61C6DE5DEB77B.d.48CDA2DF49A2CEA10F87CF6DF9828A81.e.905}]
Capabilities {acceptInsecureCerts: true, browserName: chrome, browserVersion: 138.0.7204.101, chrome: {chromedriverVersion: 138.0.7204.94 (545025748884..., userDataDir: C:\Users\Pramod.C\AppData\L...}, fedcm:accounts: true, goog:chromeOptions: {debuggerAddress: localhost:62366}, networkConnectionEnabled: false, pageLoadStrategy: none, platformName: windows, proxy: Proxy(), se:cdp: ws://localhost:62366/devtoo..., se:cdpVersion: 138.0.7204.101, setWindowRect: true, strictFileInteractability: false, timeouts: {implicit: 0, pageLoad: 300000, script: 30000}, unhandledPromptBehavior: dismiss and notify, webauthn:extension:credBlob: true, webauthn:extension:largeBlob: true, webauthn:extension:minPinLength: true, webauthn:extension:prf: true, webauthn:virtualAuthenticators: true}
Element: [[ChromeDriver: chrome on windows (68dad98484f47032a30e467ff6e5342b)] -> xpath: //button[@id='btnPolicyConfirmYes']]
Session ID: 68dad98484f47032a30e467ff6e5342b
Jul 15, 2025 6:00:32 PM base.LogResults createLogs
INFO: PASS - Directory Button Clicked Successfully: 
Jul 15, 2025 6:00:33 PM base.LogResults createLogs
INFO: PASS - Directory Page Loaded Successfully: 
Jul 15, 2025 6:00:33 PM base.LogResults createLogs
INFO: PASS - Clicked On EmployeeTab Successfully: 
Jul 15, 2025 6:00:35 PM base.LogResults createLogs
INFO: PASS - Directory Page Loaded Successfully: 
Jul 15, 2025 6:00:45 PM base.LogResults createLogs
INFO: PASS - Clicked On TotalCountDropDown Successfully: 
Jul 15, 2025 6:00:46 PM base.LogResults createLogs
INFO: PASS - Clicked On AddNewButton Successfully: 
Jul 15, 2025 6:00:49 PM base.LogResults createLogs
INFO: PASS - Employee Form Loaded Successfully: 
Jul 15, 2025 6:00:52 PM base.LogResults createLogs
INFO: FAIL - Error while Clicking On EmployeeTypeDropdown  : Cannot locate option with text: 
For documentation on this error, please visit: https://www.selenium.dev/documentation/webdriver/troubleshooting/errors#no-such-element-exception
Build info: version: '4.34.0', revision: '707dcb4246*'
System info: os.name: 'Windows 10', os.arch: 'amd64', os.version: '10.0', java.version: '17.0.11'
Driver info: driver.version: unknown
Jul 15, 2025 6:00:52 PM base.LogResults createLogs
INFO: PASS - Clicked On ReportingToDropdown Successfully: 
Jul 15, 2025 6:00:55 PM base.LogResults createLogs
INFO: PASS - Clicked On ReportingTo Search Text Field And Input Is Passed: AutoAFN
Jul 15, 2025 6:00:57 PM base.LogResults createLogs
INFO: PASS - Entity Name Selected Successfully: 
Jul 15, 2025 6:00:57 PM base.LogResults createLogs
INFO: PASS - EmployeeID Entered On Employee ID Text Field: AutoEIDFCFOY
Jul 15, 2025 6:01:00 PM base.LogResults createLogs
INFO: PASS -  CompanyLocation Selected From The DropDown : AutoON150725142816
Jul 15, 2025 6:01:01 PM base.LogResults createLogs
INFO: PASS - Employee First Name Entered On Employee FirstName Text Field: AutoFNGFUE
Jul 15, 2025 6:01:01 PM base.LogResults createLogs
INFO: PASS - Employee Last Name Entered On Employee Last Name Text Field: AutoLNDHNHQL
Jul 15, 2025 6:01:01 PM base.LogResults createLogs
INFO: PASS - Employee Email Entered On Email ID Text Field: AutoE150725142816SQW@mailinator.com
Jul 15, 2025 6:01:01 PM base.LogResults createLogs
INFO: PASS - Employee Phone Number Entered On Phone Number Text Field: 9851494965
Jul 15, 2025 6:01:01 PM base.LogResults createLogs
INFO: PASS - Employee Joining Date  Text Field Is Clicked: 
Jul 15, 2025 6:01:01 PM base.LogResults createLogs
INFO: PASS - Employee Joining Date Entered On Joining Date Text Field: 
Jul 15, 2025 6:01:02 PM base.LogResults createLogs
INFO: PASS - Clicked On AddEmployeeSave Successfully: 
Jul 15, 2025 6:01:25 PM base.LogResults createLogs
INFO: FAIL - Error while Clicking On GoToDirectory: Failed to click 'Go to Directory' link: Expected condition failed: waiting for element to be clickable: By.xpath: //a[text()='Go to Directory']/.. (tried for 20 second(s) with 500 milliseconds interval)
Build info: version: '4.34.0', revision: '707dcb4246*'
System info: os.name: 'Windows 10', os.arch: 'amd64', os.version: '10.0', java.version: '17.0.11'
Driver info: org.openqa.selenium.chrome.ChromeDriver
Capabilities {acceptInsecureCerts: true, browserName: chrome, browserVersion: 138.0.7204.101, chrome: {chromedriverVersion: 138.0.7204.94 (545025748884..., userDataDir: C:\Users\Pramod.C\AppData\L...}, fedcm:accounts: true, goog:chromeOptions: {debuggerAddress: localhost:62366}, networkConnectionEnabled: false, pageLoadStrategy: none, platformName: windows, proxy: Proxy(), se:cdp: ws://localhost:62366/devtoo..., se:cdpVersion: 138.0.7204.101, setWindowRect: true, strictFileInteractability: false, timeouts: {implicit: 0, pageLoad: 300000, script: 30000}, unhandledPromptBehavior: dismiss and notify, webauthn:extension:credBlob: true, webauthn:extension:largeBlob: true, webauthn:extension:minPinLength: true, webauthn:extension:prf: true, webauthn:virtualAuthenticators: true}
Session ID: 68dad98484f47032a30e467ff6e5342b
Jul 15, 2025 6:01:30 PM base.LogResults createLogs
INFO: PASS - Directory Button Clicked Successfully: 
Jul 15, 2025 6:01:32 PM base.LogResults createLogs
INFO: PASS - Directory Page Loaded Successfully: 
Jul 15, 2025 6:01:32 PM base.LogResults createLogs
INFO: PASS - Clicked On EmployeeTab Successfully: 
Jul 15, 2025 6:01:33 PM base.LogResults createLogs
INFO: PASS - Directory Page Loaded Successfully: 
Jul 15, 2025 6:01:33 PM base.LogResults createLogs
INFO: PASS - Clicked On SearchDropDown Successfully: 
Jul 15, 2025 6:01:34 PM base.LogResults createLogs
INFO: PASS - Selected  LasTName  Successfully: 
Jul 15, 2025 6:01:34 PM base.LogResults createLogs
INFO: PASS - Clicked On SearchDropDown Successfully: 
Jul 15, 2025 6:01:38 PM base.LogResults createLogs
INFO: PASS - Clicked On Search Text Field And Pass The Created Employee LastName Successfully: AutoLNDHNHQL
Jul 15, 2025 6:01:52 PM base.LogResults createLogs
INFO: FAIL - Error While Displaying Employee: no such element: Unable to locate element: {"method":"xpath","selector":"(//div[@class='user_details'])[1]"}
  (Session info: chrome=138.0.7204.101)
For documentation on this error, please visit: https://www.selenium.dev/documentation/webdriver/troubleshooting/errors#no-such-element-exception
Build info: version: '4.34.0', revision: '707dcb4246*'
System info: os.name: 'Windows 10', os.arch: 'amd64', os.version: '10.0', java.version: '17.0.11'
Driver info: org.openqa.selenium.chrome.ChromeDriver
Command: [68dad98484f47032a30e467ff6e5342b, findElement {value=(//div[@class='user_details'])[1], using=xpath}]
Capabilities {acceptInsecureCerts: true, browserName: chrome, browserVersion: 138.0.7204.101, chrome: {chromedriverVersion: 138.0.7204.94 (545025748884..., userDataDir: C:\Users\Pramod.C\AppData\L...}, fedcm:accounts: true, goog:chromeOptions: {debuggerAddress: localhost:62366}, networkConnectionEnabled: false, pageLoadStrategy: none, platformName: windows, proxy: Proxy(), se:cdp: ws://localhost:62366/devtoo..., se:cdpVersion: 138.0.7204.101, setWindowRect: true, strictFileInteractability: false, timeouts: {implicit: 0, pageLoad: 300000, script: 30000}, unhandledPromptBehavior: dismiss and notify, webauthn:extension:credBlob: true, webauthn:extension:largeBlob: true, webauthn:extension:minPinLength: true, webauthn:extension:prf: true, webauthn:virtualAuthenticators: true}
Session ID: 68dad98484f47032a30e467ff6e5342b
Jul 15, 2025 6:01:52 PM base.LogResults createLogs
INFO: FAIL - Skipping rest steps as error count reached configured value : 5
Jul 15, 2025 6:01:52 PM base.LogResults onlyLog
INFO: Failed - MeghHolidayPolicyTest-MPI_593_Holiday_Policy_08-To verify this, create an policy and make it to default and then create new employee and ensure new employee is added under default holiday policy
---------------------------------------------------------------
MeghHolidayPolicyTestMPI_593_Holiday_Policy_08
Jul 15, 2025 6:01:52 PM base.LogResults onlyLog
INFO: Total Pass : 1 Total Fail : 5  Total TC : 6
---------------------------------------------------------------
Test case took: 137.5588 seconds
Total TC Time: 00:08:52
Launching Driver...
Jul 15, 2025 6:01:54 PM org.openqa.selenium.devtools.CdpVersionFinder findNearestMatch
WARNING: Unable to find an exact match for CDP version 138, returning the closest version; found: 137; Please update to a Selenium version that supports CDP version 138
Jul 15, 2025 6:01:56 PM base.LogResults createLogs
INFO: PASS - Step 1: Application loaded successfully.
Jul 15, 2025 6:02:00 PM base.LogResults createLogs
INFO: PASS - Step 2: Company code entered successfully.ASJL
Jul 15, 2025 6:02:00 PM base.LogResults createLogs
INFO: PASS - Step 3: Clicked 'Login with Password' successfully.
Jul 15, 2025 6:02:04 PM base.LogResults createLogs
INFO: PASS - Step 4: Sign-in section appeared.
Jul 15, 2025 6:02:05 PM base.LogResults createLogs
INFO: PASS - Step 5: Username entered.AutoE150725142816@mailinator.com
Jul 15, 2025 6:02:05 PM base.LogResults createLogs
INFO: PASS - Step 6: Password entered.Pramod@1234
Jul 15, 2025 6:02:05 PM base.LogResults createLogs
INFO: PASS - Step 7: Captcha entered.12345
Jul 15, 2025 6:02:05 PM base.LogResults createLogs
INFO: PASS - Step 8: Sign-in button clicked.
Jul 15, 2025 6:02:08 PM base.LogResults createLogs
INFO: PASS - Step 9: Login validated successfully.
Jul 15, 2025 6:02:08 PM base.LogResults createLogs
INFO: PASS - Login Done Successfully: 
Jul 15, 2025 6:02:13 PM base.LogResults createLogs
INFO: PASS - Directory Button Clicked Successfully: 
Jul 15, 2025 6:02:14 PM base.LogResults createLogs
INFO: PASS - Directory Page Loaded Successfully: 
Jul 15, 2025 6:02:14 PM base.LogResults createLogs
INFO: PASS - Clicked On EmployeeTab Successfully: 
Jul 15, 2025 6:02:16 PM base.LogResults createLogs
INFO: PASS - Directory Page Loaded Successfully: 
Jul 15, 2025 6:02:26 PM base.LogResults createLogs
INFO: PASS - Clicked On TotalCountDropDown Successfully: 
Jul 15, 2025 6:02:28 PM base.LogResults createLogs
INFO: PASS - Clicked On AddNewButton Successfully: 
Jul 15, 2025 6:02:30 PM base.LogResults createLogs
INFO: PASS - Employee Form Loaded Successfully: 
Jul 15, 2025 6:02:34 PM base.LogResults createLogs
INFO: PASS - Clicked On EmployeeTypeDropdown Successfully And Selected EntityName Successfully: AutoEN150725142816
Jul 15, 2025 6:02:34 PM base.LogResults createLogs
INFO: PASS - Clicked On ReportingToDropdown Successfully: 
Jul 15, 2025 6:02:36 PM base.LogResults createLogs
INFO: PASS - Clicked On ReportingTo Search Text Field And Input Is Passed: AutoAFN
Jul 15, 2025 6:02:38 PM base.LogResults createLogs
INFO: PASS - Entity Name Selected Successfully: 
Jul 15, 2025 6:02:38 PM base.LogResults createLogs
INFO: PASS - EmployeeID Entered On Employee ID Text Field: AutoEIDUZHKWQ
Jul 15, 2025 6:02:42 PM base.LogResults createLogs
INFO: PASS -  CompanyLocation Selected From The DropDown : AutoON150725142816
Jul 15, 2025 6:02:42 PM base.LogResults createLogs
INFO: PASS - Employee First Name Entered On Employee FirstName Text Field: AutoFNNYWJV
Jul 15, 2025 6:02:42 PM base.LogResults createLogs
INFO: PASS - Employee Last Name Entered On Employee Last Name Text Field: AutoLNHYWYJ
Jul 15, 2025 6:02:42 PM base.LogResults createLogs
INFO: PASS - Employee Email Entered On Email ID Text Field: AutoE150725142816FOHD@mailinator.com
Jul 15, 2025 6:02:43 PM base.LogResults createLogs
INFO: PASS - Employee Phone Number Entered On Phone Number Text Field: 9851438898
Jul 15, 2025 6:02:43 PM base.LogResults createLogs
INFO: PASS - Employee Joining Date  Text Field Is Clicked: 
Jul 15, 2025 6:02:43 PM base.LogResults createLogs
INFO: PASS - Employee Joining Date Entered On Joining Date Text Field: 
Jul 15, 2025 6:02:43 PM base.LogResults createLogs
INFO: PASS - Clicked On AddEmployeeSave Successfully: 
Jul 15, 2025 6:02:47 PM base.LogResults createLogs
INFO: PASS - Clicked On GoToDirectory Successfully: 
Jul 15, 2025 6:02:52 PM base.LogResults createLogs
INFO: PASS - Directory Button Clicked Successfully: 
Jul 15, 2025 6:02:53 PM base.LogResults createLogs
INFO: PASS - Directory Page Loaded Successfully: 
Jul 15, 2025 6:02:53 PM base.LogResults createLogs
INFO: PASS - Clicked On EmployeeTab Successfully: 
Jul 15, 2025 6:02:55 PM base.LogResults createLogs
INFO: PASS - Directory Page Loaded Successfully: 
Jul 15, 2025 6:02:55 PM base.LogResults createLogs
INFO: PASS - Clicked On SearchDropDown Successfully: 
Jul 15, 2025 6:02:56 PM base.LogResults createLogs
INFO: PASS - Selected  LastName  Successfully: 
Jul 15, 2025 6:02:56 PM base.LogResults createLogs
INFO: PASS - Clicked On SearchDropDown Successfully: 
Jul 15, 2025 6:03:00 PM base.LogResults createLogs
INFO: PASS - Clicked On Search Text Field And Pass The Created Employee LastName Successfully: AutoLNHYWYJ
Jul 15, 2025 6:03:03 PM base.LogResults createLogs
INFO: PASS - Created Employee Displayed Successfully: AutoLNHYWYJ
Jul 15, 2025 6:03:04 PM base.LogResults createLogs
INFO: PASS - Successfully Clicked On First Employee Record 3dots: 
Jul 15, 2025 6:03:04 PM base.LogResults createLogs
INFO: PASS - Successfully Clicked On First Employee Record ManageProfileButton: 
Jul 15, 2025 6:03:13 PM base.LogResults createLogs
INFO: PASS - Successfully Clicked On First Employee Manage Profile EditIcon: 
Jul 15, 2025 6:03:17 PM base.LogResults createLogs
INFO: PASS - Successfully Selected  Dept: AutoDN150725142816
Jul 15, 2025 6:03:22 PM base.LogResults createLogs
INFO: PASS - Successfully Selected  Designation From Dropdown: AutoDN150725142816
Jul 15, 2025 6:03:28 PM base.LogResults createLogs
INFO: PASS - Successfully Selected  Team From Dropdown: AutoTN150725142816
Jul 15, 2025 6:03:34 PM base.LogResults createLogs
INFO: PASS - Successfully Enter The Pin: 1479
Jul 15, 2025 6:03:41 PM base.LogResults createLogs
INFO: PASS - SaveChanges Button Clicked Successfully: 
Jul 15, 2025 6:03:49 PM base.LogResults createLogs
INFO: PASS - DefaultPolicy Button Clicked Successfully: 
Jul 15, 2025 6:03:53 PM base.LogResults createLogs
INFO: PASS - PolicyIcon Clicked Successfully: 
Jul 15, 2025 6:03:53 PM base.LogResults createLogs
INFO: PASS - PolicyMaster Loaded Successfully: 
Jul 15, 2025 6:03:53 PM base.LogResults createLogs
INFO: PASS - LeaveDropDownFromSideBar Clicked Successfully: 
Jul 15, 2025 6:03:55 PM base.LogResults createLogs
INFO: PASS - HolidaysButtonFromSidebar Clicked Successfully: 
Jul 15, 2025 6:03:56 PM base.LogResults createLogs
INFO: PASS - AddHolidayPolicyButton Clicked Successfully: 
Jul 15, 2025 6:04:04 PM base.LogResults createLogs
INFO: PASS - HolidayPolicyName Inputted In TextField Successfully: AutoHPN150725142816CNG
Jul 15, 2025 6:04:07 PM base.LogResults createLogs
INFO: PASS - Year Selected Successfully: 2024-2025 
Jul 15, 2025 6:04:07 PM base.LogResults createLogs
INFO: PASS - NextStepButton Clicked Successfully: 
Jul 15, 2025 6:04:07 PM base.LogResults createLogs
INFO: PASS - NextStepButton Clicked Successfully: 
Jul 15, 2025 6:04:17 PM base.LogResults createLogs
INFO: FAIL - Error While Clicking On AddEmpCriteria Button : element not interactable
  (Session info: chrome=138.0.7204.101)
Build info: version: '4.34.0', revision: '707dcb4246*'
System info: os.name: 'Windows 10', os.arch: 'amd64', os.version: '10.0', java.version: '17.0.11'
Driver info: org.openqa.selenium.chrome.ChromeDriver
Command: [3c57b9dbbc3dd192533dccb42d784e90, clickElement {id=f.6A3D215A905A4FA3EAB3D9D741F8AC5A.d.FC7BDED07DA0F5D3D501FCA2EBC292DA.e.4125}]
Capabilities {acceptInsecureCerts: true, browserName: chrome, browserVersion: 138.0.7204.101, chrome: {chromedriverVersion: 138.0.7204.94 (545025748884..., userDataDir: C:\Users\Pramod.C\AppData\L...}, fedcm:accounts: true, goog:chromeOptions: {debuggerAddress: localhost:62449}, networkConnectionEnabled: false, pageLoadStrategy: none, platformName: windows, proxy: Proxy(), se:cdp: ws://localhost:62449/devtoo..., se:cdpVersion: 138.0.7204.101, setWindowRect: true, strictFileInteractability: false, timeouts: {implicit: 0, pageLoad: 300000, script: 30000}, unhandledPromptBehavior: dismiss and notify, webauthn:extension:credBlob: true, webauthn:extension:largeBlob: true, webauthn:extension:minPinLength: true, webauthn:extension:prf: true, webauthn:virtualAuthenticators: true}
Element: [[ChromeDriver: chrome on windows (3c57b9dbbc3dd192533dccb42d784e90)] -> xpath: //p[text()='Add Employee Criteria']]
Session ID: 3c57b9dbbc3dd192533dccb42d784e90
Jul 15, 2025 6:04:31 PM base.LogResults createLogs
INFO: FAIL - Error While Selecting Office Name : element not interactable: Element is not currently visible and may not be manipulated
  (Session info: chrome=138.0.7204.101)
Build info: version: '4.34.0', revision: '707dcb4246*'
System info: os.name: 'Windows 10', os.arch: 'amd64', os.version: '10.0', java.version: '17.0.11'
Driver info: org.openqa.selenium.chrome.ChromeDriver
Command: [3c57b9dbbc3dd192533dccb42d784e90, clickElement {id=f.6A3D215A905A4FA3EAB3D9D741F8AC5A.d.FC7BDED07DA0F5D3D501FCA2EBC292DA.e.4138}]
Capabilities {acceptInsecureCerts: true, browserName: chrome, browserVersion: 138.0.7204.101, chrome: {chromedriverVersion: 138.0.7204.94 (545025748884..., userDataDir: C:\Users\Pramod.C\AppData\L...}, fedcm:accounts: true, goog:chromeOptions: {debuggerAddress: localhost:62449}, networkConnectionEnabled: false, pageLoadStrategy: none, platformName: windows, proxy: Proxy(), se:cdp: ws://localhost:62449/devtoo..., se:cdpVersion: 138.0.7204.101, setWindowRect: true, strictFileInteractability: false, timeouts: {implicit: 0, pageLoad: 300000, script: 30000}, unhandledPromptBehavior: dismiss and notify, webauthn:extension:credBlob: true, webauthn:extension:largeBlob: true, webauthn:extension:minPinLength: true, webauthn:extension:prf: true, webauthn:virtualAuthenticators: true}
Element: [[[[ChromeDriver: chrome on windows (3c57b9dbbc3dd192533dccb42d784e90)] -> xpath: //select[@id='drpFilterCompanyLocation']]] -> xpath: .//option[normalize-space(.) = "AutoON150725142816"]]
Session ID: 3c57b9dbbc3dd192533dccb42d784e90
Jul 15, 2025 6:04:44 PM base.LogResults createLogs
INFO: FAIL - Error while Selecting Dept : Cannot locate option with text: AutoDN150725142816
For documentation on this error, please visit: https://www.selenium.dev/documentation/webdriver/troubleshooting/errors#no-such-element-exception
Build info: version: '4.34.0', revision: '707dcb4246*'
System info: os.name: 'Windows 10', os.arch: 'amd64', os.version: '10.0', java.version: '17.0.11'
Driver info: driver.version: unknown
Jul 15, 2025 6:04:57 PM base.LogResults createLogs
INFO: FAIL - Error while Selecting Designation From Dropdown : element not interactable: Element is not currently visible and may not be manipulated
  (Session info: chrome=138.0.7204.101)
Build info: version: '4.34.0', revision: '707dcb4246*'
System info: os.name: 'Windows 10', os.arch: 'amd64', os.version: '10.0', java.version: '17.0.11'
Driver info: org.openqa.selenium.chrome.ChromeDriver
Command: [3c57b9dbbc3dd192533dccb42d784e90, clickElement {id=f.6A3D215A905A4FA3EAB3D9D741F8AC5A.d.FC7BDED07DA0F5D3D501FCA2EBC292DA.e.4144}]
Capabilities {acceptInsecureCerts: true, browserName: chrome, browserVersion: 138.0.7204.101, chrome: {chromedriverVersion: 138.0.7204.94 (545025748884..., userDataDir: C:\Users\Pramod.C\AppData\L...}, fedcm:accounts: true, goog:chromeOptions: {debuggerAddress: localhost:62449}, networkConnectionEnabled: false, pageLoadStrategy: none, platformName: windows, proxy: Proxy(), se:cdp: ws://localhost:62449/devtoo..., se:cdpVersion: 138.0.7204.101, setWindowRect: true, strictFileInteractability: false, timeouts: {implicit: 0, pageLoad: 300000, script: 30000}, unhandledPromptBehavior: dismiss and notify, webauthn:extension:credBlob: true, webauthn:extension:largeBlob: true, webauthn:extension:minPinLength: true, webauthn:extension:prf: true, webauthn:virtualAuthenticators: true}
Element: [[[[ChromeDriver: chrome on windows (3c57b9dbbc3dd192533dccb42d784e90)] -> xpath: //select[@id='drpDesignation']]] -> xpath: .//option[normalize-space(.) = "AutoDN150725142816"]]
Session ID: 3c57b9dbbc3dd192533dccb42d784e90
Jul 15, 2025 6:05:10 PM base.LogResults createLogs
INFO: FAIL - Error while Selecting Designation From Dropdown : Cannot locate option with text: AutoTN150725142816
For documentation on this error, please visit: https://www.selenium.dev/documentation/webdriver/troubleshooting/errors#no-such-element-exception
Build info: version: '4.34.0', revision: '707dcb4246*'
System info: os.name: 'Windows 10', os.arch: 'amd64', os.version: '10.0', java.version: '17.0.11'
Driver info: driver.version: unknown
Jul 15, 2025 6:05:10 PM base.LogResults createLogs
INFO: FAIL - Skipping rest steps as error count reached configured value : 5
Jul 15, 2025 6:05:10 PM base.LogResults onlyLog
INFO: Failed - MeghHolidayPolicyTest-MPI_594_Holiday_Policy_09-To verify this, create a user and assign them to the "QC" department with "For Grade" as the team, "QC Head" as the designation, and "Staff" as the employee type. Then, create a holiday Policy and define the same employee criteria within the policy. After saving the policy, ensure that the employee matching the specified criteria is correctly assigned to the newly created holiday  Policy, confirming that the policy assignment based on employee attributes is functioning as expected.
---------------------------------------------------------------
MeghHolidayPolicyTestMPI_594_Holiday_Policy_09
Jul 15, 2025 6:05:10 PM base.LogResults onlyLog
INFO: Total Pass : 1 Total Fail : 6  Total TC : 7
---------------------------------------------------------------
Test case took: 196.0078 seconds
Total TC Time: 00:12:08
Launching Driver...
Jul 15, 2025 6:05:13 PM org.openqa.selenium.devtools.CdpVersionFinder findNearestMatch
WARNING: Unable to find an exact match for CDP version 138, returning the closest version; found: 137; Please update to a Selenium version that supports CDP version 138
Jul 15, 2025 6:05:14 PM base.LogResults createLogs
INFO: PASS - Step 1: Application loaded successfully.
Jul 15, 2025 6:05:18 PM base.LogResults createLogs
INFO: PASS - Step 2: Company code entered successfully.ASJL
Jul 15, 2025 6:05:19 PM base.LogResults createLogs
INFO: PASS - Step 3: Clicked 'Login with Password' successfully.
Jul 15, 2025 6:05:23 PM base.LogResults createLogs
INFO: PASS - Step 4: Sign-in section appeared.
Jul 15, 2025 6:05:23 PM base.LogResults createLogs
INFO: PASS - Step 5: Username entered.AutoE150725142816@mailinator.com
Jul 15, 2025 6:05:23 PM base.LogResults createLogs
INFO: PASS - Step 6: Password entered.Pramod@1234
Jul 15, 2025 6:05:23 PM base.LogResults createLogs
INFO: PASS - Step 7: Captcha entered.12345
Jul 15, 2025 6:05:23 PM base.LogResults createLogs
INFO: PASS - Step 8: Sign-in button clicked.
Jul 15, 2025 6:05:26 PM base.LogResults createLogs
INFO: PASS - Step 9: Login validated successfully.
Jul 15, 2025 6:05:26 PM base.LogResults createLogs
INFO: PASS - Login Done Successfully: 
Jul 15, 2025 6:05:30 PM base.LogResults createLogs
INFO: PASS - PolicyIcon Clicked Successfully: 
Jul 15, 2025 6:05:31 PM base.LogResults createLogs
INFO: PASS - PolicyMaster Loaded Successfully: 
Jul 15, 2025 6:05:31 PM base.LogResults createLogs
INFO: PASS - LeaveDropDownFromSideBar Clicked Successfully: 
Jul 15, 2025 6:05:31 PM base.LogResults createLogs
INFO: PASS - HolidaysButtonFromSidebar Clicked Successfully: 
Jul 15, 2025 6:05:39 PM base.LogResults createLogs
INFO: PASS - HolidayPolicy Name Inutted In SearchTextField Successfully: AutoHPN150725142816CNG
Jul 15, 2025 6:05:54 PM base.LogResults createLogs
INFO: FAIL - Error While Displaying Created HolidayPolicy Name : no such element: Unable to locate element: {"method":"xpath","selector":"//table[@id='dtHolidayPolicy']/tbody/tr[1]/td[1]/p/span"}
  (Session info: chrome=138.0.7204.101)
For documentation on this error, please visit: https://www.selenium.dev/documentation/webdriver/troubleshooting/errors#no-such-element-exception
Build info: version: '4.34.0', revision: '707dcb4246*'
System info: os.name: 'Windows 10', os.arch: 'amd64', os.version: '10.0', java.version: '17.0.11'
Driver info: org.openqa.selenium.chrome.ChromeDriver
Command: [3d5319aa8bd23cc4dca9c9274c07565c, findElement {value=//table[@id='dtHolidayPolicy']/tbody/tr[1]/td[1]/p/span, using=xpath}]
Capabilities {acceptInsecureCerts: true, browserName: chrome, browserVersion: 138.0.7204.101, chrome: {chromedriverVersion: 138.0.7204.94 (545025748884..., userDataDir: C:\Users\Pramod.C\AppData\L...}, fedcm:accounts: true, goog:chromeOptions: {debuggerAddress: localhost:62549}, networkConnectionEnabled: false, pageLoadStrategy: none, platformName: windows, proxy: Proxy(), se:cdp: ws://localhost:62549/devtoo..., se:cdpVersion: 138.0.7204.101, setWindowRect: true, strictFileInteractability: false, timeouts: {implicit: 0, pageLoad: 300000, script: 30000}, unhandledPromptBehavior: dismiss and notify, webauthn:extension:credBlob: true, webauthn:extension:largeBlob: true, webauthn:extension:minPinLength: true, webauthn:extension:prf: true, webauthn:virtualAuthenticators: true}
Session ID: 3d5319aa8bd23cc4dca9c9274c07565c
Jul 15, 2025 6:06:09 PM base.LogResults createLogs
INFO: FAIL - Error While Clicking On Holiday Policy Delete Icon: no such element: Unable to locate element: {"method":"xpath","selector":"//table[@id='dtHolidayPolicy']/tbody/tr[1]/td[4]/button/img"}
  (Session info: chrome=138.0.7204.101)
For documentation on this error, please visit: https://www.selenium.dev/documentation/webdriver/troubleshooting/errors#no-such-element-exception
Build info: version: '4.34.0', revision: '707dcb4246*'
System info: os.name: 'Windows 10', os.arch: 'amd64', os.version: '10.0', java.version: '17.0.11'
Driver info: org.openqa.selenium.chrome.ChromeDriver
Command: [3d5319aa8bd23cc4dca9c9274c07565c, findElement {value=//table[@id='dtHolidayPolicy']/tbody/tr[1]/td[4]/button/img, using=xpath}]
Capabilities {acceptInsecureCerts: true, browserName: chrome, browserVersion: 138.0.7204.101, chrome: {chromedriverVersion: 138.0.7204.94 (545025748884..., userDataDir: C:\Users\Pramod.C\AppData\L...}, fedcm:accounts: true, goog:chromeOptions: {debuggerAddress: localhost:62549}, networkConnectionEnabled: false, pageLoadStrategy: none, platformName: windows, proxy: Proxy(), se:cdp: ws://localhost:62549/devtoo..., se:cdpVersion: 138.0.7204.101, setWindowRect: true, strictFileInteractability: false, timeouts: {implicit: 0, pageLoad: 300000, script: 30000}, unhandledPromptBehavior: dismiss and notify, webauthn:extension:credBlob: true, webauthn:extension:largeBlob: true, webauthn:extension:minPinLength: true, webauthn:extension:prf: true, webauthn:virtualAuthenticators: true}
Session ID: 3d5319aa8bd23cc4dca9c9274c07565c
Jul 15, 2025 6:06:20 PM base.LogResults createLogs
INFO: FAIL - Error While Clicking On DeleteButton: element not interactable
  (Session info: chrome=138.0.7204.101)
Build info: version: '4.34.0', revision: '707dcb4246*'
System info: os.name: 'Windows 10', os.arch: 'amd64', os.version: '10.0', java.version: '17.0.11'
Driver info: org.openqa.selenium.chrome.ChromeDriver
Command: [3d5319aa8bd23cc4dca9c9274c07565c, clickElement {id=f.23EEE3C49034B1C4E938534BAE0CFA79.d.65BC5D2AFACFF8887FCE515962400C7B.e.571}]
Capabilities {acceptInsecureCerts: true, browserName: chrome, browserVersion: 138.0.7204.101, chrome: {chromedriverVersion: 138.0.7204.94 (545025748884..., userDataDir: C:\Users\Pramod.C\AppData\L...}, fedcm:accounts: true, goog:chromeOptions: {debuggerAddress: localhost:62549}, networkConnectionEnabled: false, pageLoadStrategy: none, platformName: windows, proxy: Proxy(), se:cdp: ws://localhost:62549/devtoo..., se:cdpVersion: 138.0.7204.101, setWindowRect: true, strictFileInteractability: false, timeouts: {implicit: 0, pageLoad: 300000, script: 30000}, unhandledPromptBehavior: dismiss and notify, webauthn:extension:credBlob: true, webauthn:extension:largeBlob: true, webauthn:extension:minPinLength: true, webauthn:extension:prf: true, webauthn:virtualAuthenticators: true}
Element: [[ChromeDriver: chrome on windows (3d5319aa8bd23cc4dca9c9274c07565c)] -> xpath: //button[text()='Delete']]
Session ID: 3d5319aa8bd23cc4dca9c9274c07565c
Jul 15, 2025 6:06:24 PM base.LogResults createLogs
INFO: PASS - Directory Button Clicked Successfully: 
Jul 15, 2025 6:06:27 PM base.LogResults createLogs
INFO: PASS - Directory Page Loaded Successfully: 
Jul 15, 2025 6:06:27 PM base.LogResults createLogs
INFO: PASS - Clicked On EmployeeTab Successfully: 
Jul 15, 2025 6:06:29 PM base.LogResults createLogs
INFO: PASS - Directory Page Loaded Successfully: 
Jul 15, 2025 6:06:33 PM base.LogResults createLogs
INFO: PASS - Clicked On Search Text Field And Pass The Created Employee LastName Successfully: AutoFNNYWJV
Jul 15, 2025 6:06:36 PM base.LogResults createLogs
INFO: PASS - Created Employee Displayed Successfully: 
Jul 15, 2025 6:06:37 PM base.LogResults createLogs
INFO: PASS - Successfully Clicked On First Employee Record 3dots: 
Jul 15, 2025 6:06:37 PM base.LogResults createLogs
INFO: PASS - Successfully Clicked On First Employee Record ManageProfileButton: 
Jul 15, 2025 6:06:57 PM base.LogResults createLogs
INFO: PASS - Successfully Clicked On First Employee Record Policy Button: 
Jul 15, 2025 6:07:01 PM base.LogResults createLogs
INFO: PASS - Created Holiday Policy Is Assigned To All Emp Successfully: Default Holiday Policy (Default)=Default
Jul 15, 2025 6:07:01 PM base.LogResults onlyLog
INFO: Failed - MeghHolidayPolicyTest-MPI_595_Holiday_Policy_10-To verify this, inactivate the policy to which employees are assigned and ensure all the employees are reassigned to default policy 
---------------------------------------------------------------
MeghHolidayPolicyTestMPI_595_Holiday_Policy_10
Jul 15, 2025 6:07:01 PM base.LogResults onlyLog
INFO: Total Pass : 1 Total Fail : 7  Total TC : 8
---------------------------------------------------------------
Test case took: 108.2030 seconds
Total TC Time: 00:13:56
Launching Driver...
Jul 15, 2025 6:07:03 PM org.openqa.selenium.devtools.CdpVersionFinder findNearestMatch
WARNING: Unable to find an exact match for CDP version 138, returning the closest version; found: 137; Please update to a Selenium version that supports CDP version 138
Jul 15, 2025 6:07:05 PM base.LogResults createLogs
INFO: PASS - Step 1: Application loaded successfully.
Jul 15, 2025 6:07:09 PM base.LogResults createLogs
INFO: PASS - Step 2: Company code entered successfully.ASJL
Jul 15, 2025 6:07:09 PM base.LogResults createLogs
INFO: PASS - Step 3: Clicked 'Login with Password' successfully.
Jul 15, 2025 6:07:14 PM base.LogResults createLogs
INFO: PASS - Step 4: Sign-in section appeared.
Jul 15, 2025 6:07:14 PM base.LogResults createLogs
INFO: PASS - Step 5: Username entered.AutoE150725142816@mailinator.com
Jul 15, 2025 6:07:14 PM base.LogResults createLogs
INFO: PASS - Step 6: Password entered.Pramod@1234
Jul 15, 2025 6:07:14 PM base.LogResults createLogs
INFO: PASS - Step 7: Captcha entered.12345
Jul 15, 2025 6:07:14 PM base.LogResults createLogs
INFO: PASS - Step 8: Sign-in button clicked.
Jul 15, 2025 6:07:17 PM base.LogResults createLogs
INFO: PASS - Step 9: Login validated successfully.
Jul 15, 2025 6:07:17 PM base.LogResults createLogs
INFO: PASS - Login Done Successfully: 
Jul 15, 2025 6:07:21 PM base.LogResults createLogs
INFO: PASS - PolicyIcon Clicked Successfully: 
Jul 15, 2025 6:07:21 PM base.LogResults createLogs
INFO: PASS - PolicyMaster Loaded Successfully: 
Jul 15, 2025 6:07:22 PM base.LogResults createLogs
INFO: PASS - LeaveDropDownFromSideBar Clicked Successfully: 
Jul 15, 2025 6:07:23 PM base.LogResults createLogs
INFO: PASS - HolidaysButtonFromSidebar Clicked Successfully: 
Jul 15, 2025 6:07:31 PM base.LogResults createLogs
INFO: PASS - HolidayPolicy Name Inutted In SearchTextField Successfully: AutoHPN150725142816CNG
Jul 15, 2025 6:07:46 PM base.LogResults createLogs
INFO: FAIL - Error While Displaying Created HolidayPolicy Name : no such element: Unable to locate element: {"method":"xpath","selector":"//table[@id='dtHolidayPolicy']/tbody/tr[1]/td[1]/p/span"}
  (Session info: chrome=138.0.7204.101)
For documentation on this error, please visit: https://www.selenium.dev/documentation/webdriver/troubleshooting/errors#no-such-element-exception
Build info: version: '4.34.0', revision: '707dcb4246*'
System info: os.name: 'Windows 10', os.arch: 'amd64', os.version: '10.0', java.version: '17.0.11'
Driver info: org.openqa.selenium.chrome.ChromeDriver
Command: [25c17f7810390378a8838c110ae7aab4, findElement {value=//table[@id='dtHolidayPolicy']/tbody/tr[1]/td[1]/p/span, using=xpath}]
Capabilities {acceptInsecureCerts: true, browserName: chrome, browserVersion: 138.0.7204.101, chrome: {chromedriverVersion: 138.0.7204.94 (545025748884..., userDataDir: C:\Users\Pramod.C\AppData\L...}, fedcm:accounts: true, goog:chromeOptions: {debuggerAddress: localhost:62642}, networkConnectionEnabled: false, pageLoadStrategy: none, platformName: windows, proxy: Proxy(), se:cdp: ws://localhost:62642/devtoo..., se:cdpVersion: 138.0.7204.101, setWindowRect: true, strictFileInteractability: false, timeouts: {implicit: 0, pageLoad: 300000, script: 30000}, unhandledPromptBehavior: dismiss and notify, webauthn:extension:credBlob: true, webauthn:extension:largeBlob: true, webauthn:extension:minPinLength: true, webauthn:extension:prf: true, webauthn:virtualAuthenticators: true}
Session ID: 25c17f7810390378a8838c110ae7aab4
Jul 15, 2025 6:07:56 PM base.LogResults createLogs
INFO: FAIL - Error While Clicking On Created HolidayPolicy Edit Icon : no such element: Unable to locate element: {"method":"xpath","selector":"//table[@id='dtHolidayPolicy']/tbody/tr[1]/td[4]/a/button/img"}
  (Session info: chrome=138.0.7204.101)
For documentation on this error, please visit: https://www.selenium.dev/documentation/webdriver/troubleshooting/errors#no-such-element-exception
Build info: version: '4.34.0', revision: '707dcb4246*'
System info: os.name: 'Windows 10', os.arch: 'amd64', os.version: '10.0', java.version: '17.0.11'
Driver info: org.openqa.selenium.chrome.ChromeDriver
Command: [25c17f7810390378a8838c110ae7aab4, findElement {value=//table[@id='dtHolidayPolicy']/tbody/tr[1]/td[4]/a/button/img, using=xpath}]
Capabilities {acceptInsecureCerts: true, browserName: chrome, browserVersion: 138.0.7204.101, chrome: {chromedriverVersion: 138.0.7204.94 (545025748884..., userDataDir: C:\Users\Pramod.C\AppData\L...}, fedcm:accounts: true, goog:chromeOptions: {debuggerAddress: localhost:62642}, networkConnectionEnabled: false, pageLoadStrategy: none, platformName: windows, proxy: Proxy(), se:cdp: ws://localhost:62642/devtoo..., se:cdpVersion: 138.0.7204.101, setWindowRect: true, strictFileInteractability: false, timeouts: {implicit: 0, pageLoad: 300000, script: 30000}, unhandledPromptBehavior: dismiss and notify, webauthn:extension:credBlob: true, webauthn:extension:largeBlob: true, webauthn:extension:minPinLength: true, webauthn:extension:prf: true, webauthn:virtualAuthenticators: true}
Session ID: 25c17f7810390378a8838c110ae7aab4
Jul 15, 2025 6:08:08 PM base.LogResults createLogs
INFO: FAIL - Error While Selecting The Year: no such element: Unable to locate element: {"method":"xpath","selector":"//select[@id='drpYear']"}
  (Session info: chrome=138.0.7204.101)
For documentation on this error, please visit: https://www.selenium.dev/documentation/webdriver/troubleshooting/errors#no-such-element-exception
Build info: version: '4.34.0', revision: '707dcb4246*'
System info: os.name: 'Windows 10', os.arch: 'amd64', os.version: '10.0', java.version: '17.0.11'
Driver info: org.openqa.selenium.chrome.ChromeDriver
Command: [25c17f7810390378a8838c110ae7aab4, findElement {value=//select[@id='drpYear'], using=xpath}]
Capabilities {acceptInsecureCerts: true, browserName: chrome, browserVersion: 138.0.7204.101, chrome: {chromedriverVersion: 138.0.7204.94 (545025748884..., userDataDir: C:\Users\Pramod.C\AppData\L...}, fedcm:accounts: true, goog:chromeOptions: {debuggerAddress: localhost:62642}, networkConnectionEnabled: false, pageLoadStrategy: none, platformName: windows, proxy: Proxy(), se:cdp: ws://localhost:62642/devtoo..., se:cdpVersion: 138.0.7204.101, setWindowRect: true, strictFileInteractability: false, timeouts: {implicit: 0, pageLoad: 300000, script: 30000}, unhandledPromptBehavior: dismiss and notify, webauthn:extension:credBlob: true, webauthn:extension:largeBlob: true, webauthn:extension:minPinLength: true, webauthn:extension:prf: true, webauthn:virtualAuthenticators: true}
Session ID: 25c17f7810390378a8838c110ae7aab4
Jul 15, 2025 6:08:23 PM base.LogResults createLogs
INFO: FAIL - Error While Clicking On ActiveCheckBox: no such element: Unable to locate element: {"method":"xpath","selector":"//input[@id='chkActive']"}
  (Session info: chrome=138.0.7204.101)
For documentation on this error, please visit: https://www.selenium.dev/documentation/webdriver/troubleshooting/errors#no-such-element-exception
Build info: version: '4.34.0', revision: '707dcb4246*'
System info: os.name: 'Windows 10', os.arch: 'amd64', os.version: '10.0', java.version: '17.0.11'
Driver info: org.openqa.selenium.chrome.ChromeDriver
Command: [25c17f7810390378a8838c110ae7aab4, findElement {value=//input[@id='chkActive'], using=xpath}]
Capabilities {acceptInsecureCerts: true, browserName: chrome, browserVersion: 138.0.7204.101, chrome: {chromedriverVersion: 138.0.7204.94 (545025748884..., userDataDir: C:\Users\Pramod.C\AppData\L...}, fedcm:accounts: true, goog:chromeOptions: {debuggerAddress: localhost:62642}, networkConnectionEnabled: false, pageLoadStrategy: none, platformName: windows, proxy: Proxy(), se:cdp: ws://localhost:62642/devtoo..., se:cdpVersion: 138.0.7204.101, setWindowRect: true, strictFileInteractability: false, timeouts: {implicit: 0, pageLoad: 300000, script: 30000}, unhandledPromptBehavior: dismiss and notify, webauthn:extension:credBlob: true, webauthn:extension:largeBlob: true, webauthn:extension:minPinLength: true, webauthn:extension:prf: true, webauthn:virtualAuthenticators: true}
Session ID: 25c17f7810390378a8838c110ae7aab4
Jul 15, 2025 6:08:33 PM base.LogResults createLogs
INFO: FAIL - Error While Clicking On NextStepButton: no such element: Unable to locate element: {"method":"xpath","selector":"//a[@id='btnNextSave']"}
  (Session info: chrome=138.0.7204.101)
For documentation on this error, please visit: https://www.selenium.dev/documentation/webdriver/troubleshooting/errors#no-such-element-exception
Build info: version: '4.34.0', revision: '707dcb4246*'
System info: os.name: 'Windows 10', os.arch: 'amd64', os.version: '10.0', java.version: '17.0.11'
Driver info: org.openqa.selenium.chrome.ChromeDriver
Command: [25c17f7810390378a8838c110ae7aab4, findElement {value=//a[@id='btnNextSave'], using=xpath}]
Capabilities {acceptInsecureCerts: true, browserName: chrome, browserVersion: 138.0.7204.101, chrome: {chromedriverVersion: 138.0.7204.94 (545025748884..., userDataDir: C:\Users\Pramod.C\AppData\L...}, fedcm:accounts: true, goog:chromeOptions: {debuggerAddress: localhost:62642}, networkConnectionEnabled: false, pageLoadStrategy: none, platformName: windows, proxy: Proxy(), se:cdp: ws://localhost:62642/devtoo..., se:cdpVersion: 138.0.7204.101, setWindowRect: true, strictFileInteractability: false, timeouts: {implicit: 0, pageLoad: 300000, script: 30000}, unhandledPromptBehavior: dismiss and notify, webauthn:extension:credBlob: true, webauthn:extension:largeBlob: true, webauthn:extension:minPinLength: true, webauthn:extension:prf: true, webauthn:virtualAuthenticators: true}
Session ID: 25c17f7810390378a8838c110ae7aab4
Jul 15, 2025 6:08:33 PM base.LogResults createLogs
INFO: FAIL - Skipping rest steps as error count reached configured value : 5
Jul 15, 2025 6:08:33 PM base.LogResults onlyLog
INFO: Failed - MeghHolidayPolicyTest-MPI_597_Holiday_Policy_11-To verify this, activate the policy and ensure again all the employees based on criteria are again fall under that created policy 
---------------------------------------------------------------
MeghHolidayPolicyTestMPI_597_Holiday_Policy_11
Jul 15, 2025 6:08:33 PM base.LogResults onlyLog
INFO: Total Pass : 1 Total Fail : 8  Total TC : 9
---------------------------------------------------------------
Test case took: 89.2973 seconds
Total TC Time: 00:15:26
Launching Driver...
Jul 15, 2025 6:08:35 PM org.openqa.selenium.devtools.CdpVersionFinder findNearestMatch
WARNING: Unable to find an exact match for CDP version 138, returning the closest version; found: 137; Please update to a Selenium version that supports CDP version 138
Jul 15, 2025 6:08:37 PM base.LogResults createLogs
INFO: PASS - Step 1: Application loaded successfully.
Jul 15, 2025 6:08:41 PM base.LogResults createLogs
INFO: PASS - Step 2: Company code entered successfully.ASJL
Jul 15, 2025 6:08:41 PM base.LogResults createLogs
INFO: PASS - Step 3: Clicked 'Login with Password' successfully.
Jul 15, 2025 6:08:46 PM base.LogResults createLogs
INFO: PASS - Step 4: Sign-in section appeared.
Jul 15, 2025 6:08:46 PM base.LogResults createLogs
INFO: PASS - Step 5: Username entered.AutoE150725142816@mailinator.com
Jul 15, 2025 6:08:46 PM base.LogResults createLogs
INFO: PASS - Step 6: Password entered.Pramod@1234
Jul 15, 2025 6:08:46 PM base.LogResults createLogs
INFO: PASS - Step 7: Captcha entered.12345
Jul 15, 2025 6:08:46 PM base.LogResults createLogs
INFO: PASS - Step 8: Sign-in button clicked.
Jul 15, 2025 6:08:49 PM base.LogResults createLogs
INFO: PASS - Step 9: Login validated successfully.
Jul 15, 2025 6:08:49 PM base.LogResults createLogs
INFO: PASS - Login Done Successfully: 
Jul 15, 2025 6:08:53 PM base.LogResults createLogs
INFO: PASS - PolicyIcon Clicked Successfully: 
Jul 15, 2025 6:08:53 PM base.LogResults createLogs
INFO: PASS - PolicyMaster Loaded Successfully: 
Jul 15, 2025 6:08:54 PM base.LogResults createLogs
INFO: PASS - LeaveDropDownFromSideBar Clicked Successfully: 
Jul 15, 2025 6:08:55 PM base.LogResults createLogs
INFO: PASS - HolidaysButtonFromSidebar Clicked Successfully: 
Jul 15, 2025 6:09:03 PM base.LogResults createLogs
INFO: PASS - HolidayPolicy Name Inutted In SearchTextField Successfully: AutoHPN150725142816CNG
Jul 15, 2025 6:09:17 PM base.LogResults createLogs
INFO: FAIL - Error While Displaying Created HolidayPolicy Name : no such element: Unable to locate element: {"method":"xpath","selector":"//table[@id='dtHolidayPolicy']/tbody/tr[1]/td[1]/p/span"}
  (Session info: chrome=138.0.7204.101)
For documentation on this error, please visit: https://www.selenium.dev/documentation/webdriver/troubleshooting/errors#no-such-element-exception
Build info: version: '4.34.0', revision: '707dcb4246*'
System info: os.name: 'Windows 10', os.arch: 'amd64', os.version: '10.0', java.version: '17.0.11'
Driver info: org.openqa.selenium.chrome.ChromeDriver
Command: [f6b82496c5d0036c77911650d694bb31, findElement {value=//table[@id='dtHolidayPolicy']/tbody/tr[1]/td[1]/p/span, using=xpath}]
Capabilities {acceptInsecureCerts: true, browserName: chrome, browserVersion: 138.0.7204.101, chrome: {chromedriverVersion: 138.0.7204.94 (545025748884..., userDataDir: C:\Users\Pramod.C\AppData\L...}, fedcm:accounts: true, goog:chromeOptions: {debuggerAddress: localhost:62698}, networkConnectionEnabled: false, pageLoadStrategy: none, platformName: windows, proxy: Proxy(), se:cdp: ws://localhost:62698/devtoo..., se:cdpVersion: 138.0.7204.101, setWindowRect: true, strictFileInteractability: false, timeouts: {implicit: 0, pageLoad: 300000, script: 30000}, unhandledPromptBehavior: dismiss and notify, webauthn:extension:credBlob: true, webauthn:extension:largeBlob: true, webauthn:extension:minPinLength: true, webauthn:extension:prf: true, webauthn:virtualAuthenticators: true}
Session ID: f6b82496c5d0036c77911650d694bb31
Jul 15, 2025 6:09:33 PM base.LogResults createLogs
INFO: FAIL - Error While Clicking On AssignedEmpCountLink : no such element: Unable to locate element: {"method":"xpath","selector":"//table[@id='dtHolidayPolicy']/tbody/tr[1]/td[2]/a"}
  (Session info: chrome=138.0.7204.101)
For documentation on this error, please visit: https://www.selenium.dev/documentation/webdriver/troubleshooting/errors#no-such-element-exception
Build info: version: '4.34.0', revision: '707dcb4246*'
System info: os.name: 'Windows 10', os.arch: 'amd64', os.version: '10.0', java.version: '17.0.11'
Driver info: org.openqa.selenium.chrome.ChromeDriver
Command: [f6b82496c5d0036c77911650d694bb31, findElement {value=//table[@id='dtHolidayPolicy']/tbody/tr[1]/td[2]/a, using=xpath}]
Capabilities {acceptInsecureCerts: true, browserName: chrome, browserVersion: 138.0.7204.101, chrome: {chromedriverVersion: 138.0.7204.94 (545025748884..., userDataDir: C:\Users\Pramod.C\AppData\L...}, fedcm:accounts: true, goog:chromeOptions: {debuggerAddress: localhost:62698}, networkConnectionEnabled: false, pageLoadStrategy: none, platformName: windows, proxy: Proxy(), se:cdp: ws://localhost:62698/devtoo..., se:cdpVersion: 138.0.7204.101, setWindowRect: true, strictFileInteractability: false, timeouts: {implicit: 0, pageLoad: 300000, script: 30000}, unhandledPromptBehavior: dismiss and notify, webauthn:extension:credBlob: true, webauthn:extension:largeBlob: true, webauthn:extension:minPinLength: true, webauthn:extension:prf: true, webauthn:virtualAuthenticators: true}
Session ID: f6b82496c5d0036c77911650d694bb31
Jul 15, 2025 6:10:04 PM base.LogResults createLogs
INFO: FAIL - Error While Displaying FirstEmpRecordInAssignedEmpCountPage Emp Records : no such element: Unable to locate element: {"method":"xpath","selector":"//table[@id='dtEmployeeDetails']/tbody/tr[1]/td[1]/div/div/p[1]"}
  (Session info: chrome=138.0.7204.101)
For documentation on this error, please visit: https://www.selenium.dev/documentation/webdriver/troubleshooting/errors#no-such-element-exception
Build info: version: '4.34.0', revision: '707dcb4246*'
System info: os.name: 'Windows 10', os.arch: 'amd64', os.version: '10.0', java.version: '17.0.11'
Driver info: org.openqa.selenium.chrome.ChromeDriver
Command: [f6b82496c5d0036c77911650d694bb31, findElement {value=//table[@id='dtEmployeeDetails']/tbody/tr[1]/td[1]/div/div/p[1], using=xpath}]
Capabilities {acceptInsecureCerts: true, browserName: chrome, browserVersion: 138.0.7204.101, chrome: {chromedriverVersion: 138.0.7204.94 (545025748884..., userDataDir: C:\Users\Pramod.C\AppData\L...}, fedcm:accounts: true, goog:chromeOptions: {debuggerAddress: localhost:62698}, networkConnectionEnabled: false, pageLoadStrategy: none, platformName: windows, proxy: Proxy(), se:cdp: ws://localhost:62698/devtoo..., se:cdpVersion: 138.0.7204.101, setWindowRect: true, strictFileInteractability: false, timeouts: {implicit: 0, pageLoad: 300000, script: 30000}, unhandledPromptBehavior: dismiss and notify, webauthn:extension:credBlob: true, webauthn:extension:largeBlob: true, webauthn:extension:minPinLength: true, webauthn:extension:prf: true, webauthn:virtualAuthenticators: true}
Session ID: f6b82496c5d0036c77911650d694bb31
Jul 15, 2025 6:10:38 PM base.LogResults createLogs
INFO: FAIL - Error While Inputting Emp Name In Search Text Field : no such element: Unable to locate element: {"method":"xpath","selector":"//div[@id='dtEmployeeDetails_filter']/label/input"}
  (Session info: chrome=138.0.7204.101)
For documentation on this error, please visit: https://www.selenium.dev/documentation/webdriver/troubleshooting/errors#no-such-element-exception
Build info: version: '4.34.0', revision: '707dcb4246*'
System info: os.name: 'Windows 10', os.arch: 'amd64', os.version: '10.0', java.version: '17.0.11'
Driver info: org.openqa.selenium.chrome.ChromeDriver
Command: [f6b82496c5d0036c77911650d694bb31, findElement {value=//div[@id='dtEmployeeDetails_filter']/label/input, using=xpath}]
Capabilities {acceptInsecureCerts: true, browserName: chrome, browserVersion: 138.0.7204.101, chrome: {chromedriverVersion: 138.0.7204.94 (545025748884..., userDataDir: C:\Users\Pramod.C\AppData\L...}, fedcm:accounts: true, goog:chromeOptions: {debuggerAddress: localhost:62698}, networkConnectionEnabled: false, pageLoadStrategy: none, platformName: windows, proxy: Proxy(), se:cdp: ws://localhost:62698/devtoo..., se:cdpVersion: 138.0.7204.101, setWindowRect: true, strictFileInteractability: false, timeouts: {implicit: 0, pageLoad: 300000, script: 30000}, unhandledPromptBehavior: dismiss and notify, webauthn:extension:credBlob: true, webauthn:extension:largeBlob: true, webauthn:extension:minPinLength: true, webauthn:extension:prf: true, webauthn:virtualAuthenticators: true}
Session ID: f6b82496c5d0036c77911650d694bb31
Jul 15, 2025 6:11:13 PM base.LogResults createLogs
INFO: FAIL - Error While Displaying Assigned Emp Records : no such element: Unable to locate element: {"method":"xpath","selector":"//table[@id='dtEmployeeDetails']/tbody/tr[1]/td[1]/div/div/p[1]"}
  (Session info: chrome=138.0.7204.101)
For documentation on this error, please visit: https://www.selenium.dev/documentation/webdriver/troubleshooting/errors#no-such-element-exception
Build info: version: '4.34.0', revision: '707dcb4246*'
System info: os.name: 'Windows 10', os.arch: 'amd64', os.version: '10.0', java.version: '17.0.11'
Driver info: org.openqa.selenium.chrome.ChromeDriver
Command: [f6b82496c5d0036c77911650d694bb31, findElement {value=//table[@id='dtEmployeeDetails']/tbody/tr[1]/td[1]/div/div/p[1], using=xpath}]
Capabilities {acceptInsecureCerts: true, browserName: chrome, browserVersion: 138.0.7204.101, chrome: {chromedriverVersion: 138.0.7204.94 (545025748884..., userDataDir: C:\Users\Pramod.C\AppData\L...}, fedcm:accounts: true, goog:chromeOptions: {debuggerAddress: localhost:62698}, networkConnectionEnabled: false, pageLoadStrategy: none, platformName: windows, proxy: Proxy(), se:cdp: ws://localhost:62698/devtoo..., se:cdpVersion: 138.0.7204.101, setWindowRect: true, strictFileInteractability: false, timeouts: {implicit: 0, pageLoad: 300000, script: 30000}, unhandledPromptBehavior: dismiss and notify, webauthn:extension:credBlob: true, webauthn:extension:largeBlob: true, webauthn:extension:minPinLength: true, webauthn:extension:prf: true, webauthn:virtualAuthenticators: true}
Session ID: f6b82496c5d0036c77911650d694bb31
Jul 15, 2025 6:11:13 PM base.LogResults createLogs
INFO: FAIL - Skipping rest steps as error count reached configured value : 5
Jul 15, 2025 6:11:13 PM base.LogResults onlyLog
INFO: Failed - MeghHolidayPolicyTest-MPI_598_Holiday_Policy_12-To verify this, click on the "Assign Employees" count link for the employee criteria-added policy and check the functionality of the search feature in the mini window that appears. Ensure that the search works correctly using various options such as First Name, Last Name, Employee ID, Enroll ID, Designation, Department, and Office. Verify that relevant records are displayed based on the entered search input.
---------------------------------------------------------------
MeghHolidayPolicyTestMPI_598_Holiday_Policy_12
Jul 15, 2025 6:11:13 PM base.LogResults onlyLog
INFO: Total Pass : 1 Total Fail : 9  Total TC : 10
---------------------------------------------------------------
Test case took: 157.4215 seconds
Total TC Time: 00:18:03

===============================================
Suite
Total tests run: 10, Passes: 4, Failures: 0, Skips: 6
===============================================

