>> Console logging redirected to data/console.log
Launching Driver...
SLF4J(W): No SLF4J providers were found.
SLF4J(W): Defaulting to no-operation (NOP) logger implementation
SLF4J(W): See https://www.slf4j.org/codes.html#noProviders for further details.
Jul 15, 2025 2:22:38 PM org.openqa.selenium.devtools.CdpVersionFinder findNearestMatch
WARNING: Unable to find an exact match for CDP version 138, returning the closest version; found: 137; Please update to a Selenium version that supports CDP version 138
Jul 15, 2025 2:22:40 PM base.LogResults createLogs
INFO: PASS - Application Loaded Successfully: 
Jul 15, 2025 2:22:42 PM base.LogResults createLogs
INFO: PASS - Create An Account Button Is Clicked: 
Jul 15, 2025 2:22:42 PM base.LogResults createLogs
INFO: PASS - First Name Entered in Text Box: AutoAFNAJP
Jul 15, 2025 2:22:43 PM base.LogResults createLogs
INFO: PASS - Last Name Entered in Text Box: AutoLNPOSW
Jul 15, 2025 2:22:43 PM base.LogResults createLogs
INFO: PASS - Email  Entered in Text Box: AutoE150725142235@mailinator.com
Jul 15, 2025 2:22:43 PM base.LogResults createLogs
INFO: PASS - Phone Number Entered in Text Box: 8217068654
Jul 15, 2025 2:22:43 PM base.LogResults createLogs
INFO: PASS - Create Password Entered in Text Box: Pramod@1234
Jul 15, 2025 2:22:43 PM base.LogResults createLogs
INFO: PASS - Confirm Password Entered in Text Box: Pramod@1234
Jul 15, 2025 2:22:44 PM base.LogResults createLogs
INFO: PASS - Successfully Cliked On SignUp Button: 
Jul 15, 2025 2:22:44 PM base.LogResults createLogs
INFO: PASS - Company Name Entered in Text Box: AutoCNRIUDN
Jul 15, 2025 2:22:48 PM base.LogResults createLogs
INFO: PASS - Company Code Entered in Text Box: AMFV
Jul 15, 2025 2:22:48 PM base.LogResults createLogs
INFO: PASS - Company HeadCount Selected In the Dropdown: 51 To 100
Jul 15, 2025 2:22:48 PM base.LogResults createLogs
INFO: PASS - Industry Type Selected In the Dropdown: Software Industry
Jul 15, 2025 2:22:49 PM base.LogResults createLogs
INFO: PASS - Your Role Selected In the Dropdown: Admin
Jul 15, 2025 2:22:49 PM base.LogResults createLogs
INFO: PASS - Your Role Selected In the Dropdown: 
Jul 15, 2025 2:22:53 PM base.LogResults createLogs
INFO: PASS - OTP Sent To YOP Mail: 
Jul 15, 2025 2:22:55 PM base.LogResults createLogs
INFO: PASS - Successfully Open The New Tab And URL Is Passed: 
Jul 15, 2025 2:22:57 PM base.LogResults createLogs
INFO: PASS - Successfully Clicked On GetFreeTrailButton: 
Jul 15, 2025 2:22:59 PM base.LogResults createLogs
INFO: PASS - Successfully Clicked On PopupCloseButton: 
Jul 15, 2025 2:23:05 PM base.LogResults createLogs
INFO: PASS - Successfully Inputted Emp Name: AutoE150725142235
Jul 15, 2025 2:23:05 PM base.LogResults createLogs
INFO: PASS - Successfully Clicked On SearchButtonOfMailinator: 
Jul 15, 2025 2:23:06 PM base.LogResults createLogs
INFO: PASS - Successfully Clicked On SignUp OTP Mail: 
Proxy element for: DefaultElementLocator 'By.xpath: //iframe[@id='html_msg_body']'
[[ChromeDriver: chrome on windows (0464359c782920190af4f0f873e7ae8b)] -> xpath: //body[1]/div[1]/p[2]]
HTML content: <div class="container">            <div class="date" style="margin-left: 517px ; font-size: 12px ; font-weight: bold">   </div> <p>Dear User,</p><p>Thank you for signing up! To complete your registration, please enter the following One-Time Password (OTP) on the sign-up page: <b>919040</b> <br></p><p>This OTP is valid for <b>10</b> minutes.</p><p>If you encounter any issues or have any further questions, feel free to contact at Admin/HR Department.</p><p>Thank you,</p>MeghPI<br>101, Shreeji Complex  
Near ABC Circle, Satellite Road  
Ahmedabad, Gujarat 380015  
India<br>mantra@mantratec.com<br></div>    

<br><p style="text-align: justify ; margin: 0px" class="">This email and any files
transmitted with it are confidential and intended solely for the use of the
individual or entity to whom they are addressed. If you are not the named
addressee you should not disseminate, distribute or copy this e-mail. Please notify
the sender immediately by e-mail if you have received this e-mail by mistake
and delete this e-mail from your system.<br></p><div><b><i>?</i>?</b><br></div>
<br><br><br><br><br><br><br>
Jul 15, 2025 2:23:10 PM base.LogResults createLogs
INFO: PASS - Successfully Navigated To IFrame: 
919040this is OTP
Jul 15, 2025 2:23:11 PM base.LogResults createLogs
INFO: PASS - Successfully Extracted The OTP: 919040
Jul 15, 2025 2:23:11 PM base.LogResults createLogs
INFO: PASS - Successfully Navigated Back To Application: 
Jul 15, 2025 2:23:11 PM base.LogResults createLogs
INFO: PASS - OTP Sent To YOP Mail: 919040
Jul 15, 2025 2:23:11 PM base.LogResults createLogs
INFO: PASS - Successfully Entered The Captcha: 12345
Jul 15, 2025 2:23:11 PM base.LogResults createLogs
INFO: PASS - Successfully Clicked On VerifyAndLoginButton: 
Jul 15, 2025 2:23:14 PM base.LogResults createLogs
INFO: PASS - Successfully Selected VMS: 
Jul 15, 2025 2:23:14 PM base.LogResults createLogs
INFO: PASS - Successfully Selected CMS: 
Jul 15, 2025 2:23:14 PM base.LogResults createLogs
INFO: PASS - Successfully Clicked On SaveButton: 
Jul 15, 2025 2:23:18 PM base.LogResults createLogs
INFO: PASS - Successfully Clicked On PlanF: 
Jul 15, 2025 2:23:22 PM base.LogResults createLogs
INFO: PASS - Successfully Clicked On MakePaymentButton: 
Jul 15, 2025 2:23:27 PM base.LogResults createLogs
INFO: PASS - Successfully Clicked On Cards For Payment: 
5123456789012346
Jul 15, 2025 2:23:28 PM base.LogResults createLogs
INFO: PASS - Successfully Entered The Card Number: 5123456789012346
Jul 15, 2025 2:23:28 PM base.LogResults createLogs
INFO: PASS - Successfully Entered The Card ExpiryDate: 1225
Jul 15, 2025 2:23:28 PM base.LogResults createLogs
INFO: PASS - Successfully Entered The Card CVV: 123
Jul 15, 2025 2:23:29 PM base.LogResults createLogs
INFO: PASS - Successfully Entered The Card OwnerName: Test 
Jul 15, 2025 2:23:29 PM base.LogResults createLogs
INFO: PASS - Successfully Clicked On ProccedButton: 
Jul 15, 2025 2:23:33 PM base.LogResults createLogs
INFO: PASS - Successfully Entered The Payment OTP: 123456
Jul 15, 2025 2:23:33 PM base.LogResults createLogs
INFO: PASS - Successfully Clicked On OTPConfirmButton: 
Jul 15, 2025 2:23:36 PM base.LogResults createLogs
INFO: PASS - Successfully Clicked On BackToLoginButton: 
Jul 15, 2025 2:23:36 PM base.LogResults createLogs
INFO: PASS - Application Loaded Successfully: 
Jul 15, 2025 2:23:40 PM base.LogResults createLogs
INFO: PASS - Company Code Entered in Text Box: AMFV
Jul 15, 2025 2:23:40 PM base.LogResults createLogs
INFO: PASS - Login With Password Button Is Clicked: 
Jul 15, 2025 2:23:45 PM base.LogResults createLogs
INFO: PASS - Sign in Text Is Displayed: 
Jul 15, 2025 2:23:45 PM base.LogResults createLogs
INFO: PASS - Username Is Entered In Username Text Field: AutoE150725142235@mailinator.com
Jul 15, 2025 2:23:45 PM base.LogResults createLogs
INFO: PASS - Password Is Entered In Password Text Field: Pramod@1234
Jul 15, 2025 2:23:45 PM base.LogResults createLogs
INFO: PASS - Captcha Entered On Captcha Text Field: 12345
Jul 15, 2025 2:23:45 PM base.LogResults createLogs
INFO: PASS - Clicked On Login Button: 
Jul 15, 2025 2:23:47 PM base.LogResults createLogs
INFO: PASS - Clicked On MailCheck Button: 
Jul 15, 2025 2:23:49 PM base.LogResults createLogs
INFO: PASS - Successfully Open The New Tab And URL Is Passed: 
Jul 15, 2025 2:23:49 PM base.LogResults createLogs
INFO: PASS - Successfully Clicked On GetFreeTrailButton: 
Jul 15, 2025 2:23:51 PM base.LogResults createLogs
INFO: PASS - Successfully Clicked On PopupCloseButton: 
Jul 15, 2025 2:23:57 PM base.LogResults createLogs
INFO: PASS - Successfully Inputted Emp Name: AutoE150725142235
Jul 15, 2025 2:23:57 PM base.LogResults createLogs
INFO: PASS - Successfully Clicked On SearchButtonOfMailinator: 
Jul 15, 2025 2:23:57 PM base.LogResults createLogs
INFO: PASS - Except Application All Other Tabs Are Closed Successfully: 
Jul 15, 2025 2:23:57 PM base.LogResults createLogs
INFO: PASS - Successfully Clicked On Activation Mail Link: 
Proxy element for: DefaultElementLocator 'By.xpath: //iframe[@id='html_msg_body']'
[[ChromeDriver: chrome on windows (0464359c782920190af4f0f873e7ae8b)] -> xpath: //body[1]/div[1]/p[2]]
HTML content: TO : AutoE150725142235@mailinator.com<br>CC : <br>BCC : <br>                                                 <div class="container">            <div class="date" style="margin-left: 517px ; font-size: 12px ; font-weight: bold">   </div> <p>Dear, AutoCNRIUDN150725142235</p><p>Please click below link to activate your company:<br><b><a href="https://demo.meghpi.com/CompanyActivation?enc=lATszyAJ5-058AGV7gX-wIIyv+BZZUAN9DF9PIujkoGSTqJti8eynCUnlrnY6erjuefEHRPM9jylGOJRfInQ4A@@" target="_other" rel="nofollow">ACTIVATION_LINK</a></b><br></p><p>If you encounter any issues or have any further questions, feel free to contact at Admin/HR Department.</p><p>Thank you,</p>MeghPI<br>101, Shreeji Complex  
Near ABC Circle, Satellite Road  
Ahmedabad, Gujarat 380015  
India<br>mantra@mantratec.com<br></div>    

<br><p style="text-align: justify ; margin: 0px" class="">This email and any files
transmitted with it are confidential and intended solely for the use of the
individual or entity to whom they are addressed. If you are not the named
addressee you should not disseminate, distribute or copy this e-mail. Please notify
the sender immediately by e-mail if you have received this e-mail by mistake
and delete this e-mail from your system.<br></p><div><b><i>?</i>?</b><br></div>
<br><br><br><br><br><br><br>
Jul 15, 2025 2:24:02 PM base.LogResults createLogs
INFO: PASS - Successfully Navigated To IFrame: 
Jul 15, 2025 2:24:02 PM base.LogResults createLogs
INFO: PASS - Successfully Clicked On ActivationLink: 
Jul 15, 2025 2:24:06 PM base.LogResults createLogs
INFO: PASS - Successfully Navigated Back To Application: 
Jul 15, 2025 2:24:06 PM base.LogResults createLogs
INFO: PASS - Clicked On LoginHere Button: 
Jul 15, 2025 2:24:10 PM base.LogResults createLogs
INFO: PASS - Company Code Entered in Text Box: AMFV
Jul 15, 2025 2:24:10 PM base.LogResults createLogs
INFO: PASS - Login With Password Button Is Clicked: 
Jul 15, 2025 2:24:15 PM base.LogResults createLogs
INFO: PASS - Sign in Text Is Displayed: 
Jul 15, 2025 2:24:15 PM base.LogResults createLogs
INFO: PASS - Username Is Entered In Username Text Field: AutoE150725142235@mailinator.com
Jul 15, 2025 2:24:15 PM base.LogResults createLogs
INFO: PASS - Password Is Entered In Password Text Field: Pramod@1234
Jul 15, 2025 2:24:15 PM base.LogResults createLogs
INFO: PASS - Captcha Entered On Captcha Text Field: 12345
Jul 15, 2025 2:24:15 PM base.LogResults createLogs
INFO: PASS - Clicked On Login Button: 
Jul 15, 2025 2:24:18 PM base.LogResults createLogs
INFO: PASS - Clicked On CompanyDetails: 
Jul 15, 2025 2:24:19 PM base.LogResults createLogs
INFO: PASS - Industry Type Selected In the Dropdown: Software Industry
Jul 15, 2025 2:24:29 PM base.LogResults createLogs
INFO: PASS - Image Is Selected As Logo: ./data/images/Testing.jpg
Jul 15, 2025 2:24:30 PM base.LogResults createLogs
INFO: PASS - Entered CompanyWebsite Successfully: https://demo.meghpi.com/
Jul 15, 2025 2:24:30 PM base.LogResults createLogs
INFO: PASS - AddDetails Button Clicked Successfully: 
Jul 15, 2025 2:24:31 PM base.LogResults createLogs
INFO: PASS - Successfully Clicked On Add AddreessButton: 
Jul 15, 2025 2:24:32 PM base.LogResults createLogs
INFO: PASS - Successfully Selected Country From CountryDropdown: India
Jul 15, 2025 2:24:32 PM base.LogResults createLogs
INFO: FAIL - Error While Selecting State From StateDropdown : Cannot locate option with text: Gujarat 
For documentation on this error, please visit: https://www.selenium.dev/documentation/webdriver/troubleshooting/errors#no-such-element-exception
Build info: version: '4.34.0', revision: '707dcb4246*'
System info: os.name: 'Windows 10', os.arch: 'amd64', os.version: '10.0', java.version: '17.0.11'
Driver info: driver.version: unknown
Jul 15, 2025 2:24:33 PM base.LogResults createLogs
INFO: PASS - Successfully Enter The Company Address: #47, 5th cross, park view, shapath hexa, gujarat highcourt
Jul 15, 2025 2:24:33 PM base.LogResults createLogs
INFO: PASS - Successfully Enter The Company Address Zipcode: 560091
Jul 15, 2025 2:24:33 PM base.LogResults createLogs
INFO: PASS - Successfully Clicked On AddAddress Button: 
Jul 15, 2025 2:24:38 PM base.LogResults createLogs
INFO: FAIL - Error While Clicked On ContactDetails: element click intercepted: Element <p class="card-title">...</p> is not clickable at point (1148, 410). Other element would receive the click: <div class="custom-card">...</div>
  (Session info: chrome=138.0.7204.101)
Build info: version: '4.34.0', revision: '707dcb4246*'
System info: os.name: 'Windows 10', os.arch: 'amd64', os.version: '10.0', java.version: '17.0.11'
Driver info: org.openqa.selenium.chrome.ChromeDriver
Command: [0464359c782920190af4f0f873e7ae8b, clickElement {id=f.CB6996E595FFADA74574FA0F75418973.d.EE9E53B69DC1BDC565BD2660679181F1.e.149}]
Capabilities {acceptInsecureCerts: true, browserName: chrome, browserVersion: 138.0.7204.101, chrome: {chromedriverVersion: 138.0.7204.94 (545025748884..., userDataDir: C:\Users\Pramod.C\AppData\L...}, fedcm:accounts: true, goog:chromeOptions: {debuggerAddress: localhost:57793}, networkConnectionEnabled: false, pageLoadStrategy: none, platformName: windows, proxy: Proxy(), se:cdp: ws://localhost:57793/devtoo..., se:cdpVersion: 138.0.7204.101, setWindowRect: true, strictFileInteractability: false, timeouts: {implicit: 0, pageLoad: 300000, script: 30000}, unhandledPromptBehavior: dismiss and notify, webauthn:extension:credBlob: true, webauthn:extension:largeBlob: true, webauthn:extension:minPinLength: true, webauthn:extension:prf: true, webauthn:virtualAuthenticators: true}
Element: [[ChromeDriver: chrome on windows (0464359c782920190af4f0f873e7ae8b)] -> xpath: //p[text()='Contact Details']]
Session ID: 0464359c782920190af4f0f873e7ae8b
Jul 15, 2025 2:24:49 PM base.LogResults createLogs
INFO: FAIL - Error While Entering Contact Name: element not interactable
  (Session info: chrome=138.0.7204.101)
Build info: version: '4.34.0', revision: '707dcb4246*'
System info: os.name: 'Windows 10', os.arch: 'amd64', os.version: '10.0', java.version: '17.0.11'
Driver info: org.openqa.selenium.chrome.ChromeDriver
Command: [0464359c782920190af4f0f873e7ae8b, sendKeysToElement {value=[Ljava.lang.CharSequence;@65fa4a07, id=f.CB6996E595FFADA74574FA0F75418973.d.EE9E53B69DC1BDC565BD2660679181F1.e.79}]
Capabilities {acceptInsecureCerts: true, browserName: chrome, browserVersion: 138.0.7204.101, chrome: {chromedriverVersion: 138.0.7204.94 (545025748884..., userDataDir: C:\Users\Pramod.C\AppData\L...}, fedcm:accounts: true, goog:chromeOptions: {debuggerAddress: localhost:57793}, networkConnectionEnabled: false, pageLoadStrategy: none, platformName: windows, proxy: Proxy(), se:cdp: ws://localhost:57793/devtoo..., se:cdpVersion: 138.0.7204.101, setWindowRect: true, strictFileInteractability: false, timeouts: {implicit: 0, pageLoad: 300000, script: 30000}, unhandledPromptBehavior: dismiss and notify, webauthn:extension:credBlob: true, webauthn:extension:largeBlob: true, webauthn:extension:minPinLength: true, webauthn:extension:prf: true, webauthn:virtualAuthenticators: true}
Element: [[ChromeDriver: chrome on windows (0464359c782920190af4f0f873e7ae8b)] -> xpath: //input[@id='txtPrimaryContactName']]
Session ID: 0464359c782920190af4f0f873e7ae8b
Jul 15, 2025 2:24:54 PM base.LogResults createLogs
INFO: PASS - Phone Number Entered in Text Box: 8217068654
Jul 15, 2025 2:24:54 PM base.LogResults createLogs
INFO: PASS - Email Id Entered in Text Box: AutoE150725142235@mailinator.com
Jul 15, 2025 2:24:54 PM base.LogResults createLogs
INFO: PASS - Successfully Clicked On AddContactButton: 
Jul 15, 2025 2:24:56 PM base.LogResults createLogs
INFO: FAIL - Error While Clicking On OfficeSetup: element click intercepted: Element <p class="gs-tab-title">...</p> is not clickable at point (206, 349). Other element would receive the click: <div class="modal fade right-align drawer my_model show" id="contact_details" tabindex="-1" data-bs-backdrop="true" data-keyword="true" aria-modal="true" role="dialog" style="display: block;">...</div>
  (Session info: chrome=138.0.7204.101)
Build info: version: '4.34.0', revision: '707dcb4246*'
System info: os.name: 'Windows 10', os.arch: 'amd64', os.version: '10.0', java.version: '17.0.11'
Driver info: org.openqa.selenium.chrome.ChromeDriver
Command: [0464359c782920190af4f0f873e7ae8b, clickElement {id=f.CB6996E595FFADA74574FA0F75418973.d.EE9E53B69DC1BDC565BD2660679181F1.e.164}]
Capabilities {acceptInsecureCerts: true, browserName: chrome, browserVersion: 138.0.7204.101, chrome: {chromedriverVersion: 138.0.7204.94 (545025748884..., userDataDir: C:\Users\Pramod.C\AppData\L...}, fedcm:accounts: true, goog:chromeOptions: {debuggerAddress: localhost:57793}, networkConnectionEnabled: false, pageLoadStrategy: none, platformName: windows, proxy: Proxy(), se:cdp: ws://localhost:57793/devtoo..., se:cdpVersion: 138.0.7204.101, setWindowRect: true, strictFileInteractability: false, timeouts: {implicit: 0, pageLoad: 300000, script: 30000}, unhandledPromptBehavior: dismiss and notify, webauthn:extension:credBlob: true, webauthn:extension:largeBlob: true, webauthn:extension:minPinLength: true, webauthn:extension:prf: true, webauthn:virtualAuthenticators: true}
Element: [[ChromeDriver: chrome on windows (0464359c782920190af4f0f873e7ae8b)] -> xpath: (//p[text()='Office Setup'])[1]]
Session ID: 0464359c782920190af4f0f873e7ae8b
Jul 15, 2025 2:25:06 PM base.LogResults createLogs
INFO: FAIL - Error While Clicking On AddOffice: element not interactable
  (Session info: chrome=138.0.7204.101)
Build info: version: '4.34.0', revision: '707dcb4246*'
System info: os.name: 'Windows 10', os.arch: 'amd64', os.version: '10.0', java.version: '17.0.11'
Driver info: org.openqa.selenium.chrome.ChromeDriver
Command: [0464359c782920190af4f0f873e7ae8b, clickElement {id=f.CB6996E595FFADA74574FA0F75418973.d.EE9E53B69DC1BDC565BD2660679181F1.e.165}]
Capabilities {acceptInsecureCerts: true, browserName: chrome, browserVersion: 138.0.7204.101, chrome: {chromedriverVersion: 138.0.7204.94 (545025748884..., userDataDir: C:\Users\Pramod.C\AppData\L...}, fedcm:accounts: true, goog:chromeOptions: {debuggerAddress: localhost:57793}, networkConnectionEnabled: false, pageLoadStrategy: none, platformName: windows, proxy: Proxy(), se:cdp: ws://localhost:57793/devtoo..., se:cdpVersion: 138.0.7204.101, setWindowRect: true, strictFileInteractability: false, timeouts: {implicit: 0, pageLoad: 300000, script: 30000}, unhandledPromptBehavior: dismiss and notify, webauthn:extension:credBlob: true, webauthn:extension:largeBlob: true, webauthn:extension:minPinLength: true, webauthn:extension:prf: true, webauthn:virtualAuthenticators: true}
Element: [[ChromeDriver: chrome on windows (0464359c782920190af4f0f873e7ae8b)] -> xpath: (//p[text()='Add Office'])[1]]
Session ID: 0464359c782920190af4f0f873e7ae8b
Jul 15, 2025 2:25:06 PM base.LogResults createLogs
INFO: FAIL - Skipping rest steps as error count reached configured value : 5
Jul 15, 2025 2:25:06 PM base.LogResults onlyLog
INFO: Failed - MeghLoginTest-MPI_4_Login_Page_04-Verify that upon entering a valid company code and clicking the Login with OTP button, the user is redirected to the Login with OTP page and an OTP is sent to the provided email address.
---------------------------------------------------------------
MeghLoginTestMPI_4_Login_Page_04
Jul 15, 2025 2:25:06 PM base.LogResults onlyLog
INFO: Total Pass : 0 Total Fail : 1  Total TC : 1
---------------------------------------------------------------
Test case took: 147.9241 seconds
Total TC Time: 00:02:27
Launching Driver...
Jul 15, 2025 2:25:09 PM org.openqa.selenium.devtools.CdpVersionFinder findNearestMatch
WARNING: Unable to find an exact match for CDP version 138, returning the closest version; found: 137; Please update to a Selenium version that supports CDP version 138
Jul 15, 2025 2:25:10 PM base.LogResults createLogs
INFO: PASS - Application Loaded Successfully: 
Jul 15, 2025 2:25:14 PM base.LogResults createLogs
INFO: PASS - Company Code Entered in Text Box: 
Jul 15, 2025 2:25:14 PM base.LogResults createLogs
INFO: PASS - Login With Password Button Is Clicked: 
