>> Console logging redirected to data/console.log
Deleted: E:\MeghPiFw\MeghPIreports\RunID-21-08-25_18_21_16\AllReports.html
Deleted: E:\MeghPiFw\MeghPIreports\RunID-21-08-25_18_21_16\chromeMeghEmployeeTest-Logs.txt
Deleted: E:\MeghPiFw\MeghPIreports\RunID-21-08-25_18_21_16\chromeMeghEmployeeTest.html
Deleted: E:\MeghPiFw\MeghPIreports\RunID-21-08-25_18_21_16\Dashboard.html
Deleted: E:\MeghPiFw\MeghPIreports\RunID-21-08-25_18_21_16\screenshot\21-08-2025-062120.png
Deleted: E:\MeghPiFw\MeghPIreports\RunID-21-08-25_18_21_16\screenshot\21-08-2025-062126.png
Deleted: E:\MeghPiFw\MeghPIreports\RunID-21-08-25_18_21_16\screenshot\21-08-2025-062128.png
Deleted: E:\MeghPiFw\MeghPIreports\RunID-21-08-25_18_21_16\screenshot\21-08-2025-062134.png
Deleted: E:\MeghPiFw\MeghPIreports\RunID-21-08-25_18_21_16\screenshot\21-08-2025-062137.png
Deleted: E:\MeghPiFw\MeghPIreports\RunID-21-08-25_18_21_16\screenshot\21-08-2025-062139.png
Deleted: E:\MeghPiFw\MeghPIreports\RunID-21-08-25_18_21_16\screenshot\21-08-2025-062141.png
Deleted: E:\MeghPiFw\MeghPIreports\RunID-21-08-25_18_21_16\screenshot\21-08-2025-062143.png
Deleted: E:\MeghPiFw\MeghPIreports\RunID-21-08-25_18_21_16\screenshot\21-08-2025-062146.png
Deleted: E:\MeghPiFw\MeghPIreports\RunID-21-08-25_18_21_16\screenshot\21-08-2025-062148.png
Deleted: E:\MeghPiFw\MeghPIreports\RunID-21-08-25_18_21_16\screenshot\21-08-2025-062155.png
Deleted: E:\MeghPiFw\MeghPIreports\RunID-21-08-25_18_21_16\screenshot\21-08-2025-062158.png
Deleted: E:\MeghPiFw\MeghPIreports\RunID-21-08-25_18_21_16\screenshot\21-08-2025-062200.png
Deleted: E:\MeghPiFw\MeghPIreports\RunID-21-08-25_18_21_16\screenshot\21-08-2025-062203.png
Deleted: E:\MeghPiFw\MeghPIreports\RunID-21-08-25_18_21_16\screenshot\21-08-2025-062211.png
Deleted: E:\MeghPiFw\MeghPIreports\RunID-21-08-25_18_21_16\screenshot\21-08-2025-062213.png
Deleted: E:\MeghPiFw\MeghPIreports\RunID-21-08-25_18_21_16\screenshot\21-08-2025-062215.png
Deleted: E:\MeghPiFw\MeghPIreports\RunID-21-08-25_18_21_16\screenshot\21-08-2025-062223.png
Deleted: E:\MeghPiFw\MeghPIreports\RunID-21-08-25_18_21_16\screenshot\21-08-2025-062225.png
Deleted: E:\MeghPiFw\MeghPIreports\RunID-21-08-25_18_21_16\screenshot\21-08-2025-062229.png
Deleted: E:\MeghPiFw\MeghPIreports\RunID-21-08-25_18_21_16\screenshot\21-08-2025-062233.png
Deleted: E:\MeghPiFw\MeghPIreports\RunID-21-08-25_18_21_16\screenshot\21-08-2025-062236.png
Deleted: E:\MeghPiFw\MeghPIreports\RunID-21-08-25_18_21_16\screenshot\21-08-2025-062241.png
Deleted: E:\MeghPiFw\MeghPIreports\RunID-21-08-25_18_21_16\screenshot\21-08-2025-062243.png
Deleted: E:\MeghPiFw\MeghPIreports\RunID-21-08-25_18_21_16\screenshot\21-08-2025-062245.png
Deleted: E:\MeghPiFw\MeghPIreports\RunID-21-08-25_18_21_16\screenshot\21-08-2025-062248.png
Deleted: E:\MeghPiFw\MeghPIreports\RunID-21-08-25_18_21_16\screenshot\21-08-2025-062250.png
Deleted: E:\MeghPiFw\MeghPIreports\RunID-21-08-25_18_21_16\screenshot\21-08-2025-062252.png
Deleted: E:\MeghPiFw\MeghPIreports\RunID-21-08-25_18_21_16\screenshot\21-08-2025-062254.png
Deleted: E:\MeghPiFw\MeghPIreports\RunID-21-08-25_18_21_16\screenshot\21-08-2025-062257.png
Deleted: E:\MeghPiFw\MeghPIreports\RunID-21-08-25_18_21_16\screenshot\21-08-2025-062303.png
Deleted: E:\MeghPiFw\MeghPIreports\RunID-21-08-25_18_21_16\screenshot\21-08-2025-062313.png
Deleted: E:\MeghPiFw\MeghPIreports\RunID-21-08-25_18_21_16\screenshot\21-08-2025-062318.png
Deleted: E:\MeghPiFw\MeghPIreports\RunID-21-08-25_18_21_16\screenshot\21-08-2025-062320.png
Deleted: E:\MeghPiFw\MeghPIreports\RunID-21-08-25_18_21_16\screenshot\21-08-2025-062322.png
Deleted: E:\MeghPiFw\MeghPIreports\RunID-21-08-25_18_21_16\screenshot\21-08-2025-062328.png
Deleted: E:\MeghPiFw\MeghPIreports\RunID-21-08-25_18_21_16\screenshot\21-08-2025-062347.png
Deleted: E:\MeghPiFw\MeghPIreports\RunID-21-08-25_18_21_16\screenshot\21-08-2025-062352.png
Deleted: E:\MeghPiFw\MeghPIreports\RunID-21-08-25_18_21_16\screenshot\21-08-2025-062403.png
Deleted: E:\MeghPiFw\MeghPIreports\RunID-21-08-25_18_21_16\screenshot\21-08-2025-062415.png
Deleted: E:\MeghPiFw\MeghPIreports\RunID-21-08-25_18_21_16\screenshot\21-08-2025-062422.png
Deleted: E:\MeghPiFw\MeghPIreports\RunID-21-08-25_18_21_16\screenshot\21-08-2025-062425.png
Deleted: E:\MeghPiFw\MeghPIreports\RunID-21-08-25_18_21_16\screenshot\21-08-2025-062427.png
Deleted: E:\MeghPiFw\MeghPIreports\RunID-21-08-25_18_21_16\screenshot\21-08-2025-062430.png
Deleted: E:\MeghPiFw\MeghPIreports\RunID-21-08-25_18_21_16\screenshot\21-08-2025-062436.png
Deleted: E:\MeghPiFw\MeghPIreports\RunID-21-08-25_18_21_16\screenshot\21-08-2025-062441.png
Deleted: E:\MeghPiFw\MeghPIreports\RunID-21-08-25_18_21_16\screenshot\21-08-2025-062444.png
Deleted: E:\MeghPiFw\MeghPIreports\RunID-21-08-25_18_21_16\screenshot\21-08-2025-062446.png
Deleted: E:\MeghPiFw\MeghPIreports\RunID-21-08-25_18_21_16\screenshot\21-08-2025-062457.png
Deleted: E:\MeghPiFw\MeghPIreports\RunID-21-08-25_18_21_16\screenshot\21-08-2025-062503.png
Deleted: E:\MeghPiFw\MeghPIreports\RunID-21-08-25_18_21_16\screenshot\21-08-2025-062512.png
Deleted: E:\MeghPiFw\MeghPIreports\RunID-21-08-25_18_21_16\screenshot\21-08-2025-062520.png
Deleted: E:\MeghPiFw\MeghPIreports\RunID-21-08-25_18_21_16\screenshot\21-08-2025-062529.png
Deleted: E:\MeghPiFw\MeghPIreports\RunID-21-08-25_18_21_16\screenshot\21-08-2025-062537.png
Deleted: E:\MeghPiFw\MeghPIreports\RunID-21-08-25_18_21_16\screenshot\21-08-2025-062547.png
Deleted: E:\MeghPiFw\MeghPIreports\RunID-21-08-25_18_26_28\AllReports.html
Deleted: E:\MeghPiFw\MeghPIreports\RunID-21-08-25_18_26_28\chromeMeghLeaveTest-Logs.txt
Deleted: E:\MeghPiFw\MeghPIreports\RunID-21-08-25_18_26_28\chromeMeghLeaveTest.html
Deleted: E:\MeghPiFw\MeghPIreports\RunID-21-08-25_18_26_28\Dashboard.html
Deleted: E:\MeghPiFw\MeghPIreports\RunID-21-08-25_18_26_28\screenshot\21-08-2025-062632.png
Deleted: E:\MeghPiFw\MeghPIreports\RunID-21-08-25_18_26_28\screenshot\21-08-2025-062638.png
Deleted: E:\MeghPiFw\MeghPIreports\RunID-21-08-25_18_26_28\screenshot\21-08-2025-062640.png
Deleted: E:\MeghPiFw\MeghPIreports\RunID-21-08-25_18_26_28\screenshot\21-08-2025-062646.png
Deleted: E:\MeghPiFw\MeghPIreports\RunID-21-08-25_18_26_28\screenshot\21-08-2025-062649.png
Deleted: E:\MeghPiFw\MeghPIreports\RunID-21-08-25_18_26_28\screenshot\21-08-2025-062651.png
Deleted: E:\MeghPiFw\MeghPIreports\RunID-21-08-25_18_26_28\screenshot\21-08-2025-062653.png
Deleted: E:\MeghPiFw\MeghPIreports\RunID-21-08-25_18_26_28\screenshot\21-08-2025-062656.png
Deleted: E:\MeghPiFw\MeghPIreports\RunID-21-08-25_18_26_28\screenshot\21-08-2025-062658.png
Deleted: E:\MeghPiFw\MeghPIreports\RunID-21-08-25_18_26_28\screenshot\21-08-2025-062700.png
Launching Driver...
SLF4J(W): No SLF4J providers were found.
SLF4J(W): Defaulting to no-operation (NOP) logger implementation
SLF4J(W): See https://www.slf4j.org/codes.html#noProviders for further details.
Aug 26, 2025 6:47:53 PM org.openqa.selenium.devtools.CdpVersionFinder findNearestMatch
WARNING: Unable to find an exact match for CDP version 139, returning the closest version; found: 137; Please update to a Selenium version that supports CDP version 139
(1386, 788)
Aug 26, 2025 6:47:54 PM base.LogResults onlyLog
INFO: Passed - MeghPIGSAttendanceTest-MPI_638_Normal_Attendance_10-Check the status when the employee has applied for leave and it has been approved for that day.
---------------------------------------------------------------
MeghPIGSAttendanceTestMPI_638_Normal_Attendance_10
Aug 26, 2025 6:47:54 PM base.LogResults onlyLog
INFO: Total Pass : 1 Total Fail : 0  Total TC : 1
---------------------------------------------------------------
Test case took: 0.1997 seconds
Total TC Time: 00:00:00

===============================================
Suite
Total tests run: 1, Passes: 0, Failures: 1, Skips: 0
Configuration Failures: 1, Skips: 0
===============================================

