>> Console logging redirected to data/console.log
Continuing with Existing Master Data due to threshold value:040825-040825-ThreSld->3
cmpcode and emailidAutoE040825143429@mailinator.com
Launching Driver...
SLF4J(W): No SLF4J providers were found.
SLF4J(W): Defaulting to no-operation (NOP) logger implementation
SLF4J(W): See https://www.slf4j.org/codes.html#noProviders for further details.
Aug 04, 2025 3:28:25 PM org.openqa.selenium.devtools.CdpVersionFinder findNearestMatch
WARNING: Unable to find an exact match for CDP version 138, returning the closest version; found: 137; Please update to a Selenium version that supports CDP version 138
Error Index 1 out of bounds for length 1
Aug 04, 2025 3:28:27 PM base.LogResults createLogs
INFO: PASS - Step 1: Application loaded successfully.
Aug 04, 2025 3:28:31 PM base.LogResults createLogs
INFO: PASS - Step 2: Company code entered successfully.
Aug 04, 2025 3:28:32 PM base.LogResults createLogs
INFO: PASS - Step 3: Clicked 'Login with Password' successfully.
Aug 04, 2025 3:28:37 PM base.LogResults createLogs
INFO: PASS - Step 4: Sign-in section appeared.
Aug 04, 2025 3:28:37 PM base.LogResults createLogs
INFO: PASS - Step 5: Username entered.AutoE040825143429@mailinator.com
Aug 04, 2025 3:28:37 PM base.LogResults createLogs
INFO: PASS - Step 6: Password entered.Pramod@1234
Aug 04, 2025 3:28:37 PM base.LogResults createLogs
INFO: PASS - Step 7: Captcha entered.12345
Aug 04, 2025 3:28:38 PM base.LogResults createLogs
INFO: PASS - Step 8: Sign-in button clicked.
Aug 04, 2025 3:28:50 PM base.LogResults createLogs
INFO: PASS - Step 9: Login validated successfully.
Aug 04, 2025 3:28:50 PM base.LogResults createLogs
INFO: PASS - Login Done Successfully: 
Aug 04, 2025 3:28:55 PM base.LogResults createLogs
INFO: PASS - Directory Button Clicked Successfully: 
Aug 04, 2025 3:28:57 PM base.LogResults createLogs
INFO: PASS - Directory Page Loaded Successfully: 
Aug 04, 2025 3:28:57 PM base.LogResults createLogs
INFO: PASS - Company Tab  Clicked Successfully: 
Aug 04, 2025 3:28:58 PM base.LogResults createLogs
INFO: PASS - Office Button  Clicked Successfully: 
Aug 04, 2025 3:28:58 PM base.LogResults createLogs
INFO: PASS -  Successfully Clicked On AddOfficeButton : 
Aug 04, 2025 3:28:59 PM base.LogResults createLogs
INFO: PASS -  OfficeName Entered In the Office Name TextField : AutoON040825143429
Aug 04, 2025 3:29:03 PM base.LogResults createLogs
INFO: PASS -  Office Type Selected In the Office Type Dropdown : 
Aug 04, 2025 3:29:06 PM base.LogResults createLogs
INFO: PASS -  Country Selected In the Country  Dropdown : 
Aug 04, 2025 3:29:09 PM base.LogResults createLogs
INFO: PASS -  State Selected In the State  Dropdown : Gujarat
Aug 04, 2025 3:29:09 PM base.LogResults createLogs
INFO: PASS -  Successfully Clicked On CompanyLocationSaveButton : 
Aug 04, 2025 3:29:16 PM base.LogResults createLogs
INFO: PASS - Directory Button Clicked Successfully: 
Aug 04, 2025 3:29:18 PM base.LogResults createLogs
INFO: PASS - Directory Page Loaded Successfully: 
Aug 04, 2025 3:29:18 PM base.LogResults createLogs
INFO: PASS - Company Tab  Clicked Successfully: 
Aug 04, 2025 3:29:21 PM base.LogResults createLogs
INFO: PASS - Department Drop Icon Clicked Successfully: 
Aug 04, 2025 3:29:23 PM base.LogResults createLogs
INFO: PASS - Department Tab  Clicked Successfully: 
Aug 04, 2025 3:29:23 PM base.LogResults createLogs
INFO: PASS - Add Department Tab  Clicked Successfully: 
Aug 04, 2025 3:29:24 PM base.LogResults createLogs
INFO: PASS - Department Name Entered Successfully: AutoDN040825143429
Aug 04, 2025 3:29:25 PM base.LogResults createLogs
INFO: PASS - Successfully Clicked On Add Department Save Button: 
Aug 04, 2025 3:29:30 PM base.LogResults createLogs
INFO: PASS - Department Drop Icon Clicked Successfully: 
Aug 04, 2025 3:29:30 PM base.LogResults createLogs
INFO: PASS - Successfully Clicked On DepartmentMapping Button: 
Aug 04, 2025 3:29:30 PM base.LogResults createLogs
INFO: PASS - Successfully Clicked On AddDepartmentMapping Button: 
Aug 04, 2025 3:29:34 PM base.LogResults createLogs
INFO: PASS - Successfully Selected Department: AutoDN040825143429
Aug 04, 2025 3:29:37 PM base.LogResults createLogs
INFO: PASS - Successfully Selected OfficeName: AutoON040825143429
Aug 04, 2025 3:29:37 PM base.LogResults createLogs
INFO: PASS - AddDeptMappingSaveButton Clicked Successfully: 
Aug 04, 2025 3:29:44 PM base.LogResults createLogs
INFO: PASS - Directory Button Clicked Successfully: 
Aug 04, 2025 3:29:44 PM base.LogResults createLogs
INFO: PASS - Company Tab  Clicked Successfully: 
Aug 04, 2025 3:29:45 PM base.LogResults createLogs
INFO: PASS - Team Drop Icon  Clicked Successfully: 
Aug 04, 2025 3:29:45 PM base.LogResults createLogs
INFO: PASS - Team Button  Clicked Successfully: 
Aug 04, 2025 3:29:46 PM base.LogResults createLogs
INFO: PASS - Add Team Button  Clicked Successfully: 
Aug 04, 2025 3:29:47 PM base.LogResults createLogs
INFO: PASS - Team Name Is Entered In Team Name Text Field: AutoTN040825143429
Aug 04, 2025 3:29:47 PM base.LogResults createLogs
INFO: PASS - Team Save Button  Clicked Successfully: 
Aug 04, 2025 3:29:50 PM base.LogResults createLogs
INFO: PASS - Team Drop Icon  Clicked Successfully: 
Aug 04, 2025 3:29:51 PM base.LogResults createLogs
INFO: PASS - TeamMapping Button  Clicked Successfully: 
Aug 04, 2025 3:29:52 PM base.LogResults createLogs
INFO: PASS - AddTeamMapping Button  Clicked Successfully: 
Aug 04, 2025 3:29:56 PM base.LogResults createLogs
INFO: PASS - Team Name Selected Successfully: AutoTN040825143429
Aug 04, 2025 3:29:56 PM base.LogResults createLogs
INFO: PASS - Department DropDown Clicked Successfully: 
Aug 04, 2025 3:29:56 PM base.LogResults createLogs
INFO: PASS - Department Name Inputted Successfully: AutoDN040825143429
Aug 04, 2025 3:30:00 PM base.LogResults createLogs
INFO: PASS - Department Name Selected Successfully: 
Aug 04, 2025 3:30:00 PM base.LogResults createLogs
INFO: PASS - Add Team Mapping Saved Successfully: 
Aug 04, 2025 3:30:09 PM base.LogResults createLogs
INFO: PASS - Directory Button Clicked Successfully: 
Aug 04, 2025 3:30:10 PM base.LogResults createLogs
INFO: PASS - Directory Page Loaded Successfully: 
Aug 04, 2025 3:30:11 PM base.LogResults createLogs
INFO: PASS - Clicked On EmployeeTab Successfully: 
Aug 04, 2025 3:30:12 PM base.LogResults createLogs
INFO: PASS - Directory Page Loaded Successfully: 
Aug 04, 2025 3:30:22 PM base.LogResults createLogs
INFO: PASS - Clicked On TotalCountDropDown Successfully: 
Aug 04, 2025 3:30:23 PM base.LogResults createLogs
INFO: PASS - Clicked On AddNewButton Successfully: 
Aug 04, 2025 3:30:26 PM base.LogResults createLogs
INFO: PASS - Employee Form Loaded Successfully: 
Aug 04, 2025 3:30:29 PM base.LogResults createLogs
INFO: FAIL - Error while Clicking On EmployeeTypeDropdown  : Cannot locate option with text: AutoEN040825143429
For documentation on this error, please visit: https://www.selenium.dev/documentation/webdriver/troubleshooting/errors#no-such-element-exception
Build info: version: '4.34.0', revision: '707dcb4246*'
System info: os.name: 'Windows 10', os.arch: 'amd64', os.version: '10.0', java.version: '17.0.11'
Driver info: driver.version: unknown
Aug 04, 2025 3:30:29 PM base.LogResults createLogs
INFO: PASS - Clicked On ReportingToDropdown Successfully: 
Aug 04, 2025 3:30:31 PM base.LogResults createLogs
INFO: PASS - Clicked On ReportingTo Search Text Field And Input Is Passed: AutoAFN
Aug 04, 2025 3:30:37 PM base.LogResults createLogs
INFO: PASS - Entity Name Selected Successfully: 
Aug 04, 2025 3:30:37 PM base.LogResults createLogs
INFO: PASS - EmployeeID Entered On Employee ID Text Field: autoEIDJHRPRA
Aug 04, 2025 3:30:40 PM base.LogResults createLogs
INFO: PASS -  CompanyLocation Selected From The DropDown : AutoON040825143429
Aug 04, 2025 3:30:40 PM base.LogResults createLogs
INFO: PASS - Employee First Name Entered On Employee FirstName Text Field: AutoFNIJVKU
Aug 04, 2025 3:30:41 PM base.LogResults createLogs
INFO: PASS - Employee Last Name Entered On Employee Last Name Text Field: AutoLNZLEYM
Aug 04, 2025 3:30:41 PM base.LogResults createLogs
INFO: PASS - Employee Email Entered On Email ID Text Field: AutoE040825143429YSU@mailinator.com
Aug 04, 2025 3:30:41 PM base.LogResults createLogs
INFO: PASS - Employee Phone Number Entered On Phone Number Text Field: 9851463709
Aug 04, 2025 3:30:41 PM base.LogResults createLogs
INFO: PASS - Employee Joining Date  Text Field Is Clicked: 
Aug 04, 2025 3:30:41 PM base.LogResults createLogs
INFO: PASS - Employee Joining Date Entered On Joining Date Text Field: 03-01-2025
Aug 04, 2025 3:30:42 PM base.LogResults createLogs
INFO: PASS - Clicked On AddEmployeeSave Successfully: 
Aug 04, 2025 3:30:48 PM base.LogResults createLogs
INFO: PASS - Clicked On GoToDirectory Successfully: 
Aug 04, 2025 3:30:50 PM base.LogResults createLogs
INFO: PASS - Clicked On SearchDropDown Successfully: 
Aug 04, 2025 3:30:50 PM base.LogResults createLogs
INFO: PASS - Selected  LasTName  Successfully: 
Aug 04, 2025 3:30:50 PM base.LogResults createLogs
INFO: PASS - Clicked On SearchDropDown Successfully: 
Aug 04, 2025 3:30:54 PM base.LogResults createLogs
INFO: PASS - Clicked On Search Text Field And Pass The Created Employee LastName Successfully: AutoLNZLEYM
Aug 04, 2025 3:30:58 PM base.LogResults createLogs
INFO: PASS - Created Employee Displayed Successfully: AutoLNZLEYM
Aug 04, 2025 3:30:58 PM base.LogResults createLogs
INFO: PASS - Clicked On 3Dots Successfully: 
Aug 04, 2025 3:30:58 PM base.LogResults createLogs
INFO: PASS - Clicked On WebEnrollment Successfully: 
Aug 04, 2025 3:31:01 PM base.LogResults createLogs
INFO: PASS - Clicked On FaceEnrollmentTab Successfully: 
Aug 04, 2025 3:31:16 PM base.LogResults createLogs
INFO: PASS - Image Selected For WebEnrollment Successfully: ./data/images/enrollmentimage.jpg
Aug 04, 2025 3:31:26 PM base.LogResults createLogs
INFO: FAIL - Error while Clicking On CropImage: no such element: Unable to locate element: {"method":"xpath","selector":"//a[@id='cropButton']"}
  (Session info: chrome=138.0.7204.170)
For documentation on this error, please visit: https://www.selenium.dev/documentation/webdriver/troubleshooting/errors#no-such-element-exception
Build info: version: '4.34.0', revision: '707dcb4246*'
System info: os.name: 'Windows 10', os.arch: 'amd64', os.version: '10.0', java.version: '17.0.11'
Driver info: org.openqa.selenium.chrome.ChromeDriver
Command: [11fdd75d6127cdc5e1d247904b7de684, findElement {value=//a[@id='cropButton'], using=xpath}]
Capabilities {acceptInsecureCerts: true, browserName: chrome, browserVersion: 138.0.7204.170, chrome: {chromedriverVersion: 138.0.7204.183 (e90faf484dd..., userDataDir: C:\Users\Pramod.C\AppData\L...}, fedcm:accounts: true, goog:chromeOptions: {debuggerAddress: localhost:65145}, networkConnectionEnabled: false, pageLoadStrategy: none, platformName: windows, proxy: Proxy(), se:cdp: ws://localhost:65145/devtoo..., se:cdpVersion: 138.0.7204.170, setWindowRect: true, strictFileInteractability: false, timeouts: {implicit: 0, pageLoad: 300000, script: 30000}, unhandledPromptBehavior: dismiss and notify, webauthn:extension:credBlob: true, webauthn:extension:largeBlob: true, webauthn:extension:minPinLength: true, webauthn:extension:prf: true, webauthn:virtualAuthenticators: true}
Session ID: 11fdd75d6127cdc5e1d247904b7de684
Aug 04, 2025 3:31:26 PM base.LogResults createLogs
INFO: PASS - Successfully Clicked On SaveEnrollmentButton: 
Aug 04, 2025 3:31:56 PM base.LogResults createLogs
INFO: FAIL - Error while Displaying Success Msg: no such element: Unable to locate element: {"method":"xpath","selector":"//div[text()='Entity has been enrolled successfully.']"}
  (Session info: chrome=138.0.7204.170)
For documentation on this error, please visit: https://www.selenium.dev/documentation/webdriver/troubleshooting/errors#no-such-element-exception
Build info: version: '4.34.0', revision: '707dcb4246*'
System info: os.name: 'Windows 10', os.arch: 'amd64', os.version: '10.0', java.version: '17.0.11'
Driver info: org.openqa.selenium.chrome.ChromeDriver
Command: [11fdd75d6127cdc5e1d247904b7de684, findElement {value=//div[text()='Entity has been enrolled successfully.'], using=xpath}]
Capabilities {acceptInsecureCerts: true, browserName: chrome, browserVersion: 138.0.7204.170, chrome: {chromedriverVersion: 138.0.7204.183 (e90faf484dd..., userDataDir: C:\Users\Pramod.C\AppData\L...}, fedcm:accounts: true, goog:chromeOptions: {debuggerAddress: localhost:65145}, networkConnectionEnabled: false, pageLoadStrategy: none, platformName: windows, proxy: Proxy(), se:cdp: ws://localhost:65145/devtoo..., se:cdpVersion: 138.0.7204.170, setWindowRect: true, strictFileInteractability: false, timeouts: {implicit: 0, pageLoad: 300000, script: 30000}, unhandledPromptBehavior: dismiss and notify, webauthn:extension:credBlob: true, webauthn:extension:largeBlob: true, webauthn:extension:minPinLength: true, webauthn:extension:prf: true, webauthn:virtualAuthenticators: true}
Session ID: 11fdd75d6127cdc5e1d247904b7de684
Aug 04, 2025 3:32:07 PM base.LogResults createLogs
INFO: PASS - Directory Button Clicked Successfully: 
Aug 04, 2025 3:32:09 PM base.LogResults createLogs
INFO: PASS - Directory Page Loaded Successfully: 
Aug 04, 2025 3:32:09 PM base.LogResults createLogs
INFO: PASS - Clicked On EmployeeTab Successfully: 
Aug 04, 2025 3:32:12 PM base.LogResults createLogs
INFO: PASS - Directory Page Loaded Successfully: 
Aug 04, 2025 3:32:12 PM base.LogResults createLogs
INFO: PASS - Clicked On SearchDropDown Successfully: 
Aug 04, 2025 3:32:12 PM base.LogResults createLogs
INFO: PASS - Selected  LasTName  Successfully: 
Aug 04, 2025 3:32:13 PM base.LogResults createLogs
INFO: PASS - Clicked On SearchDropDown Successfully: 
Aug 04, 2025 3:32:17 PM base.LogResults createLogs
INFO: PASS - Clicked On Search Text Field And Pass The Created Employee LastName Successfully: AutoLNZLEYM
Aug 04, 2025 3:32:20 PM base.LogResults createLogs
INFO: PASS - Created Employee Displayed Successfully: AutoLNZLEYM
Aug 04, 2025 3:32:20 PM base.LogResults createLogs
INFO: PASS - Successfully Clicked On First Employee Record 3dots: 
Aug 04, 2025 3:32:21 PM base.LogResults createLogs
INFO: PASS - Successfully Clicked On First Employee Record ManageProfileButton: 
Aug 04, 2025 3:32:31 PM base.LogResults createLogs
INFO: PASS - Successfully Clicked On First Employee Manage Profile EditIcon: 
Aug 04, 2025 3:32:35 PM base.LogResults createLogs
INFO: PASS - Successfully Clicked On DepartmentDropDown : 
Aug 04, 2025 3:32:38 PM base.LogResults createLogs
INFO: PASS - Successfully Input The DeptName : AutoDN040825143429
Aug 04, 2025 3:32:40 PM base.LogResults createLogs
INFO: PASS - Successfully Selected DeptName : 
Aug 04, 2025 3:32:42 PM base.LogResults createLogs
INFO: PASS - Successfully Clicked On TeamDropDown: 
Aug 04, 2025 3:32:44 PM base.LogResults createLogs
INFO: PASS - Successfully Inputted Team Name: AutoTN040825143429
Aug 04, 2025 3:32:46 PM base.LogResults onlyLog
INFO: Failed - Attendance-MPI_518_TeamMapping_01-To verify this, create a department and map it with an office. Then, navigate to Team Mapping, click on 'Add Team Mapping', select the created team, select the mapped department, and save. After saving, create an employee for the selected location. Navigate to the employee's profile, select the department, click on the team field, enter the team name, and ensure that the mapped team is displayed.
---------------------------------------------------------------
AttendanceMPI_518_TeamMapping_01
Aug 04, 2025 3:32:47 PM base.LogResults onlyLog
INFO: Total Pass : 0 Total Fail : 1  Total TC : 1
---------------------------------------------------------------
Test case took: 260.6178 seconds
Total TC Time: 00:04:20

===============================================
Suite
Total tests run: 1, Passes: 1, Failures: 0, Skips: 0
===============================================

