>> Console logging redirected to data/console.log
Continuing with Existing Master Data due to threshold value:110725-110725-ThreSld->3
Launching Driver...
SLF4J(W): No SLF4J providers were found.
SLF4J(W): Defaulting to no-operation (NOP) logger implementation
SLF4J(W): See https://www.slf4j.org/codes.html#noProviders for further details.
Jul 11, 2025 5:35:59 PM org.openqa.selenium.devtools.CdpVersionFinder findNearestMatch
WARNING: Unable to find an exact match for CDP version 138, returning the closest version; found: 137; Please update to a Selenium version that supports CDP version 138
Jul 11, 2025 5:36:00 PM base.LogResults createLogs
INFO: PASS - Application Loaded Successfully: 
Jul 11, 2025 5:36:04 PM base.LogResults createLogs
INFO: PASS - Company Code Entered in Text Box: AFHU
Jul 11, 2025 5:36:04 PM base.LogResults createLogs
INFO: PASS - Login With Password Button Is Clicked: 
Jul 11, 2025 5:36:08 PM base.LogResults createLogs
INFO: PASS - Sign in Text Is Displayed: 
Jul 11, 2025 5:36:08 PM base.LogResults createLogs
INFO: PASS - Username Is Entered In Username Text Field: AutoE110725095836@mailinator.com
Jul 11, 2025 5:36:09 PM base.LogResults createLogs
INFO: PASS - Password Is Entered In Password Text Field: Pramod@1234
Jul 11, 2025 5:36:09 PM base.LogResults createLogs
INFO: PASS - Captcha Entered On Captcha Text Field: 12345
Jul 11, 2025 5:36:09 PM base.LogResults createLogs
INFO: PASS - Clicked On Login Button: 
Jul 11, 2025 5:36:11 PM base.LogResults createLogs
INFO: PASS - login Validated Successfully: 
Jul 11, 2025 5:36:15 PM base.LogResults createLogs
INFO: PASS - Directory Button Clicked Successfully: 
Jul 11, 2025 5:36:17 PM base.LogResults createLogs
INFO: PASS - Directory Page Loaded Successfully: 
Jul 11, 2025 5:36:17 PM base.LogResults createLogs
INFO: PASS - Company Tab  Clicked Successfully: 
Jul 11, 2025 5:36:18 PM base.LogResults createLogs
INFO: PASS - Office Button  Clicked Successfully: 
Jul 11, 2025 5:36:18 PM base.LogResults createLogs
INFO: PASS -  Successfully Clicked On AddOfficeButton : 
Jul 11, 2025 5:36:20 PM base.LogResults createLogs
INFO: PASS -  OfficeName Entered In the Office Name TextField : AutoONJWHED
Jul 11, 2025 5:36:20 PM base.LogResults createLogs
INFO: PASS -  Office Type Selected In the Office Type Dropdown : 
Jul 11, 2025 5:36:20 PM base.LogResults createLogs
INFO: PASS -  Country Selected In the Country  Dropdown : 
Jul 11, 2025 5:36:20 PM base.LogResults createLogs
INFO: PASS -  State Selected In the State  Dropdown : Gujarat
Jul 11, 2025 5:36:20 PM base.LogResults createLogs
INFO: PASS -  Successfully Clicked On CompanyLocationSaveButton : 
Jul 11, 2025 5:36:27 PM base.LogResults createLogs
INFO: PASS - Directory Button Clicked Successfully: 
Jul 11, 2025 5:36:29 PM base.LogResults createLogs
INFO: PASS - Directory Page Loaded Successfully: 
Jul 11, 2025 5:36:29 PM base.LogResults createLogs
INFO: PASS - Company Tab  Clicked Successfully: 
Jul 11, 2025 5:36:30 PM base.LogResults createLogs
INFO: PASS - Department Tab  Clicked Successfully: 
Jul 11, 2025 5:36:30 PM base.LogResults createLogs
INFO: PASS - Add Department Tab  Clicked Successfully: 
Jul 11, 2025 5:36:31 PM base.LogResults createLogs
INFO: PASS - Department Name Entered Successfully: AutoDN110725095836LZBK
Jul 11, 2025 5:36:32 PM base.LogResults createLogs
INFO: PASS - Successfully Clicked On Add Department Save Button: 
Jul 11, 2025 5:36:35 PM base.LogResults createLogs
INFO: PASS - Successfully Clicked On DepartmentMapping Button: 
Jul 11, 2025 5:36:35 PM base.LogResults createLogs
INFO: PASS - Successfully Clicked On AddDepartmentMapping Button: 
Jul 11, 2025 5:36:36 PM base.LogResults createLogs
INFO: PASS - Successfully Selected Department: AutoDN110725095836LZBK
Jul 11, 2025 5:36:37 PM base.LogResults createLogs
INFO: PASS - Successfully Selected OfficeName: AutoONJWHED
Jul 11, 2025 5:36:37 PM base.LogResults createLogs
INFO: PASS - AddDeptMappingSaveButton Clicked Successfully: 
Jul 11, 2025 5:36:44 PM base.LogResults createLogs
INFO: PASS - Directory Button Clicked Successfully: 
Jul 11, 2025 5:36:45 PM base.LogResults createLogs
INFO: PASS - Directory Page Loaded Successfully: 
Jul 11, 2025 5:36:45 PM base.LogResults createLogs
INFO: PASS - Clicked On EmployeeTab Successfully: 
Jul 11, 2025 5:36:47 PM base.LogResults createLogs
INFO: PASS - Directory Page Loaded Successfully: 
Jul 11, 2025 5:36:57 PM base.LogResults createLogs
INFO: PASS - Clicked On TotalCountDropDown Successfully: 
Jul 11, 2025 5:36:58 PM base.LogResults createLogs
INFO: PASS - Clicked On AddNewButton Successfully: 
Jul 11, 2025 5:37:01 PM base.LogResults createLogs
INFO: PASS - Employee Form Loaded Successfully: 
Jul 11, 2025 5:37:01 PM base.LogResults createLogs
INFO: PASS - Clicked On EmployeeTypeDropdown Successfully And Selected EntityName Successfully: AutoEN110725095836
Jul 11, 2025 5:37:01 PM base.LogResults createLogs
INFO: PASS - Clicked On ReportingToDropdown Successfully: 
Jul 11, 2025 5:37:03 PM base.LogResults createLogs
INFO: PASS - Clicked On ReportingTo Search Text Field And Input Is Passed: AutoAFN
Jul 11, 2025 5:37:06 PM base.LogResults createLogs
INFO: PASS - Entity Name Selected Successfully: 
Jul 11, 2025 5:37:06 PM base.LogResults createLogs
INFO: PASS - EmployeeID Entered On Employee ID Text Field: AutoEIDWTOEXY
Jul 11, 2025 5:37:06 PM base.LogResults createLogs
INFO: PASS -  CompanyLocation Selected From The DropDown : AutoONJWHED
Jul 11, 2025 5:37:06 PM base.LogResults createLogs
INFO: PASS - Employee First Name Entered On Employee FirstName Text Field: AutoFNNNAWF
Jul 11, 2025 5:37:06 PM base.LogResults createLogs
INFO: PASS - Employee Last Name Entered On Employee Last Name Text Field: AutoLNVIOJS
Jul 11, 2025 5:37:06 PM base.LogResults createLogs
INFO: PASS - Employee Email Entered On Email ID Text Field: AutoE110725095836XJK@mailinator.com
Jul 11, 2025 5:37:07 PM base.LogResults createLogs
INFO: PASS - Employee Phone Number Entered On Phone Number Text Field: 9851499250
Jul 11, 2025 5:37:07 PM base.LogResults createLogs
INFO: PASS - Employee Joining Date  Text Field Is Clicked: 
Jul 11, 2025 5:37:07 PM base.LogResults createLogs
INFO: PASS - Employee Joining Date Entered On Joining Date Text Field: 
Jul 11, 2025 5:37:07 PM base.LogResults createLogs
INFO: PASS - Clicked On AddEmployeeSave Successfully: 
Jul 11, 2025 5:37:11 PM base.LogResults createLogs
INFO: PASS - Clicked On GoToDirectory Successfully: 
Jul 11, 2025 5:37:12 PM base.LogResults createLogs
INFO: PASS - Clicked On SearchDropDown Successfully: 
Jul 11, 2025 5:37:13 PM base.LogResults createLogs
INFO: PASS - Selected  LasTName  Successfully: 
Jul 11, 2025 5:37:13 PM base.LogResults createLogs
INFO: PASS - Clicked On SearchDropDown Successfully: 
Jul 11, 2025 5:37:17 PM base.LogResults createLogs
INFO: PASS - Clicked On Search Text Field And Pass The Created Employee LastName Successfully: AutoLNVIOJS
Jul 11, 2025 5:37:20 PM base.LogResults createLogs
INFO: PASS - Created Employee Displayed Successfully: AutoLNVIOJS
Jul 11, 2025 5:37:21 PM base.LogResults createLogs
INFO: PASS - Clicked On 3Dots Successfully: 
Jul 11, 2025 5:37:21 PM base.LogResults createLogs
INFO: PASS - Clicked On WebEnrollment Successfully: 
Jul 11, 2025 5:37:24 PM base.LogResults createLogs
INFO: PASS - Clicked On FaceEnrollmentTab Successfully: 
Jul 11, 2025 5:37:35 PM base.LogResults createLogs
INFO: PASS - Image Selected For WebEnrollment Successfully: ./data/images/enrollmentimage.jpg
Jul 11, 2025 5:37:35 PM base.LogResults createLogs
INFO: PASS - Successfully Clicked On CropImage: 
Jul 11, 2025 5:37:35 PM base.LogResults createLogs
INFO: PASS - Successfully Clicked On SaveEnrollmentButton: 
Jul 11, 2025 5:37:47 PM base.LogResults createLogs
INFO: PASS - Success Msg Is Displayed: 
Jul 11, 2025 5:37:56 PM base.LogResults createLogs
INFO: PASS - Directory Button Clicked Successfully: 
Jul 11, 2025 5:37:58 PM base.LogResults createLogs
INFO: PASS - Directory Page Loaded Successfully: 
Jul 11, 2025 5:37:58 PM base.LogResults createLogs
INFO: PASS - Clicked On EmployeeTab Successfully: 
Jul 11, 2025 5:38:00 PM base.LogResults createLogs
INFO: PASS - Directory Page Loaded Successfully: 
Jul 11, 2025 5:38:00 PM base.LogResults createLogs
INFO: PASS - Clicked On SearchDropDown Successfully: 
Jul 11, 2025 5:38:00 PM base.LogResults createLogs
INFO: PASS - Selected  LasTName  Successfully: 
Jul 11, 2025 5:38:01 PM base.LogResults createLogs
INFO: PASS - Clicked On SearchDropDown Successfully: 
Jul 11, 2025 5:38:05 PM base.LogResults createLogs
INFO: PASS - Clicked On Search Text Field And Pass The Created Employee LastName Successfully: AutoLNVIOJS
Jul 11, 2025 5:38:08 PM base.LogResults createLogs
INFO: PASS - Created Employee Displayed Successfully: AutoLNVIOJS
Jul 11, 2025 5:38:08 PM base.LogResults createLogs
INFO: PASS - Successfully Clicked On First Employee Record 3dots: 
Jul 11, 2025 5:38:09 PM base.LogResults createLogs
INFO: PASS - Successfully Clicked On First Employee Record ManageProfileButton: 
Jul 11, 2025 5:38:18 PM base.LogResults createLogs
INFO: PASS - Successfully Clicked On First Employee Manage Profile EditIcon: 
Jul 11, 2025 5:38:18 PM base.LogResults createLogs
INFO: PASS - Successfully Selected  Dept: AutoDN110725095836LZBK
Jul 11, 2025 5:38:20 PM base.LogResults onlyLog
INFO: Passed - MeghMasterDepartmentMappingTest-MPI_514_Department_mapping_06-To verify this Select a department, select an office, and assign a Head of Department. Then, map the department with the selected office. After mapping, navigate to the employee's Manage Profile page. Under the Department dropdown, search for the mapped department and ensure that it is displayed. 
---------------------------------------------------------------
MeghMasterDepartmentMappingTestMPI_514_Department_mapping_06
Jul 11, 2025 5:38:20 PM base.LogResults onlyLog
INFO: Total Pass : 1 Total Fail : 0  Total TC : 1
---------------------------------------------------------------
Test case took: 141.2505 seconds
Total TC Time: 00:02:21
Launching Driver...
Jul 11, 2025 5:38:22 PM org.openqa.selenium.devtools.CdpVersionFinder findNearestMatch
WARNING: Unable to find an exact match for CDP version 138, returning the closest version; found: 137; Please update to a Selenium version that supports CDP version 138
Jul 11, 2025 5:38:23 PM base.LogResults createLogs
INFO: PASS - Application Loaded Successfully: 
Jul 11, 2025 5:38:27 PM base.LogResults createLogs
INFO: PASS - Company Code Entered in Text Box: AFHU
Jul 11, 2025 5:38:27 PM base.LogResults createLogs
INFO: PASS - Login With Password Button Is Clicked: 
Jul 11, 2025 5:38:31 PM base.LogResults createLogs
INFO: PASS - Sign in Text Is Displayed: 
Jul 11, 2025 5:38:31 PM base.LogResults createLogs
INFO: PASS - Username Is Entered In Username Text Field: AutoE110725095836@mailinator.com
Jul 11, 2025 5:38:32 PM base.LogResults createLogs
INFO: PASS - Password Is Entered In Password Text Field: Pramod@1234
Jul 11, 2025 5:38:32 PM base.LogResults createLogs
INFO: PASS - Captcha Entered On Captcha Text Field: 12345
Jul 11, 2025 5:38:32 PM base.LogResults createLogs
INFO: PASS - Clicked On Login Button: 
Jul 11, 2025 5:38:34 PM base.LogResults createLogs
INFO: PASS - login Validated Successfully: 
Jul 11, 2025 5:38:38 PM base.LogResults createLogs
INFO: PASS - Directory Button Clicked Successfully: 
Jul 11, 2025 5:38:40 PM base.LogResults createLogs
INFO: PASS - Directory Page Loaded Successfully: 
Jul 11, 2025 5:38:40 PM base.LogResults createLogs
INFO: PASS - Company Tab  Clicked Successfully: 
Jul 11, 2025 5:38:41 PM base.LogResults createLogs
INFO: PASS - Department Tab  Clicked Successfully: 
Jul 11, 2025 5:38:41 PM base.LogResults createLogs
INFO: PASS - Successfully Clicked On DepartmentMapping Button: 
Jul 11, 2025 5:38:41 PM base.LogResults createLogs
INFO: PASS - Successfully Clicked On AddDepartmentMapping Button: 
Jul 11, 2025 5:38:43 PM base.LogResults createLogs
INFO: PASS - Successfully Selected Department: AutoDN110725095836LZBK
Jul 11, 2025 5:38:43 PM base.LogResults createLogs
INFO: PASS - Successfully Selected OfficeName: AutoONJWHED
Jul 11, 2025 5:38:43 PM base.LogResults createLogs
INFO: PASS - AddDeptMappingSaveButton Clicked Successfully: 
Jul 11, 2025 5:38:52 PM base.LogResults createLogs
INFO: PASS - Directory Button Clicked Successfully: 
Jul 11, 2025 5:38:54 PM base.LogResults createLogs
INFO: PASS - Directory Page Loaded Successfully: 
Jul 11, 2025 5:38:54 PM base.LogResults createLogs
INFO: PASS - Clicked On EmployeeTab Successfully: 
Jul 11, 2025 5:38:55 PM base.LogResults createLogs
INFO: PASS - Directory Page Loaded Successfully: 
Jul 11, 2025 5:38:56 PM base.LogResults createLogs
INFO: PASS - Clicked On SearchDropDown Successfully: 
Jul 11, 2025 5:38:56 PM base.LogResults createLogs
INFO: PASS - Selected  LasTName  Successfully: 
Jul 11, 2025 5:38:56 PM base.LogResults createLogs
INFO: PASS - Clicked On SearchDropDown Successfully: 
Jul 11, 2025 5:39:01 PM base.LogResults createLogs
INFO: PASS - Clicked On Search Text Field And Pass The Created Employee LastName Successfully: AutoLNVIOJS
Jul 11, 2025 5:39:04 PM base.LogResults createLogs
INFO: PASS - Created Employee Displayed Successfully: AutoLNVIOJS
Jul 11, 2025 5:39:04 PM base.LogResults createLogs
INFO: PASS - Successfully Clicked On First Employee Record 3dots: 
Jul 11, 2025 5:39:04 PM base.LogResults createLogs
INFO: PASS - Successfully Clicked On First Employee Record ManageProfileButton: 
Jul 11, 2025 5:39:14 PM base.LogResults createLogs
INFO: PASS - Successfully Clicked On First Employee Manage Profile EditIcon: 
Jul 11, 2025 5:39:16 PM base.LogResults createLogs
INFO: PASS - Successfully Clicked On Dept DropDown: 
Jul 11, 2025 5:39:18 PM base.LogResults createLogs
INFO: PASS - Successfully Inputted Dept Name: AutoDN110725095836LZBK
Jul 11, 2025 5:39:20 PM base.LogResults createLogs
INFO: PASS - Successfully Displayed Dept Name: 
Jul 11, 2025 5:39:22 PM base.LogResults onlyLog
INFO: Passed - MeghMasterDepartmentMappingTest-MPI_515_Department_mapping_07-To verify this, edit the previously mapped department by changing its mapped office to 'Mantra Office'. Then, navigate to the employee profile who is mapped with mantra office and check whether updated dept is displayed in the dropdown
---------------------------------------------------------------
MeghMasterDepartmentMappingTestMPI_515_Department_mapping_07
Jul 11, 2025 5:39:22 PM base.LogResults onlyLog
INFO: Total Pass : 2 Total Fail : 0  Total TC : 2
---------------------------------------------------------------
Test case took: 59.8420 seconds
Total TC Time: 00:03:21

===============================================
Suite
Total tests run: 2, Passes: 2, Failures: 0, Skips: 0
===============================================

