>> Console logging redirected to data/console.log
Continuing with Existing Master Data due to threshold value:070825-070825-ThreSld->3
Launching Driver...
SLF4J(W): No SLF4J providers were found.
SLF4J(W): Defaulting to no-operation (NOP) logger implementation
SLF4J(W): See https://www.slf4j.org/codes.html#noProviders for further details.
Aug 07, 2025 1:31:10 PM org.openqa.selenium.devtools.CdpVersionFinder findNearestMatch
WARNING: Unable to find an exact match for CDP version 138, returning the closest version; found: 137; Please update to a Selenium version that supports CDP version 138
Error Index 1 out of bounds for length 1
Aug 07, 2025 1:31:12 PM base.LogResults createLogs
INFO: PASS -  Application loaded successfully.
Aug 07, 2025 1:31:16 PM base.LogResults createLogs
INFO: PASS -  Company code entered successfully.ANHZ
Aug 07, 2025 1:31:16 PM base.LogResults createLogs
INFO: PASS - Clicked On 'Login with Password' successfully.
Aug 07, 2025 1:31:20 PM base.LogResults createLogs
INFO: PASS -  Sign-in section appeared.
Aug 07, 2025 1:31:21 PM base.LogResults createLogs
INFO: PASS -  Email Id entered.AutoE070825091624@mailinator.com
Aug 07, 2025 1:31:21 PM base.LogResults createLogs
INFO: PASS -  Password entered.Pramod@1234
Aug 07, 2025 1:31:21 PM base.LogResults createLogs
INFO: PASS -  Captcha entered.12345
Aug 07, 2025 1:31:21 PM base.LogResults createLogs
INFO: PASS -  Sign-in button clicked.
Aug 07, 2025 1:31:24 PM base.LogResults createLogs
INFO: PASS -  Login validated successfully And Good Text Is Displayed.
Aug 07, 2025 1:31:24 PM base.LogResults createLogs
INFO: PASS - Login Done Successfully: 
Aug 07, 2025 1:31:28 PM base.LogResults createLogs
INFO: PASS - PolicyIcon Clicked Successfully: 
Aug 07, 2025 1:31:28 PM base.LogResults createLogs
INFO: PASS - PolicyMaster Loaded Successfully: 
Aug 07, 2025 1:31:29 PM base.LogResults createLogs
INFO: PASS - AttendancePolicy Clicked Successfully : 
Aug 07, 2025 1:31:30 PM base.LogResults createLogs
INFO: PASS - AttendancePolicy Page Loaded Successfully : 
Aug 07, 2025 1:31:30 PM base.LogResults createLogs
INFO: PASS - AddAttendancePolicyButton Clicked Successfully : 
Aug 07, 2025 1:31:31 PM base.LogResults createLogs
INFO: PASS - AttendancePolicy Name Entered Successfully : AutoAPN070825091624QDJ
Aug 07, 2025 1:31:31 PM base.LogResults createLogs
INFO: PASS - WebPunchButton Button Successfully : 
Aug 07, 2025 1:31:31 PM base.LogResults createLogs
INFO: PASS - EnableGracePeriod Button  Successfully : 
Aug 07, 2025 1:31:32 PM base.LogResults createLogs
INFO: PASS - EarlyClockOut CheckBox Clicked  Successfully : 
Aug 07, 2025 1:31:33 PM base.LogResults createLogs
INFO: PASS - Clicked On GraceHours  Successfully : 
Aug 07, 2025 1:31:36 PM base.LogResults createLogs
INFO: PASS -  GraceHours Inputted  Successfully : 1:00
Aug 07, 2025 1:31:36 PM base.LogResults createLogs
INFO: PASS - Clicked On GraceTimeApply Button  Successfully : 
Aug 07, 2025 1:31:36 PM base.LogResults createLogs
INFO: PASS - EnableGracePeriod CheckBox Clicked  Successfully : 
Aug 07, 2025 1:31:37 PM base.LogResults createLogs
INFO: PASS - RegulationRequest CheckBox Clicked  Successfully : 
Aug 07, 2025 1:31:37 PM base.LogResults createLogs
INFO: PASS - AddEmpCriteria Button Successfully : 
Aug 07, 2025 1:31:41 PM base.LogResults createLogs
INFO: PASS - Office Name Selected  Successfully : AutoON070825091624
Aug 07, 2025 1:31:43 PM base.LogResults createLogs
INFO: PASS - Successfully Clicked  Dept DropDown: AutoDN070825091624
Aug 07, 2025 1:31:43 PM base.LogResults createLogs
INFO: PASS - Successfully Selected  Dept: AutoDN070825091624
Aug 07, 2025 1:31:44 PM base.LogResults createLogs
INFO: PASS - Successfully Clicked On  Team  Dropdown: AutoTN070825091624
Aug 07, 2025 1:31:59 PM base.LogResults createLogs
INFO: FAIL - Error while Selecting Team From Dropdown : no such element: Unable to locate element: {"method":"xpath","selector":"//li[contains(@id, 'select2-drpFilterTeam')]"}
  (Session info: chrome=138.0.7204.184)
For documentation on this error, please visit: https://www.selenium.dev/documentation/webdriver/troubleshooting/errors#no-such-element-exception
Build info: version: '4.34.0', revision: '707dcb4246*'
System info: os.name: 'Windows 10', os.arch: 'amd64', os.version: '10.0', java.version: '17.0.11'
Driver info: org.openqa.selenium.chrome.ChromeDriver
Command: [f7ec63e9d87266510791a73bf25bff03, findElement {value=//li[contains(@id, 'select2-drpFilterTeam')], using=xpath}]
Capabilities {acceptInsecureCerts: true, browserName: chrome, browserVersion: 138.0.7204.184, chrome: {chromedriverVersion: 138.0.7204.183 (e90faf484dd..., userDataDir: C:\Users\Pramod.C\AppData\L...}, fedcm:accounts: true, goog:chromeOptions: {debuggerAddress: localhost:52822}, networkConnectionEnabled: false, pageLoadStrategy: none, platformName: windows, proxy: Proxy(), se:cdp: ws://localhost:52822/devtoo..., se:cdpVersion: 138.0.7204.184, setWindowRect: true, strictFileInteractability: false, timeouts: {implicit: 0, pageLoad: 300000, script: 30000}, unhandledPromptBehavior: dismiss and notify, webauthn:extension:credBlob: true, webauthn:extension:largeBlob: true, webauthn:extension:minPinLength: true, webauthn:extension:prf: true, webauthn:virtualAuthenticators: true}
Session ID: f7ec63e9d87266510791a73bf25bff03
Aug 07, 2025 1:32:04 PM base.LogResults createLogs
INFO: PASS - Successfully Selected  Designation From Dropdown: AutoDN070825091624
Aug 07, 2025 1:32:12 PM base.LogResults createLogs
INFO: PASS - Successfully Selected  Employee Type From Dropdown: AutoEN070825091624
Aug 07, 2025 1:32:12 PM base.LogResults createLogs
INFO: PASS - Clicked On Apply Button Successfully : 
Aug 07, 2025 1:32:12 PM base.LogResults createLogs
INFO: PASS - CreatePolicyButton Button Successfully : 
Aug 07, 2025 1:32:19 PM base.LogResults createLogs
INFO: PASS - Yes Button Button Successfully : 
Aug 07, 2025 1:32:28 PM base.LogResults createLogs
INFO: PASS - Directory Button Clicked Successfully: 
Aug 07, 2025 1:32:31 PM base.LogResults createLogs
INFO: PASS - Directory Page Loaded Successfully: 
Aug 07, 2025 1:32:31 PM base.LogResults createLogs
INFO: PASS - Clicked On EmployeeTab Successfully: 
Aug 07, 2025 1:32:33 PM base.LogResults createLogs
INFO: PASS - Directory Page Loaded Successfully: 
Aug 07, 2025 1:32:33 PM base.LogResults createLogs
INFO: PASS - Clicked On SearchDropDown Successfully: 
Aug 07, 2025 1:32:34 PM base.LogResults createLogs
INFO: PASS - Selected  LasTName  Successfully: 
Aug 07, 2025 1:32:34 PM base.LogResults createLogs
INFO: PASS - Clicked On SearchDropDown Successfully: 
Aug 07, 2025 1:32:38 PM base.LogResults createLogs
INFO: PASS - Clicked On Search Text Field And Pass The Created Employee LastName Successfully: AutoLNVEJIC
Aug 07, 2025 1:32:52 PM base.LogResults createLogs
INFO: FAIL - Error While Displaying Employee: no such element: Unable to locate element: {"method":"xpath","selector":"(//div[@class='user_details'])[1]"}
  (Session info: chrome=138.0.7204.184)
For documentation on this error, please visit: https://www.selenium.dev/documentation/webdriver/troubleshooting/errors#no-such-element-exception
Build info: version: '4.34.0', revision: '707dcb4246*'
System info: os.name: 'Windows 10', os.arch: 'amd64', os.version: '10.0', java.version: '17.0.11'
Driver info: org.openqa.selenium.chrome.ChromeDriver
Command: [f7ec63e9d87266510791a73bf25bff03, findElement {value=(//div[@class='user_details'])[1], using=xpath}]
Capabilities {acceptInsecureCerts: true, browserName: chrome, browserVersion: 138.0.7204.184, chrome: {chromedriverVersion: 138.0.7204.183 (e90faf484dd..., userDataDir: C:\Users\Pramod.C\AppData\L...}, fedcm:accounts: true, goog:chromeOptions: {debuggerAddress: localhost:52822}, networkConnectionEnabled: false, pageLoadStrategy: none, platformName: windows, proxy: Proxy(), se:cdp: ws://localhost:52822/devtoo..., se:cdpVersion: 138.0.7204.184, setWindowRect: true, strictFileInteractability: false, timeouts: {implicit: 0, pageLoad: 300000, script: 30000}, unhandledPromptBehavior: dismiss and notify, webauthn:extension:credBlob: true, webauthn:extension:largeBlob: true, webauthn:extension:minPinLength: true, webauthn:extension:prf: true, webauthn:virtualAuthenticators: true}
Session ID: f7ec63e9d87266510791a73bf25bff03
Aug 07, 2025 1:33:02 PM base.LogResults createLogs
INFO: FAIL - Error while Clicking On First Employee Record 3dots : no such element: Unable to locate element: {"method":"xpath","selector":"(//div[@data-bs-toggle='dropdown'])[1]"}
  (Session info: chrome=138.0.7204.184)
For documentation on this error, please visit: https://www.selenium.dev/documentation/webdriver/troubleshooting/errors#no-such-element-exception
Build info: version: '4.34.0', revision: '707dcb4246*'
System info: os.name: 'Windows 10', os.arch: 'amd64', os.version: '10.0', java.version: '17.0.11'
Driver info: org.openqa.selenium.chrome.ChromeDriver
Command: [f7ec63e9d87266510791a73bf25bff03, findElement {value=(//div[@data-bs-toggle='dropdown'])[1], using=xpath}]
Capabilities {acceptInsecureCerts: true, browserName: chrome, browserVersion: 138.0.7204.184, chrome: {chromedriverVersion: 138.0.7204.183 (e90faf484dd..., userDataDir: C:\Users\Pramod.C\AppData\L...}, fedcm:accounts: true, goog:chromeOptions: {debuggerAddress: localhost:52822}, networkConnectionEnabled: false, pageLoadStrategy: none, platformName: windows, proxy: Proxy(), se:cdp: ws://localhost:52822/devtoo..., se:cdpVersion: 138.0.7204.184, setWindowRect: true, strictFileInteractability: false, timeouts: {implicit: 0, pageLoad: 300000, script: 30000}, unhandledPromptBehavior: dismiss and notify, webauthn:extension:credBlob: true, webauthn:extension:largeBlob: true, webauthn:extension:minPinLength: true, webauthn:extension:prf: true, webauthn:virtualAuthenticators: true}
Session ID: f7ec63e9d87266510791a73bf25bff03
Aug 07, 2025 1:33:13 PM base.LogResults createLogs
INFO: FAIL - Error while Clicking On First Employee Record ManageProfileButton : no such element: Unable to locate element: {"method":"xpath","selector":"(//a[text()='Manage Profile'])[1]"}
  (Session info: chrome=138.0.7204.184)
For documentation on this error, please visit: https://www.selenium.dev/documentation/webdriver/troubleshooting/errors#no-such-element-exception
Build info: version: '4.34.0', revision: '707dcb4246*'
System info: os.name: 'Windows 10', os.arch: 'amd64', os.version: '10.0', java.version: '17.0.11'
Driver info: org.openqa.selenium.chrome.ChromeDriver
Command: [f7ec63e9d87266510791a73bf25bff03, findElement {value=(//a[text()='Manage Profile'])[1], using=xpath}]
Capabilities {acceptInsecureCerts: true, browserName: chrome, browserVersion: 138.0.7204.184, chrome: {chromedriverVersion: 138.0.7204.183 (e90faf484dd..., userDataDir: C:\Users\Pramod.C\AppData\L...}, fedcm:accounts: true, goog:chromeOptions: {debuggerAddress: localhost:52822}, networkConnectionEnabled: false, pageLoadStrategy: none, platformName: windows, proxy: Proxy(), se:cdp: ws://localhost:52822/devtoo..., se:cdpVersion: 138.0.7204.184, setWindowRect: true, strictFileInteractability: false, timeouts: {implicit: 0, pageLoad: 300000, script: 30000}, unhandledPromptBehavior: dismiss and notify, webauthn:extension:credBlob: true, webauthn:extension:largeBlob: true, webauthn:extension:minPinLength: true, webauthn:extension:prf: true, webauthn:virtualAuthenticators: true}
Session ID: f7ec63e9d87266510791a73bf25bff03
Aug 07, 2025 1:33:39 PM base.LogResults createLogs
INFO: FAIL - Error while Clicking On First Employee Record Policy Button : no such element: Unable to locate element: {"method":"xpath","selector":"//button[@id='emp_policy_tab']"}
  (Session info: chrome=138.0.7204.184)
For documentation on this error, please visit: https://www.selenium.dev/documentation/webdriver/troubleshooting/errors#no-such-element-exception
Build info: version: '4.34.0', revision: '707dcb4246*'
System info: os.name: 'Windows 10', os.arch: 'amd64', os.version: '10.0', java.version: '17.0.11'
Driver info: org.openqa.selenium.chrome.ChromeDriver
Command: [f7ec63e9d87266510791a73bf25bff03, findElement {value=//button[@id='emp_policy_tab'], using=xpath}]
Capabilities {acceptInsecureCerts: true, browserName: chrome, browserVersion: 138.0.7204.184, chrome: {chromedriverVersion: 138.0.7204.183 (e90faf484dd..., userDataDir: C:\Users\Pramod.C\AppData\L...}, fedcm:accounts: true, goog:chromeOptions: {debuggerAddress: localhost:52822}, networkConnectionEnabled: false, pageLoadStrategy: none, platformName: windows, proxy: Proxy(), se:cdp: ws://localhost:52822/devtoo..., se:cdpVersion: 138.0.7204.184, setWindowRect: true, strictFileInteractability: false, timeouts: {implicit: 0, pageLoad: 300000, script: 30000}, unhandledPromptBehavior: dismiss and notify, webauthn:extension:credBlob: true, webauthn:extension:largeBlob: true, webauthn:extension:minPinLength: true, webauthn:extension:prf: true, webauthn:virtualAuthenticators: true}
Session ID: f7ec63e9d87266510791a73bf25bff03
Aug 07, 2025 1:33:39 PM base.LogResults createLogs
INFO: FAIL - Skipping rest steps as error count reached configured value : 5
Aug 07, 2025 1:33:39 PM base.LogResults onlyLog
INFO: Failed - Attendance-MPI_454_Attendance_Policy_21-Edit the attendance policy and click Add Employee Criteria. Select Office, Department, Designation, Group, and Employee Type, then click Apply. Set Punch Require to Four, then click Create Policy. In the confirmation popup "Do you want to change attendance policy in Employee Profile based on current policy employee criteria?", select Yes and ensure all employees matching the criteria are assigned to the new policy.
---------------------------------------------------------------
AttendanceMPI_454_Attendance_Policy_21
Aug 07, 2025 1:33:39 PM base.LogResults onlyLog
INFO: Total Pass : 0 Total Fail : 1  Total TC : 1
---------------------------------------------------------------
Test case took: 148.8073 seconds
Total TC Time: 00:02:28

===============================================
Suite
Total tests run: 1, Passes: 0, Failures: 0, Skips: 1
===============================================

