>> Console logging redirected to data/console.log
Continuing with Existing Master Data due to threshold value:060825-060825-ThreSld->3
Launching Driver...
SLF4J(W): No SLF4J providers were found.
SLF4J(W): Defaulting to no-operation (NOP) logger implementation
SLF4J(W): See https://www.slf4j.org/codes.html#noProviders for further details.
Aug 06, 2025 12:39:45 PM org.openqa.selenium.devtools.CdpVersionFinder findNearestMatch
WARNING: Unable to find an exact match for CDP version 138, returning the closest version; found: 137; Please update to a Selenium version that supports CDP version 138
Error Index 1 out of bounds for length 1
Aug 06, 2025 12:39:47 PM base.LogResults createLogs
INFO: PASS -  Application loaded successfully.
Aug 06, 2025 12:39:51 PM base.LogResults createLogs
INFO: PASS -  Company code entered successfully.AGFC
Aug 06, 2025 12:39:51 PM base.LogResults createLogs
INFO: PASS - Clicked On 'Login with Password' successfully.
Aug 06, 2025 12:39:55 PM base.LogResults createLogs
INFO: PASS -  Sign-in section appeared.
Aug 06, 2025 12:39:56 PM base.LogResults createLogs
INFO: PASS -  Email Id entered.AutoE060825091631@mailinator.com
Aug 06, 2025 12:39:56 PM base.LogResults createLogs
INFO: PASS -  Password entered.Pramod@1234
Aug 06, 2025 12:39:56 PM base.LogResults createLogs
INFO: PASS -  Captcha entered.12345
Aug 06, 2025 12:39:56 PM base.LogResults createLogs
INFO: PASS -  Sign-in button clicked.
Aug 06, 2025 12:39:59 PM base.LogResults createLogs
INFO: PASS -  Login validated successfully And Good Text Is Displayed.
Aug 06, 2025 12:39:59 PM base.LogResults createLogs
INFO: PASS - Login Done Successfully: 
Aug 06, 2025 12:40:04 PM base.LogResults createLogs
INFO: PASS - Directory Button Clicked Successfully: 
Aug 06, 2025 12:40:05 PM base.LogResults createLogs
INFO: PASS - Directory Page Loaded Successfully: 
Aug 06, 2025 12:40:05 PM base.LogResults createLogs
INFO: PASS - Company Tab  Clicked Successfully: 
Aug 06, 2025 12:40:06 PM base.LogResults createLogs
INFO: PASS - Office Button  Clicked Successfully: 
Aug 06, 2025 12:40:07 PM base.LogResults createLogs
INFO: PASS -  Successfully Clicked On AddOfficeButton : 
Aug 06, 2025 12:40:08 PM base.LogResults createLogs
INFO: PASS -  OfficeName Entered In the Office Name TextField : AutoON060825091631CBE
Aug 06, 2025 12:40:11 PM base.LogResults createLogs
INFO: PASS -  Office Type Selected In the Office Type Dropdown : 
Aug 06, 2025 12:40:14 PM base.LogResults createLogs
INFO: PASS -  Country Selected In the Country  Dropdown : 
Aug 06, 2025 12:40:18 PM base.LogResults createLogs
INFO: PASS -  State Selected In the State  Dropdown : Gujarat
Aug 06, 2025 12:40:18 PM base.LogResults createLogs
INFO: PASS -  Successfully Clicked On CompanyLocationSaveButton : 
Aug 06, 2025 12:40:28 PM base.LogResults createLogs
INFO: PASS - OfficeType Entered In The TextField Successfully: AutoON060825091631CBE
Aug 06, 2025 12:40:32 PM base.LogResults createLogs
INFO: PASS -  Successfully Turn Off The Toggle Switch : 
Aug 06, 2025 12:40:34 PM base.LogResults createLogs
INFO: PASS -  Successfully Clicked On Ok Button : 
Aug 06, 2025 12:40:39 PM base.LogResults createLogs
INFO: PASS - Department Drop Icon Clicked Successfully: 
Aug 06, 2025 12:40:39 PM base.LogResults createLogs
INFO: PASS - Successfully Clicked On DepartmentMapping Button: 
Aug 06, 2025 12:40:39 PM base.LogResults createLogs
INFO: PASS - Successfully Clicked On AddDepartmentMapping Button: 
Aug 06, 2025 12:40:41 PM base.LogResults createLogs
INFO: PASS - Successfully Clicked On OfficeDropDown Button: 
Aug 06, 2025 12:40:41 PM base.LogResults createLogs
INFO: PASS - Successfully Inputted OfficeName: 
Aug 06, 2025 12:40:41 PM base.LogResults createLogs
INFO: PASS - HODDropDownErrorMsg Displayed Successfully: 
Aug 06, 2025 12:40:44 PM base.LogResults onlyLog
INFO: Passed - Attendance-MPI_203_Department_10-To verify this, disable the company location and check whether the disabled location is not displayed in the "assign office" dropdown in the department mapping form. 
---------------------------------------------------------------
AttendanceMPI_203_Department_10
Aug 06, 2025 12:40:44 PM base.LogResults onlyLog
INFO: Total Pass : 1 Total Fail : 0  Total TC : 1
---------------------------------------------------------------
Test case took: 58.4160 seconds
Total TC Time: 00:00:58
Launching Driver...
Aug 06, 2025 12:40:46 PM org.openqa.selenium.devtools.CdpVersionFinder findNearestMatch
WARNING: Unable to find an exact match for CDP version 138, returning the closest version; found: 137; Please update to a Selenium version that supports CDP version 138
Error Index 1 out of bounds for length 1
Aug 06, 2025 12:40:48 PM base.LogResults createLogs
INFO: PASS -  Application loaded successfully.
Aug 06, 2025 12:40:52 PM base.LogResults createLogs
INFO: PASS -  Company code entered successfully.AGFC
Aug 06, 2025 12:40:52 PM base.LogResults createLogs
INFO: PASS - Clicked On 'Login with Password' successfully.
Aug 06, 2025 12:40:56 PM base.LogResults createLogs
INFO: PASS -  Sign-in section appeared.
Aug 06, 2025 12:40:57 PM base.LogResults createLogs
INFO: PASS -  Email Id entered.AutoE060825091631@mailinator.com
Aug 06, 2025 12:40:57 PM base.LogResults createLogs
INFO: PASS -  Password entered.Pramod@1234
Aug 06, 2025 12:40:57 PM base.LogResults createLogs
INFO: PASS -  Captcha entered.12345
Aug 06, 2025 12:40:57 PM base.LogResults createLogs
INFO: PASS -  Sign-in button clicked.
Aug 06, 2025 12:41:00 PM base.LogResults createLogs
INFO: PASS -  Login validated successfully And Good Text Is Displayed.
Aug 06, 2025 12:41:01 PM base.LogResults createLogs
INFO: PASS - Login Done Successfully: 
Aug 06, 2025 12:41:05 PM base.LogResults createLogs
INFO: PASS - Directory Button Clicked Successfully: 
Aug 06, 2025 12:41:07 PM base.LogResults createLogs
INFO: PASS - Directory Page Loaded Successfully: 
Aug 06, 2025 12:41:07 PM base.LogResults createLogs
INFO: PASS - Company Tab  Clicked Successfully: 
Aug 06, 2025 12:41:08 PM base.LogResults createLogs
INFO: PASS - Office Button  Clicked Successfully: 
Aug 06, 2025 12:41:16 PM base.LogResults createLogs
INFO: PASS - OfficeType Entered In The TextField Successfully: AutoON060825091631CBE
Aug 06, 2025 12:41:21 PM base.LogResults createLogs
INFO: PASS -  Successfully Turn Off The Toggle Switch : 
Aug 06, 2025 12:41:22 PM base.LogResults createLogs
INFO: PASS -  Successfully Clicked On Ok Button : 
Aug 06, 2025 12:41:27 PM base.LogResults createLogs
INFO: PASS - Department Drop Icon Clicked Successfully: 
Aug 06, 2025 12:41:28 PM base.LogResults createLogs
INFO: PASS - Successfully Clicked On DepartmentMapping Button: 
Aug 06, 2025 12:41:28 PM base.LogResults createLogs
INFO: PASS - Successfully Clicked On AddDepartmentMapping Button: 
Aug 06, 2025 12:41:29 PM base.LogResults createLogs
INFO: PASS - Successfully Clicked On OfficeDropDown Button: 
Aug 06, 2025 12:41:29 PM base.LogResults createLogs
INFO: PASS - Successfully Inputted OfficeName: AutoON060825091631CBE
Aug 06, 2025 12:41:29 PM base.LogResults createLogs
INFO: PASS - Successfully Inputted OfficeName: 
Aug 06, 2025 12:41:29 PM base.LogResults onlyLog
INFO: Passed - Attendance-MPI_202_Department_09-To verify this, enable the inactive office name and ensure that, after activation, the office name is displayed in the 'Assign Office' dropdown of the 'Add Department Location Mapping' form
---------------------------------------------------------------
AttendanceMPI_202_Department_09
Aug 06, 2025 12:41:29 PM base.LogResults onlyLog
INFO: Total Pass : 2 Total Fail : 0  Total TC : 2
---------------------------------------------------------------
Test case took: 42.9230 seconds
Total TC Time: 00:01:41
Launching Driver...
Aug 06, 2025 12:41:32 PM org.openqa.selenium.devtools.CdpVersionFinder findNearestMatch
WARNING: Unable to find an exact match for CDP version 138, returning the closest version; found: 137; Please update to a Selenium version that supports CDP version 138
Error Index 1 out of bounds for length 1
Aug 06, 2025 12:41:34 PM base.LogResults createLogs
INFO: PASS -  Application loaded successfully.
Aug 06, 2025 12:41:38 PM base.LogResults createLogs
INFO: PASS -  Company code entered successfully.AGFC
Aug 06, 2025 12:41:38 PM base.LogResults createLogs
INFO: PASS - Clicked On 'Login with Password' successfully.
Aug 06, 2025 12:41:42 PM base.LogResults createLogs
INFO: PASS -  Sign-in section appeared.
Aug 06, 2025 12:41:42 PM base.LogResults createLogs
INFO: PASS -  Email Id entered.AutoE060825091631@mailinator.com
Aug 06, 2025 12:41:43 PM base.LogResults createLogs
INFO: PASS -  Password entered.Pramod@1234
Aug 06, 2025 12:41:43 PM base.LogResults createLogs
INFO: PASS -  Captcha entered.12345
Aug 06, 2025 12:41:43 PM base.LogResults createLogs
INFO: PASS -  Sign-in button clicked.
Aug 06, 2025 12:41:45 PM base.LogResults createLogs
INFO: PASS -  Login validated successfully And Good Text Is Displayed.
Aug 06, 2025 12:41:45 PM base.LogResults createLogs
INFO: PASS - Login Done Successfully: 
Aug 06, 2025 12:41:50 PM base.LogResults createLogs
INFO: PASS - Directory Button Clicked Successfully: 
Aug 06, 2025 12:41:52 PM base.LogResults createLogs
INFO: PASS - Directory Page Loaded Successfully: 
Aug 06, 2025 12:41:52 PM base.LogResults createLogs
INFO: PASS - Company Tab  Clicked Successfully: 
Aug 06, 2025 12:41:53 PM base.LogResults createLogs
INFO: PASS - Office Button  Clicked Successfully: 
Aug 06, 2025 12:41:53 PM base.LogResults createLogs
INFO: PASS -  Successfully Clicked On AddOfficeButton : 
Aug 06, 2025 12:41:54 PM base.LogResults createLogs
INFO: PASS -  OfficeName Entered In the Office Name TextField : AutoONXTNTG
Aug 06, 2025 12:41:58 PM base.LogResults createLogs
INFO: PASS -  Office Type Selected In the Office Type Dropdown : 
Aug 06, 2025 12:42:01 PM base.LogResults createLogs
INFO: PASS -  Country Selected In the Country  Dropdown : 
Aug 06, 2025 12:42:04 PM base.LogResults createLogs
INFO: PASS -  State Selected In the State  Dropdown : Gujarat
Aug 06, 2025 12:42:04 PM base.LogResults createLogs
INFO: PASS -  Successfully Clicked On CompanyLocationSaveButton : 
Aug 06, 2025 12:42:11 PM base.LogResults createLogs
INFO: PASS - Directory Button Clicked Successfully: 
Aug 06, 2025 12:42:13 PM base.LogResults createLogs
INFO: PASS - Directory Page Loaded Successfully: 
Aug 06, 2025 12:42:13 PM base.LogResults createLogs
INFO: PASS - Company Tab  Clicked Successfully: 
Aug 06, 2025 12:42:16 PM base.LogResults createLogs
INFO: PASS - Department Drop Icon Clicked Successfully: 
Aug 06, 2025 12:42:18 PM base.LogResults createLogs
INFO: PASS - Department Tab  Clicked Successfully: 
Aug 06, 2025 12:42:18 PM base.LogResults createLogs
INFO: PASS - Add Department Tab  Clicked Successfully: 
Aug 06, 2025 12:42:19 PM base.LogResults createLogs
INFO: PASS - Department Name Entered Successfully: AutoDN060825091631GFFE
Aug 06, 2025 12:42:20 PM base.LogResults createLogs
INFO: PASS - Successfully Clicked On Add Department Save Button: 
Aug 06, 2025 12:42:25 PM base.LogResults createLogs
INFO: PASS - Department Drop Icon Clicked Successfully: 
Aug 06, 2025 12:42:25 PM base.LogResults createLogs
INFO: PASS - Successfully Clicked On DepartmentMapping Button: 
Aug 06, 2025 12:42:25 PM base.LogResults createLogs
INFO: PASS - Successfully Clicked On AddDepartmentMapping Button: 
Aug 06, 2025 12:42:29 PM base.LogResults createLogs
INFO: PASS - Successfully Selected Department: AutoDN060825091631GFFE
Aug 06, 2025 12:42:32 PM base.LogResults createLogs
INFO: PASS - Successfully Selected OfficeName: AutoONXTNTG
Aug 06, 2025 12:42:32 PM base.LogResults createLogs
INFO: PASS - AddDeptMappingSaveButton Clicked Successfully: 
Aug 06, 2025 12:42:39 PM base.LogResults createLogs
INFO: PASS - Directory Button Clicked Successfully: 
Aug 06, 2025 12:42:40 PM base.LogResults createLogs
INFO: PASS - Directory Page Loaded Successfully: 
Aug 06, 2025 12:42:41 PM base.LogResults createLogs
INFO: PASS - Clicked On EmployeeTab Successfully: 
Aug 06, 2025 12:42:42 PM base.LogResults createLogs
INFO: PASS - Directory Page Loaded Successfully: 
Aug 06, 2025 12:42:52 PM base.LogResults createLogs
INFO: PASS - Clicked On TotalCountDropDown Successfully: 
Aug 06, 2025 12:42:54 PM base.LogResults createLogs
INFO: PASS - Clicked On AddNewButton Successfully: 
Aug 06, 2025 12:42:56 PM base.LogResults createLogs
INFO: PASS - Employee Form Loaded Successfully: 
Aug 06, 2025 12:42:59 PM base.LogResults createLogs
INFO: PASS - Clicked On EmployeeTypeDropdown Successfully And Selected EntityName Successfully: AutoEN060825091631
Aug 06, 2025 12:42:59 PM base.LogResults createLogs
INFO: PASS - Clicked On ReportingToDropdown Successfully: 
Aug 06, 2025 12:43:02 PM base.LogResults createLogs
INFO: PASS - Clicked On ReportingTo Search Text Field And Input Is Passed: AutoAFN
Aug 06, 2025 12:43:04 PM base.LogResults createLogs
INFO: PASS - Entity Name Selected Successfully: 
Aug 06, 2025 12:43:04 PM base.LogResults createLogs
INFO: PASS - EmployeeID Entered On Employee ID Text Field: AutoEIDKCGMNR
Aug 06, 2025 12:43:07 PM base.LogResults createLogs
INFO: PASS -  CompanyLocation Selected From The DropDown : AutoONXTNTG
Aug 06, 2025 12:43:08 PM base.LogResults createLogs
INFO: PASS - Employee First Name Entered On Employee FirstName Text Field: AutoFNBRRGL
Aug 06, 2025 12:43:08 PM base.LogResults createLogs
INFO: PASS - Employee Last Name Entered On Employee Last Name Text Field: AutoLNNKBHY
Aug 06, 2025 12:43:08 PM base.LogResults createLogs
INFO: PASS - Employee Email Entered On Email ID Text Field: AutoE060825091631RNR@mailinator.com
Aug 06, 2025 12:43:08 PM base.LogResults createLogs
INFO: PASS - Employee Phone Number Entered On Phone Number Text Field: 9851466508
Aug 06, 2025 12:43:08 PM base.LogResults createLogs
INFO: PASS - Employee Joining Date  Text Field Is Clicked: 
Aug 06, 2025 12:43:09 PM base.LogResults createLogs
INFO: PASS - Employee Joining Date Entered On Joining Date Text Field: 03-01-2025
Aug 06, 2025 12:43:09 PM base.LogResults createLogs
INFO: PASS - Clicked On AddEmployeeSave Successfully: 
Aug 06, 2025 12:43:12 PM base.LogResults createLogs
INFO: PASS - Clicked On GoToDirectory Successfully: 
Aug 06, 2025 12:43:17 PM base.LogResults createLogs
INFO: PASS - Directory Button Clicked Successfully: 
Aug 06, 2025 12:43:19 PM base.LogResults createLogs
INFO: PASS - Directory Page Loaded Successfully: 
Aug 06, 2025 12:43:19 PM base.LogResults createLogs
INFO: PASS - Clicked On EmployeeTab Successfully: 
Aug 06, 2025 12:43:20 PM base.LogResults createLogs
INFO: PASS - Directory Page Loaded Successfully: 
Aug 06, 2025 12:43:21 PM base.LogResults createLogs
INFO: PASS - Clicked On SearchDropDown Successfully: 
Aug 06, 2025 12:43:21 PM base.LogResults createLogs
INFO: PASS - Selected  LasTName  Successfully: 
Aug 06, 2025 12:43:21 PM base.LogResults createLogs
INFO: PASS - Clicked On SearchDropDown Successfully: 
Aug 06, 2025 12:43:25 PM base.LogResults createLogs
INFO: PASS - Clicked On Search Text Field And Pass The Created Employee LastName Successfully: AutoLNNKBHY
Aug 06, 2025 12:43:29 PM base.LogResults createLogs
INFO: PASS - Created Employee Displayed Successfully: AutoLNNKBHY
Aug 06, 2025 12:43:29 PM base.LogResults createLogs
INFO: PASS - Successfully Clicked On First Employee Record 3dots: 
Aug 06, 2025 12:43:29 PM base.LogResults createLogs
INFO: PASS - Successfully Clicked On First Employee Record ManageProfileButton: 
Aug 06, 2025 12:43:38 PM base.LogResults createLogs
INFO: PASS - Successfully Clicked On First Employee Manage Profile EditIcon: 
Aug 06, 2025 12:43:42 PM base.LogResults createLogs
INFO: PASS - Successfully Selected  Dept: AutoDN060825091631GFFE
Aug 06, 2025 12:43:44 PM base.LogResults onlyLog
INFO: Passed - Attendance-MPI_514_Department_mapping_06-To verify this Select a department, select an office, and assign a Head of Department. Then, map the department with the selected office. After mapping, navigate to the employee's Manage Profile page. Under the Department dropdown, search for the mapped department and ensure that it is displayed. 
---------------------------------------------------------------
AttendanceMPI_514_Department_mapping_06
Aug 06, 2025 12:43:44 PM base.LogResults onlyLog
INFO: Total Pass : 3 Total Fail : 0  Total TC : 3
---------------------------------------------------------------
Test case took: 131.3028 seconds
Total TC Time: 00:03:52
Launching Driver...
Aug 06, 2025 12:43:46 PM org.openqa.selenium.devtools.CdpVersionFinder findNearestMatch
WARNING: Unable to find an exact match for CDP version 138, returning the closest version; found: 137; Please update to a Selenium version that supports CDP version 138
Error Index 1 out of bounds for length 1
Aug 06, 2025 12:43:48 PM base.LogResults createLogs
INFO: PASS -  Application loaded successfully.
Aug 06, 2025 12:43:52 PM base.LogResults createLogs
INFO: PASS -  Company code entered successfully.AGFC
Aug 06, 2025 12:43:52 PM base.LogResults createLogs
INFO: PASS - Clicked On 'Login with Password' successfully.
Aug 06, 2025 12:43:57 PM base.LogResults createLogs
INFO: PASS -  Sign-in section appeared.
Aug 06, 2025 12:43:57 PM base.LogResults createLogs
INFO: PASS -  Email Id entered.AutoE060825091631@mailinator.com
Aug 06, 2025 12:43:57 PM base.LogResults createLogs
INFO: PASS -  Password entered.Pramod@1234
Aug 06, 2025 12:43:57 PM base.LogResults createLogs
INFO: PASS -  Captcha entered.12345
Aug 06, 2025 12:43:57 PM base.LogResults createLogs
INFO: PASS -  Sign-in button clicked.
Aug 06, 2025 12:44:00 PM base.LogResults createLogs
INFO: PASS -  Login validated successfully And Good Text Is Displayed.
Aug 06, 2025 12:44:00 PM base.LogResults createLogs
INFO: PASS - Login Done Successfully: 
Aug 06, 2025 12:44:05 PM base.LogResults createLogs
INFO: PASS - Directory Button Clicked Successfully: 
Aug 06, 2025 12:44:06 PM base.LogResults createLogs
INFO: PASS - Directory Page Loaded Successfully: 
Aug 06, 2025 12:44:07 PM base.LogResults createLogs
INFO: PASS - Company Tab  Clicked Successfully: 
Aug 06, 2025 12:44:09 PM base.LogResults createLogs
INFO: PASS - Department Drop Icon Clicked Successfully: 
Aug 06, 2025 12:44:12 PM base.LogResults createLogs
INFO: PASS - Department Tab  Clicked Successfully: 
Aug 06, 2025 12:44:16 PM base.LogResults createLogs
INFO: PASS - Successfully Input The Updated Department Name In The Search Text Field: AutoDN060825091631GFFE
Aug 06, 2025 12:44:23 PM base.LogResults createLogs
INFO: PASS -  Successfully Turn Off The Toggle Switch : 
Aug 06, 2025 12:44:26 PM base.LogResults createLogs
INFO: PASS -  Successfully Clicked On Ok Button : 
Aug 06, 2025 12:44:28 PM base.LogResults createLogs
INFO: PASS -  Successfully Displayed Error Message : 
Aug 06, 2025 12:44:28 PM base.LogResults onlyLog
INFO: Passed - Attendance-MPI_510_Department_mapping_02-Attempt to inactivate a mapped department that is already mapped to an team  Ensure that a proper error message is displayed, preventing the inactivation. 
---------------------------------------------------------------
AttendanceMPI_510_Department_mapping_02
Aug 06, 2025 12:44:28 PM base.LogResults onlyLog
INFO: Total Pass : 4 Total Fail : 0  Total TC : 4
---------------------------------------------------------------
Test case took: 40.9590 seconds
Total TC Time: 00:04:33
Launching Driver...
Aug 06, 2025 12:44:30 PM org.openqa.selenium.devtools.CdpVersionFinder findNearestMatch
WARNING: Unable to find an exact match for CDP version 138, returning the closest version; found: 137; Please update to a Selenium version that supports CDP version 138
Error Index 1 out of bounds for length 1
Aug 06, 2025 12:44:32 PM base.LogResults createLogs
INFO: PASS -  Application loaded successfully.
Aug 06, 2025 12:44:36 PM base.LogResults createLogs
INFO: PASS -  Company code entered successfully.AGFC
Aug 06, 2025 12:44:36 PM base.LogResults createLogs
INFO: PASS - Clicked On 'Login with Password' successfully.
Aug 06, 2025 12:44:40 PM base.LogResults createLogs
INFO: PASS -  Sign-in section appeared.
Aug 06, 2025 12:44:40 PM base.LogResults createLogs
INFO: PASS -  Email Id entered.AutoE060825091631@mailinator.com
Aug 06, 2025 12:44:40 PM base.LogResults createLogs
INFO: PASS -  Password entered.Pramod@1234
Aug 06, 2025 12:44:41 PM base.LogResults createLogs
INFO: PASS -  Captcha entered.12345
Aug 06, 2025 12:44:41 PM base.LogResults createLogs
INFO: PASS -  Sign-in button clicked.
Aug 06, 2025 12:44:43 PM base.LogResults createLogs
INFO: PASS -  Login validated successfully And Good Text Is Displayed.
Aug 06, 2025 12:44:43 PM base.LogResults createLogs
INFO: PASS - Login Done Successfully: 
Aug 06, 2025 12:44:48 PM base.LogResults createLogs
INFO: PASS - Directory Button Clicked Successfully: 
Aug 06, 2025 12:44:50 PM base.LogResults createLogs
INFO: PASS - Directory Page Loaded Successfully: 
Aug 06, 2025 12:44:50 PM base.LogResults createLogs
INFO: PASS - Company Tab  Clicked Successfully: 
Aug 06, 2025 12:44:53 PM base.LogResults createLogs
INFO: PASS - Department Drop Icon Clicked Successfully: 
Aug 06, 2025 12:44:53 PM base.LogResults createLogs
INFO: PASS - Successfully Clicked On DepartmentMapping Button: 
Aug 06, 2025 12:44:53 PM base.LogResults createLogs
INFO: PASS - Successfully Clicked On SearchDropDown: 
Aug 06, 2025 12:44:54 PM base.LogResults createLogs
INFO: PASS - Successfully Selected OfficeNameCheckBox: 
Aug 06, 2025 12:44:54 PM base.LogResults createLogs
INFO: PASS - Successfully Selected FirstNameCheckBox: 
Aug 06, 2025 12:44:54 PM base.LogResults createLogs
INFO: PASS - Successfully Clicked On SearchDropDown: 
Aug 06, 2025 12:44:54 PM base.LogResults createLogs
INFO: PASS - Successfully Inputted OfficeName In Search TextField: 
Aug 06, 2025 12:45:02 PM base.LogResults createLogs
INFO: PASS - Successfully Validated OfficeName : 
Aug 06, 2025 12:45:07 PM base.LogResults createLogs
INFO: PASS - Successfully Inputted Emp FirstName In Search TextField: AutoFNBRRGL
Aug 06, 2025 12:45:15 PM base.LogResults createLogs
INFO: PASS - Successfully Validated HOD FirstName With Search Result: AutoFNBRRGL
Aug 06, 2025 12:45:19 PM base.LogResults createLogs
INFO: PASS - Successfully Clicked On SearchDropDown: 
Aug 06, 2025 12:45:19 PM base.LogResults createLogs
INFO: PASS - Successfully Selected OfficeNameCheckBox: 
Aug 06, 2025 12:45:19 PM base.LogResults createLogs
INFO: PASS - Successfully Selected LastNameCheckBox: 
Aug 06, 2025 12:45:20 PM base.LogResults createLogs
INFO: PASS - Successfully Clicked On SearchDropDown: 
Aug 06, 2025 12:45:20 PM base.LogResults createLogs
INFO: PASS - Successfully Inputted Emp LastName In Search TextField: AutoLNNKBHY
Aug 06, 2025 12:45:28 PM base.LogResults createLogs
INFO: PASS - Successfully Validated HOD LastName With Search Result: AutoLNNKBHY
Aug 06, 2025 12:45:32 PM base.LogResults onlyLog
INFO: Passed - Attendance-MPI_511_Department_mapping_03-To verify this:Check the functionality of the search feature by selecting different search options such as Office Name, Employee First Name, Last Name, and Department Name, and ensure the relevant employee records are displayed correctly based on the selected criteria. 
---------------------------------------------------------------
AttendanceMPI_511_Department_mapping_03
Aug 06, 2025 12:45:32 PM base.LogResults onlyLog
INFO: Total Pass : 5 Total Fail : 0  Total TC : 5
---------------------------------------------------------------
Test case took: 61.5563 seconds
Total TC Time: 00:05:35
Launching Driver...
Aug 06, 2025 12:45:34 PM org.openqa.selenium.devtools.CdpVersionFinder findNearestMatch
WARNING: Unable to find an exact match for CDP version 138, returning the closest version; found: 137; Please update to a Selenium version that supports CDP version 138
Error Index 1 out of bounds for length 1
Aug 06, 2025 12:45:36 PM base.LogResults createLogs
INFO: PASS -  Application loaded successfully.
Aug 06, 2025 12:45:40 PM base.LogResults createLogs
INFO: PASS -  Company code entered successfully.AGFC
Aug 06, 2025 12:45:40 PM base.LogResults createLogs
INFO: PASS - Clicked On 'Login with Password' successfully.
Aug 06, 2025 12:45:44 PM base.LogResults createLogs
INFO: PASS -  Sign-in section appeared.
Aug 06, 2025 12:45:45 PM base.LogResults createLogs
INFO: PASS -  Email Id entered.AutoE060825091631@mailinator.com
Aug 06, 2025 12:45:45 PM base.LogResults createLogs
INFO: PASS -  Password entered.Pramod@1234
Aug 06, 2025 12:45:45 PM base.LogResults createLogs
INFO: PASS -  Captcha entered.12345
Aug 06, 2025 12:45:45 PM base.LogResults createLogs
INFO: PASS -  Sign-in button clicked.
Aug 06, 2025 12:45:48 PM base.LogResults createLogs
INFO: PASS -  Login validated successfully And Good Text Is Displayed.
Aug 06, 2025 12:45:48 PM base.LogResults createLogs
INFO: PASS - Login Done Successfully: 
Aug 06, 2025 12:45:53 PM base.LogResults createLogs
INFO: PASS - Directory Button Clicked Successfully: 
Aug 06, 2025 12:45:54 PM base.LogResults createLogs
INFO: PASS - Directory Page Loaded Successfully: 
Aug 06, 2025 12:45:54 PM base.LogResults createLogs
INFO: PASS - Company Tab  Clicked Successfully: 
Aug 06, 2025 12:45:57 PM base.LogResults createLogs
INFO: PASS - Department Drop Icon Clicked Successfully: 
Aug 06, 2025 12:45:57 PM base.LogResults createLogs
INFO: PASS - Successfully Clicked On DepartmentMapping Button: 
Aug 06, 2025 12:45:58 PM base.LogResults createLogs
INFO: PASS - Successfully Clicked On AddDepartmentMapping Button: 
Aug 06, 2025 12:46:01 PM base.LogResults createLogs
INFO: PASS - Successfully Selected Department: AutoDN060825091631GFFE
Aug 06, 2025 12:46:04 PM base.LogResults createLogs
INFO: PASS - Successfully Selected OfficeName: AutoONXTNTG
Aug 06, 2025 12:46:04 PM base.LogResults createLogs
INFO: PASS - AddDeptMappingSaveButton Clicked Successfully: 
Aug 06, 2025 12:46:13 PM base.LogResults createLogs
INFO: PASS - Directory Button Clicked Successfully: 
Aug 06, 2025 12:46:15 PM base.LogResults createLogs
INFO: PASS - Directory Page Loaded Successfully: 
Aug 06, 2025 12:46:15 PM base.LogResults createLogs
INFO: PASS - Clicked On EmployeeTab Successfully: 
Aug 06, 2025 12:46:17 PM base.LogResults createLogs
INFO: PASS - Directory Page Loaded Successfully: 
Aug 06, 2025 12:46:17 PM base.LogResults createLogs
INFO: PASS - Clicked On SearchDropDown Successfully: 
Aug 06, 2025 12:46:17 PM base.LogResults createLogs
INFO: PASS - Selected  LasTName  Successfully: 
Aug 06, 2025 12:46:17 PM base.LogResults createLogs
INFO: PASS - Clicked On SearchDropDown Successfully: 
Aug 06, 2025 12:46:22 PM base.LogResults createLogs
INFO: PASS - Clicked On Search Text Field And Pass The Created Employee LastName Successfully: AutoLNNKBHY
Aug 06, 2025 12:46:25 PM base.LogResults createLogs
INFO: PASS - Created Employee Displayed Successfully: AutoLNNKBHY
Aug 06, 2025 12:46:25 PM base.LogResults createLogs
INFO: PASS - Successfully Clicked On First Employee Record 3dots: 
Aug 06, 2025 12:46:25 PM base.LogResults createLogs
INFO: PASS - Successfully Clicked On First Employee Record ManageProfileButton: 
Aug 06, 2025 12:46:35 PM base.LogResults createLogs
INFO: PASS - Successfully Clicked On First Employee Manage Profile EditIcon: 
Aug 06, 2025 12:46:37 PM base.LogResults createLogs
INFO: PASS - Successfully Clicked On Dept DropDown: 
Aug 06, 2025 12:46:39 PM base.LogResults createLogs
INFO: PASS - Successfully Inputted Dept Name: AutoDN060825091631GFFE
Aug 06, 2025 12:46:41 PM base.LogResults createLogs
INFO: PASS - Successfully Displayed Dept Name: 
Aug 06, 2025 12:46:43 PM base.LogResults onlyLog
INFO: Passed - Attendance-MPI_515_Department_mapping_07-To verify this, edit the previously mapped department by changing its mapped office to 'Mantra Office'. Then, navigate to the employee profile who is mapped with mantra office and check whether updated dept is displayed in the dropdown
---------------------------------------------------------------
AttendanceMPI_515_Department_mapping_07
Aug 06, 2025 12:46:43 PM base.LogResults onlyLog
INFO: Total Pass : 6 Total Fail : 0  Total TC : 6
---------------------------------------------------------------
Test case took: 68.6561 seconds
Total TC Time: 00:06:43
Launching Driver...
Aug 06, 2025 12:46:45 PM org.openqa.selenium.devtools.CdpVersionFinder findNearestMatch
WARNING: Unable to find an exact match for CDP version 138, returning the closest version; found: 137; Please update to a Selenium version that supports CDP version 138
Error Index 1 out of bounds for length 1
Aug 06, 2025 12:46:47 PM base.LogResults createLogs
INFO: PASS -  Application loaded successfully.
Aug 06, 2025 12:46:51 PM base.LogResults createLogs
INFO: PASS -  Company code entered successfully.AGFC
Aug 06, 2025 12:46:51 PM base.LogResults createLogs
INFO: PASS - Clicked On 'Login with Password' successfully.
Aug 06, 2025 12:46:56 PM base.LogResults createLogs
INFO: PASS -  Sign-in section appeared.
Aug 06, 2025 12:46:56 PM base.LogResults createLogs
INFO: PASS -  Email Id entered.AutoE060825091631@mailinator.com
Aug 06, 2025 12:46:56 PM base.LogResults createLogs
INFO: PASS -  Password entered.Pramod@1234
Aug 06, 2025 12:46:56 PM base.LogResults createLogs
INFO: PASS -  Captcha entered.12345
Aug 06, 2025 12:46:56 PM base.LogResults createLogs
INFO: PASS -  Sign-in button clicked.
Aug 06, 2025 12:46:59 PM base.LogResults createLogs
INFO: PASS -  Login validated successfully And Good Text Is Displayed.
Aug 06, 2025 12:46:59 PM base.LogResults createLogs
INFO: PASS - Login Done Successfully: 
Aug 06, 2025 12:47:04 PM base.LogResults createLogs
INFO: PASS - Directory Button Clicked Successfully: 
Aug 06, 2025 12:47:05 PM base.LogResults createLogs
INFO: PASS - Directory Page Loaded Successfully: 
Aug 06, 2025 12:47:05 PM base.LogResults createLogs
INFO: PASS - Company Tab  Clicked Successfully: 
Aug 06, 2025 12:47:08 PM base.LogResults createLogs
INFO: PASS - Department Drop Icon Clicked Successfully: 
Aug 06, 2025 12:47:09 PM base.LogResults createLogs
INFO: PASS - Successfully Clicked On DepartmentMapping Button: 
Aug 06, 2025 12:47:09 PM base.LogResults createLogs
INFO: PASS - Successfully Inputted DeptName In Search TextField: AutoDN060825091631GFFE
Aug 06, 2025 12:47:13 PM base.LogResults createLogs
INFO: PASS - Successfully Clicked On Mapped Dept Toggle Switch: 
Aug 06, 2025 12:47:14 PM base.LogResults createLogs
INFO: PASS -  Successfully Clicked On Ok Button : 
Aug 06, 2025 12:47:23 PM base.LogResults createLogs
INFO: PASS - Directory Button Clicked Successfully: 
Aug 06, 2025 12:47:25 PM base.LogResults createLogs
INFO: PASS - Directory Page Loaded Successfully: 
Aug 06, 2025 12:47:25 PM base.LogResults createLogs
INFO: PASS - Clicked On EmployeeTab Successfully: 
Aug 06, 2025 12:47:27 PM base.LogResults createLogs
INFO: PASS - Directory Page Loaded Successfully: 
Aug 06, 2025 12:47:27 PM base.LogResults createLogs
INFO: PASS - Clicked On SearchDropDown Successfully: 
Aug 06, 2025 12:47:27 PM base.LogResults createLogs
INFO: PASS - Selected  LasTName  Successfully: 
Aug 06, 2025 12:47:27 PM base.LogResults createLogs
INFO: PASS - Clicked On SearchDropDown Successfully: 
Aug 06, 2025 12:47:32 PM base.LogResults createLogs
INFO: PASS - Clicked On Search Text Field And Pass The Created Employee LastName Successfully: AutoLNNKBHY
Aug 06, 2025 12:47:35 PM base.LogResults createLogs
INFO: PASS - Created Employee Displayed Successfully: AutoLNNKBHY
Aug 06, 2025 12:47:35 PM base.LogResults createLogs
INFO: PASS - Successfully Clicked On First Employee Record 3dots: 
Aug 06, 2025 12:47:35 PM base.LogResults createLogs
INFO: PASS - Successfully Clicked On First Employee Record ManageProfileButton: 
Aug 06, 2025 12:47:45 PM base.LogResults createLogs
INFO: PASS - Successfully Clicked On First Employee Manage Profile EditIcon: 
Aug 06, 2025 12:47:45 PM base.LogResults createLogs
INFO: PASS - Successfully Clicked On Dept DropDown: 
Aug 06, 2025 12:47:47 PM base.LogResults createLogs
INFO: PASS - Successfully Inputted Dept Name: AutoDN060825091631GFFE
Aug 06, 2025 12:47:49 PM base.LogResults createLogs
INFO: PASS - Disabled Team Name Isn't Displayed And Error Msg Displayed Successfully: 
Aug 06, 2025 12:47:51 PM base.LogResults onlyLog
INFO: Passed - Attendance-MPI_512_Department_mapping_04-To verify this, disable the mapped department, then navigate to the employee profile. In the department dropdown, ensure that the disabled department is not displayed, provided it is not assigned to any employee.​​​​​​​  
---------------------------------------------------------------
AttendanceMPI_512_Department_mapping_04
Aug 06, 2025 12:47:51 PM base.LogResults onlyLog
INFO: Total Pass : 7 Total Fail : 0  Total TC : 7
---------------------------------------------------------------
Test case took: 65.5590 seconds
Total TC Time: 00:07:49
Launching Driver...
Aug 06, 2025 12:47:53 PM org.openqa.selenium.devtools.CdpVersionFinder findNearestMatch
WARNING: Unable to find an exact match for CDP version 138, returning the closest version; found: 137; Please update to a Selenium version that supports CDP version 138
Error Index 1 out of bounds for length 1
Aug 06, 2025 12:47:56 PM base.LogResults createLogs
INFO: PASS -  Application loaded successfully.
Aug 06, 2025 12:48:00 PM base.LogResults createLogs
INFO: PASS -  Company code entered successfully.AGFC
Aug 06, 2025 12:48:00 PM base.LogResults createLogs
INFO: PASS - Clicked On 'Login with Password' successfully.
Aug 06, 2025 12:48:04 PM base.LogResults createLogs
INFO: PASS -  Sign-in section appeared.
Aug 06, 2025 12:48:04 PM base.LogResults createLogs
INFO: PASS -  Email Id entered.AutoE060825091631@mailinator.com
Aug 06, 2025 12:48:05 PM base.LogResults createLogs
INFO: PASS -  Password entered.Pramod@1234
Aug 06, 2025 12:48:05 PM base.LogResults createLogs
INFO: PASS -  Captcha entered.12345
Aug 06, 2025 12:48:05 PM base.LogResults createLogs
INFO: PASS -  Sign-in button clicked.
Aug 06, 2025 12:48:08 PM base.LogResults createLogs
INFO: PASS -  Login validated successfully And Good Text Is Displayed.
Aug 06, 2025 12:48:08 PM base.LogResults createLogs
INFO: PASS - Login Done Successfully: 
Aug 06, 2025 12:48:13 PM base.LogResults createLogs
INFO: PASS - Directory Button Clicked Successfully: 
Aug 06, 2025 12:48:14 PM base.LogResults createLogs
INFO: PASS - Directory Page Loaded Successfully: 
Aug 06, 2025 12:48:15 PM base.LogResults createLogs
INFO: PASS - Company Tab  Clicked Successfully: 
Aug 06, 2025 12:48:18 PM base.LogResults createLogs
INFO: PASS - Department Drop Icon Clicked Successfully: 
Aug 06, 2025 12:48:18 PM base.LogResults createLogs
INFO: PASS - Successfully Clicked On DepartmentMapping Button: 
Aug 06, 2025 12:48:18 PM base.LogResults createLogs
INFO: PASS - Successfully Inputted DeptName In Search TextField: AutoDN060825091631GFFE
Aug 06, 2025 12:48:22 PM base.LogResults createLogs
INFO: PASS - Successfully Clicked On Mapped Dept Toggle Switch: 
Aug 06, 2025 12:48:23 PM base.LogResults createLogs
INFO: PASS -  Successfully Clicked On Ok Button : 
Aug 06, 2025 12:48:32 PM base.LogResults createLogs
INFO: PASS - Directory Button Clicked Successfully: 
Aug 06, 2025 12:48:34 PM base.LogResults createLogs
INFO: PASS - Directory Page Loaded Successfully: 
Aug 06, 2025 12:48:34 PM base.LogResults createLogs
INFO: PASS - Clicked On EmployeeTab Successfully: 
Aug 06, 2025 12:48:36 PM base.LogResults createLogs
INFO: PASS - Directory Page Loaded Successfully: 
Aug 06, 2025 12:48:36 PM base.LogResults createLogs
INFO: PASS - Clicked On SearchDropDown Successfully: 
Aug 06, 2025 12:48:36 PM base.LogResults createLogs
INFO: PASS - Selected  LasTName  Successfully: 
Aug 06, 2025 12:48:37 PM base.LogResults createLogs
INFO: PASS - Clicked On SearchDropDown Successfully: 
Aug 06, 2025 12:48:41 PM base.LogResults createLogs
INFO: PASS - Clicked On Search Text Field And Pass The Created Employee LastName Successfully: AutoLNNKBHY
Aug 06, 2025 12:48:44 PM base.LogResults createLogs
INFO: PASS - Created Employee Displayed Successfully: AutoLNNKBHY
Aug 06, 2025 12:48:44 PM base.LogResults createLogs
INFO: PASS - Successfully Clicked On First Employee Record 3dots: 
Aug 06, 2025 12:48:44 PM base.LogResults createLogs
INFO: PASS - Successfully Clicked On First Employee Record ManageProfileButton: 
Aug 06, 2025 12:48:54 PM base.LogResults createLogs
INFO: PASS - Successfully Clicked On First Employee Manage Profile EditIcon: 
Aug 06, 2025 12:48:54 PM base.LogResults createLogs
INFO: PASS - Successfully Clicked On Dept DropDown: 
Aug 06, 2025 12:48:56 PM base.LogResults createLogs
INFO: PASS - Successfully Inputted Dept Name: AutoDN060825091631GFFE
Aug 06, 2025 12:48:58 PM base.LogResults createLogs
INFO: PASS - Successfully Displayed Dept Name: 
Aug 06, 2025 12:49:00 PM base.LogResults onlyLog
INFO: Passed - Attendance-MPI_513_Department_mapping_05-To verify this, enable the previously disabled department that is mapped to an office, and ensure that after enabling, the department is displayed in the department dropdown of the employee profile. 
---------------------------------------------------------------
AttendanceMPI_513_Department_mapping_05
Aug 06, 2025 12:49:00 PM base.LogResults onlyLog
INFO: Total Pass : 8 Total Fail : 0  Total TC : 8
---------------------------------------------------------------
Test case took: 65.8441 seconds
Total TC Time: 00:08:55

===============================================
Suite
Total tests run: 8, Passes: 8, Failures: 0, Skips: 0
===============================================

