>> Console logging redirected to data/console.log
Continuing with Existing Master Data due to threshold value:080825-080825-ThreSld->3
Launching Driver...
SLF4J(W): No SLF4J providers were found.
SLF4J(W): Defaulting to no-operation (NOP) logger implementation
SLF4J(W): See https://www.slf4j.org/codes.html#noProviders for further details.
Aug 08, 2025 11:32:15 AM org.openqa.selenium.devtools.CdpVersionFinder findNearestMatch
WARNING: Unable to find an exact match for CDP version 138, returning the closest version; found: 137; Please update to a Selenium version that supports CDP version 138
Error Index 1 out of bounds for length 1
Aug 08, 2025 11:32:16 AM base.LogResults createLogs
INFO: PASS - Application Loaded Successfully: 
Aug 08, 2025 11:32:21 AM base.LogResults createLogs
INFO: PASS - Company Code Entered in Text Box: ARRD
Aug 08, 2025 11:32:21 AM base.LogResults createLogs
INFO: PASS - Login With Password Button Is Clicked: 
Aug 08, 2025 11:32:25 AM base.LogResults createLogs
INFO: PASS - Sign in Text Is Displayed: 
Aug 08, 2025 11:32:25 AM base.LogResults createLogs
INFO: PASS - Username Is Entered In Username Text Field: AutoE080825091623@mailinator.com
Aug 08, 2025 11:32:25 AM base.LogResults createLogs
INFO: PASS - Password Is Entered In Password Text Field: Pramod@1234
Aug 08, 2025 11:32:26 AM base.LogResults createLogs
INFO: PASS - Captcha Entered On Captcha Text Field: 12345
Aug 08, 2025 11:32:26 AM base.LogResults createLogs
INFO: PASS - Clicked On Login Button: 
Aug 08, 2025 11:32:28 AM base.LogResults createLogs
INFO: PASS - Login Done  And Validated Successfully: 
Aug 08, 2025 11:32:29 AM base.LogResults createLogs
INFO: PASS - Login Done Successfully: 
Aug 08, 2025 11:32:34 AM base.LogResults createLogs
INFO: PASS - Directory Button Clicked Successfully: 
Aug 08, 2025 11:32:36 AM base.LogResults createLogs
INFO: PASS - Directory Page Loaded Successfully: 
Aug 08, 2025 11:32:36 AM base.LogResults createLogs
INFO: PASS - Clicked On EmployeeTab Successfully: 
Aug 08, 2025 11:32:38 AM base.LogResults createLogs
INFO: PASS - Directory Page Loaded Successfully: 
Aug 08, 2025 11:32:48 AM base.LogResults createLogs
INFO: PASS - Clicked On TotalCountDropDown Successfully: 
Aug 08, 2025 11:32:49 AM base.LogResults createLogs
INFO: PASS - Clicked On AddNewButton Successfully: 
Aug 08, 2025 11:32:52 AM base.LogResults createLogs
INFO: PASS - Employee Form Loaded Successfully: 
Aug 08, 2025 11:32:57 AM base.LogResults createLogs
INFO: PASS - Clicked On EmployeeTypeDropdown Successfully And Selected EntityName Successfully: AutoEN080825091623
Aug 08, 2025 11:32:57 AM base.LogResults createLogs
INFO: PASS - Clicked On ReportingToDropdown Successfully: 
Aug 08, 2025 11:33:00 AM base.LogResults createLogs
INFO: PASS - Clicked On ReportingTo Search Text Field And Input Is Passed: AutoAFN
Aug 08, 2025 11:33:02 AM base.LogResults createLogs
INFO: PASS - Entity Name Selected Successfully: 
Aug 08, 2025 11:33:02 AM base.LogResults createLogs
INFO: PASS - EmployeeID Entered On Employee ID Text Field: AutoEIDXHFPSP
Aug 08, 2025 11:33:05 AM base.LogResults createLogs
INFO: PASS -  CompanyLocation Selected From The DropDown : AutoON080825091623
Aug 08, 2025 11:33:06 AM base.LogResults createLogs
INFO: PASS - Employee First Name Entered On Employee FirstName Text Field: AutoFNSBWNR
Aug 08, 2025 11:33:06 AM base.LogResults createLogs
INFO: PASS - Employee Last Name Entered On Employee Last Name Text Field: AutoLNNQIQR
Aug 08, 2025 11:33:06 AM base.LogResults createLogs
INFO: PASS - Employee Email Entered On Email ID Text Field: AutoE080825091623NRKP@mailinator.com
Aug 08, 2025 11:33:06 AM base.LogResults createLogs
INFO: PASS - Employee Phone Number Entered On Phone Number Text Field: 9851419300
Aug 08, 2025 11:33:06 AM base.LogResults createLogs
INFO: PASS - Employee Joining Date  Text Field Is Clicked: 
Aug 08, 2025 11:33:07 AM base.LogResults createLogs
INFO: PASS - Employee Joining Date Entered On Joining Date Text Field: 03-01-2025
Aug 08, 2025 11:33:07 AM base.LogResults createLogs
INFO: PASS - Clicked On AddEmployeeSave Successfully: 
Aug 08, 2025 11:33:10 AM base.LogResults createLogs
INFO: PASS - Clicked On GoToDirectory Successfully: 
Aug 08, 2025 11:33:16 AM base.LogResults createLogs
INFO: PASS - Directory Button Clicked Successfully: 
Aug 08, 2025 11:33:17 AM base.LogResults createLogs
INFO: PASS - Directory Page Loaded Successfully: 
Aug 08, 2025 11:33:17 AM base.LogResults createLogs
INFO: PASS - Clicked On EmployeeTab Successfully: 
Aug 08, 2025 11:33:19 AM base.LogResults createLogs
INFO: PASS - Directory Page Loaded Successfully: 
Aug 08, 2025 11:33:20 AM base.LogResults createLogs
INFO: PASS - Clicked On SearchDropDown Successfully: 
Aug 08, 2025 11:33:20 AM base.LogResults createLogs
INFO: PASS - Selected  LastName  Successfully: 
Aug 08, 2025 11:33:20 AM base.LogResults createLogs
INFO: PASS - Clicked On SearchDropDown Successfully: 
Aug 08, 2025 11:33:24 AM base.LogResults createLogs
INFO: PASS - Clicked On Search Text Field And Pass The Created Employee LastName Successfully: AutoLNNQIQR
Aug 08, 2025 11:33:27 AM base.LogResults createLogs
INFO: PASS - Created Employee Displayed Successfully: AutoLNNQIQR
Aug 08, 2025 11:33:28 AM base.LogResults createLogs
INFO: PASS - Successfully Clicked On First Employee Record 3dots: 
Aug 08, 2025 11:33:28 AM base.LogResults createLogs
INFO: PASS - Successfully Clicked On First Employee Record ManageProfileButton: 
Aug 08, 2025 11:33:37 AM base.LogResults createLogs
INFO: PASS - Successfully Clicked On First Employee Manage Profile EditIcon: 
Aug 08, 2025 11:33:41 AM base.LogResults createLogs
INFO: PASS - Successfully Selected  Dept: AutoDN080825091623
Aug 08, 2025 11:33:48 AM base.LogResults createLogs
INFO: PASS - Successfully Selected  Designation From Dropdown: AutoDN080825091623
Aug 08, 2025 11:33:54 AM base.LogResults createLogs
INFO: PASS - Successfully Selected  Team From Dropdown: AutoTN080825091623
Aug 08, 2025 11:34:00 AM base.LogResults createLogs
INFO: PASS - Successfully Enter The Pin: 1194
Aug 08, 2025 11:34:07 AM base.LogResults createLogs
INFO: PASS - SaveChanges Button Clicked Successfully: 
Aug 08, 2025 11:34:15 AM base.LogResults createLogs
INFO: PASS - DefaultPolicy Button Clicked Successfully: 
Aug 08, 2025 11:34:19 AM base.LogResults createLogs
INFO: PASS - PolicyIcon Clicked Successfully: 
Aug 08, 2025 11:34:19 AM base.LogResults createLogs
INFO: PASS - PolicyMaster Loaded Successfully: 
Aug 08, 2025 11:34:20 AM base.LogResults createLogs
INFO: PASS - LeaveDropDownFromSideBar Clicked Successfully: 
Aug 08, 2025 11:34:21 AM base.LogResults createLogs
INFO: PASS - HolidaysButtonFromSidebar Clicked Successfully: 
Aug 08, 2025 11:34:22 AM base.LogResults createLogs
INFO: PASS - AddHolidayPolicyButton Clicked Successfully: 
Aug 08, 2025 11:34:31 AM base.LogResults createLogs
INFO: PASS - HolidayPolicyName Inputted In TextField Successfully: AutoHPN080825091623QLV
Aug 08, 2025 11:34:37 AM base.LogResults createLogs
INFO: PASS - Year Selected Successfully: 2024-2025 
Aug 08, 2025 11:34:37 AM base.LogResults createLogs
INFO: PASS - NextStepButton Clicked Successfully: 
Aug 08, 2025 11:34:37 AM base.LogResults createLogs
INFO: PASS - NextStepButton Clicked Successfully: 
Aug 08, 2025 11:34:39 AM base.LogResults createLogs
INFO: PASS - AddEmpCriteria Button Successfully : 
Aug 08, 2025 11:34:43 AM base.LogResults createLogs
INFO: PASS - Office Name Selected  Successfully : AutoON080825091623
Aug 08, 2025 11:34:46 AM base.LogResults createLogs
INFO: PASS - Successfully Clicked  Dept DropDown: AutoDN080825091623
Aug 08, 2025 11:34:49 AM base.LogResults createLogs
INFO: PASS - Successfully Selected  Dept: AutoDN080825091623
Aug 08, 2025 11:34:53 AM base.LogResults createLogs
INFO: PASS - Successfully Clicked On  Team  Dropdown: AutoTN080825091623
Aug 08, 2025 11:34:53 AM base.LogResults createLogs
INFO: PASS - Successfully Selected  Team From Dropdown: AutoTN080825091623
Aug 08, 2025 11:34:58 AM base.LogResults createLogs
INFO: PASS - Successfully Selected  Designation From Dropdown: AutoDN080825091623
Aug 08, 2025 11:35:03 AM base.LogResults createLogs
INFO: PASS - Successfully Selected  Employee Type From Dropdown: AutoEN080825091623
Aug 08, 2025 11:35:03 AM base.LogResults createLogs
INFO: PASS - Successfully Clicked On ApplyButton: 
Aug 08, 2025 11:35:04 AM base.LogResults createLogs
INFO: PASS - CreatePolicySaveButton Clicked Successfully: 
Aug 08, 2025 11:35:11 AM base.LogResults createLogs
INFO: PASS - Yes Button Button Successfully : 
Aug 08, 2025 11:35:19 AM base.LogResults createLogs
INFO: PASS - HolidayPolicy Name Inutted In SearchTextField Successfully: AutoHPN080825091623QLV
Aug 08, 2025 11:35:23 AM base.LogResults createLogs
INFO: PASS - HolidayPolicy Displayed Successfully: AutoHPN080825091623QLV
Aug 08, 2025 11:35:24 AM base.LogResults createLogs
INFO: PASS - AssignedEmpCountLink Clicked Successfully: 
Aug 08, 2025 11:35:25 AM base.LogResults createLogs
INFO: PASS - FirstEmpRecordInAssignedEmpCountPage Displayed Successfully: 
Aug 08, 2025 11:35:33 AM base.LogResults createLogs
INFO: PASS - Emp Name Inputted In SearchTextField Successfully: AutoFNSBWNR
Aug 08, 2025 11:35:37 AM base.LogResults createLogs
INFO: PASS - Assigned Emp Displayed Successfully: AutoFNSBWNR
Aug 08, 2025 11:35:37 AM base.LogResults onlyLog
INFO: Passed - Attendance-MPI_594_Holiday_Policy_09-To verify this, create a user and assign them to the "QC" department with "For Grade" as the team, "QC Head" as the designation, and "Staff" as the employee type. Then, create a holiday Policy and define the same employee criteria within the policy. After saving the policy, ensure that the employee matching the specified criteria is correctly assigned to the newly created holiday  Policy, confirming that the policy assignment based on employee attributes is functioning as expected.
---------------------------------------------------------------
AttendanceMPI_594_Holiday_Policy_09
Aug 08, 2025 11:35:37 AM base.LogResults onlyLog
INFO: Total Pass : 1 Total Fail : 0  Total TC : 1
---------------------------------------------------------------
Test case took: 202.2327 seconds
Total TC Time: 00:03:22

===============================================
Suite
Total tests run: 1, Passes: 1, Failures: 0, Skips: 0
===============================================

