>> Console logging redirected to data/console.log
Continuing with Existing Master Data due to threshold value:150725-150725-ThreSld->3
Launching Driver...
SLF4J(W): No SLF4J providers were found.
SLF4J(W): Defaulting to no-operation (NOP) logger implementation
SLF4J(W): See https://www.slf4j.org/codes.html#noProviders for further details.
Jul 15, 2025 3:38:43 PM org.openqa.selenium.devtools.CdpVersionFinder findNearestMatch
WARNING: Unable to find an exact match for CDP version 138, returning the closest version; found: 137; Please update to a Selenium version that supports CDP version 138
hello
Jul 15, 2025 3:38:45 PM base.LogResults createLogs
INFO: PASS - Step 1: Application loaded successfully.
Jul 15, 2025 3:38:49 PM base.LogResults createLogs
INFO: PASS - Step 2: Company code entered successfully.
Jul 15, 2025 3:38:49 PM base.LogResults createLogs
INFO: PASS - Step 3: Clicked 'Login with Password' successfully.
Jul 15, 2025 3:38:53 PM base.LogResults createLogs
INFO: PASS - Step 4: Sign-in section appeared.
Jul 15, 2025 3:38:53 PM base.LogResults createLogs
INFO: PASS - Step 5: Username entered.
Jul 15, 2025 3:38:54 PM base.LogResults createLogs
INFO: PASS - Step 6: Password entered.
Jul 15, 2025 3:38:54 PM base.LogResults createLogs
INFO: PASS - Step 7: Captcha entered.
Jul 15, 2025 3:38:54 PM base.LogResults createLogs
INFO: PASS - Step 8: Sign-in button clicked.
Screenshot not captured : invalid session id
Build info: version: '4.34.0', revision: '707dcb4246*'
System info: os.name: 'Windows 10', os.arch: 'amd64', os.version: '10.0', java.version: '17.0.11'
Driver info: org.openqa.selenium.chrome.ChromeDriver
Command: [c28f0349e66c05270551d0f62489aed0, screenshot {}]
Capabilities {acceptInsecureCerts: true, browserName: chrome, browserVersion: 138.0.7204.101, chrome: {chromedriverVersion: 138.0.7204.94 (545025748884..., userDataDir: C:\Users\Pramod.C\AppData\L...}, fedcm:accounts: true, goog:chromeOptions: {debuggerAddress: localhost:59486}, networkConnectionEnabled: false, pageLoadStrategy: none, platformName: windows, proxy: Proxy(), se:cdp: ws://localhost:59486/devtoo..., se:cdpVersion: 138.0.7204.101, setWindowRect: true, strictFileInteractability: false, timeouts: {implicit: 0, pageLoad: 300000, script: 30000}, unhandledPromptBehavior: dismiss and notify, webauthn:extension:credBlob: true, webauthn:extension:largeBlob: true, webauthn:extension:minPinLength: true, webauthn:extension:prf: true, webauthn:virtualAuthenticators: true}
Session ID: c28f0349e66c05270551d0f62489aed0
Jul 15, 2025 3:39:39 PM base.LogResults createLogs
INFO: FAIL - Login Is Failed: Login failed after retry: invalid session id
Build info: version: '4.34.0', revision: '707dcb4246*'
System info: os.name: 'Windows 10', os.arch: 'amd64', os.version: '10.0', java.version: '17.0.11'
Driver info: org.openqa.selenium.chrome.ChromeDriver
Command: [c28f0349e66c05270551d0f62489aed0, findElement {value=//span[contains(text(), 'Good')], using=xpath}]
Capabilities {acceptInsecureCerts: true, browserName: chrome, browserVersion: 138.0.7204.101, chrome: {chromedriverVersion: 138.0.7204.94 (545025748884..., userDataDir: C:\Users\Pramod.C\AppData\L...}, fedcm:accounts: true, goog:chromeOptions: {debuggerAddress: localhost:59486}, networkConnectionEnabled: false, pageLoadStrategy: none, platformName: windows, proxy: Proxy(), se:cdp: ws://localhost:59486/devtoo..., se:cdpVersion: 138.0.7204.101, setWindowRect: true, strictFileInteractability: false, timeouts: {implicit: 0, pageLoad: 300000, script: 30000}, unhandledPromptBehavior: dismiss and notify, webauthn:extension:credBlob: true, webauthn:extension:largeBlob: true, webauthn:extension:minPinLength: true, webauthn:extension:prf: true, webauthn:virtualAuthenticators: true}
Session ID: c28f0349e66c05270551d0f62489aed0
Screenshot not captured : invalid session id
Build info: version: '4.34.0', revision: '707dcb4246*'
System info: os.name: 'Windows 10', os.arch: 'amd64', os.version: '10.0', java.version: '17.0.11'
Driver info: org.openqa.selenium.chrome.ChromeDriver
Command: [c28f0349e66c05270551d0f62489aed0, screenshot {}]
Capabilities {acceptInsecureCerts: true, browserName: chrome, browserVersion: 138.0.7204.101, chrome: {chromedriverVersion: 138.0.7204.94 (545025748884..., userDataDir: C:\Users\Pramod.C\AppData\L...}, fedcm:accounts: true, goog:chromeOptions: {debuggerAddress: localhost:59486}, networkConnectionEnabled: false, pageLoadStrategy: none, platformName: windows, proxy: Proxy(), se:cdp: ws://localhost:59486/devtoo..., se:cdpVersion: 138.0.7204.101, setWindowRect: true, strictFileInteractability: false, timeouts: {implicit: 0, pageLoad: 300000, script: 30000}, unhandledPromptBehavior: dismiss and notify, webauthn:extension:credBlob: true, webauthn:extension:largeBlob: true, webauthn:extension:minPinLength: true, webauthn:extension:prf: true, webauthn:virtualAuthenticators: true}
Session ID: c28f0349e66c05270551d0f62489aed0
Jul 15, 2025 3:39:43 PM base.LogResults createLogs
INFO: FAIL - Error while Clicking On Directery Button: Failed to click Directory button: invalid session id
Build info: version: '4.34.0', revision: '707dcb4246*'
System info: os.name: 'Windows 10', os.arch: 'amd64', os.version: '10.0', java.version: '17.0.11'
Driver info: org.openqa.selenium.chrome.ChromeDriver
Command: [c28f0349e66c05270551d0f62489aed0, refresh {}]
Capabilities {acceptInsecureCerts: true, browserName: chrome, browserVersion: 138.0.7204.101, chrome: {chromedriverVersion: 138.0.7204.94 (545025748884..., userDataDir: C:\Users\Pramod.C\AppData\L...}, fedcm:accounts: true, goog:chromeOptions: {debuggerAddress: localhost:59486}, networkConnectionEnabled: false, pageLoadStrategy: none, platformName: windows, proxy: Proxy(), se:cdp: ws://localhost:59486/devtoo..., se:cdpVersion: 138.0.7204.101, setWindowRect: true, strictFileInteractability: false, timeouts: {implicit: 0, pageLoad: 300000, script: 30000}, unhandledPromptBehavior: dismiss and notify, webauthn:extension:credBlob: true, webauthn:extension:largeBlob: true, webauthn:extension:minPinLength: true, webauthn:extension:prf: true, webauthn:virtualAuthenticators: true}
Session ID: c28f0349e66c05270551d0f62489aed0
Screenshot not captured : invalid session id
Build info: version: '4.34.0', revision: '707dcb4246*'
System info: os.name: 'Windows 10', os.arch: 'amd64', os.version: '10.0', java.version: '17.0.11'
Driver info: org.openqa.selenium.chrome.ChromeDriver
Command: [c28f0349e66c05270551d0f62489aed0, screenshot {}]
Capabilities {acceptInsecureCerts: true, browserName: chrome, browserVersion: 138.0.7204.101, chrome: {chromedriverVersion: 138.0.7204.94 (545025748884..., userDataDir: C:\Users\Pramod.C\AppData\L...}, fedcm:accounts: true, goog:chromeOptions: {debuggerAddress: localhost:59486}, networkConnectionEnabled: false, pageLoadStrategy: none, platformName: windows, proxy: Proxy(), se:cdp: ws://localhost:59486/devtoo..., se:cdpVersion: 138.0.7204.101, setWindowRect: true, strictFileInteractability: false, timeouts: {implicit: 0, pageLoad: 300000, script: 30000}, unhandledPromptBehavior: dismiss and notify, webauthn:extension:credBlob: true, webauthn:extension:largeBlob: true, webauthn:extension:minPinLength: true, webauthn:extension:prf: true, webauthn:virtualAuthenticators: true}
Session ID: c28f0349e66c05270551d0f62489aed0
Jul 15, 2025 3:39:43 PM base.LogResults createLogs
INFO: FAIL - Directory Page Isn't Loaded Completely: DirectoryPageLoaded failed after retry: invalid session id
Build info: version: '4.34.0', revision: '707dcb4246*'
System info: os.name: 'Windows 10', os.arch: 'amd64', os.version: '10.0', java.version: '17.0.11'
Driver info: org.openqa.selenium.chrome.ChromeDriver
Command: [c28f0349e66c05270551d0f62489aed0, refresh {}]
Capabilities {acceptInsecureCerts: true, browserName: chrome, browserVersion: 138.0.7204.101, chrome: {chromedriverVersion: 138.0.7204.94 (545025748884..., userDataDir: C:\Users\Pramod.C\AppData\L...}, fedcm:accounts: true, goog:chromeOptions: {debuggerAddress: localhost:59486}, networkConnectionEnabled: false, pageLoadStrategy: none, platformName: windows, proxy: Proxy(), se:cdp: ws://localhost:59486/devtoo..., se:cdpVersion: 138.0.7204.101, setWindowRect: true, strictFileInteractability: false, timeouts: {implicit: 0, pageLoad: 300000, script: 30000}, unhandledPromptBehavior: dismiss and notify, webauthn:extension:credBlob: true, webauthn:extension:largeBlob: true, webauthn:extension:minPinLength: true, webauthn:extension:prf: true, webauthn:virtualAuthenticators: true}
Session ID: c28f0349e66c05270551d0f62489aed0
Screenshot not captured : invalid session id
Build info: version: '4.34.0', revision: '707dcb4246*'
System info: os.name: 'Windows 10', os.arch: 'amd64', os.version: '10.0', java.version: '17.0.11'
Driver info: org.openqa.selenium.chrome.ChromeDriver
Command: [c28f0349e66c05270551d0f62489aed0, screenshot {}]
Capabilities {acceptInsecureCerts: true, browserName: chrome, browserVersion: 138.0.7204.101, chrome: {chromedriverVersion: 138.0.7204.94 (545025748884..., userDataDir: C:\Users\Pramod.C\AppData\L...}, fedcm:accounts: true, goog:chromeOptions: {debuggerAddress: localhost:59486}, networkConnectionEnabled: false, pageLoadStrategy: none, platformName: windows, proxy: Proxy(), se:cdp: ws://localhost:59486/devtoo..., se:cdpVersion: 138.0.7204.101, setWindowRect: true, strictFileInteractability: false, timeouts: {implicit: 0, pageLoad: 300000, script: 30000}, unhandledPromptBehavior: dismiss and notify, webauthn:extension:credBlob: true, webauthn:extension:largeBlob: true, webauthn:extension:minPinLength: true, webauthn:extension:prf: true, webauthn:virtualAuthenticators: true}
Session ID: c28f0349e66c05270551d0f62489aed0
Jul 15, 2025 3:39:53 PM base.LogResults createLogs
INFO: FAIL - Error while Clicking On Company Tab : invalid session id
Build info: version: '4.34.0', revision: '707dcb4246*'
System info: os.name: 'Windows 10', os.arch: 'amd64', os.version: '10.0', java.version: '17.0.11'
Driver info: org.openqa.selenium.chrome.ChromeDriver
Command: [c28f0349e66c05270551d0f62489aed0, findElement {value=//a[text()='Company'], using=xpath}]
Capabilities {acceptInsecureCerts: true, browserName: chrome, browserVersion: 138.0.7204.101, chrome: {chromedriverVersion: 138.0.7204.94 (545025748884..., userDataDir: C:\Users\Pramod.C\AppData\L...}, fedcm:accounts: true, goog:chromeOptions: {debuggerAddress: localhost:59486}, networkConnectionEnabled: false, pageLoadStrategy: none, platformName: windows, proxy: Proxy(), se:cdp: ws://localhost:59486/devtoo..., se:cdpVersion: 138.0.7204.101, setWindowRect: true, strictFileInteractability: false, timeouts: {implicit: 0, pageLoad: 300000, script: 30000}, unhandledPromptBehavior: dismiss and notify, webauthn:extension:credBlob: true, webauthn:extension:largeBlob: true, webauthn:extension:minPinLength: true, webauthn:extension:prf: true, webauthn:virtualAuthenticators: true}
Session ID: c28f0349e66c05270551d0f62489aed0
Screenshot not captured : invalid session id
Build info: version: '4.34.0', revision: '707dcb4246*'
System info: os.name: 'Windows 10', os.arch: 'amd64', os.version: '10.0', java.version: '17.0.11'
Driver info: org.openqa.selenium.chrome.ChromeDriver
Command: [c28f0349e66c05270551d0f62489aed0, screenshot {}]
Capabilities {acceptInsecureCerts: true, browserName: chrome, browserVersion: 138.0.7204.101, chrome: {chromedriverVersion: 138.0.7204.94 (545025748884..., userDataDir: C:\Users\Pramod.C\AppData\L...}, fedcm:accounts: true, goog:chromeOptions: {debuggerAddress: localhost:59486}, networkConnectionEnabled: false, pageLoadStrategy: none, platformName: windows, proxy: Proxy(), se:cdp: ws://localhost:59486/devtoo..., se:cdpVersion: 138.0.7204.101, setWindowRect: true, strictFileInteractability: false, timeouts: {implicit: 0, pageLoad: 300000, script: 30000}, unhandledPromptBehavior: dismiss and notify, webauthn:extension:credBlob: true, webauthn:extension:largeBlob: true, webauthn:extension:minPinLength: true, webauthn:extension:prf: true, webauthn:virtualAuthenticators: true}
Session ID: c28f0349e66c05270551d0f62489aed0
Jul 15, 2025 3:40:03 PM base.LogResults createLogs
INFO: FAIL - Error while Clicking On Office Button : invalid session id
Build info: version: '4.34.0', revision: '707dcb4246*'
System info: os.name: 'Windows 10', os.arch: 'amd64', os.version: '10.0', java.version: '17.0.11'
Driver info: org.openqa.selenium.chrome.ChromeDriver
Command: [c28f0349e66c05270551d0f62489aed0, findElement {value=//button[@id='tab_CompanyLocation'], using=xpath}]
Capabilities {acceptInsecureCerts: true, browserName: chrome, browserVersion: 138.0.7204.101, chrome: {chromedriverVersion: 138.0.7204.94 (545025748884..., userDataDir: C:\Users\Pramod.C\AppData\L...}, fedcm:accounts: true, goog:chromeOptions: {debuggerAddress: localhost:59486}, networkConnectionEnabled: false, pageLoadStrategy: none, platformName: windows, proxy: Proxy(), se:cdp: ws://localhost:59486/devtoo..., se:cdpVersion: 138.0.7204.101, setWindowRect: true, strictFileInteractability: false, timeouts: {implicit: 0, pageLoad: 300000, script: 30000}, unhandledPromptBehavior: dismiss and notify, webauthn:extension:credBlob: true, webauthn:extension:largeBlob: true, webauthn:extension:minPinLength: true, webauthn:extension:prf: true, webauthn:virtualAuthenticators: true}
Session ID: c28f0349e66c05270551d0f62489aed0
Jul 15, 2025 3:40:03 PM base.LogResults createLogs
INFO: FAIL - Skipping rest steps as error count reached configured value : 5
Jul 15, 2025 3:40:03 PM base.LogResults onlyLog
INFO: Failed - MeghMasterOfficeTest-MPI_161_Office_01-To verify this, create an office and ensure the created office is displayed in the list.
---------------------------------------------------------------
MeghMasterOfficeTestMPI_161_Office_01
Jul 15, 2025 3:40:03 PM base.LogResults onlyLog
INFO: Total Pass : 0 Total Fail : 1  Total TC : 1
---------------------------------------------------------------
Test case took: 80.0157 seconds
Total TC Time: 00:01:20

===============================================
Suite
Total tests run: 1, Passes: 0, Failures: 0, Skips: 1
Configuration Failures: 1, Skips: 0
===============================================

