>> Console logging redirected to data/console.log
Continuing with Existing Master Data due to threshold value:120825-120825-ThreSld->3
Launching Driver...
SLF4J(W): No SLF4J providers were found.
SLF4J(W): Defaulting to no-operation (NOP) logger implementation
SLF4J(W): See https://www.slf4j.org/codes.html#noProviders for further details.
Aug 12, 2025 6:20:33 PM org.openqa.selenium.devtools.CdpVersionFinder findNearestMatch
WARNING: Unable to find an exact match for CDP version 138, returning the closest version; found: 137; Please update to a Selenium version that supports CDP version 138
Aug 12, 2025 6:20:35 PM base.LogResults createLogs
INFO: PASS - Application Loaded Successfully: 
Aug 12, 2025 6:20:39 PM base.LogResults createLogs
INFO: PASS - Company Code Entered in Text Box: AJZU
Aug 12, 2025 6:20:39 PM base.LogResults createLogs
INFO: PASS - Login With Password Button Is Clicked: 
Aug 12, 2025 6:20:39 PM base.LogResults createLogs
INFO: PASS - Forgot Password Link is Clicked Successfully: 
Aug 12, 2025 6:20:44 PM base.LogResults createLogs
INFO: PASS - Company Code Entered in Text Box: AJZU
Aug 12, 2025 6:20:44 PM base.LogResults createLogs
INFO: PASS - Username Is Entered In Email Text Field: AutoE120825091619@mailinator.com
Aug 12, 2025 6:20:44 PM base.LogResults createLogs
INFO: PASS - Captcha Entered On Captcha Text Field: 12345
Aug 12, 2025 6:20:44 PM base.LogResults createLogs
INFO: PASS - Request OTP is Clicked Successfully: 
Aug 12, 2025 6:20:46 PM base.LogResults createLogs
INFO: PASS - Successfully Open The New Tab And URL Is Passed: 
Aug 12, 2025 6:20:48 PM base.LogResults createLogs
INFO: PASS - Successfully Clicked On GetFreeTrailButton: 
Aug 12, 2025 6:20:50 PM base.LogResults createLogs
INFO: PASS - Successfully Clicked On PopupCloseButton: 
Aug 12, 2025 6:20:56 PM base.LogResults createLogs
INFO: PASS - Successfully Inputted Emp Name: AutoE120825091619
Aug 12, 2025 6:20:56 PM base.LogResults createLogs
INFO: PASS - Successfully Clicked On SearchButtonOfMailinator: 
Aug 12, 2025 6:21:16 PM base.LogResults createLogs
INFO: PASS - Successfully Clicked On ForgotPasswordMail: 
Proxy element for: DefaultElementLocator 'By.xpath: //iframe[@id='html_msg_body']'
[[ChromeDriver: chrome on windows (2694b3fd62daa0af3e3e66e8ede3e249)] -> xpath: //body[1]/div[1]/p[2]]
HTML content: We received a request to reset the password for your account. To verify your identity and proceed with the password reset, please use the following One-Time Password (OTP):<br><br>Your OTP: <b>993542</b><br>
Aug 12, 2025 6:21:20 PM base.LogResults createLogs
INFO: PASS - Successfully Navigated To IFrame: 
993542 this is OTP
Aug 12, 2025 6:21:20 PM base.LogResults createLogs
INFO: PASS - Get The OTP from Email Successfully: 
Aug 12, 2025 6:21:28 PM base.LogResults createLogs
INFO: PASS - DeleteButton Clicked Successfully: 
Aug 12, 2025 6:21:29 PM base.LogResults createLogs
INFO: PASS - Successfully Navigated Back To Application: 
993542testOTP
Aug 12, 2025 6:21:29 PM base.LogResults createLogs
INFO: PASS - OTP Entered On OTP Text Field: 993542
Aug 12, 2025 6:21:29 PM base.LogResults createLogs
INFO: PASS - Verify And Continue Clicked Successfully: 
Aug 12, 2025 6:21:30 PM base.LogResults createLogs
INFO: PASS - New Password Entered Successfully: Pramod@1234
Aug 12, 2025 6:21:31 PM base.LogResults createLogs
INFO: PASS - New Confirm Password Entered Successfully: Pramod@1234
Aug 12, 2025 6:21:31 PM base.LogResults createLogs
INFO: PASS - PasswordSetButton Clicked Successfully: 
Aug 12, 2025 6:21:32 PM base.LogResults createLogs
INFO: PASS - ContinueToLogin Clicked Successfully: 
Aug 12, 2025 6:21:36 PM base.LogResults createLogs
INFO: PASS - Company Code Entered in Text Box: AJZU
Aug 12, 2025 6:21:37 PM base.LogResults createLogs
INFO: PASS - Login With Password Button Is Clicked: 
Aug 12, 2025 6:21:41 PM base.LogResults createLogs
INFO: PASS - Sign in Text Is Displayed: 
Aug 12, 2025 6:21:41 PM base.LogResults createLogs
INFO: PASS - Username Is Entered In Username Text Field: AutoE120825091619@mailinator.com
Aug 12, 2025 6:21:41 PM base.LogResults createLogs
INFO: PASS - Password Is Entered In Password Text Field: Pramod@1234
Aug 12, 2025 6:21:41 PM base.LogResults createLogs
INFO: PASS - Captcha Entered On Captcha Text Field: 12345
Aug 12, 2025 6:21:41 PM base.LogResults createLogs
INFO: PASS - Clicked On Login Button: 
Aug 12, 2025 6:21:52 PM base.LogResults createLogs
INFO: PASS - login Validated Successfully: 
Aug 12, 2025 6:21:52 PM base.LogResults onlyLog
INFO: Passed - Attendance-MPI_139_Login_page_21-To verify this, enter a email in the User Name / Phone Number text field of the Forgot Password step, check whether the user receives an OTP to change the password, and then change the password.
---------------------------------------------------------------
AttendanceMPI_139_Login_page_21
Aug 12, 2025 6:21:52 PM base.LogResults onlyLog
INFO: Total Pass : 1 Total Fail : 0  Total TC : 1
---------------------------------------------------------------
Test case took: 78.5867 seconds
Total TC Time: 00:01:18
Launching Driver...
Aug 12, 2025 6:21:54 PM org.openqa.selenium.devtools.CdpVersionFinder findNearestMatch
WARNING: Unable to find an exact match for CDP version 138, returning the closest version; found: 137; Please update to a Selenium version that supports CDP version 138
Aug 12, 2025 6:21:56 PM base.LogResults createLogs
INFO: PASS - Application Loaded Successfully: 
Aug 12, 2025 6:22:00 PM base.LogResults createLogs
INFO: PASS - Company Code Entered in Text Box: AJZU
Aug 12, 2025 6:22:00 PM base.LogResults createLogs
INFO: PASS - Login With Password Button Is Clicked: 
Aug 12, 2025 6:22:00 PM base.LogResults createLogs
INFO: PASS - Forgot Password Link is Clicked Successfully: 
Aug 12, 2025 6:22:04 PM base.LogResults createLogs
INFO: PASS - Company Code Entered in Text Box: AJZU
Aug 12, 2025 6:22:05 PM base.LogResults createLogs
INFO: PASS - Username Is Entered In Email Text Field: 8217025074
Aug 12, 2025 6:22:05 PM base.LogResults createLogs
INFO: PASS - Captcha Entered On Captcha Text Field: 12345
Aug 12, 2025 6:22:05 PM base.LogResults createLogs
INFO: PASS - Request OTP is Clicked Successfully: 
Aug 12, 2025 6:22:07 PM base.LogResults createLogs
INFO: PASS - Successfully Open The New Tab And URL Is Passed: 
Aug 12, 2025 6:22:09 PM base.LogResults createLogs
INFO: PASS - Successfully Clicked On GetFreeTrailButton: 
Aug 12, 2025 6:22:11 PM base.LogResults createLogs
INFO: PASS - Successfully Clicked On PopupCloseButton: 
Aug 12, 2025 6:22:17 PM base.LogResults createLogs
INFO: PASS - Successfully Inputted Emp Name: AutoE120825091619
Aug 12, 2025 6:22:17 PM base.LogResults createLogs
INFO: PASS - Successfully Clicked On SearchButtonOfMailinator: 
Aug 12, 2025 6:22:23 PM base.LogResults createLogs
INFO: PASS - Successfully Clicked On ForgotPasswordMail: 
Proxy element for: DefaultElementLocator 'By.xpath: //iframe[@id='html_msg_body']'
[[ChromeDriver: chrome on windows (ec8220a54957114d50a3d117680ba4f2)] -> xpath: //body[1]/div[1]/p[2]]
HTML content: We received a request to reset the password for your account. To verify your identity and proceed with the password reset, please use the following One-Time Password (OTP):<br><br>Your OTP: <b>860856</b><br>
Aug 12, 2025 6:22:28 PM base.LogResults createLogs
INFO: PASS - Successfully Navigated To IFrame: 
860856 this is OTP
Aug 12, 2025 6:22:28 PM base.LogResults createLogs
INFO: PASS - Get The OTP from Email Successfully: 
Aug 12, 2025 6:22:36 PM base.LogResults createLogs
INFO: PASS - DeleteButton Clicked Successfully: 
Aug 12, 2025 6:22:36 PM base.LogResults createLogs
INFO: PASS - Successfully Navigated Back To Application: 
860856testOTP
Aug 12, 2025 6:22:37 PM base.LogResults createLogs
INFO: PASS - OTP Entered On OTP Text Field: 860856
Aug 12, 2025 6:22:37 PM base.LogResults createLogs
INFO: PASS - Verify And Continue Clicked Successfully: 
Aug 12, 2025 6:22:38 PM base.LogResults createLogs
INFO: PASS - New Password Entered Successfully: Pramod@1234
Aug 12, 2025 6:22:38 PM base.LogResults createLogs
INFO: PASS - New Confirm Password Entered Successfully: Pramod@1234
Aug 12, 2025 6:22:38 PM base.LogResults createLogs
INFO: PASS - PasswordSetButton Clicked Successfully: 
Aug 12, 2025 6:22:40 PM base.LogResults createLogs
INFO: PASS - ContinueToLogin Clicked Successfully: 
Aug 12, 2025 6:22:44 PM base.LogResults createLogs
INFO: PASS - Company Code Entered in Text Box: AJZU
Aug 12, 2025 6:22:44 PM base.LogResults createLogs
INFO: PASS - Login With Password Button Is Clicked: 
Aug 12, 2025 6:22:48 PM base.LogResults createLogs
INFO: PASS - Sign in Text Is Displayed: 
Aug 12, 2025 6:22:48 PM base.LogResults createLogs
INFO: PASS - Username Is Entered In Username Text Field: AutoE120825091619@mailinator.com
Aug 12, 2025 6:22:49 PM base.LogResults createLogs
INFO: PASS - Password Is Entered In Password Text Field: Pramod@1234
Aug 12, 2025 6:22:49 PM base.LogResults createLogs
INFO: PASS - Captcha Entered On Captcha Text Field: 12345
Aug 12, 2025 6:22:49 PM base.LogResults createLogs
INFO: PASS - Clicked On Login Button: 
Aug 12, 2025 6:22:52 PM base.LogResults createLogs
INFO: PASS - login Validated Successfully: 
Aug 12, 2025 6:22:52 PM base.LogResults onlyLog
INFO: Passed - Attendance-MPI_140_Login_page_22-To verify this, enter a phone number in the User Name / Phone Number text field of the Forgot Password step, check whether the user receives an OTP to change the password, and then change the password.
---------------------------------------------------------------
AttendanceMPI_140_Login_page_22
Aug 12, 2025 6:22:52 PM base.LogResults onlyLog
INFO: Total Pass : 2 Total Fail : 0  Total TC : 2
---------------------------------------------------------------
Test case took: 57.4316 seconds
Total TC Time: 00:02:16
Launching Driver...
Aug 12, 2025 6:22:54 PM org.openqa.selenium.devtools.CdpVersionFinder findNearestMatch
WARNING: Unable to find an exact match for CDP version 138, returning the closest version; found: 137; Please update to a Selenium version that supports CDP version 138
Aug 12, 2025 6:22:56 PM base.LogResults createLogs
INFO: PASS - Application Loaded Successfully: 
Aug 12, 2025 6:23:00 PM base.LogResults createLogs
INFO: PASS - Company Code Entered in Text Box: AJZU
Aug 12, 2025 6:23:00 PM base.LogResults createLogs
INFO: PASS - Login With Password Button Is Clicked: 
Aug 12, 2025 6:23:04 PM base.LogResults createLogs
INFO: PASS - Sign in Text Is Displayed: 
Aug 12, 2025 6:23:05 PM base.LogResults createLogs
INFO: PASS - Username Is Entered In Username Text Field: AutoE120825091619@mailinator.com
Aug 12, 2025 6:23:05 PM base.LogResults createLogs
INFO: PASS - Password Is Entered In Password Text Field: Pramod@1234
Aug 12, 2025 6:23:05 PM base.LogResults createLogs
INFO: PASS - Captcha Entered On Captcha Text Field: 12345
Aug 12, 2025 6:23:05 PM base.LogResults createLogs
INFO: PASS - Clicked On Login Button: 
Aug 12, 2025 6:23:08 PM base.LogResults createLogs
INFO: PASS - Login Done  And Validated Successfully: 
Aug 12, 2025 6:23:13 PM base.LogResults createLogs
INFO: PASS - Directory Button Clicked Successfully: 
Aug 12, 2025 6:23:16 PM base.LogResults createLogs
INFO: PASS - Directory Page Loaded Successfully: 
Aug 12, 2025 6:23:16 PM base.LogResults createLogs
INFO: PASS - Clicked On EmployeeTab Successfully: 
Aug 12, 2025 6:23:18 PM base.LogResults createLogs
INFO: PASS - Directory Page Loaded Successfully: 
Aug 12, 2025 6:23:19 PM base.LogResults createLogs
INFO: PASS - Successfully Clicked On First Employee Record 3dots: 
Aug 12, 2025 6:23:19 PM base.LogResults createLogs
INFO: PASS - Successfully Clicked On First Employee Record ManageProfileButton: 
Aug 12, 2025 6:23:22 PM base.LogResults createLogs
INFO: PASS - Emp Code Extracted Successfully: 
Aug 12, 2025 6:23:26 PM base.LogResults createLogs
INFO: PASS - Admin Manage Button Clicked Successfully: 
Aug 12, 2025 6:23:27 PM base.LogResults createLogs
INFO: PASS - Admin Logout Button Clicked Successfully: 
Aug 12, 2025 6:23:27 PM base.LogResults createLogs
INFO: PASS - Except Application All Other Tabs Are Closed Successfully: 
Aug 12, 2025 6:23:28 PM base.LogResults createLogs
INFO: PASS - Application Loaded Successfully: 
Aug 12, 2025 6:23:32 PM base.LogResults createLogs
INFO: PASS - Company Code Entered in Text Box: AJZU
Aug 12, 2025 6:23:32 PM base.LogResults createLogs
INFO: PASS - Login With Password Button Is Clicked: 
Aug 12, 2025 6:23:33 PM base.LogResults createLogs
INFO: PASS - Forgot Password Link is Clicked Successfully: 
Aug 12, 2025 6:23:37 PM base.LogResults createLogs
INFO: PASS - Company Code Entered in Text Box: AJZU
Aug 12, 2025 6:23:37 PM base.LogResults createLogs
INFO: PASS - Username Is Entered In Email Text Field: AutoDNHQDB
Aug 12, 2025 6:23:37 PM base.LogResults createLogs
INFO: PASS - Captcha Entered On Captcha Text Field: 12345
Aug 12, 2025 6:23:37 PM base.LogResults createLogs
INFO: PASS - Request OTP is Clicked Successfully: 
Aug 12, 2025 6:23:40 PM base.LogResults createLogs
INFO: PASS - Successfully Open The New Tab And URL Is Passed: 
Aug 12, 2025 6:23:42 PM base.LogResults createLogs
INFO: PASS - Successfully Clicked On GetFreeTrailButton: 
Aug 12, 2025 6:23:43 PM base.LogResults createLogs
INFO: PASS - Successfully Clicked On PopupCloseButton: 
Aug 12, 2025 6:23:49 PM base.LogResults createLogs
INFO: PASS - Successfully Inputted Emp Name: AutoE120825091619
Aug 12, 2025 6:23:49 PM base.LogResults createLogs
INFO: PASS - Successfully Clicked On SearchButtonOfMailinator: 
Aug 12, 2025 6:24:07 PM base.LogResults createLogs
INFO: PASS - Successfully Clicked On ForgotPasswordMail: 
Proxy element for: DefaultElementLocator 'By.xpath: //iframe[@id='html_msg_body']'
[[ChromeDriver: chrome on windows (3270910da33a1746d7cb682125fadb54)] -> xpath: //body[1]/div[1]/p[2]]
HTML content: We received a request to reset the password for your account. To verify your identity and proceed with the password reset, please use the following One-Time Password (OTP):<br><br>Your OTP: <b>116065</b><br>
Aug 12, 2025 6:24:11 PM base.LogResults createLogs
INFO: PASS - Successfully Navigated To IFrame: 
116065 this is OTP
Aug 12, 2025 6:24:11 PM base.LogResults createLogs
INFO: PASS - Get The OTP from Email Successfully: 
Aug 12, 2025 6:24:19 PM base.LogResults createLogs
INFO: PASS - DeleteButton Clicked Successfully: 
Aug 12, 2025 6:24:20 PM base.LogResults createLogs
INFO: PASS - Successfully Navigated Back To Application: 
116065testOTP
Aug 12, 2025 6:24:20 PM base.LogResults createLogs
INFO: PASS - OTP Entered On OTP Text Field: 116065
Aug 12, 2025 6:24:20 PM base.LogResults createLogs
INFO: PASS - Verify And Continue Clicked Successfully: 
Aug 12, 2025 6:24:21 PM base.LogResults createLogs
INFO: PASS - New Password Entered Successfully: Pramod@1234
Aug 12, 2025 6:24:22 PM base.LogResults createLogs
INFO: PASS - New Confirm Password Entered Successfully: Pramod@1234
Aug 12, 2025 6:24:22 PM base.LogResults createLogs
INFO: PASS - PasswordSetButton Clicked Successfully: 
Aug 12, 2025 6:24:23 PM base.LogResults createLogs
INFO: PASS - ContinueToLogin Clicked Successfully: 
Aug 12, 2025 6:24:27 PM base.LogResults createLogs
INFO: PASS - Company Code Entered in Text Box: AJZU
Aug 12, 2025 6:24:27 PM base.LogResults createLogs
INFO: PASS - Login With Password Button Is Clicked: 
Aug 12, 2025 6:24:32 PM base.LogResults createLogs
INFO: PASS - Sign in Text Is Displayed: 
Aug 12, 2025 6:24:32 PM base.LogResults createLogs
INFO: PASS - Username Is Entered In Username Text Field: AutoE120825091619@mailinator.com
Aug 12, 2025 6:24:32 PM base.LogResults createLogs
INFO: PASS - Password Is Entered In Password Text Field: Pramod@1234
Aug 12, 2025 6:24:32 PM base.LogResults createLogs
INFO: PASS - Captcha Entered On Captcha Text Field: 12345
Aug 12, 2025 6:24:32 PM base.LogResults createLogs
INFO: PASS - Clicked On Login Button: 
Aug 12, 2025 6:24:34 PM base.LogResults createLogs
INFO: PASS - login Validated Successfully: 
Aug 12, 2025 6:24:37 PM base.LogResults onlyLog
INFO: Passed - Attendance-MPI_141_Login_page_23-To verify this, enter a employee id in the User Name / Phone Number text field of the Forgot Password step, check whether the user receives an OTP to change the password, and then change the password.
---------------------------------------------------------------
AttendanceMPI_141_Login_page_23
Aug 12, 2025 6:24:37 PM base.LogResults onlyLog
INFO: Total Pass : 3 Total Fail : 0  Total TC : 3
---------------------------------------------------------------
Test case took: 102.4598 seconds
Total TC Time: 00:03:58

===============================================
Suite
Total tests run: 3, Passes: 3, Failures: 0, Skips: 0
===============================================

