>> Console logging redirected to data/console.log
Continuing with Existing Master Data due to threshold value:140725-140725-ThreSld->3
Launching Driver...
SLF4J(W): No SLF4J providers were found.
SLF4J(W): Defaulting to no-operation (NOP) logger implementation
SLF4J(W): See https://www.slf4j.org/codes.html#noProviders for further details.
Jul 14, 2025 7:16:40 PM org.openqa.selenium.devtools.CdpVersionFinder findNearestMatch
WARNING: Unable to find an exact match for CDP version 138, returning the closest version; found: 137; Please update to a Selenium version that supports CDP version 138
Jul 14, 2025 7:16:41 PM base.LogResults createLogs
INFO: PASS - Application Loaded Successfully: 
Jul 14, 2025 7:16:45 PM base.LogResults createLogs
INFO: PASS - Company Code Entered in Text Box: AGIB
Jul 14, 2025 7:16:46 PM base.LogResults createLogs
INFO: PASS - Login With Password Button Is Clicked: 
Jul 14, 2025 7:16:50 PM base.LogResults createLogs
INFO: PASS - Sign in Text Is Displayed: 
Jul 14, 2025 7:16:50 PM base.LogResults createLogs
INFO: PASS - Username Is Entered In Username Text Field: AutoE140725101157@mailinator.com
Jul 14, 2025 7:16:50 PM base.LogResults createLogs
INFO: PASS - Password Is Entered In Password Text Field: Pramod@1234
Jul 14, 2025 7:16:51 PM base.LogResults createLogs
INFO: PASS - Captcha Entered On Captcha Text Field: 12345
Jul 14, 2025 7:16:51 PM base.LogResults createLogs
INFO: PASS - Clicked On Login Button: 
Jul 14, 2025 7:16:53 PM base.LogResults createLogs
INFO: PASS - login Validated Successfully: 
Jul 14, 2025 7:16:57 PM base.LogResults createLogs
INFO: PASS - PolicyIcon Clicked Successfully: 
Jul 14, 2025 7:16:57 PM base.LogResults createLogs
INFO: PASS - PolicyMaster Loaded Successfully: 
Jul 14, 2025 7:16:58 PM base.LogResults createLogs
INFO: PASS - LeaveDropDownFromSideBar Clicked Successfully: 
Jul 14, 2025 7:16:58 PM base.LogResults createLogs
INFO: PASS - LeavePolicyButtonFromSideBar Clicked Successfully: 
Jul 14, 2025 7:17:15 PM base.LogResults createLogs
INFO: PASS - LeavePolicyPageLoaded Successfully: 
Jul 14, 2025 7:17:16 PM base.LogResults createLogs
INFO: PASS - AddLeavePolicyButton Clicked Successfully : 
Jul 14, 2025 7:17:19 PM base.LogResults createLogs
INFO: PASS - LeavePolicy Name Inputted Successfully: AutoLPN140725101157AFZ
Jul 14, 2025 7:17:19 PM base.LogResults createLogs
INFO: PASS - SelectLeavePolicyButton Clicked Successfully : 
Jul 14, 2025 7:17:22 PM base.LogResults createLogs
INFO: PASS - SickLeave Selected Successfully: Sick_Leave (SL) 
Jul 14, 2025 7:17:25 PM base.LogResults createLogs
INFO: FAIL - Error While Selecting Maternity Leave: Leave ID 'Travel Leave (TL) ' not found in AllLeaves list.
Jul 14, 2025 7:17:29 PM base.LogResults createLogs
INFO: PASS - Casual Leave Selected Successfully: Casual_Leave (CL) 
Jul 14, 2025 7:17:29 PM base.LogResults createLogs
INFO: PASS - AddLeaveSaveButton Clicked Successfully: 
Jul 14, 2025 7:17:29 PM base.LogResults createLogs
INFO: PASS - CreateLeavePolicyButton Clicked Successfully: 
Jul 14, 2025 7:17:37 PM base.LogResults createLogs
INFO: PASS - Yes Button Button Successfully : 
Jul 14, 2025 7:17:41 PM base.LogResults createLogs
INFO: PASS - Directory Button Clicked Successfully: 
Jul 14, 2025 7:17:43 PM base.LogResults createLogs
INFO: PASS - Directory Page Loaded Successfully: 
Jul 14, 2025 7:17:43 PM base.LogResults createLogs
INFO: PASS - Clicked On EmployeeTab Successfully: 
Jul 14, 2025 7:17:45 PM base.LogResults createLogs
INFO: PASS - Directory Page Loaded Successfully: 
Jul 14, 2025 7:17:45 PM base.LogResults createLogs
INFO: PASS - Successfully Clicked On First Employee Record 3dots: 
Jul 14, 2025 7:17:45 PM base.LogResults createLogs
INFO: PASS - Successfully Clicked On First Employee Record ManageProfileButton: 
Jul 14, 2025 7:18:05 PM base.LogResults createLogs
INFO: PASS - Successfully Clicked On First Employee Record Policy Button: 
Jul 14, 2025 7:18:08 PM base.LogResults createLogs
INFO: PASS - Leave Policy Name Compared And Same Only Displayed Successfully: AutoLPN140725101157AFZ=AutoLPN140725101157AFZ
Jul 14, 2025 7:18:09 PM base.LogResults onlyLog
INFO: Failed - MeghLeavePolicyTest-MPI_544_Leave_Policy_01-To verify this, create a leave policy without selecting any employee criteria, make it active, and ensure that the policy is assigned to all users. Also, check in an existing user's profile under the policy module to confirm that the created policy is assigned.
---------------------------------------------------------------
MeghLeavePolicyTestMPI_544_Leave_Policy_01
Jul 14, 2025 7:18:09 PM base.LogResults onlyLog
INFO: Total Pass : 0 Total Fail : 1  Total TC : 1
---------------------------------------------------------------
Test case took: 88.5070 seconds
Total TC Time: 00:01:28
Launching Driver...
Jul 14, 2025 7:18:11 PM org.openqa.selenium.devtools.CdpVersionFinder findNearestMatch
WARNING: Unable to find an exact match for CDP version 138, returning the closest version; found: 137; Please update to a Selenium version that supports CDP version 138
Jul 14, 2025 7:18:12 PM base.LogResults createLogs
INFO: PASS - Application Loaded Successfully: 
Jul 14, 2025 7:18:17 PM base.LogResults createLogs
INFO: PASS - Company Code Entered in Text Box: AGIB
Jul 14, 2025 7:18:17 PM base.LogResults createLogs
INFO: PASS - Login With Password Button Is Clicked: 
Jul 14, 2025 7:18:21 PM base.LogResults createLogs
INFO: PASS - Sign in Text Is Displayed: 
Jul 14, 2025 7:18:21 PM base.LogResults createLogs
INFO: PASS - Username Is Entered In Username Text Field: AutoE140725101157@mailinator.com
Jul 14, 2025 7:18:21 PM base.LogResults createLogs
INFO: PASS - Password Is Entered In Password Text Field: Pramod@1234
Jul 14, 2025 7:18:21 PM base.LogResults createLogs
INFO: PASS - Captcha Entered On Captcha Text Field: 12345
Jul 14, 2025 7:18:22 PM base.LogResults createLogs
INFO: PASS - Clicked On Login Button: 
Jul 14, 2025 7:18:24 PM base.LogResults createLogs
INFO: PASS - login Validated Successfully: 
Jul 14, 2025 7:18:28 PM base.LogResults createLogs
INFO: PASS - PolicyIcon Clicked Successfully: 
Jul 14, 2025 7:18:28 PM base.LogResults createLogs
INFO: PASS - PolicyMaster Loaded Successfully: 
Jul 14, 2025 7:18:29 PM base.LogResults createLogs
INFO: PASS - LeaveDropDownFromSideBar Clicked Successfully: 
Jul 14, 2025 7:18:29 PM base.LogResults createLogs
INFO: PASS - LeavePolicyButtonFromSideBar Clicked Successfully: 
Jul 14, 2025 7:18:35 PM base.LogResults createLogs
INFO: PASS - LeavePolicyPageLoaded Successfully: 
Jul 14, 2025 7:18:35 PM base.LogResults createLogs
INFO: PASS - AddLeavePolicyButton Clicked Successfully : 
Jul 14, 2025 7:18:38 PM base.LogResults createLogs
INFO: PASS - LeavePolicy Name Inputted Successfully: AutoLPNYWDY
Jul 14, 2025 7:18:39 PM base.LogResults createLogs
INFO: PASS - SelectLeavePolicyButton Clicked Successfully : 
Jul 14, 2025 7:18:42 PM base.LogResults createLogs
INFO: PASS - SickLeave Selected Successfully: Sick_Leave (SL) 
Jul 14, 2025 7:18:42 PM base.LogResults createLogs
INFO: PASS - AddLeaveSaveButton Clicked Successfully: 
Jul 14, 2025 7:18:42 PM base.LogResults createLogs
INFO: PASS - CreateLeavePolicyButton Clicked Successfully: 
Jul 14, 2025 7:18:50 PM base.LogResults createLogs
INFO: PASS - Yes Button Button Successfully : 
Jul 14, 2025 7:18:56 PM base.LogResults createLogs
INFO: PASS - LeavePolicyPageLoaded Successfully: 
Jul 14, 2025 7:18:59 PM base.LogResults createLogs
INFO: PASS - Created Policy Name Inputted Successfully: AutoLPNYWDY
Jul 14, 2025 7:19:03 PM base.LogResults createLogs
INFO: PASS - Created Policy Name Displayed Successfully: 
Jul 14, 2025 7:19:07 PM base.LogResults createLogs
INFO: PASS - Created Policy Edit Icon Clicked Successfully: 
Jul 14, 2025 7:19:08 PM base.LogResults createLogs
INFO: PASS - DefaultCheckBox Clicked Successfully: 
Jul 14, 2025 7:19:08 PM base.LogResults createLogs
INFO: PASS - ActiveCheckBox Clicked Successfully: 
Jul 14, 2025 7:19:08 PM base.LogResults createLogs
INFO: PASS - CreateLeavePolicyButton Clicked Successfully: 
Jul 14, 2025 7:19:16 PM base.LogResults createLogs
INFO: PASS - Yes Button Button Successfully : 
Jul 14, 2025 7:19:20 PM base.LogResults createLogs
INFO: PASS - Directory Button Clicked Successfully: 
Jul 14, 2025 7:19:22 PM base.LogResults createLogs
INFO: PASS - Directory Page Loaded Successfully: 
Jul 14, 2025 7:19:22 PM base.LogResults createLogs
INFO: PASS - Clicked On EmployeeTab Successfully: 
Jul 14, 2025 7:19:24 PM base.LogResults createLogs
INFO: PASS - Directory Page Loaded Successfully: 
Jul 14, 2025 7:19:34 PM base.LogResults createLogs
INFO: PASS - Clicked On TotalCountDropDown Successfully: 
Jul 14, 2025 7:19:35 PM base.LogResults createLogs
INFO: PASS - Clicked On AddNewButton Successfully: 
Jul 14, 2025 7:19:38 PM base.LogResults createLogs
INFO: PASS - Employee Form Loaded Successfully: 
Jul 14, 2025 7:19:38 PM base.LogResults createLogs
INFO: PASS - Clicked On EmployeeTypeDropdown Successfully And Selected EntityName Successfully: AutoEN140725101157
Jul 14, 2025 7:19:38 PM base.LogResults createLogs
INFO: PASS - Clicked On ReportingToDropdown Successfully: 
Jul 14, 2025 7:19:41 PM base.LogResults createLogs
INFO: PASS - Clicked On ReportingTo Search Text Field And Input Is Passed: AutoAFN
Jul 14, 2025 7:19:43 PM base.LogResults createLogs
INFO: PASS - Entity Name Selected Successfully: 
Jul 14, 2025 7:19:43 PM base.LogResults createLogs
INFO: PASS - EmployeeID Entered On Employee ID Text Field: AutoEID87614TDS
Jul 14, 2025 7:19:43 PM base.LogResults createLogs
INFO: PASS -  CompanyLocation Selected From The DropDown : AutoON140725101157
Jul 14, 2025 7:19:43 PM base.LogResults createLogs
INFO: PASS - Employee First Name Entered On Employee FirstName Text Field: AutoFNSRQFR
Jul 14, 2025 7:19:43 PM base.LogResults createLogs
INFO: PASS - Employee Last Name Entered On Employee Last Name Text Field: AutoLNHVQFR
Jul 14, 2025 7:19:44 PM base.LogResults createLogs
INFO: PASS - Employee Email Entered On Email ID Text Field: AutoE140725101157EMI@mailinator.com
Jul 14, 2025 7:19:44 PM base.LogResults createLogs
INFO: PASS - Employee Phone Number Entered On Phone Number Text Field: 9851466796
Jul 14, 2025 7:19:44 PM base.LogResults createLogs
INFO: PASS - Employee Joining Date  Text Field Is Clicked: 
Jul 14, 2025 7:19:44 PM base.LogResults createLogs
INFO: PASS - Employee Joining Date Entered On Joining Date Text Field: 
Jul 14, 2025 7:19:44 PM base.LogResults createLogs
INFO: PASS - Clicked On AddEmployeeSave Successfully: 
Jul 14, 2025 7:19:48 PM base.LogResults createLogs
INFO: PASS - Clicked On GoToDirectory Successfully: 
Jul 14, 2025 7:19:52 PM base.LogResults createLogs
INFO: PASS - Clicked On Search Text Field And Pass The Created Employee First Name Successfully: AutoFNSRQFR
Jul 14, 2025 7:19:55 PM base.LogResults createLogs
INFO: PASS - Created Employee Displayed Successfully: AutoLNHVQFR
Jul 14, 2025 7:19:55 PM base.LogResults createLogs
INFO: PASS - Clicked On 3Dots Successfully: 
Jul 14, 2025 7:19:56 PM base.LogResults createLogs
INFO: PASS - Clicked On WebEnrollment Successfully: 
Jul 14, 2025 7:19:59 PM base.LogResults createLogs
INFO: PASS - Clicked On FaceEnrollmentTab Successfully: 
Jul 14, 2025 7:20:13 PM base.LogResults createLogs
INFO: PASS - Image Selected For WebEnrollment Successfully: ./data/images/enrollmentimage.jpg
Jul 14, 2025 7:20:14 PM base.LogResults createLogs
INFO: PASS - Successfully Clicked On CropImage: 
Jul 14, 2025 7:20:14 PM base.LogResults createLogs
INFO: PASS - Successfully Clicked On SaveEnrollmentButton: 
Jul 14, 2025 7:20:23 PM base.LogResults createLogs
INFO: PASS - Success Msg Is Displayed: 
Jul 14, 2025 7:20:32 PM base.LogResults createLogs
INFO: PASS - Directory Button Clicked Successfully: 
Jul 14, 2025 7:20:34 PM base.LogResults createLogs
INFO: PASS - Directory Page Loaded Successfully: 
Jul 14, 2025 7:20:36 PM base.LogResults createLogs
INFO: PASS - Clicked On EmployeeTab Successfully: 
Jul 14, 2025 7:20:37 PM base.LogResults createLogs
INFO: PASS - Directory Page Loaded Successfully: 
Jul 14, 2025 7:20:42 PM base.LogResults createLogs
INFO: PASS - Clicked On Search Text Field And Pass The Created Employee LastName Successfully: AutoFNSRQFR
Jul 14, 2025 7:20:45 PM base.LogResults createLogs
INFO: PASS - Created Employee Displayed Successfully: 
Jul 14, 2025 7:20:45 PM base.LogResults createLogs
INFO: PASS - Successfully Clicked On First Employee Record 3dots: 
Jul 14, 2025 7:20:45 PM base.LogResults createLogs
INFO: PASS - Successfully Clicked On First Employee Record ManageProfileButton: 
Jul 14, 2025 7:21:05 PM base.LogResults createLogs
INFO: PASS - Successfully Clicked On First Employee Record Policy Button: 
Jul 14, 2025 7:21:12 PM base.LogResults createLogs
INFO: PASS - Leave Policy Name Compared And Same Only Displayed Successfully: Default=Default Leave Policy (Default)
Jul 14, 2025 7:21:12 PM base.LogResults onlyLog
INFO: Passed - MeghLeavePolicyTest-MPI_545_Leave_Policy_02-To verify this, edit the leave policy and set it as the default. Then, create a new employee and ensure that the default leave policy is automatically assigned to the newly created employee.
---------------------------------------------------------------
MeghLeavePolicyTestMPI_545_Leave_Policy_02
Jul 14, 2025 7:21:12 PM base.LogResults onlyLog
INFO: Total Pass : 1 Total Fail : 1  Total TC : 2
---------------------------------------------------------------
Test case took: 180.5598 seconds
Total TC Time: 00:04:29
Launching Driver...
Jul 14, 2025 7:21:14 PM org.openqa.selenium.devtools.CdpVersionFinder findNearestMatch
WARNING: Unable to find an exact match for CDP version 138, returning the closest version; found: 137; Please update to a Selenium version that supports CDP version 138
Jul 14, 2025 7:21:15 PM base.LogResults createLogs
INFO: PASS - Application Loaded Successfully: 
Jul 14, 2025 7:21:20 PM base.LogResults createLogs
INFO: PASS - Company Code Entered in Text Box: AGIB
Jul 14, 2025 7:21:20 PM base.LogResults createLogs
INFO: PASS - Login With Password Button Is Clicked: 
Jul 14, 2025 7:21:24 PM base.LogResults createLogs
INFO: PASS - Sign in Text Is Displayed: 
Jul 14, 2025 7:21:24 PM base.LogResults createLogs
INFO: PASS - Username Is Entered In Username Text Field: AutoE140725101157@mailinator.com
Jul 14, 2025 7:21:24 PM base.LogResults createLogs
INFO: PASS - Password Is Entered In Password Text Field: Pramod@1234
Jul 14, 2025 7:21:25 PM base.LogResults createLogs
INFO: PASS - Captcha Entered On Captcha Text Field: 12345
Jul 14, 2025 7:21:25 PM base.LogResults createLogs
INFO: PASS - Clicked On Login Button: 
Jul 14, 2025 7:21:27 PM base.LogResults createLogs
INFO: PASS - login Validated Successfully: 
Jul 14, 2025 7:21:32 PM base.LogResults createLogs
INFO: PASS - Directory Button Clicked Successfully: 
Jul 14, 2025 7:21:34 PM base.LogResults createLogs
INFO: PASS - Directory Page Loaded Successfully: 
Jul 14, 2025 7:21:34 PM base.LogResults createLogs
INFO: PASS - Clicked On EmployeeTab Successfully: 
Jul 14, 2025 7:21:36 PM base.LogResults createLogs
INFO: PASS - Directory Page Loaded Successfully: 
Jul 14, 2025 7:21:42 PM base.LogResults createLogs
INFO: PASS - Clicked On TotalCountDropDown Successfully: 
Jul 14, 2025 7:21:43 PM base.LogResults createLogs
INFO: PASS - Clicked On AddNewButton Successfully: 
Jul 14, 2025 7:21:45 PM base.LogResults createLogs
INFO: PASS - Employee Form Loaded Successfully: 
Jul 14, 2025 7:21:46 PM base.LogResults createLogs
INFO: PASS - Clicked On EmployeeTypeDropdown Successfully And Selected EntityName Successfully: AutoEN140725101157
Jul 14, 2025 7:21:46 PM base.LogResults createLogs
INFO: PASS - Clicked On ReportingToDropdown Successfully: 
Jul 14, 2025 7:21:48 PM base.LogResults createLogs
INFO: PASS - Clicked On ReportingTo Search Text Field And Input Is Passed: AutoAFN
Jul 14, 2025 7:21:50 PM base.LogResults createLogs
INFO: PASS - Entity Name Selected Successfully: 
Jul 14, 2025 7:21:51 PM base.LogResults createLogs
INFO: PASS - EmployeeID Entered On Employee ID Text Field: AutoEID87989HOUCF
Jul 14, 2025 7:21:51 PM base.LogResults createLogs
INFO: PASS -  CompanyLocation Selected From The DropDown : AutoON140725101157
Jul 14, 2025 7:21:51 PM base.LogResults createLogs
INFO: PASS - Employee First Name Entered On Employee FirstName Text Field: AutoFNROSIP
Jul 14, 2025 7:21:51 PM base.LogResults createLogs
INFO: PASS - Employee Last Name Entered On Employee Last Name Text Field: AutoLNPVCUE
Jul 14, 2025 7:21:51 PM base.LogResults createLogs
INFO: PASS - Employee Email Entered On Email ID Text Field: AutoE140725101157FVGO@mailinator.com
Jul 14, 2025 7:21:52 PM base.LogResults createLogs
INFO: PASS - Employee Phone Number Entered On Phone Number Text Field: 9851431110
Jul 14, 2025 7:21:52 PM base.LogResults createLogs
INFO: PASS - Employee Joining Date  Text Field Is Clicked: 
Jul 14, 2025 7:21:52 PM base.LogResults createLogs
INFO: PASS - Employee Joining Date Entered On Joining Date Text Field: 
Jul 14, 2025 7:21:52 PM base.LogResults createLogs
INFO: PASS - Clicked On AddEmployeeSave Successfully: 
Jul 14, 2025 7:21:56 PM base.LogResults createLogs
INFO: PASS - Clicked On GoToDirectory Successfully: 
Jul 14, 2025 7:22:00 PM base.LogResults createLogs
INFO: PASS - Clicked On Search Text Field And Pass The Created Employee First Name Successfully: AutoFNROSIP
Jul 14, 2025 7:22:03 PM base.LogResults createLogs
INFO: PASS - Created Employee Displayed Successfully: AutoLNPVCUE
Jul 14, 2025 7:22:03 PM base.LogResults createLogs
INFO: PASS - Clicked On 3Dots Successfully: 
Jul 14, 2025 7:22:03 PM base.LogResults createLogs
INFO: PASS - Clicked On WebEnrollment Successfully: 
Jul 14, 2025 7:22:07 PM base.LogResults createLogs
INFO: PASS - Clicked On FaceEnrollmentTab Successfully: 
Jul 14, 2025 7:22:21 PM base.LogResults createLogs
INFO: PASS - Image Selected For WebEnrollment Successfully: ./data/images/enrollmentimage.jpg
Jul 14, 2025 7:22:21 PM base.LogResults createLogs
INFO: PASS - Successfully Clicked On CropImage: 
Jul 14, 2025 7:22:22 PM base.LogResults createLogs
INFO: PASS - Successfully Clicked On SaveEnrollmentButton: 
Jul 14, 2025 7:22:23 PM base.LogResults createLogs
INFO: PASS - Success Msg Is Displayed: 
Jul 14, 2025 7:22:32 PM base.LogResults createLogs
INFO: PASS - Directory Button Clicked Successfully: 
Jul 14, 2025 7:22:33 PM base.LogResults createLogs
INFO: PASS - Directory Page Loaded Successfully: 
Jul 14, 2025 7:22:33 PM base.LogResults createLogs
INFO: PASS - Clicked On EmployeeTab Successfully: 
Jul 14, 2025 7:22:35 PM base.LogResults createLogs
INFO: PASS - Directory Page Loaded Successfully: 
Jul 14, 2025 7:22:39 PM base.LogResults createLogs
INFO: PASS - Clicked On Search Text Field And Pass The Created Employee LastName Successfully: AutoFNROSIP
Jul 14, 2025 7:22:42 PM base.LogResults createLogs
INFO: PASS - Created Employee Displayed Successfully: AutoLNPVCUE
Jul 14, 2025 7:22:43 PM base.LogResults createLogs
INFO: PASS - Successfully Clicked On First Employee Record 3dots: 
Jul 14, 2025 7:22:43 PM base.LogResults createLogs
INFO: PASS - Successfully Clicked On First Employee Record ManageProfileButton: 
Jul 14, 2025 7:22:52 PM base.LogResults createLogs
INFO: PASS - Successfully Clicked On First Employee Manage Profile EditIcon: 
Jul 14, 2025 7:22:55 PM base.LogResults createLogs
INFO: PASS - Successfully Selected  Dept: AutoDN140725101157
Jul 14, 2025 7:23:02 PM base.LogResults createLogs
INFO: PASS - Successfully Selected  Team From Dropdown: AutoTN140725101157
Jul 14, 2025 7:23:02 PM base.LogResults createLogs
INFO: PASS - Successfully Selected  Designation From Dropdown: AutoDN140725101157
Jul 14, 2025 7:23:08 PM base.LogResults createLogs
INFO: PASS - Successfully Enter The Pin: 1719
Jul 14, 2025 7:23:14 PM base.LogResults createLogs
INFO: PASS - SaveChanges Button Clicked Successfully: 
Jul 14, 2025 7:23:23 PM base.LogResults createLogs
INFO: PASS - DefaultPolicy Button Clicked Successfully: 
Jul 14, 2025 7:23:31 PM base.LogResults createLogs
INFO: PASS - PolicyIcon Clicked Successfully: 
Jul 14, 2025 7:23:31 PM base.LogResults createLogs
INFO: PASS - PolicyMaster Loaded Successfully: 
Jul 14, 2025 7:23:31 PM base.LogResults createLogs
INFO: PASS - LeaveDropDownFromSideBar Clicked Successfully: 
Jul 14, 2025 7:23:32 PM base.LogResults createLogs
INFO: PASS - LeavePolicyButtonFromSideBar Clicked Successfully: 
Jul 14, 2025 7:23:38 PM base.LogResults createLogs
INFO: PASS - LeavePolicyPageLoaded Successfully: 
Jul 14, 2025 7:23:38 PM base.LogResults createLogs
INFO: PASS - AddLeavePolicyButton Clicked Successfully : 
Jul 14, 2025 7:23:41 PM base.LogResults createLogs
INFO: PASS - LeavePolicy Name Inputted Successfully: AutoLPNHLVH
Jul 14, 2025 7:23:41 PM base.LogResults createLogs
INFO: PASS - SelectLeavePolicyButton Clicked Successfully : 
Jul 14, 2025 7:23:45 PM base.LogResults createLogs
INFO: PASS - SickLeave Selected Successfully: Sick_Leave (SL) 
Jul 14, 2025 7:23:45 PM base.LogResults createLogs
INFO: PASS - AddLeaveSaveButton Clicked Successfully: 
Jul 14, 2025 7:23:45 PM base.LogResults createLogs
INFO: PASS - AddEmpCriteria Button Successfully : 
Jul 14, 2025 7:23:49 PM base.LogResults createLogs
INFO: PASS - Office Name Selected  Successfully : AutoON140725101157
Jul 14, 2025 7:23:56 PM base.LogResults createLogs
INFO: PASS - Successfully Selected  Dept: AutoDN140725101157
Jul 14, 2025 7:24:02 PM base.LogResults createLogs
INFO: PASS - Successfully Selected  Groups From Dropdown: AutoTN140725101157
Jul 14, 2025 7:24:04 PM base.LogResults createLogs
INFO: PASS - Successfully Selected  Designation From Dropdown: AutoDN140725101157
Jul 14, 2025 7:24:04 PM base.LogResults createLogs
INFO: PASS - Successfully Selected  Employee Type From Dropdown: AutoEN140725101157
Jul 14, 2025 7:24:04 PM base.LogResults createLogs
INFO: PASS - Clicked On Apply Button Successfully : 
Jul 14, 2025 7:24:05 PM base.LogResults createLogs
INFO: PASS - CreateLeavePolicyButton Clicked Successfully: 
Jul 14, 2025 7:24:12 PM base.LogResults createLogs
INFO: PASS - Yes Button Button Successfully : 
Jul 14, 2025 7:24:19 PM base.LogResults createLogs
INFO: PASS - LeavePolicyPageLoaded Successfully: 
Jul 14, 2025 7:24:22 PM base.LogResults createLogs
INFO: PASS - Created Policy Name Inputted Successfully: AutoLPNHLVH
Jul 14, 2025 7:24:26 PM base.LogResults createLogs
INFO: PASS - Created Policy Assigned Link Count Clicked Successfully: 
Jul 14, 2025 7:24:30 PM base.LogResults createLogs
INFO: PASS - Employee List Loaded Successfully: 
Jul 14, 2025 7:24:35 PM base.LogResults createLogs
INFO: PASS - Emp Name Displayed Successfully: AutoFNROSIP
Jul 14, 2025 7:24:39 PM base.LogResults createLogs
INFO: PASS - Emp Name Validated And Displayed Successfully: AutoFNROSIP=AutoFNROSIP AutoLNPVCUE
Jul 14, 2025 7:24:39 PM base.LogResults onlyLog
INFO: Passed - MeghLeavePolicyTest-MPI_546_Leave_Policy_03-To verify this, create an employee by selecting 'QC' as the department, 'Grade1' as the grade, and 'For Grade' as the team option, and ensure these are updated in the employee profile. Then, create a leave policy and set the employee criteria to match the same department, grade, and team as assigned to the employee. Save the leave policy, and then click on the "Assigned Employee Count" in the leave policy module. Ensure that the employee with the matching criteria is displayed in the list.
---------------------------------------------------------------
MeghLeavePolicyTestMPI_546_Leave_Policy_03
Jul 14, 2025 7:24:39 PM base.LogResults onlyLog
INFO: Total Pass : 2 Total Fail : 1  Total TC : 3
---------------------------------------------------------------
Test case took: 204.6157 seconds
Total TC Time: 00:07:53
Launching Driver...
Jul 14, 2025 7:24:41 PM org.openqa.selenium.devtools.CdpVersionFinder findNearestMatch
WARNING: Unable to find an exact match for CDP version 138, returning the closest version; found: 137; Please update to a Selenium version that supports CDP version 138
Jul 14, 2025 7:24:42 PM base.LogResults createLogs
INFO: PASS - Application Loaded Successfully: 
Jul 14, 2025 7:24:47 PM base.LogResults createLogs
INFO: PASS - Company Code Entered in Text Box: AGIB
Jul 14, 2025 7:24:47 PM base.LogResults createLogs
INFO: PASS - Login With Password Button Is Clicked: 
Jul 14, 2025 7:24:51 PM base.LogResults createLogs
INFO: PASS - Sign in Text Is Displayed: 
Jul 14, 2025 7:24:51 PM base.LogResults createLogs
INFO: PASS - Username Is Entered In Username Text Field: AutoE140725101157@mailinator.com
Jul 14, 2025 7:24:51 PM base.LogResults createLogs
INFO: PASS - Password Is Entered In Password Text Field: Pramod@1234
Jul 14, 2025 7:24:52 PM base.LogResults createLogs
INFO: PASS - Captcha Entered On Captcha Text Field: 12345
Jul 14, 2025 7:24:52 PM base.LogResults createLogs
INFO: PASS - Clicked On Login Button: 
Jul 14, 2025 7:24:54 PM base.LogResults createLogs
INFO: PASS - login Validated Successfully: 
Jul 14, 2025 7:24:58 PM base.LogResults createLogs
INFO: PASS - PolicyIcon Clicked Successfully: 
Jul 14, 2025 7:24:59 PM base.LogResults createLogs
INFO: PASS - PolicyMaster Loaded Successfully: 
Jul 14, 2025 7:24:59 PM base.LogResults createLogs
INFO: PASS - LeaveDropDownFromSideBar Clicked Successfully: 
Jul 14, 2025 7:24:59 PM base.LogResults createLogs
INFO: PASS - LeavePolicyButtonFromSideBar Clicked Successfully: 
Jul 14, 2025 7:25:05 PM base.LogResults createLogs
INFO: PASS - LeavePolicyPageLoaded Successfully: 
Jul 14, 2025 7:25:09 PM base.LogResults createLogs
INFO: PASS - Created Policy Name Inputted Successfully: AutoLPNHLVH
Jul 14, 2025 7:25:13 PM base.LogResults createLogs
INFO: PASS - Created Policy Name Displayed Successfully: 
Jul 14, 2025 7:25:13 PM base.LogResults createLogs
INFO: PASS - Created Policy Delete Icon Clicked Successfully: 
Jul 14, 2025 7:25:14 PM base.LogResults createLogs
INFO: PASS - DeleteButton Clicked Successfully : 
Jul 14, 2025 7:25:20 PM base.LogResults createLogs
INFO: PASS - LeavePolicyPageLoaded Successfully: 
Jul 14, 2025 7:25:23 PM base.LogResults createLogs
INFO: PASS - Created Policy Name Inputted Successfully: AutoLPNHLVH
Jul 14, 2025 7:25:28 PM base.LogResults createLogs
INFO: PASS - Created Policy Name Displayed Successfully: 
Jul 14, 2025 7:25:31 PM base.LogResults createLogs
INFO: PASS - Created Policy Name Displayed Successfully: 0
Jul 14, 2025 7:25:36 PM base.LogResults createLogs
INFO: PASS - Directory Button Clicked Successfully: 
Jul 14, 2025 7:25:38 PM base.LogResults createLogs
INFO: PASS - Directory Page Loaded Successfully: 
Jul 14, 2025 7:25:38 PM base.LogResults createLogs
INFO: PASS - Clicked On EmployeeTab Successfully: 
Jul 14, 2025 7:25:40 PM base.LogResults createLogs
INFO: PASS - Directory Page Loaded Successfully: 
Jul 14, 2025 7:25:44 PM base.LogResults createLogs
INFO: PASS - Clicked On Search Text Field And Pass The Created Employee LastName Successfully: AutoFNROSIP
Jul 14, 2025 7:25:47 PM base.LogResults createLogs
INFO: PASS - Created Employee Displayed Successfully: 
Jul 14, 2025 7:25:48 PM base.LogResults createLogs
INFO: PASS - Successfully Clicked On First Employee Record 3dots: 
Jul 14, 2025 7:25:48 PM base.LogResults createLogs
INFO: PASS - Successfully Clicked On First Employee Record ManageProfileButton: 
Jul 14, 2025 7:26:08 PM base.LogResults createLogs
INFO: PASS - Successfully Clicked On First Employee Record Policy Button: 
Jul 14, 2025 7:26:11 PM base.LogResults createLogs
INFO: PASS - Leave Policy Name Compared And Same Only Displayed Successfully: Default=Default Leave Policy (Default)
Jul 14, 2025 7:26:14 PM base.LogResults onlyLog
INFO: Passed - MeghLeavePolicyTest-MPI_547_Leave_Policy_04-To verify this, delete or inactivate the employee-criteria-based leave policy and ensure that the affected employees are automatically reassigned to the default leave policy.
---------------------------------------------------------------
MeghLeavePolicyTestMPI_547_Leave_Policy_04
Jul 14, 2025 7:26:14 PM base.LogResults onlyLog
INFO: Total Pass : 3 Total Fail : 1  Total TC : 4
---------------------------------------------------------------
Test case took: 93.0643 seconds
Total TC Time: 00:09:26
Launching Driver...
Jul 14, 2025 7:26:17 PM org.openqa.selenium.devtools.CdpVersionFinder findNearestMatch
WARNING: Unable to find an exact match for CDP version 138, returning the closest version; found: 137; Please update to a Selenium version that supports CDP version 138
Jul 14, 2025 7:26:18 PM base.LogResults createLogs
INFO: PASS - Application Loaded Successfully: 
Jul 14, 2025 7:26:22 PM base.LogResults createLogs
INFO: PASS - Company Code Entered in Text Box: AGIB
Jul 14, 2025 7:26:23 PM base.LogResults createLogs
INFO: PASS - Login With Password Button Is Clicked: 
Jul 14, 2025 7:26:27 PM base.LogResults createLogs
INFO: PASS - Sign in Text Is Displayed: 
Jul 14, 2025 7:26:27 PM base.LogResults createLogs
INFO: PASS - Username Is Entered In Username Text Field: AutoE140725101157@mailinator.com
Jul 14, 2025 7:26:27 PM base.LogResults createLogs
INFO: PASS - Password Is Entered In Password Text Field: Pramod@1234
Jul 14, 2025 7:26:27 PM base.LogResults createLogs
INFO: PASS - Captcha Entered On Captcha Text Field: 12345
Jul 14, 2025 7:26:27 PM base.LogResults createLogs
INFO: PASS - Clicked On Login Button: 
Jul 14, 2025 7:26:30 PM base.LogResults createLogs
INFO: PASS - login Validated Successfully: 
Jul 14, 2025 7:26:34 PM base.LogResults createLogs
INFO: PASS - PolicyIcon Clicked Successfully: 
Jul 14, 2025 7:26:34 PM base.LogResults createLogs
INFO: PASS - PolicyMaster Loaded Successfully: 
Jul 14, 2025 7:26:34 PM base.LogResults createLogs
INFO: PASS - LeaveDropDownFromSideBar Clicked Successfully: 
Jul 14, 2025 7:26:35 PM base.LogResults createLogs
INFO: PASS - LeavePolicyButtonFromSideBar Clicked Successfully: 
Jul 14, 2025 7:26:41 PM base.LogResults createLogs
INFO: PASS - LeavePolicyPageLoaded Successfully: 
Jul 14, 2025 7:26:44 PM base.LogResults createLogs
INFO: PASS - Created Policy Name Inputted Successfully: AutoLPNHLVH
Jul 14, 2025 7:26:48 PM base.LogResults createLogs
INFO: PASS - Created Policy Name Displayed Successfully: 
Jul 14, 2025 7:26:52 PM base.LogResults createLogs
INFO: PASS - Created Policy Edit Icon Clicked Successfully: 
Jul 14, 2025 7:26:53 PM base.LogResults createLogs
INFO: PASS - ActiveCheckBox Clicked Successfully: 
Jul 14, 2025 7:26:53 PM base.LogResults createLogs
INFO: PASS - CreateLeavePolicyButton Clicked Successfully: 
Jul 14, 2025 7:27:04 PM base.LogResults createLogs
INFO: FAIL - Error While Clicking On Yes Button : element not interactable
  (Session info: chrome=138.0.7204.101)
Build info: version: '4.34.0', revision: '707dcb4246*'
System info: os.name: 'Windows 10', os.arch: 'amd64', os.version: '10.0', java.version: '17.0.11'
Driver info: org.openqa.selenium.chrome.ChromeDriver
Command: [5ddb5162589e76f61f8c897430d32ff2, clickElement {id=f.6DDCE1BC0B2F53B8CC96C6320188FCCB.d.74E4C48649D6260426A662E49086993C.e.802}]
Capabilities {acceptInsecureCerts: true, browserName: chrome, browserVersion: 138.0.7204.101, chrome: {chromedriverVersion: 138.0.7204.94 (545025748884..., userDataDir: C:\Users\Pramod.C\AppData\L...}, fedcm:accounts: true, goog:chromeOptions: {debuggerAddress: localhost:57060}, networkConnectionEnabled: false, pageLoadStrategy: none, platformName: windows, proxy: Proxy(), se:cdp: ws://localhost:57060/devtoo..., se:cdpVersion: 138.0.7204.101, setWindowRect: true, strictFileInteractability: false, timeouts: {implicit: 0, pageLoad: 300000, script: 30000}, unhandledPromptBehavior: dismiss and notify, webauthn:extension:credBlob: true, webauthn:extension:largeBlob: true, webauthn:extension:minPinLength: true, webauthn:extension:prf: true, webauthn:virtualAuthenticators: true}
Element: [[ChromeDriver: chrome on windows (5ddb5162589e76f61f8c897430d32ff2)] -> xpath: //button[@id='btnPolicyConfirmYes']]
Session ID: 5ddb5162589e76f61f8c897430d32ff2
Jul 14, 2025 7:27:40 PM base.LogResults createLogs
INFO: FAIL - Error While Loading LeavePolicyPage: no such element: Unable to locate element: {"method":"xpath","selector":"//div[text()='Leave Policy']"}
  (Session info: chrome=138.0.7204.101)
For documentation on this error, please visit: https://www.selenium.dev/documentation/webdriver/troubleshooting/errors#no-such-element-exception
Build info: version: '4.34.0', revision: '707dcb4246*'
System info: os.name: 'Windows 10', os.arch: 'amd64', os.version: '10.0', java.version: '17.0.11'
Driver info: org.openqa.selenium.chrome.ChromeDriver
Command: [5ddb5162589e76f61f8c897430d32ff2, findElement {value=//div[text()='Leave Policy'], using=xpath}]
Capabilities {acceptInsecureCerts: true, browserName: chrome, browserVersion: 138.0.7204.101, chrome: {chromedriverVersion: 138.0.7204.94 (545025748884..., userDataDir: C:\Users\Pramod.C\AppData\L...}, fedcm:accounts: true, goog:chromeOptions: {debuggerAddress: localhost:57060}, networkConnectionEnabled: false, pageLoadStrategy: none, platformName: windows, proxy: Proxy(), se:cdp: ws://localhost:57060/devtoo..., se:cdpVersion: 138.0.7204.101, setWindowRect: true, strictFileInteractability: false, timeouts: {implicit: 0, pageLoad: 300000, script: 30000}, unhandledPromptBehavior: dismiss and notify, webauthn:extension:credBlob: true, webauthn:extension:largeBlob: true, webauthn:extension:minPinLength: true, webauthn:extension:prf: true, webauthn:virtualAuthenticators: true}
Session ID: 5ddb5162589e76f61f8c897430d32ff2
Jul 14, 2025 7:27:54 PM base.LogResults createLogs
INFO: FAIL - Error While Inputting Leave Policy Name: no such element: Unable to locate element: {"method":"xpath","selector":"//div[@id='dtLeavePolicy_filter']/label/input"}
  (Session info: chrome=138.0.7204.101)
For documentation on this error, please visit: https://www.selenium.dev/documentation/webdriver/troubleshooting/errors#no-such-element-exception
Build info: version: '4.34.0', revision: '707dcb4246*'
System info: os.name: 'Windows 10', os.arch: 'amd64', os.version: '10.0', java.version: '17.0.11'
Driver info: org.openqa.selenium.chrome.ChromeDriver
Command: [5ddb5162589e76f61f8c897430d32ff2, findElement {value=//div[@id='dtLeavePolicy_filter']/label/input, using=xpath}]
Capabilities {acceptInsecureCerts: true, browserName: chrome, browserVersion: 138.0.7204.101, chrome: {chromedriverVersion: 138.0.7204.94 (545025748884..., userDataDir: C:\Users\Pramod.C\AppData\L...}, fedcm:accounts: true, goog:chromeOptions: {debuggerAddress: localhost:57060}, networkConnectionEnabled: false, pageLoadStrategy: none, platformName: windows, proxy: Proxy(), se:cdp: ws://localhost:57060/devtoo..., se:cdpVersion: 138.0.7204.101, setWindowRect: true, strictFileInteractability: false, timeouts: {implicit: 0, pageLoad: 300000, script: 30000}, unhandledPromptBehavior: dismiss and notify, webauthn:extension:credBlob: true, webauthn:extension:largeBlob: true, webauthn:extension:minPinLength: true, webauthn:extension:prf: true, webauthn:virtualAuthenticators: true}
Session ID: 5ddb5162589e76f61f8c897430d32ff2
Jul 14, 2025 7:28:25 PM base.LogResults createLogs
INFO: FAIL - Error While Displaying Created Leave Policy Name: Attempt 2 failed: no such element: Unable to locate element: {"method":"xpath","selector":"//table[@id='dtLeavePolicy']/tbody/tr[1]/td[1]/p/span"}
  (Session info: chrome=138.0.7204.101)
For documentation on this error, please visit: https://www.selenium.dev/documentation/webdriver/troubleshooting/errors#no-such-element-exception
Build info: version: '4.34.0', revision: '707dcb4246*'
System info: os.name: 'Windows 10', os.arch: 'amd64', os.version: '10.0', java.version: '17.0.11'
Driver info: org.openqa.selenium.chrome.ChromeDriver
Command: [5ddb5162589e76f61f8c897430d32ff2, findElement {value=//table[@id='dtLeavePolicy']/tbody/tr[1]/td[1]/p/span, using=xpath}]
Capabilities {acceptInsecureCerts: true, browserName: chrome, browserVersion: 138.0.7204.101, chrome: {chromedriverVersion: 138.0.7204.94 (545025748884..., userDataDir: C:\Users\Pramod.C\AppData\L...}, fedcm:accounts: true, goog:chromeOptions: {debuggerAddress: localhost:57060}, networkConnectionEnabled: false, pageLoadStrategy: none, platformName: windows, proxy: Proxy(), se:cdp: ws://localhost:57060/devtoo..., se:cdpVersion: 138.0.7204.101, setWindowRect: true, strictFileInteractability: false, timeouts: {implicit: 0, pageLoad: 300000, script: 30000}, unhandledPromptBehavior: dismiss and notify, webauthn:extension:credBlob: true, webauthn:extension:largeBlob: true, webauthn:extension:minPinLength: true, webauthn:extension:prf: true, webauthn:virtualAuthenticators: true}
Session ID: 5ddb5162589e76f61f8c897430d32ff2
Jul 14, 2025 7:28:39 PM base.LogResults createLogs
INFO: FAIL - Error While Displaying Emp Count  : Error validating assigned employee count: no such element: Unable to locate element: {"method":"xpath","selector":"//table[@id='dtLeavePolicy']/tbody/tr[1]/td[2]/a/span"}
  (Session info: chrome=138.0.7204.101)
For documentation on this error, please visit: https://www.selenium.dev/documentation/webdriver/troubleshooting/errors#no-such-element-exception
Build info: version: '4.34.0', revision: '707dcb4246*'
System info: os.name: 'Windows 10', os.arch: 'amd64', os.version: '10.0', java.version: '17.0.11'
Driver info: org.openqa.selenium.chrome.ChromeDriver
Command: [5ddb5162589e76f61f8c897430d32ff2, findElement {value=//table[@id='dtLeavePolicy']/tbody/tr[1]/td[2]/a/span, using=xpath}]
Capabilities {acceptInsecureCerts: true, browserName: chrome, browserVersion: 138.0.7204.101, chrome: {chromedriverVersion: 138.0.7204.94 (545025748884..., userDataDir: C:\Users\Pramod.C\AppData\L...}, fedcm:accounts: true, goog:chromeOptions: {debuggerAddress: localhost:57060}, networkConnectionEnabled: false, pageLoadStrategy: none, platformName: windows, proxy: Proxy(), se:cdp: ws://localhost:57060/devtoo..., se:cdpVersion: 138.0.7204.101, setWindowRect: true, strictFileInteractability: false, timeouts: {implicit: 0, pageLoad: 300000, script: 30000}, unhandledPromptBehavior: dismiss and notify, webauthn:extension:credBlob: true, webauthn:extension:largeBlob: true, webauthn:extension:minPinLength: true, webauthn:extension:prf: true, webauthn:virtualAuthenticators: true}
Session ID: 5ddb5162589e76f61f8c897430d32ff2
Jul 14, 2025 7:28:39 PM base.LogResults createLogs
INFO: FAIL - Skipping rest steps as error count reached configured value : 5
Jul 14, 2025 7:28:39 PM base.LogResults onlyLog
INFO: Failed - MeghLeavePolicyTest-MPI_548_Leave_Policy_05-To verify this, activate the previously inactivated employee-criteria-based policy and ensure that the employees matching the criteria are reassigned to that policy.
---------------------------------------------------------------
MeghLeavePolicyTestMPI_548_Leave_Policy_05
Jul 14, 2025 7:28:39 PM base.LogResults onlyLog
INFO: Total Pass : 3 Total Fail : 2  Total TC : 5
---------------------------------------------------------------
Test case took: 141.9975 seconds
Total TC Time: 00:11:48
Launching Driver...
Jul 14, 2025 7:28:41 PM org.openqa.selenium.devtools.CdpVersionFinder findNearestMatch
WARNING: Unable to find an exact match for CDP version 138, returning the closest version; found: 137; Please update to a Selenium version that supports CDP version 138
Jul 14, 2025 7:28:42 PM base.LogResults createLogs
INFO: PASS - This Test Case Already passed In MPI_548_Leave_Policy_05 TestCase: 
Jul 14, 2025 7:28:42 PM base.LogResults onlyLog
INFO: Passed - MeghLeavePolicyTest-MPI_549_Leave_Policy_06-To verify this, check the functionality of search text field by entering policy name
---------------------------------------------------------------
MeghLeavePolicyTestMPI_549_Leave_Policy_06
Jul 14, 2025 7:28:42 PM base.LogResults onlyLog
INFO: Total Pass : 4 Total Fail : 2  Total TC : 6
---------------------------------------------------------------
Test case took: 0.6119 seconds
Total TC Time: 00:11:49
Launching Driver...
Jul 14, 2025 7:28:44 PM org.openqa.selenium.devtools.CdpVersionFinder findNearestMatch
WARNING: Unable to find an exact match for CDP version 138, returning the closest version; found: 137; Please update to a Selenium version that supports CDP version 138
Jul 14, 2025 7:28:46 PM base.LogResults createLogs
INFO: PASS - Application Loaded Successfully: 
Jul 14, 2025 7:28:50 PM base.LogResults createLogs
INFO: PASS - Company Code Entered in Text Box: AGIB
Jul 14, 2025 7:28:50 PM base.LogResults createLogs
INFO: PASS - Login With Password Button Is Clicked: 
Jul 14, 2025 7:28:55 PM base.LogResults createLogs
INFO: PASS - Sign in Text Is Displayed: 
Jul 14, 2025 7:28:55 PM base.LogResults createLogs
INFO: PASS - Username Is Entered In Username Text Field: AutoE140725101157@mailinator.com
Jul 14, 2025 7:28:55 PM base.LogResults createLogs
INFO: PASS - Password Is Entered In Password Text Field: Pramod@1234
Jul 14, 2025 7:28:55 PM base.LogResults createLogs
INFO: PASS - Captcha Entered On Captcha Text Field: 12345
Jul 14, 2025 7:28:55 PM base.LogResults createLogs
INFO: PASS - Clicked On Login Button: 
Jul 14, 2025 7:28:58 PM base.LogResults createLogs
INFO: PASS - login Validated Successfully: 
Jul 14, 2025 7:29:02 PM base.LogResults createLogs
INFO: PASS - PolicyIcon Clicked Successfully: 
Jul 14, 2025 7:29:02 PM base.LogResults createLogs
INFO: PASS - PolicyMaster Loaded Successfully: 
Jul 14, 2025 7:29:03 PM base.LogResults createLogs
INFO: PASS - LeaveDropDownFromSideBar Clicked Successfully: 
Jul 14, 2025 7:29:03 PM base.LogResults createLogs
INFO: PASS - LeavePolicyButtonFromSideBar Clicked Successfully: 
Jul 14, 2025 7:29:09 PM base.LogResults createLogs
INFO: PASS - LeavePolicyPageLoaded Successfully: 
Jul 14, 2025 7:29:09 PM base.LogResults createLogs
INFO: PASS - AddLeavePolicyButton Clicked Successfully : 
Jul 14, 2025 7:29:10 PM base.LogResults createLogs
INFO: PASS - CreateLeaveTypeButton Clicked Successfully : 
Jul 14, 2025 7:29:11 PM base.LogResults createLogs
INFO: PASS - Leave Type Name Inputted Successfully: 
Jul 14, 2025 7:29:11 PM base.LogResults createLogs
INFO: PASS - Leave Type Code Inputted Successfully: 
Jul 14, 2025 7:29:11 PM base.LogResults createLogs
INFO: PASS - Company Tab  Clicked Successfully: 
Jul 14, 2025 7:29:12 PM base.LogResults createLogs
INFO: PASS - Leave Type Description Inputted  Successfully: 
Jul 14, 2025 7:29:12 PM base.LogResults createLogs
INFO: PASS - Male Radio Button  Clicked Successfully: 
Jul 14, 2025 7:29:12 PM base.LogResults createLogs
INFO: PASS - AddLeaveTypeSaveButton  Clicked Successfully: 
Jul 14, 2025 7:29:13 PM base.LogResults createLogs
INFO: PASS - Record Created Success Message Displayed  Successfully : 
Jul 14, 2025 7:29:18 PM base.LogResults createLogs
INFO: PASS - Directory Button Clicked Successfully: 
Jul 14, 2025 7:29:19 PM base.LogResults createLogs
INFO: PASS - Directory Page Loaded Successfully: 
Jul 14, 2025 7:29:20 PM base.LogResults createLogs
INFO: PASS - Company Tab  Clicked Successfully: 
Jul 14, 2025 7:29:20 PM base.LogResults createLogs
INFO: PASS - LeaveTypeButton  Clicked Successfully: 
Jul 14, 2025 7:29:21 PM base.LogResults createLogs
INFO: PASS - LeaveType Page Loaded Successfully: 
Jul 14, 2025 7:29:21 PM base.LogResults createLogs
INFO: PASS - Updated Leave Type Name Inputted Successfully: Autoln140725101157UEO
Jul 14, 2025 7:29:25 PM base.LogResults createLogs
INFO: PASS - Updated Leave Type Name Inputted Successfully: Autoln140725101157UEO=Autoln140725101157UEO
Jul 14, 2025 7:29:25 PM base.LogResults onlyLog
INFO: Passed - MeghLeavePolicyTest-MPI_556_Leave_Policy_13-To verify this, go to the Create Leave Policy module, click on "Create Leave," and ensure that the newly created leave is displayed in the Leave module.
---------------------------------------------------------------
MeghLeavePolicyTestMPI_556_Leave_Policy_13
Jul 14, 2025 7:29:25 PM base.LogResults onlyLog
INFO: Total Pass : 5 Total Fail : 2  Total TC : 7
---------------------------------------------------------------
Test case took: 40.2379 seconds
Total TC Time: 00:12:29
Launching Driver...
Jul 14, 2025 7:29:27 PM org.openqa.selenium.devtools.CdpVersionFinder findNearestMatch
WARNING: Unable to find an exact match for CDP version 138, returning the closest version; found: 137; Please update to a Selenium version that supports CDP version 138
Jul 14, 2025 7:29:29 PM base.LogResults createLogs
INFO: PASS - Application Loaded Successfully: 
Jul 14, 2025 7:29:33 PM base.LogResults createLogs
INFO: PASS - Company Code Entered in Text Box: AGIB
Jul 14, 2025 7:29:33 PM base.LogResults createLogs
INFO: PASS - Login With Password Button Is Clicked: 
Jul 14, 2025 7:29:37 PM base.LogResults createLogs
INFO: PASS - Sign in Text Is Displayed: 
Jul 14, 2025 7:29:38 PM base.LogResults createLogs
INFO: PASS - Username Is Entered In Username Text Field: AutoE140725101157@mailinator.com
Jul 14, 2025 7:29:38 PM base.LogResults createLogs
INFO: PASS - Password Is Entered In Password Text Field: Pramod@1234
Jul 14, 2025 7:29:38 PM base.LogResults createLogs
INFO: PASS - Captcha Entered On Captcha Text Field: 12345
Jul 14, 2025 7:29:38 PM base.LogResults createLogs
INFO: PASS - Clicked On Login Button: 
Jul 14, 2025 7:29:41 PM base.LogResults createLogs
INFO: PASS - login Validated Successfully: 
Jul 14, 2025 7:29:45 PM base.LogResults createLogs
INFO: PASS - PolicyIcon Clicked Successfully: 
Jul 14, 2025 7:29:45 PM base.LogResults createLogs
INFO: PASS - PolicyMaster Loaded Successfully: 
Jul 14, 2025 7:29:45 PM base.LogResults createLogs
INFO: PASS - LeaveDropDownFromSideBar Clicked Successfully: 
Jul 14, 2025 7:29:45 PM base.LogResults createLogs
INFO: PASS - LeavePolicyButtonFromSideBar Clicked Successfully: 
Jul 14, 2025 7:29:52 PM base.LogResults createLogs
INFO: PASS - LeavePolicyPageLoaded Successfully: 
Jul 14, 2025 7:29:55 PM base.LogResults createLogs
INFO: PASS - Created Policy Name Inputted Successfully: AutoLPNHLVH
Jul 14, 2025 7:29:59 PM base.LogResults createLogs
INFO: PASS - Created Policy Name Displayed Successfully: 
Jul 14, 2025 7:30:03 PM base.LogResults createLogs
INFO: PASS - Created Policy Assigned Link Count Clicked Successfully: 
Jul 14, 2025 7:30:28 PM base.LogResults createLogs
INFO: FAIL - Employee Records Are Not Loaded: no such element: Unable to locate element: {"method":"xpath","selector":"//table[@id='dtEmployeeDetails']/tbody/tr[1]/td[1]/div/div/p[1]"}
  (Session info: chrome=138.0.7204.101)
For documentation on this error, please visit: https://www.selenium.dev/documentation/webdriver/troubleshooting/errors#no-such-element-exception
Build info: version: '4.34.0', revision: '707dcb4246*'
System info: os.name: 'Windows 10', os.arch: 'amd64', os.version: '10.0', java.version: '17.0.11'
Driver info: org.openqa.selenium.chrome.ChromeDriver
Command: [0c516ef396f5718db64059ecd3afc3e2, findElement {value=//table[@id='dtEmployeeDetails']/tbody/tr[1]/td[1]/div/div/p[1], using=xpath}]
Capabilities {acceptInsecureCerts: true, browserName: chrome, browserVersion: 138.0.7204.101, chrome: {chromedriverVersion: 138.0.7204.94 (545025748884..., userDataDir: C:\Users\Pramod.C\AppData\L...}, fedcm:accounts: true, goog:chromeOptions: {debuggerAddress: localhost:57184}, networkConnectionEnabled: false, pageLoadStrategy: none, platformName: windows, proxy: Proxy(), se:cdp: ws://localhost:57184/devtoo..., se:cdpVersion: 138.0.7204.101, setWindowRect: true, strictFileInteractability: false, timeouts: {implicit: 0, pageLoad: 300000, script: 30000}, unhandledPromptBehavior: dismiss and notify, webauthn:extension:credBlob: true, webauthn:extension:largeBlob: true, webauthn:extension:minPinLength: true, webauthn:extension:prf: true, webauthn:virtualAuthenticators: true}
Session ID: 0c516ef396f5718db64059ecd3afc3e2
Jul 14, 2025 7:30:32 PM base.LogResults createLogs
INFO: PASS - Emp Name Displayed Successfully: AutoFNROSIP
Jul 14, 2025 7:30:47 PM base.LogResults createLogs
INFO: FAIL - Error While Validating Emp Name: no such element: Unable to locate element: {"method":"xpath","selector":"//table[@id='dtEmployeeDetails']/tbody/tr[1]/td[1]/div/div/p[1]"}
  (Session info: chrome=138.0.7204.101)
For documentation on this error, please visit: https://www.selenium.dev/documentation/webdriver/troubleshooting/errors#no-such-element-exception
Build info: version: '4.34.0', revision: '707dcb4246*'
System info: os.name: 'Windows 10', os.arch: 'amd64', os.version: '10.0', java.version: '17.0.11'
Driver info: org.openqa.selenium.chrome.ChromeDriver
Command: [0c516ef396f5718db64059ecd3afc3e2, findElement {value=//table[@id='dtEmployeeDetails']/tbody/tr[1]/td[1]/div/div/p[1], using=xpath}]
Capabilities {acceptInsecureCerts: true, browserName: chrome, browserVersion: 138.0.7204.101, chrome: {chromedriverVersion: 138.0.7204.94 (545025748884..., userDataDir: C:\Users\Pramod.C\AppData\L...}, fedcm:accounts: true, goog:chromeOptions: {debuggerAddress: localhost:57184}, networkConnectionEnabled: false, pageLoadStrategy: none, platformName: windows, proxy: Proxy(), se:cdp: ws://localhost:57184/devtoo..., se:cdpVersion: 138.0.7204.101, setWindowRect: true, strictFileInteractability: false, timeouts: {implicit: 0, pageLoad: 300000, script: 30000}, unhandledPromptBehavior: dismiss and notify, webauthn:extension:credBlob: true, webauthn:extension:largeBlob: true, webauthn:extension:minPinLength: true, webauthn:extension:prf: true, webauthn:virtualAuthenticators: true}
Session ID: 0c516ef396f5718db64059ecd3afc3e2
Jul 14, 2025 7:30:47 PM base.LogResults createLogs
INFO: PASS - SearchDropDown Clicked Successfully: 
Jul 14, 2025 7:30:47 PM base.LogResults createLogs
INFO: PASS - LastNameCheckBox Clicked Successfully: 
Jul 14, 2025 7:30:47 PM base.LogResults createLogs
INFO: PASS - EmployeeIDCheckBox Clicked Successfully: 
Jul 14, 2025 7:30:48 PM base.LogResults createLogs
INFO: PASS - SearchDropDown Clicked Successfully: 
Jul 14, 2025 7:30:52 PM base.LogResults createLogs
INFO: PASS - Emp Name Displayed Successfully: AutoLNPVCUE
Jul 14, 2025 7:31:06 PM base.LogResults createLogs
INFO: FAIL - Error While Validating Emp Name: no such element: Unable to locate element: {"method":"xpath","selector":"//table[@id='dtEmployeeDetails']/tbody/tr[1]/td[1]/div/div/p[1]"}
  (Session info: chrome=138.0.7204.101)
For documentation on this error, please visit: https://www.selenium.dev/documentation/webdriver/troubleshooting/errors#no-such-element-exception
Build info: version: '4.34.0', revision: '707dcb4246*'
System info: os.name: 'Windows 10', os.arch: 'amd64', os.version: '10.0', java.version: '17.0.11'
Driver info: org.openqa.selenium.chrome.ChromeDriver
Command: [0c516ef396f5718db64059ecd3afc3e2, findElement {value=//table[@id='dtEmployeeDetails']/tbody/tr[1]/td[1]/div/div/p[1], using=xpath}]
Capabilities {acceptInsecureCerts: true, browserName: chrome, browserVersion: 138.0.7204.101, chrome: {chromedriverVersion: 138.0.7204.94 (545025748884..., userDataDir: C:\Users\Pramod.C\AppData\L...}, fedcm:accounts: true, goog:chromeOptions: {debuggerAddress: localhost:57184}, networkConnectionEnabled: false, pageLoadStrategy: none, platformName: windows, proxy: Proxy(), se:cdp: ws://localhost:57184/devtoo..., se:cdpVersion: 138.0.7204.101, setWindowRect: true, strictFileInteractability: false, timeouts: {implicit: 0, pageLoad: 300000, script: 30000}, unhandledPromptBehavior: dismiss and notify, webauthn:extension:credBlob: true, webauthn:extension:largeBlob: true, webauthn:extension:minPinLength: true, webauthn:extension:prf: true, webauthn:virtualAuthenticators: true}
Session ID: 0c516ef396f5718db64059ecd3afc3e2
Jul 14, 2025 7:31:10 PM base.LogResults createLogs
INFO: PASS - Emp Id Displayed Successfully: AutoEID87989HOUCF
Jul 14, 2025 7:31:24 PM base.LogResults createLogs
INFO: FAIL - Error While Validating Emp ID: no such element: Unable to locate element: {"method":"xpath","selector":"//table[@id='dtEmployeeDetails']/tbody/tr[1]/td[1]/div/div/p[2]"}
  (Session info: chrome=138.0.7204.101)
For documentation on this error, please visit: https://www.selenium.dev/documentation/webdriver/troubleshooting/errors#no-such-element-exception
Build info: version: '4.34.0', revision: '707dcb4246*'
System info: os.name: 'Windows 10', os.arch: 'amd64', os.version: '10.0', java.version: '17.0.11'
Driver info: org.openqa.selenium.chrome.ChromeDriver
Command: [0c516ef396f5718db64059ecd3afc3e2, findElement {value=//table[@id='dtEmployeeDetails']/tbody/tr[1]/td[1]/div/div/p[2], using=xpath}]
Capabilities {acceptInsecureCerts: true, browserName: chrome, browserVersion: 138.0.7204.101, chrome: {chromedriverVersion: 138.0.7204.94 (545025748884..., userDataDir: C:\Users\Pramod.C\AppData\L...}, fedcm:accounts: true, goog:chromeOptions: {debuggerAddress: localhost:57184}, networkConnectionEnabled: false, pageLoadStrategy: none, platformName: windows, proxy: Proxy(), se:cdp: ws://localhost:57184/devtoo..., se:cdpVersion: 138.0.7204.101, setWindowRect: true, strictFileInteractability: false, timeouts: {implicit: 0, pageLoad: 300000, script: 30000}, unhandledPromptBehavior: dismiss and notify, webauthn:extension:credBlob: true, webauthn:extension:largeBlob: true, webauthn:extension:minPinLength: true, webauthn:extension:prf: true, webauthn:virtualAuthenticators: true}
Session ID: 0c516ef396f5718db64059ecd3afc3e2
Jul 14, 2025 7:31:24 PM base.LogResults createLogs
INFO: PASS - SearchDropDown Clicked Successfully: 
Jul 14, 2025 7:31:24 PM base.LogResults createLogs
INFO: PASS - LastNameCheckBox Clicked Successfully: 
Jul 14, 2025 7:31:24 PM base.LogResults createLogs
INFO: PASS - EmployeeIDCheckBox Clicked Successfully: 
Jul 14, 2025 7:31:25 PM base.LogResults createLogs
INFO: PASS - DesignationCheckBox Clicked Successfully: 
Jul 14, 2025 7:31:25 PM base.LogResults createLogs
INFO: PASS - DepartmentCheckBox Clicked Successfully: 
Jul 14, 2025 7:31:25 PM base.LogResults createLogs
INFO: PASS - SearchDropDown Clicked Successfully: 
Jul 14, 2025 7:31:29 PM base.LogResults createLogs
INFO: PASS - Emp Designation Displayed Successfully: AutoDN140725101157
Jul 14, 2025 7:31:43 PM base.LogResults createLogs
INFO: FAIL - Error While Validating Emp Designation: no such element: Unable to locate element: {"method":"xpath","selector":"//table[@id='dtEmployeeDetails']/tbody/tr[1]/td[2]"}
  (Session info: chrome=138.0.7204.101)
For documentation on this error, please visit: https://www.selenium.dev/documentation/webdriver/troubleshooting/errors#no-such-element-exception
Build info: version: '4.34.0', revision: '707dcb4246*'
System info: os.name: 'Windows 10', os.arch: 'amd64', os.version: '10.0', java.version: '17.0.11'
Driver info: org.openqa.selenium.chrome.ChromeDriver
Command: [0c516ef396f5718db64059ecd3afc3e2, findElement {value=//table[@id='dtEmployeeDetails']/tbody/tr[1]/td[2], using=xpath}]
Capabilities {acceptInsecureCerts: true, browserName: chrome, browserVersion: 138.0.7204.101, chrome: {chromedriverVersion: 138.0.7204.94 (545025748884..., userDataDir: C:\Users\Pramod.C\AppData\L...}, fedcm:accounts: true, goog:chromeOptions: {debuggerAddress: localhost:57184}, networkConnectionEnabled: false, pageLoadStrategy: none, platformName: windows, proxy: Proxy(), se:cdp: ws://localhost:57184/devtoo..., se:cdpVersion: 138.0.7204.101, setWindowRect: true, strictFileInteractability: false, timeouts: {implicit: 0, pageLoad: 300000, script: 30000}, unhandledPromptBehavior: dismiss and notify, webauthn:extension:credBlob: true, webauthn:extension:largeBlob: true, webauthn:extension:minPinLength: true, webauthn:extension:prf: true, webauthn:virtualAuthenticators: true}
Session ID: 0c516ef396f5718db64059ecd3afc3e2
Jul 14, 2025 7:31:43 PM base.LogResults createLogs
INFO: FAIL - Skipping rest steps as error count reached configured value : 5
Jul 14, 2025 7:31:43 PM base.LogResults onlyLog
INFO: Failed - MeghLeavePolicyTest-MPI_561_Leave_Policy_18-To verify this, check the functionality of the search feature in the Assigned Employees popup window by selecting each of the following search options: First Name, Last Name, Employee ID, Enroll ID, Designation, Department, and Office Name.
---------------------------------------------------------------
MeghLeavePolicyTestMPI_561_Leave_Policy_18
Jul 14, 2025 7:31:43 PM base.LogResults onlyLog
INFO: Total Pass : 5 Total Fail : 3  Total TC : 8
---------------------------------------------------------------
Test case took: 135.0481 seconds
Total TC Time: 00:14:44

===============================================
Suite
Total tests run: 8, Passes: 6, Failures: 0, Skips: 2
===============================================

