[1756892774.607][INFO]: Starting ChromeDriver 139.0.7258.154 (9e0d6b2b47ffb17007b713429c9a302f9e43847f-refs/branch-heads/7258@{#2926}) on port 18630
[1756892774.607][INFO]: Please see https://chromedriver.chromium.org/security-considerations for suggestions on keeping ChromeDriver safe.
[1756892774.611][INFO]: ChromeDriver was started successfully on port 18630
[1756892774.641][INFO]: [718e70e5ed339c2f19528587cf5d0dea] COMMAND InitSession {
   "capabilities": {
      "firstMatch": [ {
         "acceptInsecureCerts": true,
         "browserName": "chrome",
         "goog:chromeOptions": {
            "args": [ "--start-maximized", "disable-translate", "--disable-infobars", "--disable-notifications", "--disable-save-password-bubble", "--disable-password-manager-reauthentication", "--ignore-certificate-errors", "--allow-insecure-localhost", "--window-size=1920,1080", "--disable-features=PasswordCheck,AutofillServerCommunication,AutofillEnableAccountWallet", "--incognito" ],
            "extensions": [  ],
            "prefs": {
               "autofill.credit_card_enabled": false,
               "autofill.profile_enabled": false,
               "credentials_enable_service": false,
               "profile.default_content_setting_values.notifications": 2,
               "profile.password_manager_enabled": false,
               "safebrowsing.enabled": false
            }
         },
         "pageLoadStrategy": "none"
      } ]
   }
}
[1756892774.641][INFO]: Browser search. Trying... C:\Users\Pramod.C\.cache\selenium\chromedriver\win64\139.0.7258.154\chrome.exe
[1756892774.641][INFO]: Browser search. Trying... C:\Users\Pramod.C\.cache\selenium\chromedriver\win64\139.0.7258.154\chrome.exe
[1756892774.641][INFO]: Browser search. Trying... C:\Users\Pramod.C\.cache\selenium\chromedriver\win64\139.0.7258.154\chromium.exe
[1756892774.643][INFO]: Browser search. Trying... C:\Users\Pramod.C\AppData\Local\Google\Chrome\Application\chrome.exe
[1756892774.643][INFO]: Browser search. Trying... C:\Program Files\Google\Chrome\Application\chrome.exe
[1756892774.643][INFO]: Browser search. Found at  C:\Program Files\Google\Chrome\Application\chrome.exe
[1756892774.644][INFO]: Populating Preferences file: {
   "alternate_error_pages": {
      "enabled": false
   },
   "autofill": {
      "credit_card_enabled": false,
      "enabled": false,
      "profile_enabled": false
   },
   "browser": {
      "check_default_browser": false
   },
   "credentials_enable_service": false,
   "distribution": {
      "import_bookmarks": false,
      "import_history": false,
      "import_search_engine": false,
      "make_chrome_default_for_user": false,
      "skip_first_run_ui": true
   },
   "dns_prefetching": {
      "enabled": false
   },
   "profile": {
      "content_settings": {
         "pattern_pairs": {
            "https://*,*": {
               "media-stream": {
                  "audio": "Default",
                  "video": "Default"
               }
            }
         }
      },
      "default_content_setting_values": {
         "geolocation": 1,
         "notifications": 2
      },
      "default_content_settings": {
         "geolocation": 1,
         "mouselock": 1,
         "notifications": 1,
         "popups": 1,
         "ppapi-broker": 1
      },
      "password_manager_enabled": false
   },
   "safebrowsing": {
      "enabled": false
   },
   "search": {
      "suggest_enabled": false
   },
   "translate": {
      "enabled": false
   }
}
[1756892774.645][INFO]: Populating Local State file: {
   "background_mode": {
      "enabled": false
   },
   "ssl": {
      "rev_checking": {
         "enabled": false
      }
   }
}
[1756892774.646][INFO]: ChromeDriver supports communication with Chrome via pipes. This is more reliable and more secure.
[1756892774.646][INFO]: Use the --remote-debugging-pipe Chrome switch instead of the default --remote-debugging-port to enable this communication mode.
[1756892774.648][INFO]: Launching chrome: "C:\Program Files\Google\Chrome\Application\chrome.exe" --allow-insecure-localhost --allow-pre-commit-input --disable-background-networking --disable-backgrounding-occluded-windows --disable-client-side-phishing-detection --disable-default-apps --disable-features=PasswordCheck,AutofillServerCommunication,AutofillEnableAccountWallet --disable-hang-monitor --disable-infobars --disable-notifications --disable-password-manager-reauthentication --disable-popup-blocking --disable-prompt-on-repost --disable-save-password-bubble --disable-sync --disable-translate --enable-automation --enable-logging --ignore-certificate-errors --incognito --log-level=0 --no-first-run --no-service-autorun --password-store=basic --remote-debugging-port=0 --start-maximized --test-type=webdriver --use-mock-keychain --user-data-dir="C:\Users\Pramod.C\AppData\Local\Temp\scoped_dir48036_851430166" --window-size=1920,1080 data:,
[1756892774.967][DEBUG]: DevTools HTTP Request: http://localhost:60288/json/version
[1756892775.285][DEBUG]: DevTools HTTP Response: {
   "Browser": "Chrome/139.0.7258.155",
   "Protocol-Version": "1.3",
   "User-Agent": "Mozilla/5.0 (Windows NT 10.0; Win64; x64) AppleWebKit/537.36 (KHTML, like Gecko) Chrome/139.0.0.0 Safari/537.36",
   "V8-Version": "13.9.205.21",
   "WebKit-Version": "537.36 (@206d8aac017ed2a506c9ee9389c39d5d97663c9d)",
   "webSocketDebuggerUrl": "ws://localhost:60288/devtools/browser/8062e23c-c52a-4c77-921a-44af4607b524"
}

[1756892775.285][DEBUG]: DevTools HTTP Request: http://localhost:60288/json/list
[1756892775.286][DEBUG]: DevTools HTTP Response: [ {
   "description": "",
   "devtoolsFrontendUrl": "https://chrome-devtools-frontend.appspot.com/serve_rev/@206d8aac017ed2a506c9ee9389c39d5d97663c9d/inspector.html?ws=localhost:60288/devtools/page/E0DCE804B4006A19DCB8145AB6CDF1FD",
   "id": "E0DCE804B4006A19DCB8145AB6CDF1FD",
   "title": "data:,",
   "type": "page",
   "url": "data:,",
   "webSocketDebuggerUrl": "ws://localhost:60288/devtools/page/E0DCE804B4006A19DCB8145AB6CDF1FD"
} ]

[1756892775.288][INFO]: resolved localhost to ["::1","127.0.0.1"]
[1756892775.308][DEBUG]: DevTools WebSocket Command: Security.setIgnoreCertificateErrors (id=1) (session_id=) browser {
   "ignore": true
}
[1756892775.309][DEBUG]: DevTools WebSocket Response: Security.setIgnoreCertificateErrors (id=1) (session_id=) browser {
}
[1756892775.309][DEBUG]: DevTools WebSocket Command: Target.getTargets (id=2) (session_id=) browser {
   "filter": [ {
      "exclude": true,
      "type": "browser"
   }, {
      "exclude": true,
      "type": "page"
   }, {
      "exclude": false
   } ]
}
[1756892775.309][DEBUG]: DevTools WebSocket Response: Target.getTargets (id=2) (session_id=) browser {
   "targetInfos": [ {
      "attached": false,
      "browserContextId": "245531BE5490D080FBB23D73E57AB663",
      "canAccessOpener": false,
      "targetId": "7AA8C8DB520667DD5DBE7FC9CAA31179",
      "title": "data:,",
      "type": "tab",
      "url": "data:,"
   } ]
}
[1756892775.309][DEBUG]: DevTools WebSocket Command: Target.attachToTarget (id=3) (session_id=) browser {
   "flatten": true,
   "targetId": "7AA8C8DB520667DD5DBE7FC9CAA31179"
}
[1756892775.309][DEBUG]: DevTools WebSocket Event: Target.attachedToTarget (session_id=) browser {
   "sessionId": "B7AD64F6A260E7972D032EA71149D14A",
   "targetInfo": {
      "attached": true,
      "browserContextId": "245531BE5490D080FBB23D73E57AB663",
      "canAccessOpener": false,
      "targetId": "7AA8C8DB520667DD5DBE7FC9CAA31179",
      "title": "data:,",
      "type": "tab",
      "url": "data:,"
   },
   "waitingForDebugger": false
}
[1756892775.309][DEBUG]: DevTools WebSocket Response: Target.attachToTarget (id=3) (session_id=) browser {
   "sessionId": "B7AD64F6A260E7972D032EA71149D14A"
}
[1756892775.310][DEBUG]: DevTools WebSocket Command: Target.setAutoAttach (id=4) (session_id=B7AD64F6A260E7972D032EA71149D14A) 7AA8C8DB520667DD5DBE7FC9CAA31179 {
   "autoAttach": true,
   "flatten": true,
   "waitForDebuggerOnStart": false
}
[1756892775.310][DEBUG]: DevTools WebSocket Event: Target.attachedToTarget (session_id=B7AD64F6A260E7972D032EA71149D14A) 7AA8C8DB520667DD5DBE7FC9CAA31179 {
   "sessionId": "B9D9D7E1BB2DECFEF4B76D0B980D1DED",
   "targetInfo": {
      "attached": true,
      "browserContextId": "245531BE5490D080FBB23D73E57AB663",
      "canAccessOpener": false,
      "targetId": "E0DCE804B4006A19DCB8145AB6CDF1FD",
      "title": "data:,",
      "type": "page",
      "url": "data:,"
   },
   "waitingForDebugger": false
}
[1756892775.310][DEBUG]: DevTools WebSocket Command: Page.enable (id=5) (session_id=B9D9D7E1BB2DECFEF4B76D0B980D1DED) E0DCE804B4006A19DCB8145AB6CDF1FD {
}
[1756892775.310][DEBUG]: DevTools WebSocket Command: Page.addScriptToEvaluateOnNewDocument (id=6) (session_id=B9D9D7E1BB2DECFEF4B76D0B980D1DED) E0DCE804B4006A19DCB8145AB6CDF1FD {
   "source": "(function () {window.cdc_adoQpoasnfa76pfcZLmcfl_Array = window.Array;window.cdc_adoQpoasnfa76pfcZLmcfl_Object = window.Object;window.cdc_adoQpoasnfa76pfcZLmcfl_Promise = window.Promise;window.cdc_a..."
}
[1756892775.310][DEBUG]: DevTools WebSocket Command: Runtime.evaluate (id=7) (session_id=B9D9D7E1BB2DECFEF4B76D0B980D1DED) E0DCE804B4006A19DCB8145AB6CDF1FD {
   "expression": "(function () {window.cdc_adoQpoasnfa76pfcZLmcfl_Array = window.Array;window.cdc_adoQpoasnfa76pfcZLmcfl_Object = window.Object;window.cdc_adoQpoasnfa76pfcZLmcfl_Promise = window.Promise;window.cdc_a..."
}
[1756892775.310][DEBUG]: DevTools WebSocket Command: Log.enable (id=8) (session_id=B9D9D7E1BB2DECFEF4B76D0B980D1DED) E0DCE804B4006A19DCB8145AB6CDF1FD {
}
[1756892775.310][DEBUG]: DevTools WebSocket Command: Target.setAutoAttach (id=9) (session_id=B9D9D7E1BB2DECFEF4B76D0B980D1DED) E0DCE804B4006A19DCB8145AB6CDF1FD {
   "autoAttach": true,
   "flatten": true,
   "waitForDebuggerOnStart": false
}
[1756892775.311][DEBUG]: DevTools WebSocket Response: Target.setAutoAttach (id=4) (session_id=B7AD64F6A260E7972D032EA71149D14A) 7AA8C8DB520667DD5DBE7FC9CAA31179 {
}
[1756892775.311][DEBUG]: DevTools WebSocket Response: Page.enable (id=5) (session_id=B9D9D7E1BB2DECFEF4B76D0B980D1DED) E0DCE804B4006A19DCB8145AB6CDF1FD {
}
[1756892775.311][DEBUG]: DevTools WebSocket Response: Page.addScriptToEvaluateOnNewDocument (id=6) (session_id=B9D9D7E1BB2DECFEF4B76D0B980D1DED) E0DCE804B4006A19DCB8145AB6CDF1FD {
   "identifier": "1"
}
[1756892775.311][DEBUG]: DevTools WebSocket Response: Runtime.evaluate (id=7) (session_id=B9D9D7E1BB2DECFEF4B76D0B980D1DED) E0DCE804B4006A19DCB8145AB6CDF1FD {
   "result": {
      "type": "undefined"
   }
}
[1756892775.311][DEBUG]: DevTools WebSocket Response: Log.enable (id=8) (session_id=B9D9D7E1BB2DECFEF4B76D0B980D1DED) E0DCE804B4006A19DCB8145AB6CDF1FD {
}
[1756892775.311][DEBUG]: DevTools WebSocket Response: Target.setAutoAttach (id=9) (session_id=B9D9D7E1BB2DECFEF4B76D0B980D1DED) E0DCE804B4006A19DCB8145AB6CDF1FD {
}
[1756892775.311][DEBUG]: DevTools WebSocket Command: Runtime.enable (id=10) (session_id=B9D9D7E1BB2DECFEF4B76D0B980D1DED) E0DCE804B4006A19DCB8145AB6CDF1FD {
}
[1756892775.313][DEBUG]: DevTools WebSocket Event: Runtime.executionContextCreated (session_id=B9D9D7E1BB2DECFEF4B76D0B980D1DED) E0DCE804B4006A19DCB8145AB6CDF1FD {
   "context": {
      "auxData": {
         "frameId": "E0DCE804B4006A19DCB8145AB6CDF1FD",
         "isDefault": true,
         "type": "default"
      },
      "id": 1,
      "name": "",
      "origin": "://",
      "uniqueId": "7456532851269983768.-578857975908206169"
   }
}
[1756892775.314][DEBUG]: DevTools WebSocket Response: Runtime.enable (id=10) (session_id=B9D9D7E1BB2DECFEF4B76D0B980D1DED) E0DCE804B4006A19DCB8145AB6CDF1FD {
}
[1756892775.314][DEBUG]: DevTools WebSocket Command: Runtime.enable (id=11) (session_id=B9D9D7E1BB2DECFEF4B76D0B980D1DED) E0DCE804B4006A19DCB8145AB6CDF1FD {
}
[1756892775.314][DEBUG]: DevTools WebSocket Response: Runtime.enable (id=11) (session_id=B9D9D7E1BB2DECFEF4B76D0B980D1DED) E0DCE804B4006A19DCB8145AB6CDF1FD {
}
[1756892775.314][INFO]: [718e70e5ed339c2f19528587cf5d0dea] RESPONSE InitSession {
   "capabilities": {
      "acceptInsecureCerts": true,
      "browserName": "chrome",
      "browserVersion": "139.0.7258.155",
      "chrome": {
         "chromedriverVersion": "139.0.7258.154 (9e0d6b2b47ffb17007b713429c9a302f9e43847f-refs/branch-heads/7258@{#2926})",
         "userDataDir": "C:\\Users\\Pramod.C\\AppData\\Local\\Temp\\scoped_dir48036_851430166"
      },
      "fedcm:accounts": true,
      "goog:chromeOptions": {
         "debuggerAddress": "localhost:60288"
      },
      "networkConnectionEnabled": false,
      "pageLoadStrategy": "none",
      "platformName": "windows",
      "proxy": {
      },
      "setWindowRect": true,
      "strictFileInteractability": false,
      "timeouts": {
         "implicit": 0,
         "pageLoad": 300000,
         "script": 30000
      },
      "unhandledPromptBehavior": "dismiss and notify",
      "webauthn:extension:credBlob": true,
      "webauthn:extension:largeBlob": true,
      "webauthn:extension:minPinLength": true,
      "webauthn:extension:prf": true,
      "webauthn:virtualAuthenticators": true
   },
   "sessionId": "718e70e5ed339c2f19528587cf5d0dea"
}
[1756892775.325][INFO]: [718e70e5ed339c2f19528587cf5d0dea] COMMAND GetWindowRect {
}
[1756892775.325][INFO]: Waiting for pending navigations...
[1756892775.325][INFO]: Done waiting for pending navigations. Status: ok
[1756892775.325][DEBUG]: DevTools WebSocket Command: Browser.getWindowForTarget (id=12) (session_id=) browser {
   "targetId": "E0DCE804B4006A19DCB8145AB6CDF1FD"
}
[1756892775.325][DEBUG]: DevTools WebSocket Response: Browser.getWindowForTarget (id=12) (session_id=) browser {
   "bounds": {
      "height": 788,
      "left": 10,
      "top": 10,
      "width": 1386,
      "windowState": "normal"
   },
   "windowId": 1336003938
}
[1756892775.325][INFO]: Waiting for pending navigations...
[1756892775.325][INFO]: Done waiting for pending navigations. Status: ok
[1756892775.325][INFO]: [718e70e5ed339c2f19528587cf5d0dea] RESPONSE GetWindowRect {
   "height": 788,
   "width": 1386,
   "x": 10,
   "y": 10
}
[1756892775.326][INFO]: [718e70e5ed339c2f19528587cf5d0dea] COMMAND GetWindowRect {
}
[1756892775.326][INFO]: Waiting for pending navigations...
[1756892775.326][INFO]: Done waiting for pending navigations. Status: ok
[1756892775.326][DEBUG]: DevTools WebSocket Command: Browser.getWindowForTarget (id=13) (session_id=) browser {
   "targetId": "E0DCE804B4006A19DCB8145AB6CDF1FD"
}
[1756892775.327][DEBUG]: DevTools WebSocket Response: Browser.getWindowForTarget (id=13) (session_id=) browser {
   "bounds": {
      "height": 788,
      "left": 10,
      "top": 10,
      "width": 1386,
      "windowState": "normal"
   },
   "windowId": 1336003938
}
[1756892775.327][INFO]: Waiting for pending navigations...
[1756892775.327][INFO]: Done waiting for pending navigations. Status: ok
[1756892775.327][INFO]: [718e70e5ed339c2f19528587cf5d0dea] RESPONSE GetWindowRect {
   "height": 788,
   "width": 1386,
   "x": 10,
   "y": 10
}
[1756892775.328][INFO]: [718e70e5ed339c2f19528587cf5d0dea] COMMAND SetTimeouts {
   "implicit": 0
}
[1756892775.328][INFO]: [718e70e5ed339c2f19528587cf5d0dea] RESPONSE SetTimeouts
[1756892775.330][INFO]: [718e70e5ed339c2f19528587cf5d0dea] COMMAND SetTimeouts {
   "pageLoad": 300000
}
[1756892775.330][INFO]: [718e70e5ed339c2f19528587cf5d0dea] RESPONSE SetTimeouts
[1756892775.332][INFO]: [718e70e5ed339c2f19528587cf5d0dea] COMMAND Navigate {
   "url": "https://demo.meghpi.com/"
}
[1756892775.332][INFO]: Waiting for pending navigations...
[1756892775.332][INFO]: Done waiting for pending navigations. Status: ok
[1756892775.332][DEBUG]: DevTools WebSocket Command: Page.stopLoading (id=14) (session_id=B9D9D7E1BB2DECFEF4B76D0B980D1DED) E0DCE804B4006A19DCB8145AB6CDF1FD {
}
[1756892775.332][DEBUG]: DevTools WebSocket Response: Page.stopLoading (id=14) (session_id=B9D9D7E1BB2DECFEF4B76D0B980D1DED) E0DCE804B4006A19DCB8145AB6CDF1FD {
}
[1756892775.332][DEBUG]: DevTools WebSocket Command: Page.navigate (id=15) (session_id=B9D9D7E1BB2DECFEF4B76D0B980D1DED) E0DCE804B4006A19DCB8145AB6CDF1FD {
   "url": "https://demo.meghpi.com/"
}
[1756892775.357][DEBUG]: DevTools WebSocket Event: Page.frameStoppedLoading (session_id=B9D9D7E1BB2DECFEF4B76D0B980D1DED) E0DCE804B4006A19DCB8145AB6CDF1FD {
   "frameId": "E0DCE804B4006A19DCB8145AB6CDF1FD"
}
[1756892775.358][INFO]: Waiting for pending navigations...
[1756892775.358][INFO]: Done waiting for pending navigations. Status: ok
[1756892775.358][INFO]: [718e70e5ed339c2f19528587cf5d0dea] RESPONSE Navigate
[1756892775.360][INFO]: [718e70e5ed339c2f19528587cf5d0dea] COMMAND MaximizeWindow {
}
[1756892775.360][INFO]: Waiting for pending navigations...
[1756892775.360][INFO]: Done waiting for pending navigations. Status: ok
[1756892775.360][DEBUG]: DevTools WebSocket Command: Browser.getWindowForTarget (id=16) (session_id=) browser {
   "targetId": "E0DCE804B4006A19DCB8145AB6CDF1FD"
}
[1756892775.361][DEBUG]: DevTools WebSocket Event: Page.frameStartedNavigating (session_id=B9D9D7E1BB2DECFEF4B76D0B980D1DED) E0DCE804B4006A19DCB8145AB6CDF1FD {
   "frameId": "E0DCE804B4006A19DCB8145AB6CDF1FD",
   "loaderId": "29A6293832FF5055870A2FDD7E5BFC95",
   "navigationType": "differentDocument",
   "url": "https://demo.meghpi.com/"
}
[1756892775.361][DEBUG]: DevTools WebSocket Event: Page.frameStartedLoading (session_id=B9D9D7E1BB2DECFEF4B76D0B980D1DED) E0DCE804B4006A19DCB8145AB6CDF1FD {
   "frameId": "E0DCE804B4006A19DCB8145AB6CDF1FD"
}
[1756892775.362][DEBUG]: DevTools WebSocket Response: Browser.getWindowForTarget (id=16) (session_id=) browser {
   "bounds": {
      "height": 788,
      "left": 10,
      "top": 10,
      "width": 1386,
      "windowState": "normal"
   },
   "windowId": 1336003938
}
[1756892775.362][DEBUG]: DevTools WebSocket Command: Browser.setWindowBounds (id=17) (session_id=) browser {
   "bounds": {
      "windowState": "maximized"
   },
   "windowId": 1336003938
}
[1756892775.369][DEBUG]: DevTools WebSocket Response: Browser.setWindowBounds (id=17) (session_id=) browser {
}
[1756892775.386][DEBUG]: DevTools WebSocket Command: Browser.getWindowBounds (id=18) (session_id=) browser {
   "windowId": 1336003938
}
[1756892775.387][DEBUG]: DevTools WebSocket Response: Browser.getWindowBounds (id=18) (session_id=) browser {
   "bounds": {
      "height": 744,
      "left": -8,
      "top": -8,
      "width": 1382,
      "windowState": "maximized"
   }
}
[1756892775.387][DEBUG]: DevTools WebSocket Command: Browser.getWindowBounds (id=19) (session_id=) browser {
   "windowId": 1336003938
}
[1756892775.387][DEBUG]: DevTools WebSocket Response: Browser.getWindowBounds (id=19) (session_id=) browser {
   "bounds": {
      "height": 744,
      "left": -8,
      "top": -8,
      "width": 1382,
      "windowState": "maximized"
   }
}
[1756892775.387][DEBUG]: DevTools WebSocket Command: Browser.getWindowForTarget (id=20) (session_id=) browser {
   "targetId": "E0DCE804B4006A19DCB8145AB6CDF1FD"
}
[1756892775.387][DEBUG]: DevTools WebSocket Response: Browser.getWindowForTarget (id=20) (session_id=) browser {
   "bounds": {
      "height": 744,
      "left": -8,
      "top": -8,
      "width": 1382,
      "windowState": "maximized"
   },
   "windowId": 1336003938
}
[1756892775.387][INFO]: Waiting for pending navigations...
[1756892775.387][INFO]: Done waiting for pending navigations. Status: ok
[1756892775.387][INFO]: [718e70e5ed339c2f19528587cf5d0dea] RESPONSE MaximizeWindow {
   "height": 744,
   "width": 1382,
   "x": -8,
   "y": -8
}
[1756892775.389][INFO]: [718e70e5ed339c2f19528587cf5d0dea] COMMAND DeleteAllCookies {
}
[1756892775.389][INFO]: Waiting for pending navigations...
[1756892775.389][INFO]: Done waiting for pending navigations. Status: ok
[1756892775.389][DEBUG]: DevTools WebSocket Command: Page.getFrameTree (id=21) (session_id=B9D9D7E1BB2DECFEF4B76D0B980D1DED) E0DCE804B4006A19DCB8145AB6CDF1FD {
}
[1756892776.105][DEBUG]: DevTools WebSocket Response: Page.navigate (id=15) (session_id=B9D9D7E1BB2DECFEF4B76D0B980D1DED) E0DCE804B4006A19DCB8145AB6CDF1FD {
   "frameId": "E0DCE804B4006A19DCB8145AB6CDF1FD",
   "loaderId": "29A6293832FF5055870A2FDD7E5BFC95"
}
[1756892776.105][DEBUG]: DevTools WebSocket Event: Runtime.executionContextsCleared (session_id=B9D9D7E1BB2DECFEF4B76D0B980D1DED) E0DCE804B4006A19DCB8145AB6CDF1FD {
}
[1756892776.106][DEBUG]: DevTools WebSocket Event: Runtime.executionContextsCleared (session_id=B9D9D7E1BB2DECFEF4B76D0B980D1DED) E0DCE804B4006A19DCB8145AB6CDF1FD {
}
[1756892776.106][DEBUG]: DevTools WebSocket Event: Page.frameNavigated (session_id=B9D9D7E1BB2DECFEF4B76D0B980D1DED) E0DCE804B4006A19DCB8145AB6CDF1FD {
   "frame": {
      "adFrameStatus": {
         "adFrameType": "none"
      },
      "crossOriginIsolatedContextType": "NotIsolated",
      "domainAndRegistry": "meghpi.com",
      "gatedAPIFeatures": [  ],
      "id": "E0DCE804B4006A19DCB8145AB6CDF1FD",
      "loaderId": "29A6293832FF5055870A2FDD7E5BFC95",
      "mimeType": "text/html",
      "secureContextType": "Secure",
      "securityOrigin": "https://demo.meghpi.com",
      "securityOriginDetails": {
         "isLocalhost": false
      },
      "url": "https://demo.meghpi.com/Account/Login?ReturnUrl=%2F"
   },
   "type": "Navigation"
}
[1756892776.114][DEBUG]: DevTools WebSocket Event: Runtime.executionContextCreated (session_id=B9D9D7E1BB2DECFEF4B76D0B980D1DED) E0DCE804B4006A19DCB8145AB6CDF1FD {
   "context": {
      "auxData": {
         "frameId": "E0DCE804B4006A19DCB8145AB6CDF1FD",
         "isDefault": true,
         "type": "default"
      },
      "id": 1,
      "name": "",
      "origin": "https://demo.meghpi.com",
      "uniqueId": "7867817147660518360.-335939098702574973"
   }
}
[1756892776.117][DEBUG]: DevTools WebSocket Response: Page.getFrameTree (id=21) (session_id=B9D9D7E1BB2DECFEF4B76D0B980D1DED) E0DCE804B4006A19DCB8145AB6CDF1FD {
   "frameTree": {
      "frame": {
         "adFrameStatus": {
            "adFrameType": "none"
         },
         "crossOriginIsolatedContextType": "NotIsolated",
         "domainAndRegistry": "meghpi.com",
         "gatedAPIFeatures": [  ],
         "id": "E0DCE804B4006A19DCB8145AB6CDF1FD",
         "loaderId": "29A6293832FF5055870A2FDD7E5BFC95",
         "mimeType": "text/html",
         "secureContextType": "Secure",
         "securityOrigin": "https://demo.meghpi.com",
         "securityOriginDetails": {
            "isLocalhost": false
         },
         "url": "https://demo.meghpi.com/Account/Login?ReturnUrl=%2F"
      }
   }
}
[1756892776.117][DEBUG]: DevTools WebSocket Command: Page.getFrameTree (id=22) (session_id=B9D9D7E1BB2DECFEF4B76D0B980D1DED) E0DCE804B4006A19DCB8145AB6CDF1FD {
}
[1756892776.117][DEBUG]: DevTools WebSocket Response: Page.getFrameTree (id=22) (session_id=B9D9D7E1BB2DECFEF4B76D0B980D1DED) E0DCE804B4006A19DCB8145AB6CDF1FD {
   "frameTree": {
      "frame": {
         "adFrameStatus": {
            "adFrameType": "none"
         },
         "crossOriginIsolatedContextType": "NotIsolated",
         "domainAndRegistry": "meghpi.com",
         "gatedAPIFeatures": [  ],
         "id": "E0DCE804B4006A19DCB8145AB6CDF1FD",
         "loaderId": "29A6293832FF5055870A2FDD7E5BFC95",
         "mimeType": "text/html",
         "secureContextType": "Secure",
         "securityOrigin": "https://demo.meghpi.com",
         "securityOriginDetails": {
            "isLocalhost": false
         },
         "url": "https://demo.meghpi.com/Account/Login?ReturnUrl=%2F"
      }
   }
}
[1756892776.117][DEBUG]: DevTools WebSocket Command: Runtime.callFunctionOn (id=23) (session_id=B9D9D7E1BB2DECFEF4B76D0B980D1DED) E0DCE804B4006A19DCB8145AB6CDF1FD {
   "arguments": [  ],
   "awaitPromise": true,
   "functionDeclaration": "function(){ return (function() { // Copyright 2012 The Chromium Authors\n// Use of this source code is governed by a BSD-style license that can be\n// found in the LICENSE file.\n\n/**\n * Enum for WebD...",
   "serializationOptions": {
      "serialization": "deep"
   },
   "uniqueContextId": "7867817147660518360.-335939098702574973"
}
[1756892776.119][DEBUG]: DevTools WebSocket Response: Runtime.callFunctionOn (id=23) (session_id=B9D9D7E1BB2DECFEF4B76D0B980D1DED) E0DCE804B4006A19DCB8145AB6CDF1FD {
   "result": {
      "className": "Array",
      "deepSerializedValue": {
         "type": "array",
         "value": [ {
            "type": "string",
            "value": "{\"status\":0,\"value\":\"https://demo.meghpi.com/Account/Login?ReturnUrl=%2F\"}"
         } ]
      },
      "description": "Array(1)",
      "objectId": "1567877245556579205.1.1",
      "subtype": "array",
      "type": "object"
   }
}
[1756892776.119][DEBUG]: DevTools WebSocket Command: Network.getCookies (id=24) (session_id=B9D9D7E1BB2DECFEF4B76D0B980D1DED) E0DCE804B4006A19DCB8145AB6CDF1FD {
   "urls": [ "https://demo.meghpi.com/Account/Login?ReturnUrl=%2F" ]
}
[1756892776.119][DEBUG]: DevTools WebSocket Response: Network.getCookies (id=24) (session_id=B9D9D7E1BB2DECFEF4B76D0B980D1DED) E0DCE804B4006A19DCB8145AB6CDF1FD {
   "cookies": [ {
      "domain": "demo.meghpi.com",
      "expires": -1,
      "httpOnly": true,
      "name": "X-MP-RequestVerificationToken",
      "path": "/",
      "priority": "Medium",
      "sameParty": false,
      "sameSite": "Strict",
      "secure": true,
      "session": true,
      "size": 184,
      "sourcePort": 443,
      "sourceScheme": "Secure",
      "value": "CfDJ8NGn6WryiGtFp2A5nRAzxBujybplj4bOAooFqn4e25QVF5d83C7zdeMREr9TW0n4m6_bwodb1TO5BfNBE0jm7kXp1Vw20uib36GduuSu2O0xcw8IjH4__QJAInHRbfyRaQVp9o-pQUNf5RPkNv60iSE"
   } ]
}
[1756892776.119][DEBUG]: DevTools WebSocket Command: Page.getFrameTree (id=25) (session_id=B9D9D7E1BB2DECFEF4B76D0B980D1DED) E0DCE804B4006A19DCB8145AB6CDF1FD {
}
[1756892776.120][DEBUG]: DevTools WebSocket Response: Page.getFrameTree (id=25) (session_id=B9D9D7E1BB2DECFEF4B76D0B980D1DED) E0DCE804B4006A19DCB8145AB6CDF1FD {
   "frameTree": {
      "frame": {
         "adFrameStatus": {
            "adFrameType": "none"
         },
         "crossOriginIsolatedContextType": "NotIsolated",
         "domainAndRegistry": "meghpi.com",
         "gatedAPIFeatures": [  ],
         "id": "E0DCE804B4006A19DCB8145AB6CDF1FD",
         "loaderId": "29A6293832FF5055870A2FDD7E5BFC95",
         "mimeType": "text/html",
         "secureContextType": "Secure",
         "securityOrigin": "https://demo.meghpi.com",
         "securityOriginDetails": {
            "isLocalhost": false
         },
         "url": "https://demo.meghpi.com/Account/Login?ReturnUrl=%2F"
      }
   }
}
[1756892776.120][DEBUG]: DevTools WebSocket Command: Page.getFrameTree (id=26) (session_id=B9D9D7E1BB2DECFEF4B76D0B980D1DED) E0DCE804B4006A19DCB8145AB6CDF1FD {
}
[1756892776.120][DEBUG]: DevTools WebSocket Response: Page.getFrameTree (id=26) (session_id=B9D9D7E1BB2DECFEF4B76D0B980D1DED) E0DCE804B4006A19DCB8145AB6CDF1FD {
   "frameTree": {
      "frame": {
         "adFrameStatus": {
            "adFrameType": "none"
         },
         "crossOriginIsolatedContextType": "NotIsolated",
         "domainAndRegistry": "meghpi.com",
         "gatedAPIFeatures": [  ],
         "id": "E0DCE804B4006A19DCB8145AB6CDF1FD",
         "loaderId": "29A6293832FF5055870A2FDD7E5BFC95",
         "mimeType": "text/html",
         "secureContextType": "Secure",
         "securityOrigin": "https://demo.meghpi.com",
         "securityOriginDetails": {
            "isLocalhost": false
         },
         "url": "https://demo.meghpi.com/Account/Login?ReturnUrl=%2F"
      }
   }
}
[1756892776.120][DEBUG]: DevTools WebSocket Command: Runtime.callFunctionOn (id=27) (session_id=B9D9D7E1BB2DECFEF4B76D0B980D1DED) E0DCE804B4006A19DCB8145AB6CDF1FD {
   "arguments": [  ],
   "awaitPromise": true,
   "functionDeclaration": "function(){ return (function() { // Copyright 2012 The Chromium Authors\n// Use of this source code is governed by a BSD-style license that can be\n// found in the LICENSE file.\n\n/**\n * Enum for WebD...",
   "serializationOptions": {
      "serialization": "deep"
   },
   "uniqueContextId": "7867817147660518360.-335939098702574973"
}
[1756892776.121][DEBUG]: DevTools WebSocket Response: Runtime.callFunctionOn (id=27) (session_id=B9D9D7E1BB2DECFEF4B76D0B980D1DED) E0DCE804B4006A19DCB8145AB6CDF1FD {
   "result": {
      "className": "Array",
      "deepSerializedValue": {
         "type": "array",
         "value": [ {
            "type": "string",
            "value": "{\"status\":0,\"value\":\"https://demo.meghpi.com/Account/Login?ReturnUrl=%2F\"}"
         } ]
      },
      "description": "Array(1)",
      "objectId": "1567877245556579205.1.2",
      "subtype": "array",
      "type": "object"
   }
}
[1756892776.121][DEBUG]: DevTools WebSocket Command: Network.deleteCookies (id=28) (session_id=B9D9D7E1BB2DECFEF4B76D0B980D1DED) E0DCE804B4006A19DCB8145AB6CDF1FD {
   "domain": "demo.meghpi.com",
   "name": "X-MP-RequestVerificationToken",
   "path": "/",
   "url": "https://demo.meghpi.com/Account/Login?ReturnUrl=%2F"
}
[1756892776.121][DEBUG]: DevTools WebSocket Response: Network.deleteCookies (id=28) (session_id=B9D9D7E1BB2DECFEF4B76D0B980D1DED) E0DCE804B4006A19DCB8145AB6CDF1FD {
}
[1756892776.121][INFO]: Waiting for pending navigations...
[1756892776.121][INFO]: Done waiting for pending navigations. Status: ok
[1756892776.121][INFO]: [718e70e5ed339c2f19528587cf5d0dea] RESPONSE DeleteAllCookies
[1756892776.602][INFO]: [718e70e5ed339c2f19528587cf5d0dea] COMMAND GetAlertMessage {
}
[1756892776.602][DEBUG]: DevTools WebSocket Event: Page.frameResized (session_id=B9D9D7E1BB2DECFEF4B76D0B980D1DED) E0DCE804B4006A19DCB8145AB6CDF1FD {
}
[1756892776.602][DEBUG]: DevTools WebSocket Event: Page.domContentEventFired (session_id=B9D9D7E1BB2DECFEF4B76D0B980D1DED) E0DCE804B4006A19DCB8145AB6CDF1FD {
   "timestamp": 3008789.179339
}
[1756892776.602][DEBUG]: DevTools WebSocket Event: Log.entryAdded (session_id=B9D9D7E1BB2DECFEF4B76D0B980D1DED) E0DCE804B4006A19DCB8145AB6CDF1FD {
   "entry": {
      "args": [ {
         "className": "HTMLInputElement",
         "description": "input#txtPassword.form-control",
         "objectId": "1567877245556579205.1.3",
         "subtype": "node",
         "type": "object"
      } ],
      "level": "verbose",
      "source": "recommendation",
      "text": "[DOM] Input elements should have autocomplete attributes (suggested: \"current-password\"): (More info: https://goo.gl/9p2vKq) %o",
      "timestamp": 1.756892776469093e+12,
      "url": "https://demo.meghpi.com/Account/Login?ReturnUrl=%2F"
   }
}
[1756892776.602][INFO]: Waiting for pending navigations...
[1756892776.602][INFO]: Done waiting for pending navigations. Status: ok
[1756892776.602][INFO]: [718e70e5ed339c2f19528587cf5d0dea] RESPONSE GetAlertMessage ERROR no such alert
  (Session info: chrome=139.0.7258.155)
[1756892777.112][INFO]: [718e70e5ed339c2f19528587cf5d0dea] COMMAND GetAlertMessage {
}
[1756892777.112][DEBUG]: DevTools WebSocket Event: Page.loadEventFired (session_id=B9D9D7E1BB2DECFEF4B76D0B980D1DED) E0DCE804B4006A19DCB8145AB6CDF1FD {
   "timestamp": 3008789.348917
}
[1756892777.112][DEBUG]: DevTools WebSocket Event: Page.frameStoppedLoading (session_id=B9D9D7E1BB2DECFEF4B76D0B980D1DED) E0DCE804B4006A19DCB8145AB6CDF1FD {
   "frameId": "E0DCE804B4006A19DCB8145AB6CDF1FD"
}
[1756892777.112][INFO]: Waiting for pending navigations...
[1756892777.112][INFO]: Done waiting for pending navigations. Status: ok
[1756892777.112][INFO]: [718e70e5ed339c2f19528587cf5d0dea] RESPONSE GetAlertMessage ERROR no such alert
  (Session info: chrome=139.0.7258.155)
[1756892777.629][INFO]: [718e70e5ed339c2f19528587cf5d0dea] COMMAND GetAlertMessage {
}
[1756892777.629][INFO]: Waiting for pending navigations...
[1756892777.629][INFO]: Done waiting for pending navigations. Status: ok
[1756892777.629][INFO]: [718e70e5ed339c2f19528587cf5d0dea] RESPONSE GetAlertMessage ERROR no such alert
  (Session info: chrome=139.0.7258.155)
[1756892778.143][INFO]: [718e70e5ed339c2f19528587cf5d0dea] COMMAND GetAlertMessage {
}
[1756892778.144][INFO]: Waiting for pending navigations...
[1756892778.144][INFO]: Done waiting for pending navigations. Status: ok
[1756892778.144][INFO]: [718e70e5ed339c2f19528587cf5d0dea] RESPONSE GetAlertMessage ERROR no such alert
  (Session info: chrome=139.0.7258.155)
[1756892778.661][INFO]: [718e70e5ed339c2f19528587cf5d0dea] COMMAND GetAlertMessage {
}
[1756892778.661][INFO]: Waiting for pending navigations...
[1756892778.661][INFO]: Done waiting for pending navigations. Status: ok
[1756892778.661][INFO]: [718e70e5ed339c2f19528587cf5d0dea] RESPONSE GetAlertMessage ERROR no such alert
  (Session info: chrome=139.0.7258.155)
[1756892778.667][INFO]: [718e70e5ed339c2f19528587cf5d0dea] COMMAND Screenshot {
}
[1756892778.667][INFO]: Waiting for pending navigations...
[1756892778.667][INFO]: Done waiting for pending navigations. Status: ok
[1756892778.668][DEBUG]: DevTools WebSocket Command: Target.activateTarget (id=29) (session_id=) browser {
   "targetId": "E0DCE804B4006A19DCB8145AB6CDF1FD"
}
[1756892778.669][DEBUG]: DevTools WebSocket Response: Target.activateTarget (id=29) (session_id=) browser {
}
[1756892778.669][DEBUG]: DevTools WebSocket Command: Page.captureScreenshot (id=30) (session_id=B9D9D7E1BB2DECFEF4B76D0B980D1DED) E0DCE804B4006A19DCB8145AB6CDF1FD {
}
[1756892778.780][DEBUG]: DevTools WebSocket Response: Page.captureScreenshot (id=30) (session_id=B9D9D7E1BB2DECFEF4B76D0B980D1DED) E0DCE804B4006A19DCB8145AB6CDF1FD {
   "data": "iVBORw0KGgoAAAANSUhEUgAABVYAAAJNCAIAAABV7bmTAAAQAElEQVR4nOz9e7BmyXEnhmV+99V9+93z6J73AIPBDAAOSBAACYLA8rEkJe5aXnntsLyh0CPWDtkM2ZZteSPsPxzrCD/CdoQcCssK2yGHvHZYClGxXoVFLrlcckkuSZAECAxAgMAA88I8umf6Pf3uv..."
}
[1756892778.780][INFO]: Waiting for pending navigations...
[1756892778.780][INFO]: Done waiting for pending navigations. Status: ok
[1756892778.780][INFO]: [718e70e5ed339c2f19528587cf5d0dea] RESPONSE Screenshot "iVBORw0KGgoAAAANSUhEUgAABVYAAAJNCAIAAABV7bmTAAAQAElEQVR4nOz9e7BmyXEnhmV+99V9+93z6J73AIPBDAAOSBAACYLA8rEkJe5aXnntsLyh0CPWDtkM2ZZteSPsPxzrCD/CdoQcCssK2yGHvHZYClGxXoVFLrlcckkuSZAECAxAgMAA88I8umf6Pf3uv..."
[1756892779.269][INFO]: [718e70e5ed339c2f19528587cf5d0dea] COMMAND GetAlertMessage {
}
[1756892779.269][INFO]: Waiting for pending navigations...
[1756892779.269][INFO]: Done waiting for pending navigations. Status: ok
[1756892779.269][INFO]: [718e70e5ed339c2f19528587cf5d0dea] RESPONSE GetAlertMessage ERROR no such alert
  (Session info: chrome=139.0.7258.155)
[1756892779.771][INFO]: [718e70e5ed339c2f19528587cf5d0dea] COMMAND GetAlertMessage {
}
[1756892779.771][INFO]: Waiting for pending navigations...
[1756892779.771][INFO]: Done waiting for pending navigations. Status: ok
[1756892779.772][INFO]: [718e70e5ed339c2f19528587cf5d0dea] RESPONSE GetAlertMessage ERROR no such alert
  (Session info: chrome=139.0.7258.155)
[1756892780.284][INFO]: [718e70e5ed339c2f19528587cf5d0dea] COMMAND GetAlertMessage {
}
[1756892780.284][INFO]: Waiting for pending navigations...
[1756892780.284][INFO]: Done waiting for pending navigations. Status: ok
[1756892780.284][INFO]: [718e70e5ed339c2f19528587cf5d0dea] RESPONSE GetAlertMessage ERROR no such alert
  (Session info: chrome=139.0.7258.155)
[1756892780.799][INFO]: [718e70e5ed339c2f19528587cf5d0dea] COMMAND GetAlertMessage {
}
[1756892780.799][INFO]: Waiting for pending navigations...
[1756892780.799][INFO]: Done waiting for pending navigations. Status: ok
[1756892780.799][INFO]: [718e70e5ed339c2f19528587cf5d0dea] RESPONSE GetAlertMessage ERROR no such alert
  (Session info: chrome=139.0.7258.155)
[1756892781.316][INFO]: [718e70e5ed339c2f19528587cf5d0dea] COMMAND GetAlertMessage {
}
[1756892781.316][INFO]: Waiting for pending navigations...
[1756892781.316][INFO]: Done waiting for pending navigations. Status: ok
[1756892781.317][INFO]: [718e70e5ed339c2f19528587cf5d0dea] RESPONSE GetAlertMessage ERROR no such alert
  (Session info: chrome=139.0.7258.155)
[1756892781.323][INFO]: [718e70e5ed339c2f19528587cf5d0dea] COMMAND Screenshot {
}
[1756892781.323][INFO]: Waiting for pending navigations...
[1756892781.323][INFO]: Done waiting for pending navigations. Status: ok
[1756892781.323][DEBUG]: DevTools WebSocket Command: Target.activateTarget (id=31) (session_id=) browser {
   "targetId": "E0DCE804B4006A19DCB8145AB6CDF1FD"
}
[1756892781.325][DEBUG]: DevTools WebSocket Response: Target.activateTarget (id=31) (session_id=) browser {
}
[1756892781.325][DEBUG]: DevTools WebSocket Command: Page.captureScreenshot (id=32) (session_id=B9D9D7E1BB2DECFEF4B76D0B980D1DED) E0DCE804B4006A19DCB8145AB6CDF1FD {
}
[1756892781.418][DEBUG]: DevTools WebSocket Response: Page.captureScreenshot (id=32) (session_id=B9D9D7E1BB2DECFEF4B76D0B980D1DED) E0DCE804B4006A19DCB8145AB6CDF1FD {
   "data": "iVBORw0KGgoAAAANSUhEUgAABVYAAAJNCAIAAABV7bmTAAAQAElEQVR4nOz9abCuSXIehuXz3b6393XQs3AWDDCDGRLLQCCGFoI0BIGbLTpkKaRgmLJFhkOSbVkKS45w6K/sXwqGEVIEww47ZClk6QcphRjBoCSKkiiQBEkQg2WAGQyA4SycwXTP9PQ2vS/39l1O6..."
}
[1756892781.418][INFO]: Waiting for pending navigations...
[1756892781.418][INFO]: Done waiting for pending navigations. Status: ok
[1756892781.419][INFO]: [718e70e5ed339c2f19528587cf5d0dea] RESPONSE Screenshot "iVBORw0KGgoAAAANSUhEUgAABVYAAAJNCAIAAABV7bmTAAAQAElEQVR4nOz9abCuSXIehuXz3b6393XQs3AWDDCDGRLLQCCGFoI0BIGbLTpkKaRgmLJFhkOSbVkKS45w6K/sXwqGEVIEww47ZClk6QcphRjBoCSKkiiQBEkQg2WAGQyA4SycwXTP9PQ2vS/39l1O6..."
[1756892781.890][INFO]: [718e70e5ed339c2f19528587cf5d0dea] COMMAND GetAlertMessage {
}
[1756892781.890][INFO]: Waiting for pending navigations...
[1756892781.890][INFO]: Done waiting for pending navigations. Status: ok
[1756892781.890][INFO]: [718e70e5ed339c2f19528587cf5d0dea] RESPONSE GetAlertMessage ERROR no such alert
  (Session info: chrome=139.0.7258.155)
[1756892782.404][INFO]: [718e70e5ed339c2f19528587cf5d0dea] COMMAND GetAlertMessage {
}
[1756892782.404][INFO]: Waiting for pending navigations...
[1756892782.404][INFO]: Done waiting for pending navigations. Status: ok
[1756892782.404][INFO]: [718e70e5ed339c2f19528587cf5d0dea] RESPONSE GetAlertMessage ERROR no such alert
  (Session info: chrome=139.0.7258.155)
[1756892782.919][INFO]: [718e70e5ed339c2f19528587cf5d0dea] COMMAND GetAlertMessage {
}
[1756892782.919][INFO]: Waiting for pending navigations...
[1756892782.919][INFO]: Done waiting for pending navigations. Status: ok
[1756892782.919][INFO]: [718e70e5ed339c2f19528587cf5d0dea] RESPONSE GetAlertMessage ERROR no such alert
  (Session info: chrome=139.0.7258.155)
[1756892783.423][INFO]: [718e70e5ed339c2f19528587cf5d0dea] COMMAND GetAlertMessage {
}
[1756892783.424][INFO]: Waiting for pending navigations...
[1756892783.424][INFO]: Done waiting for pending navigations. Status: ok
[1756892783.424][INFO]: [718e70e5ed339c2f19528587cf5d0dea] RESPONSE GetAlertMessage ERROR no such alert
  (Session info: chrome=139.0.7258.155)
[1756892783.939][INFO]: [718e70e5ed339c2f19528587cf5d0dea] COMMAND GetAlertMessage {
}
[1756892783.939][INFO]: Waiting for pending navigations...
[1756892783.939][INFO]: Done waiting for pending navigations. Status: ok
[1756892783.939][INFO]: [718e70e5ed339c2f19528587cf5d0dea] RESPONSE GetAlertMessage ERROR no such alert
  (Session info: chrome=139.0.7258.155)
[1756892783.943][INFO]: [718e70e5ed339c2f19528587cf5d0dea] COMMAND Screenshot {
}
[1756892783.943][INFO]: Waiting for pending navigations...
[1756892783.943][INFO]: Done waiting for pending navigations. Status: ok
[1756892783.943][DEBUG]: DevTools WebSocket Command: Target.activateTarget (id=33) (session_id=) browser {
   "targetId": "E0DCE804B4006A19DCB8145AB6CDF1FD"
}
[1756892783.944][DEBUG]: DevTools WebSocket Response: Target.activateTarget (id=33) (session_id=) browser {
}
[1756892783.944][DEBUG]: DevTools WebSocket Command: Page.captureScreenshot (id=34) (session_id=B9D9D7E1BB2DECFEF4B76D0B980D1DED) E0DCE804B4006A19DCB8145AB6CDF1FD {
}
[1756892784.036][DEBUG]: DevTools WebSocket Response: Page.captureScreenshot (id=34) (session_id=B9D9D7E1BB2DECFEF4B76D0B980D1DED) E0DCE804B4006A19DCB8145AB6CDF1FD {
   "data": "iVBORw0KGgoAAAANSUhEUgAABVYAAAJNCAIAAABV7bmTAAAQAElEQVR4nOz9WazuSXIfiMXvq6re2N3V3WSzKa7iIkojzkiWJWEMeOTxjIwx5EdjAAMGDNtvhh/kJxvjJz/4xS/2g19tGDBsWPJAy4xkyKOxNNZOjUiJHC4i2WySzV7Y7L2ru6qr6lbdE3POl7H8I..."
}
[1756892784.036][INFO]: Waiting for pending navigations...
[1756892784.036][INFO]: Done waiting for pending navigations. Status: ok
[1756892784.036][INFO]: [718e70e5ed339c2f19528587cf5d0dea] RESPONSE Screenshot "iVBORw0KGgoAAAANSUhEUgAABVYAAAJNCAIAAABV7bmTAAAQAElEQVR4nOz9WazuSXIfiMXvq6re2N3V3WSzKa7iIkojzkiWJWEMeOTxjIwx5EdjAAMGDNtvhh/kJxvjJz/4xS/2g19tGDBsWPJAy4xkyKOxNNZOjUiJHC4i2WySzV7Y7L2ru6qr6lbdE3POl7H8I..."
[1756892784.526][INFO]: [718e70e5ed339c2f19528587cf5d0dea] COMMAND GetAlertMessage {
}
[1756892784.526][INFO]: Waiting for pending navigations...
[1756892784.526][INFO]: Done waiting for pending navigations. Status: ok
[1756892784.526][INFO]: [718e70e5ed339c2f19528587cf5d0dea] RESPONSE GetAlertMessage ERROR no such alert
  (Session info: chrome=139.0.7258.155)
[1756892785.038][INFO]: [718e70e5ed339c2f19528587cf5d0dea] COMMAND GetAlertMessage {
}
[1756892785.038][INFO]: Waiting for pending navigations...
[1756892785.038][INFO]: Done waiting for pending navigations. Status: ok
[1756892785.038][INFO]: [718e70e5ed339c2f19528587cf5d0dea] RESPONSE GetAlertMessage ERROR no such alert
  (Session info: chrome=139.0.7258.155)
[1756892785.541][INFO]: [718e70e5ed339c2f19528587cf5d0dea] COMMAND GetAlertMessage {
}
[1756892785.541][INFO]: Waiting for pending navigations...
[1756892785.541][INFO]: Done waiting for pending navigations. Status: ok
[1756892785.541][INFO]: [718e70e5ed339c2f19528587cf5d0dea] RESPONSE GetAlertMessage ERROR no such alert
  (Session info: chrome=139.0.7258.155)
[1756892786.053][INFO]: [718e70e5ed339c2f19528587cf5d0dea] COMMAND GetAlertMessage {
}
[1756892786.053][INFO]: Waiting for pending navigations...
[1756892786.053][INFO]: Done waiting for pending navigations. Status: ok
[1756892786.053][INFO]: [718e70e5ed339c2f19528587cf5d0dea] RESPONSE GetAlertMessage ERROR no such alert
  (Session info: chrome=139.0.7258.155)
[1756892786.565][INFO]: [718e70e5ed339c2f19528587cf5d0dea] COMMAND GetAlertMessage {
}
[1756892786.565][INFO]: Waiting for pending navigations...
[1756892786.565][INFO]: Done waiting for pending navigations. Status: ok
[1756892786.565][INFO]: [718e70e5ed339c2f19528587cf5d0dea] RESPONSE GetAlertMessage ERROR no such alert
  (Session info: chrome=139.0.7258.155)
[1756892786.567][INFO]: [718e70e5ed339c2f19528587cf5d0dea] COMMAND Screenshot {
}
[1756892786.567][INFO]: Waiting for pending navigations...
[1756892786.567][INFO]: Done waiting for pending navigations. Status: ok
[1756892786.567][DEBUG]: DevTools WebSocket Command: Target.activateTarget (id=35) (session_id=) browser {
   "targetId": "E0DCE804B4006A19DCB8145AB6CDF1FD"
}
[1756892786.567][DEBUG]: DevTools WebSocket Response: Target.activateTarget (id=35) (session_id=) browser {
}
[1756892786.567][DEBUG]: DevTools WebSocket Command: Page.captureScreenshot (id=36) (session_id=B9D9D7E1BB2DECFEF4B76D0B980D1DED) E0DCE804B4006A19DCB8145AB6CDF1FD {
}
[1756892786.668][DEBUG]: DevTools WebSocket Response: Page.captureScreenshot (id=36) (session_id=B9D9D7E1BB2DECFEF4B76D0B980D1DED) E0DCE804B4006A19DCB8145AB6CDF1FD {
   "data": "iVBORw0KGgoAAAANSUhEUgAABVYAAAJNCAIAAABV7bmTAAAQAElEQVR4nOz9e7BmyXEnhmV+99V9+93z6J73AIPBDAAOSBAACYLA8rEkJe5aXnntsLyh0CPWDtkM2ZZteSPsPxzrCD/CdoQcCssK2yGHvHZYClGxXoVFLrlcckkuSZAECAxAgMAA88I8umf6Pf3uv..."
}
[1756892786.668][INFO]: Waiting for pending navigations...
[1756892786.668][INFO]: Done waiting for pending navigations. Status: ok
[1756892786.668][INFO]: [718e70e5ed339c2f19528587cf5d0dea] RESPONSE Screenshot "iVBORw0KGgoAAAANSUhEUgAABVYAAAJNCAIAAABV7bmTAAAQAElEQVR4nOz9e7BmyXEnhmV+99V9+93z6J73AIPBDAAOSBAACYLA8rEkJe5aXnntsLyh0CPWDtkM2ZZteSPsPxzrCD/CdoQcCssK2yGHvHZYClGxXoVFLrlcckkuSZAECAxAgMAA88I8umf6Pf3uv..."
[1756892786.707][INFO]: [718e70e5ed339c2f19528587cf5d0dea] COMMAND ExecuteScript {
   "args": [  ],
   "script": "var toast = document.createElement('div');toast.innerText = `Total Pass : 2 Total Fail : 0  Total TC : 2`;toast.style.position = 'fixed';toast.style.top = '50%';toast.style.left = '50%';toast.style.transform = 'translate(-50%, -50%)';toast.style.backgroundColor = '#17a2b8';toast.style.color = 'white';toast.style.padding = '20px 30px';toast.style.borderRadius = '8px';toast.style.boxShadow = '0 0 15px rgba(0,0,0,0.3)';toast.style.zIndex = '9999';toast.style.fontFamily = 'Arial, sans-serif';toast.style.fontSize = '16px';toast.style.textAlign = 'center';toast.style.opacity = '1';toast.style.transition = 'opacity 0.5s ease';document.body.appendChild(toast);setTimeout(function() { toast.style.opacity = '0'; }, 3500);setTimeout(function() { toast.remove(); }, 4000);"
}
[1756892786.707][INFO]: Waiting for pending navigations...
[1756892786.707][INFO]: Done waiting for pending navigations. Status: ok
[1756892786.707][DEBUG]: DevTools WebSocket Command: Page.getFrameTree (id=37) (session_id=B9D9D7E1BB2DECFEF4B76D0B980D1DED) E0DCE804B4006A19DCB8145AB6CDF1FD {
}
[1756892786.708][DEBUG]: DevTools WebSocket Response: Page.getFrameTree (id=37) (session_id=B9D9D7E1BB2DECFEF4B76D0B980D1DED) E0DCE804B4006A19DCB8145AB6CDF1FD {
   "frameTree": {
      "frame": {
         "adFrameStatus": {
            "adFrameType": "none"
         },
         "crossOriginIsolatedContextType": "NotIsolated",
         "domainAndRegistry": "meghpi.com",
         "gatedAPIFeatures": [  ],
         "id": "E0DCE804B4006A19DCB8145AB6CDF1FD",
         "loaderId": "29A6293832FF5055870A2FDD7E5BFC95",
         "mimeType": "text/html",
         "secureContextType": "Secure",
         "securityOrigin": "https://demo.meghpi.com",
         "securityOriginDetails": {
            "isLocalhost": false
         },
         "url": "https://demo.meghpi.com/Account/Login?ReturnUrl=%2F"
      }
   }
}
[1756892786.708][DEBUG]: DevTools WebSocket Command: Page.getFrameTree (id=38) (session_id=B9D9D7E1BB2DECFEF4B76D0B980D1DED) E0DCE804B4006A19DCB8145AB6CDF1FD {
}
[1756892786.708][DEBUG]: DevTools WebSocket Response: Page.getFrameTree (id=38) (session_id=B9D9D7E1BB2DECFEF4B76D0B980D1DED) E0DCE804B4006A19DCB8145AB6CDF1FD {
   "frameTree": {
      "frame": {
         "adFrameStatus": {
            "adFrameType": "none"
         },
         "crossOriginIsolatedContextType": "NotIsolated",
         "domainAndRegistry": "meghpi.com",
         "gatedAPIFeatures": [  ],
         "id": "E0DCE804B4006A19DCB8145AB6CDF1FD",
         "loaderId": "29A6293832FF5055870A2FDD7E5BFC95",
         "mimeType": "text/html",
         "secureContextType": "Secure",
         "securityOrigin": "https://demo.meghpi.com",
         "securityOriginDetails": {
            "isLocalhost": false
         },
         "url": "https://demo.meghpi.com/Account/Login?ReturnUrl=%2F"
      }
   }
}
[1756892786.708][DEBUG]: DevTools WebSocket Command: Runtime.callFunctionOn (id=39) (session_id=B9D9D7E1BB2DECFEF4B76D0B980D1DED) E0DCE804B4006A19DCB8145AB6CDF1FD {
   "arguments": [  ],
   "awaitPromise": true,
   "functionDeclaration": "function(){ return (function() { // Copyright 2012 The Chromium Authors\n// Use of this source code is governed by a BSD-style license that can be\n// found in the LICENSE file.\n\n/**\n * Enum for WebD...",
   "serializationOptions": {
      "serialization": "deep"
   },
   "uniqueContextId": "7867817147660518360.-335939098702574973"
}
[1756892786.710][DEBUG]: DevTools WebSocket Response: Runtime.callFunctionOn (id=39) (session_id=B9D9D7E1BB2DECFEF4B76D0B980D1DED) E0DCE804B4006A19DCB8145AB6CDF1FD {
   "result": {
      "className": "Array",
      "deepSerializedValue": {
         "type": "array",
         "value": [ {
            "type": "string",
            "value": "{\"status\":0,\"value\":null}"
         } ]
      },
      "description": "Array(1)",
      "objectId": "1567877245556579205.1.4",
      "subtype": "array",
      "type": "object"
   }
}
[1756892786.710][INFO]: Waiting for pending navigations...
[1756892786.710][INFO]: Done waiting for pending navigations. Status: ok
[1756892786.710][INFO]: [718e70e5ed339c2f19528587cf5d0dea] RESPONSE ExecuteScript null
[1756892787.715][INFO]: [718e70e5ed339c2f19528587cf5d0dea] COMMAND Quit {
}
[1756892787.743][INFO]: [718e70e5ed339c2f19528587cf5d0dea] RESPONSE Quit
[1756892787.743][DEBUG]: Log type 'driver' lost 0 entries on destruction
[1756892787.743][DEBUG]: Log type 'browser' lost 0 entries on destruction
