>> Console logging redirected to data/console.log
Deleted: E:\MeghPiFw\MeghPIreports\RunID-20-08-25_18_49_59\AllReports.html
Deleted: E:\MeghPiFw\MeghPIreports\RunID-20-08-25_18_49_59\Dashboard.html
Deleted: E:\MeghPiFw\MeghPIreports\RunID-20-08-25_18_49_59\screenshot\20-08-2025-065215.png
Deleted: E:\MeghPiFw\MeghPIreports\RunID-20-08-25_18_49_59\screenshot\20-08-2025-065224.png
Deleted: E:\MeghPiFw\MeghPIreports\RunID-20-08-25_18_55_48\json\chromeMeghWeekOffPolicyTest.json
Deleted: E:\MeghPiFw\MeghPIreports\RunID-20-08-25_18_55_48\chromeMeghWeekOffPolicyTest-Logs.txt
Deleted: E:\MeghPiFw\MeghPIreports\RunID-20-08-25_18_55_48\chromeMeghWeekOffPolicyTest-Logs.txt.lck
Deleted: E:\MeghPiFw\MeghPIreports\RunID-20-08-25_18_55_48\chromeMeghWeekOffPolicyTest.html
Deleted: E:\MeghPiFw\MeghPIreports\RunID-20-08-25_18_55_48\screenshot\20-08-2025-065552.png
Deleted: E:\MeghPiFw\MeghPIreports\RunID-20-08-25_18_55_48\screenshot\20-08-2025-065558.png
Deleted: E:\MeghPiFw\MeghPIreports\RunID-20-08-25_18_55_48\screenshot\20-08-2025-065600.png
Deleted: E:\MeghPiFw\MeghPIreports\RunID-20-08-25_18_55_48\screenshot\20-08-2025-065607.png
Deleted: E:\MeghPiFw\MeghPIreports\RunID-20-08-25_18_55_48\screenshot\20-08-2025-065609.png
Deleted: E:\MeghPiFw\MeghPIreports\RunID-20-08-25_18_55_48\screenshot\20-08-2025-065611.png
Deleted: E:\MeghPiFw\MeghPIreports\RunID-20-08-25_18_55_48\screenshot\20-08-2025-065613.png
Deleted: E:\MeghPiFw\MeghPIreports\RunID-20-08-25_18_55_48\screenshot\20-08-2025-065616.png
Deleted: E:\MeghPiFw\MeghPIreports\RunID-20-08-25_18_55_48\screenshot\20-08-2025-065618.png
Deleted: E:\MeghPiFw\MeghPIreports\RunID-20-08-25_18_55_48\screenshot\20-08-2025-065620.png
Deleted: E:\MeghPiFw\MeghPIreports\RunID-20-08-25_18_55_48\screenshot\20-08-2025-065627.png
Deleted: E:\MeghPiFw\MeghPIreports\RunID-20-08-25_18_55_48\screenshot\20-08-2025-065629.png
Deleted: E:\MeghPiFw\MeghPIreports\RunID-20-08-25_18_55_48\screenshot\20-08-2025-065631.png
Deleted: E:\MeghPiFw\MeghPIreports\RunID-20-08-25_18_55_48\screenshot\20-08-2025-065633.png
Deleted: E:\MeghPiFw\MeghPIreports\RunID-20-08-25_18_55_48\screenshot\20-08-2025-065641.png
Deleted: E:\MeghPiFw\MeghPIreports\RunID-20-08-25_18_55_48\screenshot\20-08-2025-065644.png
Deleted: E:\MeghPiFw\MeghPIreports\RunID-20-08-25_18_55_48\screenshot\20-08-2025-065650.png
Deleted: E:\MeghPiFw\MeghPIreports\RunID-20-08-25_18_55_48\screenshot\20-08-2025-065652.png
Deleted: E:\MeghPiFw\MeghPIreports\RunID-20-08-25_18_55_48\screenshot\20-08-2025-065659.png
Deleted: E:\MeghPiFw\MeghPIreports\RunID-20-08-25_18_55_48\screenshot\20-08-2025-065712.png
Deleted: E:\MeghPiFw\MeghPIreports\RunID-20-08-25_18_55_48\screenshot\20-08-2025-065718.png
Deleted: E:\MeghPiFw\MeghPIreports\RunID-20-08-25_18_57_28\AllReports.html
Deleted: E:\MeghPiFw\MeghPIreports\RunID-20-08-25_18_57_28\chromeMeghWeekOffPolicyTest-Logs.txt
Deleted: E:\MeghPiFw\MeghPIreports\RunID-20-08-25_18_57_28\chromeMeghWeekOffPolicyTest.html
Deleted: E:\MeghPiFw\MeghPIreports\RunID-20-08-25_18_57_28\Dashboard.html
Deleted: E:\MeghPiFw\MeghPIreports\RunID-20-08-25_18_57_28\screenshot\20-08-2025-065732.png
Deleted: E:\MeghPiFw\MeghPIreports\RunID-20-08-25_18_57_28\screenshot\20-08-2025-065738.png
Deleted: E:\MeghPiFw\MeghPIreports\RunID-20-08-25_18_57_28\screenshot\20-08-2025-065740.png
Deleted: E:\MeghPiFw\MeghPIreports\RunID-20-08-25_18_57_28\screenshot\20-08-2025-065747.png
Deleted: E:\MeghPiFw\MeghPIreports\RunID-20-08-25_18_57_28\screenshot\20-08-2025-065749.png
Deleted: E:\MeghPiFw\MeghPIreports\RunID-20-08-25_18_57_28\screenshot\20-08-2025-065751.png
Deleted: E:\MeghPiFw\MeghPIreports\RunID-20-08-25_18_57_28\screenshot\20-08-2025-065753.png
Deleted: E:\MeghPiFw\MeghPIreports\RunID-20-08-25_18_57_28\screenshot\20-08-2025-065756.png
Deleted: E:\MeghPiFw\MeghPIreports\RunID-20-08-25_18_57_28\screenshot\20-08-2025-065758.png
Deleted: E:\MeghPiFw\MeghPIreports\RunID-20-08-25_18_57_28\screenshot\20-08-2025-065800.png
Deleted: E:\MeghPiFw\MeghPIreports\RunID-20-08-25_18_57_28\screenshot\20-08-2025-065806.png
Deleted: E:\MeghPiFw\MeghPIreports\RunID-20-08-25_18_57_28\screenshot\20-08-2025-065809.png
Deleted: E:\MeghPiFw\MeghPIreports\RunID-20-08-25_18_57_28\screenshot\20-08-2025-065811.png
Deleted: E:\MeghPiFw\MeghPIreports\RunID-20-08-25_18_57_28\screenshot\20-08-2025-065813.png
Deleted: E:\MeghPiFw\MeghPIreports\RunID-20-08-25_18_57_28\screenshot\20-08-2025-065821.png
Deleted: E:\MeghPiFw\MeghPIreports\RunID-20-08-25_18_57_28\screenshot\20-08-2025-065824.png
Deleted: E:\MeghPiFw\MeghPIreports\RunID-20-08-25_18_57_28\screenshot\20-08-2025-065830.png
Deleted: E:\MeghPiFw\MeghPIreports\RunID-20-08-25_18_57_28\screenshot\20-08-2025-065832.png
Deleted: E:\MeghPiFw\MeghPIreports\RunID-20-08-25_18_57_28\screenshot\20-08-2025-065839.png
Deleted: E:\MeghPiFw\MeghPIreports\RunID-20-08-25_18_57_28\screenshot\20-08-2025-065841.png
Deleted: E:\MeghPiFw\MeghPIreports\RunID-20-08-25_18_57_28\screenshot\20-08-2025-065848.png
Deleted: E:\MeghPiFw\MeghPIreports\RunID-20-08-25_18_57_28\screenshot\20-08-2025-065852.png
Deleted: E:\MeghPiFw\MeghPIreports\RunID-20-08-25_18_57_28\screenshot\20-08-2025-065855.png
Deleted: E:\MeghPiFw\MeghPIreports\RunID-20-08-25_18_57_28\screenshot\20-08-2025-065857.png
Deleted: E:\MeghPiFw\MeghPIreports\RunID-20-08-25_18_57_28\screenshot\20-08-2025-065900.png
Deleted: E:\MeghPiFw\MeghPIreports\RunID-20-08-25_18_57_28\screenshot\20-08-2025-065902.png
Deleted: E:\MeghPiFw\MeghPIreports\RunID-20-08-25_18_57_28\screenshot\20-08-2025-065904.png
Deleted: E:\MeghPiFw\MeghPIreports\RunID-20-08-25_18_57_28\screenshot\20-08-2025-065910.png
Deleted: E:\MeghPiFw\MeghPIreports\RunID-20-08-25_18_57_28\screenshot\20-08-2025-065916.png
Deleted: E:\MeghPiFw\MeghPIreports\RunID-20-08-25_18_57_28\screenshot\20-08-2025-065918.png
Deleted: E:\MeghPiFw\MeghPIreports\RunID-20-08-25_18_57_28\screenshot\20-08-2025-065920.png
Deleted: E:\MeghPiFw\MeghPIreports\RunID-20-08-25_18_57_28\screenshot\20-08-2025-065943.png
Deleted: E:\MeghPiFw\MeghPIreports\RunID-20-08-25_18_57_28\screenshot\20-08-2025-065951.png
Deleted: E:\MeghPiFw\MeghPIreports\RunID-21-08-25_11_04_12\AllReports.html
Deleted: E:\MeghPiFw\MeghPIreports\RunID-21-08-25_11_04_12\chromeMeghEmployeeTest-Logs.txt
Deleted: E:\MeghPiFw\MeghPIreports\RunID-21-08-25_11_04_12\chromeMeghEmployeeTest.html
Deleted: E:\MeghPiFw\MeghPIreports\RunID-21-08-25_11_04_12\Dashboard.html
Deleted: E:\MeghPiFw\MeghPIreports\RunID-21-08-25_11_04_12\screenshot\21-08-2025-110419.png
Deleted: E:\MeghPiFw\MeghPIreports\RunID-21-08-25_11_04_12\screenshot\21-08-2025-110425.png
Deleted: E:\MeghPiFw\MeghPIreports\RunID-21-08-25_11_04_12\screenshot\21-08-2025-110428.png
Deleted: E:\MeghPiFw\MeghPIreports\RunID-21-08-25_11_04_12\screenshot\21-08-2025-110434.png
Deleted: E:\MeghPiFw\MeghPIreports\RunID-21-08-25_11_04_12\screenshot\21-08-2025-110436.png
Deleted: E:\MeghPiFw\MeghPIreports\RunID-21-08-25_11_04_12\screenshot\21-08-2025-110438.png
Deleted: E:\MeghPiFw\MeghPIreports\RunID-21-08-25_11_04_12\screenshot\21-08-2025-110441.png
Deleted: E:\MeghPiFw\MeghPIreports\RunID-21-08-25_11_04_12\screenshot\21-08-2025-110443.png
Deleted: E:\MeghPiFw\MeghPIreports\RunID-21-08-25_11_04_12\screenshot\21-08-2025-110445.png
Deleted: E:\MeghPiFw\MeghPIreports\RunID-21-08-25_11_04_12\screenshot\21-08-2025-110447.png
Deleted: E:\MeghPiFw\MeghPIreports\RunID-21-08-25_11_04_12\screenshot\21-08-2025-110454.png
Deleted: E:\MeghPiFw\MeghPIreports\RunID-21-08-25_11_04_12\screenshot\21-08-2025-110457.png
Deleted: E:\MeghPiFw\MeghPIreports\RunID-21-08-25_11_04_12\screenshot\21-08-2025-110459.png
Deleted: E:\MeghPiFw\MeghPIreports\RunID-21-08-25_11_04_12\screenshot\21-08-2025-110502.png
Deleted: E:\MeghPiFw\MeghPIreports\RunID-21-08-25_11_04_12\screenshot\21-08-2025-110510.png
Deleted: E:\MeghPiFw\MeghPIreports\RunID-21-08-25_11_04_12\screenshot\21-08-2025-110513.png
Deleted: E:\MeghPiFw\MeghPIreports\RunID-21-08-25_11_04_12\screenshot\21-08-2025-110515.png
Deleted: E:\MeghPiFw\MeghPIreports\RunID-21-08-25_11_04_12\screenshot\21-08-2025-110522.png
Deleted: E:\MeghPiFw\MeghPIreports\RunID-21-08-25_11_04_12\screenshot\21-08-2025-110524.png
Deleted: E:\MeghPiFw\MeghPIreports\RunID-21-08-25_11_04_12\screenshot\21-08-2025-110529.png
Deleted: E:\MeghPiFw\MeghPIreports\RunID-21-08-25_11_04_12\screenshot\21-08-2025-110533.png
Deleted: E:\MeghPiFw\MeghPIreports\RunID-21-08-25_11_04_12\screenshot\21-08-2025-110535.png
Deleted: E:\MeghPiFw\MeghPIreports\RunID-21-08-25_11_04_12\screenshot\21-08-2025-110540.png
Deleted: E:\MeghPiFw\MeghPIreports\RunID-21-08-25_11_04_12\screenshot\21-08-2025-110543.png
Deleted: E:\MeghPiFw\MeghPIreports\RunID-21-08-25_11_04_12\screenshot\21-08-2025-110545.png
Deleted: E:\MeghPiFw\MeghPIreports\RunID-21-08-25_11_04_12\screenshot\21-08-2025-110547.png
Deleted: E:\MeghPiFw\MeghPIreports\RunID-21-08-25_11_04_12\screenshot\21-08-2025-110550.png
Deleted: E:\MeghPiFw\MeghPIreports\RunID-21-08-25_11_04_12\screenshot\21-08-2025-110552.png
Deleted: E:\MeghPiFw\MeghPIreports\RunID-21-08-25_11_04_12\screenshot\21-08-2025-110554.png
Deleted: E:\MeghPiFw\MeghPIreports\RunID-21-08-25_11_04_12\screenshot\21-08-2025-110556.png
Deleted: E:\MeghPiFw\MeghPIreports\RunID-21-08-25_11_04_12\screenshot\21-08-2025-110603.png
Deleted: E:\MeghPiFw\MeghPIreports\RunID-21-08-25_11_04_12\screenshot\21-08-2025-110612.png
Deleted: E:\MeghPiFw\MeghPIreports\RunID-21-08-25_11_04_12\screenshot\21-08-2025-110617.png
Deleted: E:\MeghPiFw\MeghPIreports\RunID-21-08-25_11_04_12\screenshot\21-08-2025-110620.png
Deleted: E:\MeghPiFw\MeghPIreports\RunID-21-08-25_11_04_12\screenshot\21-08-2025-110622.png
Deleted: E:\MeghPiFw\MeghPIreports\RunID-21-08-25_11_04_12\screenshot\21-08-2025-110627.png
Deleted: E:\MeghPiFw\MeghPIreports\RunID-21-08-25_11_04_12\screenshot\21-08-2025-110647.png
Deleted: E:\MeghPiFw\MeghPIreports\RunID-21-08-25_11_04_12\screenshot\21-08-2025-110652.png
Deleted: E:\MeghPiFw\MeghPIreports\RunID-21-08-25_11_04_12\screenshot\21-08-2025-110654.png
Deleted: E:\MeghPiFw\MeghPIreports\RunID-21-08-25_11_04_12\screenshot\21-08-2025-110727.png
Deleted: E:\MeghPiFw\MeghPIreports\RunID-21-08-25_11_08_06\AllReports.html
Deleted: E:\MeghPiFw\MeghPIreports\RunID-21-08-25_11_08_06\chromeMeghEmployeeTest-Logs.txt
Deleted: E:\MeghPiFw\MeghPIreports\RunID-21-08-25_11_08_06\chromeMeghEmployeeTest.html
Deleted: E:\MeghPiFw\MeghPIreports\RunID-21-08-25_11_08_06\Dashboard.html
Deleted: E:\MeghPiFw\MeghPIreports\RunID-21-08-25_11_08_06\screenshot\21-08-2025-110808.png
SLF4J(W): No SLF4J providers were found.
SLF4J(W): Defaulting to no-operation (NOP) logger implementation
SLF4J(W): See https://www.slf4j.org/codes.html#noProviders for further details.
HTTP/1.1 401 Unauthorized
Transfer-Encoding: chunked
Server: Microsoft-IIS/10.0
WWW-Authenticate: Bearer error="invalid_token"
X-Powered-By: ASP.NET
Date: Tue, 26 Aug 2025 06:16:06 GMT
Status Code: 401
Response Body: 
No Logs found to Generate Report.

===============================================
Suite
Total tests run: 1, Passes: 0, Failures: 1, Skips: 0
===============================================

