>> Console logging redirected to data/console.log
Launching Driver...
SLF4J(W): No SLF4J providers were found.
SLF4J(W): Defaulting to no-operation (NOP) logger implementation
SLF4J(W): See https://www.slf4j.org/codes.html#noProviders for further details.
Aug 22, 2025 2:28:44 PM org.openqa.selenium.devtools.CdpVersionFinder findNearestMatch
WARNING: Unable to find an exact match for CDP version 139, returning the closest version; found: 137; Please update to a Selenium version that supports CDP version 139
(1386, 788)
Aug 22, 2025 2:28:48 PM base.LogResults createLogs
INFO: PASS - Application Loaded Successfully: 
Aug 22, 2025 2:28:55 PM base.LogResults createLogs
INFO: PASS - Company Code Entered in Text Box: ADKK
Aug 22, 2025 2:28:57 PM base.LogResults createLogs
INFO: PASS - Login With Password Button Is Clicked: 
Aug 22, 2025 2:29:03 PM base.LogResults createLogs
INFO: PASS - Sign in Text Is Displayed: 
Aug 22, 2025 2:29:05 PM base.LogResults createLogs
INFO: PASS - Username Is Entered In Username Text Field: AutoEID9779
Aug 22, 2025 2:29:08 PM base.LogResults createLogs
INFO: PASS - Password Is Entered In Password Text Field: AutoEID9779
Aug 22, 2025 2:29:10 PM base.LogResults createLogs
INFO: PASS - Captcha Entered On Captcha Text Field: 12345
Aug 22, 2025 2:29:12 PM base.LogResults createLogs
INFO: PASS - Clicked On Login Button: 
Aug 22, 2025 2:29:14 PM base.LogResults createLogs
INFO: PASS - Login Done  And Validated Successfully: 
Aug 22, 2025 2:29:17 PM base.LogResults createLogs
INFO: PASS - Login Done Successfully: 
Aug 22, 2025 2:29:19 PM base.LogResults createLogs
INFO: PASS - Leave Button Clicked Successfully Of Employee Account: 
Aug 22, 2025 2:29:23 PM base.LogResults createLogs
INFO: PASS -  EmpLeaveRequestsTab Clicked Successfully Of Employee Account: 
Aug 22, 2025 2:29:27 PM base.LogResults createLogs
INFO: PASS -  Apply Leave Button Clicked Successfully Of Employee Account: 
Aug 22, 2025 2:29:30 PM base.LogResults createLogs
INFO: PASS -  LeaveTypeDropdown Clicked Successfully Of Employee Account: 
Aug 22, 2025 2:29:32 PM base.LogResults createLogs
INFO: PASS -  SickLeave Selected  Successfully: 
Aug 22, 2025 2:29:34 PM base.LogResults createLogs
INFO: PASS -  FromDateTextField Clicked Successfully : 
Aug 22, 2025 2:29:39 PM base.LogResults createLogs
INFO: PASS -  FromDate Inputted Successfully : 
Aug 22, 2025 2:29:46 PM base.LogResults createLogs
INFO: PASS -  LeaveDurationOne Clicked Successfully Of Employee Account: 
Aug 22, 2025 2:29:48 PM base.LogResults createLogs
INFO: PASS -  FullDay DurationOne Selected  Successfully: 
Aug 22, 2025 2:29:50 PM base.LogResults createLogs
INFO: PASS -  ToDateTextField Clicked Successfully : 
Aug 22, 2025 2:29:55 PM base.LogResults createLogs
INFO: PASS -  ToDate Selected Inputted Successfully : 
Aug 22, 2025 2:29:58 PM base.LogResults createLogs
INFO: PASS -  LeaveDurationTwo Clicked Successfully Of Employee Account: 
Aug 22, 2025 2:30:00 PM base.LogResults createLogs
INFO: PASS -  FullDayDurationTwo Clicked Successfully Of Employee Account: 
Aug 22, 2025 2:30:02 PM base.LogResults createLogs
INFO: PASS -  Reason Inputted  Successfully Of Employee Account: Test
Aug 22, 2025 2:30:04 PM base.LogResults createLogs
INFO: PASS - Leave Request Apply Button Clicked  Successfully Of Employee Account: 
Aug 22, 2025 2:30:11 PM base.LogResults createLogs
INFO: PASS - Admin Manage Button Clicked Successfully: 
Aug 22, 2025 2:30:13 PM base.LogResults createLogs
INFO: PASS - Admin Logout Button Clicked Successfully: 
Aug 22, 2025 2:30:16 PM base.LogResults createLogs
INFO: PASS -  Application loaded successfully.
Aug 22, 2025 2:30:22 PM base.LogResults createLogs
INFO: PASS -  Company code entered successfully.ADKK
Aug 22, 2025 2:30:24 PM base.LogResults createLogs
INFO: PASS - Clicked On 'Login with Password' successfully.
Aug 22, 2025 2:30:30 PM base.LogResults createLogs
INFO: PASS -  Sign-in section appeared.
Aug 22, 2025 2:30:33 PM base.LogResults createLogs
INFO: PASS -  Email Id entered.AutoE210825171640@mailinator.com
Aug 22, 2025 2:30:35 PM base.LogResults createLogs
INFO: PASS -  Password entered.Pramod@1234
Aug 22, 2025 2:30:37 PM base.LogResults createLogs
INFO: PASS -  Captcha entered.12345
Aug 22, 2025 2:30:39 PM base.LogResults createLogs
INFO: PASS -  Sign-in button clicked.
Aug 22, 2025 2:30:41 PM base.LogResults createLogs
INFO: PASS -  Login validated successfully And Good Text Is Displayed.
Aug 22, 2025 2:30:44 PM base.LogResults createLogs
INFO: PASS - Login Done Successfully: 
Aug 22, 2025 2:30:46 PM base.LogResults createLogs
INFO: PASS - Leave Button Clicked Successfully Of HR Account: 
Aug 22, 2025 2:30:50 PM base.LogResults createLogs
INFO: PASS -  EmpLeaveRequestsTab Clicked Successfully Of HR Account: 
Aug 22, 2025 2:30:55 PM base.LogResults createLogs
INFO: PASS - Clicked On SearchDropDown Successfully: 
Aug 22, 2025 2:31:07 PM base.LogResults createLogs
INFO: PASS -  Leave Type Option Selected  Successfully : Sick Leave
Aug 22, 2025 2:31:09 PM base.LogResults createLogs
INFO: PASS - Clicked On SearchDropDown Successfully: 
Aug 22, 2025 2:31:15 PM base.LogResults createLogs
INFO: PASS - Leave Request Page 100 Per Page Selected  Successfully : 
Aug 22, 2025 2:31:21 PM base.LogResults createLogs
INFO: PASS -  Leave Name Inputted  Successfully : Sick Leave
Aug 22, 2025 2:31:30 PM base.LogResults createLogs
INFO: FAIL - Error While Rejecting Leave: No matching row with Reject button found for date: 2025-08-04
Aug 22, 2025 2:31:42 PM base.LogResults createLogs
INFO: FAIL - Error While Inputting Rejection Reason: element not interactable
  (Session info: chrome=139.0.7258.128)
Build info: version: '4.28.0', revision: 'ac342546e9'
System info: os.name: 'Windows 10', os.arch: 'amd64', os.version: '10.0', java.version: '17.0.11'
Driver info: org.openqa.selenium.chrome.ChromeDriver
Command: [56989722adfab43016c0c19d8cad8327, clearElement {id=f.C28A7231DB8CC866E10AAA477D2E6802.d.D62824792B2D53489D1F3714781A53A1.e.2337}]
Capabilities {acceptInsecureCerts: true, browserName: chrome, browserVersion: 139.0.7258.128, chrome: {chromedriverVersion: 139.0.7258.138 (884e54ea8d4..., userDataDir: C:\Users\Pramod.C\AppData\L...}, fedcm:accounts: true, goog:chromeOptions: {debuggerAddress: localhost:50116}, networkConnectionEnabled: false, pageLoadStrategy: none, platformName: windows, proxy: Proxy(), se:cdp: ws://localhost:50116/devtoo..., se:cdpVersion: 139.0.7258.128, setWindowRect: true, strictFileInteractability: false, timeouts: {implicit: 0, pageLoad: 300000, script: 30000}, unhandledPromptBehavior: dismiss and notify, webauthn:extension:credBlob: true, webauthn:extension:largeBlob: true, webauthn:extension:minPinLength: true, webauthn:extension:prf: true, webauthn:virtualAuthenticators: true}
Element: [[ChromeDriver: chrome on windows (56989722adfab43016c0c19d8cad8327)] -> xpath: //input[@id='txtRejectReason']]
Session ID: 56989722adfab43016c0c19d8cad8327
Aug 22, 2025 2:31:55 PM base.LogResults createLogs
INFO: FAIL - Error While Clicking On Reject Button: element not interactable
  (Session info: chrome=139.0.7258.128)
Build info: version: '4.28.0', revision: 'ac342546e9'
System info: os.name: 'Windows 10', os.arch: 'amd64', os.version: '10.0', java.version: '17.0.11'
Driver info: org.openqa.selenium.chrome.ChromeDriver
Command: [56989722adfab43016c0c19d8cad8327, clickElement {id=f.C28A7231DB8CC866E10AAA477D2E6802.d.D62824792B2D53489D1F3714781A53A1.e.2549}]
Capabilities {acceptInsecureCerts: true, browserName: chrome, browserVersion: 139.0.7258.128, chrome: {chromedriverVersion: 139.0.7258.138 (884e54ea8d4..., userDataDir: C:\Users\Pramod.C\AppData\L...}, fedcm:accounts: true, goog:chromeOptions: {debuggerAddress: localhost:50116}, networkConnectionEnabled: false, pageLoadStrategy: none, platformName: windows, proxy: Proxy(), se:cdp: ws://localhost:50116/devtoo..., se:cdpVersion: 139.0.7258.128, setWindowRect: true, strictFileInteractability: false, timeouts: {implicit: 0, pageLoad: 300000, script: 30000}, unhandledPromptBehavior: dismiss and notify, webauthn:extension:credBlob: true, webauthn:extension:largeBlob: true, webauthn:extension:minPinLength: true, webauthn:extension:prf: true, webauthn:virtualAuthenticators: true}
Element: [[ChromeDriver: chrome on windows (56989722adfab43016c0c19d8cad8327)] -> xpath: //button[@id='btnRejectRequest']]
Session ID: 56989722adfab43016c0c19d8cad8327
Aug 22, 2025 2:31:57 PM base.LogResults createLogs
INFO: PASS - Clicked On SearchDropDown Successfully: 
Aug 22, 2025 2:32:10 PM base.LogResults createLogs
INFO: PASS -  Leave Type Option Selected  Successfully : Sick Leave
Aug 22, 2025 2:32:12 PM base.LogResults createLogs
INFO: PASS - Clicked On SearchDropDown Successfully: 
Aug 22, 2025 2:32:18 PM base.LogResults createLogs
INFO: PASS -  Leave Name Inputted  Successfully : Sick Leave
Aug 22, 2025 2:32:20 PM base.LogResults createLogs
INFO: FAIL - Error While Validating Created Leave and Its status: no such element: Unable to locate element: {"method":"css selector","selector":"td:nth-child(2)"}
  (Session info: chrome=139.0.7258.128)
For documentation on this error, please visit: https://www.selenium.dev/documentation/webdriver/troubleshooting/errors#no-such-element-exception
Build info: version: '4.28.0', revision: 'ac342546e9'
System info: os.name: 'Windows 10', os.arch: 'amd64', os.version: '10.0', java.version: '17.0.11'
Driver info: org.openqa.selenium.chrome.ChromeDriver
Command: [56989722adfab43016c0c19d8cad8327, findChildElement {using=css selector, value=td:nth-child(2), id=f.C28A7231DB8CC866E10AAA477D2E6802.d.D62824792B2D53489D1F3714781A53A1.e.2557}]
Capabilities {acceptInsecureCerts: true, browserName: chrome, browserVersion: 139.0.7258.128, chrome: {chromedriverVersion: 139.0.7258.138 (884e54ea8d4..., userDataDir: C:\Users\Pramod.C\AppData\L...}, fedcm:accounts: true, goog:chromeOptions: {debuggerAddress: localhost:50116}, networkConnectionEnabled: false, pageLoadStrategy: none, platformName: windows, proxy: Proxy(), se:cdp: ws://localhost:50116/devtoo..., se:cdpVersion: 139.0.7258.128, setWindowRect: true, strictFileInteractability: false, timeouts: {implicit: 0, pageLoad: 300000, script: 30000}, unhandledPromptBehavior: dismiss and notify, webauthn:extension:credBlob: true, webauthn:extension:largeBlob: true, webauthn:extension:minPinLength: true, webauthn:extension:prf: true, webauthn:virtualAuthenticators: true}
Session ID: 56989722adfab43016c0c19d8cad8327
Aug 22, 2025 2:32:27 PM base.LogResults createLogs
INFO: PASS - Admin Manage Button Clicked Successfully: 
Aug 22, 2025 2:32:29 PM base.LogResults createLogs
INFO: PASS - Admin Logout Button Clicked Successfully: 
