>> Console logging redirected to data/console.log
Continuing with Existing Master Data due to threshold value:160725-150725-ThreSld->3
Launching Driver...
SLF4J(W): No SLF4J providers were found.
SLF4J(W): Defaulting to no-operation (NOP) logger implementation
SLF4J(W): See https://www.slf4j.org/codes.html#noProviders for further details.
Jul 16, 2025 12:47:52 PM org.openqa.selenium.devtools.CdpVersionFinder findNearestMatch
WARNING: Unable to find an exact match for CDP version 138, returning the closest version; found: 137; Please update to a Selenium version that supports CDP version 138
Jul 16, 2025 12:47:54 PM base.LogResults createLogs
INFO: PASS - Step 1: Application loaded successfully.
Jul 16, 2025 12:47:58 PM base.LogResults createLogs
INFO: PASS - Step 2: Company code entered successfully.AZPK
Jul 16, 2025 12:47:58 PM base.LogResults createLogs
INFO: PASS - Step 3: Clicked 'Login with Password' successfully.
Jul 16, 2025 12:48:02 PM base.LogResults createLogs
INFO: PASS - Step 4: Sign-in section appeared.
Jul 16, 2025 12:48:02 PM base.LogResults createLogs
INFO: PASS - Step 5: Username entered.AutoE150725091521@mailinator.com
Jul 16, 2025 12:48:03 PM base.LogResults createLogs
INFO: PASS - Step 6: Password entered.Pramod@1234
Jul 16, 2025 12:48:03 PM base.LogResults createLogs
INFO: PASS - Step 7: Captcha entered.12345
Jul 16, 2025 12:48:03 PM base.LogResults createLogs
INFO: PASS - Step 8: Sign-in button clicked.
Jul 16, 2025 12:48:08 PM base.LogResults createLogs
INFO: PASS - Step 9: Login validated successfully.
Jul 16, 2025 12:48:08 PM base.LogResults createLogs
INFO: PASS - Login Done Successfully: 
Jul 16, 2025 12:48:12 PM base.LogResults createLogs
INFO: PASS - PolicyIcon Clicked Successfully: 
Jul 16, 2025 12:48:12 PM base.LogResults createLogs
INFO: PASS - PolicyMaster Loaded Successfully: 
Jul 16, 2025 12:48:12 PM base.LogResults createLogs
INFO: PASS - LeaveDropDownFromSideBar Clicked Successfully: 
Jul 16, 2025 12:48:13 PM base.LogResults createLogs
INFO: PASS - HolidaysButtonFromSidebar Clicked Successfully: 
Jul 16, 2025 12:48:15 PM base.LogResults createLogs
INFO: PASS - AddHolidayPolicyButton Clicked Successfully: 
Jul 16, 2025 12:48:24 PM base.LogResults createLogs
INFO: PASS - HolidayPolicyName Inputted In TextField Successfully: AutoHPN150725091521OQR
Jul 16, 2025 12:48:30 PM base.LogResults createLogs
INFO: PASS - Year Selected Successfully: 2024-2025 
Jul 16, 2025 12:48:30 PM base.LogResults createLogs
INFO: PASS - NextStepButton Clicked Successfully: 
Jul 16, 2025 12:48:31 PM base.LogResults createLogs
INFO: PASS - CreateCustomHoliday Clicked Successfully: 
Jul 16, 2025 12:48:40 PM base.LogResults createLogs
INFO: PASS - HolidayName Inputted In TextField  Successfully: AutoHN150725091521
Jul 16, 2025 12:48:48 PM base.LogResults createLogs
INFO: PASS - HolidayName Inputted In TextField  Successfully: AutoHN150725091521
Jul 16, 2025 12:48:48 PM base.LogResults createLogs
INFO: PASS - Date TextField Clicked  Successfully: 01-01-2025
Jul 16, 2025 12:48:48 PM base.LogResults createLogs
INFO: PASS - Date Inputted In TextField  Successfully: 01-01-2025
Jul 16, 2025 12:48:51 PM base.LogResults createLogs
INFO: PASS - Country Selected Successfully: 
Jul 16, 2025 12:48:53 PM base.LogResults createLogs
INFO: PASS - State Selected Successfully: 
Jul 16, 2025 12:48:53 PM base.LogResults createLogs
INFO: PASS - Holiday Button Clicked Successfully: 
Jul 16, 2025 12:48:53 PM base.LogResults createLogs
INFO: PASS - Created Holiday Displayed Successfully: 
Jul 16, 2025 12:48:53 PM base.LogResults onlyLog
INFO: Passed - MeghHolidayPolicyTest-MPI_591_Holiday_Policy_06-To verify this, add a new holiday and ensure added holiday is displaying in the list during policy creation
---------------------------------------------------------------
MeghHolidayPolicyTestMPI_591_Holiday_Policy_06
Jul 16, 2025 12:48:53 PM base.LogResults onlyLog
INFO: Total Pass : 1 Total Fail : 0  Total TC : 1
---------------------------------------------------------------
Test case took: 60.8797 seconds
Total TC Time: 00:01:00

===============================================
Suite
Total tests run: 1, Passes: 1, Failures: 0, Skips: 0
===============================================

