>> Console logging redirected to data/console.log
Launching Driver...
SLF4J(W): No SLF4J providers were found.
SLF4J(W): Defaulting to no-operation (NOP) logger implementation
SLF4J(W): See https://www.slf4j.org/codes.html#noProviders for further details.
Aug 21, 2025 5:39:12 PM org.openqa.selenium.devtools.CdpVersionFinder findNearestMatch
WARNING: Unable to find an exact match for CDP version 139, returning the closest version; found: 137; Please update to a Selenium version that supports CDP version 139
(1386, 788)
Aug 21, 2025 5:39:16 PM base.LogResults createLogs
INFO: PASS - Application Loaded Successfully: 
Aug 21, 2025 5:39:22 PM base.LogResults createLogs
INFO: PASS - Company Code Entered in Text Box: ARBX
Aug 21, 2025 5:39:24 PM base.LogResults createLogs
INFO: PASS - Login With Password Button Is Clicked: 
Aug 21, 2025 5:39:31 PM base.LogResults createLogs
INFO: PASS - Sign in Text Is Displayed: 
Aug 21, 2025 5:39:33 PM base.LogResults createLogs
INFO: PASS - Username Is Entered In Username Text Field: AutoEID190825091637
Aug 21, 2025 5:39:35 PM base.LogResults createLogs
INFO: PASS - Password Is Entered In Password Text Field: AutoEID190825091637
Aug 21, 2025 5:39:38 PM base.LogResults createLogs
INFO: PASS - Captcha Entered On Captcha Text Field: 12345
Aug 21, 2025 5:39:40 PM base.LogResults createLogs
INFO: PASS - Clicked On Login Button: 
Aug 21, 2025 5:40:08 PM base.LogResults createLogs
INFO: FAIL - Error While Login Validation: null
Aug 21, 2025 5:40:10 PM base.LogResults createLogs
INFO: FAIL - Login Is Failed: null
Aug 21, 2025 5:40:10 PM base.LogResults onlyLog
INFO: Failed - MeghLeaveTest-MPI_612_Leave_14-To verify this, configure the sick leave on leave policy with 2 per month from joining date and as a employee apply sick leave and ensure status is pending 
---------------------------------------------------------------
MeghLeaveTestMPI_612_Leave_14
Aug 21, 2025 5:40:10 PM base.LogResults onlyLog
INFO: Total Pass : 0 Total Fail : 1  Total TC : 1
---------------------------------------------------------------
Test case took: 57.0535 seconds
Total TC Time: 00:00:57

===============================================
Suite
Total tests run: 1, Passes: 1, Failures: 0, Skips: 0
===============================================

