>> Console logging redirected to data/console.log
Continuing with Existing Master Data due to threshold value:120825-120825-ThreSld->3
Launching Driver...
SLF4J(W): No SLF4J providers were found.
SLF4J(W): Defaulting to no-operation (NOP) logger implementation
SLF4J(W): See https://www.slf4j.org/codes.html#noProviders for further details.
Aug 12, 2025 5:03:41 PM org.openqa.selenium.devtools.CdpVersionFinder findNearestMatch
WARNING: Unable to find an exact match for CDP version 138, returning the closest version; found: 137; Please update to a Selenium version that supports CDP version 138
Error Index 1 out of bounds for length 1
Aug 12, 2025 5:03:43 PM base.LogResults createLogs
INFO: PASS - Application Loaded Successfully: 
Aug 12, 2025 5:03:47 PM base.LogResults createLogs
INFO: PASS - Company Code Entered in Text Box: AJZU
Aug 12, 2025 5:03:47 PM base.LogResults createLogs
INFO: PASS - Login With Password Button Is Clicked: 
Aug 12, 2025 5:03:51 PM base.LogResults createLogs
INFO: PASS - Sign in Text Is Displayed: 
Aug 12, 2025 5:03:51 PM base.LogResults createLogs
INFO: PASS - Username Is Entered In Username Text Field: AutoE120825091619@mailinator.com
Aug 12, 2025 5:03:52 PM base.LogResults createLogs
INFO: PASS - Password Is Entered In Password Text Field: Pramod@1234
Aug 12, 2025 5:03:52 PM base.LogResults createLogs
INFO: PASS - Captcha Entered On Captcha Text Field: 12345
Aug 12, 2025 5:03:52 PM base.LogResults createLogs
INFO: PASS - Clicked On Login Button: 
Aug 12, 2025 5:03:55 PM base.LogResults createLogs
INFO: PASS - Login Done  And Validated Successfully: 
Aug 12, 2025 5:03:55 PM base.LogResults createLogs
INFO: PASS - Login Done Successfully: 
Aug 12, 2025 5:04:00 PM base.LogResults createLogs
INFO: PASS - PolicyIcon Clicked Successfully: 
Aug 12, 2025 5:04:00 PM base.LogResults createLogs
INFO: PASS - PolicyMaster Loaded Successfully: 
Aug 12, 2025 5:04:00 PM base.LogResults createLogs
INFO: PASS - AttendancePolicy Clicked Successfully : 
Aug 12, 2025 5:04:01 PM base.LogResults createLogs
INFO: PASS - AttendancePolicy Page Loaded Successfully : 
Aug 12, 2025 5:04:02 PM base.LogResults createLogs
INFO: PASS - AddAttendancePolicyButton Clicked Successfully : 
Aug 12, 2025 5:04:02 PM base.LogResults createLogs
INFO: PASS - AddAttendancePolicyText Displayed Successfully : 
Aug 12, 2025 5:04:02 PM base.LogResults onlyLog
INFO: Passed - Attendance-MPI_434_Attendance_Policy_01-To verify this, click on "add policy" button and ensure "add attendance policy" form is displayed
---------------------------------------------------------------
AttendanceMPI_434_Attendance_Policy_01
Aug 12, 2025 5:04:02 PM base.LogResults onlyLog
INFO: Total Pass : 1 Total Fail : 0  Total TC : 1
---------------------------------------------------------------
Test case took: 21.1047 seconds
Total TC Time: 00:00:21
Launching Driver...
Aug 12, 2025 5:04:05 PM org.openqa.selenium.devtools.CdpVersionFinder findNearestMatch
WARNING: Unable to find an exact match for CDP version 138, returning the closest version; found: 137; Please update to a Selenium version that supports CDP version 138
Error Index 1 out of bounds for length 1
Aug 12, 2025 5:04:07 PM base.LogResults createLogs
INFO: PASS - Application Loaded Successfully: 
Aug 12, 2025 5:04:11 PM base.LogResults createLogs
INFO: PASS - Company Code Entered in Text Box: AJZU
Aug 12, 2025 5:04:11 PM base.LogResults createLogs
INFO: PASS - Login With Password Button Is Clicked: 
Aug 12, 2025 5:04:15 PM base.LogResults createLogs
INFO: PASS - Sign in Text Is Displayed: 
Aug 12, 2025 5:04:15 PM base.LogResults createLogs
INFO: PASS - Username Is Entered In Username Text Field: AutoE120825091619@mailinator.com
Aug 12, 2025 5:04:16 PM base.LogResults createLogs
INFO: PASS - Password Is Entered In Password Text Field: Pramod@1234
Aug 12, 2025 5:04:16 PM base.LogResults createLogs
INFO: PASS - Captcha Entered On Captcha Text Field: 12345
Aug 12, 2025 5:04:16 PM base.LogResults createLogs
INFO: PASS - Clicked On Login Button: 
Aug 12, 2025 5:04:19 PM base.LogResults createLogs
INFO: PASS - Login Done  And Validated Successfully: 
Aug 12, 2025 5:04:19 PM base.LogResults createLogs
INFO: PASS - Login Done Successfully: 
Aug 12, 2025 5:04:23 PM base.LogResults createLogs
INFO: PASS - PolicyIcon Clicked Successfully: 
Aug 12, 2025 5:04:24 PM base.LogResults createLogs
INFO: PASS - PolicyMaster Loaded Successfully: 
Aug 12, 2025 5:04:24 PM base.LogResults createLogs
INFO: PASS - AttendancePolicy Clicked Successfully : 
Aug 12, 2025 5:04:25 PM base.LogResults createLogs
INFO: PASS - AttendancePolicy Page Loaded Successfully : 
Aug 12, 2025 5:04:26 PM base.LogResults createLogs
INFO: PASS - AddAttendancePolicyButton Clicked Successfully : 
Aug 12, 2025 5:04:26 PM base.LogResults createLogs
INFO: PASS - AttendancePolicy Name Entered Successfully : AutoAPN120825091619SXGH
Aug 12, 2025 5:04:27 PM base.LogResults createLogs
INFO: PASS - EnableGracePeriod Button Clicked Successfully : 
Aug 12, 2025 5:04:28 PM base.LogResults createLogs
INFO: PASS - EarlyClockOut CheckBox Clicked  Successfully : 
Aug 12, 2025 5:04:28 PM base.LogResults createLogs
INFO: PASS - Clicked On GraceHours  Successfully : 
Aug 12, 2025 5:04:31 PM base.LogResults createLogs
INFO: PASS -  GraceHours Inputted  Successfully : 1:00
Aug 12, 2025 5:04:31 PM base.LogResults createLogs
INFO: PASS - Clicked On GraceTimeApply Button  Successfully : 
Aug 12, 2025 5:04:32 PM base.LogResults createLogs
INFO: PASS - EnableGracePeriod CheckBox Clicked  Successfully : 
Aug 12, 2025 5:04:32 PM base.LogResults createLogs
INFO: PASS - RegulationRequest CheckBox Clicked  Successfully : 
Aug 12, 2025 5:04:32 PM base.LogResults createLogs
INFO: PASS - CreatePolicyButton Button Successfully : 
Aug 12, 2025 5:04:33 PM base.LogResults createLogs
INFO: PASS - NoOption Button Successfully : 
Aug 12, 2025 5:04:36 PM base.LogResults createLogs
INFO: PASS - On SearchTextField Policy Name Inputted Successfully : AutoAPN120825091619SXGH
Aug 12, 2025 5:04:40 PM base.LogResults createLogs
INFO: PASS - No of Employees Assigned Get Successfully : 0
Aug 12, 2025 5:04:46 PM base.LogResults createLogs
INFO: PASS - Assigned Emp Count Compared Successfully : 0=0
Aug 12, 2025 5:04:48 PM base.LogResults onlyLog
INFO: Passed - Attendance-MPI_435_Attendance_Policy_02-To verify this, click on 'Add Attendance Policy', enter the policy name, and click on 'Create Policy'. In the popup, select 'No' when asked 'Do you want to change attendance policy in Employee Profile based on current policy employee criteria?', and ensure that the new policy is created and no one employees are assigned to it
---------------------------------------------------------------
AttendanceMPI_435_Attendance_Policy_02
Aug 12, 2025 5:04:48 PM base.LogResults onlyLog
INFO: Total Pass : 2 Total Fail : 0  Total TC : 2
---------------------------------------------------------------
Test case took: 42.6397 seconds
Total TC Time: 00:01:03
Launching Driver...
Aug 12, 2025 5:04:51 PM org.openqa.selenium.devtools.CdpVersionFinder findNearestMatch
WARNING: Unable to find an exact match for CDP version 138, returning the closest version; found: 137; Please update to a Selenium version that supports CDP version 138
Error Index 1 out of bounds for length 1
Aug 12, 2025 5:04:53 PM base.LogResults createLogs
INFO: PASS - Application Loaded Successfully: 
Aug 12, 2025 5:04:57 PM base.LogResults createLogs
INFO: PASS - Company Code Entered in Text Box: AJZU
Aug 12, 2025 5:04:57 PM base.LogResults createLogs
INFO: PASS - Login With Password Button Is Clicked: 
Aug 12, 2025 5:05:02 PM base.LogResults createLogs
INFO: PASS - Sign in Text Is Displayed: 
Aug 12, 2025 5:05:02 PM base.LogResults createLogs
INFO: PASS - Username Is Entered In Username Text Field: AutoE120825091619@mailinator.com
Aug 12, 2025 5:05:02 PM base.LogResults createLogs
INFO: PASS - Password Is Entered In Password Text Field: Pramod@1234
Aug 12, 2025 5:05:02 PM base.LogResults createLogs
INFO: PASS - Captcha Entered On Captcha Text Field: 12345
Aug 12, 2025 5:05:02 PM base.LogResults createLogs
INFO: PASS - Clicked On Login Button: 
Aug 12, 2025 5:05:05 PM base.LogResults createLogs
INFO: PASS - Login Done  And Validated Successfully: 
Aug 12, 2025 5:05:05 PM base.LogResults createLogs
INFO: PASS - Login Done Successfully: 
Aug 12, 2025 5:05:09 PM base.LogResults createLogs
INFO: PASS - PolicyIcon Clicked Successfully: 
Aug 12, 2025 5:05:10 PM base.LogResults createLogs
INFO: PASS - PolicyMaster Loaded Successfully: 
Aug 12, 2025 5:05:10 PM base.LogResults createLogs
INFO: PASS - AttendancePolicy Clicked Successfully : 
Aug 12, 2025 5:05:11 PM base.LogResults createLogs
INFO: PASS - AttendancePolicy Page Loaded Successfully : 
Aug 12, 2025 5:05:11 PM base.LogResults createLogs
INFO: PASS - AddAttendancePolicyButton Clicked Successfully : 
Aug 12, 2025 5:05:12 PM base.LogResults createLogs
INFO: PASS - AttendancePolicy Name Entered Successfully : AutoAPN120825091619LHC
Aug 12, 2025 5:05:12 PM base.LogResults createLogs
INFO: PASS - WebPunchButton Button Successfully : 
Aug 12, 2025 5:05:13 PM base.LogResults createLogs
INFO: PASS - EnableGracePeriod Button  Successfully : 
Aug 12, 2025 5:05:14 PM base.LogResults createLogs
INFO: PASS - EarlyClockOut CheckBox Clicked  Successfully : 
Aug 12, 2025 5:05:14 PM base.LogResults createLogs
INFO: PASS - Clicked On GraceHours  Successfully : 
Aug 12, 2025 5:05:17 PM base.LogResults createLogs
INFO: PASS -  GraceHours Inputted  Successfully : 1:00
Aug 12, 2025 5:05:17 PM base.LogResults createLogs
INFO: PASS - Clicked On GraceTimeApply Button  Successfully : 
Aug 12, 2025 5:05:18 PM base.LogResults createLogs
INFO: PASS - EnableGracePeriod CheckBox Clicked  Successfully : 
Aug 12, 2025 5:05:18 PM base.LogResults createLogs
INFO: PASS - RegulationRequest CheckBox Clicked  Successfully : 
Aug 12, 2025 5:05:18 PM base.LogResults createLogs
INFO: PASS - CreatePolicyButton Button Successfully : 
Aug 12, 2025 5:05:26 PM base.LogResults createLogs
INFO: PASS - YesButton Button Successfully : 
Aug 12, 2025 5:05:28 PM base.LogResults createLogs
INFO: PASS - HomeButton Clicked Successfully : 
Aug 12, 2025 5:05:32 PM base.LogResults createLogs
INFO: PASS - CheckInButton Displayed Successfully : 
Aug 12, 2025 5:05:32 PM base.LogResults createLogs
INFO: PASS - CheckOutButton Displayed Successfully : 
Aug 12, 2025 5:05:32 PM base.LogResults onlyLog
INFO: Passed - Attendance-MPI_436_Attendance_Policy_03-To verify this, in the created policy where all employees are assigned, enable Web Punching and ensure that employees are able to perform Punch In from the Home module
---------------------------------------------------------------
AttendanceMPI_436_Attendance_Policy_03
Aug 12, 2025 5:05:32 PM base.LogResults onlyLog
INFO: Total Pass : 3 Total Fail : 0  Total TC : 3
---------------------------------------------------------------
Test case took: 40.7441 seconds
Total TC Time: 00:01:44
Launching Driver...
Aug 12, 2025 5:05:34 PM org.openqa.selenium.devtools.CdpVersionFinder findNearestMatch
WARNING: Unable to find an exact match for CDP version 138, returning the closest version; found: 137; Please update to a Selenium version that supports CDP version 138
Error Index 1 out of bounds for length 1
Aug 12, 2025 5:05:36 PM base.LogResults createLogs
INFO: PASS - Application Loaded Successfully: 
Aug 12, 2025 5:05:40 PM base.LogResults createLogs
INFO: PASS - Company Code Entered in Text Box: AJZU
Aug 12, 2025 5:05:40 PM base.LogResults createLogs
INFO: PASS - Login With Password Button Is Clicked: 
Aug 12, 2025 5:05:45 PM base.LogResults createLogs
INFO: PASS - Sign in Text Is Displayed: 
Aug 12, 2025 5:05:45 PM base.LogResults createLogs
INFO: PASS - Username Is Entered In Username Text Field: AutoE120825091619@mailinator.com
Aug 12, 2025 5:05:45 PM base.LogResults createLogs
INFO: PASS - Password Is Entered In Password Text Field: Pramod@1234
Aug 12, 2025 5:05:45 PM base.LogResults createLogs
INFO: PASS - Captcha Entered On Captcha Text Field: 12345
Aug 12, 2025 5:05:45 PM base.LogResults createLogs
INFO: PASS - Clicked On Login Button: 
Aug 12, 2025 5:05:48 PM base.LogResults createLogs
INFO: PASS - Login Done  And Validated Successfully: 
Aug 12, 2025 5:05:48 PM base.LogResults createLogs
INFO: PASS - Login Done Successfully: 
Aug 12, 2025 5:05:53 PM base.LogResults createLogs
INFO: PASS - Directory Button Clicked Successfully: 
Aug 12, 2025 5:05:56 PM base.LogResults createLogs
INFO: PASS - Directory Page Loaded Successfully: 
Aug 12, 2025 5:05:56 PM base.LogResults createLogs
INFO: PASS - Clicked On EmployeeTab Successfully: 
Aug 12, 2025 5:05:58 PM base.LogResults createLogs
INFO: PASS - Directory Page Loaded Successfully: 
Aug 12, 2025 5:06:08 PM base.LogResults createLogs
INFO: PASS - Clicked On TotalCountDropDown Successfully: 
Aug 12, 2025 5:06:09 PM base.LogResults createLogs
INFO: PASS - Clicked On AddNewButton Successfully: 
Aug 12, 2025 5:06:12 PM base.LogResults createLogs
INFO: PASS - Employee Form Loaded Successfully: 
Aug 12, 2025 5:06:17 PM base.LogResults createLogs
INFO: PASS - Clicked On EmployeeTypeDropdown Successfully And Selected EntityName Successfully: AutoEN120825091619
Aug 12, 2025 5:06:17 PM base.LogResults createLogs
INFO: PASS - Clicked On ReportingToDropdown Successfully: 
Aug 12, 2025 5:06:20 PM base.LogResults createLogs
INFO: PASS - Clicked On ReportingTo Search Text Field And Input Is Passed: AutoAFN
Aug 12, 2025 5:06:22 PM base.LogResults createLogs
INFO: PASS - Entity Name Selected Successfully: 
Aug 12, 2025 5:06:22 PM base.LogResults createLogs
INFO: PASS - EmployeeID Entered On Employee ID Text Field: AutoEIDPXSJPN
Aug 12, 2025 5:06:25 PM base.LogResults createLogs
INFO: PASS -  CompanyLocation Selected From The DropDown : AutoON120825091619
Aug 12, 2025 5:06:25 PM base.LogResults createLogs
INFO: PASS - Employee First Name Entered On Employee FirstName Text Field: AutoFNFORYO
Aug 12, 2025 5:06:26 PM base.LogResults createLogs
INFO: PASS - Employee Last Name Entered On Employee Last Name Text Field: AutoLNIHECR
Aug 12, 2025 5:06:26 PM base.LogResults createLogs
INFO: PASS - Employee Email Entered On Email ID Text Field: AutoE120825091619AEX@mailinator.com
Aug 12, 2025 5:06:26 PM base.LogResults createLogs
INFO: PASS - Employee Phone Number Entered On Phone Number Text Field: 9851435943
Aug 12, 2025 5:06:26 PM base.LogResults createLogs
INFO: PASS - Employee Joining Date  Text Field Is Clicked: 
Aug 12, 2025 5:06:26 PM base.LogResults createLogs
INFO: PASS - Employee Joining Date Entered On Joining Date Text Field: 03-01-2025
Aug 12, 2025 5:06:27 PM base.LogResults createLogs
INFO: PASS - Clicked On AddEmployeeSave Successfully: 
Aug 12, 2025 5:06:30 PM base.LogResults createLogs
INFO: PASS - Clicked On GoToDirectory Successfully: 
Aug 12, 2025 5:06:32 PM base.LogResults createLogs
INFO: PASS - Clicked On SearchDropDown Successfully: 
Aug 12, 2025 5:06:32 PM base.LogResults createLogs
INFO: PASS - Selected  LasTName  Successfully: 
Aug 12, 2025 5:06:32 PM base.LogResults createLogs
INFO: PASS - Clicked On SearchDropDown Successfully: 
Aug 12, 2025 5:06:37 PM base.LogResults createLogs
INFO: PASS - Clicked On Search Text Field And Pass The Created Employee LastName Successfully: AutoLNIHECR
Aug 12, 2025 5:06:40 PM base.LogResults createLogs
INFO: PASS - Created Employee Displayed Successfully: AutoLNIHECR
Aug 12, 2025 5:06:40 PM base.LogResults createLogs
INFO: PASS - Clicked On 3Dots Successfully: 
Aug 12, 2025 5:06:40 PM base.LogResults createLogs
INFO: PASS - Clicked On WebEnrollment Successfully: 
Aug 12, 2025 5:06:44 PM base.LogResults createLogs
INFO: PASS - Clicked On FaceEnrollmentTab Successfully: 
Aug 12, 2025 5:06:58 PM base.LogResults createLogs
INFO: PASS - Image Selected For WebEnrollment Successfully: ./data/images/enrollmentimage.jpg
Aug 12, 2025 5:06:58 PM base.LogResults createLogs
INFO: PASS - Successfully Clicked On CropImage: 
Aug 12, 2025 5:06:59 PM base.LogResults createLogs
INFO: PASS - Successfully Clicked On SaveEnrollmentButton: 
Aug 12, 2025 5:07:29 PM base.LogResults createLogs
INFO: PASS - Success Msg Is Displayed: 
Aug 12, 2025 5:07:38 PM base.LogResults createLogs
INFO: PASS - Directory Button Clicked Successfully: 
Aug 12, 2025 5:07:40 PM base.LogResults createLogs
INFO: PASS - Directory Page Loaded Successfully: 
Aug 12, 2025 5:07:41 PM base.LogResults createLogs
INFO: PASS - Clicked On EmployeeTab Successfully: 
Aug 12, 2025 5:07:42 PM base.LogResults createLogs
INFO: PASS - Directory Page Loaded Successfully: 
Aug 12, 2025 5:07:43 PM base.LogResults createLogs
INFO: PASS - Clicked On SearchDropDown Successfully: 
Aug 12, 2025 5:07:43 PM base.LogResults createLogs
INFO: PASS - Selected  LasTName  Successfully: 
Aug 12, 2025 5:07:43 PM base.LogResults createLogs
INFO: PASS - Clicked On SearchDropDown Successfully: 
Aug 12, 2025 5:07:48 PM base.LogResults createLogs
INFO: PASS - Clicked On Search Text Field And Pass The Created Employee LastName Successfully: AutoLNIHECR
Aug 12, 2025 5:07:51 PM base.LogResults createLogs
INFO: PASS - Created Employee Displayed Successfully: AutoLNIHECR
Aug 12, 2025 5:07:51 PM base.LogResults createLogs
INFO: PASS - Successfully Clicked On First Employee Record 3dots: 
Aug 12, 2025 5:07:51 PM base.LogResults createLogs
INFO: PASS - Successfully Clicked On First Employee Record ManageProfileButton: 
Aug 12, 2025 5:08:01 PM base.LogResults createLogs
INFO: PASS - Successfully Clicked On First Employee Manage Profile EditIcon: 
Aug 12, 2025 5:08:04 PM base.LogResults createLogs
INFO: PASS - Successfully Selected  Dept: AutoDN120825091619
Aug 12, 2025 5:08:11 PM base.LogResults createLogs
INFO: PASS - Successfully Selected  Designation From Dropdown: AutoDESN120825091619
Aug 12, 2025 5:08:17 PM base.LogResults createLogs
INFO: PASS - Successfully Selected  Team From Dropdown: AutoTN120825091619
Aug 12, 2025 5:08:24 PM base.LogResults createLogs
INFO: PASS - Successfully Enter The Pin: 1703
Aug 12, 2025 5:08:30 PM base.LogResults createLogs
INFO: PASS - SaveChanges Button Clicked Successfully: 
Aug 12, 2025 5:08:38 PM base.LogResults createLogs
INFO: PASS - DefaultPolicy Button Clicked Successfully: 
Aug 12, 2025 5:08:44 PM base.LogResults createLogs
INFO: PASS - PolicyIcon Clicked Successfully: 
Aug 12, 2025 5:08:45 PM base.LogResults createLogs
INFO: PASS - PolicyMaster Loaded Successfully: 
Aug 12, 2025 5:08:45 PM base.LogResults createLogs
INFO: PASS - AttendancePolicy Clicked Successfully : 
Aug 12, 2025 5:08:46 PM base.LogResults createLogs
INFO: PASS - AttendancePolicy Page Loaded Successfully : 
Aug 12, 2025 5:08:47 PM base.LogResults createLogs
INFO: PASS - AddAttendancePolicyButton Clicked Successfully : 
Aug 12, 2025 5:08:47 PM base.LogResults createLogs
INFO: PASS - AttendancePolicy Name Entered Successfully : AutoAPN120825091619AJO
Aug 12, 2025 5:08:48 PM base.LogResults createLogs
INFO: PASS - WebPunchButton Button Successfully : 
Aug 12, 2025 5:08:48 PM base.LogResults createLogs
INFO: PASS - EnableGracePeriod Button  Successfully : 
Aug 12, 2025 5:08:49 PM base.LogResults createLogs
INFO: PASS - EarlyClockOut CheckBox Clicked  Successfully : 
Aug 12, 2025 5:08:49 PM base.LogResults createLogs
INFO: PASS - Clicked On GraceHours  Successfully : 
Aug 12, 2025 5:08:52 PM base.LogResults createLogs
INFO: PASS -  GraceHours Inputted  Successfully : 1:00
Aug 12, 2025 5:08:53 PM base.LogResults createLogs
INFO: PASS - Clicked On GraceTimeApply Button  Successfully : 
Aug 12, 2025 5:08:53 PM base.LogResults createLogs
INFO: PASS - EnableGracePeriod CheckBox Clicked  Successfully : 
Aug 12, 2025 5:08:53 PM base.LogResults createLogs
INFO: PASS - RegulationRequest CheckBox Clicked  Successfully : 
Aug 12, 2025 5:08:53 PM base.LogResults createLogs
INFO: PASS - AddEmpCriteria Button Successfully : 
Aug 12, 2025 5:08:58 PM base.LogResults createLogs
INFO: PASS - Office Name Selected  Successfully : AutoON120825091619
Aug 12, 2025 5:09:03 PM base.LogResults createLogs
INFO: PASS - Successfully Clicked  Dept DropDown: AutoDN120825091619
Aug 12, 2025 5:09:06 PM base.LogResults createLogs
INFO: PASS - Successfully Selected  Dept: AutoDN120825091619
Aug 12, 2025 5:09:09 PM base.LogResults createLogs
INFO: PASS - Successfully Clicked On  Team  Dropdown: AutoTN120825091619
Aug 12, 2025 5:09:13 PM base.LogResults createLogs
INFO: PASS - Successfully Selected  Team From Dropdown: AutoTN120825091619
Aug 12, 2025 5:09:18 PM base.LogResults createLogs
INFO: PASS - Successfully Selected  Designation From Dropdown: AutoDESN120825091619
Aug 12, 2025 5:09:25 PM base.LogResults createLogs
INFO: PASS - Successfully Selected  Employee Type From Dropdown: AutoEN120825091619
Aug 12, 2025 5:09:25 PM base.LogResults createLogs
INFO: PASS - Clicked On Apply Button Successfully : 
Aug 12, 2025 5:09:26 PM base.LogResults createLogs
INFO: PASS - CreatePolicyButton Button Successfully : 
Aug 12, 2025 5:09:33 PM base.LogResults createLogs
INFO: PASS - Yes Button Button Successfully : 
Aug 12, 2025 5:09:42 PM base.LogResults createLogs
INFO: PASS - Directory Button Clicked Successfully: 
Aug 12, 2025 5:09:45 PM base.LogResults createLogs
INFO: PASS - Directory Page Loaded Successfully: 
Aug 12, 2025 5:09:45 PM base.LogResults createLogs
INFO: PASS - Clicked On EmployeeTab Successfully: 
Aug 12, 2025 5:09:47 PM base.LogResults createLogs
INFO: PASS - Directory Page Loaded Successfully: 
Aug 12, 2025 5:09:47 PM base.LogResults createLogs
INFO: PASS - Clicked On SearchDropDown Successfully: 
Aug 12, 2025 5:09:47 PM base.LogResults createLogs
INFO: PASS - Selected  LasTName  Successfully: 
Aug 12, 2025 5:09:48 PM base.LogResults createLogs
INFO: PASS - Clicked On SearchDropDown Successfully: 
Aug 12, 2025 5:09:52 PM base.LogResults createLogs
INFO: PASS - Clicked On Search Text Field And Pass The Created Employee LastName Successfully: AutoLNIHECR
Aug 12, 2025 5:09:55 PM base.LogResults createLogs
INFO: PASS - Created Employee Displayed Successfully: AutoLNIHECR
Aug 12, 2025 5:09:55 PM base.LogResults createLogs
INFO: PASS - Successfully Clicked On First Employee Record 3dots: 
Aug 12, 2025 5:09:56 PM base.LogResults createLogs
INFO: PASS - Successfully Clicked On First Employee Record ManageProfileButton: 
Aug 12, 2025 5:10:16 PM base.LogResults createLogs
INFO: PASS - Successfully Clicked On First Employee Record Policy Button: 
Aug 12, 2025 5:10:19 PM base.LogResults createLogs
INFO: PASS - Successfully Fetch the Assigned Attendance Policy Name Of Employee : 
Aug 12, 2025 5:10:19 PM base.LogResults createLogs
INFO: PASS - Successfully Compared The Assigned Policy Name And Created Policy Name With Emp criteria: AutoAPN120825091619AJO=AutoAPN120825091619AJO
Aug 12, 2025 5:10:19 PM base.LogResults onlyLog
INFO: Passed - Attendance-MPI_454_Attendance_Policy_21-Edit the attendance policy and click Add Employee Criteria. Select Office, Department, Designation, Group, and Employee Type, then click Apply. Set Punch Require to Four, then click Create Policy. In the confirmation popup "Do you want to change attendance policy in Employee Profile based on current policy employee criteria?", select Yes and ensure all employees matching the criteria are assigned to the new policy.
---------------------------------------------------------------
AttendanceMPI_454_Attendance_Policy_21
Aug 12, 2025 5:10:19 PM base.LogResults onlyLog
INFO: Total Pass : 4 Total Fail : 0  Total TC : 4
---------------------------------------------------------------
Test case took: 284.5473 seconds
Total TC Time: 00:06:29
Launching Driver...
Aug 12, 2025 5:10:21 PM org.openqa.selenium.devtools.CdpVersionFinder findNearestMatch
WARNING: Unable to find an exact match for CDP version 138, returning the closest version; found: 137; Please update to a Selenium version that supports CDP version 138
Aug 12, 2025 5:10:23 PM base.LogResults createLogs
INFO: PASS - This Test Case Already passed In MPI_435_Attendance_Policy_02 TestCase: 
Aug 12, 2025 5:10:23 PM base.LogResults onlyLog
INFO: Passed - Attendance-MPI_457_Attendance_Policy_24-To verify this, check the functionality of search feature by enter the policy name
---------------------------------------------------------------
AttendanceMPI_457_Attendance_Policy_24
Aug 12, 2025 5:10:23 PM base.LogResults onlyLog
INFO: Total Pass : 5 Total Fail : 0  Total TC : 5
---------------------------------------------------------------
Test case took: 0.4685 seconds
Total TC Time: 00:06:29
Launching Driver...
Aug 12, 2025 5:10:25 PM org.openqa.selenium.devtools.CdpVersionFinder findNearestMatch
WARNING: Unable to find an exact match for CDP version 138, returning the closest version; found: 137; Please update to a Selenium version that supports CDP version 138
Error Index 1 out of bounds for length 1
Aug 12, 2025 5:10:27 PM base.LogResults createLogs
INFO: PASS - Application Loaded Successfully: 
Aug 12, 2025 5:10:31 PM base.LogResults createLogs
INFO: PASS - Company Code Entered in Text Box: AJZU
Aug 12, 2025 5:10:31 PM base.LogResults createLogs
INFO: PASS - Login With Password Button Is Clicked: 
Aug 12, 2025 5:10:36 PM base.LogResults createLogs
INFO: PASS - Sign in Text Is Displayed: 
Aug 12, 2025 5:10:36 PM base.LogResults createLogs
INFO: PASS - Username Is Entered In Username Text Field: AutoE120825091619@mailinator.com
Aug 12, 2025 5:10:36 PM base.LogResults createLogs
INFO: PASS - Password Is Entered In Password Text Field: Pramod@1234
Aug 12, 2025 5:10:36 PM base.LogResults createLogs
INFO: PASS - Captcha Entered On Captcha Text Field: 12345
Aug 12, 2025 5:10:37 PM base.LogResults createLogs
INFO: PASS - Clicked On Login Button: 
Aug 12, 2025 5:10:39 PM base.LogResults createLogs
INFO: PASS - Login Done  And Validated Successfully: 
Aug 12, 2025 5:10:40 PM base.LogResults createLogs
INFO: PASS - Login Done Successfully: 
Aug 12, 2025 5:10:44 PM base.LogResults createLogs
INFO: PASS - PolicyIcon Clicked Successfully: 
Aug 12, 2025 5:10:44 PM base.LogResults createLogs
INFO: PASS - PolicyMaster Loaded Successfully: 
Aug 12, 2025 5:10:44 PM base.LogResults createLogs
INFO: PASS - AttendancePolicy Clicked Successfully : 
Aug 12, 2025 5:10:46 PM base.LogResults createLogs
INFO: PASS - AttendancePolicy Page Loaded Successfully : 
Aug 12, 2025 5:10:48 PM base.LogResults createLogs
INFO: PASS - On SearchTextField Policy Name Inputted Successfully : AutoAPN120825091619AJO
Aug 12, 2025 5:10:55 PM base.LogResults createLogs
INFO: PASS - Clicked On AssignedEmpCount Successfully : 
Aug 12, 2025 5:10:59 PM base.LogResults createLogs
INFO: PASS - Emp Record Loaded Validated Successfully : 
Cleaned Emp ID: AutoEIDPXSJPN
Aug 12, 2025 5:11:01 PM base.LogResults createLogs
INFO: PASS - First Row Emp ID Fetched Successfully : 
Aug 12, 2025 5:11:01 PM base.LogResults createLogs
INFO: PASS - SearchDropDown Clicked Successfully : 
Aug 12, 2025 5:11:01 PM base.LogResults createLogs
INFO: PASS - EmpIdCheckBox Clicked Successfully : 
Aug 12, 2025 5:11:02 PM base.LogResults createLogs
INFO: PASS - SearchDropDown Clicked Successfully : 
Aug 12, 2025 5:11:12 PM base.LogResults createLogs
INFO: PASS - FirstRow Emp ID Inputted Successfully : AutoEIDPXSJPN
Aug 12, 2025 5:11:16 PM base.LogResults createLogs
INFO: PASS - CloseIcon Clicked Successfully : 
Aug 12, 2025 5:11:20 PM base.LogResults createLogs
INFO: PASS - On SearchTextField Policy Name Inputted Successfully : AutoAPN120825091619AJO
Aug 12, 2025 5:11:25 PM base.LogResults createLogs
INFO: PASS - DeleteIcon Clicked Successfully : 
Aug 12, 2025 5:11:26 PM base.LogResults createLogs
INFO: PASS - DeleteButton Clicked Successfully : 
Aug 12, 2025 5:11:29 PM base.LogResults createLogs
INFO: PASS - On SearchTextField Policy Name Inputted Successfully : AutoAPN120825091619AJO
Aug 12, 2025 5:11:33 PM base.LogResults createLogs
INFO: PASS - No of Employees Assigned Get Successfully : 
Aug 12, 2025 5:11:41 PM base.LogResults createLogs
INFO: PASS - Assigned Emp Count Compared Successfully : 0=0
Aug 12, 2025 5:11:51 PM base.LogResults createLogs
INFO: PASS - Directory Button Clicked Successfully: 
Aug 12, 2025 5:11:53 PM base.LogResults createLogs
INFO: PASS - Directory Page Loaded Successfully: 
Aug 12, 2025 5:11:53 PM base.LogResults createLogs
INFO: PASS - Clicked On EmployeeTab Successfully: 
Aug 12, 2025 5:11:56 PM base.LogResults createLogs
INFO: PASS - Directory Page Loaded Successfully: 
Aug 12, 2025 5:11:56 PM base.LogResults createLogs
INFO: PASS - Clicked On SearchDropDown Successfully: 
Aug 12, 2025 5:11:56 PM base.LogResults createLogs
INFO: PASS - Selected  EmpID  Successfully: 
Aug 12, 2025 5:11:57 PM base.LogResults createLogs
INFO: PASS - Clicked On SearchDropDown Successfully: 
Aug 12, 2025 5:12:01 PM base.LogResults createLogs
INFO: PASS - Clicked On Search Text Field And Pass The Employee EmpID Successfully: AutoEIDPXSJPN
Aug 12, 2025 5:12:04 PM base.LogResults createLogs
INFO: PASS - Created Employee Displayed Successfully: 
Aug 12, 2025 5:12:04 PM base.LogResults createLogs
INFO: PASS - Successfully Clicked On First Employee Record 3dots: 
Aug 12, 2025 5:12:04 PM base.LogResults createLogs
INFO: PASS - Successfully Clicked On First Employee Record ManageProfileButton: 
Aug 12, 2025 5:12:25 PM base.LogResults createLogs
INFO: PASS - Successfully Clicked On First Employee Record Policy Button: 
Aug 12, 2025 5:12:28 PM base.LogResults createLogs
INFO: PASS - Successfully Fetch the Assigned Attendance Policy Name Of Employee : 
Aug 12, 2025 5:12:28 PM base.LogResults createLogs
INFO: PASS - Successfully Compared The Assigned Policy Name And Created Policy Name With Emp criteria: Default=AutoAPN120825091619GTB (Default)
Aug 12, 2025 5:12:28 PM base.LogResults onlyLog
INFO: Passed - Attendance-MPI_494_Attendance_Policy_44-To verify this, inactivate the policy Ensure that all employees who were assigned to the inactivated policy are now automatically assigned to the default attendance policy.
---------------------------------------------------------------
AttendanceMPI_494_Attendance_Policy_44
Aug 12, 2025 5:12:28 PM base.LogResults onlyLog
INFO: Total Pass : 6 Total Fail : 0  Total TC : 6
---------------------------------------------------------------
Test case took: 122.3670 seconds
Total TC Time: 00:08:31
Launching Driver...
Aug 12, 2025 5:12:30 PM org.openqa.selenium.devtools.CdpVersionFinder findNearestMatch
WARNING: Unable to find an exact match for CDP version 138, returning the closest version; found: 137; Please update to a Selenium version that supports CDP version 138
Error Index 1 out of bounds for length 1
Aug 12, 2025 5:12:32 PM base.LogResults createLogs
INFO: PASS - Application Loaded Successfully: 
Aug 12, 2025 5:12:36 PM base.LogResults createLogs
INFO: PASS - Company Code Entered in Text Box: AJZU
Aug 12, 2025 5:12:36 PM base.LogResults createLogs
INFO: PASS - Login With Password Button Is Clicked: 
Aug 12, 2025 5:12:41 PM base.LogResults createLogs
INFO: PASS - Sign in Text Is Displayed: 
Aug 12, 2025 5:12:41 PM base.LogResults createLogs
INFO: PASS - Username Is Entered In Username Text Field: AutoE120825091619@mailinator.com
Aug 12, 2025 5:12:41 PM base.LogResults createLogs
INFO: PASS - Password Is Entered In Password Text Field: Pramod@1234
Aug 12, 2025 5:12:41 PM base.LogResults createLogs
INFO: PASS - Captcha Entered On Captcha Text Field: 12345
Aug 12, 2025 5:12:41 PM base.LogResults createLogs
INFO: PASS - Clicked On Login Button: 
Aug 12, 2025 5:12:44 PM base.LogResults createLogs
INFO: PASS - Login Done  And Validated Successfully: 
Aug 12, 2025 5:12:44 PM base.LogResults createLogs
INFO: PASS - Login Done Successfully: 
Aug 12, 2025 5:12:49 PM base.LogResults createLogs
INFO: PASS - PolicyIcon Clicked Successfully: 
Aug 12, 2025 5:12:49 PM base.LogResults createLogs
INFO: PASS - PolicyMaster Loaded Successfully: 
Aug 12, 2025 5:12:49 PM base.LogResults createLogs
INFO: PASS - AttendancePolicy Clicked Successfully : 
Aug 12, 2025 5:12:51 PM base.LogResults createLogs
INFO: PASS - AttendancePolicy Page Loaded Successfully : 
Aug 12, 2025 5:12:53 PM base.LogResults createLogs
INFO: PASS - On SearchTextField Policy Name Inputted Successfully : AutoAPN120825091619AJO
Aug 12, 2025 5:13:03 PM base.LogResults createLogs
INFO: PASS - Shift Policy Edit Button Clicked Successfully : 
Aug 12, 2025 5:13:11 PM base.LogResults createLogs
INFO: PASS - Shift Policy Active CheckBox Clicked Successfully : 
Aug 12, 2025 5:13:12 PM base.LogResults createLogs
INFO: PASS - CreatePolicyButton Button Successfully : 
Aug 12, 2025 5:13:19 PM base.LogResults createLogs
INFO: PASS - YesButton Button Successfully : 
Aug 12, 2025 5:13:23 PM base.LogResults createLogs
INFO: PASS - On SearchTextField Policy Name Inputted Successfully : AutoAPN120825091619AJO
Aug 12, 2025 5:13:27 PM base.LogResults createLogs
INFO: PASS - Clicked On Assigned Emp Count Successfully: 
Aug 12, 2025 5:13:32 PM base.LogResults createLogs
INFO: PASS - Emp Record Loaded Validated Successfully : 
Aug 12, 2025 5:13:32 PM base.LogResults createLogs
INFO: PASS - Fetched The Employee FirstName Successfully: 
Aug 12, 2025 5:13:34 PM base.LogResults createLogs
INFO: PASS - CloseIcon Clicked Successfully : 
Aug 12, 2025 5:13:41 PM base.LogResults createLogs
INFO: PASS - Directory Button Clicked Successfully: 
Aug 12, 2025 5:13:43 PM base.LogResults createLogs
INFO: PASS - Directory Page Loaded Successfully: 
Aug 12, 2025 5:13:46 PM base.LogResults createLogs
INFO: PASS - Clicked On EmployeeTab Successfully: 
Aug 12, 2025 5:13:48 PM base.LogResults createLogs
INFO: PASS - Directory Page Loaded Successfully: 
Aug 12, 2025 5:13:52 PM base.LogResults createLogs
INFO: PASS - Clicked On Search Text Field And Pass The Created Employee LastName Successfully: AutoFNFORYO
Aug 12, 2025 5:13:55 PM base.LogResults createLogs
INFO: PASS - Successfully Clicked On First Employee Record 3dots: 
Aug 12, 2025 5:13:56 PM base.LogResults createLogs
INFO: PASS - Successfully Clicked On First Employee Record ManageProfileButton: 
Aug 12, 2025 5:14:16 PM base.LogResults createLogs
INFO: PASS - Successfully Clicked On First Employee Record Policy Button: 
Policy name matches: AutoAPN120825091619AJO
Aug 12, 2025 5:14:19 PM base.LogResults createLogs
INFO: PASS - Successfully Fetch the Assigned Attendance Policy Name Of Employee : AutoAPN120825091619AJO=AutoAPN120825091619AJO
Aug 12, 2025 5:14:19 PM base.LogResults onlyLog
INFO: Passed - Attendance-MPI_502_Attendance_Policy_51-To verify this, activate the inactive attendance policy and ensure that the policy is successfully activated and employees are assigned to it after activation.
---------------------------------------------------------------
AttendanceMPI_502_Attendance_Policy_51
Aug 12, 2025 5:14:19 PM base.LogResults onlyLog
INFO: Total Pass : 7 Total Fail : 0  Total TC : 7
---------------------------------------------------------------
Test case took: 108.1109 seconds
Total TC Time: 00:10:19
Launching Driver...
Aug 12, 2025 5:14:21 PM org.openqa.selenium.devtools.CdpVersionFinder findNearestMatch
WARNING: Unable to find an exact match for CDP version 138, returning the closest version; found: 137; Please update to a Selenium version that supports CDP version 138
Error Index 1 out of bounds for length 1
Aug 12, 2025 5:14:23 PM base.LogResults createLogs
INFO: PASS - Application Loaded Successfully: 
Aug 12, 2025 5:14:27 PM base.LogResults createLogs
INFO: PASS - Company Code Entered in Text Box: AJZU
Aug 12, 2025 5:14:27 PM base.LogResults createLogs
INFO: PASS - Login With Password Button Is Clicked: 
Aug 12, 2025 5:14:31 PM base.LogResults createLogs
INFO: PASS - Sign in Text Is Displayed: 
Aug 12, 2025 5:14:31 PM base.LogResults createLogs
INFO: PASS - Username Is Entered In Username Text Field: AutoE120825091619@mailinator.com
Aug 12, 2025 5:14:32 PM base.LogResults createLogs
INFO: PASS - Password Is Entered In Password Text Field: Pramod@1234
Aug 12, 2025 5:14:32 PM base.LogResults createLogs
INFO: PASS - Captcha Entered On Captcha Text Field: 12345
Aug 12, 2025 5:14:32 PM base.LogResults createLogs
INFO: PASS - Clicked On Login Button: 
Aug 12, 2025 5:14:35 PM base.LogResults createLogs
INFO: PASS - Login Done  And Validated Successfully: 
Aug 12, 2025 5:14:35 PM base.LogResults createLogs
INFO: PASS - Login Done Successfully: 
Aug 12, 2025 5:14:39 PM base.LogResults createLogs
INFO: PASS - PolicyIcon Clicked Successfully: 
Aug 12, 2025 5:14:39 PM base.LogResults createLogs
INFO: PASS - PolicyMaster Loaded Successfully: 
Aug 12, 2025 5:14:39 PM base.LogResults createLogs
INFO: PASS - AttendancePolicy Clicked Successfully : 
Aug 12, 2025 5:14:41 PM base.LogResults createLogs
INFO: PASS - AttendancePolicy Page Loaded Successfully : 
Aug 12, 2025 5:14:44 PM base.LogResults createLogs
INFO: PASS - PaginationDropDown Clicked Successfully : 
Aug 12, 2025 5:14:45 PM base.LogResults createLogs
INFO: PASS - Clicked On AssignedEmpCount Successfully : 
Aug 12, 2025 5:14:47 PM base.LogResults createLogs
INFO: PASS - SearchDropDown Clicked Successfully : 
Aug 12, 2025 5:14:49 PM base.LogResults createLogs
INFO: PASS - DeptCheckBox Clicked Successfully : 
Aug 12, 2025 5:14:52 PM base.LogResults createLogs
INFO: PASS - OfficeCheckBox Clicked Successfully : 
Aug 12, 2025 5:14:52 PM base.LogResults createLogs
INFO: PASS - SearchDropDown Clicked Successfully : 
Aug 12, 2025 5:15:03 PM base.LogResults createLogs
INFO: PASS - Department Name Inputted Successfully : AutoDN120825091619
Aug 12, 2025 5:15:10 PM base.LogResults createLogs
INFO: PASS - Entered Department Name Only Displayed And Validated Successfully : AutoDN120825091619
Aug 12, 2025 5:15:18 PM base.LogResults createLogs
INFO: PASS - office Name Inputted Successfully : AutoON120825091619
Aug 12, 2025 5:15:26 PM base.LogResults createLogs
INFO: PASS - Entered office Name Only Displayed And Validated Successfully : AutoON120825091619
Aug 12, 2025 5:15:26 PM base.LogResults onlyLog
INFO: Passed - Attendance-MPI_496_Attendance_Policy_46-To verify this, open the "Assigned Employees" popup/small window and test the search functionality by entering values for the following fields: First Name, Last Name, Employee ID, Enroll ID, Designation, Department, Office Ensure the search results accurately reflect the entered criteria and display matching employee records only.
---------------------------------------------------------------
AttendanceMPI_496_Attendance_Policy_46
Aug 12, 2025 5:15:26 PM base.LogResults onlyLog
INFO: Total Pass : 8 Total Fail : 0  Total TC : 8
---------------------------------------------------------------
Test case took: 64.0811 seconds
Total TC Time: 00:11:24
Launching Driver...
Aug 12, 2025 5:15:28 PM org.openqa.selenium.devtools.CdpVersionFinder findNearestMatch
WARNING: Unable to find an exact match for CDP version 138, returning the closest version; found: 137; Please update to a Selenium version that supports CDP version 138
Error Index 1 out of bounds for length 1
Aug 12, 2025 5:15:30 PM base.LogResults createLogs
INFO: PASS - Application Loaded Successfully: 
Aug 12, 2025 5:15:34 PM base.LogResults createLogs
INFO: PASS - Company Code Entered in Text Box: AJZU
Aug 12, 2025 5:15:34 PM base.LogResults createLogs
INFO: PASS - Login With Password Button Is Clicked: 
Aug 12, 2025 5:15:38 PM base.LogResults createLogs
INFO: PASS - Sign in Text Is Displayed: 
Aug 12, 2025 5:15:39 PM base.LogResults createLogs
INFO: PASS - Username Is Entered In Username Text Field: AutoE120825091619@mailinator.com
Aug 12, 2025 5:15:39 PM base.LogResults createLogs
INFO: PASS - Password Is Entered In Password Text Field: Pramod@1234
Aug 12, 2025 5:15:39 PM base.LogResults createLogs
INFO: PASS - Captcha Entered On Captcha Text Field: 12345
Aug 12, 2025 5:15:39 PM base.LogResults createLogs
INFO: PASS - Clicked On Login Button: 
Aug 12, 2025 5:15:42 PM base.LogResults createLogs
INFO: PASS - Login Done  And Validated Successfully: 
Aug 12, 2025 5:15:42 PM base.LogResults createLogs
INFO: PASS - Login Done Successfully: 
Aug 12, 2025 5:15:47 PM base.LogResults createLogs
INFO: PASS - Directory Button Clicked Successfully: 
Aug 12, 2025 5:15:49 PM base.LogResults createLogs
INFO: PASS - Directory Page Loaded Successfully: 
Aug 12, 2025 5:15:50 PM base.LogResults createLogs
INFO: PASS - Clicked On EmployeeTab Successfully: 
Aug 12, 2025 5:15:51 PM base.LogResults createLogs
INFO: PASS - Directory Page Loaded Successfully: 
Aug 12, 2025 5:16:02 PM base.LogResults createLogs
INFO: PASS - Clicked On TotalCountDropDown Successfully: 
Aug 12, 2025 5:16:03 PM base.LogResults createLogs
INFO: PASS - Clicked On AddNewButton Successfully: 
Aug 12, 2025 5:16:06 PM base.LogResults createLogs
INFO: PASS - Employee Form Loaded Successfully: 
Aug 12, 2025 5:16:11 PM base.LogResults createLogs
INFO: PASS - Clicked On EmployeeTypeDropdown Successfully And Selected EntityName Successfully: AutoEN120825091619
Aug 12, 2025 5:16:11 PM base.LogResults createLogs
INFO: PASS - Clicked On ReportingToDropdown Successfully: 
Aug 12, 2025 5:16:13 PM base.LogResults createLogs
INFO: PASS - Clicked On ReportingTo Search Text Field And Input Is Passed: AutoAFN
Aug 12, 2025 5:16:16 PM base.LogResults createLogs
INFO: PASS - Entity Name Selected Successfully: 
Aug 12, 2025 5:16:16 PM base.LogResults createLogs
INFO: PASS - EmployeeID Entered On Employee ID Text Field: AutoEIDRPIJS
Aug 12, 2025 5:16:19 PM base.LogResults createLogs
INFO: PASS -  CompanyLocation Selected From The DropDown : AutoON120825091619
Aug 12, 2025 5:16:19 PM base.LogResults createLogs
INFO: PASS - Employee First Name Entered On Employee FirstName Text Field: AutoFNGMLDJ
Aug 12, 2025 5:16:20 PM base.LogResults createLogs
INFO: PASS - Employee Last Name Entered On Employee Last Name Text Field: AutoLNMJDEU
Aug 12, 2025 5:16:20 PM base.LogResults createLogs
INFO: PASS - Employee Email Entered On Email ID Text Field: AutoE120825091619RYA@mailinator.com
Aug 12, 2025 5:16:20 PM base.LogResults createLogs
INFO: PASS - Employee Phone Number Entered On Phone Number Text Field: 9851439104
Aug 12, 2025 5:16:20 PM base.LogResults createLogs
INFO: PASS - Employee Joining Date  Text Field Is Clicked: 
Aug 12, 2025 5:16:20 PM base.LogResults createLogs
INFO: PASS - Employee Joining Date Entered On Joining Date Text Field: 03-01-2025
Aug 12, 2025 5:16:21 PM base.LogResults createLogs
INFO: PASS - Clicked On AddEmployeeSave Successfully: 
Aug 12, 2025 5:16:24 PM base.LogResults createLogs
INFO: PASS - Clicked On GoToDirectory Successfully: 
Aug 12, 2025 5:16:30 PM base.LogResults createLogs
INFO: PASS - Directory Button Clicked Successfully: 
Aug 12, 2025 5:16:31 PM base.LogResults createLogs
INFO: PASS - Directory Page Loaded Successfully: 
Aug 12, 2025 5:16:31 PM base.LogResults createLogs
INFO: PASS - Clicked On EmployeeTab Successfully: 
Aug 12, 2025 5:16:33 PM base.LogResults createLogs
INFO: PASS - Directory Page Loaded Successfully: 
Aug 12, 2025 5:16:33 PM base.LogResults createLogs
INFO: PASS - Clicked On SearchDropDown Successfully: 
Aug 12, 2025 5:16:34 PM base.LogResults createLogs
INFO: PASS - Selected  LasTName  Successfully: 
Aug 12, 2025 5:16:34 PM base.LogResults createLogs
INFO: PASS - Clicked On SearchDropDown Successfully: 
Aug 12, 2025 5:16:38 PM base.LogResults createLogs
INFO: PASS - Clicked On Search Text Field And Pass The Created Employee LastName Successfully: AutoFNGMLDJ
Aug 12, 2025 5:16:42 PM base.LogResults createLogs
INFO: PASS - Created Employee Displayed Successfully: AutoLNMJDEU
Aug 12, 2025 5:16:42 PM base.LogResults createLogs
INFO: PASS - Successfully Clicked On First Employee Record 3dots: 
Aug 12, 2025 5:16:42 PM base.LogResults createLogs
INFO: PASS - Successfully Clicked On First Employee Record ManageProfileButton: 
Aug 12, 2025 5:16:51 PM base.LogResults createLogs
INFO: PASS - Successfully Clicked On First Employee Manage Profile EditIcon: 
Aug 12, 2025 5:16:55 PM base.LogResults createLogs
INFO: PASS - Successfully Selected  Dept: AutoDN120825091619
Aug 12, 2025 5:17:02 PM base.LogResults createLogs
INFO: PASS - Successfully Selected  Designation From Dropdown: AutoDESN120825091619
Aug 12, 2025 5:17:08 PM base.LogResults createLogs
INFO: PASS - Successfully Selected  Team From Dropdown: AutoTN120825091619
Aug 12, 2025 5:17:14 PM base.LogResults createLogs
INFO: PASS - Successfully Enter The Pin: 1975
Aug 12, 2025 5:17:21 PM base.LogResults createLogs
INFO: PASS - SaveChanges Button Clicked Successfully: 
Aug 12, 2025 5:17:29 PM base.LogResults createLogs
INFO: PASS - DefaultPolicy Button Clicked Successfully: 
Aug 12, 2025 5:17:35 PM base.LogResults createLogs
INFO: PASS - PolicyIcon Clicked Successfully: 
Aug 12, 2025 5:17:35 PM base.LogResults createLogs
INFO: PASS - PolicyMaster Loaded Successfully: 
Aug 12, 2025 5:17:36 PM base.LogResults createLogs
INFO: PASS - AttendancePolicy Clicked Successfully : 
Aug 12, 2025 5:17:37 PM base.LogResults createLogs
INFO: PASS - AttendancePolicy Page Loaded Successfully : 
Aug 12, 2025 5:17:37 PM base.LogResults createLogs
INFO: PASS - AddAttendancePolicyButton Clicked Successfully : 
Aug 12, 2025 5:17:38 PM base.LogResults createLogs
INFO: PASS - AttendancePolicy Name Entered Successfully : AutoAPN120825091619XPD
Aug 12, 2025 5:17:38 PM base.LogResults createLogs
INFO: PASS - WebPunchButton Button Successfully : 
Aug 12, 2025 5:17:39 PM base.LogResults createLogs
INFO: PASS - EnableGracePeriod Button  Successfully : 
Aug 12, 2025 5:17:40 PM base.LogResults createLogs
INFO: PASS - EarlyClockOut CheckBox Clicked  Successfully : 
Aug 12, 2025 5:17:40 PM base.LogResults createLogs
INFO: PASS - Clicked On GraceHours  Successfully : 
Aug 12, 2025 5:17:43 PM base.LogResults createLogs
INFO: PASS -  GraceHours Inputted  Successfully : 1:00
Aug 12, 2025 5:17:43 PM base.LogResults createLogs
INFO: PASS - Clicked On GraceTimeApply Button  Successfully : 
Aug 12, 2025 5:17:44 PM base.LogResults createLogs
INFO: PASS - EnableGracePeriod CheckBox Clicked  Successfully : 
Aug 12, 2025 5:17:44 PM base.LogResults createLogs
INFO: PASS - RegulationRequest CheckBox Clicked  Successfully : 
Aug 12, 2025 5:17:44 PM base.LogResults createLogs
INFO: PASS - AddEmpCriteria Button Successfully : 
Aug 12, 2025 5:17:48 PM base.LogResults createLogs
INFO: PASS - Office Name Selected  Successfully : AutoON120825091619
Aug 12, 2025 5:17:54 PM base.LogResults createLogs
INFO: PASS - Successfully Clicked  Dept DropDown: AutoDN120825091619
Aug 12, 2025 5:17:57 PM base.LogResults createLogs
INFO: PASS - Successfully Selected  Dept: AutoDN120825091619
Aug 12, 2025 5:18:00 PM base.LogResults createLogs
INFO: PASS - Successfully Clicked On  Team  Dropdown: AutoTN120825091619
Aug 12, 2025 5:18:03 PM base.LogResults createLogs
INFO: PASS - Successfully Selected  Team From Dropdown: AutoTN120825091619
Aug 12, 2025 5:18:09 PM base.LogResults createLogs
INFO: PASS - Successfully Selected  Designation From Dropdown: AutoDESN120825091619
Aug 12, 2025 5:18:16 PM base.LogResults createLogs
INFO: PASS - Successfully Selected  Employee Type From Dropdown: AutoEN120825091619
Aug 12, 2025 5:18:16 PM base.LogResults createLogs
INFO: PASS - Clicked On Apply Button Successfully : 
Aug 12, 2025 5:18:16 PM base.LogResults createLogs
INFO: PASS - CreatePolicyButton Button Successfully : 
Aug 12, 2025 5:18:24 PM base.LogResults createLogs
INFO: PASS - Yes Button Button Successfully : 
Aug 12, 2025 5:18:28 PM base.LogResults createLogs
INFO: PASS - On SearchTextField Policy Name Inputted Successfully : AutoAPN120825091619XPD
Aug 12, 2025 5:18:31 PM base.LogResults createLogs
INFO: PASS - Clicked On AssignedEmpCount Successfully : 
Aug 12, 2025 5:18:35 PM base.LogResults createLogs
INFO: PASS - Emp Record Loaded Validated Successfully : 
Aug 12, 2025 5:18:46 PM base.LogResults createLogs
INFO: PASS - Employee Name Inputted Successfully : AutoFNGMLDJ
First name matched: AutoFNGMLDJ
Aug 12, 2025 5:18:50 PM base.LogResults createLogs
INFO: PASS - Emp Criteria Added Employee FirstName Displayed Successfully : AutoFNGMLDJ=AutoFNGMLDJ
Aug 12, 2025 5:18:53 PM base.LogResults onlyLog
INFO: Passed - Attendance-MPI_498_Attendance_Policy_48-To verify this, first create an employee and assign the designation as "QC". Then, create a new policy and apply the "Add Employee Criteria" by selecting "QC" from the Department dropdown. Save the policy and click on the "Assigned Employees" count link to open the assigned employees popup. In the popup, use the search text field to search for the employee. Ensure that the employee row is displayed in the search results, confirming that the employee is correctly assigned to the policy based on the selected department criteria.
---------------------------------------------------------------
AttendanceMPI_498_Attendance_Policy_48
Aug 12, 2025 5:18:53 PM base.LogResults onlyLog
INFO: Total Pass : 9 Total Fail : 0  Total TC : 9
---------------------------------------------------------------
Test case took: 204.2547 seconds
Total TC Time: 00:14:48
Launching Driver...
Aug 12, 2025 5:18:55 PM org.openqa.selenium.devtools.CdpVersionFinder findNearestMatch
WARNING: Unable to find an exact match for CDP version 138, returning the closest version; found: 137; Please update to a Selenium version that supports CDP version 138
Error Index 1 out of bounds for length 1
Aug 12, 2025 5:18:57 PM base.LogResults createLogs
INFO: PASS - Application Loaded Successfully: 
Aug 12, 2025 5:19:01 PM base.LogResults createLogs
INFO: PASS - Company Code Entered in Text Box: AJZU
Aug 12, 2025 5:19:01 PM base.LogResults createLogs
INFO: PASS - Login With Password Button Is Clicked: 
Aug 12, 2025 5:19:05 PM base.LogResults createLogs
INFO: PASS - Sign in Text Is Displayed: 
Aug 12, 2025 5:19:05 PM base.LogResults createLogs
INFO: PASS - Username Is Entered In Username Text Field: AutoE120825091619@mailinator.com
Aug 12, 2025 5:19:06 PM base.LogResults createLogs
INFO: PASS - Password Is Entered In Password Text Field: Pramod@1234
Aug 12, 2025 5:19:06 PM base.LogResults createLogs
INFO: PASS - Captcha Entered On Captcha Text Field: 12345
Aug 12, 2025 5:19:06 PM base.LogResults createLogs
INFO: PASS - Clicked On Login Button: 
Aug 12, 2025 5:19:09 PM base.LogResults createLogs
INFO: PASS - Login Done  And Validated Successfully: 
Aug 12, 2025 5:19:09 PM base.LogResults createLogs
INFO: PASS - Login Done Successfully: 
Aug 12, 2025 5:19:14 PM base.LogResults createLogs
INFO: PASS - Directory Button Clicked Successfully: 
Aug 12, 2025 5:19:16 PM base.LogResults createLogs
INFO: PASS - Directory Page Loaded Successfully: 
Aug 12, 2025 5:19:17 PM base.LogResults createLogs
INFO: PASS - Clicked On EmployeeTab Successfully: 
Aug 12, 2025 5:19:19 PM base.LogResults createLogs
INFO: PASS - Directory Page Loaded Successfully: 
Aug 12, 2025 5:19:29 PM base.LogResults createLogs
INFO: PASS - Clicked On TotalCountDropDown Successfully: 
Aug 12, 2025 5:19:30 PM base.LogResults createLogs
INFO: PASS - Clicked On AddNewButton Successfully: 
Aug 12, 2025 5:19:33 PM base.LogResults createLogs
INFO: PASS - Employee Form Loaded Successfully: 
Aug 12, 2025 5:19:38 PM base.LogResults createLogs
INFO: PASS - Clicked On EmployeeTypeDropdown Successfully And Selected EntityName Successfully: AutoEN120825091619
Aug 12, 2025 5:19:38 PM base.LogResults createLogs
INFO: PASS - Clicked On ReportingToDropdown Successfully: 
Aug 12, 2025 5:19:41 PM base.LogResults createLogs
INFO: PASS - Clicked On ReportingTo Search Text Field And Input Is Passed: AutoAFN
Aug 12, 2025 5:19:43 PM base.LogResults createLogs
INFO: PASS - Entity Name Selected Successfully: 
Aug 12, 2025 5:19:43 PM base.LogResults createLogs
INFO: PASS - EmployeeID Entered On Employee ID Text Field: AutoEIDMHYW
Aug 12, 2025 5:19:46 PM base.LogResults createLogs
INFO: PASS -  CompanyLocation Selected From The DropDown : AutoON120825091619
Aug 12, 2025 5:19:46 PM base.LogResults createLogs
INFO: PASS - Employee First Name Entered On Employee FirstName Text Field: AutoFNVBAWO
Aug 12, 2025 5:19:46 PM base.LogResults createLogs
INFO: PASS - Employee Last Name Entered On Employee Last Name Text Field: AutoLNIOQNI
Aug 12, 2025 5:19:47 PM base.LogResults createLogs
INFO: PASS - Employee Email Entered On Email ID Text Field: AutoE120825091619XOD@mailinator.com
Aug 12, 2025 5:19:47 PM base.LogResults createLogs
INFO: PASS - Employee Phone Number Entered On Phone Number Text Field: 9851489995
Aug 12, 2025 5:19:47 PM base.LogResults createLogs
INFO: PASS - Employee Joining Date  Text Field Is Clicked: 
Aug 12, 2025 5:19:47 PM base.LogResults createLogs
INFO: PASS - Employee Joining Date Entered On Joining Date Text Field: 03-01-2025
Aug 12, 2025 5:19:47 PM base.LogResults createLogs
INFO: PASS - Clicked On AddEmployeeSave Successfully: 
Aug 12, 2025 5:19:51 PM base.LogResults createLogs
INFO: PASS - Clicked On GoToDirectory Successfully: 
Aug 12, 2025 5:19:59 PM base.LogResults createLogs
INFO: PASS - Directory Button Clicked Successfully: 
Aug 12, 2025 5:20:01 PM base.LogResults createLogs
INFO: PASS - Directory Page Loaded Successfully: 
Aug 12, 2025 5:20:02 PM base.LogResults createLogs
INFO: PASS - Clicked On EmployeeTab Successfully: 
Aug 12, 2025 5:20:04 PM base.LogResults createLogs
INFO: PASS - Directory Page Loaded Successfully: 
Aug 12, 2025 5:20:14 PM base.LogResults createLogs
INFO: PASS - Clicked On TotalCountDropDown Successfully: 
Aug 12, 2025 5:20:15 PM base.LogResults createLogs
INFO: PASS - Clicked On AddNewButton Successfully: 
Aug 12, 2025 5:20:18 PM base.LogResults createLogs
INFO: PASS - Employee Form Loaded Successfully: 
Aug 12, 2025 5:20:23 PM base.LogResults createLogs
INFO: PASS - Clicked On EmployeeTypeDropdown Successfully And Selected EntityName Successfully: AutoEN120825091619
Aug 12, 2025 5:20:23 PM base.LogResults createLogs
INFO: PASS - Clicked On ReportingToDropdown Successfully: 
Aug 12, 2025 5:20:25 PM base.LogResults createLogs
INFO: PASS - Clicked On ReportingTo Search Text Field And Input Is Passed: AutoAFN
Aug 12, 2025 5:20:28 PM base.LogResults createLogs
INFO: PASS - Entity Name Selected Successfully: 
Aug 12, 2025 5:20:28 PM base.LogResults createLogs
INFO: PASS - EmployeeID Entered On Employee ID Text Field: AutoEIDMHYWGZIOD
Aug 12, 2025 5:20:31 PM base.LogResults createLogs
INFO: PASS -  CompanyLocation Selected From The DropDown : AutoON120825091619
Aug 12, 2025 5:20:31 PM base.LogResults createLogs
INFO: PASS - Employee First Name Entered On Employee FirstName Text Field: AutotwoFYCAM
Aug 12, 2025 5:20:31 PM base.LogResults createLogs
INFO: PASS - Employee Last Name Entered On Employee Last Name Text Field: AutotwoFYCAM
Aug 12, 2025 5:20:32 PM base.LogResults createLogs
INFO: PASS - Employee Email Entered On Email ID Text Field: AutoEPLHY@mailinator.com
Aug 12, 2025 5:20:32 PM base.LogResults createLogs
INFO: PASS - Employee Phone Number Entered On Phone Number Text Field: 9851489995
Aug 12, 2025 5:20:32 PM base.LogResults createLogs
INFO: PASS - Employee Joining Date  Text Field Is Clicked: 
Aug 12, 2025 5:20:32 PM base.LogResults createLogs
INFO: PASS - Employee Joining Date Entered On Joining Date Text Field: 03-01-2025
Aug 12, 2025 5:20:32 PM base.LogResults createLogs
INFO: PASS - Clicked On AddEmployeeSave Successfully: 
Aug 12, 2025 5:20:36 PM base.LogResults createLogs
INFO: PASS - Clicked On GoToDirectory Successfully: 
Aug 12, 2025 5:20:41 PM base.LogResults createLogs
INFO: PASS - Directory Button Clicked Successfully: 
Aug 12, 2025 5:20:43 PM base.LogResults createLogs
INFO: PASS - Directory Page Loaded Successfully: 
Aug 12, 2025 5:20:43 PM base.LogResults createLogs
INFO: PASS - Clicked On EmployeeTab Successfully: 
Aug 12, 2025 5:20:45 PM base.LogResults createLogs
INFO: PASS - Directory Page Loaded Successfully: 
Aug 12, 2025 5:20:45 PM base.LogResults createLogs
INFO: PASS - Clicked On SearchDropDown Successfully: 
Aug 12, 2025 5:20:46 PM base.LogResults createLogs
INFO: PASS - Selected  LasTName  Successfully: 
Aug 12, 2025 5:20:46 PM base.LogResults createLogs
INFO: PASS - Clicked On SearchDropDown Successfully: 
Aug 12, 2025 5:20:50 PM base.LogResults createLogs
INFO: PASS - Clicked On Search Text Field And Pass The Created Employee LastName Successfully: AutoFNVBAWO
Aug 12, 2025 5:20:53 PM base.LogResults createLogs
INFO: PASS - Created Employee Displayed Successfully: AutoLNIOQNI
Aug 12, 2025 5:20:54 PM base.LogResults createLogs
INFO: PASS - Successfully Clicked On First Employee Record 3dots: 
Aug 12, 2025 5:20:54 PM base.LogResults createLogs
INFO: PASS - Successfully Clicked On First Employee Record ManageProfileButton: 
Aug 12, 2025 5:21:03 PM base.LogResults createLogs
INFO: PASS - Successfully Clicked On First Employee Manage Profile EditIcon: 
Aug 12, 2025 5:21:07 PM base.LogResults createLogs
INFO: PASS - Successfully Selected  Dept: AutoDN120825091619
Aug 12, 2025 5:21:14 PM base.LogResults createLogs
INFO: PASS - Successfully Selected  Designation From Dropdown: AutoDESN120825091619
Aug 12, 2025 5:21:21 PM base.LogResults createLogs
INFO: PASS - Successfully Selected  Grade From Dropdown: AutoGN120825091619
Aug 12, 2025 5:21:25 PM base.LogResults createLogs
INFO: PASS - Successfully Selected  Team From Dropdown: AutoTN120825091619
Aug 12, 2025 5:21:32 PM base.LogResults createLogs
INFO: PASS - Successfully Enter The Pin: 1463
Aug 12, 2025 5:21:38 PM base.LogResults createLogs
INFO: PASS - SaveChanges Button Clicked Successfully: 
Aug 12, 2025 5:21:46 PM base.LogResults createLogs
INFO: PASS - DefaultPolicy Button Clicked Successfully: 
Aug 12, 2025 5:21:53 PM base.LogResults createLogs
INFO: PASS - Directory Button Clicked Successfully: 
Aug 12, 2025 5:21:55 PM base.LogResults createLogs
INFO: PASS - Directory Page Loaded Successfully: 
Aug 12, 2025 5:21:55 PM base.LogResults createLogs
INFO: PASS - Clicked On EmployeeTab Successfully: 
Aug 12, 2025 5:21:58 PM base.LogResults createLogs
INFO: PASS - Directory Page Loaded Successfully: 
Aug 12, 2025 5:22:02 PM base.LogResults createLogs
INFO: PASS - Clicked On Search Text Field And Pass The Created Employee LastName Successfully: AutotwoFYCAM
Aug 12, 2025 5:22:05 PM base.LogResults createLogs
INFO: PASS - Created Employee Displayed Successfully: AutoLNIOQNI
Aug 12, 2025 5:22:05 PM base.LogResults createLogs
INFO: PASS - Successfully Clicked On First Employee Record 3dots: 
Aug 12, 2025 5:22:05 PM base.LogResults createLogs
INFO: PASS - Successfully Clicked On First Employee Record ManageProfileButton: 
Aug 12, 2025 5:22:15 PM base.LogResults createLogs
INFO: PASS - Successfully Clicked On First Employee Manage Profile EditIcon: 
Aug 12, 2025 5:22:18 PM base.LogResults createLogs
INFO: PASS - Successfully Selected  Dept: AutoDN120825091619
Aug 12, 2025 5:22:25 PM base.LogResults createLogs
INFO: PASS - Successfully Selected  Designation From Dropdown: AutoDESN120825091619
Aug 12, 2025 5:22:33 PM base.LogResults createLogs
INFO: PASS - Successfully Selected  Grade From Dropdown: AutoGN120825091619
Aug 12, 2025 5:22:37 PM base.LogResults createLogs
INFO: PASS - Successfully Selected  Team From Dropdown: AutoTN120825091619
Aug 12, 2025 5:22:43 PM base.LogResults createLogs
INFO: PASS - Successfully Enter The Pin: 1463
Aug 12, 2025 5:22:49 PM base.LogResults createLogs
INFO: PASS - SaveChanges Button Clicked Successfully: 
Aug 12, 2025 5:22:58 PM base.LogResults createLogs
INFO: PASS - DefaultPolicy Button Clicked Successfully: 
Aug 12, 2025 5:23:03 PM base.LogResults createLogs
INFO: PASS - Directory Button Clicked Successfully: 
Aug 12, 2025 5:23:05 PM base.LogResults createLogs
INFO: PASS - Directory Page Loaded Successfully: 
Aug 12, 2025 5:23:09 PM base.LogResults createLogs
INFO: PASS - Clicked On Search Text Field And Pass The Created Employee LastName Successfully: AutoFNVBAWO
Aug 12, 2025 5:23:12 PM base.LogResults createLogs
INFO: PASS - Created Employee Displayed Successfully: AutoLNIOQNI
Aug 12, 2025 5:23:12 PM base.LogResults createLogs
INFO: PASS - Clicked On 3Dots Successfully: 
Aug 12, 2025 5:23:13 PM base.LogResults createLogs
INFO: PASS - Clicked On WebEnrollment Successfully: 
Aug 12, 2025 5:23:16 PM base.LogResults createLogs
INFO: PASS - Clicked On FaceEnrollmentTab Successfully: 
Aug 12, 2025 5:23:30 PM base.LogResults createLogs
INFO: PASS - Image Selected For WebEnrollment Successfully: ./data/images/enrollmentimage.jpg
Aug 12, 2025 5:23:30 PM base.LogResults createLogs
INFO: PASS - Successfully Clicked On CropImage: 
Aug 12, 2025 5:23:31 PM base.LogResults createLogs
INFO: PASS - Successfully Clicked On SaveEnrollmentButton: 
Aug 12, 2025 5:24:02 PM base.LogResults createLogs
INFO: PASS - Success Msg Is Displayed: 
Aug 12, 2025 5:24:11 PM base.LogResults createLogs
INFO: PASS - Directory Button Clicked Successfully: 
Aug 12, 2025 5:24:13 PM base.LogResults createLogs
INFO: PASS - Directory Page Loaded Successfully: 
Aug 12, 2025 5:24:17 PM base.LogResults createLogs
INFO: PASS - Clicked On Search Text Field And Pass The Created Employee LastName Successfully: AutotwoFYCAM
Aug 12, 2025 5:24:20 PM base.LogResults createLogs
INFO: PASS - Created Employee Displayed Successfully: AutoLNIOQNI
Aug 12, 2025 5:24:20 PM base.LogResults createLogs
INFO: PASS - Clicked On 3Dots Successfully: 
Aug 12, 2025 5:24:21 PM base.LogResults createLogs
INFO: PASS - Clicked On WebEnrollment Successfully: 
Aug 12, 2025 5:24:24 PM base.LogResults createLogs
INFO: PASS - Clicked On FaceEnrollmentTab Successfully: 
Aug 12, 2025 5:24:38 PM base.LogResults createLogs
INFO: PASS - Image Selected For WebEnrollment Successfully: ./data/images/enrollmentimage.jpg
Aug 12, 2025 5:24:39 PM base.LogResults createLogs
INFO: PASS - Successfully Clicked On CropImage: 
Aug 12, 2025 5:24:39 PM base.LogResults createLogs
INFO: PASS - Successfully Clicked On SaveEnrollmentButton: 
Aug 12, 2025 5:25:10 PM base.LogResults createLogs
INFO: PASS - Success Msg Is Displayed: 
Aug 12, 2025 5:25:18 PM base.LogResults createLogs
INFO: PASS - PolicyIcon Clicked Successfully: 
Aug 12, 2025 5:25:18 PM base.LogResults createLogs
INFO: PASS - PolicyMaster Loaded Successfully: 
Aug 12, 2025 5:25:18 PM base.LogResults createLogs
INFO: PASS - AttendancePolicy Clicked Successfully : 
Aug 12, 2025 5:25:20 PM base.LogResults createLogs
INFO: PASS - AttendancePolicy Page Loaded Successfully : 
Aug 12, 2025 5:25:20 PM base.LogResults createLogs
INFO: PASS - AddAttendancePolicyButton Clicked Successfully : 
Aug 12, 2025 5:25:21 PM base.LogResults createLogs
INFO: PASS - AttendancePolicy Name Entered Successfully : AutoAPN120825091619MEV
Aug 12, 2025 5:25:21 PM base.LogResults createLogs
INFO: PASS - WebPunchButton Button Successfully : 
Aug 12, 2025 5:25:21 PM base.LogResults createLogs
INFO: PASS - EnableGracePeriod Button  Successfully : 
Aug 12, 2025 5:25:23 PM base.LogResults createLogs
INFO: PASS - EarlyClockOut CheckBox Clicked  Successfully : 
Aug 12, 2025 5:25:23 PM base.LogResults createLogs
INFO: PASS - Clicked On GraceHours  Successfully : 
Aug 12, 2025 5:25:26 PM base.LogResults createLogs
INFO: PASS -  GraceHours Inputted  Successfully : 1:00
Aug 12, 2025 5:25:26 PM base.LogResults createLogs
INFO: PASS - Clicked On GraceTimeApply Button  Successfully : 
Aug 12, 2025 5:25:27 PM base.LogResults createLogs
INFO: PASS - EnableGracePeriod CheckBox Clicked  Successfully : 
Aug 12, 2025 5:25:27 PM base.LogResults createLogs
INFO: PASS - RegulationRequest CheckBox Clicked  Successfully : 
Aug 12, 2025 5:25:27 PM base.LogResults createLogs
INFO: PASS - AddEmpCriteria Button Successfully : 
Aug 12, 2025 5:25:31 PM base.LogResults createLogs
INFO: PASS - Office Name Selected  Successfully : AutoON120825091619
Aug 12, 2025 5:25:36 PM base.LogResults createLogs
INFO: PASS - Successfully Clicked  Dept DropDown: AutoDN120825091619
Aug 12, 2025 5:25:39 PM base.LogResults createLogs
INFO: PASS - Successfully Selected  Dept: AutoDN120825091619
Aug 12, 2025 5:25:43 PM base.LogResults createLogs
INFO: PASS - Successfully Clicked On  Team  Dropdown: AutoTN120825091619
Aug 12, 2025 5:25:46 PM base.LogResults createLogs
INFO: PASS - Successfully Selected  Team From Dropdown: AutoTN120825091619
Aug 12, 2025 5:25:51 PM base.LogResults createLogs
INFO: PASS - Successfully Selected  Designation From Dropdown: AutoDESN120825091619
Aug 12, 2025 5:25:58 PM base.LogResults createLogs
INFO: PASS - Successfully Selected  Employee Type From Dropdown: AutoEN120825091619
Aug 12, 2025 5:26:03 PM base.LogResults createLogs
INFO: PASS - Successfully Clicked On Add More Criteria: 
Aug 12, 2025 5:26:03 PM base.LogResults createLogs
INFO: PASS - Successfully Clicked On GradeCheckBox: 
Aug 12, 2025 5:26:07 PM base.LogResults createLogs
INFO: PASS - Successfully Clicked On Add More Criteria: 
Aug 12, 2025 5:26:07 PM base.LogResults createLogs
INFO: PASS - Successfully Clicked On IncludeEmpCheckBox: 
Aug 12, 2025 5:26:12 PM base.LogResults createLogs
INFO: PASS - Successfully Clicked On Add More Criteria: 
Aug 12, 2025 5:26:12 PM base.LogResults createLogs
INFO: PASS - Successfully Clicked On ExcludeEmpCheckBox: 
Aug 12, 2025 5:26:17 PM base.LogResults createLogs
INFO: PASS - Successfully Selected  Grade From Dropdown: AutoGN120825091619
Aug 12, 2025 5:26:21 PM base.LogResults createLogs
INFO: PASS - Successfully Input The Employee First Name: AutoFNVBAWO
Aug 12, 2025 5:26:22 PM base.LogResults createLogs
INFO: PASS - Successfully Clicked On Displayed Employee First Name: AutoFNVBAWO
Aug 12, 2025 5:26:26 PM base.LogResults createLogs
INFO: PASS - Successfully Input The 2nd Employee First Name: AutotwoFYCAM
Aug 12, 2025 5:26:26 PM base.LogResults createLogs
INFO: PASS - Successfully Clicked On Displayed Employee First Name: AutoFNVBAWO
Aug 12, 2025 5:26:27 PM base.LogResults createLogs
INFO: PASS - Clicked On Apply Button Successfully : 
Aug 12, 2025 5:26:29 PM base.LogResults createLogs
INFO: PASS - CreatePolicyButton Button Successfully : 
Aug 12, 2025 5:26:37 PM base.LogResults createLogs
INFO: PASS - Yes Button Clicked Successfully : 
Aug 12, 2025 5:26:41 PM base.LogResults createLogs
INFO: PASS - On SearchTextField Policy Name Inputted Successfully : AutoAPN120825091619MEV
Aug 12, 2025 5:26:52 PM base.LogResults createLogs
INFO: PASS - Clicked On AssignedEmpCount Successfully : 
Aug 12, 2025 5:26:56 PM base.LogResults createLogs
INFO: PASS - Emp Record Loaded Validated Successfully : 
Aug 12, 2025 5:27:08 PM base.LogResults createLogs
INFO: PASS - Employee Name Inputted Successfully : AutotwoFYCAM
Aug 12, 2025 5:27:27 PM base.LogResults createLogs
INFO: FAIL - Error While Displaying Error Message: NoMatchingRecord validation failed: no such element: Unable to locate element: {"method":"xpath","selector":"//td[text()='No matching records found']"}
  (Session info: chrome=138.0.7204.184)
For documentation on this error, please visit: https://www.selenium.dev/documentation/webdriver/troubleshooting/errors#no-such-element-exception
Build info: version: '4.34.0', revision: '707dcb4246*'
System info: os.name: 'Windows 10', os.arch: 'amd64', os.version: '10.0', java.version: '17.0.11'
Driver info: org.openqa.selenium.chrome.ChromeDriver
Command: [f14fb7e6e44f51f8230814f6dfc4eeae, findElement {value=//td[text()='No matching records found'], using=xpath}]
Capabilities {acceptInsecureCerts: true, browserName: chrome, browserVersion: 138.0.7204.184, chrome: {chromedriverVersion: 138.0.7204.183 (e90faf484dd..., userDataDir: C:\Users\Pramod.C\AppData\L...}, fedcm:accounts: true, goog:chromeOptions: {debuggerAddress: localhost:64817}, networkConnectionEnabled: false, pageLoadStrategy: none, platformName: windows, proxy: Proxy(), se:cdp: ws://localhost:64817/devtoo..., se:cdpVersion: 138.0.7204.184, setWindowRect: true, strictFileInteractability: false, timeouts: {implicit: 0, pageLoad: 300000, script: 30000}, unhandledPromptBehavior: dismiss and notify, webauthn:extension:credBlob: true, webauthn:extension:largeBlob: true, webauthn:extension:minPinLength: true, webauthn:extension:prf: true, webauthn:virtualAuthenticators: true}
Session ID: f14fb7e6e44f51f8230814f6dfc4eeae
Aug 12, 2025 5:27:27 PM base.LogResults onlyLog
INFO: Failed - Attendance-MPI_499_Attendance_Policy_49-To verify this, go to the "Add Employee Criteria" section and click on "Add More Criteria." From the available filters, select "Grade" and choose a grade that is assigned to only one specific employee. After saving the policy, click on the "Assigned Employees" count link to open the list. Ensure that only the employee matching the selected grade is assigned to the policy, confirming that the grade-based filtering is working correctly.
---------------------------------------------------------------
AttendanceMPI_499_Attendance_Policy_49
Aug 12, 2025 5:27:27 PM base.LogResults onlyLog
INFO: Total Pass : 9 Total Fail : 1  Total TC : 10
---------------------------------------------------------------
Test case took: 511.0644 seconds
Total TC Time: 00:23:19
Launching Driver...
Aug 12, 2025 5:27:29 PM org.openqa.selenium.devtools.CdpVersionFinder findNearestMatch
WARNING: Unable to find an exact match for CDP version 138, returning the closest version; found: 137; Please update to a Selenium version that supports CDP version 138
Error Index 1 out of bounds for length 1
Aug 12, 2025 5:27:30 PM base.LogResults createLogs
INFO: PASS - Application Loaded Successfully: 
Aug 12, 2025 5:27:34 PM base.LogResults createLogs
INFO: PASS - Company Code Entered in Text Box: AJZU
Aug 12, 2025 5:27:35 PM base.LogResults createLogs
INFO: PASS - Login With Password Button Is Clicked: 
Aug 12, 2025 5:27:39 PM base.LogResults createLogs
INFO: PASS - Sign in Text Is Displayed: 
Aug 12, 2025 5:27:39 PM base.LogResults createLogs
INFO: PASS - Username Is Entered In Username Text Field: AutoE120825091619@mailinator.com
Aug 12, 2025 5:27:39 PM base.LogResults createLogs
INFO: PASS - Password Is Entered In Password Text Field: Pramod@1234
Aug 12, 2025 5:27:39 PM base.LogResults createLogs
INFO: PASS - Captcha Entered On Captcha Text Field: 12345
Aug 12, 2025 5:27:40 PM base.LogResults createLogs
INFO: PASS - Clicked On Login Button: 
Aug 12, 2025 5:27:42 PM base.LogResults createLogs
INFO: PASS - Login Done  And Validated Successfully: 
Aug 12, 2025 5:27:43 PM base.LogResults createLogs
INFO: PASS - Login Done Successfully: 
Aug 12, 2025 5:27:47 PM base.LogResults createLogs
INFO: PASS - PolicyIcon Clicked Successfully: 
Aug 12, 2025 5:27:47 PM base.LogResults createLogs
INFO: PASS - PolicyMaster Loaded Successfully: 
Aug 12, 2025 5:27:47 PM base.LogResults createLogs
INFO: PASS - AttendancePolicy Clicked Successfully : 
Aug 12, 2025 5:27:49 PM base.LogResults createLogs
INFO: PASS - AttendancePolicy Page Loaded Successfully : 
Aug 12, 2025 5:27:49 PM base.LogResults createLogs
INFO: PASS - AddAttendancePolicyButton Clicked Successfully : 
Aug 12, 2025 5:27:50 PM base.LogResults createLogs
INFO: PASS - AttendancePolicy Name Entered Successfully : AutoAPN120825091619GOM
Aug 12, 2025 5:27:50 PM base.LogResults createLogs
INFO: PASS - DefaultCheckBox  Successfully : 
Aug 12, 2025 5:27:50 PM base.LogResults createLogs
INFO: PASS - EnableGracePeriod Button  Successfully : 
Aug 12, 2025 5:27:52 PM base.LogResults createLogs
INFO: PASS - EarlyClockOut CheckBox Clicked  Successfully : 
Aug 12, 2025 5:27:52 PM base.LogResults createLogs
INFO: PASS - Clicked On GraceHours  Successfully : 
Aug 12, 2025 5:27:55 PM base.LogResults createLogs
INFO: PASS -  GraceHours Inputted  Successfully : 1:00
Aug 12, 2025 5:27:55 PM base.LogResults createLogs
INFO: PASS - Clicked On GraceTimeApply Button  Successfully : 
Aug 12, 2025 5:27:55 PM base.LogResults createLogs
INFO: PASS - EnableGracePeriod CheckBox Clicked  Successfully : 
Aug 12, 2025 5:27:56 PM base.LogResults createLogs
INFO: PASS - RegulationRequest CheckBox Clicked  Successfully : 
Aug 12, 2025 5:27:56 PM base.LogResults createLogs
INFO: PASS - CreatePolicyButton Button Successfully : 
Aug 12, 2025 5:28:03 PM base.LogResults createLogs
INFO: PASS - YesButton Button Successfully : 
Aug 12, 2025 5:28:10 PM base.LogResults createLogs
INFO: PASS - Directory Button Clicked Successfully: 
Aug 12, 2025 5:28:13 PM base.LogResults createLogs
INFO: PASS - Directory Page Loaded Successfully: 
Aug 12, 2025 5:28:13 PM base.LogResults createLogs
INFO: PASS - Clicked On EmployeeTab Successfully: 
Aug 12, 2025 5:28:15 PM base.LogResults createLogs
INFO: PASS - Directory Page Loaded Successfully: 
Aug 12, 2025 5:28:25 PM base.LogResults createLogs
INFO: PASS - Clicked On TotalCountDropDown Successfully: 
Aug 12, 2025 5:28:27 PM base.LogResults createLogs
INFO: PASS - Clicked On AddNewButton Successfully: 
Aug 12, 2025 5:28:29 PM base.LogResults createLogs
INFO: PASS - Employee Form Loaded Successfully: 
Aug 12, 2025 5:28:34 PM base.LogResults createLogs
INFO: PASS - Clicked On EmployeeTypeDropdown Successfully And Selected EntityName Successfully: AutoEN120825091619
Aug 12, 2025 5:28:35 PM base.LogResults createLogs
INFO: PASS - Clicked On ReportingToDropdown Successfully: 
Aug 12, 2025 5:28:37 PM base.LogResults createLogs
INFO: PASS - Clicked On ReportingTo Search Text Field And Input Is Passed: AutoAFN
Aug 12, 2025 5:28:39 PM base.LogResults createLogs
INFO: PASS - Entity Name Selected Successfully: 
Aug 12, 2025 5:28:39 PM base.LogResults createLogs
INFO: PASS - EmployeeID Entered On Employee ID Text Field: AutoEIDGQKFI
Aug 12, 2025 5:28:43 PM base.LogResults createLogs
INFO: PASS -  CompanyLocation Selected From The DropDown : AutoON120825091619
Aug 12, 2025 5:28:43 PM base.LogResults createLogs
INFO: PASS - Employee First Name Entered On Employee FirstName Text Field: AutoFNJAWCW
Aug 12, 2025 5:28:43 PM base.LogResults createLogs
INFO: PASS - Employee Last Name Entered On Employee Last Name Text Field: AutoLNIXRID
Aug 12, 2025 5:28:43 PM base.LogResults createLogs
INFO: PASS - Employee Email Entered On Email ID Text Field: AutoE120825091619PFTG@mailinator.com
Aug 12, 2025 5:28:43 PM base.LogResults createLogs
INFO: PASS - Employee Phone Number Entered On Phone Number Text Field: 9851441200
Aug 12, 2025 5:28:44 PM base.LogResults createLogs
INFO: PASS - Employee Joining Date  Text Field Is Clicked: 
Aug 12, 2025 5:28:44 PM base.LogResults createLogs
INFO: PASS - Employee Joining Date Entered On Joining Date Text Field: 03-01-2025
Aug 12, 2025 5:28:44 PM base.LogResults createLogs
INFO: PASS - Clicked On AddEmployeeSave Successfully: 
Aug 12, 2025 5:28:48 PM base.LogResults createLogs
INFO: PASS - Clicked On GoToDirectory Successfully: 
Aug 12, 2025 5:28:49 PM base.LogResults createLogs
INFO: PASS - Clicked On SearchDropDown Successfully: 
Aug 12, 2025 5:28:49 PM base.LogResults createLogs
INFO: PASS - Selected  LasTName  Successfully: 
Aug 12, 2025 5:28:50 PM base.LogResults createLogs
INFO: PASS - Clicked On SearchDropDown Successfully: 
Aug 12, 2025 5:28:54 PM base.LogResults createLogs
INFO: PASS - Clicked On Search Text Field And Pass The Created Employee LastName Successfully: AutoLNIXRID
Aug 12, 2025 5:28:57 PM base.LogResults createLogs
INFO: PASS - Created Employee Displayed Successfully: AutoLNIXRID
Aug 12, 2025 5:28:58 PM base.LogResults createLogs
INFO: PASS - Clicked On 3Dots Successfully: 
Aug 12, 2025 5:28:58 PM base.LogResults createLogs
INFO: PASS - Clicked On WebEnrollment Successfully: 
Aug 12, 2025 5:29:01 PM base.LogResults createLogs
INFO: PASS - Clicked On FaceEnrollmentTab Successfully: 
Aug 12, 2025 5:29:16 PM base.LogResults createLogs
INFO: PASS - Image Selected For WebEnrollment Successfully: ./data/images/enrollmentimage.jpg
Aug 12, 2025 5:29:16 PM base.LogResults createLogs
INFO: PASS - Successfully Clicked On CropImage: 
Aug 12, 2025 5:29:16 PM base.LogResults createLogs
INFO: PASS - Successfully Clicked On SaveEnrollmentButton: 
Aug 12, 2025 5:29:47 PM base.LogResults createLogs
INFO: PASS - Success Msg Is Displayed: 
Aug 12, 2025 5:29:56 PM base.LogResults createLogs
INFO: PASS - Directory Button Clicked Successfully: 
Aug 12, 2025 5:29:58 PM base.LogResults createLogs
INFO: PASS - Directory Page Loaded Successfully: 
Aug 12, 2025 5:29:58 PM base.LogResults createLogs
INFO: PASS - Clicked On EmployeeTab Successfully: 
Aug 12, 2025 5:30:00 PM base.LogResults createLogs
INFO: PASS - Directory Page Loaded Successfully: 
Aug 12, 2025 5:30:00 PM base.LogResults createLogs
INFO: PASS - Clicked On SearchDropDown Successfully: 
Aug 12, 2025 5:30:00 PM base.LogResults createLogs
INFO: PASS - Selected  LasTName  Successfully: 
Aug 12, 2025 5:30:01 PM base.LogResults createLogs
INFO: PASS - Clicked On SearchDropDown Successfully: 
Aug 12, 2025 5:30:05 PM base.LogResults createLogs
INFO: PASS - Clicked On Search Text Field And Pass The Created Employee LastName Successfully: AutoLNIXRID
Aug 12, 2025 5:30:08 PM base.LogResults createLogs
INFO: PASS - Created Employee Displayed Successfully: AutoLNIXRID
Aug 12, 2025 5:30:09 PM base.LogResults createLogs
INFO: PASS - Successfully Clicked On First Employee Record 3dots: 
Aug 12, 2025 5:30:09 PM base.LogResults createLogs
INFO: PASS - Successfully Clicked On First Employee Record ManageProfileButton: 
Aug 12, 2025 5:30:29 PM base.LogResults createLogs
INFO: PASS - Successfully Clicked On First Employee Record Policy Button: 
Policy name matches: AutoAPN120825091619GOM
Aug 12, 2025 5:30:32 PM base.LogResults createLogs
INFO: PASS - Successfully Fetch the Assigned Attendance Policy Name Of Employee : AutoAPN120825091619GOM=AutoAPN120825091619GOM
Aug 12, 2025 5:30:32 PM base.LogResults onlyLog
INFO: Passed - Attendance-MPI_503_Attendance_Policy_52-To verify this, create a policy and set it as the default. Then, create an employee and ensure that the employee is assigned to the created policy since it has been set as the default.
---------------------------------------------------------------
AttendanceMPI_503_Attendance_Policy_52
Aug 12, 2025 5:30:32 PM base.LogResults onlyLog
INFO: Total Pass : 10 Total Fail : 1  Total TC : 11
---------------------------------------------------------------
Test case took: 183.2661 seconds
Total TC Time: 00:26:22

===============================================
Suite
Total tests run: 11, Passes: 11, Failures: 0, Skips: 0
===============================================

