>> Console logging redirected to data/console.log
Continuing with Existing Master Data due to threshold value:110725-110725-ThreSld->3
Launching Driver...
SLF4J(W): No SLF4J providers were found.
SLF4J(W): Defaulting to no-operation (NOP) logger implementation
SLF4J(W): See https://www.slf4j.org/codes.html#noProviders for further details.
Jul 11, 2025 4:42:54 PM org.openqa.selenium.devtools.CdpVersionFinder findNearestMatch
WARNING: Unable to find an exact match for CDP version 138, returning the closest version; found: 137; Please update to a Selenium version that supports CDP version 138
Jul 11, 2025 4:42:55 PM base.LogResults createLogs
INFO: PASS - Application Loaded Successfully: 
Jul 11, 2025 4:43:05 PM base.LogResults createLogs
INFO: FAIL - Error While Entering Companycode Name: no such element: Unable to locate element: {"method":"xpath","selector":"//input[@id='CompanyCode']"}
  (Session info: chrome=138.0.7204.98)
For documentation on this error, please visit: https://www.selenium.dev/documentation/webdriver/troubleshooting/errors#no-such-element-exception
Build info: version: '4.34.0', revision: '707dcb4246*'
System info: os.name: 'Windows 10', os.arch: 'amd64', os.version: '10.0', java.version: '17.0.11'
Driver info: org.openqa.selenium.chrome.ChromeDriver
Command: [9602c5ed8ef244bb7bf103a91ec9df7f, findElement {using=xpath, value=//input[@id='CompanyCode']}]
Capabilities {acceptInsecureCerts: true, browserName: chrome, browserVersion: 138.0.7204.98, chrome: {chromedriverVersion: 138.0.7204.94 (545025748884..., userDataDir: C:\Users\Pramod.C\AppData\L...}, fedcm:accounts: true, goog:chromeOptions: {debuggerAddress: localhost:51785}, networkConnectionEnabled: false, pageLoadStrategy: none, platformName: windows, proxy: Proxy(), se:cdp: ws://localhost:51785/devtoo..., se:cdpVersion: 138.0.7204.98, setWindowRect: true, strictFileInteractability: false, timeouts: {implicit: 0, pageLoad: 300000, script: 30000}, unhandledPromptBehavior: dismiss and notify, webauthn:extension:credBlob: true, webauthn:extension:largeBlob: true, webauthn:extension:minPinLength: true, webauthn:extension:prf: true, webauthn:virtualAuthenticators: true}
Session ID: 9602c5ed8ef244bb7bf103a91ec9df7f
Jul 11, 2025 4:43:05 PM base.LogResults createLogs
INFO: PASS - Login With Password Button Is Clicked: 
Jul 11, 2025 4:43:57 PM base.LogResults createLogs
INFO: FAIL - Sign in Text isn't Displayed: Sign-in text validation failed: Sign-in text not visible.
Jul 11, 2025 4:44:07 PM base.LogResults createLogs
INFO: FAIL - Error While Entering Username: element not interactable
  (Session info: chrome=138.0.7204.98)
Build info: version: '4.34.0', revision: '707dcb4246*'
System info: os.name: 'Windows 10', os.arch: 'amd64', os.version: '10.0', java.version: '17.0.11'
Driver info: org.openqa.selenium.chrome.ChromeDriver
Command: [9602c5ed8ef244bb7bf103a91ec9df7f, sendKeysToElement {value=[Ljava.lang.CharSequence;@754de353, id=f.9BD0F315041DC83228CF1FF19CFEEF53.d.FEC77CA0A7F5519693D04147769B18B0.e.9}]
Capabilities {acceptInsecureCerts: true, browserName: chrome, browserVersion: 138.0.7204.98, chrome: {chromedriverVersion: 138.0.7204.94 (545025748884..., userDataDir: C:\Users\Pramod.C\AppData\L...}, fedcm:accounts: true, goog:chromeOptions: {debuggerAddress: localhost:51785}, networkConnectionEnabled: false, pageLoadStrategy: none, platformName: windows, proxy: Proxy(), se:cdp: ws://localhost:51785/devtoo..., se:cdpVersion: 138.0.7204.98, setWindowRect: true, strictFileInteractability: false, timeouts: {implicit: 0, pageLoad: 300000, script: 30000}, unhandledPromptBehavior: dismiss and notify, webauthn:extension:credBlob: true, webauthn:extension:largeBlob: true, webauthn:extension:minPinLength: true, webauthn:extension:prf: true, webauthn:virtualAuthenticators: true}
Element: [[ChromeDriver: chrome on windows (9602c5ed8ef244bb7bf103a91ec9df7f)] -> xpath: //input[@id='txtUsername']]
Session ID: 9602c5ed8ef244bb7bf103a91ec9df7f
Jul 11, 2025 4:44:18 PM base.LogResults createLogs
INFO: FAIL - Error While Entering Password: element not interactable
  (Session info: chrome=138.0.7204.98)
Build info: version: '4.34.0', revision: '707dcb4246*'
System info: os.name: 'Windows 10', os.arch: 'amd64', os.version: '10.0', java.version: '17.0.11'
Driver info: org.openqa.selenium.chrome.ChromeDriver
Command: [9602c5ed8ef244bb7bf103a91ec9df7f, sendKeysToElement {value=[Ljava.lang.CharSequence;@2a120c88, id=f.9BD0F315041DC83228CF1FF19CFEEF53.d.FEC77CA0A7F5519693D04147769B18B0.e.10}]
Capabilities {acceptInsecureCerts: true, browserName: chrome, browserVersion: 138.0.7204.98, chrome: {chromedriverVersion: 138.0.7204.94 (545025748884..., userDataDir: C:\Users\Pramod.C\AppData\L...}, fedcm:accounts: true, goog:chromeOptions: {debuggerAddress: localhost:51785}, networkConnectionEnabled: false, pageLoadStrategy: none, platformName: windows, proxy: Proxy(), se:cdp: ws://localhost:51785/devtoo..., se:cdpVersion: 138.0.7204.98, setWindowRect: true, strictFileInteractability: false, timeouts: {implicit: 0, pageLoad: 300000, script: 30000}, unhandledPromptBehavior: dismiss and notify, webauthn:extension:credBlob: true, webauthn:extension:largeBlob: true, webauthn:extension:minPinLength: true, webauthn:extension:prf: true, webauthn:virtualAuthenticators: true}
Element: [[ChromeDriver: chrome on windows (9602c5ed8ef244bb7bf103a91ec9df7f)] -> xpath: //input[@id='txtPassword']]
Session ID: 9602c5ed8ef244bb7bf103a91ec9df7f
Jul 11, 2025 4:44:28 PM base.LogResults createLogs
INFO: FAIL - Error While Entering  Captcha: element not interactable
  (Session info: chrome=138.0.7204.98)
Build info: version: '4.34.0', revision: '707dcb4246*'
System info: os.name: 'Windows 10', os.arch: 'amd64', os.version: '10.0', java.version: '17.0.11'
Driver info: org.openqa.selenium.chrome.ChromeDriver
Command: [9602c5ed8ef244bb7bf103a91ec9df7f, sendKeysToElement {value=[Ljava.lang.CharSequence;@7ff6804a, id=f.9BD0F315041DC83228CF1FF19CFEEF53.d.FEC77CA0A7F5519693D04147769B18B0.e.14}]
Capabilities {acceptInsecureCerts: true, browserName: chrome, browserVersion: 138.0.7204.98, chrome: {chromedriverVersion: 138.0.7204.94 (545025748884..., userDataDir: C:\Users\Pramod.C\AppData\L...}, fedcm:accounts: true, goog:chromeOptions: {debuggerAddress: localhost:51785}, networkConnectionEnabled: false, pageLoadStrategy: none, platformName: windows, proxy: Proxy(), se:cdp: ws://localhost:51785/devtoo..., se:cdpVersion: 138.0.7204.98, setWindowRect: true, strictFileInteractability: false, timeouts: {implicit: 0, pageLoad: 300000, script: 30000}, unhandledPromptBehavior: dismiss and notify, webauthn:extension:credBlob: true, webauthn:extension:largeBlob: true, webauthn:extension:minPinLength: true, webauthn:extension:prf: true, webauthn:virtualAuthenticators: true}
Element: [[ChromeDriver: chrome on windows (9602c5ed8ef244bb7bf103a91ec9df7f)] -> xpath: //input[@id='txtCaptcha']]
Session ID: 9602c5ed8ef244bb7bf103a91ec9df7f
Jul 11, 2025 4:44:28 PM base.LogResults createLogs
INFO: FAIL - Skipping rest steps as error count reached configured value : 5
Jul 11, 2025 4:44:28 PM base.LogResults onlyLog
INFO: Failed - MeghLoginTest-MPI_141_Login_page_23-To verify this, enter a employee id in the User Name / Phone Number text field of the Forgot Password step, check whether the user receives an OTP to change the password, and then change the password.
---------------------------------------------------------------
MeghLoginTestMPI_141_Login_page_23
Jul 11, 2025 4:44:28 PM base.LogResults onlyLog
INFO: Total Pass : 0 Total Fail : 1  Total TC : 1
---------------------------------------------------------------
Test case took: 94.0599 seconds
Total TC Time: 00:01:34

===============================================
Suite
Total tests run: 1, Passes: 0, Failures: 0, Skips: 1
===============================================

