>> Console logging redirected to data/console.log
Launching Driver...
SLF4J(W): No SLF4J providers were found.
SLF4J(W): Defaulting to no-operation (NOP) logger implementation
SLF4J(W): See https://www.slf4j.org/codes.html#noProviders for further details.
Aug 20, 2025 4:17:55 PM org.openqa.selenium.devtools.CdpVersionFinder findNearestMatch
WARNING: Unable to find an exact match for CDP version 139, returning the closest version; found: 137; Please update to a Selenium version that supports CDP version 139
(1386, 788)
Aug 20, 2025 4:17:58 PM base.LogResults createLogs
INFO: PASS - Application Loaded Successfully: 
Aug 20, 2025 4:18:04 PM base.LogResults createLogs
INFO: PASS - Company Code Entered in Text Box: ARBX
Aug 20, 2025 4:18:07 PM base.LogResults createLogs
INFO: PASS - Login With Password Button Is Clicked: 
Aug 20, 2025 4:18:13 PM base.LogResults createLogs
INFO: PASS - Sign in Text Is Displayed: 
Aug 20, 2025 4:18:15 PM base.LogResults createLogs
INFO: PASS - Username Is Entered In Username Text Field: AutoE190825091637@mailinator.com
Aug 20, 2025 4:18:17 PM base.LogResults createLogs
INFO: PASS - Password Is Entered In Password Text Field: Pramod@1234
Aug 20, 2025 4:18:20 PM base.LogResults createLogs
INFO: PASS - Captcha Entered On Captcha Text Field: 12345
Aug 20, 2025 4:18:22 PM base.LogResults createLogs
INFO: PASS - Clicked On Login Button: 
Aug 20, 2025 4:18:24 PM base.LogResults createLogs
INFO: PASS - Login Done  And Validated Successfully: 
Aug 20, 2025 4:18:27 PM base.LogResults createLogs
INFO: PASS - Login Done Successfully: 
Aug 20, 2025 4:18:33 PM base.LogResults createLogs
INFO: PASS - PolicyIcon Clicked Successfully: 
Aug 20, 2025 4:18:35 PM base.LogResults createLogs
INFO: PASS - PolicyMaster Loaded Successfully: 
Aug 20, 2025 4:18:37 PM base.LogResults createLogs
INFO: PASS - AttendancePolicy Clicked Successfully : 
Aug 20, 2025 4:18:40 PM base.LogResults createLogs
INFO: PASS - AttendancePolicy Page Loaded Successfully : 
Aug 20, 2025 4:18:44 PM base.LogResults createLogs
INFO: PASS - On SearchTextField Policy Name Inputted Successfully : 
Aug 20, 2025 4:18:52 PM base.LogResults createLogs
INFO: PASS - Clicked On AssignedEmpCount Successfully : 
Aug 20, 2025 4:19:14 PM base.LogResults createLogs
INFO: FAIL - All Emp Records Are Not Loaded: no such element: Unable to locate element: {"method":"xpath","selector":"//table[@id='dtEmployeeDetails']/tbody/tr[1]/td[1]/div/div/p[1]"}
  (Session info: chrome=139.0.7258.128)
For documentation on this error, please visit: https://www.selenium.dev/documentation/webdriver/troubleshooting/errors#no-such-element-exception
Build info: version: '4.28.0', revision: 'ac342546e9'
System info: os.name: 'Windows 10', os.arch: 'amd64', os.version: '10.0', java.version: '17.0.11'
Driver info: org.openqa.selenium.chrome.ChromeDriver
Command: [aea0bd32bb2a8073bce0dc5b417fdead, findElement {using=xpath, value=//table[@id='dtEmployeeDetails']/tbody/tr[1]/td[1]/div/div/p[1]}]
Capabilities {acceptInsecureCerts: true, browserName: chrome, browserVersion: 139.0.7258.128, chrome: {chromedriverVersion: 139.0.7258.138 (884e54ea8d4..., userDataDir: C:\Users\Pramod.C\AppData\L...}, fedcm:accounts: true, goog:chromeOptions: {debuggerAddress: localhost:63044}, networkConnectionEnabled: false, pageLoadStrategy: none, platformName: windows, proxy: Proxy(), se:cdp: ws://localhost:63044/devtoo..., se:cdpVersion: 139.0.7258.128, setWindowRect: true, strictFileInteractability: false, timeouts: {implicit: 0, pageLoad: 300000, script: 30000}, unhandledPromptBehavior: dismiss and notify, webauthn:extension:credBlob: true, webauthn:extension:largeBlob: true, webauthn:extension:minPinLength: true, webauthn:extension:prf: true, webauthn:virtualAuthenticators: true}
Session ID: aea0bd32bb2a8073bce0dc5b417fdead
Aug 20, 2025 4:19:28 PM base.LogResults createLogs
INFO: FAIL - Error While Fetching Emp Id: Expected condition failed: waiting for visibility of Proxy element for: DefaultElementLocator 'By.xpath: //table[@id='dtEmployeeDetails']/tbody/tr[1]/td[1]/div/div/p[2]' (tried for 10 second(s) with 500 milliseconds interval)
Aug 20, 2025 4:19:31 PM base.LogResults createLogs
INFO: PASS - SearchDropDown Clicked Successfully : 
Aug 20, 2025 4:19:33 PM base.LogResults createLogs
INFO: PASS - EmpIdCheckBox Clicked Successfully : 
Aug 20, 2025 4:19:35 PM base.LogResults createLogs
INFO: PASS - SearchDropDown Clicked Successfully : 
Aug 20, 2025 4:19:58 PM base.LogResults createLogs
INFO: FAIL - Error While Inputting Emp ID: no such element: Unable to locate element: {"method":"xpath","selector":"//input[@aria-controls='dtEmployeeDetails']"}
  (Session info: chrome=139.0.7258.128)
For documentation on this error, please visit: https://www.selenium.dev/documentation/webdriver/troubleshooting/errors#no-such-element-exception
Build info: version: '4.28.0', revision: 'ac342546e9'
System info: os.name: 'Windows 10', os.arch: 'amd64', os.version: '10.0', java.version: '17.0.11'
Driver info: org.openqa.selenium.chrome.ChromeDriver
Command: [aea0bd32bb2a8073bce0dc5b417fdead, findElement {using=xpath, value=//input[@aria-controls='dtEmployeeDetails']}]
Capabilities {acceptInsecureCerts: true, browserName: chrome, browserVersion: 139.0.7258.128, chrome: {chromedriverVersion: 139.0.7258.138 (884e54ea8d4..., userDataDir: C:\Users\Pramod.C\AppData\L...}, fedcm:accounts: true, goog:chromeOptions: {debuggerAddress: localhost:63044}, networkConnectionEnabled: false, pageLoadStrategy: none, platformName: windows, proxy: Proxy(), se:cdp: ws://localhost:63044/devtoo..., se:cdpVersion: 139.0.7258.128, setWindowRect: true, strictFileInteractability: false, timeouts: {implicit: 0, pageLoad: 300000, script: 30000}, unhandledPromptBehavior: dismiss and notify, webauthn:extension:credBlob: true, webauthn:extension:largeBlob: true, webauthn:extension:minPinLength: true, webauthn:extension:prf: true, webauthn:virtualAuthenticators: true}
Session ID: aea0bd32bb2a8073bce0dc5b417fdead
Aug 20, 2025 4:20:14 PM base.LogResults createLogs
INFO: FAIL - Error While Clicking On CloseIcon: element not interactable
  (Session info: chrome=139.0.7258.128)
Build info: version: '4.28.0', revision: 'ac342546e9'
System info: os.name: 'Windows 10', os.arch: 'amd64', os.version: '10.0', java.version: '17.0.11'
Driver info: org.openqa.selenium.chrome.ChromeDriver
Command: [aea0bd32bb2a8073bce0dc5b417fdead, clickElement {id=f.61CF03E2B9FAE6F8CB4AAA8E415CB2A2.d.15AEC26CE4A1DF4C35E52582C4CC35EB.e.1225}]
Capabilities {acceptInsecureCerts: true, browserName: chrome, browserVersion: 139.0.7258.128, chrome: {chromedriverVersion: 139.0.7258.138 (884e54ea8d4..., userDataDir: C:\Users\Pramod.C\AppData\L...}, fedcm:accounts: true, goog:chromeOptions: {debuggerAddress: localhost:63044}, networkConnectionEnabled: false, pageLoadStrategy: none, platformName: windows, proxy: Proxy(), se:cdp: ws://localhost:63044/devtoo..., se:cdpVersion: 139.0.7258.128, setWindowRect: true, strictFileInteractability: false, timeouts: {implicit: 0, pageLoad: 300000, script: 30000}, unhandledPromptBehavior: dismiss and notify, webauthn:extension:credBlob: true, webauthn:extension:largeBlob: true, webauthn:extension:minPinLength: true, webauthn:extension:prf: true, webauthn:virtualAuthenticators: true}
Element: [[ChromeDriver: chrome on windows (aea0bd32bb2a8073bce0dc5b417fdead)] -> xpath: //span[@id='spnEmployeeName']/../../a]
Session ID: aea0bd32bb2a8073bce0dc5b417fdead
Aug 20, 2025 4:20:21 PM base.LogResults createLogs
INFO: PASS - On SearchTextField Policy Name Inputted Successfully : 
