>> Console logging redirected to data/console.log
Launching Driver...
SLF4J(W): No SLF4J providers were found.
SLF4J(W): Defaulting to no-operation (NOP) logger implementation
SLF4J(W): See https://www.slf4j.org/codes.html#noProviders for further details.
Jul 14, 2025 9:48:04 AM org.openqa.selenium.devtools.CdpVersionFinder findNearestMatch
WARNING: Unable to find an exact match for CDP version 138, returning the closest version; found: 137; Please update to a Selenium version that supports CDP version 138
Jul 14, 2025 9:48:06 AM base.LogResults createLogs
INFO: PASS - Application Loaded Successfully: 
Jul 14, 2025 9:48:08 AM base.LogResults createLogs
INFO: PASS - Create An Account Button Is Clicked: 
Jul 14, 2025 9:48:09 AM base.LogResults createLogs
INFO: PASS - First Name Entered in Text Box: AutoAFNMAQ
Jul 14, 2025 9:48:09 AM base.LogResults createLogs
INFO: PASS - Last Name Entered in Text Box: AutoLNJCTS
Jul 14, 2025 9:48:09 AM base.LogResults createLogs
INFO: PASS - Email  Entered in Text Box: AutoE140725094757@mailinator.com
Jul 14, 2025 9:48:09 AM base.LogResults createLogs
INFO: PASS - Phone Number Entered in Text Box: 8217091687
Jul 14, 2025 9:48:09 AM base.LogResults createLogs
INFO: PASS - Create Password Entered in Text Box: Pramod@1234
Jul 14, 2025 9:48:10 AM base.LogResults createLogs
INFO: PASS - Confirm Password Entered in Text Box: Pramod@1234
Jul 14, 2025 9:48:10 AM base.LogResults createLogs
INFO: PASS - Successfully Cliked On SignUp Button: 
Jul 14, 2025 9:48:10 AM base.LogResults createLogs
INFO: PASS - Company Name Entered in Text Box: AutoCNCZTTE
Jul 14, 2025 9:48:14 AM base.LogResults createLogs
INFO: PASS - Company Code Entered in Text Box: APER
Jul 14, 2025 9:48:15 AM base.LogResults createLogs
INFO: PASS - Company HeadCount Selected In the Dropdown: 51 To 100
Jul 14, 2025 9:48:15 AM base.LogResults createLogs
INFO: PASS - Industry Type Selected In the Dropdown: Software Industry
Jul 14, 2025 9:48:15 AM base.LogResults createLogs
INFO: PASS - Your Role Selected In the Dropdown: Admin
Jul 14, 2025 9:48:15 AM base.LogResults createLogs
INFO: PASS - Your Role Selected In the Dropdown: 
Jul 14, 2025 9:48:26 AM base.LogResults createLogs
INFO: PASS - OTP Sent To YOP Mail: 
Jul 14, 2025 9:48:26 AM base.LogResults createLogs
INFO: PASS - Successfully Open The New Tab And URL Is Passed: 
Jul 14, 2025 9:48:29 AM base.LogResults createLogs
INFO: PASS - Successfully Clicked On GetFreeTrailButton: 
Jul 14, 2025 9:48:30 AM base.LogResults createLogs
INFO: PASS - Successfully Clicked On PopupCloseButton: 
Jul 14, 2025 9:48:36 AM base.LogResults createLogs
INFO: PASS - Successfully Inputted Emp Name: AutoE140725094757
Jul 14, 2025 9:48:36 AM base.LogResults createLogs
INFO: PASS - Successfully Clicked On SearchButtonOfMailinator: 
Jul 14, 2025 9:48:37 AM base.LogResults createLogs
INFO: PASS - Successfully Clicked On SignUp OTP Mail: 
Proxy element for: DefaultElementLocator 'By.xpath: //iframe[@id='html_msg_body']'
[[ChromeDriver: chrome on windows (13c72aa7d517c1b081cb7c513a9ffccf)] -> xpath: //body[1]/div[1]/p[2]]
HTML content: <div class="container">            <div class="date" style="margin-left: 517px ; font-size: 12px ; font-weight: bold">   </div> <p>Dear User,</p><p>Thank you for signing up! To complete your registration, please enter the following One-Time Password (OTP) on the sign-up page: <b>268108</b> <br></p><p>This OTP is valid for <b>10</b> minutes.</p><p>If you encounter any issues or have any further questions, feel free to contact at Admin/HR Department.</p><p>Thank you,</p>MeghPI<br>101, Shreeji Complex  
Near ABC Circle, Satellite Road  
Ahmedabad, Gujarat 380015  
India<br>mantra@mantratec.com<br></div>    

<br><p style="text-align: justify ; margin: 0px" class="">This email and any files
transmitted with it are confidential and intended solely for the use of the
individual or entity to whom they are addressed. If you are not the named
addressee you should not disseminate, distribute or copy this e-mail. Please notify
the sender immediately by e-mail if you have received this e-mail by mistake
and delete this e-mail from your system.<br></p><div><b><i>?</i>?</b><br></div>
<br><br><br><br><br><br><br>
Jul 14, 2025 9:48:42 AM base.LogResults createLogs
INFO: PASS - Successfully Navigated To IFrame: 
268108this is OTP
Jul 14, 2025 9:48:42 AM base.LogResults createLogs
INFO: PASS - Successfully Extracted The OTP: 268108
Jul 14, 2025 9:48:42 AM base.LogResults createLogs
INFO: PASS - Successfully Navigated Back To Application: 
Jul 14, 2025 9:48:42 AM base.LogResults createLogs
INFO: PASS - OTP Sent To YOP Mail: 268108
Jul 14, 2025 9:48:42 AM base.LogResults createLogs
INFO: PASS - Successfully Entered The Captcha: 12345
Jul 14, 2025 9:48:42 AM base.LogResults createLogs
INFO: PASS - Successfully Clicked On VerifyAndLoginButton: 
Jul 14, 2025 9:48:48 AM base.LogResults createLogs
INFO: PASS - Successfully Selected VMS: 
Jul 14, 2025 9:48:48 AM base.LogResults createLogs
INFO: PASS - Successfully Selected CMS: 
Jul 14, 2025 9:48:48 AM base.LogResults createLogs
INFO: PASS - Successfully Clicked On SaveButton: 
Jul 14, 2025 9:48:48 AM base.LogResults createLogs
INFO: FAIL - Error While Clicking On PlanF: no such element: Unable to locate element: {"method":"xpath","selector":"//input[@data-id='6']"}
  (Session info: chrome=138.0.7204.101)
For documentation on this error, please visit: https://www.selenium.dev/documentation/webdriver/troubleshooting/errors#no-such-element-exception
Build info: version: '4.34.0', revision: '707dcb4246*'
System info: os.name: 'Windows 10', os.arch: 'amd64', os.version: '10.0', java.version: '17.0.11'
Driver info: org.openqa.selenium.chrome.ChromeDriver
Command: [13c72aa7d517c1b081cb7c513a9ffccf, findElement {using=xpath, value=//input[@data-id='6']}]
Capabilities {acceptInsecureCerts: true, browserName: chrome, browserVersion: 138.0.7204.101, chrome: {chromedriverVersion: 138.0.7204.94 (545025748884..., userDataDir: C:\Users\Pramod.C\AppData\L...}, fedcm:accounts: true, goog:chromeOptions: {debuggerAddress: localhost:56433}, networkConnectionEnabled: false, pageLoadStrategy: none, platformName: windows, proxy: Proxy(), se:cdp: ws://localhost:56433/devtoo..., se:cdpVersion: 138.0.7204.101, setWindowRect: true, strictFileInteractability: false, timeouts: {implicit: 0, pageLoad: 300000, script: 30000}, unhandledPromptBehavior: dismiss and notify, webauthn:extension:credBlob: true, webauthn:extension:largeBlob: true, webauthn:extension:minPinLength: true, webauthn:extension:prf: true, webauthn:virtualAuthenticators: true}
Session ID: 13c72aa7d517c1b081cb7c513a9ffccf
Jul 14, 2025 9:48:49 AM base.LogResults createLogs
INFO: PASS - Successfully Clicked On MakePaymentButton: 
Jul 14, 2025 9:48:59 AM base.LogResults createLogs
INFO: FAIL - Error While Clicking On Cards/Credit: no such element: Unable to locate element: {"method":"xpath","selector":"//p[text()='Cards (Credit/Debit)']"}
  (Session info: chrome=138.0.7204.101)
For documentation on this error, please visit: https://www.selenium.dev/documentation/webdriver/troubleshooting/errors#no-such-element-exception
Build info: version: '4.34.0', revision: '707dcb4246*'
System info: os.name: 'Windows 10', os.arch: 'amd64', os.version: '10.0', java.version: '17.0.11'
Driver info: org.openqa.selenium.chrome.ChromeDriver
Command: [13c72aa7d517c1b081cb7c513a9ffccf, findElement {using=xpath, value=//p[text()='Cards (Credit/Debit)']}]
Capabilities {acceptInsecureCerts: true, browserName: chrome, browserVersion: 138.0.7204.101, chrome: {chromedriverVersion: 138.0.7204.94 (545025748884..., userDataDir: C:\Users\Pramod.C\AppData\L...}, fedcm:accounts: true, goog:chromeOptions: {debuggerAddress: localhost:56433}, networkConnectionEnabled: false, pageLoadStrategy: none, platformName: windows, proxy: Proxy(), se:cdp: ws://localhost:56433/devtoo..., se:cdpVersion: 138.0.7204.101, setWindowRect: true, strictFileInteractability: false, timeouts: {implicit: 0, pageLoad: 300000, script: 30000}, unhandledPromptBehavior: dismiss and notify, webauthn:extension:credBlob: true, webauthn:extension:largeBlob: true, webauthn:extension:minPinLength: true, webauthn:extension:prf: true, webauthn:virtualAuthenticators: true}
Session ID: 13c72aa7d517c1b081cb7c513a9ffccf
5123456789012346
Jul 14, 2025 9:49:09 AM base.LogResults createLogs
INFO: FAIL - Error While Clicking On Card Number: no such element: Unable to locate element: {"method":"xpath","selector":"//input[@id='cardNumber']"}
  (Session info: chrome=138.0.7204.101)
For documentation on this error, please visit: https://www.selenium.dev/documentation/webdriver/troubleshooting/errors#no-such-element-exception
Build info: version: '4.34.0', revision: '707dcb4246*'
System info: os.name: 'Windows 10', os.arch: 'amd64', os.version: '10.0', java.version: '17.0.11'
Driver info: org.openqa.selenium.chrome.ChromeDriver
Command: [13c72aa7d517c1b081cb7c513a9ffccf, findElement {using=xpath, value=//input[@id='cardNumber']}]
Capabilities {acceptInsecureCerts: true, browserName: chrome, browserVersion: 138.0.7204.101, chrome: {chromedriverVersion: 138.0.7204.94 (545025748884..., userDataDir: C:\Users\Pramod.C\AppData\L...}, fedcm:accounts: true, goog:chromeOptions: {debuggerAddress: localhost:56433}, networkConnectionEnabled: false, pageLoadStrategy: none, platformName: windows, proxy: Proxy(), se:cdp: ws://localhost:56433/devtoo..., se:cdpVersion: 138.0.7204.101, setWindowRect: true, strictFileInteractability: false, timeouts: {implicit: 0, pageLoad: 300000, script: 30000}, unhandledPromptBehavior: dismiss and notify, webauthn:extension:credBlob: true, webauthn:extension:largeBlob: true, webauthn:extension:minPinLength: true, webauthn:extension:prf: true, webauthn:virtualAuthenticators: true}
Session ID: 13c72aa7d517c1b081cb7c513a9ffccf
Jul 14, 2025 9:49:20 AM base.LogResults createLogs
INFO: FAIL - Error While Entering The Card ExpiryDate: no such element: Unable to locate element: {"method":"xpath","selector":"//input[@id='cardExpiry']"}
  (Session info: chrome=138.0.7204.101)
For documentation on this error, please visit: https://www.selenium.dev/documentation/webdriver/troubleshooting/errors#no-such-element-exception
Build info: version: '4.34.0', revision: '707dcb4246*'
System info: os.name: 'Windows 10', os.arch: 'amd64', os.version: '10.0', java.version: '17.0.11'
Driver info: org.openqa.selenium.chrome.ChromeDriver
Command: [13c72aa7d517c1b081cb7c513a9ffccf, findElement {using=xpath, value=//input[@id='cardExpiry']}]
Capabilities {acceptInsecureCerts: true, browserName: chrome, browserVersion: 138.0.7204.101, chrome: {chromedriverVersion: 138.0.7204.94 (545025748884..., userDataDir: C:\Users\Pramod.C\AppData\L...}, fedcm:accounts: true, goog:chromeOptions: {debuggerAddress: localhost:56433}, networkConnectionEnabled: false, pageLoadStrategy: none, platformName: windows, proxy: Proxy(), se:cdp: ws://localhost:56433/devtoo..., se:cdpVersion: 138.0.7204.101, setWindowRect: true, strictFileInteractability: false, timeouts: {implicit: 0, pageLoad: 300000, script: 30000}, unhandledPromptBehavior: dismiss and notify, webauthn:extension:credBlob: true, webauthn:extension:largeBlob: true, webauthn:extension:minPinLength: true, webauthn:extension:prf: true, webauthn:virtualAuthenticators: true}
Session ID: 13c72aa7d517c1b081cb7c513a9ffccf
Jul 14, 2025 9:49:30 AM base.LogResults createLogs
INFO: FAIL - Error While Entering The Card CVV: no such element: Unable to locate element: {"method":"xpath","selector":"//input[@id='cardCvv']"}
  (Session info: chrome=138.0.7204.101)
For documentation on this error, please visit: https://www.selenium.dev/documentation/webdriver/troubleshooting/errors#no-such-element-exception
Build info: version: '4.34.0', revision: '707dcb4246*'
System info: os.name: 'Windows 10', os.arch: 'amd64', os.version: '10.0', java.version: '17.0.11'
Driver info: org.openqa.selenium.chrome.ChromeDriver
Command: [13c72aa7d517c1b081cb7c513a9ffccf, findElement {using=xpath, value=//input[@id='cardCvv']}]
Capabilities {acceptInsecureCerts: true, browserName: chrome, browserVersion: 138.0.7204.101, chrome: {chromedriverVersion: 138.0.7204.94 (545025748884..., userDataDir: C:\Users\Pramod.C\AppData\L...}, fedcm:accounts: true, goog:chromeOptions: {debuggerAddress: localhost:56433}, networkConnectionEnabled: false, pageLoadStrategy: none, platformName: windows, proxy: Proxy(), se:cdp: ws://localhost:56433/devtoo..., se:cdpVersion: 138.0.7204.101, setWindowRect: true, strictFileInteractability: false, timeouts: {implicit: 0, pageLoad: 300000, script: 30000}, unhandledPromptBehavior: dismiss and notify, webauthn:extension:credBlob: true, webauthn:extension:largeBlob: true, webauthn:extension:minPinLength: true, webauthn:extension:prf: true, webauthn:virtualAuthenticators: true}
Session ID: 13c72aa7d517c1b081cb7c513a9ffccf
Jul 14, 2025 9:49:30 AM base.LogResults createLogs
INFO: FAIL - Skipping rest steps as error count reached configured value : 5
Jul 14, 2025 9:49:30 AM base.LogResults onlyLog
INFO: Failed - MeghLoginTest-MPI_4_Login_Page_04-Verify that upon entering a valid company code and clicking the Login with OTP button, the user is redirected to the Login with OTP page and an OTP is sent to the provided email address.
---------------------------------------------------------------
MeghLoginTestMPI_4_Login_Page_04
Jul 14, 2025 9:49:30 AM base.LogResults onlyLog
INFO: Total Pass : 0 Total Fail : 1  Total TC : 1
---------------------------------------------------------------
Test case took: 85.6531 seconds
Total TC Time: 00:01:25
Launching Driver...
Jul 14, 2025 9:49:34 AM org.openqa.selenium.devtools.CdpVersionFinder findNearestMatch
WARNING: Unable to find an exact match for CDP version 138, returning the closest version; found: 137; Please update to a Selenium version that supports CDP version 138
Jul 14, 2025 9:49:36 AM base.LogResults createLogs
INFO: PASS - Application Loaded Successfully: 
Jul 14, 2025 9:49:40 AM base.LogResults createLogs
INFO: PASS - Company Code Entered in Text Box: AFHU
Jul 14, 2025 9:49:40 AM base.LogResults createLogs
INFO: PASS - Login With Password Button Is Clicked: 
Jul 14, 2025 9:49:45 AM base.LogResults createLogs
INFO: PASS - Sign in Text Is Displayed: 
Jul 14, 2025 9:49:45 AM base.LogResults createLogs
INFO: PASS - Username Is Entered In Username Text Field: AutoE140725094757@mailinator.com
Jul 14, 2025 9:49:45 AM base.LogResults createLogs
INFO: PASS - Password Is Entered In Password Text Field: Pramod@1234
Jul 14, 2025 9:49:45 AM base.LogResults createLogs
INFO: PASS - Captcha Entered On Captcha Text Field: 12345
Jul 14, 2025 9:49:45 AM base.LogResults createLogs
INFO: PASS - Clicked On Login Button: 
Jul 14, 2025 9:50:31 AM base.LogResults createLogs
INFO: FAIL - Error While Validating Login Completion: Login validation attempt 2 failed: no such element: Unable to locate element: {"method":"xpath","selector":"(//body[@id='addCustomClassForBody']/section/div/div/div[2]/div[1]/div/div[1]/div[2]/div[1]/div[1]/div/div[1]/div/div[1])[1]"}
  (Session info: chrome=138.0.7204.101)
For documentation on this error, please visit: https://www.selenium.dev/documentation/webdriver/troubleshooting/errors#no-such-element-exception
Build info: version: '4.34.0', revision: '707dcb4246*'
System info: os.name: 'Windows 10', os.arch: 'amd64', os.version: '10.0', java.version: '17.0.11'
Driver info: org.openqa.selenium.chrome.ChromeDriver
Command: [32928fbaf7e1f802fb5b697f4924f1b6, findElement {using=xpath, value=(//body[@id='addCustomClassForBody']/section/div/div/div[2]/div[1]/div/div[1]/div[2]/div[1]/div[1]/div/div[1]/div/div[1])[1]}]
Capabilities {acceptInsecureCerts: true, browserName: chrome, browserVersion: 138.0.7204.101, chrome: {chromedriverVersion: 138.0.7204.94 (545025748884..., userDataDir: C:\Users\Pramod.C\AppData\L...}, fedcm:accounts: true, goog:chromeOptions: {debuggerAddress: localhost:56521}, networkConnectionEnabled: false, pageLoadStrategy: none, platformName: windows, proxy: Proxy(), se:cdp: ws://localhost:56521/devtoo..., se:cdpVersion: 138.0.7204.101, setWindowRect: true, strictFileInteractability: false, timeouts: {implicit: 0, pageLoad: 300000, script: 30000}, unhandledPromptBehavior: dismiss and notify, webauthn:extension:credBlob: true, webauthn:extension:largeBlob: true, webauthn:extension:minPinLength: true, webauthn:extension:prf: true, webauthn:virtualAuthenticators: true}
Session ID: 32928fbaf7e1f802fb5b697f4924f1b6
