>> Console logging redirected to data/console.log
Deleted: E:\MeghPiFw\MeghPIreports\RunID-20-08-25_15_31_54\chromeMeghPIAttenAPITest-Logs.txt
Deleted: E:\MeghPiFw\MeghPIreports\RunID-20-08-25_15_31_54\chromeMeghPIAttenAPITest.html
Deleted: E:\MeghPiFw\MeghPIreports\RunID-20-08-25_15_31_54\Dashboard.html
Deleted: E:\MeghPiFw\MeghPIreports\RunID-20-08-25_15_34_54\chromeMeghPIAttenAPITest-Logs.txt
Deleted: E:\MeghPiFw\MeghPIreports\RunID-20-08-25_15_34_54\chromeMeghPIAttenAPITest.html
Deleted: E:\MeghPiFw\MeghPIreports\RunID-20-08-25_15_34_54\Dashboard.html
Deleted: E:\MeghPiFw\MeghPIreports\RunID-20-08-25_15_50_01\chromeMeghPIAttenAPITest-Logs.txt
Deleted: E:\MeghPiFw\MeghPIreports\RunID-20-08-25_15_50_01\chromeMeghPIAttenAPITest.html
Deleted: E:\MeghPiFw\MeghPIreports\RunID-20-08-25_15_50_01\Dashboard.html
Deleted: E:\MeghPiFw\MeghPIreports\RunID-20-08-25_15_51_28\chromeMeghPIAttenAPITest-Logs.txt
Deleted: E:\MeghPiFw\MeghPIreports\RunID-20-08-25_15_51_28\chromeMeghPIAttenAPITest.html
Deleted: E:\MeghPiFw\MeghPIreports\RunID-20-08-25_15_51_28\Dashboard.html
Deleted: E:\MeghPiFw\MeghPIreports\RunID-20-08-25_16_01_31\chromeMeghPIAttenAPITest-Logs.txt
Deleted: E:\MeghPiFw\MeghPIreports\RunID-20-08-25_16_01_31\chromeMeghPIAttenAPITest.html
Deleted: E:\MeghPiFw\MeghPIreports\RunID-20-08-25_16_01_31\Dashboard.html
Launching Driver...
SLF4J(W): No SLF4J providers were found.
SLF4J(W): Defaulting to no-operation (NOP) logger implementation
SLF4J(W): See https://www.slf4j.org/codes.html#noProviders for further details.
Aug 25, 2025 4:13:06 PM org.openqa.selenium.devtools.CdpVersionFinder findNearestMatch
WARNING: Unable to find an exact match for CDP version 139, returning the closest version; found: 137; Please update to a Selenium version that supports CDP version 139
(1386, 788)
Aug 25, 2025 4:13:10 PM base.LogResults createLogs
INFO: PASS -  Application loaded successfully.
Aug 25, 2025 4:13:16 PM base.LogResults createLogs
INFO: PASS -  Company code entered successfully.AEWK
Aug 25, 2025 4:13:18 PM base.LogResults createLogs
INFO: PASS - Clicked On 'Login with Password' successfully.
Aug 25, 2025 4:13:25 PM base.LogResults createLogs
INFO: PASS -  Sign-in section appeared.
Aug 25, 2025 4:13:27 PM base.LogResults createLogs
INFO: PASS -  Email Id entered.AutoE250825101437@mailinator.com
Aug 25, 2025 4:13:29 PM base.LogResults createLogs
INFO: PASS -  Password entered.Pramod@1234
Aug 25, 2025 4:13:31 PM base.LogResults createLogs
INFO: PASS -  Captcha entered.12345
Aug 25, 2025 4:13:34 PM base.LogResults createLogs
INFO: PASS -  Sign-in button clicked.
Aug 25, 2025 4:13:36 PM base.LogResults createLogs
INFO: PASS -  Login validated successfully And Good Text Is Displayed.
Aug 25, 2025 4:13:38 PM base.LogResults createLogs
INFO: PASS - Login Done Successfully: 
Aug 25, 2025 4:13:41 PM base.LogResults createLogs
INFO: PASS - Leave Button Clicked Successfully Of HR Account: 
Aug 25, 2025 4:13:45 PM base.LogResults createLogs
INFO: PASS -  EmpLeaveRequestsTab Clicked Successfully Of HR Account: 
Aug 25, 2025 4:13:49 PM base.LogResults createLogs
INFO: PASS -  Filter Button Clicked Successfully : 
Aug 25, 2025 4:13:55 PM base.LogResults createLogs
INFO: PASS -  Office Selected Successfully : AutoON250825101437
Aug 25, 2025 4:13:58 PM base.LogResults createLogs
INFO: PASS -  Dept DropDown Clicked   Successfully : AutoDN250825101437
Aug 25, 2025 4:14:10 PM base.LogResults createLogs
INFO: FAIL - Error While Selecting Dept Name: no such element: Unable to locate element: {"method":"xpath","selector":"//ul[@id='select2-drpFilterDepartment-results']/li"}
  (Session info: chrome=139.0.7258.128)
For documentation on this error, please visit: https://www.selenium.dev/documentation/webdriver/troubleshooting/errors#no-such-element-exception
Build info: version: '4.28.0', revision: 'ac342546e9'
System info: os.name: 'Windows 10', os.arch: 'amd64', os.version: '10.0', java.version: '17.0.11'
Driver info: org.openqa.selenium.chrome.ChromeDriver
Command: [05de0e2b292168f3bf89b70ab6196ef8, findElement {value=//ul[@id='select2-drpFilterDepartment-results']/li, using=xpath}]
Capabilities {acceptInsecureCerts: true, browserName: chrome, browserVersion: 139.0.7258.128, chrome: {chromedriverVersion: 139.0.7258.138 (884e54ea8d4..., userDataDir: C:\Users\Pramod.C\AppData\L...}, fedcm:accounts: true, goog:chromeOptions: {debuggerAddress: localhost:51467}, networkConnectionEnabled: false, pageLoadStrategy: none, platformName: windows, proxy: Proxy(), se:cdp: ws://localhost:51467/devtoo..., se:cdpVersion: 139.0.7258.128, setWindowRect: true, strictFileInteractability: false, timeouts: {implicit: 0, pageLoad: 300000, script: 30000}, unhandledPromptBehavior: dismiss and notify, webauthn:extension:credBlob: true, webauthn:extension:largeBlob: true, webauthn:extension:minPinLength: true, webauthn:extension:prf: true, webauthn:virtualAuthenticators: true}
Session ID: 05de0e2b292168f3bf89b70ab6196ef8
Aug 25, 2025 4:14:12 PM base.LogResults createLogs
INFO: PASS -  Team DropDown Clicked   Successfully : AutoTN250825101437
Aug 25, 2025 4:14:25 PM base.LogResults createLogs
INFO: FAIL - Error While Selecting Team Name: no such element: Unable to locate element: {"method":"xpath","selector":"//ul[@id='select2-drpFilterTeam-results']/li"}
  (Session info: chrome=139.0.7258.128)
For documentation on this error, please visit: https://www.selenium.dev/documentation/webdriver/troubleshooting/errors#no-such-element-exception
Build info: version: '4.28.0', revision: 'ac342546e9'
System info: os.name: 'Windows 10', os.arch: 'amd64', os.version: '10.0', java.version: '17.0.11'
Driver info: org.openqa.selenium.chrome.ChromeDriver
Command: [05de0e2b292168f3bf89b70ab6196ef8, findElement {value=//ul[@id='select2-drpFilterTeam-results']/li, using=xpath}]
Capabilities {acceptInsecureCerts: true, browserName: chrome, browserVersion: 139.0.7258.128, chrome: {chromedriverVersion: 139.0.7258.138 (884e54ea8d4..., userDataDir: C:\Users\Pramod.C\AppData\L...}, fedcm:accounts: true, goog:chromeOptions: {debuggerAddress: localhost:51467}, networkConnectionEnabled: false, pageLoadStrategy: none, platformName: windows, proxy: Proxy(), se:cdp: ws://localhost:51467/devtoo..., se:cdpVersion: 139.0.7258.128, setWindowRect: true, strictFileInteractability: false, timeouts: {implicit: 0, pageLoad: 300000, script: 30000}, unhandledPromptBehavior: dismiss and notify, webauthn:extension:credBlob: true, webauthn:extension:largeBlob: true, webauthn:extension:minPinLength: true, webauthn:extension:prf: true, webauthn:virtualAuthenticators: true}
Session ID: 05de0e2b292168f3bf89b70ab6196ef8
Aug 25, 2025 4:14:31 PM base.LogResults createLogs
INFO: PASS -  Clicked On Save Filter Button Successfully : 
Aug 25, 2025 4:14:33 PM base.LogResults createLogs
INFO: PASS - Applied Filted Results Displayed Successfully : 
Aug 25, 2025 4:14:36 PM base.LogResults createLogs
INFO: PASS -  Filter Button Clicked Successfully : 
Aug 25, 2025 4:14:38 PM base.LogResults createLogs
INFO: PASS -   Leave Type Selected  Successfully : Sick Leave (SL)
Aug 25, 2025 4:14:44 PM base.LogResults createLogs
INFO: PASS -  Clicked On Save Filter Button Successfully : 
Aug 25, 2025 4:14:49 PM base.LogResults createLogs
INFO: FAIL - Error While Displaying Applied Filter Results For Leave Type: No matching leave type found: Sick Leave (SL)
Aug 25, 2025 4:14:51 PM base.LogResults createLogs
INFO: PASS -  Filter Button Clicked Successfully : 
Aug 25, 2025 4:14:59 PM base.LogResults createLogs
INFO: PASS - Selected Leave Status Filter Successfully : Approved
Aug 25, 2025 4:15:05 PM base.LogResults createLogs
INFO: PASS -  Clicked On Save Filter Button Successfully : 
Aug 25, 2025 4:15:10 PM base.LogResults createLogs
INFO: PASS - Applied Filted Results Displayed Successfully For Leave Status : Approved
Aug 25, 2025 4:15:10 PM base.LogResults onlyLog
INFO: Failed - MeghLeaveTest-MPI_621_Leave_23-To verify this, check the functionality of filter feature by filtering office name, dept, team, designation, employee type and leave types
---------------------------------------------------------------
MeghLeaveTestMPI_621_Leave_23
Aug 25, 2025 4:15:10 PM base.LogResults onlyLog
INFO: Total Pass : 0 Total Fail : 1  Total TC : 1
---------------------------------------------------------------
Test case took: 123.1893 seconds
Total TC Time: 00:02:03

===============================================
Suite
Total tests run: 1, Passes: 1, Failures: 0, Skips: 0
===============================================

