>> Console logging redirected to data/console.log
Deleted: E:\MeghPiFw\MeghPIreports\RunID-20-08-25_16_47_01\AllReports.html
Deleted: E:\MeghPiFw\MeghPIreports\RunID-20-08-25_16_47_01\chromeMeghMasterFileTagTest-Logs.txt
Deleted: E:\MeghPiFw\MeghPIreports\RunID-20-08-25_16_47_01\chromeMeghMasterFileTagTest.html
Deleted: E:\MeghPiFw\MeghPIreports\RunID-20-08-25_16_47_01\Dashboard.html
Deleted: E:\MeghPiFw\MeghPIreports\RunID-20-08-25_16_47_01\screenshot\20-08-2025-044705.png
Deleted: E:\MeghPiFw\MeghPIreports\RunID-20-08-25_16_47_01\screenshot\20-08-2025-044711.png
Deleted: E:\MeghPiFw\MeghPIreports\RunID-20-08-25_16_47_01\screenshot\20-08-2025-044713.png
Deleted: E:\MeghPiFw\MeghPIreports\RunID-20-08-25_16_47_01\screenshot\20-08-2025-044720.png
Deleted: E:\MeghPiFw\MeghPIreports\RunID-20-08-25_16_47_01\screenshot\20-08-2025-044722.png
Deleted: E:\MeghPiFw\MeghPIreports\RunID-20-08-25_16_47_01\screenshot\20-08-2025-044724.png
Deleted: E:\MeghPiFw\MeghPIreports\RunID-20-08-25_16_47_01\screenshot\20-08-2025-044726.png
Deleted: E:\MeghPiFw\MeghPIreports\RunID-20-08-25_16_47_01\screenshot\20-08-2025-044729.png
Deleted: E:\MeghPiFw\MeghPIreports\RunID-20-08-25_16_47_01\screenshot\20-08-2025-044731.png
Deleted: E:\MeghPiFw\MeghPIreports\RunID-20-08-25_16_47_01\screenshot\20-08-2025-044733.png
Deleted: E:\MeghPiFw\MeghPIreports\RunID-20-08-25_16_47_01\screenshot\20-08-2025-044738.png
Deleted: E:\MeghPiFw\MeghPIreports\RunID-20-08-25_16_47_01\screenshot\20-08-2025-044741.png
Deleted: E:\MeghPiFw\MeghPIreports\RunID-20-08-25_16_47_01\screenshot\20-08-2025-044755.png
Deleted: E:\MeghPiFw\MeghPIreports\RunID-20-08-25_16_47_01\screenshot\20-08-2025-044803.png
Deleted: E:\MeghPiFw\MeghPIreports\RunID-20-08-25_16_47_01\screenshot\20-08-2025-044805.png
Deleted: E:\MeghPiFw\MeghPIreports\RunID-20-08-25_16_47_01\screenshot\20-08-2025-044815.png
Deleted: E:\MeghPiFw\MeghPIreports\RunID-20-08-25_16_47_01\screenshot\20-08-2025-044818.png
Deleted: E:\MeghPiFw\MeghPIreports\RunID-20-08-25_16_47_01\screenshot\20-08-2025-044820.png
Deleted: E:\MeghPiFw\MeghPIreports\RunID-20-08-25_16_47_01\screenshot\20-08-2025-044828.png
Deleted: E:\MeghPiFw\MeghPIreports\RunID-20-08-25_16_47_01\screenshot\20-08-2025-044843.png
Deleted: E:\MeghPiFw\MeghPIreports\RunID-20-08-25_16_47_01\screenshot\20-08-2025-044850.png
Deleted: E:\MeghPiFw\MeghPIreports\RunID-20-08-25_16_47_01\screenshot\20-08-2025-044852.png
Deleted: E:\MeghPiFw\MeghPIreports\RunID-20-08-25_16_47_01\screenshot\20-08-2025-044902.png
Deleted: E:\MeghPiFw\MeghPIreports\RunID-20-08-25_16_47_01\screenshot\20-08-2025-044905.png
Deleted: E:\MeghPiFw\MeghPIreports\RunID-20-08-25_16_47_01\screenshot\20-08-2025-044907.png
Deleted: E:\MeghPiFw\MeghPIreports\RunID-20-08-25_16_47_01\screenshot\20-08-2025-044918.png
Deleted: E:\MeghPiFw\MeghPIreports\RunID-20-08-25_16_47_01\screenshot\20-08-2025-044921.png
Deleted: E:\MeghPiFw\MeghPIreports\RunID-20-08-25_16_47_01\screenshot\20-08-2025-044923.png
Deleted: E:\MeghPiFw\MeghPIreports\RunID-20-08-25_16_47_01\screenshot\20-08-2025-044925.png
Deleted: E:\MeghPiFw\MeghPIreports\RunID-20-08-25_16_47_01\screenshot\20-08-2025-044927.png
Deleted: E:\MeghPiFw\MeghPIreports\RunID-20-08-25_16_47_01\screenshot\20-08-2025-044930.png
Deleted: E:\MeghPiFw\MeghPIreports\RunID-20-08-25_16_47_01\screenshot\20-08-2025-044935.png
Deleted: E:\MeghPiFw\MeghPIreports\RunID-20-08-25_16_47_01\screenshot\20-08-2025-044940.png
Deleted: E:\MeghPiFw\MeghPIreports\RunID-20-08-25_16_47_01\screenshot\20-08-2025-044943.png
Deleted: E:\MeghPiFw\MeghPIreports\RunID-20-08-25_16_47_01\screenshot\20-08-2025-044950.png
Deleted: E:\MeghPiFw\MeghPIreports\RunID-20-08-25_17_00_15\AllReports.html
Deleted: E:\MeghPiFw\MeghPIreports\RunID-20-08-25_17_00_15\chromeMeghMasterRolePermissionTest-Logs.txt
Deleted: E:\MeghPiFw\MeghPIreports\RunID-20-08-25_17_00_15\chromeMeghMasterRolePermissionTest.html
Deleted: E:\MeghPiFw\MeghPIreports\RunID-20-08-25_17_00_15\Dashboard.html
Deleted: E:\MeghPiFw\MeghPIreports\RunID-20-08-25_17_00_15\screenshot\20-08-2025-050019.png
Deleted: E:\MeghPiFw\MeghPIreports\RunID-20-08-25_17_00_15\screenshot\20-08-2025-050025.png
Deleted: E:\MeghPiFw\MeghPIreports\RunID-20-08-25_17_00_15\screenshot\20-08-2025-050028.png
Deleted: E:\MeghPiFw\MeghPIreports\RunID-20-08-25_17_00_15\screenshot\20-08-2025-050034.png
Deleted: E:\MeghPiFw\MeghPIreports\RunID-20-08-25_17_00_15\screenshot\20-08-2025-050036.png
Deleted: E:\MeghPiFw\MeghPIreports\RunID-20-08-25_17_00_15\screenshot\20-08-2025-050038.png
Deleted: E:\MeghPiFw\MeghPIreports\RunID-20-08-25_17_00_15\screenshot\20-08-2025-050041.png
Deleted: E:\MeghPiFw\MeghPIreports\RunID-20-08-25_17_00_15\screenshot\20-08-2025-050043.png
Deleted: E:\MeghPiFw\MeghPIreports\RunID-20-08-25_17_00_15\screenshot\20-08-2025-050045.png
Deleted: E:\MeghPiFw\MeghPIreports\RunID-20-08-25_17_00_15\screenshot\20-08-2025-050047.png
Deleted: E:\MeghPiFw\MeghPIreports\RunID-20-08-25_17_00_15\screenshot\20-08-2025-050054.png
Deleted: E:\MeghPiFw\MeghPIreports\RunID-20-08-25_17_00_15\screenshot\20-08-2025-050057.png
Deleted: E:\MeghPiFw\MeghPIreports\RunID-20-08-25_17_00_15\screenshot\20-08-2025-050059.png
Deleted: E:\MeghPiFw\MeghPIreports\RunID-20-08-25_17_00_15\screenshot\20-08-2025-050102.png
Deleted: E:\MeghPiFw\MeghPIreports\RunID-20-08-25_17_00_15\screenshot\20-08-2025-050104.png
Deleted: E:\MeghPiFw\MeghPIreports\RunID-20-08-25_17_00_15\screenshot\20-08-2025-050106.png
Deleted: E:\MeghPiFw\MeghPIreports\RunID-20-08-25_17_00_15\screenshot\20-08-2025-050108.png
Deleted: E:\MeghPiFw\MeghPIreports\RunID-20-08-25_17_00_15\screenshot\20-08-2025-050111.png
Deleted: E:\MeghPiFw\MeghPIreports\RunID-20-08-25_17_00_15\screenshot\20-08-2025-050116.png
Deleted: E:\MeghPiFw\MeghPIreports\RunID-20-08-25_17_00_15\screenshot\20-08-2025-050122.png
Deleted: E:\MeghPiFw\MeghPIreports\RunID-20-08-25_17_00_15\screenshot\20-08-2025-050124.png
Deleted: E:\MeghPiFw\MeghPIreports\RunID-20-08-25_17_00_15\screenshot\20-08-2025-050127.png
Deleted: E:\MeghPiFw\MeghPIreports\RunID-20-08-25_17_00_15\screenshot\20-08-2025-050133.png
Deleted: E:\MeghPiFw\MeghPIreports\RunID-20-08-25_17_13_32\AllReports.html
Deleted: E:\MeghPiFw\MeghPIreports\RunID-20-08-25_17_13_32\chromeMeghMasterRolePermissionTest-Logs.txt
Deleted: E:\MeghPiFw\MeghPIreports\RunID-20-08-25_17_13_32\chromeMeghMasterRolePermissionTest.html
Deleted: E:\MeghPiFw\MeghPIreports\RunID-20-08-25_17_13_32\Dashboard.html
Deleted: E:\MeghPiFw\MeghPIreports\RunID-20-08-25_17_13_32\screenshot\20-08-2025-051336.png
Deleted: E:\MeghPiFw\MeghPIreports\RunID-20-08-25_17_13_32\screenshot\20-08-2025-051342.png
Deleted: E:\MeghPiFw\MeghPIreports\RunID-20-08-25_17_13_32\screenshot\20-08-2025-051345.png
Deleted: E:\MeghPiFw\MeghPIreports\RunID-20-08-25_17_13_32\screenshot\20-08-2025-051351.png
Deleted: E:\MeghPiFw\MeghPIreports\RunID-20-08-25_17_13_32\screenshot\20-08-2025-051353.png
Deleted: E:\MeghPiFw\MeghPIreports\RunID-20-08-25_17_13_32\screenshot\20-08-2025-051355.png
Deleted: E:\MeghPiFw\MeghPIreports\RunID-20-08-25_17_13_32\screenshot\20-08-2025-051358.png
Deleted: E:\MeghPiFw\MeghPIreports\RunID-20-08-25_17_13_32\screenshot\20-08-2025-051400.png
Deleted: E:\MeghPiFw\MeghPIreports\RunID-20-08-25_17_13_32\screenshot\20-08-2025-051402.png
Deleted: E:\MeghPiFw\MeghPIreports\RunID-20-08-25_17_13_32\screenshot\20-08-2025-051405.png
Deleted: E:\MeghPiFw\MeghPIreports\RunID-20-08-25_17_13_32\screenshot\20-08-2025-051412.png
Deleted: E:\MeghPiFw\MeghPIreports\RunID-20-08-25_17_13_32\screenshot\20-08-2025-051414.png
Deleted: E:\MeghPiFw\MeghPIreports\RunID-20-08-25_17_13_32\screenshot\20-08-2025-051416.png
Deleted: E:\MeghPiFw\MeghPIreports\RunID-20-08-25_17_13_32\screenshot\20-08-2025-051419.png
Deleted: E:\MeghPiFw\MeghPIreports\RunID-20-08-25_17_13_32\screenshot\20-08-2025-051421.png
Deleted: E:\MeghPiFw\MeghPIreports\RunID-20-08-25_17_13_32\screenshot\20-08-2025-051423.png
Deleted: E:\MeghPiFw\MeghPIreports\RunID-20-08-25_17_13_32\screenshot\20-08-2025-051426.png
Deleted: E:\MeghPiFw\MeghPIreports\RunID-20-08-25_17_13_32\screenshot\20-08-2025-051428.png
Deleted: E:\MeghPiFw\MeghPIreports\RunID-20-08-25_17_13_32\screenshot\20-08-2025-051433.png
Deleted: E:\MeghPiFw\MeghPIreports\RunID-20-08-25_17_13_32\screenshot\20-08-2025-051439.png
Deleted: E:\MeghPiFw\MeghPIreports\RunID-20-08-25_17_13_32\screenshot\20-08-2025-051442.png
Deleted: E:\MeghPiFw\MeghPIreports\RunID-20-08-25_17_13_32\screenshot\20-08-2025-051444.png
Deleted: E:\MeghPiFw\MeghPIreports\RunID-20-08-25_17_13_32\screenshot\20-08-2025-051450.png
Deleted: E:\MeghPiFw\MeghPIreports\RunID-20-08-25_17_19_54\AllReports.html
Deleted: E:\MeghPiFw\MeghPIreports\RunID-20-08-25_17_19_54\chromeMeghMasterRolePermissionTest-Logs.txt
Deleted: E:\MeghPiFw\MeghPIreports\RunID-20-08-25_17_19_54\chromeMeghMasterRolePermissionTest.html
Deleted: E:\MeghPiFw\MeghPIreports\RunID-20-08-25_17_19_54\Dashboard.html
Deleted: E:\MeghPiFw\MeghPIreports\RunID-20-08-25_17_19_54\screenshot\20-08-2025-051958.png
Deleted: E:\MeghPiFw\MeghPIreports\RunID-20-08-25_17_19_54\screenshot\20-08-2025-052005.png
Deleted: E:\MeghPiFw\MeghPIreports\RunID-20-08-25_17_19_54\screenshot\20-08-2025-052007.png
Deleted: E:\MeghPiFw\MeghPIreports\RunID-20-08-25_17_19_54\screenshot\20-08-2025-052013.png
Deleted: E:\MeghPiFw\MeghPIreports\RunID-20-08-25_17_19_54\screenshot\20-08-2025-052016.png
Deleted: E:\MeghPiFw\MeghPIreports\RunID-20-08-25_17_19_54\screenshot\20-08-2025-052018.png
Deleted: E:\MeghPiFw\MeghPIreports\RunID-20-08-25_17_19_54\screenshot\20-08-2025-052020.png
Deleted: E:\MeghPiFw\MeghPIreports\RunID-20-08-25_17_19_54\screenshot\20-08-2025-052022.png
Deleted: E:\MeghPiFw\MeghPIreports\RunID-20-08-25_17_19_54\screenshot\20-08-2025-052025.png
Deleted: E:\MeghPiFw\MeghPIreports\RunID-20-08-25_17_19_54\screenshot\20-08-2025-052027.png
Deleted: E:\MeghPiFw\MeghPIreports\RunID-20-08-25_17_19_54\screenshot\20-08-2025-052034.png
Deleted: E:\MeghPiFw\MeghPIreports\RunID-20-08-25_17_19_54\screenshot\20-08-2025-052036.png
Deleted: E:\MeghPiFw\MeghPIreports\RunID-20-08-25_17_19_54\screenshot\20-08-2025-052039.png
Deleted: E:\MeghPiFw\MeghPIreports\RunID-20-08-25_17_19_54\screenshot\20-08-2025-052041.png
Deleted: E:\MeghPiFw\MeghPIreports\RunID-20-08-25_17_19_54\screenshot\20-08-2025-052043.png
Deleted: E:\MeghPiFw\MeghPIreports\RunID-20-08-25_17_19_54\screenshot\20-08-2025-052046.png
Deleted: E:\MeghPiFw\MeghPIreports\RunID-20-08-25_17_19_54\screenshot\20-08-2025-052106.png
Launching Driver...
SLF4J(W): No SLF4J providers were found.
SLF4J(W): Defaulting to no-operation (NOP) logger implementation
SLF4J(W): See https://www.slf4j.org/codes.html#noProviders for further details.
Aug 25, 2025 5:34:22 PM org.openqa.selenium.devtools.CdpVersionFinder findNearestMatch
WARNING: Unable to find an exact match for CDP version 139, returning the closest version; found: 137; Please update to a Selenium version that supports CDP version 139
(1386, 788)
Aug 25, 2025 5:34:26 PM base.LogResults createLogs
INFO: PASS - Application Loaded Successfully: 
Aug 25, 2025 5:34:32 PM base.LogResults createLogs
INFO: PASS - Company Code Entered in Text Box: AEWK
Aug 25, 2025 5:34:35 PM base.LogResults createLogs
INFO: PASS - Login With Password Button Is Clicked: 
Aug 25, 2025 5:34:41 PM base.LogResults createLogs
INFO: PASS - Sign in Text Is Displayed: 
Aug 25, 2025 5:34:43 PM base.LogResults createLogs
INFO: PASS - Username Is Entered In Username Text Field: autoEIDYNULDF
Aug 25, 2025 5:34:45 PM base.LogResults createLogs
INFO: PASS - Password Is Entered In Password Text Field: autoEIDYNULDF
Aug 25, 2025 5:34:48 PM base.LogResults createLogs
INFO: PASS - Captcha Entered On Captcha Text Field: 12345
Aug 25, 2025 5:34:50 PM base.LogResults createLogs
INFO: PASS - Clicked On Login Button: 
Aug 25, 2025 5:34:52 PM base.LogResults createLogs
INFO: PASS - Login Done  And Validated Successfully: 
Aug 25, 2025 5:34:54 PM base.LogResults createLogs
INFO: PASS - Login Done Successfully: 
Aug 25, 2025 5:34:57 PM base.LogResults createLogs
INFO: PASS - Leave Button Clicked Successfully Of Employee Account: 
Aug 25, 2025 5:35:01 PM base.LogResults createLogs
INFO: PASS -  EmpLeaveRequestsTab Clicked Successfully Of Employee Account: 
Aug 25, 2025 5:35:15 PM base.LogResults createLogs
INFO: FAIL - Error While Selecting Pagination: no such element: Unable to locate element: {"method":"xpath","selector":"//select[@name='dtLeave_length']"}
  (Session info: chrome=139.0.7258.128)
For documentation on this error, please visit: https://www.selenium.dev/documentation/webdriver/troubleshooting/errors#no-such-element-exception
Build info: version: '4.28.0', revision: 'ac342546e9'
System info: os.name: 'Windows 10', os.arch: 'amd64', os.version: '10.0', java.version: '17.0.11'
Driver info: org.openqa.selenium.chrome.ChromeDriver
Command: [e0f4cc0fd918e85ebe878d69011ca034, findElement {value=//select[@name='dtLeave_length'], using=xpath}]
Capabilities {acceptInsecureCerts: true, browserName: chrome, browserVersion: 139.0.7258.128, chrome: {chromedriverVersion: 139.0.7258.138 (884e54ea8d4..., userDataDir: C:\Users\Pramod.C\AppData\L...}, fedcm:accounts: true, goog:chromeOptions: {debuggerAddress: localhost:54372}, networkConnectionEnabled: false, pageLoadStrategy: none, platformName: windows, proxy: Proxy(), se:cdp: ws://localhost:54372/devtoo..., se:cdpVersion: 139.0.7258.128, setWindowRect: true, strictFileInteractability: false, timeouts: {implicit: 0, pageLoad: 300000, script: 30000}, unhandledPromptBehavior: dismiss and notify, webauthn:extension:credBlob: true, webauthn:extension:largeBlob: true, webauthn:extension:minPinLength: true, webauthn:extension:prf: true, webauthn:virtualAuthenticators: true}
Session ID: e0f4cc0fd918e85ebe878d69011ca034
Aug 25, 2025 5:35:23 PM base.LogResults createLogs
INFO: PASS - Monthly Leave Summary DrpIcon Clicked  Successfully : 
Table Status Counts: {}
=== Statistics Comparison ===
UI -> Applied: 5, Table: 0
UI -> Pending: 1, Table: 0
UI -> Approved: 1, Table: 0
UI -> Rejected: 2, Table: 0
UI -> Revoked: 1, Table: 0
Comparison Failed: Mismatch in total Applied Leaves. UI: 5 Table: 0
Aug 25, 2025 5:35:25 PM base.LogResults createLogs
INFO: FAIL - Error While Verifying  Monthly Leave Summary With Table: Mismatch in total Applied Leaves. UI: 5 Table: 0
Aug 25, 2025 5:35:25 PM base.LogResults onlyLog
INFO: Failed - MeghLeaveTest-MPI_603_Leave_05-To verify this, check whether the counts for 'Pending', 'Approved', 'Rejected', 'Revoked', and the total 'Applied Leaves' are displayed accurately according to the number of records.
---------------------------------------------------------------
MeghLeaveTestMPI_603_Leave_05
Aug 25, 2025 5:35:25 PM base.LogResults onlyLog
INFO: Total Pass : 0 Total Fail : 1  Total TC : 1
---------------------------------------------------------------
Test case took: 62.2105 seconds
Total TC Time: 00:01:02

===============================================
Suite
Total tests run: 1, Passes: 1, Failures: 0, Skips: 0
===============================================

