>> Console logging redirected to data/console.log
Continuing with Existing Master Data due to threshold value:150725-150725-ThreSld->3
Launching Driver...
SLF4J(W): No SLF4J providers were found.
SLF4J(W): Defaulting to no-operation (NOP) logger implementation
SLF4J(W): See https://www.slf4j.org/codes.html#noProviders for further details.
Jul 15, 2025 2:35:08 PM org.openqa.selenium.devtools.CdpVersionFinder findNearestMatch
WARNING: Unable to find an exact match for CDP version 138, returning the closest version; found: 137; Please update to a Selenium version that supports CDP version 138
Jul 15, 2025 2:35:09 PM base.LogResults createLogs
INFO: PASS - Application Loaded Successfully: 
Jul 15, 2025 2:35:14 PM base.LogResults createLogs
INFO: PASS - Company Code Entered in Text Box: ASJL
Jul 15, 2025 2:35:14 PM base.LogResults createLogs
INFO: PASS - Login With Password Button Is Clicked: 
Jul 15, 2025 2:35:18 PM base.LogResults createLogs
INFO: PASS - Sign in Text Is Displayed: 
Jul 15, 2025 2:35:18 PM base.LogResults createLogs
INFO: PASS - Username Is Entered In Username Text Field: AutoE150725142816@mailinator.com
Jul 15, 2025 2:35:18 PM base.LogResults createLogs
INFO: PASS - Password Is Entered In Password Text Field: Pramod@1234
Jul 15, 2025 2:35:19 PM base.LogResults createLogs
INFO: PASS - Captcha Entered On Captcha Text Field: 12345
Jul 15, 2025 2:35:19 PM base.LogResults createLogs
INFO: PASS - Clicked On Login Button: 
Jul 15, 2025 2:35:21 PM base.LogResults createLogs
INFO: PASS - login Validated Successfully: 
Jul 15, 2025 2:35:21 PM base.LogResults createLogs
INFO: PASS - SettingIcon   Clicked Successfully: 
Jul 15, 2025 2:35:22 PM base.LogResults createLogs
INFO: PASS - GeneralSettings   Clicked Successfully: 
Jul 15, 2025 2:35:23 PM base.LogResults createLogs
INFO: PASS - WebEnrollmentSelectOption Selected Successfully: 
Jul 15, 2025 2:35:23 PM base.LogResults createLogs
INFO: PASS - Yes Selected Successfully: 
Jul 15, 2025 2:35:24 PM base.LogResults createLogs
INFO: PASS - WebEnrollmentTypesFace Selected Successfully: 
Jul 15, 2025 2:35:24 PM base.LogResults createLogs
INFO: PASS - WebEnrollmentTypesCard Selected Successfully: 
Jul 15, 2025 2:35:24 PM base.LogResults createLogs
INFO: PASS - SaveChangesButton Clicked Successfully: 
Jul 15, 2025 2:35:29 PM base.LogResults createLogs
INFO: PASS - Directory Button Clicked Successfully: 
Jul 15, 2025 2:35:30 PM base.LogResults createLogs
INFO: PASS - Directory Page Loaded Successfully: 
Jul 15, 2025 2:35:31 PM base.LogResults createLogs
INFO: PASS - Company Tab  Clicked Successfully: 
Jul 15, 2025 2:35:31 PM base.LogResults createLogs
INFO: PASS - EntityTypeButton  Clicked Successfully: 
Jul 15, 2025 2:35:32 PM base.LogResults createLogs
INFO: PASS - EntityType Page Loaded Successfully: 
Jul 15, 2025 2:35:32 PM base.LogResults createLogs
INFO: PASS -  Successfully Clicked On AddEntityTypeButton: 
Jul 15, 2025 2:35:33 PM base.LogResults createLogs
INFO: PASS -  Entityname Entered In The Entiry Name TextField: AutoEN150725142816
Jul 15, 2025 2:35:33 PM base.LogResults createLogs
INFO: PASS -  Entity Card Type Selected Successfullly: STAFF
Jul 15, 2025 2:35:33 PM base.LogResults createLogs
INFO: PASS -  Successfullly Clicked On AddEntityTypeSave Button: 
Jul 15, 2025 2:35:34 PM base.LogResults createLogs
INFO: PASS - Clicked On EmployeeTab Successfully: 
Jul 15, 2025 2:35:36 PM base.LogResults createLogs
INFO: PASS - Directory Page Loaded Successfully: 
Jul 15, 2025 2:35:42 PM base.LogResults createLogs
INFO: PASS - Clicked On TotalCountDropDown Successfully: 
Jul 15, 2025 2:35:43 PM base.LogResults createLogs
INFO: PASS - Clicked On AddNewButton Successfully: 
Jul 15, 2025 2:35:46 PM base.LogResults createLogs
INFO: PASS - Employee Form Loaded Successfully: 
Jul 15, 2025 2:35:48 PM base.LogResults createLogs
INFO: PASS - Clicked On EmployeeTypeDropdown Successfully And Added EntityName Displayed Successfully: AutoEN150725142816
Jul 15, 2025 2:35:51 PM base.LogResults onlyLog
INFO: Passed - MeghMasterEntityTypeTest-MPI_308_EntityType_01-To verify this, create a new entity type and ensure that the added entity is displayed in the entity dropdown on the Add New Employee form.
---------------------------------------------------------------
MeghMasterEntityTypeTestMPI_308_EntityType_01
Jul 15, 2025 2:35:51 PM base.LogResults onlyLog
INFO: Total Pass : 1 Total Fail : 0  Total TC : 1
---------------------------------------------------------------
Test case took: 42.9538 seconds
Total TC Time: 00:00:42
cmpcode and emailidASJLAutoE150725142816@mailinator.com
Launching Driver...
Jul 15, 2025 2:35:53 PM org.openqa.selenium.devtools.CdpVersionFinder findNearestMatch
WARNING: Unable to find an exact match for CDP version 138, returning the closest version; found: 137; Please update to a Selenium version that supports CDP version 138
Jul 15, 2025 2:35:55 PM base.LogResults createLogs
INFO: PASS - Application Loaded Successfully: 
Jul 15, 2025 2:35:59 PM base.LogResults createLogs
INFO: PASS - Company Code Entered in Text Box: ASJL
Jul 15, 2025 2:35:59 PM base.LogResults createLogs
INFO: PASS - Login With Password Button Is Clicked: 
Jul 15, 2025 2:36:03 PM base.LogResults createLogs
INFO: PASS - Sign in Text Is Displayed: 
Jul 15, 2025 2:36:04 PM base.LogResults createLogs
INFO: PASS - Username Is Entered In Username Text Field: AutoE150725142816@mailinator.com
Jul 15, 2025 2:36:04 PM base.LogResults createLogs
INFO: PASS - Password Is Entered In Password Text Field: Pramod@1234
Jul 15, 2025 2:36:04 PM base.LogResults createLogs
INFO: PASS - Captcha Entered On Captcha Text Field: 12345
Jul 15, 2025 2:36:04 PM base.LogResults createLogs
INFO: PASS - Clicked On Login Button: 
Jul 15, 2025 2:36:07 PM base.LogResults createLogs
INFO: PASS - login Validated Successfully: 
Jul 15, 2025 2:36:12 PM base.LogResults createLogs
INFO: PASS - Directory Button Clicked Successfully: 
Jul 15, 2025 2:36:13 PM base.LogResults createLogs
INFO: PASS - Directory Page Loaded Successfully: 
Jul 15, 2025 2:36:13 PM base.LogResults createLogs
INFO: PASS - Company Tab  Clicked Successfully: 
Jul 15, 2025 2:36:14 PM base.LogResults createLogs
INFO: PASS - Office Button  Clicked Successfully: 
Jul 15, 2025 2:36:14 PM base.LogResults createLogs
INFO: PASS -  Successfully Clicked On AddOfficeButton : 
Jul 15, 2025 2:36:15 PM base.LogResults createLogs
INFO: PASS -  OfficeName Entered In the Office Name TextField : AutoON150725142816
Jul 15, 2025 2:36:16 PM base.LogResults createLogs
INFO: PASS -  Office Type Selected In the Office Type Dropdown : 
Jul 15, 2025 2:36:16 PM base.LogResults createLogs
INFO: PASS -  Country Selected In the Country  Dropdown : 
Jul 15, 2025 2:36:16 PM base.LogResults createLogs
INFO: FAIL - Error while Selecting The State : Cannot locate option with text: Gujarat
For documentation on this error, please visit: https://www.selenium.dev/documentation/webdriver/troubleshooting/errors#no-such-element-exception
Build info: version: '4.34.0', revision: '707dcb4246*'
System info: os.name: 'Windows 10', os.arch: 'amd64', os.version: '10.0', java.version: '17.0.11'
Driver info: driver.version: unknown
Jul 15, 2025 2:36:16 PM base.LogResults createLogs
INFO: PASS -  Successfully Clicked On CompanyLocationSaveButton : 
Jul 15, 2025 2:36:23 PM base.LogResults createLogs
INFO: PASS - Directory Button Clicked Successfully: 
Jul 15, 2025 2:36:25 PM base.LogResults createLogs
INFO: PASS - Directory Page Loaded Successfully: 
Jul 15, 2025 2:36:25 PM base.LogResults createLogs
INFO: PASS - Company Tab  Clicked Successfully: 
Jul 15, 2025 2:36:26 PM base.LogResults createLogs
INFO: PASS - Department Tab  Clicked Successfully: 
Jul 15, 2025 2:36:26 PM base.LogResults createLogs
INFO: PASS - Add Department Tab  Clicked Successfully: 
Jul 15, 2025 2:36:27 PM base.LogResults createLogs
INFO: PASS - Department Name Entered Successfully: AutoDN150725142816
Jul 15, 2025 2:36:27 PM base.LogResults createLogs
INFO: PASS - Successfully Clicked On Add Department Save Button: 
Jul 15, 2025 2:36:31 PM base.LogResults createLogs
INFO: PASS - Successfully Clicked On DepartmentMapping Button: 
Jul 15, 2025 2:36:31 PM base.LogResults createLogs
INFO: PASS - Successfully Clicked On AddDepartmentMapping Button: 
Jul 15, 2025 2:36:32 PM base.LogResults createLogs
INFO: PASS - Successfully Selected Department: AutoDN150725142816
Jul 15, 2025 2:36:32 PM base.LogResults createLogs
INFO: FAIL - Error while Selecting OfficeName : Cannot locate option with text: AutoON150725142816
For documentation on this error, please visit: https://www.selenium.dev/documentation/webdriver/troubleshooting/errors#no-such-element-exception
Build info: version: '4.34.0', revision: '707dcb4246*'
System info: os.name: 'Windows 10', os.arch: 'amd64', os.version: '10.0', java.version: '17.0.11'
Driver info: driver.version: unknown
Jul 15, 2025 2:36:33 PM base.LogResults createLogs
INFO: PASS - AddDeptMappingSaveButton Clicked Successfully: 
Jul 15, 2025 2:36:39 PM base.LogResults createLogs
INFO: PASS - Directory Button Clicked Successfully: 
Jul 15, 2025 2:36:40 PM base.LogResults createLogs
INFO: PASS - Company Tab  Clicked Successfully: 
Jul 15, 2025 2:36:41 PM base.LogResults createLogs
INFO: PASS - Team Button  Clicked Successfully: 
Jul 15, 2025 2:36:42 PM base.LogResults createLogs
INFO: PASS - Add Team Button  Clicked Successfully: 
Jul 15, 2025 2:36:43 PM base.LogResults createLogs
INFO: PASS - Team Name Is Entered In Team Name Text Field: AutoTN150725142816
Jul 15, 2025 2:36:43 PM base.LogResults createLogs
INFO: PASS - Team Save Button  Clicked Successfully: 
