>> Console logging redirected to data/console.log
Launching Driver...
SLF4J(W): No SLF4J providers were found.
SLF4J(W): Defaulting to no-operation (NOP) logger implementation
SLF4J(W): See https://www.slf4j.org/codes.html#noProviders for further details.
Aug 25, 2025 6:25:11 PM org.openqa.selenium.devtools.CdpVersionFinder findNearestMatch
WARNING: Unable to find an exact match for CDP version 139, returning the closest version; found: 137; Please update to a Selenium version that supports CDP version 139
(1386, 788)
Aug 25, 2025 6:25:15 PM base.LogResults createLogs
INFO: PASS -  Application loaded successfully.
Aug 25, 2025 6:25:22 PM base.LogResults createLogs
INFO: PASS -  Company code entered successfully.AEWK
Aug 25, 2025 6:25:24 PM base.LogResults createLogs
INFO: PASS - Clicked On 'Login with Password' successfully.
Aug 25, 2025 6:25:30 PM base.LogResults createLogs
INFO: PASS -  Sign-in section appeared.
Aug 25, 2025 6:25:32 PM base.LogResults createLogs
INFO: PASS -  Email Id entered.AutoE250825101437@mailinator.com
Aug 25, 2025 6:25:37 PM base.LogResults createLogs
INFO: PASS -  Password entered.Pramod@1234
Aug 25, 2025 6:25:39 PM base.LogResults createLogs
INFO: PASS -  Captcha entered.12345
Aug 25, 2025 6:25:41 PM base.LogResults createLogs
INFO: PASS -  Sign-in button clicked.
Aug 25, 2025 6:25:44 PM base.LogResults createLogs
INFO: PASS -  Login validated successfully And Good Text Is Displayed.
Aug 25, 2025 6:25:46 PM base.LogResults createLogs
INFO: PASS - Login Done Successfully: 
Aug 25, 2025 6:25:48 PM base.LogResults createLogs
INFO: PASS - Leave Button Clicked Successfully Of HR Account: 
Aug 25, 2025 6:25:53 PM base.LogResults createLogs
INFO: PASS -  EmpLeaveRequestsTab Clicked Successfully Of HR Account: 
Aug 25, 2025 6:26:06 PM base.LogResults createLogs
INFO: PASS - Leave Request Page 100 Per Page Selected  Successfully : 
Aug 25, 2025 6:26:13 PM base.LogResults createLogs
INFO: PASS - Monthly Leave Summary DrpIcon Clicked  Successfully : 
Comparison Passed: UI and Table values match.
Aug 25, 2025 6:26:15 PM base.LogResults createLogs
INFO: PASS - Monthly Leave Summary Count Is Verified With No Of Records Present In Table  Successfully : 
Aug 25, 2025 6:26:15 PM base.LogResults onlyLog
INFO: Passed - MeghLeaveTest-MPI_603_Leave_05-To verify this, check whether the counts for 'Pending', 'Approved', 'Rejected', 'Revoked', and the total 'Applied Leaves' are displayed accurately according to the number of records.
---------------------------------------------------------------
MeghLeaveTestMPI_603_Leave_05
Aug 25, 2025 6:26:15 PM base.LogResults onlyLog
INFO: Total Pass : 1 Total Fail : 0  Total TC : 1
---------------------------------------------------------------
Test case took: 63.5549 seconds
Total TC Time: 00:01:03

===============================================
Suite
Total tests run: 1, Passes: 1, Failures: 0, Skips: 0
===============================================

