>> Console logging redirected to data/console.log
Continuing with Existing Master Data due to threshold value:120825-120825-ThreSld->3
Launching Driver...
SLF4J(W): No SLF4J providers were found.
SLF4J(W): Defaulting to no-operation (NOP) logger implementation
SLF4J(W): See https://www.slf4j.org/codes.html#noProviders for further details.
Aug 12, 2025 6:41:50 PM org.openqa.selenium.devtools.CdpVersionFinder findNearestMatch
WARNING: Unable to find an exact match for CDP version 138, returning the closest version; found: 137; Please update to a Selenium version that supports CDP version 138
Error Index 1 out of bounds for length 1
Aug 12, 2025 6:41:52 PM base.LogResults createLogs
INFO: PASS - Application Loaded Successfully: 
Aug 12, 2025 6:41:56 PM base.LogResults createLogs
INFO: PASS - Company Code Entered in Text Box: AJZU
Aug 12, 2025 6:41:56 PM base.LogResults createLogs
INFO: PASS - Login With Password Button Is Clicked: 
Aug 12, 2025 6:42:00 PM base.LogResults createLogs
INFO: PASS - Sign in Text Is Displayed: 
Aug 12, 2025 6:42:01 PM base.LogResults createLogs
INFO: PASS - Username Is Entered In Username Text Field: AutoE120825091619@mailinator.com
Aug 12, 2025 6:42:01 PM base.LogResults createLogs
INFO: PASS - Password Is Entered In Password Text Field: Pramod@1234
Aug 12, 2025 6:42:01 PM base.LogResults createLogs
INFO: PASS - Captcha Entered On Captcha Text Field: 12345
Aug 12, 2025 6:42:01 PM base.LogResults createLogs
INFO: PASS - Clicked On Login Button: 
Aug 12, 2025 6:42:04 PM base.LogResults createLogs
INFO: PASS - Login Done  And Validated Successfully: 
Aug 12, 2025 6:42:04 PM base.LogResults createLogs
INFO: PASS - Login Done Successfully: 
Aug 12, 2025 6:42:09 PM base.LogResults createLogs
INFO: PASS - Directory Button Clicked Successfully: 
Aug 12, 2025 6:42:11 PM base.LogResults createLogs
INFO: PASS - Directory Page Loaded Successfully: 
Aug 12, 2025 6:42:11 PM base.LogResults createLogs
INFO: PASS - Company Tab  Clicked Successfully: 
Aug 12, 2025 6:42:12 PM base.LogResults createLogs
INFO: PASS - Designation Button  Clicked Successfully: 
Aug 12, 2025 6:42:15 PM base.LogResults createLogs
INFO: PASS - Designation Page Loaded Successfully: 
Aug 12, 2025 6:42:15 PM base.LogResults createLogs
INFO: PASS - Add Designation Button  Clicked Successfully: 
Aug 12, 2025 6:42:16 PM base.LogResults createLogs
INFO: PASS -  Designation Entered In The Input Successfully: AutoDESNVYLSPH
Aug 12, 2025 6:42:16 PM base.LogResults createLogs
INFO: PASS - Successfully Clicked On Designation Save Button : 
Aug 12, 2025 6:42:22 PM base.LogResults createLogs
INFO: PASS - Successfully Enter The Designation Name On Search Text Field : AutoDESNVYLSPH
Aug 12, 2025 6:42:30 PM base.LogResults createLogs
INFO: PASS - Designation 3 Dots  Clicked Successfully: 
Aug 12, 2025 6:42:33 PM base.LogResults createLogs
INFO: PASS - Designation Edit Buton  Clicked Successfully: 
Aug 12, 2025 6:42:34 PM base.LogResults createLogs
INFO: PASS -  Designation Entered In The Input Successfully: AutoDESNVYLSPH228
Aug 12, 2025 6:42:34 PM base.LogResults createLogs
INFO: PASS - Successfully Clicked On Designation Save Button : 
Aug 12, 2025 6:42:41 PM base.LogResults createLogs
INFO: PASS - Successfully Enter The Designation Name On Search Text Field : AutoDESNVYLSPH228
Aug 12, 2025 6:42:45 PM base.LogResults createLogs
INFO: PASS - Successfully Display The Searched Designation : AutoDESNVYLSPH228
Aug 12, 2025 6:42:48 PM base.LogResults onlyLog
INFO: Passed - Attendance-MPI_233_Designation_02-To verify this, edit the designation and confirm that the update is successful by searching for the updated designation
---------------------------------------------------------------
AttendanceMPI_233_Designation_02
Aug 12, 2025 6:42:48 PM base.LogResults onlyLog
INFO: Total Pass : 1 Total Fail : 0  Total TC : 1
---------------------------------------------------------------
Test case took: 57.3073 seconds
Total TC Time: 00:00:57
Launching Driver...
Aug 12, 2025 6:42:50 PM org.openqa.selenium.devtools.CdpVersionFinder findNearestMatch
WARNING: Unable to find an exact match for CDP version 138, returning the closest version; found: 137; Please update to a Selenium version that supports CDP version 138
Error Index 1 out of bounds for length 1
Aug 12, 2025 6:42:52 PM base.LogResults createLogs
INFO: PASS - Application Loaded Successfully: 
Aug 12, 2025 6:42:56 PM base.LogResults createLogs
INFO: PASS - Company Code Entered in Text Box: AJZU
Aug 12, 2025 6:42:56 PM base.LogResults createLogs
INFO: PASS - Login With Password Button Is Clicked: 
Aug 12, 2025 6:43:00 PM base.LogResults createLogs
INFO: PASS - Sign in Text Is Displayed: 
Aug 12, 2025 6:43:00 PM base.LogResults createLogs
INFO: PASS - Username Is Entered In Username Text Field: AutoE120825091619@mailinator.com
Aug 12, 2025 6:43:01 PM base.LogResults createLogs
INFO: PASS - Password Is Entered In Password Text Field: Pramod@1234
Aug 12, 2025 6:43:01 PM base.LogResults createLogs
INFO: PASS - Captcha Entered On Captcha Text Field: 12345
Aug 12, 2025 6:43:01 PM base.LogResults createLogs
INFO: PASS - Clicked On Login Button: 
Aug 12, 2025 6:43:03 PM base.LogResults createLogs
INFO: PASS - Login Done  And Validated Successfully: 
Aug 12, 2025 6:43:04 PM base.LogResults createLogs
INFO: PASS - Login Done Successfully: 
Aug 12, 2025 6:43:08 PM base.LogResults createLogs
INFO: PASS - Directory Button Clicked Successfully: 
Aug 12, 2025 6:43:11 PM base.LogResults createLogs
INFO: PASS - Directory Page Loaded Successfully: 
Aug 12, 2025 6:43:11 PM base.LogResults createLogs
INFO: PASS - Company Tab  Clicked Successfully: 
Aug 12, 2025 6:43:12 PM base.LogResults createLogs
INFO: PASS - Designation Button  Clicked Successfully: 
Aug 12, 2025 6:43:13 PM base.LogResults createLogs
INFO: PASS - Designation Page Loaded Successfully: 
Aug 12, 2025 6:43:13 PM base.LogResults createLogs
INFO: PASS - Add Designation Button  Clicked Successfully: 
Aug 12, 2025 6:43:15 PM base.LogResults createLogs
INFO: PASS -  Designation Entered In The Input Successfully: 
Aug 12, 2025 6:43:15 PM base.LogResults createLogs
INFO: PASS - Successfully Clicked On Designation Save Button : 
Aug 12, 2025 6:43:16 PM base.LogResults createLogs
INFO: PASS -  Successfully Displayed Error Message : 
Aug 12, 2025 6:43:16 PM base.LogResults onlyLog
INFO: Passed - Attendance-MPI_234_Designation_03-To verify this, attempt to create a duplicate designation and ensure that a proper error message is displayed.
---------------------------------------------------------------
AttendanceMPI_234_Designation_03
Aug 12, 2025 6:43:16 PM base.LogResults onlyLog
INFO: Total Pass : 2 Total Fail : 0  Total TC : 2
---------------------------------------------------------------
Test case took: 25.6338 seconds
Total TC Time: 00:01:22
Launching Driver...
Aug 12, 2025 6:43:18 PM org.openqa.selenium.devtools.CdpVersionFinder findNearestMatch
WARNING: Unable to find an exact match for CDP version 138, returning the closest version; found: 137; Please update to a Selenium version that supports CDP version 138
Error Index 1 out of bounds for length 1
Aug 12, 2025 6:43:20 PM base.LogResults createLogs
INFO: PASS - Application Loaded Successfully: 
Aug 12, 2025 6:43:24 PM base.LogResults createLogs
INFO: PASS - Company Code Entered in Text Box: AJZU
Aug 12, 2025 6:43:24 PM base.LogResults createLogs
INFO: PASS - Login With Password Button Is Clicked: 
Aug 12, 2025 6:43:29 PM base.LogResults createLogs
INFO: PASS - Sign in Text Is Displayed: 
Aug 12, 2025 6:43:29 PM base.LogResults createLogs
INFO: PASS - Username Is Entered In Username Text Field: AutoE120825091619@mailinator.com
Aug 12, 2025 6:43:29 PM base.LogResults createLogs
INFO: PASS - Password Is Entered In Password Text Field: Pramod@1234
Aug 12, 2025 6:43:29 PM base.LogResults createLogs
INFO: PASS - Captcha Entered On Captcha Text Field: 12345
Aug 12, 2025 6:43:29 PM base.LogResults createLogs
INFO: PASS - Clicked On Login Button: 
Aug 12, 2025 6:43:32 PM base.LogResults createLogs
INFO: PASS - Login Done  And Validated Successfully: 
Aug 12, 2025 6:43:32 PM base.LogResults createLogs
INFO: PASS - Login Done Successfully: 
Aug 12, 2025 6:43:37 PM base.LogResults createLogs
INFO: PASS - Directory Button Clicked Successfully: 
Aug 12, 2025 6:43:40 PM base.LogResults createLogs
INFO: PASS - Directory Page Loaded Successfully: 
Aug 12, 2025 6:43:40 PM base.LogResults createLogs
INFO: PASS - Company Tab  Clicked Successfully: 
Aug 12, 2025 6:43:41 PM base.LogResults createLogs
INFO: PASS - Designation Button  Clicked Successfully: 
Aug 12, 2025 6:43:41 PM base.LogResults createLogs
INFO: PASS - Designation Page Loaded Successfully: 
Aug 12, 2025 6:43:45 PM base.LogResults createLogs
INFO: PASS - Successfully Enter The Designation Name On Search Text Field : AutoDESNVYLSPH228
Aug 12, 2025 6:43:49 PM base.LogResults createLogs
INFO: PASS - Successfully Turn Off The Designation Toggle Switch : 
Aug 12, 2025 6:43:52 PM base.LogResults createLogs
INFO: PASS -  Successfully Clicked On Ok Button : 
Aug 12, 2025 6:43:52 PM base.LogResults createLogs
INFO: PASS - Clicked On EmployeeTab Successfully: 
Aug 12, 2025 6:43:54 PM base.LogResults createLogs
INFO: PASS - Directory Page Loaded Successfully: 
Aug 12, 2025 6:43:54 PM base.LogResults createLogs
INFO: PASS - Successfully Clicked On First Employee Record 3dots: 
Aug 12, 2025 6:43:54 PM base.LogResults createLogs
INFO: PASS - Successfully Clicked On First Employee Record ManageProfileButton: 
Aug 12, 2025 6:44:04 PM base.LogResults createLogs
INFO: PASS - Successfully Clicked On First Employee Manage Profile EditIcon: 
Aug 12, 2025 6:44:10 PM base.LogResults createLogs
INFO: PASS - Manage Profile Designation DropDown Clicked Successfully: 
Aug 12, 2025 6:44:10 PM base.LogResults createLogs
INFO: PASS -  Disabled Designation Name Entered In The Input Successfully: AutoDESNVYLSPH228
Aug 12, 2025 6:44:10 PM base.LogResults createLogs
INFO: PASS - DropDownErrorMsg Displayed Successfully: 
Aug 12, 2025 6:44:13 PM base.LogResults onlyLog
INFO: Passed - Attendance-MPI_245_Designation_14-To verify this, disable the Designation and ensure disabled Designation name is't displayed in the employee manage profile "Designation" dropdown
---------------------------------------------------------------
AttendanceMPI_245_Designation_14
Aug 12, 2025 6:44:13 PM base.LogResults onlyLog
INFO: Total Pass : 3 Total Fail : 0  Total TC : 3
---------------------------------------------------------------
Test case took: 54.7575 seconds
Total TC Time: 00:02:17
Launching Driver...
Aug 12, 2025 6:44:16 PM org.openqa.selenium.devtools.CdpVersionFinder findNearestMatch
WARNING: Unable to find an exact match for CDP version 138, returning the closest version; found: 137; Please update to a Selenium version that supports CDP version 138
Error Index 1 out of bounds for length 1
Aug 12, 2025 6:44:17 PM base.LogResults createLogs
INFO: PASS - Application Loaded Successfully: 
Aug 12, 2025 6:44:22 PM base.LogResults createLogs
INFO: PASS - Company Code Entered in Text Box: AJZU
Aug 12, 2025 6:44:22 PM base.LogResults createLogs
INFO: PASS - Login With Password Button Is Clicked: 
Aug 12, 2025 6:44:26 PM base.LogResults createLogs
INFO: PASS - Sign in Text Is Displayed: 
Aug 12, 2025 6:44:26 PM base.LogResults createLogs
INFO: PASS - Username Is Entered In Username Text Field: AutoE120825091619@mailinator.com
Aug 12, 2025 6:44:26 PM base.LogResults createLogs
INFO: PASS - Password Is Entered In Password Text Field: Pramod@1234
Aug 12, 2025 6:44:27 PM base.LogResults createLogs
INFO: PASS - Captcha Entered On Captcha Text Field: 12345
Aug 12, 2025 6:44:27 PM base.LogResults createLogs
INFO: PASS - Clicked On Login Button: 
Aug 12, 2025 6:44:29 PM base.LogResults createLogs
INFO: PASS - Login Done  And Validated Successfully: 
Aug 12, 2025 6:44:29 PM base.LogResults createLogs
INFO: PASS - Login Done Successfully: 
Aug 12, 2025 6:44:35 PM base.LogResults createLogs
INFO: PASS - Directory Button Clicked Successfully: 
Aug 12, 2025 6:44:37 PM base.LogResults createLogs
INFO: PASS - Directory Page Loaded Successfully: 
Aug 12, 2025 6:44:37 PM base.LogResults createLogs
INFO: PASS - Company Tab  Clicked Successfully: 
Aug 12, 2025 6:44:38 PM base.LogResults createLogs
INFO: PASS - Designation Button  Clicked Successfully: 
Aug 12, 2025 6:44:39 PM base.LogResults createLogs
INFO: PASS - Designation Page Loaded Successfully: 
Aug 12, 2025 6:44:44 PM base.LogResults createLogs
INFO: PASS - Successfully Enter The Designation Name On Search Text Field : AutoDESNVYLSPH228
Aug 12, 2025 6:44:48 PM base.LogResults createLogs
INFO: PASS - Successfully Turn On The Designation Toggle Switch : 
Aug 12, 2025 6:44:50 PM base.LogResults createLogs
INFO: PASS -  Successfully Clicked On Ok Button : 
Aug 12, 2025 6:44:50 PM base.LogResults createLogs
INFO: PASS - Clicked On EmployeeTab Successfully: 
Aug 12, 2025 6:44:52 PM base.LogResults createLogs
INFO: PASS - Directory Page Loaded Successfully: 
Aug 12, 2025 6:44:53 PM base.LogResults createLogs
INFO: PASS - Successfully Clicked On First Employee Record 3dots: 
Aug 12, 2025 6:44:53 PM base.LogResults createLogs
INFO: PASS - Successfully Clicked On First Employee Record ManageProfileButton: 
Aug 12, 2025 6:45:02 PM base.LogResults createLogs
INFO: PASS - Successfully Clicked On First Employee Manage Profile EditIcon: 
Aug 12, 2025 6:45:09 PM base.LogResults createLogs
INFO: PASS - Manage Profile Designation DropDown Clicked Successfully: 
Aug 12, 2025 6:45:09 PM base.LogResults createLogs
INFO: PASS -  Disabled Designation Name Entered In The Input Successfully: AutoDESNVYLSPH228
Aug 12, 2025 6:45:09 PM base.LogResults createLogs
INFO: PASS - Created Designation Displayed Successfully: 
Aug 12, 2025 6:45:11 PM base.LogResults onlyLog
INFO: Passed - Attendance-MPI_246_Designation_15-To verify this, enable a previously disabled Designation record and ensure that, after enabling, the enabled designation name appears in the 'designation' dropdown which is in Employee Manage Profile section.
---------------------------------------------------------------
AttendanceMPI_246_Designation_15
Aug 12, 2025 6:45:11 PM base.LogResults onlyLog
INFO: Total Pass : 4 Total Fail : 0  Total TC : 4
---------------------------------------------------------------
Test case took: 54.6897 seconds
Total TC Time: 00:03:12

===============================================
Suite
Total tests run: 4, Passes: 4, Failures: 0, Skips: 0
===============================================

