>> Console logging redirected to data/console.log
Launching Driver...
SLF4J(W): No SLF4J providers were found.
SLF4J(W): Defaulting to no-operation (NOP) logger implementation
SLF4J(W): See https://www.slf4j.org/codes.html#noProviders for further details.
Aug 22, 2025 7:02:56 PM org.openqa.selenium.devtools.CdpVersionFinder findNearestMatch
WARNING: Unable to find an exact match for CDP version 139, returning the closest version; found: 137; Please update to a Selenium version that supports CDP version 139
(1386, 788)
Aug 22, 2025 7:03:00 PM base.LogResults createLogs
INFO: PASS -  Application loaded successfully.
Aug 22, 2025 7:03:06 PM base.LogResults createLogs
INFO: PASS -  Company code entered successfully.ADKK
Aug 22, 2025 7:03:08 PM base.LogResults createLogs
INFO: PASS - Clicked On 'Login with Password' successfully.
Aug 22, 2025 7:03:15 PM base.LogResults createLogs
INFO: PASS -  Sign-in section appeared.
Aug 22, 2025 7:03:17 PM base.LogResults createLogs
INFO: PASS -  Email Id entered.AutoE210825171640@mailinator.com
Aug 22, 2025 7:03:19 PM base.LogResults createLogs
INFO: PASS -  Password entered.Pramod@1234
Aug 22, 2025 7:03:21 PM base.LogResults createLogs
INFO: PASS -  Captcha entered.12345
Aug 22, 2025 7:03:24 PM base.LogResults createLogs
INFO: PASS -  Sign-in button clicked.
Aug 22, 2025 7:03:26 PM base.LogResults createLogs
INFO: PASS -  Login validated successfully And Good Text Is Displayed.
Aug 22, 2025 7:03:28 PM base.LogResults createLogs
INFO: PASS - Login Done Successfully: 
Aug 22, 2025 7:03:30 PM base.LogResults createLogs
INFO: PASS - Leave Button Clicked Successfully Of HR Account: 
Aug 22, 2025 7:03:35 PM base.LogResults createLogs
INFO: PASS -  EmpLeaveRequestsTab Clicked Successfully Of HR Account: 
Aug 22, 2025 7:03:39 PM base.LogResults createLogs
INFO: PASS -  Apply Leave Button Clicked Successfully : 
Aug 22, 2025 7:03:44 PM base.LogResults createLogs
INFO: PASS -   Leave For Others Button Clicked Successfully : 
Aug 22, 2025 7:03:50 PM base.LogResults createLogs
INFO: PASS -   Employee Selection DropDown Clicked Successfully : 
Aug 22, 2025 7:03:55 PM base.LogResults createLogs
INFO: PASS -  Emp Name Inputted  Successfully : AutoEmpSLFAWS
Aug 22, 2025 7:03:57 PM base.LogResults createLogs
INFO: PASS -   Employee Selected  Successfully : 
Aug 22, 2025 7:03:59 PM base.LogResults createLogs
INFO: PASS -   LeaveType DropDown OnAdmin Clicked Successfully : 
Aug 22, 2025 7:04:02 PM base.LogResults createLogs
INFO: PASS -  Leave Name Inputted  Successfully : Travel Leave
Aug 22, 2025 7:04:04 PM base.LogResults createLogs
INFO: PASS -   Leave Type Selected  Successfully : 
Aug 22, 2025 7:04:06 PM base.LogResults createLogs
INFO: PASS -  Clicked On FromDate TextField In Admin  Successfully : 
Aug 22, 2025 7:04:11 PM base.LogResults createLogs
INFO: PASS -   FromDate Inputted On TextField   Successfully : 2025-08-12
Aug 22, 2025 7:04:14 PM base.LogResults createLogs
INFO: PASS -  Clicked On FromLeaveDuration Dropdown In Admin  Successfully : 
Aug 22, 2025 7:04:16 PM base.LogResults createLogs
INFO: PASS -  Selected  FromLeaveDuration From Dropdown In Admin  Successfully : 
Aug 22, 2025 7:04:18 PM base.LogResults createLogs
INFO: PASS -  Clicked On ToDate TextField In Admin  Successfully : 
Aug 22, 2025 7:04:23 PM base.LogResults createLogs
INFO: PASS -   ToDate Inputted On TextField   Successfully : 2025-08-12
Aug 22, 2025 7:04:26 PM base.LogResults createLogs
INFO: PASS -  Clicked On ToLeaveDuration Dropdown In Admin  Successfully : 
Aug 22, 2025 7:04:28 PM base.LogResults createLogs
INFO: PASS -  Selected  ToLeaveDuration From Dropdown In Admin  Successfully : 
Aug 22, 2025 7:04:30 PM base.LogResults createLogs
INFO: PASS -  Reason Inputted  Successfully Of Employee Account: Test
Aug 22, 2025 7:04:32 PM base.LogResults createLogs
INFO: PASS - Leave Request Apply Button Clicked  Successfully : 
Aug 22, 2025 7:04:35 PM base.LogResults createLogs
INFO: PASS - Clicked On SearchDropDown Successfully: 
Aug 22, 2025 7:04:47 PM base.LogResults createLogs
INFO: PASS -  Leave Type Option Selected  Successfully : Travel Leave
Aug 22, 2025 7:04:49 PM base.LogResults createLogs
INFO: PASS - Clicked On SearchDropDown Successfully: 
Aug 22, 2025 7:04:55 PM base.LogResults createLogs
INFO: PASS - Leave Request Page 100 Per Page Selected  Successfully : 
Aug 22, 2025 7:05:01 PM base.LogResults createLogs
INFO: PASS -  Leave Name Inputted  Successfully : Travel Leave
Aug 22, 2025 7:05:03 PM base.LogResults createLogs
INFO: PASS -  Applied Leave Validated  Successfully : Travel Leave2025-08-12Approved
Aug 22, 2025 7:05:10 PM base.LogResults createLogs
INFO: PASS - Admin Manage Button Clicked Successfully: 
Aug 22, 2025 7:05:12 PM base.LogResults createLogs
INFO: PASS - Admin Logout Button Clicked Successfully: 
Aug 22, 2025 7:05:14 PM base.LogResults createLogs
INFO: PASS - Application Loaded Successfully: 
Aug 22, 2025 7:05:21 PM base.LogResults createLogs
INFO: PASS - Company Code Entered in Text Box: ADKK
Aug 22, 2025 7:05:23 PM base.LogResults createLogs
INFO: PASS - Login With Password Button Is Clicked: 
Aug 22, 2025 7:05:29 PM base.LogResults createLogs
INFO: PASS - Sign in Text Is Displayed: 
Aug 22, 2025 7:05:31 PM base.LogResults createLogs
INFO: PASS - Username Is Entered In Username Text Field: AutoEID9779
Aug 22, 2025 7:05:34 PM base.LogResults createLogs
INFO: PASS - Password Is Entered In Password Text Field: AutoEID9779
Aug 22, 2025 7:05:36 PM base.LogResults createLogs
INFO: PASS - Captcha Entered On Captcha Text Field: 12345
Aug 22, 2025 7:05:38 PM base.LogResults createLogs
INFO: PASS - Clicked On Login Button: 
Aug 22, 2025 7:05:40 PM base.LogResults createLogs
INFO: PASS - Login Done  And Validated Successfully: 
Aug 22, 2025 7:05:42 PM base.LogResults createLogs
INFO: PASS - Login Done Successfully: 
Aug 22, 2025 7:05:45 PM base.LogResults createLogs
INFO: PASS - Leave Button Clicked Successfully Of Employee Account: 
Aug 22, 2025 7:05:49 PM base.LogResults createLogs
INFO: PASS -  EmpLeaveRequestsTab Clicked Successfully Of Employee Account: 
Aug 22, 2025 7:05:56 PM base.LogResults createLogs
INFO: PASS - Leave Request Page 100 Per Page Selected  Successfully : 
Aug 22, 2025 7:06:03 PM base.LogResults createLogs
INFO: PASS -  Leave Name Inputted  Successfully : Travel Leave
Aug 22, 2025 7:06:05 PM base.LogResults createLogs
INFO: PASS -  Applied Leave Validated  Successfully : Travel Leave2025-08-12Approved
Aug 22, 2025 7:06:05 PM base.LogResults onlyLog
INFO: Passed - MeghLeaveTest-MPI_618_Leave_20-To verify this, raise a leave request for an employee from the admin account and ensure the leave is approved automatically, since the reporting person is the same admin who raised the request.
---------------------------------------------------------------
MeghLeaveTestMPI_618_Leave_20
Aug 22, 2025 7:06:05 PM base.LogResults onlyLog
INFO: Total Pass : 1 Total Fail : 0  Total TC : 1
---------------------------------------------------------------
Test case took: 188.5861 seconds
Total TC Time: 00:03:08

===============================================
Suite
Total tests run: 1, Passes: 1, Failures: 0, Skips: 0
===============================================

