>> Console logging redirected to data/console.log
Launching Driver...
SLF4J(W): No SLF4J providers were found.
SLF4J(W): Defaulting to no-operation (NOP) logger implementation
SLF4J(W): See https://www.slf4j.org/codes.html#noProviders for further details.
Aug 21, 2025 6:21:18 PM org.openqa.selenium.devtools.CdpVersionFinder findNearestMatch
WARNING: Unable to find an exact match for CDP version 139, returning the closest version; found: 137; Please update to a Selenium version that supports CDP version 139
(1386, 788)
Aug 21, 2025 6:21:22 PM base.LogResults createLogs
INFO: PASS - Application Loaded Successfully: 
Aug 21, 2025 6:21:28 PM base.LogResults createLogs
INFO: PASS - Company Code Entered in Text Box: ADKK
Aug 21, 2025 6:21:30 PM base.LogResults createLogs
INFO: PASS - Login With Password Button Is Clicked: 
Aug 21, 2025 6:21:37 PM base.LogResults createLogs
INFO: PASS - Sign in Text Is Displayed: 
Aug 21, 2025 6:21:39 PM base.LogResults createLogs
INFO: PASS - Username Is Entered In Username Text Field: AutoE210825171640@mailinator.com
Aug 21, 2025 6:21:41 PM base.LogResults createLogs
INFO: PASS - Password Is Entered In Password Text Field: Pramod@1234
Aug 21, 2025 6:21:43 PM base.LogResults createLogs
INFO: PASS - Captcha Entered On Captcha Text Field: 12345
Aug 21, 2025 6:21:46 PM base.LogResults createLogs
INFO: PASS - Clicked On Login Button: 
Aug 21, 2025 6:21:48 PM base.LogResults createLogs
INFO: PASS - Login Done  And Validated Successfully: 
Aug 21, 2025 6:21:50 PM base.LogResults createLogs
INFO: PASS - Login Done Successfully: 
Aug 21, 2025 6:21:57 PM base.LogResults createLogs
INFO: PASS - Directory Button Clicked Successfully: 
Aug 21, 2025 6:22:00 PM base.LogResults createLogs
INFO: PASS - Directory Page Loaded Successfully: 
Aug 21, 2025 6:22:02 PM base.LogResults createLogs
INFO: PASS - Clicked On EmployeeTab Successfully: 
Aug 21, 2025 6:22:05 PM base.LogResults createLogs
INFO: PASS - Directory Page Loaded Successfully: 
Aug 21, 2025 6:22:13 PM base.LogResults createLogs
INFO: PASS - Clicked On TotalCountDropDown Successfully: 
Aug 21, 2025 6:22:15 PM base.LogResults createLogs
INFO: PASS - Clicked On AddNewButton Successfully: 
Aug 21, 2025 6:22:17 PM base.LogResults createLogs
INFO: PASS - Employee Form Loaded Successfully: 
Aug 21, 2025 6:22:25 PM base.LogResults createLogs
INFO: PASS - Clicked On EmployeeTypeDropdown Successfully And Selected EntityName Successfully: AutoEN210825171640
Aug 21, 2025 6:22:27 PM base.LogResults createLogs
INFO: PASS - Clicked On ReportingToDropdown Successfully: 
Aug 21, 2025 6:22:31 PM base.LogResults createLogs
INFO: PASS - Clicked On ReportingTo Search Text Field And Input Is Passed: AutoAFN
Aug 21, 2025 6:22:36 PM base.LogResults createLogs
INFO: PASS - Entity Name Selected Successfully: 
Aug 21, 2025 6:22:38 PM base.LogResults createLogs
INFO: PASS - EmployeeID Entered On Employee ID Text Field: AutoEID9779
Aug 21, 2025 6:22:43 PM base.LogResults createLogs
INFO: PASS -  CompanyLocation Selected From The DropDown : AutoON210825171640
Aug 21, 2025 6:22:45 PM base.LogResults createLogs
INFO: PASS - Employee First Name Entered On Employee FirstName Text Field: AutoEmpSLFAWS
Aug 21, 2025 6:22:48 PM base.LogResults createLogs
INFO: PASS - Employee Last Name Entered On Employee Last Name Text Field: AutoempHBTAL
Aug 21, 2025 6:22:50 PM base.LogResults createLogs
INFO: PASS - Employee Email Entered On Email ID Text Field: AutoE210825171640NAX@mailinator.com
Aug 21, 2025 6:22:52 PM base.LogResults createLogs
INFO: PASS - Employee Phone Number Entered On Phone Number Text Field: 9851457165
Aug 21, 2025 6:22:54 PM base.LogResults createLogs
INFO: PASS - Employee Joining Date  Text Field Is Clicked: 
Aug 21, 2025 6:22:57 PM base.LogResults createLogs
INFO: PASS - Employee Joining Date Entered On Joining Date Text Field: 03-01-2025
Aug 21, 2025 6:22:59 PM base.LogResults createLogs
INFO: PASS - Clicked On AddEmployeeSave Successfully: 
Aug 21, 2025 6:23:05 PM base.LogResults createLogs
INFO: PASS - Clicked On GoToDirectory Successfully: 
Aug 21, 2025 6:23:15 PM base.LogResults createLogs
INFO: PASS - Clicked On Search Text Field And Pass The Created Employee LastName Successfully: AutoEmpSLFAWS
Aug 21, 2025 6:23:20 PM base.LogResults createLogs
INFO: PASS - Created Employee Displayed Successfully: AutoEmpSLFAWS
Aug 21, 2025 6:23:22 PM base.LogResults createLogs
INFO: PASS - Clicked On 3Dots Successfully: 
Aug 21, 2025 6:23:25 PM base.LogResults createLogs
INFO: PASS - Clicked On WebEnrollment Successfully: 
Aug 21, 2025 6:23:30 PM base.LogResults createLogs
INFO: PASS - Clicked On FaceEnrollmentTab Successfully: 
Aug 21, 2025 6:23:49 PM base.LogResults createLogs
INFO: PASS - Image Selected For WebEnrollment Successfully: ./data/images/enrollmentimage.jpg
Aug 21, 2025 6:23:55 PM base.LogResults createLogs
INFO: PASS - Successfully Clicked On CropImage: 
Aug 21, 2025 6:24:05 PM base.LogResults createLogs
INFO: PASS - Successfully Clicked On SaveEnrollmentButton: 
Aug 21, 2025 6:24:17 PM base.LogResults createLogs
INFO: PASS - Success Msg Is Displayed: 
Aug 21, 2025 6:24:24 PM base.LogResults createLogs
INFO: PASS - Directory Button Clicked Successfully: 
Aug 21, 2025 6:24:27 PM base.LogResults createLogs
INFO: PASS - Directory Page Loaded Successfully: 
Aug 21, 2025 6:24:29 PM base.LogResults createLogs
INFO: PASS - Clicked On EmployeeTab Successfully: 
Aug 21, 2025 6:24:32 PM base.LogResults createLogs
INFO: PASS - Directory Page Loaded Successfully: 
Aug 21, 2025 6:24:38 PM base.LogResults createLogs
INFO: PASS - Clicked On Search Text Field And Pass The Created Employee LastName Successfully: AutoEmpSLFAWS
Aug 21, 2025 6:24:44 PM base.LogResults createLogs
INFO: PASS - Created Employee Displayed Successfully: AutoempHBTAL
Aug 21, 2025 6:24:46 PM base.LogResults createLogs
INFO: PASS - Clicked On 3Dots Successfully: 
Aug 21, 2025 6:24:48 PM base.LogResults createLogs
INFO: PASS - Successfully Clicked On First Employee Record ManageProfileButton: 
Aug 21, 2025 6:25:00 PM base.LogResults createLogs
INFO: PASS - Successfully Clicked On First Employee Manage Profile EditIcon: 
Aug 21, 2025 6:25:05 PM base.LogResults createLogs
INFO: PASS - Successfully Selected  Dept: AutoDN210825171640
Aug 21, 2025 6:25:14 PM base.LogResults createLogs
INFO: PASS - Successfully Selected  Designation From Dropdown: AutoDESN210825171640
Aug 21, 2025 6:25:23 PM base.LogResults createLogs
INFO: PASS - Successfully Selected  Team From Dropdown: AutoTN210825171640
Aug 21, 2025 6:25:31 PM base.LogResults createLogs
INFO: PASS - Successfully Enter The Pin: 3233
Aug 21, 2025 6:25:39 PM base.LogResults createLogs
INFO: PASS - SaveChanges Button Clicked Successfully: 
Aug 21, 2025 6:25:50 PM base.LogResults createLogs
INFO: PASS - DefaultPolicy Button Clicked Successfully: 
Aug 21, 2025 6:25:52 PM base.LogResults onlyLog
INFO: Passed - MeghEmployeeTest-MPI_626_Directory_AddEmployee_19-To verify this, create an employee and enroll the employee and ensure created employee record is displayed in the attendance module
---------------------------------------------------------------
MeghEmployeeTestMPI_626_Directory_AddEmployee_19
Aug 21, 2025 6:25:52 PM base.LogResults onlyLog
INFO: Total Pass : 1 Total Fail : 0  Total TC : 1
---------------------------------------------------------------
Test case took: 273.0288 seconds
Total TC Time: 00:04:33

===============================================
Suite
Total tests run: 1, Passes: 1, Failures: 0, Skips: 0
===============================================

