>> Console logging redirected to data/console.log
Continuing with Existing Master Data due to threshold value:140725-140725-ThreSld->3
Launching Driver...
SLF4J(W): No SLF4J providers were found.
SLF4J(W): Defaulting to no-operation (NOP) logger implementation
SLF4J(W): See https://www.slf4j.org/codes.html#noProviders for further details.
Jul 14, 2025 1:58:27 PM org.openqa.selenium.devtools.CdpVersionFinder findNearestMatch
WARNING: Unable to find an exact match for CDP version 138, returning the closest version; found: 137; Please update to a Selenium version that supports CDP version 138
Jul 14, 2025 1:58:29 PM base.LogResults createLogs
INFO: PASS - Application Loaded Successfully: 
Jul 14, 2025 1:58:33 PM base.LogResults createLogs
INFO: PASS - Company Code Entered in Text Box: AGIB
Jul 14, 2025 1:58:33 PM base.LogResults createLogs
INFO: PASS - Login With Password Button Is Clicked: 
Jul 14, 2025 1:58:37 PM base.LogResults createLogs
INFO: PASS - Sign in Text Is Displayed: 
Jul 14, 2025 1:58:37 PM base.LogResults createLogs
INFO: PASS - Username Is Entered In Username Text Field: AutoE140725101157@mailinator.com
Jul 14, 2025 1:58:38 PM base.LogResults createLogs
INFO: PASS - Password Is Entered In Password Text Field: Pramod@1234
Jul 14, 2025 1:58:38 PM base.LogResults createLogs
INFO: PASS - Captcha Entered On Captcha Text Field: 12345
Jul 14, 2025 1:58:38 PM base.LogResults createLogs
INFO: PASS - Clicked On Login Button: 
Jul 14, 2025 1:58:40 PM base.LogResults createLogs
INFO: PASS - login Validated Successfully: 
Jul 14, 2025 1:58:45 PM base.LogResults createLogs
INFO: PASS - PolicyIcon Clicked Successfully: 
Jul 14, 2025 1:58:45 PM base.LogResults createLogs
INFO: PASS - PolicyMaster Loaded Successfully: 
Jul 14, 2025 1:58:45 PM base.LogResults createLogs
INFO: PASS - AttendancePolicy Clicked Successfully : 
Jul 14, 2025 1:58:47 PM base.LogResults createLogs
INFO: PASS - AttendancePolicy Page Loaded Successfully : 
Jul 14, 2025 1:58:47 PM base.LogResults createLogs
INFO: PASS - AddAttendancePolicyButton Clicked Successfully : 
Jul 14, 2025 1:58:47 PM base.LogResults createLogs
INFO: PASS - AttendancePolicy Name Entered Successfully : AutoAPN140725101157GXFB
Jul 14, 2025 1:58:48 PM base.LogResults createLogs
INFO: PASS - EnableGracePeriod Button  Successfully : 
Jul 14, 2025 1:58:49 PM base.LogResults createLogs
INFO: PASS - EarlyClockOut CheckBox Clicked  Successfully : 
Jul 14, 2025 1:58:49 PM base.LogResults createLogs
INFO: PASS - Clicked On GraceHours  Successfully : 
Jul 14, 2025 1:58:49 PM base.LogResults createLogs
INFO: FAIL - Error While Inputting GraceHours : invalid element state
  (Session info: chrome=138.0.7204.101)
Build info: version: '4.34.0', revision: '707dcb4246*'
System info: os.name: 'Windows 10', os.arch: 'amd64', os.version: '10.0', java.version: '17.0.11'
Driver info: org.openqa.selenium.chrome.ChromeDriver
Command: [7287f7c7521c82a1ae3af144bad4cc64, clearElement {id=f.A942AA3097991341EE75D7E85C2FD901.d.01B58824CE5C03378637780317FBC571.e.861}]
Capabilities {acceptInsecureCerts: true, browserName: chrome, browserVersion: 138.0.7204.101, chrome: {chromedriverVersion: 138.0.7204.94 (545025748884..., userDataDir: C:\Users\Pramod.C\AppData\L...}, fedcm:accounts: true, goog:chromeOptions: {debuggerAddress: localhost:59412}, networkConnectionEnabled: false, pageLoadStrategy: none, platformName: windows, proxy: Proxy(), se:cdp: ws://localhost:59412/devtoo..., se:cdpVersion: 138.0.7204.101, setWindowRect: true, strictFileInteractability: false, timeouts: {implicit: 0, pageLoad: 300000, script: 30000}, unhandledPromptBehavior: dismiss and notify, webauthn:extension:credBlob: true, webauthn:extension:largeBlob: true, webauthn:extension:minPinLength: true, webauthn:extension:prf: true, webauthn:virtualAuthenticators: true}
Element: [[ChromeDriver: chrome on windows (7287f7c7521c82a1ae3af144bad4cc64)] -> xpath: //input[@id='GraceHours']]
Session ID: 7287f7c7521c82a1ae3af144bad4cc64
Jul 14, 2025 1:58:49 PM base.LogResults createLogs
INFO: PASS - Clicked On GraceTimeApply Button  Successfully : 
Jul 14, 2025 1:58:50 PM base.LogResults createLogs
INFO: PASS - EnableGracePeriod CheckBox Clicked  Successfully : 
Jul 14, 2025 1:58:50 PM base.LogResults createLogs
INFO: PASS - RegulationRequest CheckBox Clicked  Successfully : 
Jul 14, 2025 1:58:50 PM base.LogResults createLogs
INFO: PASS - CreatePolicyButton Button Successfully : 
Jul 14, 2025 1:58:52 PM base.LogResults createLogs
INFO: PASS - NoOption Button Successfully : 
Jul 14, 2025 1:58:54 PM base.LogResults createLogs
INFO: PASS - On SearchTextField Policy Name Inputted Successfully : AutoAPN140725101157GXFB
Jul 14, 2025 1:58:58 PM base.LogResults createLogs
INFO: PASS - No of Employees Assigned Get Successfully : 0
Jul 14, 2025 1:59:04 PM base.LogResults createLogs
INFO: PASS - Assigned Emp Count Compared Successfully : 0=0
Jul 14, 2025 1:59:06 PM base.LogResults onlyLog
INFO: Failed - MeghAttendancePolicyTest-MPI_435_Attendance_Policy_02-To verify this, click on 'Add Attendance Policy', enter the policy name, and click on 'Create Policy'. In the popup, select 'No' when asked 'Do you want to change attendance policy in Employee Profile based on current policy employee criteria?', and ensure that the new policy is created and no one employees are assigned to it
---------------------------------------------------------------
MeghAttendancePolicyTestMPI_435_Attendance_Policy_02
Jul 14, 2025 1:59:06 PM base.LogResults onlyLog
INFO: Total Pass : 0 Total Fail : 1  Total TC : 1
---------------------------------------------------------------
Test case took: 38.9493 seconds
Total TC Time: 00:00:38

===============================================
Suite
Total tests run: 1, Passes: 1, Failures: 0, Skips: 0
===============================================

