>> Console logging redirected to data/console.log
Continuing with Existing Master Data due to threshold value:110725-110725-ThreSld->3
Launching Driver...
SLF4J(W): No SLF4J providers were found.
SLF4J(W): Defaulting to no-operation (NOP) logger implementation
SLF4J(W): See https://www.slf4j.org/codes.html#noProviders for further details.
Jul 11, 2025 1:46:44 PM org.openqa.selenium.devtools.CdpVersionFinder findNearestMatch
WARNING: Unable to find an exact match for CDP version 138, returning the closest version; found: 137; Please update to a Selenium version that supports CDP version 138
Jul 11, 2025 1:46:45 PM base.LogResults createLogs
INFO: PASS - Application Loaded Successfully: 
Jul 11, 2025 1:46:45 PM base.LogResults createLogs
INFO: PASS - Company Code Entered in Text Box: AFHU
Jul 11, 2025 1:46:45 PM base.LogResults createLogs
INFO: PASS - Login With Password Button Is Clicked: 
Jul 11, 2025 1:46:49 PM base.LogResults createLogs
INFO: PASS - Sign in Text Is Displayed: 
Jul 11, 2025 1:46:50 PM base.LogResults createLogs
INFO: PASS - Username Is Entered In Username Text Field: AutoE110725095836@mailinator.com
Jul 11, 2025 1:46:50 PM base.LogResults createLogs
INFO: PASS - Password Is Entered In Password Text Field: Pramod@1234
Jul 11, 2025 1:46:50 PM base.LogResults createLogs
INFO: PASS - Captcha Entered On Captcha Text Field: 12345
Jul 11, 2025 1:46:50 PM base.LogResults createLogs
INFO: PASS - Clicked On Login Button: 
Jul 11, 2025 1:46:53 PM base.LogResults createLogs
INFO: PASS - login Validated Successfully: 
Jul 11, 2025 1:46:57 PM base.LogResults createLogs
INFO: PASS - PolicyIcon Clicked Successfully: 
Jul 11, 2025 1:46:58 PM base.LogResults createLogs
INFO: PASS - PolicyMaster Loaded Successfully: 
Jul 11, 2025 1:46:58 PM base.LogResults createLogs
INFO: PASS - ShiftDropDown Clicked Successfully : 
Jul 11, 2025 1:46:58 PM base.LogResults createLogs
INFO: PASS - ShiftPolicyButton Clicked Successfully : 
Jul 11, 2025 1:46:59 PM base.LogResults createLogs
INFO: PASS - ShiftPolicy Page Loaded Successfully : 
Jul 11, 2025 1:47:02 PM base.LogResults createLogs
INFO: PASS - AddShiftPolicyButton Clicked Successfully : 
Jul 11, 2025 1:47:02 PM base.LogResults createLogs
INFO: PASS - PolicyName Inputted Successfully : 2nd shiftBYP
Jul 11, 2025 1:47:02 PM base.LogResults createLogs
INFO: PASS - AddShiftButton Clicked Successfully : 
Jul 11, 2025 1:47:03 PM base.LogResults createLogs
INFO: PASS - GeneralShiftCheckBox Selected Successfully : 
Jul 11, 2025 1:47:04 PM base.LogResults createLogs
INFO: PASS - AddShiftSaveButton Clicked Successfully : 
Jul 11, 2025 1:47:04 PM base.LogResults createLogs
INFO: PASS - CreatePolicySave Button Clicked Successfully : 
Jul 11, 2025 1:47:11 PM base.LogResults createLogs
INFO: PASS - Yes Button Button Successfully : 
Jul 11, 2025 1:47:20 PM base.LogResults createLogs
INFO: PASS - PolicyName Inputted Successfully : 2nd shiftBYP
Jul 11, 2025 1:47:27 PM base.LogResults createLogs
INFO: PASS - Shift Policy Edit Button Clicked Successfully : 
Jul 11, 2025 1:47:28 PM base.LogResults createLogs
INFO: PASS - Shift Policy Default CheckBox Clicked Successfully : 
Jul 11, 2025 1:47:32 PM base.LogResults createLogs
INFO: PASS - Shift Policy Active CheckBox Clicked Successfully : 
Jul 11, 2025 1:47:32 PM base.LogResults createLogs
INFO: PASS - AddShiftButton Clicked Successfully : 
Jul 11, 2025 1:47:33 PM base.LogResults createLogs
INFO: PASS - GeneralShiftCheckBox Selected Successfully : 
Jul 11, 2025 1:47:34 PM base.LogResults createLogs
INFO: PASS - AddShiftSaveButton Clicked Successfully : 
Jul 11, 2025 1:47:34 PM base.LogResults createLogs
INFO: PASS - CreatePolicySave Button Clicked Successfully : 
Jul 11, 2025 1:47:41 PM base.LogResults createLogs
INFO: PASS - Yes Button Button Successfully : 
Jul 11, 2025 1:47:49 PM base.LogResults createLogs
INFO: PASS - Directory Button Clicked Successfully: 
Jul 11, 2025 1:47:51 PM base.LogResults createLogs
INFO: PASS - Directory Page Loaded Successfully: 
Jul 11, 2025 1:47:51 PM base.LogResults createLogs
INFO: PASS - Clicked On EmployeeTab Successfully: 
Jul 11, 2025 1:47:53 PM base.LogResults createLogs
INFO: PASS - Directory Page Loaded Successfully: 
Jul 11, 2025 1:48:03 PM base.LogResults createLogs
INFO: PASS - Clicked On TotalCountDropDown Successfully: 
Jul 11, 2025 1:48:04 PM base.LogResults createLogs
INFO: PASS - Clicked On AddNewButton Successfully: 
Jul 11, 2025 1:48:07 PM base.LogResults createLogs
INFO: PASS - Employee Form Loaded Successfully: 
Jul 11, 2025 1:48:07 PM base.LogResults createLogs
INFO: PASS - Clicked On EmployeeTypeDropdown Successfully And Selected EntityName Successfully: AutoEN110725095836
Jul 11, 2025 1:48:07 PM base.LogResults createLogs
INFO: PASS - Clicked On ReportingToDropdown Successfully: 
Jul 11, 2025 1:48:09 PM base.LogResults createLogs
INFO: PASS - Clicked On ReportingTo Search Text Field And Input Is Passed: AutoAFN
Jul 11, 2025 1:48:11 PM base.LogResults createLogs
INFO: PASS - Entity Name Selected Successfully: 
Jul 11, 2025 1:48:12 PM base.LogResults createLogs
INFO: PASS - EmployeeID Entered On Employee ID Text Field: AutoEID1350KGE
Jul 11, 2025 1:48:12 PM base.LogResults createLogs
INFO: PASS -  CompanyLocation Selected From The DropDown : AutoON110725095836
Jul 11, 2025 1:48:12 PM base.LogResults createLogs
INFO: PASS - Employee First Name Entered On Employee FirstName Text Field: AutoFNPAIETWF
Jul 11, 2025 1:48:12 PM base.LogResults createLogs
INFO: PASS - Employee Last Name Entered On Employee Last Name Text Field: AutoLNPARPJCK
Jul 11, 2025 1:48:12 PM base.LogResults createLogs
INFO: PASS - Employee Email Entered On Email ID Text Field: AutoE11072509583672@mailinator.com
Jul 11, 2025 1:48:13 PM base.LogResults createLogs
INFO: PASS - Employee Phone Number Entered On Phone Number Text Field: 9851418608
Jul 11, 2025 1:48:13 PM base.LogResults createLogs
INFO: PASS - Employee Joining Date  Text Field Is Clicked: 
Jul 11, 2025 1:48:13 PM base.LogResults createLogs
INFO: PASS - Employee Joining Date Entered On Joining Date Text Field: 
Jul 11, 2025 1:48:13 PM base.LogResults createLogs
INFO: PASS - Clicked On AddEmployeeSave Successfully: 
Jul 11, 2025 1:48:17 PM base.LogResults createLogs
INFO: PASS - Clicked On GoToDirectory Successfully: 
Jul 11, 2025 1:48:21 PM base.LogResults createLogs
INFO: PASS - Clicked On Search Text Field And Pass The Created Employee First Name Successfully: AutoFNPAIETWF
Jul 11, 2025 1:48:24 PM base.LogResults createLogs
INFO: PASS - Created Employee Displayed Successfully: AutoLNPARPJCK
Jul 11, 2025 1:48:24 PM base.LogResults createLogs
INFO: PASS - Clicked On 3Dots Successfully: 
Jul 11, 2025 1:48:25 PM base.LogResults createLogs
INFO: PASS - Clicked On WebEnrollment Successfully: 
Jul 11, 2025 1:48:28 PM base.LogResults createLogs
INFO: PASS - Clicked On FaceEnrollmentTab Successfully: 
Jul 11, 2025 1:48:38 PM base.LogResults createLogs
INFO: PASS - Image Selected For WebEnrollment Successfully: ./data/images/enrollmentimage.jpg
Jul 11, 2025 1:48:38 PM base.LogResults createLogs
INFO: PASS - Successfully Clicked On CropImage: 
Jul 11, 2025 1:48:39 PM base.LogResults createLogs
INFO: PASS - Successfully Clicked On SaveEnrollmentButton: 
Jul 11, 2025 1:48:40 PM base.LogResults createLogs
INFO: PASS - Success Msg Is Displayed: 
Jul 11, 2025 1:48:49 PM base.LogResults createLogs
INFO: PASS - Directory Button Clicked Successfully: 
Jul 11, 2025 1:48:50 PM base.LogResults createLogs
INFO: PASS - Directory Page Loaded Successfully: 
Jul 11, 2025 1:48:52 PM base.LogResults createLogs
INFO: PASS - Clicked On EmployeeTab Successfully: 
Jul 11, 2025 1:48:54 PM base.LogResults createLogs
INFO: PASS - Directory Page Loaded Successfully: 
Jul 11, 2025 1:48:59 PM base.LogResults createLogs
INFO: PASS - Clicked On Search Text Field And Pass The Created Employee LastName Successfully: AutoFNPAIETWF
Jul 11, 2025 1:49:02 PM base.LogResults createLogs
INFO: PASS - Created Employee Displayed Successfully: 
Jul 11, 2025 1:49:02 PM base.LogResults createLogs
INFO: PASS - Successfully Clicked On First Employee Record 3dots: 
Jul 11, 2025 1:49:02 PM base.LogResults createLogs
INFO: PASS - Successfully Clicked On First Employee Record ManageProfileButton: 
Jul 11, 2025 1:49:23 PM base.LogResults createLogs
INFO: PASS - Successfully Clicked On First Employee Record Policy Button: 
Jul 11, 2025 1:49:26 PM base.LogResults createLogs
INFO: PASS - Successfully Validated The Assigned Shift Policy Name Of Employee : =2nd shiftBYP (Default)
Jul 11, 2025 1:49:26 PM base.LogResults onlyLog
INFO: Passed - MeghShiftPolicyTest-MPI_489_Shift_Policy_12-To verify this, edit the 2nd shift policy and set it as the default policy. Then, create a new employee and ensure the newly added employee is automatically assigned to the 2nd shift.
---------------------------------------------------------------
MeghShiftPolicyTestMPI_489_Shift_Policy_12
Jul 11, 2025 1:49:26 PM base.LogResults onlyLog
INFO: Total Pass : 1 Total Fail : 0  Total TC : 1
---------------------------------------------------------------
Test case took: 161.4691 seconds
Total TC Time: 00:02:41

===============================================
Suite
Total tests run: 1, Passes: 1, Failures: 0, Skips: 0
===============================================

