>> Console logging redirected to data/console.log
Launching Driver...
SLF4J(W): No SLF4J providers were found.
SLF4J(W): Defaulting to no-operation (NOP) logger implementation
SLF4J(W): See https://www.slf4j.org/codes.html#noProviders for further details.
Aug 22, 2025 10:16:52 AM org.openqa.selenium.devtools.CdpVersionFinder findNearestMatch
WARNING: Unable to find an exact match for CDP version 139, returning the closest version; found: 137; Please update to a Selenium version that supports CDP version 139
(1386, 788)
Aug 22, 2025 10:16:56 AM base.LogResults createLogs
INFO: PASS - Application Loaded Successfully: 
Aug 22, 2025 10:17:02 AM base.LogResults createLogs
INFO: PASS - Company Code Entered in Text Box: ADKK
Aug 22, 2025 10:17:04 AM base.LogResults createLogs
INFO: PASS - Login With Password Button Is Clicked: 
Aug 22, 2025 10:17:11 AM base.LogResults createLogs
INFO: PASS - Sign in Text Is Displayed: 
Aug 22, 2025 10:17:13 AM base.LogResults createLogs
INFO: PASS - Username Is Entered In Username Text Field: AutoEID9779
Aug 22, 2025 10:17:15 AM base.LogResults createLogs
INFO: PASS - Password Is Entered In Password Text Field: AutoEID9779
Aug 22, 2025 10:17:17 AM base.LogResults createLogs
INFO: PASS - Captcha Entered On Captcha Text Field: 12345
Aug 22, 2025 10:17:20 AM base.LogResults createLogs
INFO: PASS - Clicked On Login Button: 
Aug 22, 2025 10:17:22 AM base.LogResults createLogs
INFO: PASS - Login Done  And Validated Successfully: 
Aug 22, 2025 10:17:24 AM base.LogResults createLogs
INFO: PASS - Login Done Successfully: 
Aug 22, 2025 10:17:26 AM base.LogResults createLogs
INFO: PASS - Leave Button Clicked Successfully Of Employee Account: 
Aug 22, 2025 10:17:31 AM base.LogResults createLogs
INFO: PASS -  EmpLeaveRequestsTab Clicked Successfully Of Employee Account: 
Aug 22, 2025 10:17:35 AM base.LogResults createLogs
INFO: PASS -  Apply Leave Button Clicked Successfully Of Employee Account: 
Aug 22, 2025 10:17:37 AM base.LogResults createLogs
INFO: PASS -  LeaveTypeDropdown Clicked Successfully Of Employee Account: 
Aug 22, 2025 10:17:40 AM base.LogResults createLogs
INFO: PASS -  SickLeave Selected  Successfully: 
Aug 22, 2025 10:17:42 AM base.LogResults createLogs
INFO: PASS -  FromDateTextField Clicked Successfully : 
Aug 22, 2025 10:17:47 AM base.LogResults createLogs
INFO: PASS -  FromDate Inputted Successfully : 
Aug 22, 2025 10:17:53 AM base.LogResults createLogs
INFO: PASS -  LeaveDurationOne Clicked Successfully Of Employee Account: 
Aug 22, 2025 10:17:56 AM base.LogResults createLogs
INFO: PASS -  FullDay DurationOne Selected  Successfully: 
Aug 22, 2025 10:17:58 AM base.LogResults createLogs
INFO: PASS -  ToDateTextField Clicked Successfully : 
Aug 22, 2025 10:18:03 AM base.LogResults createLogs
INFO: PASS -  ToDate Selected Inputted Successfully : 
Aug 22, 2025 10:18:05 AM base.LogResults createLogs
INFO: PASS -  LeaveDurationTwo Clicked Successfully Of Employee Account: 
Aug 22, 2025 10:18:08 AM base.LogResults createLogs
INFO: PASS -  FullDayDurationTwo Clicked Successfully Of Employee Account: 
Aug 22, 2025 10:18:10 AM base.LogResults createLogs
INFO: PASS -  Reason Inputted  Successfully Of Employee Account: Test
Aug 22, 2025 10:18:11 AM base.LogResults onlyLog
INFO: Passed - MeghLeaveTest-MPI_612_Leave_14-To verify this, configure the sick leave on leave policy with 2 per month from joining date and as a employee apply sick leave and ensure status is pending 
---------------------------------------------------------------
MeghLeaveTestMPI_612_Leave_14
Aug 22, 2025 10:18:11 AM base.LogResults onlyLog
INFO: Total Pass : 1 Total Fail : 0  Total TC : 1
---------------------------------------------------------------
Test case took: 78.0438 seconds
Total TC Time: 00:01:18

===============================================
Suite
Total tests run: 1, Passes: 1, Failures: 0, Skips: 0
===============================================

