>> Console logging redirected to data/console.log
Continuing with Existing Master Data due to threshold value:080825-080825-ThreSld->3
Launching Driver...
SLF4J(W): No SLF4J providers were found.
SLF4J(W): Defaulting to no-operation (NOP) logger implementation
SLF4J(W): See https://www.slf4j.org/codes.html#noProviders for further details.
Aug 08, 2025 12:02:26 PM org.openqa.selenium.devtools.CdpVersionFinder findNearestMatch
WARNING: Unable to find an exact match for CDP version 138, returning the closest version; found: 137; Please update to a Selenium version that supports CDP version 138
Error Index 1 out of bounds for length 1
Aug 08, 2025 12:02:29 PM base.LogResults createLogs
INFO: PASS - Application Loaded Successfully: 
Aug 08, 2025 12:02:33 PM base.LogResults createLogs
INFO: PASS - Company Code Entered in Text Box: ARRD
Aug 08, 2025 12:02:33 PM base.LogResults createLogs
INFO: PASS - Login With Password Button Is Clicked: 
Aug 08, 2025 12:02:37 PM base.LogResults createLogs
INFO: PASS - Sign in Text Is Displayed: 
Aug 08, 2025 12:02:38 PM base.LogResults createLogs
INFO: PASS - Username Is Entered In Username Text Field: AutoE080825091623@mailinator.com
Aug 08, 2025 12:02:38 PM base.LogResults createLogs
INFO: PASS - Password Is Entered In Password Text Field: Pramod@1234
Aug 08, 2025 12:02:38 PM base.LogResults createLogs
INFO: PASS - Captcha Entered On Captcha Text Field: 12345
Aug 08, 2025 12:02:38 PM base.LogResults createLogs
INFO: PASS - Clicked On Login Button: 
Aug 08, 2025 12:02:41 PM base.LogResults createLogs
INFO: PASS - Login Done  And Validated Successfully: 
Aug 08, 2025 12:02:41 PM base.LogResults createLogs
INFO: PASS - Login Done Successfully: 
Aug 08, 2025 12:02:46 PM base.LogResults createLogs
INFO: PASS - PolicyIcon Clicked Successfully: 
Aug 08, 2025 12:02:46 PM base.LogResults createLogs
INFO: PASS - PolicyMaster Loaded Successfully: 
Aug 08, 2025 12:02:46 PM base.LogResults createLogs
INFO: PASS - LeaveDropDownFromSideBar Clicked Successfully: 
Aug 08, 2025 12:02:46 PM base.LogResults createLogs
INFO: PASS - LeavePolicyButtonFromSideBar Clicked Successfully: 
Aug 08, 2025 12:02:53 PM base.LogResults createLogs
INFO: PASS - LeavePolicyPageLoaded Successfully: 
Aug 08, 2025 12:02:53 PM base.LogResults createLogs
INFO: PASS - AddLeavePolicyButton Clicked Successfully : 
Aug 08, 2025 12:02:56 PM base.LogResults createLogs
INFO: PASS - LeavePolicy Name Inputted Successfully: AutoLPN080825091623MUR
Aug 08, 2025 12:02:56 PM base.LogResults createLogs
INFO: PASS - SelectLeavePolicyButton Clicked Successfully : 
Aug 08, 2025 12:02:59 PM base.LogResults createLogs
INFO: PASS - SickLeave Selected Successfully: Sick_Leave (SL) 
Aug 08, 2025 12:03:03 PM base.LogResults createLogs
INFO: FAIL - Error While Selecting Travel Leave: Leave ID containing 'Travel Leave (TL)' not found in AllLeaves list.
Aug 08, 2025 12:03:06 PM base.LogResults createLogs
INFO: PASS - Casual Leave Selected Successfully: Casual_Leave (CL) 
Aug 08, 2025 12:03:06 PM base.LogResults createLogs
INFO: PASS - AddLeaveSaveButton Clicked Successfully: 
Aug 08, 2025 12:03:06 PM base.LogResults createLogs
INFO: PASS - CreateLeavePolicyButton Clicked Successfully: 
Aug 08, 2025 12:03:14 PM base.LogResults createLogs
INFO: PASS - Yes Button Button Successfully : 
