>> Console logging redirected to data/console.log
Launching Driver...
SLF4J(W): No SLF4J providers were found.
SLF4J(W): Defaulting to no-operation (NOP) logger implementation
SLF4J(W): See https://www.slf4j.org/codes.html#noProviders for further details.
Aug 21, 2025 12:02:15 PM org.openqa.selenium.devtools.CdpVersionFinder findNearestMatch
WARNING: Unable to find an exact match for CDP version 139, returning the closest version; found: 137; Please update to a Selenium version that supports CDP version 139
(1386, 788)
Aug 21, 2025 12:02:19 PM base.LogResults createLogs
INFO: PASS - Application Loaded Successfully: 
Aug 21, 2025 12:02:25 PM base.LogResults createLogs
INFO: PASS - Company Code Entered in Text Box: ARBX
Aug 21, 2025 12:02:27 PM base.LogResults createLogs
INFO: PASS - Login With Password Button Is Clicked: 
Aug 21, 2025 12:02:34 PM base.LogResults createLogs
INFO: PASS - Sign in Text Is Displayed: 
Aug 21, 2025 12:02:36 PM base.LogResults createLogs
INFO: PASS - Username Is Entered In Username Text Field: AutoE190825091637@mailinator.com
Aug 21, 2025 12:02:38 PM base.LogResults createLogs
INFO: PASS - Password Is Entered In Password Text Field: Pramod@1234
Aug 21, 2025 12:02:40 PM base.LogResults createLogs
INFO: PASS - Captcha Entered On Captcha Text Field: 12345
Aug 21, 2025 12:02:43 PM base.LogResults createLogs
INFO: PASS - Clicked On Login Button: 
Aug 21, 2025 12:02:47 PM base.LogResults createLogs
INFO: PASS - Login Done  And Validated Successfully: 
Aug 21, 2025 12:02:49 PM base.LogResults createLogs
INFO: PASS - Login Done Successfully: 
Aug 21, 2025 12:02:58 PM base.LogResults createLogs
INFO: PASS - Directory Button Clicked Successfully: 
Aug 21, 2025 12:03:01 PM base.LogResults createLogs
INFO: PASS - Directory Page Loaded Successfully: 
Aug 21, 2025 12:03:03 PM base.LogResults createLogs
INFO: PASS - Clicked On EmployeeTab Successfully: 
Aug 21, 2025 12:03:06 PM base.LogResults createLogs
INFO: PASS - Directory Page Loaded Successfully: 
Aug 21, 2025 12:03:14 PM base.LogResults createLogs
INFO: PASS - Clicked On TotalCountDropDown Successfully: 
Aug 21, 2025 12:03:16 PM base.LogResults createLogs
INFO: PASS - Clicked On AddNewButton Successfully: 
Aug 21, 2025 12:03:18 PM base.LogResults createLogs
INFO: PASS - Employee Form Loaded Successfully: 
Aug 21, 2025 12:03:26 PM base.LogResults createLogs
INFO: PASS - Clicked On EmployeeTypeDropdown Successfully And Selected EntityName Successfully: AutoEN190825091637
Aug 21, 2025 12:03:28 PM base.LogResults createLogs
INFO: PASS - Clicked On ReportingToDropdown Successfully: 
Aug 21, 2025 12:03:32 PM base.LogResults createLogs
INFO: PASS - Clicked On ReportingTo Search Text Field And Input Is Passed: AutoAFN
Aug 21, 2025 12:03:36 PM base.LogResults createLogs
INFO: PASS - Entity Name Selected Successfully: 
Aug 21, 2025 12:03:39 PM base.LogResults createLogs
INFO: PASS - EmployeeID Entered On Employee ID Text Field: AutoEID190825091637
Aug 21, 2025 12:03:44 PM base.LogResults createLogs
INFO: PASS -  CompanyLocation Selected From The DropDown : AutoON190825091637
Aug 21, 2025 12:03:46 PM base.LogResults createLogs
INFO: PASS - Employee First Name Entered On Employee FirstName Text Field: AutoEmpIYIJEF
Aug 21, 2025 12:03:49 PM base.LogResults createLogs
INFO: PASS - Employee Last Name Entered On Employee Last Name Text Field: AutoempJWAKM
Aug 21, 2025 12:03:51 PM base.LogResults createLogs
INFO: PASS - Employee Email Entered On Email ID Text Field: AutoE190825091637BDP@mailinator.com
Aug 21, 2025 12:03:53 PM base.LogResults createLogs
INFO: PASS - Employee Phone Number Entered On Phone Number Text Field: 9851495152
Aug 21, 2025 12:03:55 PM base.LogResults createLogs
INFO: PASS - Employee Joining Date  Text Field Is Clicked: 
Aug 21, 2025 12:03:58 PM base.LogResults createLogs
INFO: PASS - Employee Joining Date Entered On Joining Date Text Field: 03-01-2025
Aug 21, 2025 12:04:00 PM base.LogResults createLogs
INFO: PASS - Clicked On AddEmployeeSave Successfully: 
Aug 21, 2025 12:04:26 PM base.LogResults createLogs
INFO: FAIL - Error while Clicking On GoToDirectory: Failed to click 'Go to Directory' link: Expected condition failed: waiting for element to be clickable: By.xpath: //a[text()='Go to Directory']/.. (tried for 20 second(s) with 500 milliseconds interval)
Build info: version: '4.28.0', revision: 'ac342546e9'
System info: os.name: 'Windows 10', os.arch: 'amd64', os.version: '10.0', java.version: '17.0.11'
Driver info: org.openqa.selenium.chrome.ChromeDriver
Capabilities {acceptInsecureCerts: true, browserName: chrome, browserVersion: 139.0.7258.128, chrome: {chromedriverVersion: 139.0.7258.138 (884e54ea8d4..., userDataDir: C:\Users\Pramod.C\AppData\L...}, fedcm:accounts: true, goog:chromeOptions: {debuggerAddress: localhost:53115}, networkConnectionEnabled: false, pageLoadStrategy: none, platformName: windows, proxy: Proxy(), se:cdp: ws://localhost:53115/devtoo..., se:cdpVersion: 139.0.7258.128, setWindowRect: true, strictFileInteractability: false, timeouts: {implicit: 0, pageLoad: 300000, script: 30000}, unhandledPromptBehavior: dismiss and notify, webauthn:extension:credBlob: true, webauthn:extension:largeBlob: true, webauthn:extension:minPinLength: true, webauthn:extension:prf: true, webauthn:virtualAuthenticators: true}
Session ID: 9c5c524959ab7931b2669b9a396fd4cc
Aug 21, 2025 12:04:45 PM base.LogResults createLogs
INFO: FAIL - Error while Clicking On Search Text Field: no such element: Unable to locate element: {"method":"xpath","selector":"(//input[@type='search'])[1]"}
  (Session info: chrome=139.0.7258.128)
For documentation on this error, please visit: https://www.selenium.dev/documentation/webdriver/troubleshooting/errors#no-such-element-exception
Build info: version: '4.28.0', revision: 'ac342546e9'
System info: os.name: 'Windows 10', os.arch: 'amd64', os.version: '10.0', java.version: '17.0.11'
Driver info: org.openqa.selenium.chrome.ChromeDriver
Command: [9c5c524959ab7931b2669b9a396fd4cc, findElement {value=(//input[@type='search'])[1], using=xpath}]
Capabilities {acceptInsecureCerts: true, browserName: chrome, browserVersion: 139.0.7258.128, chrome: {chromedriverVersion: 139.0.7258.138 (884e54ea8d4..., userDataDir: C:\Users\Pramod.C\AppData\L...}, fedcm:accounts: true, goog:chromeOptions: {debuggerAddress: localhost:53115}, networkConnectionEnabled: false, pageLoadStrategy: none, platformName: windows, proxy: Proxy(), se:cdp: ws://localhost:53115/devtoo..., se:cdpVersion: 139.0.7258.128, setWindowRect: true, strictFileInteractability: false, timeouts: {implicit: 0, pageLoad: 300000, script: 30000}, unhandledPromptBehavior: dismiss and notify, webauthn:extension:credBlob: true, webauthn:extension:largeBlob: true, webauthn:extension:minPinLength: true, webauthn:extension:prf: true, webauthn:virtualAuthenticators: true}
Session ID: 9c5c524959ab7931b2669b9a396fd4cc
Aug 21, 2025 12:05:01 PM base.LogResults createLogs
INFO: FAIL - Error While Displaying Employee: no such element: Unable to locate element: {"method":"xpath","selector":"(//div[@class='user_details'])[1]"}
  (Session info: chrome=139.0.7258.128)
For documentation on this error, please visit: https://www.selenium.dev/documentation/webdriver/troubleshooting/errors#no-such-element-exception
Build info: version: '4.28.0', revision: 'ac342546e9'
System info: os.name: 'Windows 10', os.arch: 'amd64', os.version: '10.0', java.version: '17.0.11'
Driver info: org.openqa.selenium.chrome.ChromeDriver
Command: [9c5c524959ab7931b2669b9a396fd4cc, findElement {value=(//div[@class='user_details'])[1], using=xpath}]
Capabilities {acceptInsecureCerts: true, browserName: chrome, browserVersion: 139.0.7258.128, chrome: {chromedriverVersion: 139.0.7258.138 (884e54ea8d4..., userDataDir: C:\Users\Pramod.C\AppData\L...}, fedcm:accounts: true, goog:chromeOptions: {debuggerAddress: localhost:53115}, networkConnectionEnabled: false, pageLoadStrategy: none, platformName: windows, proxy: Proxy(), se:cdp: ws://localhost:53115/devtoo..., se:cdpVersion: 139.0.7258.128, setWindowRect: true, strictFileInteractability: false, timeouts: {implicit: 0, pageLoad: 300000, script: 30000}, unhandledPromptBehavior: dismiss and notify, webauthn:extension:credBlob: true, webauthn:extension:largeBlob: true, webauthn:extension:minPinLength: true, webauthn:extension:prf: true, webauthn:virtualAuthenticators: true}
Session ID: 9c5c524959ab7931b2669b9a396fd4cc
Aug 21, 2025 12:05:13 PM base.LogResults createLogs
INFO: FAIL - Error while Clicking On 3Dots: no such element: Unable to locate element: {"method":"xpath","selector":"(//div[@data-bs-toggle='dropdown'])[1]"}
  (Session info: chrome=139.0.7258.128)
For documentation on this error, please visit: https://www.selenium.dev/documentation/webdriver/troubleshooting/errors#no-such-element-exception
Build info: version: '4.28.0', revision: 'ac342546e9'
System info: os.name: 'Windows 10', os.arch: 'amd64', os.version: '10.0', java.version: '17.0.11'
Driver info: org.openqa.selenium.chrome.ChromeDriver
Command: [9c5c524959ab7931b2669b9a396fd4cc, findElement {value=(//div[@data-bs-toggle='dropdown'])[1], using=xpath}]
Capabilities {acceptInsecureCerts: true, browserName: chrome, browserVersion: 139.0.7258.128, chrome: {chromedriverVersion: 139.0.7258.138 (884e54ea8d4..., userDataDir: C:\Users\Pramod.C\AppData\L...}, fedcm:accounts: true, goog:chromeOptions: {debuggerAddress: localhost:53115}, networkConnectionEnabled: false, pageLoadStrategy: none, platformName: windows, proxy: Proxy(), se:cdp: ws://localhost:53115/devtoo..., se:cdpVersion: 139.0.7258.128, setWindowRect: true, strictFileInteractability: false, timeouts: {implicit: 0, pageLoad: 300000, script: 30000}, unhandledPromptBehavior: dismiss and notify, webauthn:extension:credBlob: true, webauthn:extension:largeBlob: true, webauthn:extension:minPinLength: true, webauthn:extension:prf: true, webauthn:virtualAuthenticators: true}
Session ID: 9c5c524959ab7931b2669b9a396fd4cc
Aug 21, 2025 12:05:26 PM base.LogResults createLogs
INFO: FAIL - Error while Clicking On WebEnrollment: no such element: Unable to locate element: {"method":"xpath","selector":"(//a[text()='Web Enrollment'])[1]"}
  (Session info: chrome=139.0.7258.128)
For documentation on this error, please visit: https://www.selenium.dev/documentation/webdriver/troubleshooting/errors#no-such-element-exception
Build info: version: '4.28.0', revision: 'ac342546e9'
System info: os.name: 'Windows 10', os.arch: 'amd64', os.version: '10.0', java.version: '17.0.11'
Driver info: org.openqa.selenium.chrome.ChromeDriver
Command: [9c5c524959ab7931b2669b9a396fd4cc, findElement {value=(//a[text()='Web Enrollment'])[1], using=xpath}]
Capabilities {acceptInsecureCerts: true, browserName: chrome, browserVersion: 139.0.7258.128, chrome: {chromedriverVersion: 139.0.7258.138 (884e54ea8d4..., userDataDir: C:\Users\Pramod.C\AppData\L...}, fedcm:accounts: true, goog:chromeOptions: {debuggerAddress: localhost:53115}, networkConnectionEnabled: false, pageLoadStrategy: none, platformName: windows, proxy: Proxy(), se:cdp: ws://localhost:53115/devtoo..., se:cdpVersion: 139.0.7258.128, setWindowRect: true, strictFileInteractability: false, timeouts: {implicit: 0, pageLoad: 300000, script: 30000}, unhandledPromptBehavior: dismiss and notify, webauthn:extension:credBlob: true, webauthn:extension:largeBlob: true, webauthn:extension:minPinLength: true, webauthn:extension:prf: true, webauthn:virtualAuthenticators: true}
Session ID: 9c5c524959ab7931b2669b9a396fd4cc
Aug 21, 2025 12:05:26 PM base.LogResults createLogs
INFO: FAIL - Skipping rest steps as error count reached configured value : 5
Aug 21, 2025 12:05:26 PM base.LogResults onlyLog
INFO: Failed - MeghEmployeeTest-MPI_626_Directory_AddEmployee_19-To verify this, create an employee and enroll the employee and ensure created employee record is displayed in the attendance module
---------------------------------------------------------------
MeghEmployeeTestMPI_626_Directory_AddEmployee_19
Aug 21, 2025 12:05:26 PM base.LogResults onlyLog
INFO: Total Pass : 0 Total Fail : 1  Total TC : 1
---------------------------------------------------------------
Test case took: 190.2084 seconds
Total TC Time: 00:03:10
Launching Driver...
Aug 21, 2025 12:05:28 PM org.openqa.selenium.devtools.CdpVersionFinder findNearestMatch
WARNING: Unable to find an exact match for CDP version 139, returning the closest version; found: 137; Please update to a Selenium version that supports CDP version 139
(1386, 788)
Aug 21, 2025 12:05:32 PM base.LogResults createLogs
INFO: PASS - Application Loaded Successfully: 
Aug 21, 2025 12:05:38 PM base.LogResults createLogs
INFO: PASS - Company Code Entered in Text Box: ARBX
Aug 21, 2025 12:05:40 PM base.LogResults createLogs
INFO: PASS - Login With Password Button Is Clicked: 
Aug 21, 2025 12:05:47 PM base.LogResults createLogs
INFO: PASS - Sign in Text Is Displayed: 
Aug 21, 2025 12:05:49 PM base.LogResults createLogs
INFO: PASS - Username Is Entered In Username Text Field: AutoE190825091637@mailinator.com
Aug 21, 2025 12:05:51 PM base.LogResults createLogs
INFO: PASS - Password Is Entered In Password Text Field: Pramod@1234
Aug 21, 2025 12:05:53 PM base.LogResults createLogs
INFO: PASS - Captcha Entered On Captcha Text Field: 12345
Aug 21, 2025 12:05:56 PM base.LogResults createLogs
INFO: PASS - Clicked On Login Button: 
Aug 21, 2025 12:05:58 PM base.LogResults createLogs
INFO: PASS - Login Done  And Validated Successfully: 
Aug 21, 2025 12:06:00 PM base.LogResults createLogs
INFO: PASS - Login Done Successfully: 
Aug 21, 2025 12:06:07 PM base.LogResults createLogs
INFO: PASS - PolicyIcon Clicked Successfully: 
Aug 21, 2025 12:06:09 PM base.LogResults createLogs
INFO: PASS - PolicyMaster Loaded Successfully: 
Aug 21, 2025 12:06:11 PM base.LogResults createLogs
INFO: PASS - AttendancePolicy Clicked Successfully : 
Aug 21, 2025 12:06:13 PM base.LogResults createLogs
INFO: PASS - AttendancePolicy Page Loaded Successfully : 
Aug 21, 2025 12:06:16 PM base.LogResults createLogs
INFO: PASS - AddAttendancePolicyButton Clicked Successfully : 
Aug 21, 2025 12:06:18 PM base.LogResults createLogs
INFO: PASS - AttendancePolicy Name Entered Successfully : AutoAttenPN190825091637
Aug 21, 2025 12:06:20 PM base.LogResults createLogs
INFO: PASS - WebPunchButton Button Successfully : 
Aug 21, 2025 12:06:23 PM base.LogResults createLogs
INFO: PASS - EnableGracePeriod Button  Successfully : 
Aug 21, 2025 12:06:25 PM base.LogResults createLogs
INFO: PASS - EarlyClockOut CheckBox Clicked  Successfully : 
Aug 21, 2025 12:06:27 PM base.LogResults createLogs
INFO: PASS - Clicked On GraceHours  Successfully : 
Aug 21, 2025 12:06:32 PM base.LogResults createLogs
INFO: PASS -  GraceHours Inputted  Successfully : 1:00
Aug 21, 2025 12:06:35 PM base.LogResults createLogs
INFO: PASS - Clicked On GraceTimeApply Button  Successfully : 
Aug 21, 2025 12:06:37 PM base.LogResults createLogs
INFO: PASS - EnableGracePeriod CheckBox Clicked  Successfully : 
Aug 21, 2025 12:06:39 PM base.LogResults createLogs
INFO: PASS - RegulationRequest CheckBox Clicked  Successfully : 
Aug 21, 2025 12:06:41 PM base.LogResults createLogs
INFO: PASS - AddEmpCriteria Button Successfully : 
Aug 21, 2025 12:06:48 PM base.LogResults createLogs
INFO: PASS - Office Name Selected  Successfully : AutoON190825091637
Aug 21, 2025 12:06:55 PM base.LogResults createLogs
INFO: PASS - Successfully Clicked  Dept DropDown: AutoDN190825091637
Aug 21, 2025 12:07:00 PM base.LogResults createLogs
INFO: PASS - Successfully Selected  Dept: AutoDN190825091637
Aug 21, 2025 12:07:06 PM base.LogResults createLogs
INFO: PASS - Successfully Clicked On  Team  Dropdown: AutoTN190825091637
Aug 21, 2025 12:07:11 PM base.LogResults createLogs
INFO: PASS - Successfully Selected  Team From Dropdown: AutoTN190825091637
Aug 21, 2025 12:07:18 PM base.LogResults createLogs
INFO: PASS - Successfully Selected  Designation From Dropdown: AutoDESN190825091637
Aug 21, 2025 12:07:28 PM base.LogResults createLogs
INFO: PASS - Successfully Selected  Employee Type From Dropdown: AutoEN190825091637
Aug 21, 2025 12:07:30 PM base.LogResults createLogs
INFO: PASS - Clicked On Apply Button Successfully : 
Aug 21, 2025 12:07:32 PM base.LogResults createLogs
INFO: PASS - CreatePolicyButton Button Successfully : 
Aug 21, 2025 12:07:40 PM base.LogResults createLogs
INFO: PASS - Yes Button Button Successfully : 
Aug 21, 2025 12:07:44 PM base.LogResults onlyLog
INFO: Passed - MeghAttendancePolicyTest-MPI_846_Attendance_Policy_71-To verify this, create an attendance policy and add employee criteria and ensure matching criteria employee are assigned to the created policy
---------------------------------------------------------------
MeghAttendancePolicyTestMPI_846_Attendance_Policy_71
Aug 21, 2025 12:07:44 PM base.LogResults onlyLog
INFO: Total Pass : 1 Total Fail : 1  Total TC : 2
---------------------------------------------------------------
Test case took: 135.7427 seconds
Total TC Time: 00:02:15

===============================================
Suite
Total tests run: 2, Passes: 1, Failures: 0, Skips: 1
===============================================

