>> Console logging redirected to data/console.log
Launching Driver...
SLF4J(W): No SLF4J providers were found.
SLF4J(W): Defaulting to no-operation (NOP) logger implementation
SLF4J(W): See https://www.slf4j.org/codes.html#noProviders for further details.
Aug 25, 2025 12:42:08 PM org.openqa.selenium.devtools.CdpVersionFinder findNearestMatch
WARNING: Unable to find an exact match for CDP version 139, returning the closest version; found: 137; Please update to a Selenium version that supports CDP version 139
(1386, 788)
Aug 25, 2025 12:42:12 PM base.LogResults createLogs
INFO: PASS -  Application loaded successfully.
Aug 25, 2025 12:42:18 PM base.LogResults createLogs
INFO: PASS -  Company code entered successfully.AEWK
Aug 25, 2025 12:42:20 PM base.LogResults createLogs
INFO: PASS - Clicked On 'Login with Password' successfully.
Aug 25, 2025 12:42:26 PM base.LogResults createLogs
INFO: PASS -  Sign-in section appeared.
Aug 25, 2025 12:42:29 PM base.LogResults createLogs
INFO: PASS -  Email Id entered.AutoE250825101437@mailinator.com
Aug 25, 2025 12:42:31 PM base.LogResults createLogs
INFO: PASS -  Password entered.Pramod@1234
Aug 25, 2025 12:42:33 PM base.LogResults createLogs
INFO: PASS -  Captcha entered.12345
Aug 25, 2025 12:42:36 PM base.LogResults createLogs
INFO: PASS -  Sign-in button clicked.
Aug 25, 2025 12:42:38 PM base.LogResults createLogs
INFO: PASS -  Login validated successfully And Good Text Is Displayed.
Aug 25, 2025 12:42:40 PM base.LogResults createLogs
INFO: PASS - Login Done Successfully: 
Aug 25, 2025 12:42:42 PM base.LogResults createLogs
INFO: PASS - Leave Button Clicked Successfully Of HR Account: 
Aug 25, 2025 12:42:47 PM base.LogResults createLogs
INFO: PASS -  EmpLeaveRequestsTab Clicked Successfully Of HR Account: 
Aug 25, 2025 12:42:51 PM base.LogResults createLogs
INFO: PASS -  Apply Leave Button Clicked Successfully : 
Aug 25, 2025 12:42:53 PM base.LogResults createLogs
INFO: PASS -   Leave For Me Button Clicked Successfully : 
Aug 25, 2025 12:42:55 PM base.LogResults createLogs
INFO: PASS -   LeaveType DropDown OnAdmin Clicked Successfully : 
Aug 25, 2025 12:42:58 PM base.LogResults createLogs
INFO: PASS -  Leave Name Inputted  Successfully : Sick Leave
Aug 25, 2025 12:43:00 PM base.LogResults createLogs
INFO: PASS -   Leave Type Selected  Successfully : 
Aug 25, 2025 12:43:02 PM base.LogResults createLogs
INFO: PASS -  Clicked On FromDate TextField In Admin  Successfully : 
Aug 25, 2025 12:43:08 PM base.LogResults createLogs
INFO: PASS -   FromDate Inputted On TextField   Successfully : 2025-08-08
Aug 25, 2025 12:43:14 PM base.LogResults createLogs
INFO: PASS -  Clicked On FromLeaveDuration Dropdown In Admin  Successfully : Full Day
Aug 25, 2025 12:43:16 PM base.LogResults createLogs
INFO: PASS -  Clicked On ToDate TextField In Admin  Successfully : 
Aug 25, 2025 12:43:21 PM base.LogResults createLogs
INFO: PASS -   ToDate Inputted On TextField   Successfully : 2025-08-08
Aug 25, 2025 12:43:28 PM base.LogResults createLogs
INFO: PASS -  Selected  ToLeaveDuration From Dropdown In Admin  Successfully : Full Day
Aug 25, 2025 12:43:30 PM base.LogResults createLogs
INFO: PASS -  Reason Inputted  Successfully Of Employee Account: Test
Aug 25, 2025 12:43:37 PM base.LogResults createLogs
INFO: PASS - Leave Request Apply Button Clicked  Successfully : 
Aug 25, 2025 12:43:49 PM base.LogResults createLogs
INFO: PASS - Employee Toggle Switch Successfully To Switch To Employee Account: 
Aug 25, 2025 12:43:52 PM base.LogResults createLogs
INFO: PASS - Leave Button Clicked Successfully Of Employee Account: 
Aug 25, 2025 12:43:56 PM base.LogResults createLogs
INFO: PASS -  EmpLeaveRequestsTab Clicked Successfully Of Employee Account: 
Aug 25, 2025 12:44:03 PM base.LogResults createLogs
INFO: PASS - Leave Request Page 100 Per Page Selected  Successfully : 
Aug 25, 2025 12:44:10 PM base.LogResults createLogs
INFO: PASS -  Leave Name Inputted  Successfully : Sick Leave
Aug 25, 2025 12:44:12 PM base.LogResults createLogs
INFO: PASS -  Applied Leave Validated  Successfully : Sick Leave2025-08-08Approved
Aug 25, 2025 12:44:12 PM base.LogResults onlyLog
INFO: Passed - MeghLeaveTest-MPI_625_Leave_26-To verify this, as a admin apply leave for himself and ensure leave is approved and leave is displaying for selected date on employee module
---------------------------------------------------------------
MeghLeaveTestMPI_625_Leave_26
Aug 25, 2025 12:44:12 PM base.LogResults onlyLog
INFO: Total Pass : 1 Total Fail : 0  Total TC : 1
---------------------------------------------------------------
Test case took: 123.5816 seconds
Total TC Time: 00:02:03

===============================================
Suite
Total tests run: 1, Passes: 1, Failures: 0, Skips: 0
===============================================

