>> Console logging redirected to data/console.log
Continuing with Existing Master Data due to threshold value:080825-070825-ThreSld->3
Launching Driver...
SLF4J(W): No SLF4J providers were found.
SLF4J(W): Defaulting to no-operation (NOP) logger implementation
SLF4J(W): See https://www.slf4j.org/codes.html#noProviders for further details.
Aug 08, 2025 10:45:24 AM org.openqa.selenium.devtools.CdpVersionFinder findNearestMatch
WARNING: Unable to find an exact match for CDP version 138, returning the closest version; found: 137; Please update to a Selenium version that supports CDP version 138
Error Index 1 out of bounds for length 1
Aug 08, 2025 10:45:25 AM base.LogResults createLogs
INFO: PASS - Application Loaded Successfully: 
Aug 08, 2025 10:45:30 AM base.LogResults createLogs
INFO: PASS - Company Code Entered in Text Box: ANHZ
Aug 08, 2025 10:45:30 AM base.LogResults createLogs
INFO: PASS - Login With Password Button Is Clicked: 
Aug 08, 2025 10:45:34 AM base.LogResults createLogs
INFO: PASS - Sign in Text Is Displayed: 
Aug 08, 2025 10:45:34 AM base.LogResults createLogs
INFO: PASS - Username Is Entered In Username Text Field: AutoE070825091624@mailinator.com
Aug 08, 2025 10:45:35 AM base.LogResults createLogs
INFO: PASS - Password Is Entered In Password Text Field: Pramod@1234
Aug 08, 2025 10:45:35 AM base.LogResults createLogs
INFO: PASS - Captcha Entered On Captcha Text Field: 12345
Aug 08, 2025 10:45:35 AM base.LogResults createLogs
INFO: PASS - Clicked On Login Button: 
