>> Console logging redirected to data/console.log
Continuing with Existing Master Data due to threshold value:150725-140725-ThreSld->3
Launching Driver...
SLF4J(W): No SLF4J providers were found.
SLF4J(W): Defaulting to no-operation (NOP) logger implementation
SLF4J(W): See https://www.slf4j.org/codes.html#noProviders for further details.
Jul 15, 2025 2:13:57 PM org.openqa.selenium.devtools.CdpVersionFinder findNearestMatch
WARNING: Unable to find an exact match for CDP version 138, returning the closest version; found: 137; Please update to a Selenium version that supports CDP version 138
Launching Driver...
Jul 15, 2025 2:13:59 PM org.openqa.selenium.devtools.CdpVersionFinder findNearestMatch
WARNING: Unable to find an exact match for CDP version 138, returning the closest version; found: 137; Please update to a Selenium version that supports CDP version 138
Jul 15, 2025 2:14:01 PM base.LogResults createLogs
INFO: INFO - Skip Adding New Data. Continue with Old Test Data.
Jul 15, 2025 2:14:01 PM base.LogResults onlyLog
INFO: Passed - MeghMasterEntityTypeTest-MPI_308_EntityType_01-To verify this, create a new entity type and ensure that the added entity is displayed in the entity dropdown on the Add New Employee form.
---------------------------------------------------------------
MeghMasterEntityTypeTestMPI_308_EntityType_01
Jul 15, 2025 2:14:01 PM base.LogResults onlyLog
INFO: Total Pass : 2 Total Fail : 0  Total TC : 2
---------------------------------------------------------------
Test case took: 0.4124 seconds
Total TC Time: 00:00:00
cmpcode and emailidAGIBAutoE140725101157@mailinator.com
Launching Driver...
Jul 15, 2025 2:14:03 PM org.openqa.selenium.devtools.CdpVersionFinder findNearestMatch
WARNING: Unable to find an exact match for CDP version 138, returning the closest version; found: 137; Please update to a Selenium version that supports CDP version 138
Jul 15, 2025 2:14:04 PM base.LogResults createLogs
INFO: INFO - Skip Adding New Data. Continue with Old Test Data.
Jul 15, 2025 2:14:04 PM base.LogResults onlyLog
INFO: Passed - MeghMasterTeamMappingTest-MPI_518_TeamMapping_01-To verify this, create a department and map it with an office. Then, navigate to Team Mapping, click on 'Add Team Mapping', select the created team, select the mapped department, and save. After saving, create an employee for the selected location. Navigate to the employee's profile, select the department, click on the team field, enter the team name, and ensure that the mapped team is displayed.
---------------------------------------------------------------
MeghMasterTeamMappingTestMPI_518_TeamMapping_01
Jul 15, 2025 2:14:04 PM base.LogResults onlyLog
INFO: Total Pass : 3 Total Fail : 0  Total TC : 3
---------------------------------------------------------------
Test case took: 0.5077 seconds
Total TC Time: 00:00:00
Launching Driver...
Jul 15, 2025 2:14:06 PM org.openqa.selenium.devtools.CdpVersionFinder findNearestMatch
WARNING: Unable to find an exact match for CDP version 138, returning the closest version; found: 137; Please update to a Selenium version that supports CDP version 138
Jul 15, 2025 2:14:08 PM base.LogResults createLogs
INFO: INFO - Skip Adding New Data. Continue with Old Test Data.
Jul 15, 2025 2:14:08 PM base.LogResults onlyLog
INFO: Passed - MeghMasterDesignationTest-MPI_232_Designation_01-To verify this, create a new designation and ensure that the created designation appears in the 'Designation' dropdown within the Employee Manage Profile section.
---------------------------------------------------------------
MeghMasterDesignationTestMPI_232_Designation_01
Jul 15, 2025 2:14:08 PM base.LogResults onlyLog
INFO: Total Pass : 4 Total Fail : 0  Total TC : 4
---------------------------------------------------------------
Test case took: 0.4635 seconds
Total TC Time: 00:00:00
Launching Driver...
Jul 15, 2025 2:14:10 PM org.openqa.selenium.devtools.CdpVersionFinder findNearestMatch
WARNING: Unable to find an exact match for CDP version 138, returning the closest version; found: 137; Please update to a Selenium version that supports CDP version 138
Jul 15, 2025 2:14:11 PM base.LogResults createLogs
INFO: INFO - Skip Adding New Data. Continue with Old Test Data.
Jul 15, 2025 2:14:11 PM base.LogResults onlyLog
INFO: Passed - MeghMasterGradeTest-MPI_289_Grade_01-Create a new Grade and ensure that the created Grade is displayed in the Grade dropdown under the Employee/User Manage Profile section
---------------------------------------------------------------
MeghMasterGradeTestMPI_289_Grade_01
Jul 15, 2025 2:14:11 PM base.LogResults onlyLog
INFO: Total Pass : 5 Total Fail : 0  Total TC : 5
---------------------------------------------------------------
Test case took: 0.4196 seconds
Total TC Time: 00:00:00

===============================================
Suite
Total tests run: 5, Passes: 0, Failures: 1, Skips: 4
Configuration Failures: 1, Skips: 0
===============================================

