>> Console logging redirected to data/console.log
Continuing with Existing Master Data due to threshold value:160725-150725-ThreSld->3
Launching Driver...
SLF4J(W): No SLF4J providers were found.
SLF4J(W): Defaulting to no-operation (NOP) logger implementation
SLF4J(W): See https://www.slf4j.org/codes.html#noProviders for further details.
Jul 16, 2025 5:17:10 PM org.openqa.selenium.devtools.CdpVersionFinder findNearestMatch
WARNING: Unable to find an exact match for CDP version 138, returning the closest version; found: 137; Please update to a Selenium version that supports CDP version 138
Error Index 1 out of bounds for length 1
Jul 16, 2025 5:17:12 PM base.LogResults createLogs
INFO: PASS - Step 1: Application loaded successfully.
Jul 16, 2025 5:17:17 PM base.LogResults createLogs
INFO: PASS - Step 2: Company code entered successfully.AZPK
Jul 16, 2025 5:17:17 PM base.LogResults createLogs
INFO: PASS - Step 3: Clicked 'Login with Password' successfully.
Jul 16, 2025 5:17:21 PM base.LogResults createLogs
INFO: PASS - Step 4: Sign-in section appeared.
Jul 16, 2025 5:17:21 PM base.LogResults createLogs
INFO: PASS - Step 5: Username entered.AutoE150725091521@mailinator.com
Jul 16, 2025 5:17:21 PM base.LogResults createLogs
INFO: PASS - Step 6: Password entered.Pramod@1234
Jul 16, 2025 5:17:22 PM base.LogResults createLogs
INFO: PASS - Step 7: Captcha entered.12345
Jul 16, 2025 5:17:22 PM base.LogResults createLogs
INFO: PASS - Step 8: Sign-in button clicked.
Jul 16, 2025 5:17:25 PM base.LogResults createLogs
INFO: PASS - Step 9: Login validated successfully.
Jul 16, 2025 5:17:25 PM base.LogResults createLogs
INFO: PASS - Login Done Successfully: 
Jul 16, 2025 5:17:28 PM base.LogResults createLogs
INFO: PASS - FileButton Clicked Successfully: 
Jul 16, 2025 5:17:39 PM base.LogResults createLogs
INFO: FAIL - Error While Clicking On UploadFile Button: no such element: Unable to locate element: {"method":"xpath","selector":"(//button[@id='btnAddEmployeeFiles'])[1]"}
  (Session info: chrome=138.0.7204.101)
For documentation on this error, please visit: https://www.selenium.dev/documentation/webdriver/troubleshooting/errors#no-such-element-exception
Build info: version: '4.34.0', revision: '707dcb4246*'
System info: os.name: 'Windows 10', os.arch: 'amd64', os.version: '10.0', java.version: '17.0.11'
Driver info: org.openqa.selenium.chrome.ChromeDriver
Command: [276e2f602cdd9271d5680fec2faf2607, findElement {value=(//button[@id='btnAddEmployeeFiles'])[1], using=xpath}]
Capabilities {acceptInsecureCerts: true, browserName: chrome, browserVersion: 138.0.7204.101, chrome: {chromedriverVersion: 138.0.7204.157 (e533e98b126..., userDataDir: C:\Users\Pramod.C\AppData\L...}, fedcm:accounts: true, goog:chromeOptions: {debuggerAddress: localhost:61464}, networkConnectionEnabled: false, pageLoadStrategy: none, platformName: windows, proxy: Proxy(), se:cdp: ws://localhost:61464/devtoo..., se:cdpVersion: 138.0.7204.101, setWindowRect: true, strictFileInteractability: false, timeouts: {implicit: 0, pageLoad: 300000, script: 30000}, unhandledPromptBehavior: dismiss and notify, webauthn:extension:credBlob: true, webauthn:extension:largeBlob: true, webauthn:extension:minPinLength: true, webauthn:extension:prf: true, webauthn:virtualAuthenticators: true}
Session ID: 276e2f602cdd9271d5680fec2faf2607
Jul 16, 2025 5:17:51 PM base.LogResults createLogs
INFO: PASS - File Selected Successfully: ./data/Files/TestFile1.pdf
Jul 16, 2025 5:18:07 PM base.LogResults createLogs
INFO: FAIL - Error While Selecting Company FileTag From Dropdown: Cannot locate option with text: Appraisal 
For documentation on this error, please visit: https://www.selenium.dev/documentation/webdriver/troubleshooting/errors#no-such-element-exception
Build info: version: '4.34.0', revision: '707dcb4246*'
System info: os.name: 'Windows 10', os.arch: 'amd64', os.version: '10.0', java.version: '17.0.11'
Driver info: driver.version: unknown
Jul 16, 2025 5:18:18 PM base.LogResults createLogs
INFO: FAIL - Error While Selecting Inputting Date: element not interactable
  (Session info: chrome=138.0.7204.101)
Build info: version: '4.34.0', revision: '707dcb4246*'
System info: os.name: 'Windows 10', os.arch: 'amd64', os.version: '10.0', java.version: '17.0.11'
Driver info: org.openqa.selenium.chrome.ChromeDriver
Command: [276e2f602cdd9271d5680fec2faf2607, clickElement {id=f.664CD3713C3796A47E4C4DF2069BD1C2.d.3BC61407BE8E7AA92B832FCABA683C82.e.607}]
Capabilities {acceptInsecureCerts: true, browserName: chrome, browserVersion: 138.0.7204.101, chrome: {chromedriverVersion: 138.0.7204.157 (e533e98b126..., userDataDir: C:\Users\Pramod.C\AppData\L...}, fedcm:accounts: true, goog:chromeOptions: {debuggerAddress: localhost:61464}, networkConnectionEnabled: false, pageLoadStrategy: none, platformName: windows, proxy: Proxy(), se:cdp: ws://localhost:61464/devtoo..., se:cdpVersion: 138.0.7204.101, setWindowRect: true, strictFileInteractability: false, timeouts: {implicit: 0, pageLoad: 300000, script: 30000}, unhandledPromptBehavior: dismiss and notify, webauthn:extension:credBlob: true, webauthn:extension:largeBlob: true, webauthn:extension:minPinLength: true, webauthn:extension:prf: true, webauthn:virtualAuthenticators: true}
Element: [[ChromeDriver: chrome on windows (276e2f602cdd9271d5680fec2faf2607)] -> xpath: //input[@id='fileValidUntil1']/../input[1]]
Session ID: 276e2f602cdd9271d5680fec2faf2607
Jul 16, 2025 5:18:21 PM base.LogResults createLogs
INFO: PASS - Date Selected Successfully: 12-01-2025
Jul 16, 2025 5:18:31 PM base.LogResults createLogs
INFO: FAIL - Error While Clicking On UploadFilesSaveButton: element not interactable
  (Session info: chrome=138.0.7204.101)
Build info: version: '4.34.0', revision: '707dcb4246*'
System info: os.name: 'Windows 10', os.arch: 'amd64', os.version: '10.0', java.version: '17.0.11'
Driver info: org.openqa.selenium.chrome.ChromeDriver
Command: [276e2f602cdd9271d5680fec2faf2607, clickElement {id=f.664CD3713C3796A47E4C4DF2069BD1C2.d.3BC61407BE8E7AA92B832FCABA683C82.e.609}]
Capabilities {acceptInsecureCerts: true, browserName: chrome, browserVersion: 138.0.7204.101, chrome: {chromedriverVersion: 138.0.7204.157 (e533e98b126..., userDataDir: C:\Users\Pramod.C\AppData\L...}, fedcm:accounts: true, goog:chromeOptions: {debuggerAddress: localhost:61464}, networkConnectionEnabled: false, pageLoadStrategy: none, platformName: windows, proxy: Proxy(), se:cdp: ws://localhost:61464/devtoo..., se:cdpVersion: 138.0.7204.101, setWindowRect: true, strictFileInteractability: false, timeouts: {implicit: 0, pageLoad: 300000, script: 30000}, unhandledPromptBehavior: dismiss and notify, webauthn:extension:credBlob: true, webauthn:extension:largeBlob: true, webauthn:extension:minPinLength: true, webauthn:extension:prf: true, webauthn:virtualAuthenticators: true}
Element: [[ChromeDriver: chrome on windows (276e2f602cdd9271d5680fec2faf2607)] -> xpath: //button[@id='btnEmployeeFilesSave']]
Session ID: 276e2f602cdd9271d5680fec2faf2607
Jul 16, 2025 5:18:33 PM base.LogResults createLogs
INFO: PASS - UploadFile Clicked Successfully: 
Jul 16, 2025 5:18:46 PM base.LogResults createLogs
INFO: PASS - File Selected Successfully: ./data/Files/TestFile1.pdf
Jul 16, 2025 5:18:51 PM base.LogResults createLogs
INFO: FAIL - Error While Selecting Company FileTag From Dropdown: Cannot locate option with text: Educational
For documentation on this error, please visit: https://www.selenium.dev/documentation/webdriver/troubleshooting/errors#no-such-element-exception
Build info: version: '4.34.0', revision: '707dcb4246*'
System info: os.name: 'Windows 10', os.arch: 'amd64', os.version: '10.0', java.version: '17.0.11'
Driver info: driver.version: unknown
Jul 16, 2025 5:18:51 PM base.LogResults createLogs
INFO: FAIL - Skipping rest steps as error count reached configured value : 5
Jul 16, 2025 5:18:51 PM base.LogResults onlyLog
INFO: Failed - Attendance-MPI_342_FileTags_12-To verify this, upload two files in the File module — select the 'Company' file tag for one file and the 'Employee' file tag for the other. After uploading, go to the File Tag module and move the file tagged under the Company section type to the Employee section type. Ensure the file  is moved successfully from compay to employee filetag
---------------------------------------------------------------
AttendanceMPI_342_FileTags_12
Jul 16, 2025 5:18:51 PM base.LogResults onlyLog
INFO: Total Pass : 0 Total Fail : 1  Total TC : 1
---------------------------------------------------------------
Test case took: 100.1695 seconds
Total TC Time: 00:01:40

===============================================
Suite
Total tests run: 1, Passes: 0, Failures: 0, Skips: 1
===============================================

