>> Console logging redirected to data/console.log
Launching Driver...
SLF4J(W): No SLF4J providers were found.
SLF4J(W): Defaulting to no-operation (NOP) logger implementation
SLF4J(W): See https://www.slf4j.org/codes.html#noProviders for further details.
Launching Driver...
Launching Driver...
Launching Driver...
Launching Driver...
Launching Driver...
Launching Driver...
Launching Driver...
Launching Driver...
Launching Driver...
Launching Driver...
Launching Driver...
No Logs found to Generate Report.

===============================================
Suite
Total tests run: 12, Passes: 0, Failures: 0, Skips: 12
Configuration Failures: 12, Skips: 0
===============================================

