>> Console logging redirected to data/console.log
Deleted: E:\MeghPiFw\MeghPIreports\RunID-21-08-25_17_51_55\json\chromeMeghEmployeeTest.json
Deleted: E:\MeghPiFw\MeghPIreports\RunID-21-08-25_17_51_55\chromeMeghEmployeeTest-Logs.txt
Deleted: E:\MeghPiFw\MeghPIreports\RunID-21-08-25_17_51_55\chromeMeghEmployeeTest-Logs.txt.lck
Deleted: E:\MeghPiFw\MeghPIreports\RunID-21-08-25_17_51_55\chromeMeghEmployeeTest.html
Deleted: E:\MeghPiFw\MeghPIreports\RunID-21-08-25_17_51_55\screenshot\21-08-2025-055159.png
Deleted: E:\MeghPiFw\MeghPIreports\RunID-21-08-25_17_51_55\screenshot\21-08-2025-055205.png
Deleted: E:\MeghPiFw\MeghPIreports\RunID-21-08-25_17_51_55\screenshot\21-08-2025-055208.png
Deleted: E:\MeghPiFw\MeghPIreports\RunID-21-08-25_17_51_55\screenshot\21-08-2025-055214.png
Deleted: E:\MeghPiFw\MeghPIreports\RunID-21-08-25_17_51_55\screenshot\21-08-2025-055216.png
Deleted: E:\MeghPiFw\MeghPIreports\RunID-21-08-25_17_51_55\screenshot\21-08-2025-055218.png
Deleted: E:\MeghPiFw\MeghPIreports\RunID-21-08-25_17_51_55\screenshot\21-08-2025-055221.png
Deleted: E:\MeghPiFw\MeghPIreports\RunID-21-08-25_17_51_55\screenshot\21-08-2025-055223.png
Deleted: E:\MeghPiFw\MeghPIreports\RunID-21-08-25_17_51_55\screenshot\21-08-2025-055225.png
Deleted: E:\MeghPiFw\MeghPIreports\RunID-21-08-25_17_51_55\screenshot\21-08-2025-055228.png
Deleted: E:\MeghPiFw\MeghPIreports\RunID-21-08-25_17_51_55\screenshot\21-08-2025-055235.png
Deleted: E:\MeghPiFw\MeghPIreports\RunID-21-08-25_17_51_55\screenshot\21-08-2025-055237.png
Deleted: E:\MeghPiFw\MeghPIreports\RunID-21-08-25_17_51_55\screenshot\21-08-2025-055240.png
Deleted: E:\MeghPiFw\MeghPIreports\RunID-21-08-25_17_51_55\screenshot\21-08-2025-055242.png
Deleted: E:\MeghPiFw\MeghPIreports\RunID-21-08-25_17_51_55\screenshot\21-08-2025-055251.png
Deleted: E:\MeghPiFw\MeghPIreports\RunID-21-08-25_17_51_55\screenshot\21-08-2025-055253.png
Deleted: E:\MeghPiFw\MeghPIreports\RunID-21-08-25_17_51_55\screenshot\21-08-2025-055255.png
Deleted: E:\MeghPiFw\MeghPIreports\RunID-21-08-25_17_51_55\screenshot\21-08-2025-055303.png
Deleted: E:\MeghPiFw\MeghPIreports\RunID-21-08-25_17_51_55\screenshot\21-08-2025-055305.png
Deleted: E:\MeghPiFw\MeghPIreports\RunID-21-08-25_17_51_55\screenshot\21-08-2025-055309.png
Deleted: E:\MeghPiFw\MeghPIreports\RunID-21-08-25_17_51_55\screenshot\21-08-2025-055313.png
Deleted: E:\MeghPiFw\MeghPIreports\RunID-21-08-25_17_51_55\screenshot\21-08-2025-055316.png
Deleted: E:\MeghPiFw\MeghPIreports\RunID-21-08-25_17_51_55\screenshot\21-08-2025-055321.png
Deleted: E:\MeghPiFw\MeghPIreports\RunID-21-08-25_17_51_55\screenshot\21-08-2025-055323.png
Deleted: E:\MeghPiFw\MeghPIreports\RunID-21-08-25_17_51_55\screenshot\21-08-2025-055325.png
Deleted: E:\MeghPiFw\MeghPIreports\RunID-21-08-25_17_51_55\screenshot\21-08-2025-055328.png
Deleted: E:\MeghPiFw\MeghPIreports\RunID-21-08-25_17_51_55\screenshot\21-08-2025-055330.png
Deleted: E:\MeghPiFw\MeghPIreports\RunID-21-08-25_17_51_55\screenshot\21-08-2025-055332.png
Deleted: E:\MeghPiFw\MeghPIreports\RunID-21-08-25_17_51_55\screenshot\21-08-2025-055334.png
Deleted: E:\MeghPiFw\MeghPIreports\RunID-21-08-25_17_51_55\screenshot\21-08-2025-055337.png
Deleted: E:\MeghPiFw\MeghPIreports\RunID-21-08-25_17_57_34\chromeMeghEmployeeTest-Logs.txt
Deleted: E:\MeghPiFw\MeghPIreports\RunID-21-08-25_17_57_34\chromeMeghEmployeeTest.html
Deleted: E:\MeghPiFw\MeghPIreports\RunID-21-08-25_17_57_34\screenshot\21-08-2025-055738.png
Deleted: E:\MeghPiFw\MeghPIreports\RunID-21-08-25_17_57_34\screenshot\21-08-2025-055744.png
Deleted: E:\MeghPiFw\MeghPIreports\RunID-21-08-25_17_57_34\screenshot\21-08-2025-055746.png
Deleted: E:\MeghPiFw\MeghPIreports\RunID-21-08-25_17_57_34\screenshot\21-08-2025-055752.png
Deleted: E:\MeghPiFw\MeghPIreports\RunID-21-08-25_17_57_34\screenshot\21-08-2025-055755.png
Deleted: E:\MeghPiFw\MeghPIreports\RunID-21-08-25_17_57_34\screenshot\21-08-2025-055757.png
Deleted: E:\MeghPiFw\MeghPIreports\RunID-21-08-25_17_57_34\screenshot\21-08-2025-055759.png
Deleted: E:\MeghPiFw\MeghPIreports\RunID-21-08-25_17_57_34\screenshot\21-08-2025-055801.png
Deleted: E:\MeghPiFw\MeghPIreports\RunID-21-08-25_17_57_34\screenshot\21-08-2025-055804.png
Deleted: E:\MeghPiFw\MeghPIreports\RunID-21-08-25_17_57_34\screenshot\21-08-2025-055806.png
Deleted: E:\MeghPiFw\MeghPIreports\RunID-21-08-25_17_57_34\screenshot\21-08-2025-055813.png
Deleted: E:\MeghPiFw\MeghPIreports\RunID-21-08-25_17_57_34\screenshot\21-08-2025-055816.png
Deleted: E:\MeghPiFw\MeghPIreports\RunID-21-08-25_17_57_34\screenshot\21-08-2025-055818.png
Deleted: E:\MeghPiFw\MeghPIreports\RunID-21-08-25_17_57_34\screenshot\21-08-2025-055821.png
Deleted: E:\MeghPiFw\MeghPIreports\RunID-21-08-25_17_57_34\screenshot\21-08-2025-055829.png
Deleted: E:\MeghPiFw\MeghPIreports\RunID-21-08-25_17_57_34\screenshot\21-08-2025-055831.png
Deleted: E:\MeghPiFw\MeghPIreports\RunID-21-08-25_17_57_34\screenshot\21-08-2025-055834.png
Deleted: E:\MeghPiFw\MeghPIreports\RunID-21-08-25_17_57_34\screenshot\21-08-2025-055841.png
Deleted: E:\MeghPiFw\MeghPIreports\RunID-21-08-25_17_57_34\screenshot\21-08-2025-055843.png
Deleted: E:\MeghPiFw\MeghPIreports\RunID-21-08-25_17_57_34\screenshot\21-08-2025-055847.png
Deleted: E:\MeghPiFw\MeghPIreports\RunID-21-08-25_17_57_34\screenshot\21-08-2025-055852.png
Deleted: E:\MeghPiFw\MeghPIreports\RunID-21-08-25_17_57_34\screenshot\21-08-2025-055854.png
Deleted: E:\MeghPiFw\MeghPIreports\RunID-21-08-25_17_57_34\screenshot\21-08-2025-055859.png
Deleted: E:\MeghPiFw\MeghPIreports\RunID-21-08-25_17_57_34\screenshot\21-08-2025-055901.png
Deleted: E:\MeghPiFw\MeghPIreports\RunID-21-08-25_17_57_34\screenshot\21-08-2025-055904.png
Deleted: E:\MeghPiFw\MeghPIreports\RunID-21-08-25_17_57_34\screenshot\21-08-2025-055906.png
Deleted: E:\MeghPiFw\MeghPIreports\RunID-21-08-25_17_57_34\screenshot\21-08-2025-055908.png
Deleted: E:\MeghPiFw\MeghPIreports\RunID-21-08-25_17_57_34\screenshot\21-08-2025-055910.png
Deleted: E:\MeghPiFw\MeghPIreports\RunID-21-08-25_17_57_34\screenshot\21-08-2025-055913.png
Deleted: E:\MeghPiFw\MeghPIreports\RunID-21-08-25_17_57_34\screenshot\21-08-2025-055915.png
Deleted: E:\MeghPiFw\MeghPIreports\RunID-21-08-25_17_57_34\screenshot\21-08-2025-055922.png
Launching Driver...
SLF4J(W): No SLF4J providers were found.
SLF4J(W): Defaulting to no-operation (NOP) logger implementation
SLF4J(W): See https://www.slf4j.org/codes.html#noProviders for further details.
Aug 26, 2025 5:59:26 PM org.openqa.selenium.devtools.CdpVersionFinder findNearestMatch
WARNING: Unable to find an exact match for CDP version 139, returning the closest version; found: 137; Please update to a Selenium version that supports CDP version 139
(1386, 788)
Aug 26, 2025 5:59:30 PM base.LogResults createLogs
INFO: PASS -  Application loaded successfully.
Aug 26, 2025 5:59:36 PM base.LogResults createLogs
INFO: PASS -  Company code entered successfully.MAN0
Aug 26, 2025 5:59:39 PM base.LogResults createLogs
INFO: PASS - Clicked On 'Login with Password' successfully.
Aug 26, 2025 5:59:45 PM base.LogResults createLogs
INFO: PASS -  Sign-in section appeared.
Aug 26, 2025 5:59:47 PM base.LogResults createLogs
INFO: PASS -  Email Id entered.pramod.c@mantratec.com
Aug 26, 2025 5:59:49 PM base.LogResults createLogs
INFO: PASS -  Password entered.Pramod@1234
Aug 26, 2025 5:59:52 PM base.LogResults createLogs
INFO: PASS -  Captcha entered.12345
Aug 26, 2025 5:59:54 PM base.LogResults createLogs
INFO: PASS -  Sign-in button clicked.
Aug 26, 2025 5:59:56 PM base.LogResults createLogs
INFO: PASS -  Login validated successfully And Good Text Is Displayed.
Aug 26, 2025 5:59:58 PM base.LogResults createLogs
INFO: PASS - Login Done Successfully: 
Aug 26, 2025 6:00:01 PM base.LogResults createLogs
INFO: PASS -  Attendance Module Clicked Successfully: 
Aug 26, 2025 6:00:03 PM base.LogResults createLogs
INFO: PASS -  Attendance Page Loaded Successfully: 
Aug 26, 2025 6:00:05 PM base.LogResults createLogs
INFO: PASS -  Apply Regularization Button Clicked Successfully: 
Aug 26, 2025 6:00:07 PM base.LogResults createLogs
INFO: PASS -  Apply Regularization For Others Button Clicked Successfully: 
Aug 26, 2025 6:00:10 PM base.LogResults createLogs
INFO: PASS -  Employee Selection DropDown Clicked Successfully: 
Aug 26, 2025 6:00:12 PM base.LogResults createLogs
INFO: PASS -  Employee Name Inputted Successfully: Empthree
Aug 26, 2025 6:00:14 PM base.LogResults createLogs
INFO: PASS -  Employee Name Selected  Successfully: 
Aug 26, 2025 6:00:16 PM base.LogResults createLogs
INFO: PASS -  Regularization FromDate Clicked  Successfully: 
Aug 26, 2025 6:00:22 PM base.LogResults createLogs
INFO: PASS -  Regularization FromDate Inputted  Successfully: 2025-08-06
Aug 26, 2025 6:00:24 PM base.LogResults createLogs
INFO: PASS -  Regularization From Time TextField Clicked  Successfully: 
Aug 26, 2025 6:00:29 PM base.LogResults createLogs
INFO: PASS -  Regularization FromTime Inputted  Successfully: 09:00
Aug 26, 2025 6:00:32 PM base.LogResults createLogs
INFO: PASS -  Regularization ToDate Clicked  Successfully: 
Aug 26, 2025 6:00:37 PM base.LogResults createLogs
INFO: PASS -  Regularization ToDate Inputted  Successfully: 2025-08-06
Aug 26, 2025 6:00:39 PM base.LogResults createLogs
INFO: PASS -  Regularization To Time TextField Clicked  Successfully: 
Aug 26, 2025 6:00:44 PM base.LogResults createLogs
INFO: PASS -  Regularization To Time Inputted  Successfully: 18:00
Aug 26, 2025 6:00:51 PM base.LogResults createLogs
INFO: PASS -  Regularization Type Selected  Successfully: 
Aug 26, 2025 6:00:53 PM base.LogResults createLogs
INFO: PASS -  Regularization Reason Inputted  Successfully: Test
Aug 26, 2025 6:00:55 PM base.LogResults createLogs
INFO: PASS -  Regularization Apply Button Clicked  Successfully: 
Aug 26, 2025 6:00:55 PM base.LogResults onlyLog
INFO: Passed - MeghPIGSAttendanceTest-MPI_637_Normal_Attendance_09-Check the status after the employee raises a regularization request for an absent day and it is approved. 
---------------------------------------------------------------
MeghPIGSAttendanceTestMPI_637_Normal_Attendance_09
Aug 26, 2025 6:00:55 PM base.LogResults onlyLog
INFO: Total Pass : 1 Total Fail : 0  Total TC : 1
---------------------------------------------------------------
Test case took: 88.2276 seconds
Total TC Time: 00:01:28

===============================================
Suite
Total tests run: 1, Passes: 1, Failures: 0, Skips: 0
===============================================

