>> Console logging redirected to data/console.log
Launching Driver...
SLF4J(W): No SLF4J providers were found.
SLF4J(W): Defaulting to no-operation (NOP) logger implementation
SLF4J(W): See https://www.slf4j.org/codes.html#noProviders for further details.
Sept 01, 2025 10:48:25 AM org.openqa.selenium.devtools.CdpVersionFinder findNearestMatch
WARNING: Unable to find an exact match for CDP version 139, returning the closest version; found: 137; Please update to a Selenium version that supports CDP version 139
(1386, 788)
Sept 01, 2025 10:48:29 AM base.LogResults createLogs
INFO: PASS - Application Loaded Successfully: 
Sept 01, 2025 10:48:35 AM base.LogResults createLogs
INFO: PASS - Company Code Entered in Text Box: ARZO
Sept 01, 2025 10:48:38 AM base.LogResults createLogs
INFO: PASS - Login With Password Button Is Clicked: 
Sept 01, 2025 10:48:44 AM base.LogResults createLogs
INFO: PASS - Sign in Text Is Displayed: 
Sept 01, 2025 10:48:46 AM base.LogResults createLogs
INFO: PASS - Username Is Entered In Username Text Field: AutoE010925091520@mailinator.com
Sept 01, 2025 10:48:48 AM base.LogResults createLogs
INFO: PASS - Password Is Entered In Password Text Field: Pramod@1234
Sept 01, 2025 10:48:51 AM base.LogResults createLogs
INFO: PASS - Captcha Entered On Captcha Text Field: 12345
Sept 01, 2025 10:48:53 AM base.LogResults createLogs
INFO: PASS - Clicked On Login Button: 
Sept 01, 2025 10:48:55 AM base.LogResults createLogs
INFO: PASS - Login Done  And Validated Successfully: 
Sept 01, 2025 10:48:57 AM base.LogResults createLogs
INFO: PASS - Login Done Successfully: 
Sept 01, 2025 10:49:04 AM base.LogResults createLogs
INFO: PASS - PolicyIcon Clicked Successfully: 
Sept 01, 2025 10:49:06 AM base.LogResults createLogs
INFO: PASS - PolicyMaster Loaded Successfully: 
Sept 01, 2025 10:49:08 AM base.LogResults createLogs
INFO: PASS - AttendancePolicy Clicked Successfully : 
Sept 01, 2025 10:49:10 AM base.LogResults createLogs
INFO: PASS - AttendancePolicy Page Loaded Successfully : 
Sept 01, 2025 10:49:16 AM base.LogResults createLogs
INFO: PASS - PaginationDropDown Clicked Successfully : 
Sept 01, 2025 10:49:18 AM base.LogResults createLogs
INFO: PASS - Clicked On AssignedEmpCount Successfully : 
Sept 01, 2025 10:49:22 AM base.LogResults createLogs
INFO: PASS - SearchDropDown Clicked Successfully : 
Sept 01, 2025 10:49:26 AM base.LogResults createLogs
INFO: PASS - DeptCheckBox Clicked Successfully : 
Sept 01, 2025 10:49:31 AM base.LogResults createLogs
INFO: PASS - OfficeCheckBox Clicked Successfully : 
Sept 01, 2025 10:49:33 AM base.LogResults createLogs
INFO: PASS - SearchDropDown Clicked Successfully : 
Sept 01, 2025 10:49:46 AM base.LogResults createLogs
INFO: PASS - Department Name Inputted Successfully : AutoDN010925091520
Sept 01, 2025 10:49:56 AM base.LogResults createLogs
INFO: PASS - Entered Department Name Only Displayed And Validated Successfully : AutoDN010925091520
Sept 01, 2025 10:50:06 AM base.LogResults createLogs
INFO: PASS - office Name Inputted Successfully : AutoON010925091520
Sept 01, 2025 10:50:15 AM base.LogResults createLogs
INFO: PASS - Entered office Name Only Displayed And Validated Successfully : AutoON010925091520
Sept 01, 2025 10:50:15 AM base.LogResults onlyLog
INFO: Passed - MeghAttendancePolicyTest-MPI_496_Attendance_Policy_46-To verify this, open the "Assigned Employees" popup/small window and test the search functionality by entering values for the following fields: First Name, Last Name, Employee ID, Enroll ID, Designation, Department, Office Ensure the search results accurately reflect the entered criteria and display matching employee records only.
---------------------------------------------------------------
MeghAttendancePolicyTestMPI_496_Attendance_Policy_46
Sept 01, 2025 10:50:15 AM base.LogResults onlyLog
INFO: Total Pass : 1 Total Fail : 0  Total TC : 1
---------------------------------------------------------------
Test case took: 109.4424 seconds
Total TC Time: 00:01:49

===============================================
Suite
Total tests run: 1, Passes: 1, Failures: 0, Skips: 0
===============================================

