>> Console logging redirected to data/console.log
Continuing with Existing Master Data due to threshold value:070825-070825-ThreSld->3
Launching Driver...
SLF4J(W): No SLF4J providers were found.
SLF4J(W): Defaulting to no-operation (NOP) logger implementation
SLF4J(W): See https://www.slf4j.org/codes.html#noProviders for further details.
Aug 07, 2025 4:53:52 PM org.openqa.selenium.devtools.CdpVersionFinder findNearestMatch
WARNING: Unable to find an exact match for CDP version 138, returning the closest version; found: 137; Please update to a Selenium version that supports CDP version 138
Error Index 1 out of bounds for length 1
Aug 07, 2025 4:53:57 PM base.LogResults createLogs
INFO: PASS - Application Loaded Successfully: 
Aug 07, 2025 4:54:01 PM base.LogResults createLogs
INFO: PASS - Company Code Entered in Text Box: ANHZ
Aug 07, 2025 4:54:01 PM base.LogResults createLogs
INFO: PASS - Login With Password Button Is Clicked: 
Aug 07, 2025 4:54:06 PM base.LogResults createLogs
INFO: PASS - Sign in Text Is Displayed: 
Aug 07, 2025 4:54:06 PM base.LogResults createLogs
INFO: PASS - Username Is Entered In Username Text Field: AutoE070825091624@mailinator.com
Aug 07, 2025 4:54:06 PM base.LogResults createLogs
INFO: PASS - Password Is Entered In Password Text Field: Pramod@1234
Aug 07, 2025 4:54:06 PM base.LogResults createLogs
INFO: PASS - Captcha Entered On Captcha Text Field: 12345
Aug 07, 2025 4:54:07 PM base.LogResults createLogs
INFO: PASS - Clicked On Login Button: 
Aug 07, 2025 4:54:17 PM base.LogResults createLogs
INFO: PASS - Login Done  And Validated Successfully: 
Aug 07, 2025 4:54:17 PM base.LogResults createLogs
INFO: PASS - Login Done Successfully: 
Aug 07, 2025 4:54:22 PM base.LogResults createLogs
INFO: PASS - Directory Button Clicked Successfully: 
Aug 07, 2025 4:54:25 PM base.LogResults createLogs
INFO: PASS - Directory Page Loaded Successfully: 
Aug 07, 2025 4:54:25 PM base.LogResults createLogs
INFO: PASS - Company Tab  Clicked Successfully: 
Aug 07, 2025 4:54:27 PM base.LogResults createLogs
INFO: PASS - AttendanceStatusButton  Clicked Successfully: 
Aug 07, 2025 4:54:27 PM base.LogResults createLogs
INFO: PASS - AttendanceStatus Page Loaded Successfully: 
Aug 07, 2025 4:54:27 PM base.LogResults createLogs
INFO: PASS - HDH Row Name Fetched  Successfully: 
Aug 07, 2025 4:54:29 PM base.LogResults createLogs
INFO: PASS - Department Search DropDown  Clicked Successfully: 
Aug 07, 2025 4:54:29 PM base.LogResults createLogs
INFO: PASS - Cust Status CheckBox Clicked Successfully: 
Aug 07, 2025 4:54:30 PM base.LogResults createLogs
INFO: PASS - Department Search DropDown  Clicked Successfully: 
Aug 07, 2025 4:54:30 PM base.LogResults createLogs
INFO: PASS - Fetched Input Entered In Search TextField Successfully: HDHW
Aug 07, 2025 4:54:32 PM base.LogResults createLogs
INFO: PASS - Attendance Status 3Dots  Clicked Successfully: 
Aug 07, 2025 4:54:49 PM base.LogResults createLogs
INFO: FAIL - Error while Clicking On Attendance Status Edit Button : element not interactable
  (Session info: chrome=138.0.7204.184)
Build info: version: '4.34.0', revision: '707dcb4246*'
System info: os.name: 'Windows 10', os.arch: 'amd64', os.version: '10.0', java.version: '17.0.11'
Driver info: org.openqa.selenium.chrome.ChromeDriver
Command: [f4b383fcd85790b722aaa9fa4c5da5af, clickElement {id=f.0F4E6A868947820E3B395A3964FAFA6D.d.B81596F2F7A61951FB9EE9C6FD4816F6.e.1472}]
Capabilities {acceptInsecureCerts: true, browserName: chrome, browserVersion: 138.0.7204.184, chrome: {chromedriverVersion: 138.0.7204.183 (e90faf484dd..., userDataDir: C:\Users\Pramod.C\AppData\L...}, fedcm:accounts: true, goog:chromeOptions: {debuggerAddress: localhost:62605}, networkConnectionEnabled: false, pageLoadStrategy: none, platformName: windows, proxy: Proxy(), se:cdp: ws://localhost:62605/devtoo..., se:cdpVersion: 138.0.7204.184, setWindowRect: true, strictFileInteractability: false, timeouts: {implicit: 0, pageLoad: 300000, script: 30000}, unhandledPromptBehavior: dismiss and notify, webauthn:extension:credBlob: true, webauthn:extension:largeBlob: true, webauthn:extension:minPinLength: true, webauthn:extension:prf: true, webauthn:virtualAuthenticators: true}
Element: [[ChromeDriver: chrome on windows (f4b383fcd85790b722aaa9fa4c5da5af)] -> xpath: (//a[@data-bs-target= '#phAttnFinalStatusEditor'])[1]]
Session ID: f4b383fcd85790b722aaa9fa4c5da5af
Aug 07, 2025 4:54:59 PM base.LogResults createLogs
INFO: FAIL - Error while Inputting Cust Status : element not interactable
  (Session info: chrome=138.0.7204.184)
Build info: version: '4.34.0', revision: '707dcb4246*'
System info: os.name: 'Windows 10', os.arch: 'amd64', os.version: '10.0', java.version: '17.0.11'
Driver info: org.openqa.selenium.chrome.ChromeDriver
Command: [f4b383fcd85790b722aaa9fa4c5da5af, clearElement {id=f.0F4E6A868947820E3B395A3964FAFA6D.d.B81596F2F7A61951FB9EE9C6FD4816F6.e.1089}]
Capabilities {acceptInsecureCerts: true, browserName: chrome, browserVersion: 138.0.7204.184, chrome: {chromedriverVersion: 138.0.7204.183 (e90faf484dd..., userDataDir: C:\Users\Pramod.C\AppData\L...}, fedcm:accounts: true, goog:chromeOptions: {debuggerAddress: localhost:62605}, networkConnectionEnabled: false, pageLoadStrategy: none, platformName: windows, proxy: Proxy(), se:cdp: ws://localhost:62605/devtoo..., se:cdpVersion: 138.0.7204.184, setWindowRect: true, strictFileInteractability: false, timeouts: {implicit: 0, pageLoad: 300000, script: 30000}, unhandledPromptBehavior: dismiss and notify, webauthn:extension:credBlob: true, webauthn:extension:largeBlob: true, webauthn:extension:minPinLength: true, webauthn:extension:prf: true, webauthn:virtualAuthenticators: true}
Element: [[ChromeDriver: chrome on windows (f4b383fcd85790b722aaa9fa4c5da5af)] -> xpath: //input[@id='txtCustStatus']]
Session ID: f4b383fcd85790b722aaa9fa4c5da5af
Aug 07, 2025 4:55:09 PM base.LogResults createLogs
INFO: FAIL - Error while Inputting Description : element not interactable
  (Session info: chrome=138.0.7204.184)
Build info: version: '4.34.0', revision: '707dcb4246*'
System info: os.name: 'Windows 10', os.arch: 'amd64', os.version: '10.0', java.version: '17.0.11'
Driver info: org.openqa.selenium.chrome.ChromeDriver
Command: [f4b383fcd85790b722aaa9fa4c5da5af, clearElement {id=f.0F4E6A868947820E3B395A3964FAFA6D.d.B81596F2F7A61951FB9EE9C6FD4816F6.e.1090}]
Capabilities {acceptInsecureCerts: true, browserName: chrome, browserVersion: 138.0.7204.184, chrome: {chromedriverVersion: 138.0.7204.183 (e90faf484dd..., userDataDir: C:\Users\Pramod.C\AppData\L...}, fedcm:accounts: true, goog:chromeOptions: {debuggerAddress: localhost:62605}, networkConnectionEnabled: false, pageLoadStrategy: none, platformName: windows, proxy: Proxy(), se:cdp: ws://localhost:62605/devtoo..., se:cdpVersion: 138.0.7204.184, setWindowRect: true, strictFileInteractability: false, timeouts: {implicit: 0, pageLoad: 300000, script: 30000}, unhandledPromptBehavior: dismiss and notify, webauthn:extension:credBlob: true, webauthn:extension:largeBlob: true, webauthn:extension:minPinLength: true, webauthn:extension:prf: true, webauthn:virtualAuthenticators: true}
Element: [[ChromeDriver: chrome on windows (f4b383fcd85790b722aaa9fa4c5da5af)] -> xpath: //input[@id='txtStatusDesc']]
Session ID: f4b383fcd85790b722aaa9fa4c5da5af
Aug 07, 2025 4:55:22 PM base.LogResults createLogs
INFO: FAIL - Error while Clicking On AttendanceStatusSaveButton : element not interactable
  (Session info: chrome=138.0.7204.184)
Build info: version: '4.34.0', revision: '707dcb4246*'
System info: os.name: 'Windows 10', os.arch: 'amd64', os.version: '10.0', java.version: '17.0.11'
Driver info: org.openqa.selenium.chrome.ChromeDriver
Command: [f4b383fcd85790b722aaa9fa4c5da5af, clickElement {id=f.0F4E6A868947820E3B395A3964FAFA6D.d.B81596F2F7A61951FB9EE9C6FD4816F6.e.1475}]
Capabilities {acceptInsecureCerts: true, browserName: chrome, browserVersion: 138.0.7204.184, chrome: {chromedriverVersion: 138.0.7204.183 (e90faf484dd..., userDataDir: C:\Users\Pramod.C\AppData\L...}, fedcm:accounts: true, goog:chromeOptions: {debuggerAddress: localhost:62605}, networkConnectionEnabled: false, pageLoadStrategy: none, platformName: windows, proxy: Proxy(), se:cdp: ws://localhost:62605/devtoo..., se:cdpVersion: 138.0.7204.184, setWindowRect: true, strictFileInteractability: false, timeouts: {implicit: 0, pageLoad: 300000, script: 30000}, unhandledPromptBehavior: dismiss and notify, webauthn:extension:credBlob: true, webauthn:extension:largeBlob: true, webauthn:extension:minPinLength: true, webauthn:extension:prf: true, webauthn:virtualAuthenticators: true}
Element: [[ChromeDriver: chrome on windows (f4b383fcd85790b722aaa9fa4c5da5af)] -> xpath: //button[@id='btnAttnFinalStatusSave']]
Session ID: f4b383fcd85790b722aaa9fa4c5da5af
Aug 07, 2025 4:55:26 PM base.LogResults createLogs
INFO: PASS - Updated Cust Status Name Inputted In Search Field  Successfully: AuCVJ
Aug 07, 2025 4:55:41 PM base.LogResults createLogs
INFO: FAIL - Error while Displaying Updated Cust Status Row : no such element: Unable to locate element: {"method":"xpath","selector":"//table[@id='dtAttnFinalStatus']/tbody/tr[1]/td[2]"}
  (Session info: chrome=138.0.7204.184)
For documentation on this error, please visit: https://www.selenium.dev/documentation/webdriver/troubleshooting/errors#no-such-element-exception
Build info: version: '4.34.0', revision: '707dcb4246*'
System info: os.name: 'Windows 10', os.arch: 'amd64', os.version: '10.0', java.version: '17.0.11'
Driver info: org.openqa.selenium.chrome.ChromeDriver
Command: [f4b383fcd85790b722aaa9fa4c5da5af, findElement {using=xpath, value=//table[@id='dtAttnFinalStatus']/tbody/tr[1]/td[2]}]
Capabilities {acceptInsecureCerts: true, browserName: chrome, browserVersion: 138.0.7204.184, chrome: {chromedriverVersion: 138.0.7204.183 (e90faf484dd..., userDataDir: C:\Users\Pramod.C\AppData\L...}, fedcm:accounts: true, goog:chromeOptions: {debuggerAddress: localhost:62605}, networkConnectionEnabled: false, pageLoadStrategy: none, platformName: windows, proxy: Proxy(), se:cdp: ws://localhost:62605/devtoo..., se:cdpVersion: 138.0.7204.184, setWindowRect: true, strictFileInteractability: false, timeouts: {implicit: 0, pageLoad: 300000, script: 30000}, unhandledPromptBehavior: dismiss and notify, webauthn:extension:credBlob: true, webauthn:extension:largeBlob: true, webauthn:extension:minPinLength: true, webauthn:extension:prf: true, webauthn:virtualAuthenticators: true}
Session ID: f4b383fcd85790b722aaa9fa4c5da5af
Aug 07, 2025 4:55:41 PM base.LogResults createLogs
INFO: FAIL - Skipping rest steps as error count reached configured value : 5
Aug 07, 2025 4:55:41 PM base.LogResults onlyLog
INFO: Failed - Attendance-MPI_321_AttendanceStatus_01-To verify this, edit the attendance status and ensure the updated status is reflected in the list by validating it using the cust status.
---------------------------------------------------------------
AttendanceMPI_321_AttendanceStatus_01
Aug 07, 2025 4:55:41 PM base.LogResults onlyLog
INFO: Total Pass : 0 Total Fail : 1  Total TC : 1
---------------------------------------------------------------
Test case took: 104.9398 seconds
Total TC Time: 00:01:44
Launching Driver...
Aug 07, 2025 4:55:43 PM org.openqa.selenium.devtools.CdpVersionFinder findNearestMatch
WARNING: Unable to find an exact match for CDP version 138, returning the closest version; found: 137; Please update to a Selenium version that supports CDP version 138
Aug 07, 2025 4:55:45 PM base.LogResults createLogs
INFO: PASS -  Application loaded successfully.
Aug 07, 2025 4:55:49 PM base.LogResults createLogs
INFO: PASS -  Company code entered successfully.ANHZ
Aug 07, 2025 4:55:49 PM base.LogResults createLogs
INFO: PASS - Clicked On 'Login with Password' successfully.
Aug 07, 2025 4:55:53 PM base.LogResults createLogs
INFO: PASS -  Sign-in section appeared.
Aug 07, 2025 4:55:54 PM base.LogResults createLogs
INFO: PASS -  Email Id entered.AutoE070825091624@mailinator.com
Aug 07, 2025 4:55:54 PM base.LogResults createLogs
INFO: PASS -  Password entered.Pramod@1234
Aug 07, 2025 4:55:54 PM base.LogResults createLogs
INFO: PASS -  Captcha entered.12345
Aug 07, 2025 4:55:54 PM base.LogResults createLogs
INFO: PASS -  Sign-in button clicked.
Aug 07, 2025 4:55:57 PM base.LogResults createLogs
INFO: PASS -  Login validated successfully And Good Text Is Displayed.
Aug 07, 2025 4:55:57 PM base.LogResults createLogs
INFO: PASS - Login Done Successfully: 
Aug 07, 2025 4:56:02 PM base.LogResults createLogs
INFO: PASS - Directory Button Clicked Successfully: 
Aug 07, 2025 4:56:04 PM base.LogResults createLogs
INFO: PASS - Directory Page Loaded Successfully: 
Aug 07, 2025 4:56:04 PM base.LogResults createLogs
INFO: PASS - Company Tab  Clicked Successfully: 
Aug 07, 2025 4:56:05 PM base.LogResults createLogs
INFO: PASS - AttendanceStatusButton  Clicked Successfully: 
Aug 07, 2025 4:56:06 PM base.LogResults createLogs
INFO: PASS - AttendanceStatus Page Loaded Successfully: 
Aug 07, 2025 4:56:06 PM base.LogResults createLogs
INFO: PASS - HDH Row Name Fetched  Successfully: 
Aug 07, 2025 4:56:08 PM base.LogResults createLogs
INFO: PASS - Department Search DropDown  Clicked Successfully: 
Aug 07, 2025 4:56:09 PM base.LogResults createLogs
INFO: PASS - Cust Status CheckBox Clicked Successfully: 
Aug 07, 2025 4:56:09 PM base.LogResults createLogs
INFO: PASS - DescriptionCheckBox CheckBox Clicked Successfully: 
Aug 07, 2025 4:56:09 PM base.LogResults createLogs
INFO: PASS - Department Search DropDown  Clicked Successfully: 
Aug 07, 2025 4:56:09 PM base.LogResults createLogs
INFO: PASS - Fetched Input Entered In Search TextField Successfully: HDHW
Aug 07, 2025 4:56:11 PM base.LogResults createLogs
INFO: PASS - Attendance Status 3Dots  Clicked Successfully: 
Aug 07, 2025 4:56:28 PM base.LogResults createLogs
INFO: FAIL - Error while Clicking On Attendance Status Edit Button : element not interactable
  (Session info: chrome=138.0.7204.184)
Build info: version: '4.34.0', revision: '707dcb4246*'
System info: os.name: 'Windows 10', os.arch: 'amd64', os.version: '10.0', java.version: '17.0.11'
Driver info: org.openqa.selenium.chrome.ChromeDriver
Command: [aa1b9939d424b584a4efd759d85cba8a, clickElement {id=f.DAA2D5AA660D5C77217DD62134DED981.d.42B6E5DD476302C9618D420972FD24AB.e.1541}]
Capabilities {acceptInsecureCerts: true, browserName: chrome, browserVersion: 138.0.7204.184, chrome: {chromedriverVersion: 138.0.7204.183 (e90faf484dd..., userDataDir: C:\Users\Pramod.C\AppData\L...}, fedcm:accounts: true, goog:chromeOptions: {debuggerAddress: localhost:62715}, networkConnectionEnabled: false, pageLoadStrategy: none, platformName: windows, proxy: Proxy(), se:cdp: ws://localhost:62715/devtoo..., se:cdpVersion: 138.0.7204.184, setWindowRect: true, strictFileInteractability: false, timeouts: {implicit: 0, pageLoad: 300000, script: 30000}, unhandledPromptBehavior: dismiss and notify, webauthn:extension:credBlob: true, webauthn:extension:largeBlob: true, webauthn:extension:minPinLength: true, webauthn:extension:prf: true, webauthn:virtualAuthenticators: true}
Element: [[ChromeDriver: chrome on windows (aa1b9939d424b584a4efd759d85cba8a)] -> xpath: (//a[@data-bs-target= '#phAttnFinalStatusEditor'])[1]]
Session ID: aa1b9939d424b584a4efd759d85cba8a
Aug 07, 2025 4:56:38 PM base.LogResults createLogs
INFO: FAIL - Error while Inputting Cust Status : element not interactable
  (Session info: chrome=138.0.7204.184)
Build info: version: '4.34.0', revision: '707dcb4246*'
System info: os.name: 'Windows 10', os.arch: 'amd64', os.version: '10.0', java.version: '17.0.11'
Driver info: org.openqa.selenium.chrome.ChromeDriver
Command: [aa1b9939d424b584a4efd759d85cba8a, clearElement {id=f.DAA2D5AA660D5C77217DD62134DED981.d.42B6E5DD476302C9618D420972FD24AB.e.1146}]
Capabilities {acceptInsecureCerts: true, browserName: chrome, browserVersion: 138.0.7204.184, chrome: {chromedriverVersion: 138.0.7204.183 (e90faf484dd..., userDataDir: C:\Users\Pramod.C\AppData\L...}, fedcm:accounts: true, goog:chromeOptions: {debuggerAddress: localhost:62715}, networkConnectionEnabled: false, pageLoadStrategy: none, platformName: windows, proxy: Proxy(), se:cdp: ws://localhost:62715/devtoo..., se:cdpVersion: 138.0.7204.184, setWindowRect: true, strictFileInteractability: false, timeouts: {implicit: 0, pageLoad: 300000, script: 30000}, unhandledPromptBehavior: dismiss and notify, webauthn:extension:credBlob: true, webauthn:extension:largeBlob: true, webauthn:extension:minPinLength: true, webauthn:extension:prf: true, webauthn:virtualAuthenticators: true}
Element: [[ChromeDriver: chrome on windows (aa1b9939d424b584a4efd759d85cba8a)] -> xpath: //input[@id='txtCustStatus']]
Session ID: aa1b9939d424b584a4efd759d85cba8a
Aug 07, 2025 4:56:49 PM base.LogResults createLogs
INFO: FAIL - Error while Inputting Description : element not interactable
  (Session info: chrome=138.0.7204.184)
Build info: version: '4.34.0', revision: '707dcb4246*'
System info: os.name: 'Windows 10', os.arch: 'amd64', os.version: '10.0', java.version: '17.0.11'
Driver info: org.openqa.selenium.chrome.ChromeDriver
Command: [aa1b9939d424b584a4efd759d85cba8a, clearElement {id=f.DAA2D5AA660D5C77217DD62134DED981.d.42B6E5DD476302C9618D420972FD24AB.e.1147}]
Capabilities {acceptInsecureCerts: true, browserName: chrome, browserVersion: 138.0.7204.184, chrome: {chromedriverVersion: 138.0.7204.183 (e90faf484dd..., userDataDir: C:\Users\Pramod.C\AppData\L...}, fedcm:accounts: true, goog:chromeOptions: {debuggerAddress: localhost:62715}, networkConnectionEnabled: false, pageLoadStrategy: none, platformName: windows, proxy: Proxy(), se:cdp: ws://localhost:62715/devtoo..., se:cdpVersion: 138.0.7204.184, setWindowRect: true, strictFileInteractability: false, timeouts: {implicit: 0, pageLoad: 300000, script: 30000}, unhandledPromptBehavior: dismiss and notify, webauthn:extension:credBlob: true, webauthn:extension:largeBlob: true, webauthn:extension:minPinLength: true, webauthn:extension:prf: true, webauthn:virtualAuthenticators: true}
Element: [[ChromeDriver: chrome on windows (aa1b9939d424b584a4efd759d85cba8a)] -> xpath: //input[@id='txtStatusDesc']]
Session ID: aa1b9939d424b584a4efd759d85cba8a
Aug 07, 2025 4:57:01 PM base.LogResults createLogs
INFO: FAIL - Error while Clicking On AttendanceStatusSaveButton : element not interactable
  (Session info: chrome=138.0.7204.184)
Build info: version: '4.34.0', revision: '707dcb4246*'
System info: os.name: 'Windows 10', os.arch: 'amd64', os.version: '10.0', java.version: '17.0.11'
Driver info: org.openqa.selenium.chrome.ChromeDriver
Command: [aa1b9939d424b584a4efd759d85cba8a, clickElement {id=f.DAA2D5AA660D5C77217DD62134DED981.d.42B6E5DD476302C9618D420972FD24AB.e.1544}]
Capabilities {acceptInsecureCerts: true, browserName: chrome, browserVersion: 138.0.7204.184, chrome: {chromedriverVersion: 138.0.7204.183 (e90faf484dd..., userDataDir: C:\Users\Pramod.C\AppData\L...}, fedcm:accounts: true, goog:chromeOptions: {debuggerAddress: localhost:62715}, networkConnectionEnabled: false, pageLoadStrategy: none, platformName: windows, proxy: Proxy(), se:cdp: ws://localhost:62715/devtoo..., se:cdpVersion: 138.0.7204.184, setWindowRect: true, strictFileInteractability: false, timeouts: {implicit: 0, pageLoad: 300000, script: 30000}, unhandledPromptBehavior: dismiss and notify, webauthn:extension:credBlob: true, webauthn:extension:largeBlob: true, webauthn:extension:minPinLength: true, webauthn:extension:prf: true, webauthn:virtualAuthenticators: true}
Element: [[ChromeDriver: chrome on windows (aa1b9939d424b584a4efd759d85cba8a)] -> xpath: //button[@id='btnAttnFinalStatusSave']]
Session ID: aa1b9939d424b584a4efd759d85cba8a
Aug 07, 2025 4:57:05 PM base.LogResults createLogs
INFO: PASS - Updated Cust Status Name Inputted In Search Field  Successfully: AuGRV
Aug 07, 2025 4:57:20 PM base.LogResults createLogs
INFO: FAIL - Error while Displaying Updated Cust Status Row : no such element: Unable to locate element: {"method":"xpath","selector":"//table[@id='dtAttnFinalStatus']/tbody/tr[1]/td[3]/span"}
  (Session info: chrome=138.0.7204.184)
For documentation on this error, please visit: https://www.selenium.dev/documentation/webdriver/troubleshooting/errors#no-such-element-exception
Build info: version: '4.34.0', revision: '707dcb4246*'
System info: os.name: 'Windows 10', os.arch: 'amd64', os.version: '10.0', java.version: '17.0.11'
Driver info: org.openqa.selenium.chrome.ChromeDriver
Command: [aa1b9939d424b584a4efd759d85cba8a, findElement {using=xpath, value=//table[@id='dtAttnFinalStatus']/tbody/tr[1]/td[3]/span}]
Capabilities {acceptInsecureCerts: true, browserName: chrome, browserVersion: 138.0.7204.184, chrome: {chromedriverVersion: 138.0.7204.183 (e90faf484dd..., userDataDir: C:\Users\Pramod.C\AppData\L...}, fedcm:accounts: true, goog:chromeOptions: {debuggerAddress: localhost:62715}, networkConnectionEnabled: false, pageLoadStrategy: none, platformName: windows, proxy: Proxy(), se:cdp: ws://localhost:62715/devtoo..., se:cdpVersion: 138.0.7204.184, setWindowRect: true, strictFileInteractability: false, timeouts: {implicit: 0, pageLoad: 300000, script: 30000}, unhandledPromptBehavior: dismiss and notify, webauthn:extension:credBlob: true, webauthn:extension:largeBlob: true, webauthn:extension:minPinLength: true, webauthn:extension:prf: true, webauthn:virtualAuthenticators: true}
Session ID: aa1b9939d424b584a4efd759d85cba8a
Aug 07, 2025 4:57:20 PM base.LogResults createLogs
INFO: FAIL - Skipping rest steps as error count reached configured value : 5
Aug 07, 2025 4:57:20 PM base.LogResults onlyLog
INFO: Failed - Attendance-MPI_322_AttendanceStatus_02-To verify this, edit the description and ensure it is properly updated by validating it through a search using the description.
---------------------------------------------------------------
AttendanceMPI_322_AttendanceStatus_02
Aug 07, 2025 4:57:20 PM base.LogResults onlyLog
INFO: Total Pass : 0 Total Fail : 2  Total TC : 2
---------------------------------------------------------------
Test case took: 96.0668 seconds
Total TC Time: 00:03:21

===============================================
Suite
Total tests run: 2, Passes: 0, Failures: 0, Skips: 2
===============================================

