>> Console logging redirected to data/console.log
Continuing with Existing Master Data due to threshold value:110725-110725-ThreSld->3
cmpcode and emailidAFHUAutoE110725095836@mailinator.com
Launching Driver...
SLF4J(W): No SLF4J providers were found.
SLF4J(W): Defaulting to no-operation (NOP) logger implementation
SLF4J(W): See https://www.slf4j.org/codes.html#noProviders for further details.
Jul 11, 2025 6:44:11 PM org.openqa.selenium.devtools.CdpVersionFinder findNearestMatch
WARNING: Unable to find an exact match for CDP version 138, returning the closest version; found: 137; Please update to a Selenium version that supports CDP version 138
Jul 11, 2025 6:44:13 PM base.LogResults createLogs
INFO: PASS - Application Loaded Successfully: 
Jul 11, 2025 6:44:17 PM base.LogResults createLogs
INFO: PASS - Company Code Entered in Text Box: AFHU
Jul 11, 2025 6:44:17 PM base.LogResults createLogs
INFO: PASS - Login With Password Button Is Clicked: 
Jul 11, 2025 6:44:22 PM base.LogResults createLogs
INFO: PASS - Sign in Text Is Displayed: 
Jul 11, 2025 6:44:22 PM base.LogResults createLogs
INFO: PASS - Username Is Entered In Username Text Field: AutoE110725095836@mailinator.com
Jul 11, 2025 6:44:22 PM base.LogResults createLogs
INFO: PASS - Password Is Entered In Password Text Field: Pramod@1234
Jul 11, 2025 6:44:22 PM base.LogResults createLogs
INFO: PASS - Captcha Entered On Captcha Text Field: 12345
Jul 11, 2025 6:44:22 PM base.LogResults createLogs
INFO: PASS - Clicked On Login Button: 
Jul 11, 2025 6:44:24 PM base.LogResults createLogs
INFO: PASS - login Validated Successfully: 
Jul 11, 2025 6:44:32 PM base.LogResults createLogs
INFO: PASS - Directory Button Clicked Successfully: 
Jul 11, 2025 6:44:34 PM base.LogResults createLogs
INFO: PASS - Directory Page Loaded Successfully: 
Jul 11, 2025 6:44:34 PM base.LogResults createLogs
INFO: PASS - Company Tab  Clicked Successfully: 
Jul 11, 2025 6:44:35 PM base.LogResults createLogs
INFO: PASS - Company Tab  Clicked Successfully: 
Jul 11, 2025 6:44:36 PM base.LogResults createLogs
INFO: PASS - Team Button  Clicked Successfully: 
Jul 11, 2025 6:44:37 PM base.LogResults createLogs
INFO: PASS - Add Team Button  Clicked Successfully: 
Jul 11, 2025 6:44:38 PM base.LogResults createLogs
INFO: PASS - Team Name Is Entered In Team Name Text Field: AutoTNUQXNB
Jul 11, 2025 6:44:38 PM base.LogResults createLogs
INFO: PASS - Team Save Button  Clicked Successfully: 
Jul 11, 2025 6:44:39 PM base.LogResults createLogs
INFO: PASS - TeamMapping Button  Clicked Successfully: 
Jul 11, 2025 6:44:39 PM base.LogResults createLogs
INFO: PASS - AddTeamMapping Button  Clicked Successfully: 
Jul 11, 2025 6:44:40 PM base.LogResults createLogs
INFO: PASS - Team Name Selected Successfully: AutoTNUQXNB
Jul 11, 2025 6:44:40 PM base.LogResults createLogs
INFO: PASS - Department DropDown Clicked Successfully: 
Jul 11, 2025 6:44:41 PM base.LogResults createLogs
INFO: PASS - Department Name Inputted Successfully: 
Jul 11, 2025 6:44:44 PM base.LogResults createLogs
INFO: PASS - Department Name Selected Successfully: 
Jul 11, 2025 6:44:44 PM base.LogResults createLogs
INFO: PASS - Add Team Mapping Saved Successfully: 
Jul 11, 2025 6:44:45 PM base.LogResults createLogs
INFO: PASS - Team Button  Clicked Successfully: 
Jul 11, 2025 6:44:45 PM base.LogResults createLogs
INFO: PASS - TeamMapping Button  Clicked Successfully: 
Jul 11, 2025 6:44:45 PM base.LogResults createLogs
INFO: PASS - Mapped Team Name Inputted Successfully: AutoTNUQXNB
Jul 11, 2025 6:44:49 PM base.LogResults createLogs
INFO: PASS - Mapped Team Name Toggle Switch Enabled Successfully: 
Jul 11, 2025 6:44:51 PM base.LogResults createLogs
INFO: PASS -  Successfully Clicked On Ok Button : 
Jul 11, 2025 6:44:56 PM base.LogResults createLogs
INFO: PASS - Error Message is Displayed: 
Jul 11, 2025 6:44:56 PM base.LogResults onlyLog
INFO: Passed - MeghMasterTeamMappingTest-MPI_529_TeamMapping_12-"To verify this, try to disable the team which is not assigned to the employee and ensure that team is disabled.
---------------------------------------------------------------
MeghMasterTeamMappingTestMPI_529_TeamMapping_12
Jul 11, 2025 6:44:56 PM base.LogResults onlyLog
INFO: Total Pass : 1 Total Fail : 0  Total TC : 1
---------------------------------------------------------------
Test case took: 44.1539 seconds
Total TC Time: 00:00:44
Launching Driver...
Jul 11, 2025 6:44:58 PM org.openqa.selenium.devtools.CdpVersionFinder findNearestMatch
WARNING: Unable to find an exact match for CDP version 138, returning the closest version; found: 137; Please update to a Selenium version that supports CDP version 138
Jul 11, 2025 6:44:59 PM base.LogResults createLogs
INFO: PASS - Application Loaded Successfully: 
Jul 11, 2025 6:45:04 PM base.LogResults createLogs
INFO: PASS - Company Code Entered in Text Box: AFHU
Jul 11, 2025 6:45:04 PM base.LogResults createLogs
INFO: PASS - Login With Password Button Is Clicked: 
Jul 11, 2025 6:45:08 PM base.LogResults createLogs
INFO: PASS - Sign in Text Is Displayed: 
Jul 11, 2025 6:45:08 PM base.LogResults createLogs
INFO: PASS - Username Is Entered In Username Text Field: AutoE110725095836@mailinator.com
Jul 11, 2025 6:45:08 PM base.LogResults createLogs
INFO: PASS - Password Is Entered In Password Text Field: Pramod@1234
Jul 11, 2025 6:45:08 PM base.LogResults createLogs
INFO: PASS - Captcha Entered On Captcha Text Field: 12345
Jul 11, 2025 6:45:09 PM base.LogResults createLogs
INFO: PASS - Clicked On Login Button: 
Jul 11, 2025 6:45:10 PM base.LogResults createLogs
INFO: PASS - login Validated Successfully: 
Jul 11, 2025 6:45:18 PM base.LogResults createLogs
INFO: PASS - Directory Button Clicked Successfully: 
Jul 11, 2025 6:45:20 PM base.LogResults createLogs
INFO: PASS - Directory Page Loaded Successfully: 
Jul 11, 2025 6:45:20 PM base.LogResults createLogs
INFO: PASS - Company Tab  Clicked Successfully: 
Jul 11, 2025 6:45:21 PM base.LogResults createLogs
INFO: PASS - Team Button  Clicked Successfully: 
Jul 11, 2025 6:45:21 PM base.LogResults createLogs
INFO: PASS - TeamMapping Button  Clicked Successfully: 
Jul 11, 2025 6:45:21 PM base.LogResults createLogs
INFO: PASS - Mapped Team Name Inputted Successfully: AutoTNUQXNB
Jul 11, 2025 6:45:25 PM base.LogResults createLogs
INFO: PASS - Mapped Team Name Toggle Switch Enabled Successfully: 
Jul 11, 2025 6:45:28 PM base.LogResults createLogs
INFO: PASS -  Successfully Clicked On Ok Button : 
Jul 11, 2025 6:45:32 PM base.LogResults createLogs
INFO: PASS - TeamMapping Button  Clicked Successfully: 
Jul 11, 2025 6:45:32 PM base.LogResults createLogs
INFO: PASS - AddTeamMapping Button  Clicked Successfully: 
Jul 11, 2025 6:45:33 PM base.LogResults createLogs
INFO: PASS - Team Name Selected Successfully: AutoTNUQXNB
Jul 11, 2025 6:45:33 PM base.LogResults onlyLog
INFO: Passed - MeghMasterTeamMappingTest-MPI_535_TeamMapping_16-To verify this,  enable the team which is not assigned to the employee and ensure that team is enabled and displayed in the .
---------------------------------------------------------------
MeghMasterTeamMappingTestMPI_535_TeamMapping_16
Jul 11, 2025 6:45:33 PM base.LogResults onlyLog
INFO: Total Pass : 2 Total Fail : 0  Total TC : 2
---------------------------------------------------------------
Test case took: 35.2258 seconds
Total TC Time: 00:01:19
Launching Driver...
Jul 11, 2025 6:45:35 PM org.openqa.selenium.devtools.CdpVersionFinder findNearestMatch
WARNING: Unable to find an exact match for CDP version 138, returning the closest version; found: 137; Please update to a Selenium version that supports CDP version 138
Jul 11, 2025 6:45:37 PM base.LogResults createLogs
INFO: PASS - Application Loaded Successfully: 
Jul 11, 2025 6:45:41 PM base.LogResults createLogs
INFO: PASS - Company Code Entered in Text Box: AFHU
Jul 11, 2025 6:45:42 PM base.LogResults createLogs
INFO: PASS - Login With Password Button Is Clicked: 
Jul 11, 2025 6:45:46 PM base.LogResults createLogs
INFO: PASS - Sign in Text Is Displayed: 
Jul 11, 2025 6:45:46 PM base.LogResults createLogs
INFO: PASS - Username Is Entered In Username Text Field: AutoE110725095836@mailinator.com
Jul 11, 2025 6:45:46 PM base.LogResults createLogs
INFO: PASS - Password Is Entered In Password Text Field: Pramod@1234
Jul 11, 2025 6:45:46 PM base.LogResults createLogs
INFO: PASS - Captcha Entered On Captcha Text Field: 12345
Jul 11, 2025 6:45:47 PM base.LogResults createLogs
INFO: PASS - Clicked On Login Button: 
Jul 11, 2025 6:45:48 PM base.LogResults createLogs
INFO: PASS - login Validated Successfully: 
Jul 11, 2025 6:45:56 PM base.LogResults createLogs
INFO: PASS - Directory Button Clicked Successfully: 
Jul 11, 2025 6:45:57 PM base.LogResults createLogs
INFO: PASS - Directory Page Loaded Successfully: 
Jul 11, 2025 6:45:58 PM base.LogResults createLogs
INFO: PASS - Company Tab  Clicked Successfully: 
Jul 11, 2025 6:45:58 PM base.LogResults createLogs
INFO: PASS - Team Button  Clicked Successfully: 
Jul 11, 2025 6:46:00 PM base.LogResults createLogs
INFO: PASS - TeamMapping Button  Clicked Successfully: 
Jul 11, 2025 6:46:00 PM base.LogResults createLogs
INFO: PASS - Mapped Team Name Inputted Successfully: 
Jul 11, 2025 6:46:04 PM base.LogResults createLogs
INFO: PASS - Mapped Team Name Toggle Switch Enabled Successfully: 
Jul 11, 2025 6:46:06 PM base.LogResults createLogs
INFO: PASS -  Successfully Clicked On Ok Button : 
Jul 11, 2025 6:46:06 PM base.LogResults createLogs
INFO: PASS -  Successfully Displayed Error Message : 
Jul 11, 2025 6:46:06 PM base.LogResults onlyLog
INFO: Passed - MeghMasterTeamMappingTest-MPI_533_TeamMapping_15-To verify this, after assigning a mapped team to any employee, try to disable the team and ensure that a proper error message is displayed.
---------------------------------------------------------------
MeghMasterTeamMappingTestMPI_533_TeamMapping_15
Jul 11, 2025 6:46:06 PM base.LogResults onlyLog
INFO: Total Pass : 3 Total Fail : 0  Total TC : 3
---------------------------------------------------------------
Test case took: 30.4978 seconds
Total TC Time: 00:01:49

===============================================
Suite
Total tests run: 3, Passes: 3, Failures: 0, Skips: 0
===============================================

