>> Console logging redirected to data/console.log
Launching Driver... 2025-12-12 15:18:31
SLF4J(W): No SLF4J providers were found.
SLF4J(W): Defaulting to no-operation (NOP) logger implementation
SLF4J(W): See https://www.slf4j.org/codes.html#noProviders for further details.
Dec 12, 2025 3:18:33 PM org.openqa.selenium.devtools.CdpVersionFinder findNearestMatch
WARNING: Unable to find an exact match for CDP version 143, returning the closest version; found: 139; Please update to a Selenium version that supports CDP version 143
(1386, 788)
Report Folder : http://192.168.6.201:8002/RunID-12-12-25-15-18-31-companymodules
Expected Month: December 2025
UI Month: December 2025
Fallback JS click performed.
---------------------------------------------------------------
MeghPIEmpRegularizationRequestReportTestMPI_1797_Emp_RejectedRegularization_Reports_04
---------------------------------------------------------------
Test case took: 145.0500 seconds
Total TC Time: 00:02:25

===============================================
Suite
Total tests run: 1, Passes: 1, Failures: 0, Skips: 0
===============================================

