>> Console logging redirected to data/console.log
Deleted: E:\MeghPiFw\MeghPIreports\RunID-13-08-25_17_25_08\json\chromeMeghHolidayPolicyTest.json
Deleted: E:\MeghPiFw\MeghPIreports\RunID-13-08-25_17_25_08\chromeMeghHolidayPolicyTest-Logs.txt
Deleted: E:\MeghPiFw\MeghPIreports\RunID-13-08-25_17_25_08\chromeMeghHolidayPolicyTest-Logs.txt.lck
Deleted: E:\MeghPiFw\MeghPIreports\RunID-13-08-25_17_25_08\chromeMeghHolidayPolicyTest.html
Deleted: E:\MeghPiFw\MeghPIreports\RunID-13-08-25_17_25_08\screenshot\13-08-2025-052515.png
Deleted: E:\MeghPiFw\MeghPIreports\RunID-13-08-25_17_25_08\screenshot\13-08-2025-052521.png
Deleted: E:\MeghPiFw\MeghPIreports\RunID-13-08-25_17_25_08\screenshot\13-08-2025-052523.png
Deleted: E:\MeghPiFw\MeghPIreports\RunID-13-08-25_17_25_08\screenshot\13-08-2025-052529.png
Deleted: E:\MeghPiFw\MeghPIreports\RunID-13-08-25_17_25_08\screenshot\13-08-2025-052532.png
Deleted: E:\MeghPiFw\MeghPIreports\RunID-13-08-25_17_25_08\screenshot\13-08-2025-052534.png
Deleted: E:\MeghPiFw\MeghPIreports\RunID-13-08-25_17_25_08\screenshot\13-08-2025-052536.png
Deleted: E:\MeghPiFw\MeghPIreports\RunID-13-08-25_17_25_08\screenshot\13-08-2025-052539.png
Aug 18, 2025 5:26:03 PM base.LogResults createLogs
INFO:  - 
Aug 18, 2025 5:26:03 PM base.LogResults createLogs
INFO:  - 
SLF4J(W): No SLF4J providers were found.
SLF4J(W): Defaulting to no-operation (NOP) logger implementation
SLF4J(W): See https://www.slf4j.org/codes.html#noProviders for further details.
Status Code: 404
Response Body: <!DOCTYPE HTML PUBLIC "-//IETF//DTD HTML 2.0//EN">
<html><head>
<title>404 Not Found</title>
</head><body>
<h1>Not Found</h1>
<p>The requested URL was not found on this server.</p>
</body></html>

No Logs found to Generate Report.

===============================================
Suite
Total tests run: 1, Passes: 0, Failures: 1, Skips: 0
===============================================

