>> Console logging redirected to data/console.log
Deleted: E:\MeghPiFw\MeghPIreports\RunID-13-08-25_17_26_06\chromeMeghMasterLeaveTypeTest-Logs.txt
Deleted: E:\MeghPiFw\MeghPIreports\RunID-13-08-25_17_26_06\chromeMeghMasterLeaveTypeTest.html
Deleted: E:\MeghPiFw\MeghPIreports\RunID-13-08-25_17_26_06\screenshot\13-08-2025-052610.png
Deleted: E:\MeghPiFw\MeghPIreports\RunID-13-08-25_17_26_06\screenshot\13-08-2025-052616.png
Deleted: E:\MeghPiFw\MeghPIreports\RunID-13-08-25_17_26_06\screenshot\13-08-2025-052619.png
Deleted: E:\MeghPiFw\MeghPIreports\RunID-13-08-25_17_26_06\screenshot\13-08-2025-052625.png
Deleted: E:\MeghPiFw\MeghPIreports\RunID-13-08-25_17_26_06\screenshot\13-08-2025-052627.png
Deleted: E:\MeghPiFw\MeghPIreports\RunID-13-08-25_17_26_06\screenshot\13-08-2025-052629.png
Deleted: E:\MeghPiFw\MeghPIreports\RunID-13-08-25_17_26_06\screenshot\13-08-2025-052632.png
Deleted: E:\MeghPiFw\MeghPIreports\RunID-13-08-25_17_26_06\screenshot\13-08-2025-052634.png
Deleted: E:\MeghPiFw\MeghPIreports\RunID-13-08-25_17_26_06\screenshot\13-08-2025-052636.png
Deleted: E:\MeghPiFw\MeghPIreports\RunID-13-08-25_17_26_06\screenshot\13-08-2025-052639.png
Deleted: E:\MeghPiFw\MeghPIreports\RunID-13-08-25_17_26_06\screenshot\13-08-2025-052646.png
Deleted: E:\MeghPiFw\MeghPIreports\RunID-13-08-25_17_26_06\screenshot\13-08-2025-052648.png
Deleted: E:\MeghPiFw\MeghPIreports\RunID-13-08-25_17_26_06\screenshot\13-08-2025-052651.png
Deleted: E:\MeghPiFw\MeghPIreports\RunID-13-08-25_17_26_06\screenshot\13-08-2025-052653.png
Deleted: E:\MeghPiFw\MeghPIreports\RunID-13-08-25_17_26_06\screenshot\13-08-2025-052655.png
Deleted: E:\MeghPiFw\MeghPIreports\RunID-13-08-25_17_26_06\screenshot\13-08-2025-052657.png
Deleted: E:\MeghPiFw\MeghPIreports\RunID-13-08-25_17_26_06\screenshot\13-08-2025-052700.png
Deleted: E:\MeghPiFw\MeghPIreports\RunID-13-08-25_17_26_06\screenshot\13-08-2025-052702.png
Deleted: E:\MeghPiFw\MeghPIreports\RunID-13-08-25_17_26_06\screenshot\13-08-2025-052704.png
Deleted: E:\MeghPiFw\MeghPIreports\RunID-13-08-25_17_26_06\screenshot\13-08-2025-052707.png
Deleted: E:\MeghPiFw\MeghPIreports\RunID-13-08-25_17_26_06\screenshot\13-08-2025-052709.png
Deleted: E:\MeghPiFw\MeghPIreports\RunID-13-08-25_17_26_06\screenshot\13-08-2025-052711.png
Deleted: E:\MeghPiFw\MeghPIreports\RunID-13-08-25_17_26_06\screenshot\13-08-2025-052721.png
Deleted: E:\MeghPiFw\MeghPIreports\RunID-13-08-25_17_26_06\screenshot\13-08-2025-052724.png
Deleted: E:\MeghPiFw\MeghPIreports\RunID-13-08-25_17_26_06\screenshot\13-08-2025-052726.png
Deleted: E:\MeghPiFw\MeghPIreports\RunID-13-08-25_17_26_06\screenshot\13-08-2025-052735.png
Deleted: E:\MeghPiFw\MeghPIreports\RunID-13-08-25_17_26_06\screenshot\13-08-2025-052741.png
Deleted: E:\MeghPiFw\MeghPIreports\RunID-13-08-25_17_26_06\screenshot\13-08-2025-052744.png
Deleted: E:\MeghPiFw\MeghPIreports\RunID-13-08-25_17_26_06\screenshot\13-08-2025-052748.png
Deleted: E:\MeghPiFw\MeghPIreports\RunID-13-08-25_17_26_06\screenshot\13-08-2025-052754.png
Deleted: E:\MeghPiFw\MeghPIreports\RunID-13-08-25_17_26_06\screenshot\13-08-2025-052759.png
Deleted: E:\MeghPiFw\MeghPIreports\RunID-13-08-25_17_26_06\screenshot\13-08-2025-052807.png
Deleted: E:\MeghPiFw\MeghPIreports\RunID-13-08-25_17_26_06\screenshot\13-08-2025-052811.png
Deleted: E:\MeghPiFw\MeghPIreports\RunID-13-08-25_17_26_06\screenshot\13-08-2025-052815.png
Deleted: E:\MeghPiFw\MeghPIreports\RunID-13-08-25_17_26_06\screenshot\13-08-2025-052824.png
Deleted: E:\MeghPiFw\MeghPIreports\RunID-13-08-25_17_26_06\screenshot\13-08-2025-052830.png
Deleted: E:\MeghPiFw\MeghPIreports\RunID-13-08-25_17_26_06\screenshot\13-08-2025-052834.png
Deleted: E:\MeghPiFw\MeghPIreports\RunID-13-08-25_17_26_06\screenshot\13-08-2025-052837.png
Aug 18, 2025 5:28:41 PM base.LogResults createLogs
INFO:  - 
Aug 18, 2025 5:28:41 PM base.LogResults createLogs
INFO:  - 
SLF4J(W): No SLF4J providers were found.
SLF4J(W): Defaulting to no-operation (NOP) logger implementation
SLF4J(W): See https://www.slf4j.org/codes.html#noProviders for further details.
Status Code: 404
Response Body: <!DOCTYPE HTML PUBLIC "-//IETF//DTD HTML 2.0//EN">
<html><head>
<title>404 Not Found</title>
</head><body>
<h1>Not Found</h1>
<p>The requested URL was not found on this server.</p>
</body></html>

No Logs found to Generate Report.

===============================================
Suite
Total tests run: 1, Passes: 0, Failures: 1, Skips: 0
===============================================

