>> Console logging redirected to data/console.log
Continuing with Existing Master Data due to threshold value:070825-070825-ThreSld->3
Launching Driver...
SLF4J(W): No SLF4J providers were found.
SLF4J(W): Defaulting to no-operation (NOP) logger implementation
SLF4J(W): See https://www.slf4j.org/codes.html#noProviders for further details.
Aug 07, 2025 11:29:28 AM org.openqa.selenium.devtools.CdpVersionFinder findNearestMatch
WARNING: Unable to find an exact match for CDP version 138, returning the closest version; found: 137; Please update to a Selenium version that supports CDP version 138
Error Index 1 out of bounds for length 1
Aug 07, 2025 11:29:29 AM base.LogResults createLogs
INFO: PASS -  Application loaded successfully.
Aug 07, 2025 11:29:34 AM base.LogResults createLogs
INFO: PASS -  Company code entered successfully.ANHZ
Aug 07, 2025 11:29:34 AM base.LogResults createLogs
INFO: PASS - Clicked On 'Login with Password' successfully.
Aug 07, 2025 11:29:38 AM base.LogResults createLogs
INFO: PASS -  Sign-in section appeared.
Aug 07, 2025 11:29:38 AM base.LogResults createLogs
INFO: PASS -  Email Id entered.AutoE070825091624@mailinator.com
Aug 07, 2025 11:29:38 AM base.LogResults createLogs
INFO: PASS -  Password entered.Pramod@1234
Aug 07, 2025 11:29:39 AM base.LogResults createLogs
INFO: PASS -  Captcha entered.12345
Aug 07, 2025 11:29:39 AM base.LogResults createLogs
INFO: PASS -  Sign-in button clicked.
Aug 07, 2025 11:29:41 AM base.LogResults createLogs
INFO: PASS -  Login validated successfully And Good Text Is Displayed.
Aug 07, 2025 11:29:42 AM base.LogResults createLogs
INFO: PASS - Login Done Successfully: 
Aug 07, 2025 11:29:46 AM base.LogResults createLogs
INFO: PASS - PolicyIcon Clicked Successfully: 
Aug 07, 2025 11:29:46 AM base.LogResults createLogs
INFO: PASS - PolicyMaster Loaded Successfully: 
Aug 07, 2025 11:29:46 AM base.LogResults createLogs
INFO: PASS - AttendancePolicy Clicked Successfully : 
Aug 07, 2025 11:29:48 AM base.LogResults createLogs
INFO: PASS - AttendancePolicy Page Loaded Successfully : 
Aug 07, 2025 11:29:48 AM base.LogResults createLogs
INFO: PASS - AddAttendancePolicyButton Clicked Successfully : 
Aug 07, 2025 11:29:48 AM base.LogResults createLogs
INFO: PASS - AttendancePolicy Name Entered Successfully : AutoAPN070825091624KCPK
Aug 07, 2025 11:29:49 AM base.LogResults createLogs
INFO: PASS - EnableGracePeriod Button Clicked Successfully : 
Aug 07, 2025 11:29:50 AM base.LogResults createLogs
INFO: PASS - EarlyClockOut CheckBox Clicked  Successfully : 
Aug 07, 2025 11:30:00 AM base.LogResults createLogs
INFO: FAIL - Error While Clicking On GraceHours TextField : element not interactable
  (Session info: chrome=138.0.7204.184)
Build info: version: '4.34.0', revision: '707dcb4246*'
System info: os.name: 'Windows 10', os.arch: 'amd64', os.version: '10.0', java.version: '17.0.11'
Driver info: org.openqa.selenium.chrome.ChromeDriver
Command: [192aa5c0d5d3665a1ccfbb5c58a95a77, clickElement {id=f.850A551FB1A21FBD665203337E53AEC5.d.993F07DCB36B29D92660F3197EC55B25.e.1108}]
Capabilities {acceptInsecureCerts: true, browserName: chrome, browserVersion: 138.0.7204.184, chrome: {chromedriverVersion: 138.0.7204.183 (e90faf484dd..., userDataDir: C:\Users\Pramod.C\AppData\L...}, fedcm:accounts: true, goog:chromeOptions: {debuggerAddress: localhost:61064}, networkConnectionEnabled: false, pageLoadStrategy: none, platformName: windows, proxy: Proxy(), se:cdp: ws://localhost:61064/devtoo..., se:cdpVersion: 138.0.7204.184, setWindowRect: true, strictFileInteractability: false, timeouts: {implicit: 0, pageLoad: 300000, script: 30000}, unhandledPromptBehavior: dismiss and notify, webauthn:extension:credBlob: true, webauthn:extension:largeBlob: true, webauthn:extension:minPinLength: true, webauthn:extension:prf: true, webauthn:virtualAuthenticators: true}
Element: [[ChromeDriver: chrome on windows (192aa5c0d5d3665a1ccfbb5c58a95a77)] -> xpath: //input[@id='GraceHours']]
Session ID: 192aa5c0d5d3665a1ccfbb5c58a95a77
Aug 07, 2025 11:30:04 AM base.LogResults createLogs
INFO: PASS -  GraceHours Inputted  Successfully : 1:00
Aug 07, 2025 11:30:04 AM base.LogResults createLogs
INFO: PASS - Clicked On GraceTimeApply Button  Successfully : 
Aug 07, 2025 11:30:04 AM base.LogResults createLogs
INFO: PASS - EnableGracePeriod CheckBox Clicked  Successfully : 
Aug 07, 2025 11:30:04 AM base.LogResults createLogs
INFO: PASS - RegulationRequest CheckBox Clicked  Successfully : 
Aug 07, 2025 11:30:05 AM base.LogResults createLogs
INFO: PASS - CreatePolicyButton Button Successfully : 
Aug 07, 2025 11:30:06 AM base.LogResults createLogs
INFO: PASS - NoOption Button Successfully : 
Aug 07, 2025 11:30:08 AM base.LogResults createLogs
INFO: PASS - On SearchTextField Policy Name Inputted Successfully : AutoAPN070825091624KCPK
Aug 07, 2025 11:30:12 AM base.LogResults createLogs
INFO: PASS - No of Employees Assigned Get Successfully : 0
Aug 07, 2025 11:30:19 AM base.LogResults createLogs
INFO: PASS - Assigned Emp Count Compared Successfully : 0=0
Aug 07, 2025 11:30:21 AM base.LogResults onlyLog
INFO: Failed - Attendance-MPI_435_Attendance_Policy_02-To verify this, click on 'Add Attendance Policy', enter the policy name, and click on 'Create Policy'. In the popup, select 'No' when asked 'Do you want to change attendance policy in Employee Profile based on current policy employee criteria?', and ensure that the new policy is created and no one employees are assigned to it
---------------------------------------------------------------
AttendanceMPI_435_Attendance_Policy_02
Aug 07, 2025 11:30:21 AM base.LogResults onlyLog
INFO: Total Pass : 0 Total Fail : 1  Total TC : 1
---------------------------------------------------------------
Test case took: 52.3294 seconds
Total TC Time: 00:00:52
Launching Driver...
Aug 07, 2025 11:30:23 AM org.openqa.selenium.devtools.CdpVersionFinder findNearestMatch
WARNING: Unable to find an exact match for CDP version 138, returning the closest version; found: 137; Please update to a Selenium version that supports CDP version 138
Error Index 1 out of bounds for length 1
Aug 07, 2025 11:30:25 AM base.LogResults createLogs
INFO: PASS -  Application loaded successfully.
Aug 07, 2025 11:30:29 AM base.LogResults createLogs
INFO: PASS -  Company code entered successfully.ANHZ
Aug 07, 2025 11:30:29 AM base.LogResults createLogs
INFO: PASS - Clicked On 'Login with Password' successfully.
Aug 07, 2025 11:30:33 AM base.LogResults createLogs
INFO: PASS -  Sign-in section appeared.
