>> Console logging redirected to data/console.log
Created NEW EXEC ID IN data/addmaster.properties as Exceeds Threshold value040825-290725-ThreSld->3
cmpcode and emailidAutoE040825143429@mailinator.com
Launching Driver...
SLF4J(W): No SLF4J providers were found.
SLF4J(W): Defaulting to no-operation (NOP) logger implementation
SLF4J(W): See https://www.slf4j.org/codes.html#noProviders for further details.
Aug 04, 2025 2:34:39 PM org.openqa.selenium.devtools.CdpVersionFinder findNearestMatch
WARNING: Unable to find an exact match for CDP version 138, returning the closest version; found: 137; Please update to a Selenium version that supports CDP version 138
Error Index 1 out of bounds for length 1
Aug 04, 2025 2:34:41 PM base.LogResults createLogs
INFO: PASS - Step 1: Application loaded successfully.
Aug 04, 2025 2:34:45 PM base.LogResults createLogs
INFO: PASS - Step 2: Company code entered successfully.
Aug 04, 2025 2:34:46 PM base.LogResults createLogs
INFO: PASS - Step 3: Clicked 'Login with Password' successfully.
Aug 04, 2025 2:34:52 PM base.LogResults createLogs
INFO: PASS - Step 4: Sign-in section appeared.
Aug 04, 2025 2:34:52 PM base.LogResults createLogs
INFO: PASS - Step 5: Username entered.AutoE040825143429@mailinator.com
Aug 04, 2025 2:34:52 PM base.LogResults createLogs
INFO: PASS - Step 6: Password entered.Pramod@1234
Aug 04, 2025 2:34:52 PM base.LogResults createLogs
INFO: PASS - Step 7: Captcha entered.12345
Aug 04, 2025 2:34:53 PM base.LogResults createLogs
INFO: PASS - Step 8: Sign-in button clicked.
Aug 04, 2025 2:35:06 PM base.LogResults createLogs
INFO: PASS - Step 9: Login validated successfully.
Aug 04, 2025 2:35:06 PM base.LogResults createLogs
INFO: PASS - Login Done Successfully: 
Aug 04, 2025 2:35:11 PM base.LogResults createLogs
INFO: PASS - Directory Button Clicked Successfully: 
Aug 04, 2025 2:35:12 PM base.LogResults createLogs
INFO: PASS - Directory Page Loaded Successfully: 
Aug 04, 2025 2:35:12 PM base.LogResults createLogs
INFO: PASS - Company Tab  Clicked Successfully: 
Aug 04, 2025 2:35:13 PM base.LogResults createLogs
INFO: PASS - Office Button  Clicked Successfully: 
Aug 04, 2025 2:35:13 PM base.LogResults createLogs
INFO: PASS -  Successfully Clicked On AddOfficeButton : 
Aug 04, 2025 2:35:15 PM base.LogResults createLogs
INFO: PASS -  OfficeName Entered In the Office Name TextField : AutoON040825143429
Aug 04, 2025 2:35:18 PM base.LogResults createLogs
INFO: PASS -  Office Type Selected In the Office Type Dropdown : 
Aug 04, 2025 2:35:21 PM base.LogResults createLogs
INFO: PASS -  Country Selected In the Country  Dropdown : 
Aug 04, 2025 2:35:24 PM base.LogResults createLogs
INFO: PASS -  State Selected In the State  Dropdown : Gujarat
Aug 04, 2025 2:35:25 PM base.LogResults createLogs
INFO: PASS -  Successfully Clicked On CompanyLocationSaveButton : 
Aug 04, 2025 2:35:34 PM base.LogResults createLogs
INFO: PASS - Directory Button Clicked Successfully: 
Aug 04, 2025 2:35:39 PM base.LogResults createLogs
INFO: PASS - Directory Page Loaded Successfully: 
Aug 04, 2025 2:35:39 PM base.LogResults createLogs
INFO: PASS - Company Tab  Clicked Successfully: 
Aug 04, 2025 2:35:42 PM base.LogResults createLogs
INFO: PASS - Department Drop Icon Clicked Successfully: 
Aug 04, 2025 2:35:43 PM base.LogResults createLogs
INFO: PASS - Department Tab  Clicked Successfully: 
Aug 04, 2025 2:35:43 PM base.LogResults createLogs
INFO: PASS - Add Department Tab  Clicked Successfully: 
Aug 04, 2025 2:35:44 PM base.LogResults createLogs
INFO: PASS - Department Name Entered Successfully: AutoDN040825143429
Aug 04, 2025 2:35:44 PM base.LogResults createLogs
INFO: PASS - Successfully Clicked On Add Department Save Button: 
Aug 04, 2025 2:35:47 PM base.LogResults createLogs
INFO: PASS - Department Drop Icon Clicked Successfully: 
Aug 04, 2025 2:35:49 PM base.LogResults createLogs
INFO: PASS - Successfully Clicked On DepartmentMapping Button: 
Aug 04, 2025 2:35:49 PM base.LogResults createLogs
INFO: PASS - Successfully Clicked On AddDepartmentMapping Button: 
Aug 04, 2025 2:35:52 PM base.LogResults createLogs
INFO: PASS - Successfully Selected Department: AutoDN040825143429
Aug 04, 2025 2:35:55 PM base.LogResults createLogs
INFO: PASS - Successfully Selected OfficeName: AutoON040825143429
Aug 04, 2025 2:35:56 PM base.LogResults createLogs
INFO: PASS - AddDeptMappingSaveButton Clicked Successfully: 
Aug 04, 2025 2:36:05 PM base.LogResults createLogs
INFO: PASS - Directory Button Clicked Successfully: 
Aug 04, 2025 2:36:10 PM base.LogResults createLogs
INFO: PASS - Company Tab  Clicked Successfully: 
Aug 04, 2025 2:36:16 PM base.LogResults createLogs
INFO: PASS - Team Drop Icon  Clicked Successfully: 
Aug 04, 2025 2:36:17 PM base.LogResults createLogs
INFO: PASS - Team Button  Clicked Successfully: 
Aug 04, 2025 2:36:17 PM base.LogResults createLogs
INFO: PASS - Add Team Button  Clicked Successfully: 
Aug 04, 2025 2:36:18 PM base.LogResults createLogs
INFO: PASS - Team Name Is Entered In Team Name Text Field: AutoTN040825143429
Aug 04, 2025 2:36:18 PM base.LogResults createLogs
INFO: PASS - Team Save Button  Clicked Successfully: 
Aug 04, 2025 2:36:21 PM base.LogResults createLogs
INFO: PASS - Team Drop Icon  Clicked Successfully: 
Aug 04, 2025 2:36:23 PM base.LogResults createLogs
INFO: PASS - TeamMapping Button  Clicked Successfully: 
Aug 04, 2025 2:36:23 PM base.LogResults createLogs
INFO: PASS - AddTeamMapping Button  Clicked Successfully: 
Aug 04, 2025 2:36:27 PM base.LogResults createLogs
INFO: PASS - Team Name Selected Successfully: AutoTN040825143429
Aug 04, 2025 2:36:27 PM base.LogResults createLogs
INFO: PASS - Department DropDown Clicked Successfully: 
Aug 04, 2025 2:36:28 PM base.LogResults createLogs
INFO: PASS - Department Name Inputted Successfully: AutoDN040825143429
Aug 04, 2025 2:36:31 PM base.LogResults createLogs
INFO: PASS - Department Name Selected Successfully: 
Aug 04, 2025 2:36:31 PM base.LogResults createLogs
INFO: PASS - Add Team Mapping Saved Successfully: 
Aug 04, 2025 2:36:42 PM base.LogResults createLogs
INFO: PASS - Directory Button Clicked Successfully: 
Aug 04, 2025 2:36:47 PM base.LogResults createLogs
INFO: PASS - Directory Page Loaded Successfully: 
Aug 04, 2025 2:36:48 PM base.LogResults createLogs
INFO: PASS - Clicked On EmployeeTab Successfully: 
Aug 04, 2025 2:36:51 PM base.LogResults createLogs
INFO: PASS - Directory Page Loaded Successfully: 
Aug 04, 2025 2:37:02 PM base.LogResults createLogs
INFO: PASS - Clicked On TotalCountDropDown Successfully: 
Aug 04, 2025 2:37:03 PM base.LogResults createLogs
INFO: PASS - Clicked On AddNewButton Successfully: 
Aug 04, 2025 2:37:05 PM base.LogResults createLogs
INFO: PASS - Employee Form Loaded Successfully: 
Aug 04, 2025 2:37:08 PM base.LogResults createLogs
INFO: FAIL - Error while Clicking On EmployeeTypeDropdown  : Cannot locate option with text: AutoEN040825143429
For documentation on this error, please visit: https://www.selenium.dev/documentation/webdriver/troubleshooting/errors#no-such-element-exception
Build info: version: '4.34.0', revision: '707dcb4246*'
System info: os.name: 'Windows 10', os.arch: 'amd64', os.version: '10.0', java.version: '17.0.11'
Driver info: driver.version: unknown
Aug 04, 2025 2:37:08 PM base.LogResults createLogs
INFO: PASS - Clicked On ReportingToDropdown Successfully: 
Aug 04, 2025 2:37:11 PM base.LogResults createLogs
INFO: PASS - Clicked On ReportingTo Search Text Field And Input Is Passed: AutoAFN
Aug 04, 2025 2:37:23 PM base.LogResults createLogs
INFO: FAIL - Error While Selecting Entity Name   : no such element: Unable to locate element: {"method":"xpath","selector":"//li[@role='option']"}
  (Session info: chrome=138.0.7204.170)
For documentation on this error, please visit: https://www.selenium.dev/documentation/webdriver/troubleshooting/errors#no-such-element-exception
Build info: version: '4.34.0', revision: '707dcb4246*'
System info: os.name: 'Windows 10', os.arch: 'amd64', os.version: '10.0', java.version: '17.0.11'
Driver info: org.openqa.selenium.chrome.ChromeDriver
Command: [b85d587e452d707f54be17b2b8e046df, findElement {using=xpath, value=//li[@role='option']}]
Capabilities {acceptInsecureCerts: true, browserName: chrome, browserVersion: 138.0.7204.170, chrome: {chromedriverVersion: 138.0.7204.183 (e90faf484dd..., userDataDir: C:\Users\Pramod.C\AppData\L...}, fedcm:accounts: true, goog:chromeOptions: {debuggerAddress: localhost:62684}, networkConnectionEnabled: false, pageLoadStrategy: none, platformName: windows, proxy: Proxy(), se:cdp: ws://localhost:62684/devtoo..., se:cdpVersion: 138.0.7204.170, setWindowRect: true, strictFileInteractability: false, timeouts: {implicit: 0, pageLoad: 300000, script: 30000}, unhandledPromptBehavior: dismiss and notify, webauthn:extension:credBlob: true, webauthn:extension:largeBlob: true, webauthn:extension:minPinLength: true, webauthn:extension:prf: true, webauthn:virtualAuthenticators: true}
Session ID: b85d587e452d707f54be17b2b8e046df
Aug 04, 2025 2:37:23 PM base.LogResults createLogs
INFO: PASS - EmployeeID Entered On Employee ID Text Field: autoEIDHDIBRU
Aug 04, 2025 2:37:26 PM base.LogResults createLogs
INFO: PASS -  CompanyLocation Selected From The DropDown : AutoON040825143429
Aug 04, 2025 2:37:27 PM base.LogResults createLogs
INFO: PASS - Employee First Name Entered On Employee FirstName Text Field: AutoFNGQMRK
Aug 04, 2025 2:37:27 PM base.LogResults createLogs
INFO: PASS - Employee Last Name Entered On Employee Last Name Text Field: AutoLNLHBLZ
Aug 04, 2025 2:37:27 PM base.LogResults createLogs
INFO: PASS - Employee Email Entered On Email ID Text Field: AutoE040825143429RIP@mailinator.com
Aug 04, 2025 2:37:27 PM base.LogResults createLogs
INFO: PASS - Employee Phone Number Entered On Phone Number Text Field: 9851475988
Aug 04, 2025 2:37:27 PM base.LogResults createLogs
INFO: PASS - Employee Joining Date  Text Field Is Clicked: 
Aug 04, 2025 2:37:28 PM base.LogResults createLogs
INFO: PASS - Employee Joining Date Entered On Joining Date Text Field: 03-01-2025
Aug 04, 2025 2:37:28 PM base.LogResults createLogs
INFO: PASS - Clicked On AddEmployeeSave Successfully: 
Aug 04, 2025 2:37:51 PM base.LogResults createLogs
INFO: FAIL - Error while Clicking On GoToDirectory: Failed to click 'Go to Directory' link: Expected condition failed: waiting for element to be clickable: By.xpath: //a[text()='Go to Directory']/.. (tried for 20 second(s) with 500 milliseconds interval)
Build info: version: '4.34.0', revision: '707dcb4246*'
System info: os.name: 'Windows 10', os.arch: 'amd64', os.version: '10.0', java.version: '17.0.11'
Driver info: org.openqa.selenium.chrome.ChromeDriver
Capabilities {acceptInsecureCerts: true, browserName: chrome, browserVersion: 138.0.7204.170, chrome: {chromedriverVersion: 138.0.7204.183 (e90faf484dd..., userDataDir: C:\Users\Pramod.C\AppData\L...}, fedcm:accounts: true, goog:chromeOptions: {debuggerAddress: localhost:62684}, networkConnectionEnabled: false, pageLoadStrategy: none, platformName: windows, proxy: Proxy(), se:cdp: ws://localhost:62684/devtoo..., se:cdpVersion: 138.0.7204.170, setWindowRect: true, strictFileInteractability: false, timeouts: {implicit: 0, pageLoad: 300000, script: 30000}, unhandledPromptBehavior: dismiss and notify, webauthn:extension:credBlob: true, webauthn:extension:largeBlob: true, webauthn:extension:minPinLength: true, webauthn:extension:prf: true, webauthn:virtualAuthenticators: true}
Session ID: b85d587e452d707f54be17b2b8e046df
Aug 04, 2025 2:38:01 PM base.LogResults createLogs
INFO: FAIL - Error while Clicking On SearchDropDown: no such element: Unable to locate element: {"method":"xpath","selector":"//button[@id='btnHeaderFilter']"}
  (Session info: chrome=138.0.7204.170)
For documentation on this error, please visit: https://www.selenium.dev/documentation/webdriver/troubleshooting/errors#no-such-element-exception
Build info: version: '4.34.0', revision: '707dcb4246*'
System info: os.name: 'Windows 10', os.arch: 'amd64', os.version: '10.0', java.version: '17.0.11'
Driver info: org.openqa.selenium.chrome.ChromeDriver
Command: [b85d587e452d707f54be17b2b8e046df, findElement {using=xpath, value=//button[@id='btnHeaderFilter']}]
Capabilities {acceptInsecureCerts: true, browserName: chrome, browserVersion: 138.0.7204.170, chrome: {chromedriverVersion: 138.0.7204.183 (e90faf484dd..., userDataDir: C:\Users\Pramod.C\AppData\L...}, fedcm:accounts: true, goog:chromeOptions: {debuggerAddress: localhost:62684}, networkConnectionEnabled: false, pageLoadStrategy: none, platformName: windows, proxy: Proxy(), se:cdp: ws://localhost:62684/devtoo..., se:cdpVersion: 138.0.7204.170, setWindowRect: true, strictFileInteractability: false, timeouts: {implicit: 0, pageLoad: 300000, script: 30000}, unhandledPromptBehavior: dismiss and notify, webauthn:extension:credBlob: true, webauthn:extension:largeBlob: true, webauthn:extension:minPinLength: true, webauthn:extension:prf: true, webauthn:virtualAuthenticators: true}
Session ID: b85d587e452d707f54be17b2b8e046df
Aug 04, 2025 2:38:12 PM base.LogResults createLogs
INFO: FAIL - Error while Selecting LasTName: no such element: Unable to locate element: {"method":"xpath","selector":"//input[@id='chkdivDrpItemLastNamedtEmployee']"}
  (Session info: chrome=138.0.7204.170)
For documentation on this error, please visit: https://www.selenium.dev/documentation/webdriver/troubleshooting/errors#no-such-element-exception
Build info: version: '4.34.0', revision: '707dcb4246*'
System info: os.name: 'Windows 10', os.arch: 'amd64', os.version: '10.0', java.version: '17.0.11'
Driver info: org.openqa.selenium.chrome.ChromeDriver
Command: [b85d587e452d707f54be17b2b8e046df, findElement {using=xpath, value=//input[@id='chkdivDrpItemLastNamedtEmployee']}]
Capabilities {acceptInsecureCerts: true, browserName: chrome, browserVersion: 138.0.7204.170, chrome: {chromedriverVersion: 138.0.7204.183 (e90faf484dd..., userDataDir: C:\Users\Pramod.C\AppData\L...}, fedcm:accounts: true, goog:chromeOptions: {debuggerAddress: localhost:62684}, networkConnectionEnabled: false, pageLoadStrategy: none, platformName: windows, proxy: Proxy(), se:cdp: ws://localhost:62684/devtoo..., se:cdpVersion: 138.0.7204.170, setWindowRect: true, strictFileInteractability: false, timeouts: {implicit: 0, pageLoad: 300000, script: 30000}, unhandledPromptBehavior: dismiss and notify, webauthn:extension:credBlob: true, webauthn:extension:largeBlob: true, webauthn:extension:minPinLength: true, webauthn:extension:prf: true, webauthn:virtualAuthenticators: true}
Session ID: b85d587e452d707f54be17b2b8e046df
Aug 04, 2025 2:38:12 PM base.LogResults createLogs
INFO: FAIL - Skipping rest steps as error count reached configured value : 5
Aug 04, 2025 2:38:12 PM base.LogResults onlyLog
INFO: Failed - Attendance-MPI_518_TeamMapping_01-To verify this, create a department and map it with an office. Then, navigate to Team Mapping, click on 'Add Team Mapping', select the created team, select the mapped department, and save. After saving, create an employee for the selected location. Navigate to the employee's profile, select the department, click on the team field, enter the team name, and ensure that the mapped team is displayed.
---------------------------------------------------------------
AttendanceMPI_518_TeamMapping_01
Aug 04, 2025 2:38:12 PM base.LogResults onlyLog
INFO: Total Pass : 0 Total Fail : 1  Total TC : 1
---------------------------------------------------------------
Test case took: 212.3737 seconds
Total TC Time: 00:03:32

===============================================
Suite
Total tests run: 1, Passes: 0, Failures: 0, Skips: 1
===============================================

