>> Console logging redirected to data/console.log
Continuing with Existing Master Data due to threshold value:110725-110725-ThreSld->3
Launching Driver...
SLF4J(W): No SLF4J providers were found.
SLF4J(W): Defaulting to no-operation (NOP) logger implementation
SLF4J(W): See https://www.slf4j.org/codes.html#noProviders for further details.
Jul 11, 2025 2:53:30 PM org.openqa.selenium.devtools.CdpVersionFinder findNearestMatch
WARNING: Unable to find an exact match for CDP version 138, returning the closest version; found: 137; Please update to a Selenium version that supports CDP version 138
Jul 11, 2025 2:53:31 PM base.LogResults createLogs
INFO: PASS - Application Loaded Successfully: 
Jul 11, 2025 2:53:31 PM base.LogResults createLogs
INFO: PASS - Company Code Entered in Text Box: AFHU
Jul 11, 2025 2:53:31 PM base.LogResults createLogs
INFO: PASS - Login With Password Button Is Clicked: 
Jul 11, 2025 2:53:35 PM base.LogResults createLogs
INFO: PASS - Sign in Text Is Displayed: 
Jul 11, 2025 2:53:35 PM base.LogResults createLogs
INFO: PASS - Username Is Entered In Username Text Field: AutoE110725095836@mailinator.com
Jul 11, 2025 2:53:36 PM base.LogResults createLogs
INFO: PASS - Password Is Entered In Password Text Field: Pramod@1234
Jul 11, 2025 2:53:36 PM base.LogResults createLogs
INFO: PASS - Captcha Entered On Captcha Text Field: 12345
Jul 11, 2025 2:53:36 PM base.LogResults createLogs
INFO: PASS - Clicked On Login Button: 
Jul 11, 2025 2:53:38 PM base.LogResults createLogs
INFO: PASS - login Validated Successfully: 
Jul 11, 2025 2:53:43 PM base.LogResults createLogs
INFO: PASS - Directory Button Clicked Successfully: 
Jul 11, 2025 2:53:44 PM base.LogResults createLogs
INFO: PASS - Directory Page Loaded Successfully: 
Jul 11, 2025 2:53:44 PM base.LogResults createLogs
INFO: PASS - Company Tab  Clicked Successfully: 
Jul 11, 2025 2:53:45 PM base.LogResults createLogs
INFO: PASS - Office Button  Clicked Successfully: 
Jul 11, 2025 2:53:45 PM base.LogResults createLogs
INFO: PASS -  Successfully Clicked On AddOfficeButton : 
Jul 11, 2025 2:53:47 PM base.LogResults createLogs
INFO: PASS -  OfficeName Entered In the Office Name TextField : AutoON110725095836SVL
Jul 11, 2025 2:53:47 PM base.LogResults createLogs
INFO: PASS -  Office Type Selected In the Office Type Dropdown : 
Jul 11, 2025 2:53:47 PM base.LogResults createLogs
INFO: PASS -  Country Selected In the Country  Dropdown : 
Jul 11, 2025 2:53:47 PM base.LogResults createLogs
INFO: PASS -  State Selected In the State  Dropdown : Gujarat
Jul 11, 2025 2:53:47 PM base.LogResults createLogs
INFO: PASS -  Successfully Clicked On CompanyLocationSaveButton : 
Jul 11, 2025 2:53:58 PM base.LogResults createLogs
INFO: PASS - OfficeType Entered In The TextField Successfully: AutoON110725095836SVL
Jul 11, 2025 2:54:02 PM base.LogResults createLogs
INFO: PASS -  Successfully Turn Off The Toggle Switch : 
Jul 11, 2025 2:54:03 PM base.LogResults createLogs
INFO: PASS -  Successfully Clicked On Ok Button : 
Jul 11, 2025 2:54:06 PM base.LogResults createLogs
INFO: PASS - Department Tab  Clicked Successfully: 
Jul 11, 2025 2:54:08 PM base.LogResults createLogs
INFO: PASS - Successfully Clicked On DepartmentMapping Button: 
Jul 11, 2025 2:54:08 PM base.LogResults createLogs
INFO: PASS - Successfully Clicked On AddDepartmentMapping Button: 
Jul 11, 2025 2:54:09 PM base.LogResults createLogs
INFO: PASS - Successfully Clicked On OfficeDropDown Button: 
Jul 11, 2025 2:54:09 PM base.LogResults createLogs
INFO: PASS - Successfully Inputted OfficeName: 
Jul 11, 2025 2:54:10 PM base.LogResults createLogs
INFO: PASS - HODDropDownErrorMsg Displayed Successfully: 
Jul 11, 2025 2:54:13 PM base.LogResults onlyLog
INFO: Passed - MeghMasterDepartmentMappingTest-MPI_203_Department_10-To verify this, disable the company location and check whether the disabled location is not displayed in the "assign office" dropdown in the department mapping form. 
---------------------------------------------------------------
MeghMasterDepartmentMappingTestMPI_203_Department_10
Jul 11, 2025 2:54:13 PM base.LogResults onlyLog
INFO: Total Pass : 1 Total Fail : 0  Total TC : 1
---------------------------------------------------------------
Test case took: 42.2510 seconds
Total TC Time: 00:00:42
Launching Driver...
Jul 11, 2025 2:54:15 PM org.openqa.selenium.devtools.CdpVersionFinder findNearestMatch
WARNING: Unable to find an exact match for CDP version 138, returning the closest version; found: 137; Please update to a Selenium version that supports CDP version 138
Jul 11, 2025 2:54:16 PM base.LogResults createLogs
INFO: PASS - Application Loaded Successfully: 
Jul 11, 2025 2:54:16 PM base.LogResults createLogs
INFO: PASS - Company Code Entered in Text Box: AFHU
Jul 11, 2025 2:54:17 PM base.LogResults createLogs
INFO: PASS - Login With Password Button Is Clicked: 
Jul 11, 2025 2:54:21 PM base.LogResults createLogs
INFO: PASS - Sign in Text Is Displayed: 
Jul 11, 2025 2:54:21 PM base.LogResults createLogs
INFO: PASS - Username Is Entered In Username Text Field: AutoE110725095836@mailinator.com
Jul 11, 2025 2:54:21 PM base.LogResults createLogs
INFO: PASS - Password Is Entered In Password Text Field: Pramod@1234
Jul 11, 2025 2:54:21 PM base.LogResults createLogs
INFO: PASS - Captcha Entered On Captcha Text Field: 12345
Jul 11, 2025 2:54:22 PM base.LogResults createLogs
INFO: PASS - Clicked On Login Button: 
Jul 11, 2025 2:54:23 PM base.LogResults createLogs
INFO: PASS - login Validated Successfully: 
Jul 11, 2025 2:54:28 PM base.LogResults createLogs
INFO: PASS - Directory Button Clicked Successfully: 
Jul 11, 2025 2:54:30 PM base.LogResults createLogs
INFO: PASS - Directory Page Loaded Successfully: 
Jul 11, 2025 2:54:30 PM base.LogResults createLogs
INFO: PASS - Company Tab  Clicked Successfully: 
Jul 11, 2025 2:54:31 PM base.LogResults createLogs
INFO: PASS - Office Button  Clicked Successfully: 
Jul 11, 2025 2:54:39 PM base.LogResults createLogs
INFO: PASS - OfficeType Entered In The TextField Successfully: AutoON110725095836SVL
Jul 11, 2025 2:54:43 PM base.LogResults createLogs
INFO: PASS -  Successfully Turn Off The Toggle Switch : 
Jul 11, 2025 2:54:44 PM base.LogResults createLogs
INFO: PASS -  Successfully Clicked On Ok Button : 
Jul 11, 2025 2:54:47 PM base.LogResults createLogs
INFO: PASS - Department Tab  Clicked Successfully: 
Jul 11, 2025 2:54:48 PM base.LogResults createLogs
INFO: PASS - Successfully Clicked On DepartmentMapping Button: 
Jul 11, 2025 2:54:48 PM base.LogResults createLogs
INFO: PASS - Successfully Clicked On AddDepartmentMapping Button: 
Jul 11, 2025 2:54:49 PM base.LogResults createLogs
INFO: PASS - Successfully Clicked On OfficeDropDown Button: 
Jul 11, 2025 2:54:50 PM base.LogResults createLogs
INFO: PASS - Successfully Inputted OfficeName: AutoON110725095836SVL
Jul 11, 2025 2:54:50 PM base.LogResults createLogs
INFO: PASS - Successfully Inputted OfficeName: 
Jul 11, 2025 2:54:50 PM base.LogResults onlyLog
INFO: Passed - MeghMasterDepartmentMappingTest-MPI_202_Department_09-To verify this, enable the inactive office name and ensure that, after activation, the office name is displayed in the 'Assign Office' dropdown of the 'Add Department Location Mapping' form
---------------------------------------------------------------
MeghMasterDepartmentMappingTestMPI_202_Department_09
Jul 11, 2025 2:54:50 PM base.LogResults onlyLog
INFO: Total Pass : 2 Total Fail : 0  Total TC : 2
---------------------------------------------------------------
Test case took: 34.6875 seconds
Total TC Time: 00:01:16

===============================================
Suite
Total tests run: 2, Passes: 2, Failures: 0, Skips: 0
===============================================

