>> Console logging redirected to data/console.log
Launching Driver... 2025-12-12 14:57:49
SLF4J(W): No SLF4J providers were found.
SLF4J(W): Defaulting to no-operation (NOP) logger implementation
SLF4J(W): See https://www.slf4j.org/codes.html#noProviders for further details.
Dec 12, 2025 2:57:51 PM org.openqa.selenium.devtools.CdpVersionFinder findNearestMatch
WARNING: Unable to find an exact match for CDP version 143, returning the closest version; found: 139; Please update to a Selenium version that supports CDP version 143
(1386, 788)
Report Folder : http://192.168.6.201:8002/RunID-12-12-25-14-57-49-companymodules
Fallback JS click performed.
Expected Month: December 2025
UI Month: December 2025
Fallback JS click performed.
---------------------------------------------------------------
MeghPIEmpRegularizationRequestReportTestMPI_1794_Emp_RejectedRegularization_Reports_01
---------------------------------------------------------------
Test case took: 321.0305 seconds
Total TC Time: 00:05:21

===============================================
Suite
Total tests run: 1, Passes: 1, Failures: 0, Skips: 0
===============================================

