>> Console logging redirected to data/console.log
Launching Driver...
SLF4J(W): No SLF4J providers were found.
SLF4J(W): Defaulting to no-operation (NOP) logger implementation
SLF4J(W): See https://www.slf4j.org/codes.html#noProviders for further details.
Aug 13, 2025 5:56:35 PM org.openqa.selenium.devtools.CdpVersionFinder findNearestMatch
WARNING: Unable to find an exact match for CDP version 138, returning the closest version; found: 137; Please update to a Selenium version that supports CDP version 138
(1386, 788)
Aug 13, 2025 5:56:39 PM base.LogResults createLogs
INFO: PASS - Application Loaded Successfully: 
Aug 13, 2025 5:56:45 PM base.LogResults createLogs
INFO: PASS - Company Code Entered in Text Box: AYKY
Aug 13, 2025 5:56:48 PM base.LogResults createLogs
INFO: PASS - Login With Password Button Is Clicked: 
Aug 13, 2025 5:56:54 PM base.LogResults createLogs
INFO: PASS - Sign in Text Is Displayed: 
Aug 13, 2025 5:56:56 PM base.LogResults createLogs
INFO: PASS - Username Is Entered In Username Text Field: AutoE130825091642@mailinator.com
Aug 13, 2025 5:56:59 PM base.LogResults createLogs
INFO: PASS - Password Is Entered In Password Text Field: Pramod@1234
Aug 13, 2025 5:57:01 PM base.LogResults createLogs
INFO: PASS - Captcha Entered On Captcha Text Field: 12345
Aug 13, 2025 5:57:04 PM base.LogResults createLogs
INFO: PASS - Clicked On Login Button: 
Aug 13, 2025 5:57:06 PM base.LogResults createLogs
INFO: PASS - Login Done  And Validated Successfully: 
Aug 13, 2025 5:57:08 PM base.LogResults createLogs
INFO: PASS - Login Done Successfully: 
Aug 13, 2025 5:57:15 PM base.LogResults createLogs
INFO: PASS - Directory Button Clicked Successfully: 
Aug 13, 2025 5:57:18 PM base.LogResults createLogs
INFO: PASS - Directory Page Loaded Successfully: 
Aug 13, 2025 5:57:21 PM base.LogResults createLogs
INFO: PASS - Company Tab  Clicked Successfully: 
Aug 13, 2025 5:57:23 PM base.LogResults createLogs
INFO: PASS - Role Button  Clicked Successfully: 
Aug 13, 2025 5:57:25 PM base.LogResults createLogs
INFO: PASS - Role Module Loaded Successfully: 
Aug 13, 2025 5:57:28 PM base.LogResults createLogs
INFO: PASS - Role Records  Displayed Successfully: 
Aug 13, 2025 5:57:30 PM base.LogResults createLogs
INFO: PASS - Role Permission Button Clicked Successfully: 
Aug 13, 2025 5:57:33 PM base.LogResults createLogs
INFO: PASS - Role Permission Records Displayed Successfully: 
Module Role List: [Admin, Employee, HR Head, HR Manager, Manager, Owner]
Permission Role List: [Admin, Employee, HR Head, HR Manager, Manager, Owner]
All role records matched successfully.
Aug 13, 2025 5:57:49 PM base.LogResults createLogs
INFO: PASS - Role Permission Records And Roles Records Compared Successfully: 
Aug 13, 2025 5:57:52 PM base.LogResults onlyLog
INFO: Passed - MeghMasterRoleTest-MPI_263_Role_14-To verify this, check whether all the created roles are displayed in the role permission module 
---------------------------------------------------------------
MeghMasterRoleTestMPI_263_Role_14
Aug 13, 2025 5:57:52 PM base.LogResults onlyLog
INFO: Total Pass : 1 Total Fail : 0  Total TC : 1
---------------------------------------------------------------
Test case took: 76.4862 seconds
Total TC Time: 00:01:16

===============================================
Suite
Total tests run: 1, Passes: 1, Failures: 0, Skips: 0
===============================================

