>> Console logging redirected to data/console.log
Continuing with Existing Master Data due to threshold value:160725-150725-ThreSld->3
Launching Driver...
SLF4J(W): No SLF4J providers were found.
SLF4J(W): Defaulting to no-operation (NOP) logger implementation
SLF4J(W): See https://www.slf4j.org/codes.html#noProviders for further details.
Jul 16, 2025 7:06:17 PM org.openqa.selenium.devtools.CdpVersionFinder findNearestMatch
WARNING: Unable to find an exact match for CDP version 138, returning the closest version; found: 137; Please update to a Selenium version that supports CDP version 138
Error Index 1 out of bounds for length 1
Jul 16, 2025 7:06:19 PM base.LogResults createLogs
INFO: PASS - Step 1: Application loaded successfully.
Jul 16, 2025 7:06:23 PM base.LogResults createLogs
INFO: PASS - Step 2: Company code entered successfully.AZPK
Jul 16, 2025 7:06:24 PM base.LogResults createLogs
INFO: PASS - Step 3: Clicked 'Login with Password' successfully.
Jul 16, 2025 7:06:28 PM base.LogResults createLogs
INFO: PASS - Step 4: Sign-in section appeared.
Jul 16, 2025 7:06:28 PM base.LogResults createLogs
INFO: PASS - Step 5: Username entered.AutoE150725091521@mailinator.com
Jul 16, 2025 7:06:28 PM base.LogResults createLogs
INFO: PASS - Step 6: Password entered.Pramod@1234
Jul 16, 2025 7:06:28 PM base.LogResults createLogs
INFO: PASS - Step 7: Captcha entered.12345
Jul 16, 2025 7:06:29 PM base.LogResults createLogs
INFO: PASS - Step 8: Sign-in button clicked.
Jul 16, 2025 7:06:32 PM base.LogResults createLogs
INFO: PASS - Step 9: Login validated successfully.
Jul 16, 2025 7:06:32 PM base.LogResults createLogs
INFO: PASS - Login Done Successfully: 
Jul 16, 2025 7:06:35 PM base.LogResults createLogs
INFO: PASS - FileButton Clicked Successfully: 
Jul 16, 2025 7:06:36 PM base.LogResults createLogs
INFO: PASS - UploadFile Clicked Successfully: 
Jul 16, 2025 7:06:49 PM base.LogResults createLogs
INFO: PASS - File Selected Successfully: ./data/Files/TestFile1.pdf
Jul 16, 2025 7:06:54 PM base.LogResults createLogs
INFO: PASS - Company FileTag Selected Successfully: Appraisal 
Jul 16, 2025 7:06:54 PM base.LogResults createLogs
INFO: PASS - Date Selected Successfully: 
Jul 16, 2025 7:06:55 PM base.LogResults createLogs
INFO: PASS - Month Selected Successfully: 
Jul 16, 2025 7:06:55 PM base.LogResults createLogs
INFO: PASS - Day Selected Successfully: 
Jul 16, 2025 7:06:55 PM base.LogResults createLogs
INFO: PASS - Upload FileSave Button Clicked Successfully: 
Jul 16, 2025 7:06:57 PM base.LogResults createLogs
INFO: PASS - UploadFile Clicked Successfully: 
