>> Console logging redirected to data/console.log
Deleted: E:\MeghPiFw\MeghPIreports\RunID-21-08-25_17_16_41\AllReports.html
Deleted: E:\MeghPiFw\MeghPIreports\RunID-21-08-25_17_16_41\chromeMeghLoginTest-Logs.txt
Deleted: E:\MeghPiFw\MeghPIreports\RunID-21-08-25_17_16_41\chromeMeghLoginTest.html
Deleted: E:\MeghPiFw\MeghPIreports\RunID-21-08-25_17_16_41\Dashboard.html
Deleted: E:\MeghPiFw\MeghPIreports\RunID-21-08-25_17_16_41\screenshot\21-08-2025-051646.png
Deleted: E:\MeghPiFw\MeghPIreports\RunID-21-08-25_17_16_41\screenshot\21-08-2025-051651.png
Deleted: E:\MeghPiFw\MeghPIreports\RunID-21-08-25_17_16_41\screenshot\21-08-2025-051654.png
Deleted: E:\MeghPiFw\MeghPIreports\RunID-21-08-25_17_16_41\screenshot\21-08-2025-051656.png
Deleted: E:\MeghPiFw\MeghPIreports\RunID-21-08-25_17_16_41\screenshot\21-08-2025-051658.png
Deleted: E:\MeghPiFw\MeghPIreports\RunID-21-08-25_17_16_41\screenshot\21-08-2025-051700.png
Deleted: E:\MeghPiFw\MeghPIreports\RunID-21-08-25_17_16_41\screenshot\21-08-2025-051703.png
Deleted: E:\MeghPiFw\MeghPIreports\RunID-21-08-25_17_16_41\screenshot\21-08-2025-051705.png
Deleted: E:\MeghPiFw\MeghPIreports\RunID-21-08-25_17_16_41\screenshot\21-08-2025-051707.png
Deleted: E:\MeghPiFw\MeghPIreports\RunID-21-08-25_17_16_41\screenshot\21-08-2025-051709.png
Deleted: E:\MeghPiFw\MeghPIreports\RunID-21-08-25_17_16_41\screenshot\21-08-2025-051716.png
Deleted: E:\MeghPiFw\MeghPIreports\RunID-21-08-25_17_16_41\screenshot\21-08-2025-051721.png
Deleted: E:\MeghPiFw\MeghPIreports\RunID-21-08-25_17_16_41\screenshot\21-08-2025-051723.png
Deleted: E:\MeghPiFw\MeghPIreports\RunID-21-08-25_17_16_41\screenshot\21-08-2025-051725.png
Deleted: E:\MeghPiFw\MeghPIreports\RunID-21-08-25_17_16_41\screenshot\21-08-2025-051728.png
Deleted: E:\MeghPiFw\MeghPIreports\RunID-21-08-25_17_16_41\screenshot\21-08-2025-051732.png
Deleted: E:\MeghPiFw\MeghPIreports\RunID-21-08-25_17_16_41\screenshot\21-08-2025-051736.png
Deleted: E:\MeghPiFw\MeghPIreports\RunID-21-08-25_17_16_41\screenshot\21-08-2025-051739.png
Deleted: E:\MeghPiFw\MeghPIreports\RunID-21-08-25_17_16_41\screenshot\21-08-2025-051741.png
Deleted: E:\MeghPiFw\MeghPIreports\RunID-21-08-25_17_16_41\screenshot\21-08-2025-051749.png
Deleted: E:\MeghPiFw\MeghPIreports\RunID-21-08-25_17_16_41\screenshot\21-08-2025-051752.png
Deleted: E:\MeghPiFw\MeghPIreports\RunID-21-08-25_17_16_41\screenshot\21-08-2025-051754.png
Deleted: E:\MeghPiFw\MeghPIreports\RunID-21-08-25_17_16_41\screenshot\21-08-2025-051800.png
Deleted: E:\MeghPiFw\MeghPIreports\RunID-21-08-25_17_16_41\screenshot\21-08-2025-051802.png
Deleted: E:\MeghPiFw\MeghPIreports\RunID-21-08-25_17_16_41\screenshot\21-08-2025-051804.png
Deleted: E:\MeghPiFw\MeghPIreports\RunID-21-08-25_17_16_41\screenshot\21-08-2025-051807.png
Deleted: E:\MeghPiFw\MeghPIreports\RunID-21-08-25_17_16_41\screenshot\21-08-2025-051809.png
Deleted: E:\MeghPiFw\MeghPIreports\RunID-21-08-25_17_16_41\screenshot\21-08-2025-051811.png
Deleted: E:\MeghPiFw\MeghPIreports\RunID-21-08-25_17_16_41\screenshot\21-08-2025-051815.png
Deleted: E:\MeghPiFw\MeghPIreports\RunID-21-08-25_17_16_41\screenshot\21-08-2025-051818.png
Deleted: E:\MeghPiFw\MeghPIreports\RunID-21-08-25_17_16_41\screenshot\21-08-2025-051820.png
Deleted: E:\MeghPiFw\MeghPIreports\RunID-21-08-25_17_16_41\screenshot\21-08-2025-051826.png
Deleted: E:\MeghPiFw\MeghPIreports\RunID-21-08-25_17_16_41\screenshot\21-08-2025-051832.png
Deleted: E:\MeghPiFw\MeghPIreports\RunID-21-08-25_17_16_41\screenshot\21-08-2025-051845.png
Deleted: E:\MeghPiFw\MeghPIreports\RunID-21-08-25_17_16_41\screenshot\21-08-2025-051847.png
Deleted: E:\MeghPiFw\MeghPIreports\RunID-21-08-25_17_16_41\screenshot\21-08-2025-051850.png
Deleted: E:\MeghPiFw\MeghPIreports\RunID-21-08-25_17_16_41\screenshot\21-08-2025-051852.png
Deleted: E:\MeghPiFw\MeghPIreports\RunID-21-08-25_17_16_41\screenshot\21-08-2025-051854.png
Deleted: E:\MeghPiFw\MeghPIreports\RunID-21-08-25_17_16_41\screenshot\21-08-2025-051856.png
Deleted: E:\MeghPiFw\MeghPIreports\RunID-21-08-25_17_16_41\screenshot\21-08-2025-051858.png
Deleted: E:\MeghPiFw\MeghPIreports\RunID-21-08-25_17_16_41\screenshot\21-08-2025-051904.png
Deleted: E:\MeghPiFw\MeghPIreports\RunID-21-08-25_17_16_41\screenshot\21-08-2025-051906.png
Deleted: E:\MeghPiFw\MeghPIreports\RunID-21-08-25_17_16_41\screenshot\21-08-2025-051910.png
Deleted: E:\MeghPiFw\MeghPIreports\RunID-21-08-25_17_16_41\screenshot\21-08-2025-051913.png
Deleted: E:\MeghPiFw\MeghPIreports\RunID-21-08-25_17_16_41\screenshot\21-08-2025-051919.png
Deleted: E:\MeghPiFw\MeghPIreports\RunID-21-08-25_17_16_41\screenshot\21-08-2025-051921.png
Deleted: E:\MeghPiFw\MeghPIreports\RunID-21-08-25_17_16_41\screenshot\21-08-2025-051927.png
Deleted: E:\MeghPiFw\MeghPIreports\RunID-21-08-25_17_16_41\screenshot\21-08-2025-051930.png
Deleted: E:\MeghPiFw\MeghPIreports\RunID-21-08-25_17_16_41\screenshot\21-08-2025-051932.png
Deleted: E:\MeghPiFw\MeghPIreports\RunID-21-08-25_17_16_41\screenshot\21-08-2025-051934.png
Deleted: E:\MeghPiFw\MeghPIreports\RunID-21-08-25_17_16_41\screenshot\21-08-2025-051936.png
Deleted: E:\MeghPiFw\MeghPIreports\RunID-21-08-25_17_16_41\screenshot\21-08-2025-051939.png
Deleted: E:\MeghPiFw\MeghPIreports\RunID-21-08-25_17_16_41\screenshot\21-08-2025-051943.png
Deleted: E:\MeghPiFw\MeghPIreports\RunID-21-08-25_17_16_41\screenshot\21-08-2025-051945.png
Deleted: E:\MeghPiFw\MeghPIreports\RunID-21-08-25_17_16_41\screenshot\21-08-2025-051947.png
Deleted: E:\MeghPiFw\MeghPIreports\RunID-21-08-25_17_16_41\screenshot\21-08-2025-051955.png
Deleted: E:\MeghPiFw\MeghPIreports\RunID-21-08-25_17_16_41\screenshot\21-08-2025-051958.png
Deleted: E:\MeghPiFw\MeghPIreports\RunID-21-08-25_17_16_41\screenshot\21-08-2025-052000.png
Deleted: E:\MeghPiFw\MeghPIreports\RunID-21-08-25_17_16_41\screenshot\21-08-2025-052002.png
Deleted: E:\MeghPiFw\MeghPIreports\RunID-21-08-25_17_16_41\screenshot\21-08-2025-052008.png
Deleted: E:\MeghPiFw\MeghPIreports\RunID-21-08-25_17_16_41\screenshot\21-08-2025-052011.png
Deleted: E:\MeghPiFw\MeghPIreports\RunID-21-08-25_17_16_41\screenshot\21-08-2025-052017.png
Deleted: E:\MeghPiFw\MeghPIreports\RunID-21-08-25_17_16_41\screenshot\21-08-2025-052019.png
Deleted: E:\MeghPiFw\MeghPIreports\RunID-21-08-25_17_16_41\screenshot\21-08-2025-052025.png
Deleted: E:\MeghPiFw\MeghPIreports\RunID-21-08-25_17_16_41\screenshot\21-08-2025-052028.png
Deleted: E:\MeghPiFw\MeghPIreports\RunID-21-08-25_17_16_41\screenshot\21-08-2025-052034.png
Deleted: E:\MeghPiFw\MeghPIreports\RunID-21-08-25_17_16_41\screenshot\21-08-2025-052036.png
Deleted: E:\MeghPiFw\MeghPIreports\RunID-21-08-25_17_16_41\screenshot\21-08-2025-052038.png
Deleted: E:\MeghPiFw\MeghPIreports\RunID-21-08-25_17_16_41\screenshot\21-08-2025-052041.png
Deleted: E:\MeghPiFw\MeghPIreports\RunID-21-08-25_17_16_41\screenshot\21-08-2025-052043.png
Deleted: E:\MeghPiFw\MeghPIreports\RunID-21-08-25_17_16_41\screenshot\21-08-2025-052047.png
Deleted: E:\MeghPiFw\MeghPIreports\RunID-21-08-25_17_16_41\screenshot\21-08-2025-052049.png
Deleted: E:\MeghPiFw\MeghPIreports\RunID-21-08-25_17_16_41\screenshot\21-08-2025-052105.png
Deleted: E:\MeghPiFw\MeghPIreports\RunID-21-08-25_17_16_41\screenshot\21-08-2025-052107.png
Deleted: E:\MeghPiFw\MeghPIreports\RunID-21-08-25_17_16_41\screenshot\21-08-2025-052109.png
Deleted: E:\MeghPiFw\MeghPIreports\RunID-21-08-25_17_16_41\screenshot\21-08-2025-052112.png
Deleted: E:\MeghPiFw\MeghPIreports\RunID-21-08-25_17_16_41\screenshot\21-08-2025-052114.png
Deleted: E:\MeghPiFw\MeghPIreports\RunID-21-08-25_17_16_41\screenshot\21-08-2025-052120.png
Deleted: E:\MeghPiFw\MeghPIreports\RunID-21-08-25_17_16_41\screenshot\21-08-2025-052123.png
Deleted: E:\MeghPiFw\MeghPIreports\RunID-21-08-25_17_16_41\screenshot\21-08-2025-052125.png
Deleted: E:\MeghPiFw\MeghPIreports\RunID-21-08-25_17_16_41\screenshot\21-08-2025-052131.png
Deleted: E:\MeghPiFw\MeghPIreports\RunID-21-08-25_17_16_41\screenshot\21-08-2025-052137.png
Deleted: E:\MeghPiFw\MeghPIreports\RunID-21-08-25_17_16_41\screenshot\21-08-2025-052140.png
Deleted: E:\MeghPiFw\MeghPIreports\RunID-21-08-25_17_16_41\screenshot\21-08-2025-052142.png
Deleted: E:\MeghPiFw\MeghPIreports\RunID-21-08-25_17_16_41\screenshot\21-08-2025-052144.png
Deleted: E:\MeghPiFw\MeghPIreports\RunID-21-08-25_17_16_41\screenshot\21-08-2025-052146.png
Deleted: E:\MeghPiFw\MeghPIreports\RunID-21-08-25_17_16_41\screenshot\21-08-2025-052149.png
Deleted: E:\MeghPiFw\MeghPIreports\RunID-21-08-25_17_16_41\screenshot\21-08-2025-052151.png
Deleted: E:\MeghPiFw\MeghPIreports\RunID-21-08-25_17_16_41\screenshot\21-08-2025-052153.png
Deleted: E:\MeghPiFw\MeghPIreports\RunID-21-08-25_17_16_41\screenshot\21-08-2025-052155.png
Deleted: E:\MeghPiFw\MeghPIreports\RunID-21-08-25_17_16_41\screenshot\21-08-2025-052158.png
Deleted: E:\MeghPiFw\MeghPIreports\RunID-21-08-25_17_16_41\screenshot\21-08-2025-052200.png
Deleted: E:\MeghPiFw\MeghPIreports\RunID-21-08-25_17_16_41\screenshot\21-08-2025-052206.png
Deleted: E:\MeghPiFw\MeghPIreports\RunID-21-08-25_17_16_41\screenshot\21-08-2025-052208.png
Deleted: E:\MeghPiFw\MeghPIreports\RunID-21-08-25_17_16_41\screenshot\21-08-2025-052211.png
Deleted: E:\MeghPiFw\MeghPIreports\RunID-21-08-25_17_16_41\screenshot\21-08-2025-052213.png
Deleted: E:\MeghPiFw\MeghPIreports\RunID-21-08-25_17_16_41\screenshot\21-08-2025-052218.png
Deleted: E:\MeghPiFw\MeghPIreports\RunID-21-08-25_17_16_41\screenshot\21-08-2025-052220.png
Deleted: E:\MeghPiFw\MeghPIreports\RunID-21-08-25_17_16_41\screenshot\21-08-2025-052223.png
Deleted: E:\MeghPiFw\MeghPIreports\RunID-21-08-25_17_16_41\screenshot\21-08-2025-052233.png
Deleted: E:\MeghPiFw\MeghPIreports\RunID-21-08-25_17_16_41\screenshot\21-08-2025-052235.png
Deleted: E:\MeghPiFw\MeghPIreports\RunID-21-08-25_17_16_41\screenshot\21-08-2025-052241.png
Deleted: E:\MeghPiFw\MeghPIreports\RunID-21-08-25_17_16_41\screenshot\21-08-2025-052246.png
Deleted: E:\MeghPiFw\MeghPIreports\RunID-21-08-25_17_16_41\screenshot\21-08-2025-052251.png
Deleted: E:\MeghPiFw\MeghPIreports\RunID-21-08-25_17_16_41\screenshot\21-08-2025-052256.png
Deleted: E:\MeghPiFw\MeghPIreports\RunID-21-08-25_17_16_41\screenshot\21-08-2025-052302.png
Deleted: E:\MeghPiFw\MeghPIreports\RunID-21-08-25_17_16_41\screenshot\21-08-2025-052304.png
Deleted: E:\MeghPiFw\MeghPIreports\RunID-21-08-25_17_16_41\screenshot\21-08-2025-052306.png
Deleted: E:\MeghPiFw\MeghPIreports\RunID-21-08-25_17_16_41\screenshot\21-08-2025-052311.png
Deleted: E:\MeghPiFw\MeghPIreports\RunID-21-08-25_17_16_41\screenshot\21-08-2025-052314.png
Deleted: E:\MeghPiFw\MeghPIreports\RunID-21-08-25_17_16_41\screenshot\21-08-2025-052316.png
Deleted: E:\MeghPiFw\MeghPIreports\RunID-21-08-25_17_16_41\screenshot\21-08-2025-052332.png
Deleted: E:\MeghPiFw\MeghPIreports\RunID-21-08-25_17_16_41\screenshot\21-08-2025-052334.png
Deleted: E:\MeghPiFw\MeghPIreports\RunID-21-08-25_17_16_41\screenshot\21-08-2025-052342.png
Deleted: E:\MeghPiFw\MeghPIreports\RunID-21-08-25_17_16_41\screenshot\21-08-2025-052348.png
Deleted: E:\MeghPiFw\MeghPIreports\RunID-21-08-25_17_16_41\screenshot\21-08-2025-052351.png
Deleted: E:\MeghPiFw\MeghPIreports\RunID-21-08-25_17_16_41\screenshot\21-08-2025-052353.png
Deleted: E:\MeghPiFw\MeghPIreports\RunID-21-08-25_17_16_41\screenshot\21-08-2025-052355.png
Deleted: E:\MeghPiFw\MeghPIreports\RunID-21-08-25_17_16_41\screenshot\21-08-2025-052401.png
Deleted: E:\MeghPiFw\MeghPIreports\RunID-21-08-25_17_16_41\screenshot\21-08-2025-052404.png
Deleted: E:\MeghPiFw\MeghPIreports\RunID-21-08-25_17_16_41\screenshot\21-08-2025-052409.png
Deleted: E:\MeghPiFw\MeghPIreports\RunID-21-08-25_17_16_41\screenshot\21-08-2025-052411.png
Deleted: E:\MeghPiFw\MeghPIreports\RunID-21-08-25_17_16_41\screenshot\21-08-2025-052413.png
Deleted: E:\MeghPiFw\MeghPIreports\RunID-21-08-25_17_16_41\screenshot\21-08-2025-052416.png
Deleted: E:\MeghPiFw\MeghPIreports\RunID-21-08-25_17_16_41\screenshot\21-08-2025-052420.png
Deleted: E:\MeghPiFw\MeghPIreports\RunID-21-08-25_17_16_41\screenshot\21-08-2025-052422.png
Deleted: E:\MeghPiFw\MeghPIreports\RunID-21-08-25_17_16_41\screenshot\21-08-2025-052424.png
Deleted: E:\MeghPiFw\MeghPIreports\RunID-21-08-25_17_16_41\screenshot\21-08-2025-052433.png
Deleted: E:\MeghPiFw\MeghPIreports\RunID-21-08-25_17_16_41\screenshot\21-08-2025-052435.png
Deleted: E:\MeghPiFw\MeghPIreports\RunID-21-08-25_17_16_41\screenshot\21-08-2025-052457.png
Deleted: E:\MeghPiFw\MeghPIreports\RunID-21-08-25_17_16_41\screenshot\21-08-2025-052503.png
Deleted: E:\MeghPiFw\MeghPIreports\RunID-21-08-25_17_16_41\screenshot\21-08-2025-052505.png
Deleted: E:\MeghPiFw\MeghPIreports\RunID-21-08-25_17_16_41\screenshot\21-08-2025-052507.png
Deleted: E:\MeghPiFw\MeghPIreports\RunID-21-08-25_17_16_41\screenshot\21-08-2025-052510.png
Deleted: E:\MeghPiFw\MeghPIreports\RunID-21-08-25_17_16_41\screenshot\21-08-2025-052512.png
Deleted: E:\MeghPiFw\MeghPIreports\RunID-21-08-25_17_16_41\screenshot\21-08-2025-052519.png
Deleted: E:\MeghPiFw\MeghPIreports\RunID-21-08-25_17_38_19\AllReports.html
Deleted: E:\MeghPiFw\MeghPIreports\RunID-21-08-25_17_38_19\chromeMeghLeaveTest-Logs.txt
Deleted: E:\MeghPiFw\MeghPIreports\RunID-21-08-25_17_38_19\chromeMeghLeaveTest.html
Deleted: E:\MeghPiFw\MeghPIreports\RunID-21-08-25_17_38_19\Dashboard.html
Deleted: E:\MeghPiFw\MeghPIreports\RunID-21-08-25_17_39_10\AllReports.html
Deleted: E:\MeghPiFw\MeghPIreports\RunID-21-08-25_17_39_10\chromeMeghLeaveTest-Logs.txt
Deleted: E:\MeghPiFw\MeghPIreports\RunID-21-08-25_17_39_10\chromeMeghLeaveTest.html
Deleted: E:\MeghPiFw\MeghPIreports\RunID-21-08-25_17_39_10\Dashboard.html
Deleted: E:\MeghPiFw\MeghPIreports\RunID-21-08-25_17_39_10\screenshot\21-08-2025-053914.png
Deleted: E:\MeghPiFw\MeghPIreports\RunID-21-08-25_17_39_10\screenshot\21-08-2025-053920.png
Deleted: E:\MeghPiFw\MeghPIreports\RunID-21-08-25_17_39_10\screenshot\21-08-2025-053922.png
Deleted: E:\MeghPiFw\MeghPIreports\RunID-21-08-25_17_39_10\screenshot\21-08-2025-053929.png
Deleted: E:\MeghPiFw\MeghPIreports\RunID-21-08-25_17_39_10\screenshot\21-08-2025-053931.png
Deleted: E:\MeghPiFw\MeghPIreports\RunID-21-08-25_17_39_10\screenshot\21-08-2025-053933.png
Deleted: E:\MeghPiFw\MeghPIreports\RunID-21-08-25_17_39_10\screenshot\21-08-2025-053935.png
Deleted: E:\MeghPiFw\MeghPIreports\RunID-21-08-25_17_39_10\screenshot\21-08-2025-053938.png
Deleted: E:\MeghPiFw\MeghPIreports\RunID-21-08-25_17_39_10\screenshot\21-08-2025-054005.png
Deleted: E:\MeghPiFw\MeghPIreports\RunID-21-08-25_17_39_10\screenshot\21-08-2025-054008.png
Launching Driver...
SLF4J(W): No SLF4J providers were found.
SLF4J(W): Defaulting to no-operation (NOP) logger implementation
SLF4J(W): See https://www.slf4j.org/codes.html#noProviders for further details.
Aug 26, 2025 5:42:19 PM org.openqa.selenium.devtools.CdpVersionFinder findNearestMatch
WARNING: Unable to find an exact match for CDP version 139, returning the closest version; found: 137; Please update to a Selenium version that supports CDP version 139
(1386, 788)
Aug 26, 2025 5:42:22 PM base.LogResults createLogs
INFO: PASS -  Application loaded successfully.
Aug 26, 2025 5:42:29 PM base.LogResults createLogs
INFO: PASS -  Company code entered successfully.
Aug 26, 2025 5:42:31 PM base.LogResults createLogs
INFO: PASS - Clicked On 'Login with Password' successfully.
Aug 26, 2025 5:43:24 PM base.LogResults createLogs
INFO: FAIL - Login Is Failed: Sign-in section load failed: Sign-in section not displayed.
Aug 26, 2025 5:43:37 PM base.LogResults createLogs
INFO: FAIL - Error While Clicking On  Attendane Module: no such element: Unable to locate element: {"method":"xpath","selector":"(//p[text()='Attendance'])[1]"}
  (Session info: chrome=139.0.7258.128)
For documentation on this error, please visit: https://www.selenium.dev/documentation/webdriver/troubleshooting/errors#no-such-element-exception
Build info: version: '4.28.0', revision: 'ac342546e9'
System info: os.name: 'Windows 10', os.arch: 'amd64', os.version: '10.0', java.version: '17.0.11'
Driver info: org.openqa.selenium.chrome.ChromeDriver
Command: [ba576dcd342a87443f5196d3d16b6d68, findElement {using=xpath, value=(//p[text()='Attendance'])[1]}]
Capabilities {acceptInsecureCerts: true, browserName: chrome, browserVersion: 139.0.7258.128, chrome: {chromedriverVersion: 139.0.7258.138 (884e54ea8d4..., userDataDir: C:\Users\Pramod.C\AppData\L...}, fedcm:accounts: true, goog:chromeOptions: {debuggerAddress: localhost:65064}, networkConnectionEnabled: false, pageLoadStrategy: none, platformName: windows, proxy: Proxy(), se:cdp: ws://localhost:65064/devtoo..., se:cdpVersion: 139.0.7258.128, setWindowRect: true, strictFileInteractability: false, timeouts: {implicit: 0, pageLoad: 300000, script: 30000}, unhandledPromptBehavior: dismiss and notify, webauthn:extension:credBlob: true, webauthn:extension:largeBlob: true, webauthn:extension:minPinLength: true, webauthn:extension:prf: true, webauthn:virtualAuthenticators: true}
Session ID: ba576dcd342a87443f5196d3d16b6d68
Aug 26, 2025 5:43:49 PM base.LogResults createLogs
INFO: PASS -  Attendance Page Loaded Successfully: 
Aug 26, 2025 5:44:01 PM base.LogResults createLogs
INFO: FAIL - Error While Clicking On Apply Regularization Button: no such element: Unable to locate element: {"method":"xpath","selector":"//button[text()='Apply Regularization']"}
  (Session info: chrome=139.0.7258.128)
For documentation on this error, please visit: https://www.selenium.dev/documentation/webdriver/troubleshooting/errors#no-such-element-exception
Build info: version: '4.28.0', revision: 'ac342546e9'
System info: os.name: 'Windows 10', os.arch: 'amd64', os.version: '10.0', java.version: '17.0.11'
Driver info: org.openqa.selenium.chrome.ChromeDriver
Command: [ba576dcd342a87443f5196d3d16b6d68, findElement {using=xpath, value=//button[text()='Apply Regularization']}]
Capabilities {acceptInsecureCerts: true, browserName: chrome, browserVersion: 139.0.7258.128, chrome: {chromedriverVersion: 139.0.7258.138 (884e54ea8d4..., userDataDir: C:\Users\Pramod.C\AppData\L...}, fedcm:accounts: true, goog:chromeOptions: {debuggerAddress: localhost:65064}, networkConnectionEnabled: false, pageLoadStrategy: none, platformName: windows, proxy: Proxy(), se:cdp: ws://localhost:65064/devtoo..., se:cdpVersion: 139.0.7258.128, setWindowRect: true, strictFileInteractability: false, timeouts: {implicit: 0, pageLoad: 300000, script: 30000}, unhandledPromptBehavior: dismiss and notify, webauthn:extension:credBlob: true, webauthn:extension:largeBlob: true, webauthn:extension:minPinLength: true, webauthn:extension:prf: true, webauthn:virtualAuthenticators: true}
Session ID: ba576dcd342a87443f5196d3d16b6d68
Aug 26, 2025 5:44:14 PM base.LogResults createLogs
INFO: FAIL - Error While Clicking On Apply Regularization For Others Button: no such element: Unable to locate element: {"method":"xpath","selector":"//a[text()='Regularization for Others']"}
  (Session info: chrome=139.0.7258.128)
For documentation on this error, please visit: https://www.selenium.dev/documentation/webdriver/troubleshooting/errors#no-such-element-exception
Build info: version: '4.28.0', revision: 'ac342546e9'
System info: os.name: 'Windows 10', os.arch: 'amd64', os.version: '10.0', java.version: '17.0.11'
Driver info: org.openqa.selenium.chrome.ChromeDriver
Command: [ba576dcd342a87443f5196d3d16b6d68, findElement {using=xpath, value=//a[text()='Regularization for Others']}]
Capabilities {acceptInsecureCerts: true, browserName: chrome, browserVersion: 139.0.7258.128, chrome: {chromedriverVersion: 139.0.7258.138 (884e54ea8d4..., userDataDir: C:\Users\Pramod.C\AppData\L...}, fedcm:accounts: true, goog:chromeOptions: {debuggerAddress: localhost:65064}, networkConnectionEnabled: false, pageLoadStrategy: none, platformName: windows, proxy: Proxy(), se:cdp: ws://localhost:65064/devtoo..., se:cdpVersion: 139.0.7258.128, setWindowRect: true, strictFileInteractability: false, timeouts: {implicit: 0, pageLoad: 300000, script: 30000}, unhandledPromptBehavior: dismiss and notify, webauthn:extension:credBlob: true, webauthn:extension:largeBlob: true, webauthn:extension:minPinLength: true, webauthn:extension:prf: true, webauthn:virtualAuthenticators: true}
Session ID: ba576dcd342a87443f5196d3d16b6d68
Aug 26, 2025 5:44:26 PM base.LogResults createLogs
INFO: FAIL - Error While Clicking On Employee Selection DropDown: no such element: Unable to locate element: {"method":"xpath","selector":"//span[@id='select2-drpEntityQuickOther-container']"}
  (Session info: chrome=139.0.7258.128)
For documentation on this error, please visit: https://www.selenium.dev/documentation/webdriver/troubleshooting/errors#no-such-element-exception
Build info: version: '4.28.0', revision: 'ac342546e9'
System info: os.name: 'Windows 10', os.arch: 'amd64', os.version: '10.0', java.version: '17.0.11'
Driver info: org.openqa.selenium.chrome.ChromeDriver
Command: [ba576dcd342a87443f5196d3d16b6d68, findElement {using=xpath, value=//span[@id='select2-drpEntityQuickOther-container']}]
Capabilities {acceptInsecureCerts: true, browserName: chrome, browserVersion: 139.0.7258.128, chrome: {chromedriverVersion: 139.0.7258.138 (884e54ea8d4..., userDataDir: C:\Users\Pramod.C\AppData\L...}, fedcm:accounts: true, goog:chromeOptions: {debuggerAddress: localhost:65064}, networkConnectionEnabled: false, pageLoadStrategy: none, platformName: windows, proxy: Proxy(), se:cdp: ws://localhost:65064/devtoo..., se:cdpVersion: 139.0.7258.128, setWindowRect: true, strictFileInteractability: false, timeouts: {implicit: 0, pageLoad: 300000, script: 30000}, unhandledPromptBehavior: dismiss and notify, webauthn:extension:credBlob: true, webauthn:extension:largeBlob: true, webauthn:extension:minPinLength: true, webauthn:extension:prf: true, webauthn:virtualAuthenticators: true}
Session ID: ba576dcd342a87443f5196d3d16b6d68
Aug 26, 2025 5:44:26 PM base.LogResults createLogs
INFO: FAIL - Skipping rest steps as error count reached configured value : 5
Aug 26, 2025 5:44:26 PM base.LogResults onlyLog
INFO: Failed - MeghPIGSAttendanceTest-MPI_637_Normal_Attendance_09-Check the status after the employee raises a regularization request for an absent day and it is approved. 
---------------------------------------------------------------
MeghPIGSAttendanceTestMPI_637_Normal_Attendance_09
Aug 26, 2025 5:44:26 PM base.LogResults onlyLog
INFO: Total Pass : 0 Total Fail : 1  Total TC : 1
---------------------------------------------------------------
Test case took: 127.0246 seconds
Total TC Time: 00:02:07

===============================================
Suite
Total tests run: 1, Passes: 0, Failures: 0, Skips: 1
===============================================

