>> Console logging redirected to data/console.log
Launching Driver... 2025-12-15 14:13:42
SLF4J(W): No SLF4J providers were found.
SLF4J(W): Defaulting to no-operation (NOP) logger implementation
SLF4J(W): See https://www.slf4j.org/codes.html#noProviders for further details.
Dec 15, 2025 2:13:44 PM org.openqa.selenium.devtools.CdpVersionFinder findNearestMatch
WARNING: Unable to find an exact match for CDP version 143, returning the closest version; found: 139; Please update to a Selenium version that supports CDP version 143
(1386, 788)
Report Folder : http://192.168.6.201:8002/RunID-15-12-25-14-13-42-companymodules
The total TS are : 8
Expected Month: November 2025
UI Month: December 2025
UI Month: November 2025
Fallback JS click performed.
---------------------------------------------------------------
MeghPIEmpTotalLeaveTakenReportsTestMPI_1838_EmpTotalLeaveTakenApproved_Reports_01
---------------------------------------------------------------
Test case took: 245.6617 seconds
Total TC Time: 00:04:05

===============================================
Suite
Total tests run: 1, Passes: 1, Failures: 0, Skips: 0
===============================================

