>> Console logging redirected to data/console.log
Continuing with Existing Master Data due to threshold value:150725-150725-ThreSld->3
Launching Driver...
SLF4J(W): No SLF4J providers were found.
SLF4J(W): Defaulting to no-operation (NOP) logger implementation
SLF4J(W): See https://www.slf4j.org/codes.html#noProviders for further details.
Jul 15, 2025 7:20:36 PM org.openqa.selenium.devtools.CdpVersionFinder findNearestMatch
WARNING: Unable to find an exact match for CDP version 138, returning the closest version; found: 137; Please update to a Selenium version that supports CDP version 138
Jul 15, 2025 7:20:37 PM base.LogResults createLogs
INFO: PASS - Step 1: Application loaded successfully.
Jul 15, 2025 7:20:41 PM base.LogResults createLogs
INFO: PASS - Step 2: Company code entered successfully.ASJL
Jul 15, 2025 7:20:42 PM base.LogResults createLogs
INFO: PASS - Step 3: Clicked 'Login with Password' successfully.
Jul 15, 2025 7:20:46 PM base.LogResults createLogs
INFO: PASS - Step 4: Sign-in section appeared.
Jul 15, 2025 7:20:46 PM base.LogResults createLogs
INFO: PASS - Step 5: Username entered.AutoE150725142816@mailinator.com
Jul 15, 2025 7:20:46 PM base.LogResults createLogs
INFO: PASS - Step 6: Password entered.Pramod@1234
Jul 15, 2025 7:20:46 PM base.LogResults createLogs
INFO: PASS - Step 7: Captcha entered.12345
Jul 15, 2025 7:20:47 PM base.LogResults createLogs
INFO: PASS - Step 8: Sign-in button clicked.
Jul 15, 2025 7:20:49 PM base.LogResults createLogs
INFO: PASS - Step 9: Login validated successfully.
Jul 15, 2025 7:20:49 PM base.LogResults createLogs
INFO: PASS - Login Done Successfully: 
Jul 15, 2025 7:20:54 PM base.LogResults createLogs
INFO: PASS - PolicyIcon Clicked Successfully: 
Jul 15, 2025 7:20:54 PM base.LogResults createLogs
INFO: PASS - PolicyMaster Loaded Successfully: 
Jul 15, 2025 7:20:54 PM base.LogResults createLogs
INFO: PASS - LeaveDropDownFromSideBar Clicked Successfully: 
Jul 15, 2025 7:20:54 PM base.LogResults createLogs
INFO: PASS - LeavePolicyButtonFromSideBar Clicked Successfully: 
Jul 15, 2025 7:21:01 PM base.LogResults createLogs
INFO: PASS - LeavePolicyPageLoaded Successfully: 
Jul 15, 2025 7:21:09 PM base.LogResults createLogs
INFO: PASS - Created Policy Name Inputted Successfully: 
Jul 15, 2025 7:21:13 PM base.LogResults createLogs
INFO: PASS - Created Policy Name Displayed Successfully: 
Jul 15, 2025 7:21:17 PM base.LogResults createLogs
INFO: PASS - Created Policy Edit Icon Clicked Successfully: 
Jul 15, 2025 7:21:26 PM base.LogResults createLogs
INFO: PASS - ActiveCheckBox Clicked Successfully: 
Jul 15, 2025 7:21:26 PM base.LogResults createLogs
INFO: PASS - CreateLeavePolicyButton Clicked Successfully: 
Jul 15, 2025 7:21:33 PM base.LogResults createLogs
INFO: PASS - Yes Button Button Successfully : 
Jul 15, 2025 7:21:39 PM base.LogResults createLogs
INFO: PASS - LeavePolicyPageLoaded Successfully: 
Jul 15, 2025 7:21:42 PM base.LogResults createLogs
INFO: PASS - Created Policy Name Inputted Successfully: 
Jul 15, 2025 7:21:46 PM base.LogResults createLogs
INFO: PASS - Created Policy Name Displayed Successfully: 
Jul 15, 2025 7:21:51 PM base.LogResults createLogs
INFO: PASS - Assigned Emp Count Displayed Successfully: 3
Jul 15, 2025 7:21:56 PM base.LogResults createLogs
INFO: PASS - Directory Button Clicked Successfully: 
Jul 15, 2025 7:21:58 PM base.LogResults createLogs
INFO: PASS - Directory Page Loaded Successfully: 
Jul 15, 2025 7:21:59 PM base.LogResults createLogs
INFO: PASS - Clicked On EmployeeTab Successfully: 
Jul 15, 2025 7:22:00 PM base.LogResults createLogs
INFO: PASS - Directory Page Loaded Successfully: 
Jul 15, 2025 7:22:05 PM base.LogResults createLogs
INFO: PASS - Clicked On Search Text Field And Pass The Created Employee LastName Successfully: 
Jul 15, 2025 7:22:08 PM base.LogResults createLogs
INFO: PASS - Created Employee Displayed Successfully: 
Jul 15, 2025 7:22:08 PM base.LogResults createLogs
INFO: PASS - Successfully Clicked On First Employee Record 3dots: 
Jul 15, 2025 7:22:08 PM base.LogResults createLogs
INFO: PASS - Successfully Clicked On First Employee Record ManageProfileButton: 
