>> Console logging redirected to data/console.log
Continuing with Existing Master Data due to threshold value:120825-120825-ThreSld->3
Launching Driver...
SLF4J(W): No SLF4J providers were found.
SLF4J(W): Defaulting to no-operation (NOP) logger implementation
SLF4J(W): See https://www.slf4j.org/codes.html#noProviders for further details.
Aug 12, 2025 7:51:12 PM org.openqa.selenium.devtools.CdpVersionFinder findNearestMatch
WARNING: Unable to find an exact match for CDP version 138, returning the closest version; found: 137; Please update to a Selenium version that supports CDP version 138
Error Index 1 out of bounds for length 1
Aug 12, 2025 7:51:13 PM base.LogResults createLogs
INFO: PASS - Application Loaded Successfully: 
Aug 12, 2025 7:51:17 PM base.LogResults createLogs
INFO: PASS - Company Code Entered in Text Box: AJZU
Aug 12, 2025 7:51:18 PM base.LogResults createLogs
INFO: PASS - Login With Password Button Is Clicked: 
Aug 12, 2025 7:51:22 PM base.LogResults createLogs
INFO: PASS - Sign in Text Is Displayed: 
Aug 12, 2025 7:51:22 PM base.LogResults createLogs
INFO: PASS - Username Is Entered In Username Text Field: AutoE120825091619@mailinator.com
Aug 12, 2025 7:51:22 PM base.LogResults createLogs
INFO: PASS - Password Is Entered In Password Text Field: Pramod@1234
Aug 12, 2025 7:51:22 PM base.LogResults createLogs
INFO: PASS - Captcha Entered On Captcha Text Field: 12345
Aug 12, 2025 7:51:23 PM base.LogResults createLogs
INFO: PASS - Clicked On Login Button: 
Aug 12, 2025 7:51:25 PM base.LogResults createLogs
INFO: PASS - Login Done  And Validated Successfully: 
Aug 12, 2025 7:51:25 PM base.LogResults createLogs
INFO: PASS - Login Done Successfully: 
Aug 12, 2025 7:51:28 PM base.LogResults createLogs
INFO: PASS - FileButton Clicked Successfully: 
Aug 12, 2025 7:51:30 PM base.LogResults createLogs
INFO: PASS - UploadFile Clicked Successfully: 
Aug 12, 2025 7:51:42 PM base.LogResults createLogs
INFO: PASS - File Selected Successfully: ./data/Files/TestFile1.pdf
Aug 12, 2025 7:51:48 PM base.LogResults createLogs
INFO: PASS - Company FileTag Selected Successfully: Appraisal 
Aug 12, 2025 7:51:48 PM base.LogResults createLogs
INFO: PASS - Date TextField Is Clicked Successfully: 
Aug 12, 2025 7:51:56 PM base.LogResults createLogs
INFO: FAIL - Error While Selecting Month : Error While Selecting Month: element not interactable: Element is not currently visible and may not be manipulated
  (Session info: chrome=138.0.7204.184)
Build info: version: '4.34.0', revision: '707dcb4246*'
System info: os.name: 'Windows 10', os.arch: 'amd64', os.version: '10.0', java.version: '17.0.11'
Driver info: org.openqa.selenium.chrome.ChromeDriver
Command: [a269b8caab72e76a30bffcdffb2557e8, clickElement {id=f.037CD2ACD90DE6ABB89DD7A68868F1AD.d.D844278DB45879D84655559ACE72D718.e.709}]
Capabilities {acceptInsecureCerts: true, browserName: chrome, browserVersion: 138.0.7204.184, chrome: {chromedriverVersion: 138.0.7204.183 (e90faf484dd..., userDataDir: C:\Users\Pramod.C\AppData\L...}, fedcm:accounts: true, goog:chromeOptions: {debuggerAddress: localhost:55999}, networkConnectionEnabled: false, pageLoadStrategy: none, platformName: windows, proxy: Proxy(), se:cdp: ws://localhost:55999/devtoo..., se:cdpVersion: 138.0.7204.184, setWindowRect: true, strictFileInteractability: false, timeouts: {implicit: 0, pageLoad: 300000, script: 30000}, unhandledPromptBehavior: dismiss and notify, webauthn:extension:credBlob: true, webauthn:extension:largeBlob: true, webauthn:extension:minPinLength: true, webauthn:extension:prf: true, webauthn:virtualAuthenticators: true}
Element: [[[[ChromeDriver: chrome on windows (a269b8caab72e76a30bffcdffb2557e8)] -> xpath: (//select[@aria-label='Month'])[14]]] -> xpath: .//option[normalize-space(.) = "December"]]
Session ID: a269b8caab72e76a30bffcdffb2557e8
Aug 12, 2025 7:52:17 PM base.LogResults createLogs
INFO: FAIL - Error While Selecting Day : no such element: Unable to locate element: {"method":"xpath","selector":"//span[@aria-label='December 1, 2025']"}
  (Session info: chrome=138.0.7204.184)
For documentation on this error, please visit: https://www.selenium.dev/documentation/webdriver/troubleshooting/errors#no-such-element-exception
Build info: version: '4.34.0', revision: '707dcb4246*'
System info: os.name: 'Windows 10', os.arch: 'amd64', os.version: '10.0', java.version: '17.0.11'
Driver info: org.openqa.selenium.chrome.ChromeDriver
Command: [a269b8caab72e76a30bffcdffb2557e8, findElement {using=xpath, value=//span[@aria-label='December 1, 2025']}]
Capabilities {acceptInsecureCerts: true, browserName: chrome, browserVersion: 138.0.7204.184, chrome: {chromedriverVersion: 138.0.7204.183 (e90faf484dd..., userDataDir: C:\Users\Pramod.C\AppData\L...}, fedcm:accounts: true, goog:chromeOptions: {debuggerAddress: localhost:55999}, networkConnectionEnabled: false, pageLoadStrategy: none, platformName: windows, proxy: Proxy(), se:cdp: ws://localhost:55999/devtoo..., se:cdpVersion: 138.0.7204.184, setWindowRect: true, strictFileInteractability: false, timeouts: {implicit: 0, pageLoad: 300000, script: 30000}, unhandledPromptBehavior: dismiss and notify, webauthn:extension:credBlob: true, webauthn:extension:largeBlob: true, webauthn:extension:minPinLength: true, webauthn:extension:prf: true, webauthn:virtualAuthenticators: true}
Session ID: a269b8caab72e76a30bffcdffb2557e8
Aug 12, 2025 7:52:17 PM base.LogResults createLogs
INFO: PASS - Upload FileSave Button Clicked Successfully: 
Aug 12, 2025 7:52:20 PM base.LogResults createLogs
INFO: FAIL - Error While Clicking On UploadFile Button: element click intercepted: Element <button style="background:none;" class="btn d-flex align-items-center py-0" id="btnAddEmployeeFiles" data-bs-target="#phEmployeeFilesEditor" data-bs-toggle="modal" data-id="1518" data-name="AutoFNBZFDZNS AutoLNUXDWMI" onclick="mpSystem.admin.employeeFiles.bindEmployeeName(this)">...</button> is not clickable at point (1127, 271). Other element would receive the click: <form id="frmEmployeeFiles">...</form>
  (Session info: chrome=138.0.7204.184)
Build info: version: '4.34.0', revision: '707dcb4246*'
System info: os.name: 'Windows 10', os.arch: 'amd64', os.version: '10.0', java.version: '17.0.11'
Driver info: org.openqa.selenium.chrome.ChromeDriver
Command: [a269b8caab72e76a30bffcdffb2557e8, clickElement {id=f.037CD2ACD90DE6ABB89DD7A68868F1AD.d.D844278DB45879D84655559ACE72D718.e.713}]
Capabilities {acceptInsecureCerts: true, browserName: chrome, browserVersion: 138.0.7204.184, chrome: {chromedriverVersion: 138.0.7204.183 (e90faf484dd..., userDataDir: C:\Users\Pramod.C\AppData\L...}, fedcm:accounts: true, goog:chromeOptions: {debuggerAddress: localhost:55999}, networkConnectionEnabled: false, pageLoadStrategy: none, platformName: windows, proxy: Proxy(), se:cdp: ws://localhost:55999/devtoo..., se:cdpVersion: 138.0.7204.184, setWindowRect: true, strictFileInteractability: false, timeouts: {implicit: 0, pageLoad: 300000, script: 30000}, unhandledPromptBehavior: dismiss and notify, webauthn:extension:credBlob: true, webauthn:extension:largeBlob: true, webauthn:extension:minPinLength: true, webauthn:extension:prf: true, webauthn:virtualAuthenticators: true}
Element: [[ChromeDriver: chrome on windows (a269b8caab72e76a30bffcdffb2557e8)] -> xpath: (//button[@id='btnAddEmployeeFiles'])[2]]
Session ID: a269b8caab72e76a30bffcdffb2557e8
