>> Console logging redirected to data/console.log
Continuing with Existing Master Data due to threshold value:140725-140725-ThreSld->3
Launching Driver...
SLF4J(W): No SLF4J providers were found.
SLF4J(W): Defaulting to no-operation (NOP) logger implementation
SLF4J(W): See https://www.slf4j.org/codes.html#noProviders for further details.
Jul 14, 2025 11:42:33 AM org.openqa.selenium.devtools.CdpVersionFinder findNearestMatch
WARNING: Unable to find an exact match for CDP version 138, returning the closest version; found: 137; Please update to a Selenium version that supports CDP version 138
Jul 14, 2025 11:42:35 AM base.LogResults createLogs
INFO: PASS - Application Loaded Successfully: 
Jul 14, 2025 11:42:39 AM base.LogResults createLogs
INFO: PASS - Company Code Entered in Text Box: AGIB
Jul 14, 2025 11:42:39 AM base.LogResults createLogs
INFO: PASS - Login With Password Button Is Clicked: 
Jul 14, 2025 11:42:43 AM base.LogResults createLogs
INFO: PASS - Sign in Text Is Displayed: 
Jul 14, 2025 11:42:44 AM base.LogResults createLogs
INFO: PASS - Username Is Entered In Username Text Field: AutoE140725101157@mailinator.com
Jul 14, 2025 11:42:44 AM base.LogResults createLogs
INFO: PASS - Password Is Entered In Password Text Field: Pramod@1234
Jul 14, 2025 11:42:44 AM base.LogResults createLogs
INFO: PASS - Captcha Entered On Captcha Text Field: 12345
Jul 14, 2025 11:42:44 AM base.LogResults createLogs
INFO: PASS - Clicked On Login Button: 
Jul 14, 2025 11:42:47 AM base.LogResults createLogs
INFO: PASS - login Validated Successfully: 
Jul 14, 2025 11:42:47 AM base.LogResults createLogs
INFO: PASS - SettingIcon   Clicked Successfully: 
Jul 14, 2025 11:42:47 AM base.LogResults createLogs
INFO: PASS - GeneralSettings   Clicked Successfully: 
Jul 14, 2025 11:42:48 AM base.LogResults createLogs
INFO: PASS - WebEnrollmentSelectOption Selected Successfully: 
Jul 14, 2025 11:42:59 AM base.LogResults createLogs
INFO: FAIL - Error while Selecting WebEnrollmentTypesFace : element not interactable: Element is not currently visible and may not be manipulated
  (Session info: chrome=138.0.7204.101)
Build info: version: '4.34.0', revision: '707dcb4246*'
System info: os.name: 'Windows 10', os.arch: 'amd64', os.version: '10.0', java.version: '17.0.11'
Driver info: org.openqa.selenium.chrome.ChromeDriver
Command: [d19309ee4f76ffc6de1519dc59127bea, clickElement {id=f.7CADCA2E2CAF00C41E7D9AD3D95E59B8.d.1DAD644CAF583C8331B5876B82B6935E.e.523}]
Capabilities {acceptInsecureCerts: true, browserName: chrome, browserVersion: 138.0.7204.101, chrome: {chromedriverVersion: 138.0.7204.94 (545025748884..., userDataDir: C:\Users\Pramod.C\AppData\L...}, fedcm:accounts: true, goog:chromeOptions: {debuggerAddress: localhost:60427}, networkConnectionEnabled: false, pageLoadStrategy: none, platformName: windows, proxy: Proxy(), se:cdp: ws://localhost:60427/devtoo..., se:cdpVersion: 138.0.7204.101, setWindowRect: true, strictFileInteractability: false, timeouts: {implicit: 0, pageLoad: 300000, script: 30000}, unhandledPromptBehavior: dismiss and notify, webauthn:extension:credBlob: true, webauthn:extension:largeBlob: true, webauthn:extension:minPinLength: true, webauthn:extension:prf: true, webauthn:virtualAuthenticators: true}
Element: [[[[ChromeDriver: chrome on windows (d19309ee4f76ffc6de1519dc59127bea)] -> xpath: //select[@id='drpEnrollmentType']]] -> xpath: .//option[normalize-space(.) = "Face"]]
Session ID: d19309ee4f76ffc6de1519dc59127bea
Jul 14, 2025 11:43:09 AM base.LogResults createLogs
INFO: FAIL - Error while Selecting WebEnrollmentTypesCard : element not interactable: Element is not currently visible and may not be manipulated
  (Session info: chrome=138.0.7204.101)
Build info: version: '4.34.0', revision: '707dcb4246*'
System info: os.name: 'Windows 10', os.arch: 'amd64', os.version: '10.0', java.version: '17.0.11'
Driver info: org.openqa.selenium.chrome.ChromeDriver
Command: [d19309ee4f76ffc6de1519dc59127bea, clickElement {id=f.7CADCA2E2CAF00C41E7D9AD3D95E59B8.d.1DAD644CAF583C8331B5876B82B6935E.e.525}]
Capabilities {acceptInsecureCerts: true, browserName: chrome, browserVersion: 138.0.7204.101, chrome: {chromedriverVersion: 138.0.7204.94 (545025748884..., userDataDir: C:\Users\Pramod.C\AppData\L...}, fedcm:accounts: true, goog:chromeOptions: {debuggerAddress: localhost:60427}, networkConnectionEnabled: false, pageLoadStrategy: none, platformName: windows, proxy: Proxy(), se:cdp: ws://localhost:60427/devtoo..., se:cdpVersion: 138.0.7204.101, setWindowRect: true, strictFileInteractability: false, timeouts: {implicit: 0, pageLoad: 300000, script: 30000}, unhandledPromptBehavior: dismiss and notify, webauthn:extension:credBlob: true, webauthn:extension:largeBlob: true, webauthn:extension:minPinLength: true, webauthn:extension:prf: true, webauthn:virtualAuthenticators: true}
Element: [[[[ChromeDriver: chrome on windows (d19309ee4f76ffc6de1519dc59127bea)] -> xpath: //select[@id='drpEnrollmentType']]] -> xpath: .//option[normalize-space(.) = "Card"]]
Session ID: d19309ee4f76ffc6de1519dc59127bea
Jul 14, 2025 11:43:09 AM base.LogResults createLogs
INFO: PASS - SaveChangesButton Clicked Successfully: 
Jul 14, 2025 11:43:14 AM base.LogResults createLogs
INFO: PASS - Directory Button Clicked Successfully: 
Jul 14, 2025 11:43:16 AM base.LogResults createLogs
INFO: PASS - Directory Page Loaded Successfully: 
Jul 14, 2025 11:43:16 AM base.LogResults createLogs
INFO: PASS - Company Tab  Clicked Successfully: 
Jul 14, 2025 11:43:17 AM base.LogResults createLogs
INFO: PASS - EntityTypeButton  Clicked Successfully: 
Jul 14, 2025 11:43:19 AM base.LogResults createLogs
INFO: PASS - EntityType Page Loaded Successfully: 
Jul 14, 2025 11:43:19 AM base.LogResults createLogs
INFO: PASS -  Successfully Clicked On AddEntityTypeButton: 
Jul 14, 2025 11:43:20 AM base.LogResults createLogs
INFO: PASS -  Entityname Entered In The Entiry Name TextField: AutoEN140725101157
Jul 14, 2025 11:43:20 AM base.LogResults createLogs
INFO: PASS -  Entity Card Type Selected Successfullly: STAFF
Jul 14, 2025 11:43:21 AM base.LogResults createLogs
INFO: PASS -  Successfullly Clicked On AddEntityTypeSave Button: 
Jul 14, 2025 11:43:22 AM base.LogResults createLogs
INFO: FAIL - Error while Clicking On EmployeeTab: element click intercepted: Element <a class="nav-link " href="/Directory/...
            " id="dir_employee_tab">Employee</a> is not clickable at point (138, 26). Other element would receive the click: <div class="modal fade right-align drawer my_model show" id="phEntityTypeEditor" data-bs-backdrop="true" tabindex="-1" data-keyword="true" aria-modal="true" role="dialog" style="display: block;">...</div>
  (Session info: chrome=138.0.7204.101)
Build info: version: '4.34.0', revision: '707dcb4246*'
System info: os.name: 'Windows 10', os.arch: 'amd64', os.version: '10.0', java.version: '17.0.11'
Driver info: org.openqa.selenium.chrome.ChromeDriver
Command: [d19309ee4f76ffc6de1519dc59127bea, clickElement {id=f.7CADCA2E2CAF00C41E7D9AD3D95E59B8.d.41219E3FE84E2DAA5799A36BB4B384ED.e.1741}]
Capabilities {acceptInsecureCerts: true, browserName: chrome, browserVersion: 138.0.7204.101, chrome: {chromedriverVersion: 138.0.7204.94 (545025748884..., userDataDir: C:\Users\Pramod.C\AppData\L...}, fedcm:accounts: true, goog:chromeOptions: {debuggerAddress: localhost:60427}, networkConnectionEnabled: false, pageLoadStrategy: none, platformName: windows, proxy: Proxy(), se:cdp: ws://localhost:60427/devtoo..., se:cdpVersion: 138.0.7204.101, setWindowRect: true, strictFileInteractability: false, timeouts: {implicit: 0, pageLoad: 300000, script: 30000}, unhandledPromptBehavior: dismiss and notify, webauthn:extension:credBlob: true, webauthn:extension:largeBlob: true, webauthn:extension:minPinLength: true, webauthn:extension:prf: true, webauthn:virtualAuthenticators: true}
Element: [[ChromeDriver: chrome on windows (d19309ee4f76ffc6de1519dc59127bea)] -> xpath: //a[text()='Employee']]
Session ID: d19309ee4f76ffc6de1519dc59127bea
