>> Console logging redirected to data/console.log
Launching Driver...
SLF4J(W): No SLF4J providers were found.
SLF4J(W): Defaulting to no-operation (NOP) logger implementation
SLF4J(W): See https://www.slf4j.org/codes.html#noProviders for further details.
Aug 20, 2025 6:38:14 PM org.openqa.selenium.devtools.CdpVersionFinder findNearestMatch
WARNING: Unable to find an exact match for CDP version 139, returning the closest version; found: 137; Please update to a Selenium version that supports CDP version 139
(1386, 788)
Aug 20, 2025 6:38:17 PM base.LogResults createLogs
INFO: PASS -  Application loaded successfully.
Aug 20, 2025 6:38:24 PM base.LogResults createLogs
INFO: PASS -  Company code entered successfully.ARBX
Aug 20, 2025 6:38:26 PM base.LogResults createLogs
INFO: PASS - Clicked On 'Login with Password' successfully.
Aug 20, 2025 6:38:32 PM base.LogResults createLogs
INFO: PASS -  Sign-in section appeared.
Aug 20, 2025 6:38:34 PM base.LogResults createLogs
INFO: PASS -  Email Id entered.AutoE190825091637@mailinator.com
Aug 20, 2025 6:38:37 PM base.LogResults createLogs
INFO: PASS -  Password entered.Pramod@1234
Aug 20, 2025 6:38:39 PM base.LogResults createLogs
INFO: PASS -  Captcha entered.12345
Aug 20, 2025 6:38:41 PM base.LogResults createLogs
INFO: PASS -  Sign-in button clicked.
Aug 20, 2025 6:38:44 PM base.LogResults createLogs
INFO: PASS -  Login validated successfully And Good Text Is Displayed.
Aug 20, 2025 6:38:46 PM base.LogResults createLogs
INFO: PASS - Login Done Successfully: 
Aug 20, 2025 6:38:57 PM base.LogResults createLogs
INFO: PASS - Directory Button Clicked Successfully: 
Aug 20, 2025 6:38:59 PM base.LogResults createLogs
INFO: PASS - Directory Page Loaded Successfully: 
Aug 20, 2025 6:39:02 PM base.LogResults createLogs
INFO: PASS - Clicked On EmployeeTab Successfully: 
Aug 20, 2025 6:39:04 PM base.LogResults createLogs
INFO: PASS - Directory Page Loaded Successfully: 
Aug 20, 2025 6:39:17 PM base.LogResults createLogs
INFO: PASS - Clicked On TotalCountDropDown Successfully: 
Aug 20, 2025 6:39:19 PM base.LogResults createLogs
INFO: PASS - Clicked On AddNewButton Successfully: 
Aug 20, 2025 6:39:21 PM base.LogResults createLogs
INFO: PASS - Employee Form Loaded Successfully: 
Aug 20, 2025 6:39:29 PM base.LogResults createLogs
INFO: PASS - Clicked On EmployeeTypeDropdown Successfully And Selected EntityName Successfully: AutoEN190825091637
Aug 20, 2025 6:39:31 PM base.LogResults createLogs
INFO: PASS - Clicked On ReportingToDropdown Successfully: 
