>> Console logging redirected to data/console.log
Launching Driver...
SLF4J(W): No SLF4J providers were found.
SLF4J(W): Defaulting to no-operation (NOP) logger implementation
SLF4J(W): See https://www.slf4j.org/codes.html#noProviders for further details.
Aug 13, 2025 5:25:14 PM org.openqa.selenium.devtools.CdpVersionFinder findNearestMatch
WARNING: Unable to find an exact match for CDP version 138, returning the closest version; found: 137; Please update to a Selenium version that supports CDP version 138
(1386, 788)
Aug 13, 2025 5:25:17 PM base.LogResults createLogs
INFO: PASS - Application Loaded Successfully: 
Aug 13, 2025 5:25:23 PM base.LogResults createLogs
INFO: PASS - Company Code Entered in Text Box: AYKY
Aug 13, 2025 5:25:25 PM base.LogResults createLogs
INFO: PASS - Login With Password Button Is Clicked: 
Aug 13, 2025 5:25:32 PM base.LogResults createLogs
INFO: PASS - Sign in Text Is Displayed: 
Aug 13, 2025 5:25:34 PM base.LogResults createLogs
INFO: PASS - Username Is Entered In Username Text Field: AutoE130825091642@mailinator.com
Aug 13, 2025 5:25:36 PM base.LogResults createLogs
INFO: PASS - Password Is Entered In Password Text Field: Pramod@1234
Aug 13, 2025 5:25:38 PM base.LogResults createLogs
INFO: PASS - Captcha Entered On Captcha Text Field: 12345
Aug 13, 2025 5:25:41 PM base.LogResults createLogs
INFO: PASS - Clicked On Login Button: 
