>> Console logging redirected to data/console.log
Continuing with Existing Master Data due to threshold value:160725-150725-ThreSld->3
Launching Driver...
SLF4J(W): No SLF4J providers were found.
SLF4J(W): Defaulting to no-operation (NOP) logger implementation
SLF4J(W): See https://www.slf4j.org/codes.html#noProviders for further details.
Jul 16, 2025 1:07:14 PM org.openqa.selenium.devtools.CdpVersionFinder findNearestMatch
WARNING: Unable to find an exact match for CDP version 138, returning the closest version; found: 137; Please update to a Selenium version that supports CDP version 138
Jul 16, 2025 1:07:15 PM base.LogResults createLogs
INFO: PASS - Step 1: Application loaded successfully.
Jul 16, 2025 1:07:19 PM base.LogResults createLogs
INFO: PASS - Step 2: Company code entered successfully.AZPK
Jul 16, 2025 1:07:20 PM base.LogResults createLogs
INFO: PASS - Step 3: Clicked 'Login with Password' successfully.
Jul 16, 2025 1:07:24 PM base.LogResults createLogs
INFO: PASS - Step 4: Sign-in section appeared.
Jul 16, 2025 1:07:24 PM base.LogResults createLogs
INFO: PASS - Step 5: Username entered.AutoE150725091521@mailinator.com
Jul 16, 2025 1:07:24 PM base.LogResults createLogs
INFO: PASS - Step 6: Password entered.Pramod@1234
Jul 16, 2025 1:07:24 PM base.LogResults createLogs
INFO: PASS - Step 7: Captcha entered.12345
Jul 16, 2025 1:07:25 PM base.LogResults createLogs
INFO: PASS - Step 8: Sign-in button clicked.
Jul 16, 2025 1:07:27 PM base.LogResults createLogs
INFO: PASS - Step 9: Login validated successfully.
Jul 16, 2025 1:07:27 PM base.LogResults createLogs
INFO: PASS - Login Done Successfully: 
Jul 16, 2025 1:07:32 PM base.LogResults createLogs
INFO: PASS - Directory Button Clicked Successfully: 
Jul 16, 2025 1:07:34 PM base.LogResults createLogs
INFO: PASS - Directory Page Loaded Successfully: 
Jul 16, 2025 1:07:34 PM base.LogResults createLogs
INFO: PASS - Clicked On EmployeeTab Successfully: 
Jul 16, 2025 1:07:36 PM base.LogResults createLogs
INFO: PASS - Directory Page Loaded Successfully: 
Jul 16, 2025 1:07:46 PM base.LogResults createLogs
INFO: PASS - Clicked On TotalCountDropDown Successfully: 
Jul 16, 2025 1:07:47 PM base.LogResults createLogs
INFO: PASS - Clicked On AddNewButton Successfully: 
Jul 16, 2025 1:07:50 PM base.LogResults createLogs
INFO: PASS - Employee Form Loaded Successfully: 
Jul 16, 2025 1:07:53 PM base.LogResults createLogs
INFO: PASS - Clicked On EmployeeTypeDropdown Successfully And Selected EntityName Successfully: AutoEN150725091521
Jul 16, 2025 1:07:53 PM base.LogResults createLogs
INFO: PASS - Clicked On ReportingToDropdown Successfully: 
Jul 16, 2025 1:07:56 PM base.LogResults createLogs
INFO: PASS - Clicked On ReportingTo Search Text Field And Input Is Passed: AutoAFN
Jul 16, 2025 1:07:58 PM base.LogResults createLogs
INFO: PASS - Entity Name Selected Successfully: 
Jul 16, 2025 1:07:58 PM base.LogResults createLogs
INFO: PASS - EmployeeID Entered On Employee ID Text Field: AutoEIDHZFKV
Jul 16, 2025 1:08:01 PM base.LogResults createLogs
INFO: PASS -  CompanyLocation Selected From The DropDown : AutoON150725091521
Jul 16, 2025 1:08:01 PM base.LogResults createLogs
INFO: PASS - Employee First Name Entered On Employee FirstName Text Field: AutoFNLGOYKK
Jul 16, 2025 1:08:02 PM base.LogResults createLogs
INFO: PASS - Employee Last Name Entered On Employee Last Name Text Field: AutoLNVXLJV
Jul 16, 2025 1:08:02 PM base.LogResults createLogs
INFO: PASS - Employee Email Entered On Email ID Text Field: AutoE150725091521KIE@mailinator.com
Jul 16, 2025 1:08:02 PM base.LogResults createLogs
INFO: PASS - Employee Phone Number Entered On Phone Number Text Field: 9851450563
Jul 16, 2025 1:08:02 PM base.LogResults createLogs
INFO: PASS - Employee Joining Date  Text Field Is Clicked: 
Jul 16, 2025 1:08:02 PM base.LogResults createLogs
INFO: PASS - Employee Joining Date Entered On Joining Date Text Field: 03-01-2025
Jul 16, 2025 1:08:03 PM base.LogResults createLogs
INFO: PASS - Clicked On AddEmployeeSave Successfully: 
Jul 16, 2025 1:08:07 PM base.LogResults createLogs
INFO: PASS - Clicked On GoToDirectory Successfully: 
Jul 16, 2025 1:08:11 PM base.LogResults createLogs
INFO: PASS - Clicked On SearchDropDown Successfully: 
Jul 16, 2025 1:08:11 PM base.LogResults createLogs
INFO: PASS - Selected  LasTName  Successfully: 
Jul 16, 2025 1:08:15 PM base.LogResults createLogs
INFO: PASS - Clicked On Search Text Field And Pass The Created Employee LastName Successfully: AutoLNVXLJV
Jul 16, 2025 1:08:18 PM base.LogResults createLogs
INFO: PASS - Created Employee Displayed Successfully: AutoLNVXLJV
Jul 16, 2025 1:08:18 PM base.LogResults onlyLog
INFO: Passed - MeghEmployeeTest-MPI_150_Directory_AddEmployee_05-Create a new employee by selecting the previously created 'Employee Type'. Then, search and select a name for the 'Reporting To' field from the users already created. Choose the appropriate 'Company Location' that was added earlier, and complete the employee creation process. Finally, verify that the newly added employee appears in the Employee List
---------------------------------------------------------------
MeghEmployeeTestMPI_150_Directory_AddEmployee_05
Jul 16, 2025 1:08:18 PM base.LogResults onlyLog
INFO: Total Pass : 1 Total Fail : 0  Total TC : 1
---------------------------------------------------------------
Test case took: 64.3667 seconds
Total TC Time: 00:01:04

===============================================
Suite
Total tests run: 1, Passes: 1, Failures: 0, Skips: 0
===============================================

