>> Console logging redirected to data/console.log
Continuing with Existing Master Data due to threshold value:070825-070825-ThreSld->3
Launching Driver...
SLF4J(W): No SLF4J providers were found.
SLF4J(W): Defaulting to no-operation (NOP) logger implementation
SLF4J(W): See https://www.slf4j.org/codes.html#noProviders for further details.
Aug 07, 2025 11:33:07 AM org.openqa.selenium.devtools.CdpVersionFinder findNearestMatch
WARNING: Unable to find an exact match for CDP version 138, returning the closest version; found: 137; Please update to a Selenium version that supports CDP version 138
Error Index 1 out of bounds for length 1
Aug 07, 2025 11:33:08 AM base.LogResults createLogs
INFO: PASS -  Application loaded successfully.
Aug 07, 2025 11:33:13 AM base.LogResults createLogs
INFO: PASS -  Company code entered successfully.ANHZ
Aug 07, 2025 11:33:13 AM base.LogResults createLogs
INFO: PASS - Clicked On 'Login with Password' successfully.
Aug 07, 2025 11:33:17 AM base.LogResults createLogs
INFO: PASS -  Sign-in section appeared.
Aug 07, 2025 11:33:17 AM base.LogResults createLogs
INFO: PASS -  Email Id entered.AutoE070825091624@mailinator.com
Aug 07, 2025 11:33:18 AM base.LogResults createLogs
INFO: PASS -  Password entered.Pramod@1234
Aug 07, 2025 11:33:18 AM base.LogResults createLogs
INFO: PASS -  Captcha entered.12345
Aug 07, 2025 11:33:18 AM base.LogResults createLogs
INFO: PASS -  Sign-in button clicked.
Aug 07, 2025 11:33:21 AM base.LogResults createLogs
INFO: PASS -  Login validated successfully And Good Text Is Displayed.
Aug 07, 2025 11:33:21 AM base.LogResults createLogs
INFO: PASS - Login Done Successfully: 
Aug 07, 2025 11:33:25 AM base.LogResults createLogs
INFO: PASS - PolicyIcon Clicked Successfully: 
Aug 07, 2025 11:33:25 AM base.LogResults createLogs
INFO: PASS - PolicyMaster Loaded Successfully: 
Aug 07, 2025 11:33:26 AM base.LogResults createLogs
INFO: PASS - AttendancePolicy Clicked Successfully : 
Aug 07, 2025 11:33:27 AM base.LogResults createLogs
INFO: PASS - AttendancePolicy Page Loaded Successfully : 
Aug 07, 2025 11:33:27 AM base.LogResults createLogs
INFO: PASS - AddAttendancePolicyButton Clicked Successfully : 
Aug 07, 2025 11:33:28 AM base.LogResults createLogs
INFO: PASS - AttendancePolicy Name Entered Successfully : AutoAPN070825091624XCFP
Aug 07, 2025 11:33:28 AM base.LogResults createLogs
INFO: PASS - EnableGracePeriod Button Clicked Successfully : 
Aug 07, 2025 11:33:29 AM base.LogResults createLogs
INFO: PASS - EarlyClockOut CheckBox Clicked  Successfully : 
Aug 07, 2025 11:33:29 AM base.LogResults createLogs
INFO: PASS - Clicked On GraceHours  Successfully : 
Aug 07, 2025 11:33:33 AM base.LogResults createLogs
INFO: PASS -  GraceHours Inputted  Successfully : 1:00
Aug 07, 2025 11:33:33 AM base.LogResults createLogs
INFO: PASS - Clicked On GraceTimeApply Button  Successfully : 
Aug 07, 2025 11:33:33 AM base.LogResults createLogs
INFO: PASS - EnableGracePeriod CheckBox Clicked  Successfully : 
Aug 07, 2025 11:33:33 AM base.LogResults createLogs
INFO: PASS - RegulationRequest CheckBox Clicked  Successfully : 
Aug 07, 2025 11:33:34 AM base.LogResults createLogs
INFO: PASS - CreatePolicyButton Button Successfully : 
Aug 07, 2025 11:33:34 AM base.LogResults createLogs
INFO: PASS - NoOption Button Successfully : 
Aug 07, 2025 11:33:36 AM base.LogResults createLogs
INFO: PASS - On SearchTextField Policy Name Inputted Successfully : AutoAPN070825091624XCFP
Aug 07, 2025 11:33:40 AM base.LogResults createLogs
INFO: PASS - No of Employees Assigned Get Successfully : 0
Aug 07, 2025 11:33:47 AM base.LogResults createLogs
INFO: PASS - Assigned Emp Count Compared Successfully : 0=0
Aug 07, 2025 11:33:49 AM base.LogResults onlyLog
INFO: Passed - Attendance-MPI_435_Attendance_Policy_02-To verify this, click on 'Add Attendance Policy', enter the policy name, and click on 'Create Policy'. In the popup, select 'No' when asked 'Do you want to change attendance policy in Employee Profile based on current policy employee criteria?', and ensure that the new policy is created and no one employees are assigned to it
---------------------------------------------------------------
AttendanceMPI_435_Attendance_Policy_02
Aug 07, 2025 11:33:49 AM base.LogResults onlyLog
INFO: Total Pass : 1 Total Fail : 0  Total TC : 1
---------------------------------------------------------------
Test case took: 41.4512 seconds
Total TC Time: 00:00:41
Launching Driver...
Aug 07, 2025 11:33:51 AM org.openqa.selenium.devtools.CdpVersionFinder findNearestMatch
WARNING: Unable to find an exact match for CDP version 138, returning the closest version; found: 137; Please update to a Selenium version that supports CDP version 138
Error Index 1 out of bounds for length 1
Aug 07, 2025 11:33:54 AM base.LogResults createLogs
INFO: PASS -  Application loaded successfully.
Aug 07, 2025 11:33:58 AM base.LogResults createLogs
INFO: PASS -  Company code entered successfully.ANHZ
Aug 07, 2025 11:33:58 AM base.LogResults createLogs
INFO: PASS - Clicked On 'Login with Password' successfully.
Aug 07, 2025 11:34:03 AM base.LogResults createLogs
INFO: PASS -  Sign-in section appeared.
Aug 07, 2025 11:34:03 AM base.LogResults createLogs
INFO: PASS -  Email Id entered.AutoE070825091624@mailinator.com
Aug 07, 2025 11:34:03 AM base.LogResults createLogs
INFO: PASS -  Password entered.Pramod@1234
Aug 07, 2025 11:34:03 AM base.LogResults createLogs
INFO: PASS -  Captcha entered.12345
Aug 07, 2025 11:34:03 AM base.LogResults createLogs
INFO: PASS -  Sign-in button clicked.
Aug 07, 2025 11:34:06 AM base.LogResults createLogs
INFO: PASS -  Login validated successfully And Good Text Is Displayed.
Aug 07, 2025 11:34:06 AM base.LogResults createLogs
INFO: PASS - Login Done Successfully: 
Aug 07, 2025 11:34:10 AM base.LogResults createLogs
INFO: PASS - PolicyIcon Clicked Successfully: 
Aug 07, 2025 11:34:11 AM base.LogResults createLogs
INFO: PASS - PolicyMaster Loaded Successfully: 
Aug 07, 2025 11:34:11 AM base.LogResults createLogs
INFO: PASS - AttendancePolicy Clicked Successfully : 
Aug 07, 2025 11:34:12 AM base.LogResults createLogs
INFO: PASS - AttendancePolicy Page Loaded Successfully : 
Aug 07, 2025 11:34:12 AM base.LogResults createLogs
INFO: PASS - AddAttendancePolicyButton Clicked Successfully : 
Aug 07, 2025 11:34:13 AM base.LogResults createLogs
INFO: PASS - AttendancePolicy Name Entered Successfully : AutoAPN070825091624BZH
Aug 07, 2025 11:34:13 AM base.LogResults createLogs
INFO: PASS - WebPunchButton Button Successfully : 
Aug 07, 2025 11:34:13 AM base.LogResults createLogs
INFO: PASS - EnableGracePeriod Button  Successfully : 
Aug 07, 2025 11:34:15 AM base.LogResults createLogs
INFO: PASS - EarlyClockOut CheckBox Clicked  Successfully : 
Aug 07, 2025 11:34:15 AM base.LogResults createLogs
INFO: PASS - Clicked On GraceHours  Successfully : 
Aug 07, 2025 11:34:18 AM base.LogResults createLogs
INFO: PASS -  GraceHours Inputted  Successfully : 1:00
Aug 07, 2025 11:34:18 AM base.LogResults createLogs
INFO: PASS - Clicked On GraceTimeApply Button  Successfully : 
Aug 07, 2025 11:34:19 AM base.LogResults createLogs
INFO: PASS - EnableGracePeriod CheckBox Clicked  Successfully : 
Aug 07, 2025 11:34:19 AM base.LogResults createLogs
INFO: PASS - RegulationRequest CheckBox Clicked  Successfully : 
Aug 07, 2025 11:34:19 AM base.LogResults createLogs
INFO: PASS - CreatePolicyButton Button Successfully : 
Aug 07, 2025 11:34:26 AM base.LogResults createLogs
INFO: PASS - YesButton Button Successfully : 
Aug 07, 2025 11:34:29 AM base.LogResults createLogs
INFO: PASS - HomeButton Clicked Successfully : 
Aug 07, 2025 11:34:33 AM base.LogResults createLogs
INFO: PASS - CheckInButton Displayed Successfully : 
Aug 07, 2025 11:34:33 AM base.LogResults createLogs
INFO: PASS - CheckOutButton Displayed Successfully : 
Aug 07, 2025 11:34:33 AM base.LogResults onlyLog
INFO: Passed - Attendance-MPI_436_Attendance_Policy_03-To verify this, in the created policy where all employees are assigned, enable Web Punching and ensure that employees are able to perform Punch In from the Home module
---------------------------------------------------------------
AttendanceMPI_436_Attendance_Policy_03
Aug 07, 2025 11:34:33 AM base.LogResults onlyLog
INFO: Total Pass : 2 Total Fail : 0  Total TC : 2
---------------------------------------------------------------
Test case took: 41.7757 seconds
Total TC Time: 00:01:23
Launching Driver...
Aug 07, 2025 11:34:36 AM org.openqa.selenium.devtools.CdpVersionFinder findNearestMatch
WARNING: Unable to find an exact match for CDP version 138, returning the closest version; found: 137; Please update to a Selenium version that supports CDP version 138
Error Index 1 out of bounds for length 1
Aug 07, 2025 11:34:38 AM base.LogResults createLogs
INFO: PASS -  Application loaded successfully.
Aug 07, 2025 11:34:42 AM base.LogResults createLogs
INFO: PASS -  Company code entered successfully.ANHZ
Aug 07, 2025 11:34:42 AM base.LogResults createLogs
INFO: PASS - Clicked On 'Login with Password' successfully.
Aug 07, 2025 11:34:46 AM base.LogResults createLogs
INFO: PASS -  Sign-in section appeared.
Aug 07, 2025 11:34:46 AM base.LogResults createLogs
INFO: PASS -  Email Id entered.AutoE070825091624@mailinator.com
Aug 07, 2025 11:34:47 AM base.LogResults createLogs
INFO: PASS -  Password entered.Pramod@1234
Aug 07, 2025 11:34:47 AM base.LogResults createLogs
INFO: PASS -  Captcha entered.12345
Aug 07, 2025 11:34:47 AM base.LogResults createLogs
INFO: PASS -  Sign-in button clicked.
Aug 07, 2025 11:34:50 AM base.LogResults createLogs
INFO: PASS -  Login validated successfully And Good Text Is Displayed.
Aug 07, 2025 11:34:50 AM base.LogResults createLogs
INFO: PASS - Login Done Successfully: 
Aug 07, 2025 11:34:55 AM base.LogResults createLogs
INFO: PASS - Directory Button Clicked Successfully: 
Aug 07, 2025 11:34:57 AM base.LogResults createLogs
INFO: PASS - Directory Page Loaded Successfully: 
Aug 07, 2025 11:34:57 AM base.LogResults createLogs
INFO: PASS - Clicked On EmployeeTab Successfully: 
Aug 07, 2025 11:34:59 AM base.LogResults createLogs
INFO: PASS - Directory Page Loaded Successfully: 
Aug 07, 2025 11:35:09 AM base.LogResults createLogs
INFO: PASS - Clicked On TotalCountDropDown Successfully: 
Aug 07, 2025 11:35:10 AM base.LogResults createLogs
INFO: PASS - Clicked On AddNewButton Successfully: 
Aug 07, 2025 11:35:13 AM base.LogResults createLogs
INFO: PASS - Employee Form Loaded Successfully: 
Aug 07, 2025 11:35:16 AM base.LogResults createLogs
INFO: PASS - Clicked On EmployeeTypeDropdown Successfully And Selected EntityName Successfully: AutoEN070825091624
Aug 07, 2025 11:35:16 AM base.LogResults createLogs
INFO: PASS - Clicked On ReportingToDropdown Successfully: 
Aug 07, 2025 11:35:18 AM base.LogResults createLogs
INFO: PASS - Clicked On ReportingTo Search Text Field And Input Is Passed: AutoAFN
Aug 07, 2025 11:35:21 AM base.LogResults createLogs
INFO: PASS - Entity Name Selected Successfully: 
Aug 07, 2025 11:35:21 AM base.LogResults createLogs
INFO: PASS - EmployeeID Entered On Employee ID Text Field: AutoEIDSHSCDY
Aug 07, 2025 11:35:24 AM base.LogResults createLogs
INFO: PASS -  CompanyLocation Selected From The DropDown : AutoON070825091624
Aug 07, 2025 11:35:24 AM base.LogResults createLogs
INFO: PASS - Employee First Name Entered On Employee FirstName Text Field: AutoFNXGRGC
Aug 07, 2025 11:35:24 AM base.LogResults createLogs
INFO: PASS - Employee Last Name Entered On Employee Last Name Text Field: AutoLNJXGYI
Aug 07, 2025 11:35:24 AM base.LogResults createLogs
INFO: PASS - Employee Email Entered On Email ID Text Field: AutoE070825091624NRC@mailinator.com
Aug 07, 2025 11:35:25 AM base.LogResults createLogs
INFO: PASS - Employee Phone Number Entered On Phone Number Text Field: 9851486641
Aug 07, 2025 11:35:25 AM base.LogResults createLogs
INFO: PASS - Employee Joining Date  Text Field Is Clicked: 
Aug 07, 2025 11:35:25 AM base.LogResults createLogs
INFO: PASS - Employee Joining Date Entered On Joining Date Text Field: 03-01-2025
Aug 07, 2025 11:35:25 AM base.LogResults createLogs
INFO: PASS - Clicked On AddEmployeeSave Successfully: 
Aug 07, 2025 11:35:29 AM base.LogResults createLogs
INFO: PASS - Clicked On GoToDirectory Successfully: 
Aug 07, 2025 11:35:30 AM base.LogResults createLogs
INFO: PASS - Clicked On SearchDropDown Successfully: 
Aug 07, 2025 11:35:30 AM base.LogResults createLogs
INFO: PASS - Selected  LasTName  Successfully: 
Aug 07, 2025 11:35:31 AM base.LogResults createLogs
INFO: PASS - Clicked On SearchDropDown Successfully: 
Aug 07, 2025 11:35:35 AM base.LogResults createLogs
INFO: PASS - Clicked On Search Text Field And Pass The Created Employee LastName Successfully: AutoLNJXGYI
Aug 07, 2025 11:35:38 AM base.LogResults createLogs
INFO: PASS - Created Employee Displayed Successfully: AutoLNJXGYI
Aug 07, 2025 11:35:38 AM base.LogResults createLogs
INFO: PASS - Clicked On 3Dots Successfully: 
Aug 07, 2025 11:35:39 AM base.LogResults createLogs
INFO: PASS - Clicked On WebEnrollment Successfully: 
Aug 07, 2025 11:35:42 AM base.LogResults createLogs
INFO: PASS - Clicked On FaceEnrollmentTab Successfully: 
Aug 07, 2025 11:35:56 AM base.LogResults createLogs
INFO: PASS - Image Selected For WebEnrollment Successfully: ./data/images/enrollmentimage.jpg
Aug 07, 2025 11:35:57 AM base.LogResults createLogs
INFO: PASS - Successfully Clicked On CropImage: 
Aug 07, 2025 11:35:57 AM base.LogResults createLogs
INFO: PASS - Successfully Clicked On SaveEnrollmentButton: 
Aug 07, 2025 11:36:28 AM base.LogResults createLogs
INFO: PASS - Success Msg Is Displayed: 
Aug 07, 2025 11:36:37 AM base.LogResults createLogs
INFO: PASS - Directory Button Clicked Successfully: 
Aug 07, 2025 11:36:38 AM base.LogResults createLogs
INFO: PASS - Directory Page Loaded Successfully: 
Aug 07, 2025 11:36:39 AM base.LogResults createLogs
INFO: PASS - Clicked On EmployeeTab Successfully: 
Aug 07, 2025 11:36:40 AM base.LogResults createLogs
INFO: PASS - Directory Page Loaded Successfully: 
Aug 07, 2025 11:36:40 AM base.LogResults createLogs
INFO: PASS - Clicked On SearchDropDown Successfully: 
Aug 07, 2025 11:36:40 AM base.LogResults createLogs
INFO: PASS - Selected  LasTName  Successfully: 
Aug 07, 2025 11:36:41 AM base.LogResults createLogs
INFO: PASS - Clicked On SearchDropDown Successfully: 
Aug 07, 2025 11:36:45 AM base.LogResults createLogs
INFO: PASS - Clicked On Search Text Field And Pass The Created Employee LastName Successfully: AutoLNJXGYI
Aug 07, 2025 11:36:48 AM base.LogResults createLogs
INFO: PASS - Created Employee Displayed Successfully: AutoLNJXGYI
Aug 07, 2025 11:36:48 AM base.LogResults createLogs
INFO: PASS - Successfully Clicked On First Employee Record 3dots: 
Aug 07, 2025 11:36:49 AM base.LogResults createLogs
INFO: PASS - Successfully Clicked On First Employee Record ManageProfileButton: 
Aug 07, 2025 11:36:58 AM base.LogResults createLogs
INFO: PASS - Successfully Clicked On First Employee Manage Profile EditIcon: 
Aug 07, 2025 11:37:01 AM base.LogResults createLogs
INFO: PASS - Successfully Selected  Dept: AutoDN070825091624
Aug 07, 2025 11:37:09 AM base.LogResults createLogs
INFO: PASS - Successfully Selected  Designation From Dropdown: AutoDN070825091624
Aug 07, 2025 11:37:15 AM base.LogResults createLogs
INFO: PASS - Successfully Selected  Team From Dropdown: AutoTN070825091624
Aug 07, 2025 11:37:21 AM base.LogResults createLogs
INFO: PASS - Successfully Enter The Pin: 1351
Aug 07, 2025 11:37:27 AM base.LogResults createLogs
INFO: PASS - SaveChanges Button Clicked Successfully: 
Aug 07, 2025 11:37:36 AM base.LogResults createLogs
INFO: PASS - DefaultPolicy Button Clicked Successfully: 
Aug 07, 2025 11:37:42 AM base.LogResults createLogs
INFO: PASS - PolicyIcon Clicked Successfully: 
Aug 07, 2025 11:37:42 AM base.LogResults createLogs
INFO: PASS - PolicyMaster Loaded Successfully: 
Aug 07, 2025 11:37:42 AM base.LogResults createLogs
INFO: PASS - AttendancePolicy Clicked Successfully : 
Aug 07, 2025 11:37:44 AM base.LogResults createLogs
INFO: PASS - AttendancePolicy Page Loaded Successfully : 
Aug 07, 2025 11:37:44 AM base.LogResults createLogs
INFO: PASS - AddAttendancePolicyButton Clicked Successfully : 
Aug 07, 2025 11:37:44 AM base.LogResults createLogs
INFO: PASS - AttendancePolicy Name Entered Successfully : AutoAPN070825091624IBN
Aug 07, 2025 11:37:45 AM base.LogResults createLogs
INFO: PASS - WebPunchButton Button Successfully : 
Aug 07, 2025 11:37:45 AM base.LogResults createLogs
INFO: PASS - EnableGracePeriod Button  Successfully : 
Aug 07, 2025 11:37:46 AM base.LogResults createLogs
INFO: PASS - EarlyClockOut CheckBox Clicked  Successfully : 
Aug 07, 2025 11:37:47 AM base.LogResults createLogs
INFO: PASS - Clicked On GraceHours  Successfully : 
Aug 07, 2025 11:37:50 AM base.LogResults createLogs
INFO: PASS -  GraceHours Inputted  Successfully : 1:00
Aug 07, 2025 11:37:50 AM base.LogResults createLogs
INFO: PASS - Clicked On GraceTimeApply Button  Successfully : 
Aug 07, 2025 11:37:50 AM base.LogResults createLogs
INFO: PASS - EnableGracePeriod CheckBox Clicked  Successfully : 
Aug 07, 2025 11:37:50 AM base.LogResults createLogs
INFO: PASS - RegulationRequest CheckBox Clicked  Successfully : 
Aug 07, 2025 11:37:51 AM base.LogResults createLogs
INFO: PASS - AddEmpCriteria Button Successfully : 
Aug 07, 2025 11:37:55 AM base.LogResults createLogs
INFO: PASS - Office Name Selected  Successfully : AutoON070825091624
Aug 07, 2025 11:38:02 AM base.LogResults createLogs
INFO: FAIL - Error while Selecting Dept : Cannot locate option with text: AutoDN070825091624
For documentation on this error, please visit: https://www.selenium.dev/documentation/webdriver/troubleshooting/errors#no-such-element-exception
Build info: version: '4.34.0', revision: '707dcb4246*'
System info: os.name: 'Windows 10', os.arch: 'amd64', os.version: '10.0', java.version: '17.0.11'
Driver info: driver.version: unknown
Aug 07, 2025 11:38:09 AM base.LogResults createLogs
INFO: PASS - Successfully Selected  Designation From Dropdown: AutoDN070825091624
Aug 07, 2025 11:38:17 AM base.LogResults createLogs
INFO: FAIL - Error while Selecting Groups From Dropdown : Cannot locate option with text: AutoTN070825091624
For documentation on this error, please visit: https://www.selenium.dev/documentation/webdriver/troubleshooting/errors#no-such-element-exception
Build info: version: '4.34.0', revision: '707dcb4246*'
System info: os.name: 'Windows 10', os.arch: 'amd64', os.version: '10.0', java.version: '17.0.11'
Driver info: driver.version: unknown
Aug 07, 2025 11:38:22 AM base.LogResults createLogs
INFO: PASS - Successfully Selected  Employee Type From Dropdown: AutoEN070825091624
Aug 07, 2025 11:38:22 AM base.LogResults createLogs
INFO: PASS - Clicked On Apply Button Successfully : 
Aug 07, 2025 11:38:23 AM base.LogResults createLogs
INFO: PASS - CreatePolicyButton Button Successfully : 
Aug 07, 2025 11:38:30 AM base.LogResults createLogs
INFO: PASS - Yes Button Button Successfully : 
Aug 07, 2025 11:38:39 AM base.LogResults createLogs
INFO: PASS - Directory Button Clicked Successfully: 
Aug 07, 2025 11:38:41 AM base.LogResults createLogs
INFO: PASS - Directory Page Loaded Successfully: 
Aug 07, 2025 11:38:41 AM base.LogResults createLogs
INFO: PASS - Clicked On EmployeeTab Successfully: 
Aug 07, 2025 11:38:43 AM base.LogResults createLogs
INFO: PASS - Directory Page Loaded Successfully: 
Aug 07, 2025 11:38:43 AM base.LogResults createLogs
INFO: PASS - Clicked On SearchDropDown Successfully: 
Aug 07, 2025 11:38:43 AM base.LogResults createLogs
INFO: PASS - Selected  LasTName  Successfully: 
Aug 07, 2025 11:38:44 AM base.LogResults createLogs
INFO: PASS - Clicked On SearchDropDown Successfully: 
Aug 07, 2025 11:38:48 AM base.LogResults createLogs
INFO: PASS - Clicked On Search Text Field And Pass The Created Employee LastName Successfully: AutoLNJXGYI
Aug 07, 2025 11:38:51 AM base.LogResults createLogs
INFO: PASS - Created Employee Displayed Successfully: AutoLNJXGYI
Aug 07, 2025 11:38:51 AM base.LogResults createLogs
INFO: PASS - Successfully Clicked On First Employee Record 3dots: 
Aug 07, 2025 11:38:52 AM base.LogResults createLogs
INFO: PASS - Successfully Clicked On First Employee Record ManageProfileButton: 
Aug 07, 2025 11:39:12 AM base.LogResults createLogs
INFO: PASS - Successfully Clicked On First Employee Record Policy Button: 
Aug 07, 2025 11:39:15 AM base.LogResults createLogs
INFO: PASS - Successfully Fetch the Assigned Attendance Policy Name Of Employee : 
Aug 07, 2025 11:39:15 AM base.LogResults createLogs
INFO: PASS - Successfully Compared The Assigned Policy Name And Created Policy Name With Emp criteria: AutoAPN070825091624IBN=AutoAPN070825091624IBN
Aug 07, 2025 11:39:15 AM base.LogResults onlyLog
INFO: Failed - Attendance-MPI_454_Attendance_Policy_21-Edit the attendance policy and click Add Employee Criteria. Select Office, Department, Designation, Group, and Employee Type, then click Apply. Set Punch Require to Four, then click Create Policy. In the confirmation popup "Do you want to change attendance policy in Employee Profile based on current policy employee criteria?", select Yes and ensure all employees matching the criteria are assigned to the new policy.
---------------------------------------------------------------
AttendanceMPI_454_Attendance_Policy_21
Aug 07, 2025 11:39:15 AM base.LogResults onlyLog
INFO: Total Pass : 2 Total Fail : 1  Total TC : 3
---------------------------------------------------------------
Test case took: 278.8333 seconds
Total TC Time: 00:06:02
Launching Driver...
Aug 07, 2025 11:39:17 AM org.openqa.selenium.devtools.CdpVersionFinder findNearestMatch
WARNING: Unable to find an exact match for CDP version 138, returning the closest version; found: 137; Please update to a Selenium version that supports CDP version 138
Aug 07, 2025 11:39:18 AM base.LogResults createLogs
INFO: PASS - This Test Case Already passed In MPI_435_Attendance_Policy_02 TestCase: 
Aug 07, 2025 11:39:18 AM base.LogResults onlyLog
INFO: Passed - Attendance-MPI_457_Attendance_Policy_24-To verify this, check the functionality of search feature by enter the policy name
---------------------------------------------------------------
AttendanceMPI_457_Attendance_Policy_24
Aug 07, 2025 11:39:18 AM base.LogResults onlyLog
INFO: Total Pass : 3 Total Fail : 1  Total TC : 4
---------------------------------------------------------------
Test case took: 0.3843 seconds
Total TC Time: 00:06:02
Launching Driver...
Aug 07, 2025 11:39:20 AM org.openqa.selenium.devtools.CdpVersionFinder findNearestMatch
WARNING: Unable to find an exact match for CDP version 138, returning the closest version; found: 137; Please update to a Selenium version that supports CDP version 138
Error Index 1 out of bounds for length 1
Aug 07, 2025 11:39:22 AM base.LogResults createLogs
INFO: PASS -  Application loaded successfully.
Aug 07, 2025 11:39:26 AM base.LogResults createLogs
INFO: PASS -  Company code entered successfully.ANHZ
Aug 07, 2025 11:39:26 AM base.LogResults createLogs
INFO: PASS - Clicked On 'Login with Password' successfully.
Aug 07, 2025 11:39:31 AM base.LogResults createLogs
INFO: PASS -  Sign-in section appeared.
Aug 07, 2025 11:39:31 AM base.LogResults createLogs
INFO: PASS -  Email Id entered.AutoE070825091624@mailinator.com
Aug 07, 2025 11:39:31 AM base.LogResults createLogs
INFO: PASS -  Password entered.Pramod@1234
Aug 07, 2025 11:39:31 AM base.LogResults createLogs
INFO: PASS -  Captcha entered.12345
Aug 07, 2025 11:39:31 AM base.LogResults createLogs
INFO: PASS -  Sign-in button clicked.
Aug 07, 2025 11:39:34 AM base.LogResults createLogs
INFO: PASS -  Login validated successfully And Good Text Is Displayed.
Aug 07, 2025 11:39:34 AM base.LogResults createLogs
INFO: PASS - Login Done Successfully: 
Aug 07, 2025 11:39:38 AM base.LogResults createLogs
INFO: PASS - PolicyIcon Clicked Successfully: 
Aug 07, 2025 11:39:38 AM base.LogResults createLogs
INFO: PASS - PolicyMaster Loaded Successfully: 
Aug 07, 2025 11:39:39 AM base.LogResults createLogs
INFO: PASS - AttendancePolicy Clicked Successfully : 
Aug 07, 2025 11:39:40 AM base.LogResults createLogs
INFO: PASS - AttendancePolicy Page Loaded Successfully : 
Aug 07, 2025 11:39:42 AM base.LogResults createLogs
INFO: PASS - On SearchTextField Policy Name Inputted Successfully : AutoAPN070825091624IBN
Aug 07, 2025 11:39:49 AM base.LogResults createLogs
INFO: PASS - Clicked On AssignedEmpCount Successfully : 
Aug 07, 2025 11:39:53 AM base.LogResults createLogs
INFO: PASS - Emp Record Loaded Validated Successfully : 
Cleaned Emp ID: AutoEIDSHSCDY
Aug 07, 2025 11:39:55 AM base.LogResults createLogs
INFO: PASS - First Row Emp ID Fetched Successfully : 
Aug 07, 2025 11:39:55 AM base.LogResults createLogs
INFO: PASS - SearchDropDown Clicked Successfully : 
Aug 07, 2025 11:39:55 AM base.LogResults createLogs
INFO: PASS - EmpIdCheckBox Clicked Successfully : 
Aug 07, 2025 11:39:55 AM base.LogResults createLogs
INFO: PASS - SearchDropDown Clicked Successfully : 
Aug 07, 2025 11:40:06 AM base.LogResults createLogs
INFO: PASS - FirstRow Emp ID Inputted Successfully : AutoEIDSHSCDY
Aug 07, 2025 11:40:10 AM base.LogResults createLogs
INFO: PASS - CloseIcon Clicked Successfully : 
Aug 07, 2025 11:40:14 AM base.LogResults createLogs
INFO: PASS - On SearchTextField Policy Name Inputted Successfully : AutoAPN070825091624IBN
Aug 07, 2025 11:40:18 AM base.LogResults createLogs
INFO: PASS - DeleteIcon Clicked Successfully : 
Aug 07, 2025 11:40:20 AM base.LogResults createLogs
INFO: PASS - DeleteButton Clicked Successfully : 
Aug 07, 2025 11:40:23 AM base.LogResults createLogs
INFO: PASS - On SearchTextField Policy Name Inputted Successfully : AutoAPN070825091624IBN
Aug 07, 2025 11:40:27 AM base.LogResults createLogs
INFO: PASS - No of Employees Assigned Get Successfully : 
Aug 07, 2025 11:40:35 AM base.LogResults createLogs
INFO: PASS - Assigned Emp Count Compared Successfully : 0=0
Aug 07, 2025 11:40:44 AM base.LogResults createLogs
INFO: PASS - Directory Button Clicked Successfully: 
Aug 07, 2025 11:40:47 AM base.LogResults createLogs
INFO: PASS - Directory Page Loaded Successfully: 
Aug 07, 2025 11:40:47 AM base.LogResults createLogs
INFO: PASS - Clicked On EmployeeTab Successfully: 
Aug 07, 2025 11:40:49 AM base.LogResults createLogs
INFO: PASS - Directory Page Loaded Successfully: 
Aug 07, 2025 11:40:49 AM base.LogResults createLogs
INFO: PASS - Clicked On SearchDropDown Successfully: 
Aug 07, 2025 11:40:49 AM base.LogResults createLogs
INFO: PASS - Selected  EmpID  Successfully: 
Aug 07, 2025 11:40:49 AM base.LogResults createLogs
INFO: PASS - Clicked On SearchDropDown Successfully: 
Aug 07, 2025 11:40:54 AM base.LogResults createLogs
INFO: PASS - Clicked On Search Text Field And Pass The Employee EmpID Successfully: AutoEIDSHSCDY
Aug 07, 2025 11:40:57 AM base.LogResults createLogs
INFO: PASS - Created Employee Displayed Successfully: 
Aug 07, 2025 11:40:57 AM base.LogResults createLogs
INFO: PASS - Successfully Clicked On First Employee Record 3dots: 
Aug 07, 2025 11:40:57 AM base.LogResults createLogs
INFO: PASS - Successfully Clicked On First Employee Record ManageProfileButton: 
Aug 07, 2025 11:41:17 AM base.LogResults createLogs
INFO: PASS - Successfully Clicked On First Employee Record Policy Button: 
Aug 07, 2025 11:41:21 AM base.LogResults createLogs
INFO: PASS - Successfully Fetch the Assigned Attendance Policy Name Of Employee : 
Aug 07, 2025 11:41:21 AM base.LogResults createLogs
INFO: FAIL - Error while Comparing Attendance Policy Name : Attendance Policy suffix does not match. Expected: Default, Found: Policy
Aug 07, 2025 11:41:21 AM base.LogResults onlyLog
INFO: Failed - Attendance-MPI_494_Attendance_Policy_44-To verify this, inactivate the policy Ensure that all employees who were assigned to the inactivated policy are now automatically assigned to the default attendance policy.
---------------------------------------------------------------
AttendanceMPI_494_Attendance_Policy_44
Aug 07, 2025 11:41:21 AM base.LogResults onlyLog
INFO: Total Pass : 3 Total Fail : 2  Total TC : 5
---------------------------------------------------------------
Test case took: 120.0726 seconds
Total TC Time: 00:08:02
Launching Driver...
Aug 07, 2025 11:41:23 AM org.openqa.selenium.devtools.CdpVersionFinder findNearestMatch
WARNING: Unable to find an exact match for CDP version 138, returning the closest version; found: 137; Please update to a Selenium version that supports CDP version 138
Error Index 1 out of bounds for length 1
Aug 07, 2025 11:41:25 AM base.LogResults createLogs
INFO: PASS -  Application loaded successfully.
Aug 07, 2025 11:41:29 AM base.LogResults createLogs
INFO: PASS -  Company code entered successfully.ANHZ
Aug 07, 2025 11:41:29 AM base.LogResults createLogs
INFO: PASS - Clicked On 'Login with Password' successfully.
Aug 07, 2025 11:41:33 AM base.LogResults createLogs
INFO: PASS -  Sign-in section appeared.
Aug 07, 2025 11:41:33 AM base.LogResults createLogs
INFO: PASS -  Email Id entered.AutoE070825091624@mailinator.com
Aug 07, 2025 11:41:34 AM base.LogResults createLogs
INFO: PASS -  Password entered.Pramod@1234
Aug 07, 2025 11:41:40 AM base.LogResults createLogs
INFO: PASS -  Captcha entered.12345
Aug 07, 2025 11:41:40 AM base.LogResults createLogs
INFO: PASS -  Sign-in button clicked.
Aug 07, 2025 11:41:46 AM base.LogResults createLogs
INFO: PASS -  Login validated successfully And Good Text Is Displayed.
Aug 07, 2025 11:41:46 AM base.LogResults createLogs
INFO: PASS - Login Done Successfully: 
Aug 07, 2025 11:41:51 AM base.LogResults createLogs
INFO: PASS - PolicyIcon Clicked Successfully: 
Aug 07, 2025 11:41:51 AM base.LogResults createLogs
INFO: PASS - PolicyMaster Loaded Successfully: 
Aug 07, 2025 11:41:51 AM base.LogResults createLogs
INFO: PASS - AttendancePolicy Clicked Successfully : 
Aug 07, 2025 11:41:52 AM base.LogResults createLogs
INFO: PASS - AttendancePolicy Page Loaded Successfully : 
Aug 07, 2025 11:41:55 AM base.LogResults createLogs
INFO: PASS - On SearchTextField Policy Name Inputted Successfully : AutoAPN070825091624IBN
Aug 07, 2025 11:42:05 AM base.LogResults createLogs
INFO: PASS - Shift Policy Edit Button Clicked Successfully : 
Aug 07, 2025 11:42:13 AM base.LogResults createLogs
INFO: PASS - Shift Policy Active CheckBox Clicked Successfully : 
Aug 07, 2025 11:42:13 AM base.LogResults createLogs
INFO: PASS - CreatePolicyButton Button Successfully : 
Aug 07, 2025 11:42:21 AM base.LogResults createLogs
INFO: PASS - YesButton Button Successfully : 
Aug 07, 2025 11:42:25 AM base.LogResults createLogs
INFO: PASS - On SearchTextField Policy Name Inputted Successfully : AutoAPN070825091624IBN
Aug 07, 2025 11:42:29 AM base.LogResults createLogs
INFO: PASS - Clicked On Assigned Emp Count Successfully: 
Aug 07, 2025 11:42:33 AM base.LogResults createLogs
INFO: PASS - Emp Record Loaded Validated Successfully : 
Aug 07, 2025 11:42:34 AM base.LogResults createLogs
INFO: PASS - Fetched The Employee FirstName Successfully: 
Aug 07, 2025 11:42:36 AM base.LogResults createLogs
INFO: PASS - CloseIcon Clicked Successfully : 
Aug 07, 2025 11:42:43 AM base.LogResults createLogs
INFO: PASS - Directory Button Clicked Successfully: 
Aug 07, 2025 11:42:44 AM base.LogResults createLogs
INFO: PASS - Directory Page Loaded Successfully: 
Aug 07, 2025 11:42:46 AM base.LogResults createLogs
INFO: PASS - Clicked On EmployeeTab Successfully: 
Aug 07, 2025 11:42:48 AM base.LogResults createLogs
INFO: PASS - Directory Page Loaded Successfully: 
Aug 07, 2025 11:42:52 AM base.LogResults createLogs
INFO: PASS - Clicked On Search Text Field And Pass The Created Employee LastName Successfully: AutoFNXGRGC
Aug 07, 2025 11:42:55 AM base.LogResults createLogs
INFO: PASS - Successfully Clicked On First Employee Record 3dots: 
Aug 07, 2025 11:42:56 AM base.LogResults createLogs
INFO: PASS - Successfully Clicked On First Employee Record ManageProfileButton: 
Aug 07, 2025 11:43:16 AM base.LogResults createLogs
INFO: PASS - Successfully Clicked On First Employee Record Policy Button: 
Policy name matches: AutoAPN070825091624IBN
Aug 07, 2025 11:43:19 AM base.LogResults createLogs
INFO: PASS - Successfully Fetch the Assigned Attendance Policy Name Of Employee : AutoAPN070825091624IBN=AutoAPN070825091624IBN
Aug 07, 2025 11:43:19 AM base.LogResults onlyLog
INFO: Passed - Attendance-MPI_502_Attendance_Policy_51-To verify this, activate the inactive attendance policy and ensure that the policy is successfully activated and employees are assigned to it after activation.
---------------------------------------------------------------
AttendanceMPI_502_Attendance_Policy_51
Aug 07, 2025 11:43:19 AM base.LogResults onlyLog
INFO: Total Pass : 4 Total Fail : 2  Total TC : 6
---------------------------------------------------------------
Test case took: 115.6588 seconds
Total TC Time: 00:09:58
Launching Driver...
Aug 07, 2025 11:43:21 AM org.openqa.selenium.devtools.CdpVersionFinder findNearestMatch
WARNING: Unable to find an exact match for CDP version 138, returning the closest version; found: 137; Please update to a Selenium version that supports CDP version 138
Error Index 1 out of bounds for length 1
Aug 07, 2025 11:43:23 AM base.LogResults createLogs
INFO: PASS -  Application loaded successfully.
Aug 07, 2025 11:43:27 AM base.LogResults createLogs
INFO: PASS -  Company code entered successfully.ANHZ
Aug 07, 2025 11:43:27 AM base.LogResults createLogs
INFO: PASS - Clicked On 'Login with Password' successfully.
Aug 07, 2025 11:43:32 AM base.LogResults createLogs
INFO: PASS -  Sign-in section appeared.
Aug 07, 2025 11:43:32 AM base.LogResults createLogs
INFO: PASS -  Email Id entered.AutoE070825091624@mailinator.com
Aug 07, 2025 11:43:32 AM base.LogResults createLogs
INFO: PASS -  Password entered.Pramod@1234
Aug 07, 2025 11:43:32 AM base.LogResults createLogs
INFO: PASS -  Captcha entered.12345
Aug 07, 2025 11:43:32 AM base.LogResults createLogs
INFO: PASS -  Sign-in button clicked.
Aug 07, 2025 11:43:37 AM base.LogResults createLogs
INFO: PASS -  Login validated successfully And Good Text Is Displayed.
Aug 07, 2025 11:43:37 AM base.LogResults createLogs
INFO: PASS - Login Done Successfully: 
Aug 07, 2025 11:43:41 AM base.LogResults createLogs
INFO: PASS - PolicyIcon Clicked Successfully: 
Aug 07, 2025 11:43:42 AM base.LogResults createLogs
INFO: PASS - PolicyMaster Loaded Successfully: 
Aug 07, 2025 11:43:42 AM base.LogResults createLogs
INFO: PASS - AttendancePolicy Clicked Successfully : 
Aug 07, 2025 11:43:45 AM base.LogResults createLogs
INFO: PASS - AttendancePolicy Page Loaded Successfully : 
Aug 07, 2025 11:43:49 AM base.LogResults createLogs
INFO: PASS - PaginationDropDown Clicked Successfully : 
Aug 07, 2025 11:43:49 AM base.LogResults createLogs
INFO: FAIL - Error While Clicking On Assigned Emp Count: stale element reference: stale element not found in the current frame
  (Session info: chrome=138.0.7204.184)
For documentation on this error, please visit: https://www.selenium.dev/documentation/webdriver/troubleshooting/errors#stale-element-reference-exception
Build info: version: '4.34.0', revision: '707dcb4246*'
System info: os.name: 'Windows 10', os.arch: 'amd64', os.version: '10.0', java.version: '17.0.11'
Driver info: org.openqa.selenium.chrome.ChromeDriver
Command: [a34ffb924aaa223541b0ec0879bdc659, clickElement {id=f.301EC694D581CE1F3ECD57CC3D6761BE.d.289CFFB5A96018E3F2CE6E5A62292E33.e.763}]
Capabilities {acceptInsecureCerts: true, browserName: chrome, browserVersion: 138.0.7204.184, chrome: {chromedriverVersion: 138.0.7204.183 (e90faf484dd..., userDataDir: C:\Users\Pramod.C\AppData\L...}, fedcm:accounts: true, goog:chromeOptions: {debuggerAddress: localhost:62477}, networkConnectionEnabled: false, pageLoadStrategy: none, platformName: windows, proxy: Proxy(), se:cdp: ws://localhost:62477/devtoo..., se:cdpVersion: 138.0.7204.184, setWindowRect: true, strictFileInteractability: false, timeouts: {implicit: 0, pageLoad: 300000, script: 30000}, unhandledPromptBehavior: dismiss and notify, webauthn:extension:credBlob: true, webauthn:extension:largeBlob: true, webauthn:extension:minPinLength: true, webauthn:extension:prf: true, webauthn:virtualAuthenticators: true}
Element: [[ChromeDriver: chrome on windows (a34ffb924aaa223541b0ec0879bdc659)] -> xpath: //table[@id='dtAttendancePolicy']/tbody/tr/td[2]/a/span]
Session ID: a34ffb924aaa223541b0ec0879bdc659
Aug 07, 2025 11:43:51 AM base.LogResults createLogs
INFO: PASS - SearchDropDown Clicked Successfully : 
Aug 07, 2025 11:44:04 AM base.LogResults createLogs
INFO: FAIL - Error While Clicking On DeptCheckBox: no such element: Unable to locate element: {"method":"xpath","selector":"//label[text()='Department']"}
  (Session info: chrome=138.0.7204.184)
For documentation on this error, please visit: https://www.selenium.dev/documentation/webdriver/troubleshooting/errors#no-such-element-exception
Build info: version: '4.34.0', revision: '707dcb4246*'
System info: os.name: 'Windows 10', os.arch: 'amd64', os.version: '10.0', java.version: '17.0.11'
Driver info: org.openqa.selenium.chrome.ChromeDriver
Command: [a34ffb924aaa223541b0ec0879bdc659, findElement {value=//label[text()='Department'], using=xpath}]
Capabilities {acceptInsecureCerts: true, browserName: chrome, browserVersion: 138.0.7204.184, chrome: {chromedriverVersion: 138.0.7204.183 (e90faf484dd..., userDataDir: C:\Users\Pramod.C\AppData\L...}, fedcm:accounts: true, goog:chromeOptions: {debuggerAddress: localhost:62477}, networkConnectionEnabled: false, pageLoadStrategy: none, platformName: windows, proxy: Proxy(), se:cdp: ws://localhost:62477/devtoo..., se:cdpVersion: 138.0.7204.184, setWindowRect: true, strictFileInteractability: false, timeouts: {implicit: 0, pageLoad: 300000, script: 30000}, unhandledPromptBehavior: dismiss and notify, webauthn:extension:credBlob: true, webauthn:extension:largeBlob: true, webauthn:extension:minPinLength: true, webauthn:extension:prf: true, webauthn:virtualAuthenticators: true}
Session ID: a34ffb924aaa223541b0ec0879bdc659
Aug 07, 2025 11:44:16 AM base.LogResults createLogs
INFO: FAIL - Error While Clicking On OfficeCheckBox: no such element: Unable to locate element: {"method":"xpath","selector":"//label[text()='Office']"}
  (Session info: chrome=138.0.7204.184)
For documentation on this error, please visit: https://www.selenium.dev/documentation/webdriver/troubleshooting/errors#no-such-element-exception
Build info: version: '4.34.0', revision: '707dcb4246*'
System info: os.name: 'Windows 10', os.arch: 'amd64', os.version: '10.0', java.version: '17.0.11'
Driver info: org.openqa.selenium.chrome.ChromeDriver
Command: [a34ffb924aaa223541b0ec0879bdc659, findElement {value=//label[text()='Office'], using=xpath}]
Capabilities {acceptInsecureCerts: true, browserName: chrome, browserVersion: 138.0.7204.184, chrome: {chromedriverVersion: 138.0.7204.183 (e90faf484dd..., userDataDir: C:\Users\Pramod.C\AppData\L...}, fedcm:accounts: true, goog:chromeOptions: {debuggerAddress: localhost:62477}, networkConnectionEnabled: false, pageLoadStrategy: none, platformName: windows, proxy: Proxy(), se:cdp: ws://localhost:62477/devtoo..., se:cdpVersion: 138.0.7204.184, setWindowRect: true, strictFileInteractability: false, timeouts: {implicit: 0, pageLoad: 300000, script: 30000}, unhandledPromptBehavior: dismiss and notify, webauthn:extension:credBlob: true, webauthn:extension:largeBlob: true, webauthn:extension:minPinLength: true, webauthn:extension:prf: true, webauthn:virtualAuthenticators: true}
Session ID: a34ffb924aaa223541b0ec0879bdc659
Aug 07, 2025 11:44:16 AM base.LogResults createLogs
INFO: PASS - SearchDropDown Clicked Successfully : 
Aug 07, 2025 11:44:38 AM base.LogResults createLogs
INFO: FAIL - Error While Inputting Dept Name: no such element: Unable to locate element: {"method":"xpath","selector":"//input[@aria-controls='dtEmployeeDetails']"}
  (Session info: chrome=138.0.7204.184)
For documentation on this error, please visit: https://www.selenium.dev/documentation/webdriver/troubleshooting/errors#no-such-element-exception
Build info: version: '4.34.0', revision: '707dcb4246*'
System info: os.name: 'Windows 10', os.arch: 'amd64', os.version: '10.0', java.version: '17.0.11'
Driver info: org.openqa.selenium.chrome.ChromeDriver
Command: [a34ffb924aaa223541b0ec0879bdc659, findElement {value=//input[@aria-controls='dtEmployeeDetails'], using=xpath}]
Capabilities {acceptInsecureCerts: true, browserName: chrome, browserVersion: 138.0.7204.184, chrome: {chromedriverVersion: 138.0.7204.183 (e90faf484dd..., userDataDir: C:\Users\Pramod.C\AppData\L...}, fedcm:accounts: true, goog:chromeOptions: {debuggerAddress: localhost:62477}, networkConnectionEnabled: false, pageLoadStrategy: none, platformName: windows, proxy: Proxy(), se:cdp: ws://localhost:62477/devtoo..., se:cdpVersion: 138.0.7204.184, setWindowRect: true, strictFileInteractability: false, timeouts: {implicit: 0, pageLoad: 300000, script: 30000}, unhandledPromptBehavior: dismiss and notify, webauthn:extension:credBlob: true, webauthn:extension:largeBlob: true, webauthn:extension:minPinLength: true, webauthn:extension:prf: true, webauthn:virtualAuthenticators: true}
Session ID: a34ffb924aaa223541b0ec0879bdc659
Department not found: AutoDN070825091624
Aug 07, 2025 11:44:45 AM base.LogResults createLogs
INFO: FAIL - Error While Validating Entered Dept With Displayed Dept: no such element: Unable to locate element: {"method":"xpath","selector":"//input[@aria-controls='dtEmployeeDetails']"}
  (Session info: chrome=138.0.7204.184)
For documentation on this error, please visit: https://www.selenium.dev/documentation/webdriver/troubleshooting/errors#no-such-element-exception
Build info: version: '4.34.0', revision: '707dcb4246*'
System info: os.name: 'Windows 10', os.arch: 'amd64', os.version: '10.0', java.version: '17.0.11'
Driver info: org.openqa.selenium.chrome.ChromeDriver
Command: [a34ffb924aaa223541b0ec0879bdc659, findElement {value=//input[@aria-controls='dtEmployeeDetails'], using=xpath}]
Capabilities {acceptInsecureCerts: true, browserName: chrome, browserVersion: 138.0.7204.184, chrome: {chromedriverVersion: 138.0.7204.183 (e90faf484dd..., userDataDir: C:\Users\Pramod.C\AppData\L...}, fedcm:accounts: true, goog:chromeOptions: {debuggerAddress: localhost:62477}, networkConnectionEnabled: false, pageLoadStrategy: none, platformName: windows, proxy: Proxy(), se:cdp: ws://localhost:62477/devtoo..., se:cdpVersion: 138.0.7204.184, setWindowRect: true, strictFileInteractability: false, timeouts: {implicit: 0, pageLoad: 300000, script: 30000}, unhandledPromptBehavior: dismiss and notify, webauthn:extension:credBlob: true, webauthn:extension:largeBlob: true, webauthn:extension:minPinLength: true, webauthn:extension:prf: true, webauthn:virtualAuthenticators: true}
Session ID: a34ffb924aaa223541b0ec0879bdc659
Aug 07, 2025 11:44:45 AM base.LogResults createLogs
INFO: FAIL - Skipping rest steps as error count reached configured value : 5
Aug 07, 2025 11:44:45 AM base.LogResults onlyLog
INFO: Failed - Attendance-MPI_496_Attendance_Policy_46-To verify this, open the "Assigned Employees" popup/small window and test the search functionality by entering values for the following fields: First Name, Last Name, Employee ID, Enroll ID, Designation, Department, Office Ensure the search results accurately reflect the entered criteria and display matching employee records only.
---------------------------------------------------------------
AttendanceMPI_496_Attendance_Policy_46
Aug 07, 2025 11:44:45 AM base.LogResults onlyLog
INFO: Total Pass : 4 Total Fail : 3  Total TC : 7
---------------------------------------------------------------
Test case took: 83.0398 seconds
Total TC Time: 00:11:21
Launching Driver...
Aug 07, 2025 11:44:47 AM org.openqa.selenium.devtools.CdpVersionFinder findNearestMatch
WARNING: Unable to find an exact match for CDP version 138, returning the closest version; found: 137; Please update to a Selenium version that supports CDP version 138
Error Index 1 out of bounds for length 1
Aug 07, 2025 11:44:49 AM base.LogResults createLogs
INFO: PASS -  Application loaded successfully.
Aug 07, 2025 11:44:53 AM base.LogResults createLogs
INFO: PASS -  Company code entered successfully.ANHZ
Aug 07, 2025 11:44:53 AM base.LogResults createLogs
INFO: PASS - Clicked On 'Login with Password' successfully.
Aug 07, 2025 11:44:57 AM base.LogResults createLogs
INFO: PASS -  Sign-in section appeared.
Aug 07, 2025 11:44:58 AM base.LogResults createLogs
INFO: PASS -  Email Id entered.AutoE070825091624@mailinator.com
Aug 07, 2025 11:44:58 AM base.LogResults createLogs
INFO: PASS -  Password entered.Pramod@1234
Aug 07, 2025 11:44:58 AM base.LogResults createLogs
INFO: PASS -  Captcha entered.12345
Aug 07, 2025 11:44:58 AM base.LogResults createLogs
INFO: PASS -  Sign-in button clicked.
Aug 07, 2025 11:45:01 AM base.LogResults createLogs
INFO: PASS -  Login validated successfully And Good Text Is Displayed.
Aug 07, 2025 11:45:01 AM base.LogResults createLogs
INFO: PASS - Login Done Successfully: 
Aug 07, 2025 11:45:06 AM base.LogResults createLogs
INFO: PASS - Directory Button Clicked Successfully: 
Aug 07, 2025 11:45:08 AM base.LogResults createLogs
INFO: PASS - Directory Page Loaded Successfully: 
Aug 07, 2025 11:45:08 AM base.LogResults createLogs
INFO: PASS - Clicked On EmployeeTab Successfully: 
Aug 07, 2025 11:45:10 AM base.LogResults createLogs
INFO: PASS - Directory Page Loaded Successfully: 
Aug 07, 2025 11:45:20 AM base.LogResults createLogs
INFO: PASS - Clicked On TotalCountDropDown Successfully: 
Aug 07, 2025 11:45:21 AM base.LogResults createLogs
INFO: PASS - Clicked On AddNewButton Successfully: 
Aug 07, 2025 11:45:23 AM base.LogResults createLogs
INFO: PASS - Employee Form Loaded Successfully: 
Aug 07, 2025 11:45:27 AM base.LogResults createLogs
INFO: PASS - Clicked On EmployeeTypeDropdown Successfully And Selected EntityName Successfully: AutoEN070825091624
Aug 07, 2025 11:45:27 AM base.LogResults createLogs
INFO: PASS - Clicked On ReportingToDropdown Successfully: 
Aug 07, 2025 11:45:29 AM base.LogResults createLogs
INFO: PASS - Clicked On ReportingTo Search Text Field And Input Is Passed: AutoAFN
Aug 07, 2025 11:45:31 AM base.LogResults createLogs
INFO: PASS - Entity Name Selected Successfully: 
Aug 07, 2025 11:45:31 AM base.LogResults createLogs
INFO: PASS - EmployeeID Entered On Employee ID Text Field: AutoEIDOJBLI
Aug 07, 2025 11:45:35 AM base.LogResults createLogs
INFO: PASS -  CompanyLocation Selected From The DropDown : AutoON070825091624
Aug 07, 2025 11:45:35 AM base.LogResults createLogs
INFO: PASS - Employee First Name Entered On Employee FirstName Text Field: AutoFNPLOHO
Aug 07, 2025 11:45:35 AM base.LogResults createLogs
INFO: PASS - Employee Last Name Entered On Employee Last Name Text Field: AutoLNNLJBY
Aug 07, 2025 11:45:35 AM base.LogResults createLogs
INFO: PASS - Employee Email Entered On Email ID Text Field: AutoE070825091624DQU@mailinator.com
Aug 07, 2025 11:45:36 AM base.LogResults createLogs
INFO: PASS - Employee Phone Number Entered On Phone Number Text Field: 9851498898
Aug 07, 2025 11:45:36 AM base.LogResults createLogs
INFO: PASS - Employee Joining Date  Text Field Is Clicked: 
Aug 07, 2025 11:45:36 AM base.LogResults createLogs
INFO: PASS - Employee Joining Date Entered On Joining Date Text Field: 03-01-2025
Aug 07, 2025 11:45:36 AM base.LogResults createLogs
INFO: PASS - Clicked On AddEmployeeSave Successfully: 
Aug 07, 2025 11:45:40 AM base.LogResults createLogs
INFO: PASS - Clicked On GoToDirectory Successfully: 
Aug 07, 2025 11:45:45 AM base.LogResults createLogs
INFO: PASS - Directory Button Clicked Successfully: 
Aug 07, 2025 11:45:46 AM base.LogResults createLogs
INFO: PASS - Directory Page Loaded Successfully: 
Aug 07, 2025 11:45:46 AM base.LogResults createLogs
INFO: PASS - Clicked On EmployeeTab Successfully: 
Aug 07, 2025 11:45:48 AM base.LogResults createLogs
INFO: PASS - Directory Page Loaded Successfully: 
Aug 07, 2025 11:45:48 AM base.LogResults createLogs
INFO: PASS - Clicked On SearchDropDown Successfully: 
Aug 07, 2025 11:45:48 AM base.LogResults createLogs
INFO: PASS - Selected  LasTName  Successfully: 
Aug 07, 2025 11:45:49 AM base.LogResults createLogs
INFO: PASS - Clicked On SearchDropDown Successfully: 
Aug 07, 2025 11:45:53 AM base.LogResults createLogs
INFO: PASS - Clicked On Search Text Field And Pass The Created Employee LastName Successfully: AutoFNPLOHO
Aug 07, 2025 11:45:56 AM base.LogResults createLogs
INFO: PASS - Created Employee Displayed Successfully: AutoLNNLJBY
Aug 07, 2025 11:45:56 AM base.LogResults createLogs
INFO: PASS - Successfully Clicked On First Employee Record 3dots: 
Aug 07, 2025 11:45:57 AM base.LogResults createLogs
INFO: PASS - Successfully Clicked On First Employee Record ManageProfileButton: 
Aug 07, 2025 11:46:06 AM base.LogResults createLogs
INFO: PASS - Successfully Clicked On First Employee Manage Profile EditIcon: 
Aug 07, 2025 11:46:09 AM base.LogResults createLogs
INFO: PASS - Successfully Selected  Dept: AutoDN070825091624
Aug 07, 2025 11:46:17 AM base.LogResults createLogs
INFO: PASS - Successfully Selected  Designation From Dropdown: AutoDN070825091624
Aug 07, 2025 11:46:23 AM base.LogResults createLogs
INFO: PASS - Successfully Selected  Team From Dropdown: AutoTN070825091624
Aug 07, 2025 11:46:29 AM base.LogResults createLogs
INFO: PASS - Successfully Enter The Pin: 1448
Aug 07, 2025 11:46:35 AM base.LogResults createLogs
INFO: PASS - SaveChanges Button Clicked Successfully: 
Aug 07, 2025 11:46:44 AM base.LogResults createLogs
INFO: PASS - DefaultPolicy Button Clicked Successfully: 
Aug 07, 2025 11:46:50 AM base.LogResults createLogs
INFO: PASS - PolicyIcon Clicked Successfully: 
Aug 07, 2025 11:46:50 AM base.LogResults createLogs
INFO: PASS - PolicyMaster Loaded Successfully: 
Aug 07, 2025 11:46:50 AM base.LogResults createLogs
INFO: PASS - AttendancePolicy Clicked Successfully : 
Aug 07, 2025 11:46:52 AM base.LogResults createLogs
INFO: PASS - AttendancePolicy Page Loaded Successfully : 
Aug 07, 2025 11:46:52 AM base.LogResults createLogs
INFO: PASS - AddAttendancePolicyButton Clicked Successfully : 
Aug 07, 2025 11:46:53 AM base.LogResults createLogs
INFO: PASS - AttendancePolicy Name Entered Successfully : AutoAPN070825091624WBI
Aug 07, 2025 11:46:53 AM base.LogResults createLogs
INFO: PASS - WebPunchButton Button Successfully : 
Aug 07, 2025 11:46:53 AM base.LogResults createLogs
INFO: PASS - EnableGracePeriod Button  Successfully : 
Aug 07, 2025 11:46:54 AM base.LogResults createLogs
INFO: PASS - EarlyClockOut CheckBox Clicked  Successfully : 
Aug 07, 2025 11:46:54 AM base.LogResults createLogs
INFO: PASS - Clicked On GraceHours  Successfully : 
Aug 07, 2025 11:46:57 AM base.LogResults createLogs
INFO: PASS -  GraceHours Inputted  Successfully : 1:00
Aug 07, 2025 11:46:58 AM base.LogResults createLogs
INFO: PASS - Clicked On GraceTimeApply Button  Successfully : 
Aug 07, 2025 11:46:58 AM base.LogResults createLogs
INFO: PASS - EnableGracePeriod CheckBox Clicked  Successfully : 
Aug 07, 2025 11:46:58 AM base.LogResults createLogs
INFO: PASS - RegulationRequest CheckBox Clicked  Successfully : 
Aug 07, 2025 11:46:58 AM base.LogResults createLogs
INFO: PASS - AddEmpCriteria Button Successfully : 
Aug 07, 2025 11:47:03 AM base.LogResults createLogs
INFO: PASS - Office Name Selected  Successfully : AutoON070825091624
Aug 07, 2025 11:47:10 AM base.LogResults createLogs
INFO: FAIL - Error while Selecting Dept : Cannot locate option with text: AutoDN070825091624
For documentation on this error, please visit: https://www.selenium.dev/documentation/webdriver/troubleshooting/errors#no-such-element-exception
Build info: version: '4.34.0', revision: '707dcb4246*'
System info: os.name: 'Windows 10', os.arch: 'amd64', os.version: '10.0', java.version: '17.0.11'
Driver info: driver.version: unknown
Aug 07, 2025 11:47:17 AM base.LogResults createLogs
INFO: PASS - Successfully Selected  Designation From Dropdown: AutoDN070825091624
Aug 07, 2025 11:47:24 AM base.LogResults createLogs
INFO: FAIL - Error while Selecting Groups From Dropdown : Cannot locate option with text: AutoTN070825091624
For documentation on this error, please visit: https://www.selenium.dev/documentation/webdriver/troubleshooting/errors#no-such-element-exception
Build info: version: '4.34.0', revision: '707dcb4246*'
System info: os.name: 'Windows 10', os.arch: 'amd64', os.version: '10.0', java.version: '17.0.11'
Driver info: driver.version: unknown
Aug 07, 2025 11:47:30 AM base.LogResults createLogs
INFO: PASS - Successfully Selected  Employee Type From Dropdown: AutoEN070825091624
Aug 07, 2025 11:47:30 AM base.LogResults createLogs
INFO: PASS - Clicked On Apply Button Successfully : 
Aug 07, 2025 11:47:30 AM base.LogResults createLogs
INFO: PASS - CreatePolicyButton Button Successfully : 
Aug 07, 2025 11:47:38 AM base.LogResults createLogs
INFO: PASS - Yes Button Button Successfully : 
Aug 07, 2025 11:47:42 AM base.LogResults createLogs
INFO: PASS - On SearchTextField Policy Name Inputted Successfully : AutoAPN070825091624WBI
Aug 07, 2025 11:47:45 AM base.LogResults createLogs
INFO: PASS - Clicked On AssignedEmpCount Successfully : 
Aug 07, 2025 11:47:49 AM base.LogResults createLogs
INFO: PASS - Emp Record Loaded Validated Successfully : 
Aug 07, 2025 11:48:00 AM base.LogResults createLogs
INFO: PASS - Employee Name Inputted Successfully : AutoFNPLOHO
First name matched: AutoFNPLOHO
Aug 07, 2025 11:48:04 AM base.LogResults createLogs
INFO: PASS - Emp Criteria Added Employee FirstName Displayed Successfully : AutoFNPLOHO=AutoFNPLOHO
Aug 07, 2025 11:48:07 AM base.LogResults onlyLog
INFO: Failed - Attendance-MPI_498_Attendance_Policy_48-To verify this, first create an employee and assign the designation as "QC". Then, create a new policy and apply the "Add Employee Criteria" by selecting "QC" from the Department dropdown. Save the policy and click on the "Assigned Employees" count link to open the assigned employees popup. In the popup, use the search text field to search for the employee. Ensure that the employee row is displayed in the search results, confirming that the employee is correctly assigned to the policy based on the selected department criteria.
---------------------------------------------------------------
AttendanceMPI_498_Attendance_Policy_48
Aug 07, 2025 11:48:07 AM base.LogResults onlyLog
INFO: Total Pass : 4 Total Fail : 4  Total TC : 8
---------------------------------------------------------------
Test case took: 199.0983 seconds
Total TC Time: 00:14:40
Launching Driver...
Aug 07, 2025 11:48:09 AM org.openqa.selenium.devtools.CdpVersionFinder findNearestMatch
WARNING: Unable to find an exact match for CDP version 138, returning the closest version; found: 137; Please update to a Selenium version that supports CDP version 138
Error Index 1 out of bounds for length 1
Aug 07, 2025 11:48:11 AM base.LogResults createLogs
INFO: PASS -  Application loaded successfully.
Aug 07, 2025 11:48:15 AM base.LogResults createLogs
INFO: PASS -  Company code entered successfully.ANHZ
Aug 07, 2025 11:48:16 AM base.LogResults createLogs
INFO: PASS - Clicked On 'Login with Password' successfully.
Aug 07, 2025 11:48:20 AM base.LogResults createLogs
INFO: PASS -  Sign-in section appeared.
Aug 07, 2025 11:48:20 AM base.LogResults createLogs
INFO: PASS -  Email Id entered.AutoE070825091624@mailinator.com
Aug 07, 2025 11:48:20 AM base.LogResults createLogs
INFO: PASS -  Password entered.Pramod@1234
Aug 07, 2025 11:48:20 AM base.LogResults createLogs
INFO: PASS -  Captcha entered.12345
Aug 07, 2025 11:48:21 AM base.LogResults createLogs
INFO: PASS -  Sign-in button clicked.
Aug 07, 2025 11:48:23 AM base.LogResults createLogs
INFO: PASS -  Login validated successfully And Good Text Is Displayed.
Aug 07, 2025 11:48:23 AM base.LogResults createLogs
INFO: PASS - Login Done Successfully: 
Aug 07, 2025 11:48:28 AM base.LogResults createLogs
INFO: PASS - Directory Button Clicked Successfully: 
Aug 07, 2025 11:48:30 AM base.LogResults createLogs
INFO: PASS - Directory Page Loaded Successfully: 
Aug 07, 2025 11:48:30 AM base.LogResults createLogs
INFO: PASS - Clicked On EmployeeTab Successfully: 
Aug 07, 2025 11:48:31 AM base.LogResults createLogs
INFO: PASS - Directory Page Loaded Successfully: 
Aug 07, 2025 11:48:42 AM base.LogResults createLogs
INFO: PASS - Clicked On TotalCountDropDown Successfully: 
Aug 07, 2025 11:48:43 AM base.LogResults createLogs
INFO: PASS - Clicked On AddNewButton Successfully: 
Aug 07, 2025 11:48:45 AM base.LogResults createLogs
INFO: PASS - Employee Form Loaded Successfully: 
Aug 07, 2025 11:48:49 AM base.LogResults createLogs
INFO: PASS - Clicked On EmployeeTypeDropdown Successfully And Selected EntityName Successfully: AutoEN070825091624
Aug 07, 2025 11:48:49 AM base.LogResults createLogs
INFO: PASS - Clicked On ReportingToDropdown Successfully: 
Aug 07, 2025 11:48:51 AM base.LogResults createLogs
INFO: PASS - Clicked On ReportingTo Search Text Field And Input Is Passed: AutoAFN
Aug 07, 2025 11:48:53 AM base.LogResults createLogs
INFO: PASS - Entity Name Selected Successfully: 
Aug 07, 2025 11:48:54 AM base.LogResults createLogs
INFO: PASS - EmployeeID Entered On Employee ID Text Field: AutoEIDHTEX
Aug 07, 2025 11:48:57 AM base.LogResults createLogs
INFO: PASS -  CompanyLocation Selected From The DropDown : AutoON070825091624
Aug 07, 2025 11:48:57 AM base.LogResults createLogs
INFO: PASS - Employee First Name Entered On Employee FirstName Text Field: AutoFNYJFXO
Aug 07, 2025 11:48:57 AM base.LogResults createLogs
INFO: PASS - Employee Last Name Entered On Employee Last Name Text Field: AutoLNQNERT
Aug 07, 2025 11:48:57 AM base.LogResults createLogs
INFO: PASS - Employee Email Entered On Email ID Text Field: AutoE070825091624KOX@mailinator.com
Aug 07, 2025 11:48:58 AM base.LogResults createLogs
INFO: PASS - Employee Phone Number Entered On Phone Number Text Field: 9851469341
Aug 07, 2025 11:48:58 AM base.LogResults createLogs
INFO: PASS - Employee Joining Date  Text Field Is Clicked: 
Aug 07, 2025 11:48:58 AM base.LogResults createLogs
INFO: PASS - Employee Joining Date Entered On Joining Date Text Field: 03-01-2025
Aug 07, 2025 11:48:58 AM base.LogResults createLogs
INFO: PASS - Clicked On AddEmployeeSave Successfully: 
Aug 07, 2025 11:49:02 AM base.LogResults createLogs
INFO: PASS - Clicked On GoToDirectory Successfully: 
Aug 07, 2025 11:49:10 AM base.LogResults createLogs
INFO: PASS - Directory Button Clicked Successfully: 
Aug 07, 2025 11:49:11 AM base.LogResults createLogs
INFO: PASS - Directory Page Loaded Successfully: 
Aug 07, 2025 11:49:11 AM base.LogResults createLogs
INFO: PASS - Clicked On EmployeeTab Successfully: 
Aug 07, 2025 11:49:13 AM base.LogResults createLogs
INFO: PASS - Directory Page Loaded Successfully: 
Aug 07, 2025 11:49:23 AM base.LogResults createLogs
INFO: PASS - Clicked On TotalCountDropDown Successfully: 
Aug 07, 2025 11:49:24 AM base.LogResults createLogs
INFO: PASS - Clicked On AddNewButton Successfully: 
Aug 07, 2025 11:49:27 AM base.LogResults createLogs
INFO: PASS - Employee Form Loaded Successfully: 
Aug 07, 2025 11:49:30 AM base.LogResults createLogs
INFO: PASS - Clicked On EmployeeTypeDropdown Successfully And Selected EntityName Successfully: AutoEN070825091624
Aug 07, 2025 11:49:30 AM base.LogResults createLogs
INFO: PASS - Clicked On ReportingToDropdown Successfully: 
Aug 07, 2025 11:49:32 AM base.LogResults createLogs
INFO: PASS - Clicked On ReportingTo Search Text Field And Input Is Passed: AutoAFN
Aug 07, 2025 11:49:35 AM base.LogResults createLogs
INFO: PASS - Entity Name Selected Successfully: 
Aug 07, 2025 11:49:35 AM base.LogResults createLogs
INFO: PASS - EmployeeID Entered On Employee ID Text Field: AutoEIDHTEXUWQCJ
Aug 07, 2025 11:49:38 AM base.LogResults createLogs
INFO: PASS -  CompanyLocation Selected From The DropDown : AutoON070825091624
Aug 07, 2025 11:49:38 AM base.LogResults createLogs
INFO: PASS - Employee First Name Entered On Employee FirstName Text Field: AutotwoATOIA
Aug 07, 2025 11:49:38 AM base.LogResults createLogs
INFO: PASS - Employee Last Name Entered On Employee Last Name Text Field: AutotwoATOIA
Aug 07, 2025 11:49:39 AM base.LogResults createLogs
INFO: PASS - Employee Email Entered On Email ID Text Field: AutoEEWIX@mailinator.com
Aug 07, 2025 11:49:39 AM base.LogResults createLogs
INFO: PASS - Employee Phone Number Entered On Phone Number Text Field: 9851469341
Aug 07, 2025 11:49:39 AM base.LogResults createLogs
INFO: PASS - Employee Joining Date  Text Field Is Clicked: 
Aug 07, 2025 11:49:39 AM base.LogResults createLogs
INFO: PASS - Employee Joining Date Entered On Joining Date Text Field: 03-01-2025
Aug 07, 2025 11:49:39 AM base.LogResults createLogs
INFO: PASS - Clicked On AddEmployeeSave Successfully: 
Aug 07, 2025 11:49:43 AM base.LogResults createLogs
INFO: PASS - Clicked On GoToDirectory Successfully: 
Aug 07, 2025 11:49:48 AM base.LogResults createLogs
INFO: PASS - Directory Button Clicked Successfully: 
Aug 07, 2025 11:49:49 AM base.LogResults createLogs
INFO: PASS - Directory Page Loaded Successfully: 
Aug 07, 2025 11:49:50 AM base.LogResults createLogs
INFO: PASS - Clicked On EmployeeTab Successfully: 
Aug 07, 2025 11:49:51 AM base.LogResults createLogs
INFO: PASS - Directory Page Loaded Successfully: 
Aug 07, 2025 11:49:51 AM base.LogResults createLogs
INFO: PASS - Clicked On SearchDropDown Successfully: 
Aug 07, 2025 11:49:52 AM base.LogResults createLogs
INFO: PASS - Selected  LasTName  Successfully: 
Aug 07, 2025 11:49:52 AM base.LogResults createLogs
INFO: PASS - Clicked On SearchDropDown Successfully: 
Aug 07, 2025 11:49:56 AM base.LogResults createLogs
INFO: PASS - Clicked On Search Text Field And Pass The Created Employee LastName Successfully: AutoFNYJFXO
Aug 07, 2025 11:50:00 AM base.LogResults createLogs
INFO: PASS - Created Employee Displayed Successfully: AutoLNQNERT
Aug 07, 2025 11:50:00 AM base.LogResults createLogs
INFO: PASS - Successfully Clicked On First Employee Record 3dots: 
Aug 07, 2025 11:50:00 AM base.LogResults createLogs
INFO: PASS - Successfully Clicked On First Employee Record ManageProfileButton: 
Aug 07, 2025 11:50:09 AM base.LogResults createLogs
INFO: PASS - Successfully Clicked On First Employee Manage Profile EditIcon: 
Aug 07, 2025 11:50:13 AM base.LogResults createLogs
INFO: PASS - Successfully Selected  Dept: AutoDN070825091624
Aug 07, 2025 11:50:20 AM base.LogResults createLogs
INFO: PASS - Successfully Selected  Designation From Dropdown: AutoDN070825091624
Aug 07, 2025 11:50:27 AM base.LogResults createLogs
INFO: PASS - Successfully Selected  Grade From Dropdown: AutoGN070825091624
Aug 07, 2025 11:50:31 AM base.LogResults createLogs
INFO: PASS - Successfully Selected  Team From Dropdown: AutoTN070825091624
Aug 07, 2025 11:50:38 AM base.LogResults createLogs
INFO: PASS - Successfully Enter The Pin: 1736
Aug 07, 2025 11:50:44 AM base.LogResults createLogs
INFO: PASS - SaveChanges Button Clicked Successfully: 
Aug 07, 2025 11:50:52 AM base.LogResults createLogs
INFO: PASS - DefaultPolicy Button Clicked Successfully: 
Aug 07, 2025 11:50:59 AM base.LogResults createLogs
INFO: PASS - Directory Button Clicked Successfully: 
Aug 07, 2025 11:51:01 AM base.LogResults createLogs
INFO: PASS - Directory Page Loaded Successfully: 
Aug 07, 2025 11:51:01 AM base.LogResults createLogs
INFO: PASS - Clicked On EmployeeTab Successfully: 
Aug 07, 2025 11:51:03 AM base.LogResults createLogs
INFO: PASS - Directory Page Loaded Successfully: 
Aug 07, 2025 11:51:07 AM base.LogResults createLogs
INFO: PASS - Clicked On Search Text Field And Pass The Created Employee LastName Successfully: AutotwoATOIA
Aug 07, 2025 11:51:10 AM base.LogResults createLogs
INFO: PASS - Created Employee Displayed Successfully: AutoLNQNERT
Aug 07, 2025 11:51:10 AM base.LogResults createLogs
INFO: PASS - Successfully Clicked On First Employee Record 3dots: 
Aug 07, 2025 11:51:11 AM base.LogResults createLogs
INFO: PASS - Successfully Clicked On First Employee Record ManageProfileButton: 
Aug 07, 2025 11:51:20 AM base.LogResults createLogs
INFO: PASS - Successfully Clicked On First Employee Manage Profile EditIcon: 
Aug 07, 2025 11:51:23 AM base.LogResults createLogs
INFO: PASS - Successfully Selected  Dept: AutoDN070825091624
Aug 07, 2025 11:51:31 AM base.LogResults createLogs
INFO: PASS - Successfully Selected  Designation From Dropdown: AutoDN070825091624
Aug 07, 2025 11:51:38 AM base.LogResults createLogs
INFO: PASS - Successfully Selected  Grade From Dropdown: AutoGN070825091624
Aug 07, 2025 11:51:42 AM base.LogResults createLogs
INFO: PASS - Successfully Selected  Team From Dropdown: AutoTN070825091624
Aug 07, 2025 11:51:48 AM base.LogResults createLogs
INFO: PASS - Successfully Enter The Pin: 1736
Aug 07, 2025 11:51:55 AM base.LogResults createLogs
INFO: PASS - SaveChanges Button Clicked Successfully: 
Aug 07, 2025 11:52:03 AM base.LogResults createLogs
INFO: PASS - DefaultPolicy Button Clicked Successfully: 
Aug 07, 2025 11:52:08 AM base.LogResults createLogs
INFO: PASS - Directory Button Clicked Successfully: 
Aug 07, 2025 11:52:09 AM base.LogResults createLogs
INFO: PASS - Directory Page Loaded Successfully: 
Aug 07, 2025 11:52:14 AM base.LogResults createLogs
INFO: PASS - Clicked On Search Text Field And Pass The Created Employee LastName Successfully: AutoFNYJFXO
Aug 07, 2025 11:52:17 AM base.LogResults createLogs
INFO: PASS - Created Employee Displayed Successfully: AutoLNQNERT
Aug 07, 2025 11:52:17 AM base.LogResults createLogs
INFO: PASS - Clicked On 3Dots Successfully: 
Aug 07, 2025 11:52:17 AM base.LogResults createLogs
INFO: PASS - Clicked On WebEnrollment Successfully: 
Aug 07, 2025 11:52:20 AM base.LogResults createLogs
INFO: PASS - Clicked On FaceEnrollmentTab Successfully: 
Aug 07, 2025 11:52:35 AM base.LogResults createLogs
INFO: PASS - Image Selected For WebEnrollment Successfully: ./data/images/enrollmentimage.jpg
Aug 07, 2025 11:52:35 AM base.LogResults createLogs
INFO: PASS - Successfully Clicked On CropImage: 
Aug 07, 2025 11:52:36 AM base.LogResults createLogs
INFO: PASS - Successfully Clicked On SaveEnrollmentButton: 
Aug 07, 2025 11:53:06 AM base.LogResults createLogs
INFO: PASS - Success Msg Is Displayed: 
Aug 07, 2025 11:53:15 AM base.LogResults createLogs
INFO: PASS - Directory Button Clicked Successfully: 
Aug 07, 2025 11:53:17 AM base.LogResults createLogs
INFO: PASS - Directory Page Loaded Successfully: 
Aug 07, 2025 11:53:21 AM base.LogResults createLogs
INFO: PASS - Clicked On Search Text Field And Pass The Created Employee LastName Successfully: AutotwoATOIA
Aug 07, 2025 11:53:24 AM base.LogResults createLogs
INFO: PASS - Created Employee Displayed Successfully: AutoLNQNERT
Aug 07, 2025 11:53:24 AM base.LogResults createLogs
INFO: PASS - Clicked On 3Dots Successfully: 
Aug 07, 2025 11:53:25 AM base.LogResults createLogs
INFO: PASS - Clicked On WebEnrollment Successfully: 
Aug 07, 2025 11:53:28 AM base.LogResults createLogs
INFO: PASS - Clicked On FaceEnrollmentTab Successfully: 
Aug 07, 2025 11:53:42 AM base.LogResults createLogs
INFO: PASS - Image Selected For WebEnrollment Successfully: ./data/images/enrollmentimage.jpg
Aug 07, 2025 11:53:42 AM base.LogResults createLogs
INFO: PASS - Successfully Clicked On CropImage: 
Aug 07, 2025 11:53:43 AM base.LogResults createLogs
INFO: PASS - Successfully Clicked On SaveEnrollmentButton: 
Aug 07, 2025 11:54:14 AM base.LogResults createLogs
INFO: PASS - Success Msg Is Displayed: 
Aug 07, 2025 11:54:22 AM base.LogResults createLogs
INFO: PASS - PolicyIcon Clicked Successfully: 
Aug 07, 2025 11:54:22 AM base.LogResults createLogs
INFO: PASS - PolicyMaster Loaded Successfully: 
Aug 07, 2025 11:54:22 AM base.LogResults createLogs
INFO: PASS - AttendancePolicy Clicked Successfully : 
Aug 07, 2025 11:54:24 AM base.LogResults createLogs
INFO: PASS - AttendancePolicy Page Loaded Successfully : 
Aug 07, 2025 11:54:24 AM base.LogResults createLogs
INFO: PASS - AddAttendancePolicyButton Clicked Successfully : 
Aug 07, 2025 11:54:24 AM base.LogResults createLogs
INFO: PASS - AttendancePolicy Name Entered Successfully : AutoAPN070825091624MNJ
Aug 07, 2025 11:54:25 AM base.LogResults createLogs
INFO: PASS - WebPunchButton Button Successfully : 
Aug 07, 2025 11:54:25 AM base.LogResults createLogs
INFO: PASS - EnableGracePeriod Button  Successfully : 
Aug 07, 2025 11:54:26 AM base.LogResults createLogs
INFO: PASS - EarlyClockOut CheckBox Clicked  Successfully : 
Aug 07, 2025 11:54:26 AM base.LogResults createLogs
INFO: PASS - Clicked On GraceHours  Successfully : 
Aug 07, 2025 11:54:29 AM base.LogResults createLogs
INFO: PASS -  GraceHours Inputted  Successfully : 1:00
Aug 07, 2025 11:54:30 AM base.LogResults createLogs
INFO: PASS - Clicked On GraceTimeApply Button  Successfully : 
Aug 07, 2025 11:54:30 AM base.LogResults createLogs
INFO: PASS - EnableGracePeriod CheckBox Clicked  Successfully : 
Aug 07, 2025 11:54:30 AM base.LogResults createLogs
INFO: PASS - RegulationRequest CheckBox Clicked  Successfully : 
Aug 07, 2025 11:54:30 AM base.LogResults createLogs
INFO: PASS - AddEmpCriteria Button Successfully : 
Aug 07, 2025 11:54:35 AM base.LogResults createLogs
INFO: PASS - Office Name Selected  Successfully : AutoON070825091624
Aug 07, 2025 11:54:42 AM base.LogResults createLogs
INFO: FAIL - Error while Selecting Dept : Cannot locate option with text: AutoDN070825091624
For documentation on this error, please visit: https://www.selenium.dev/documentation/webdriver/troubleshooting/errors#no-such-element-exception
Build info: version: '4.34.0', revision: '707dcb4246*'
System info: os.name: 'Windows 10', os.arch: 'amd64', os.version: '10.0', java.version: '17.0.11'
Driver info: driver.version: unknown
Aug 07, 2025 11:54:49 AM base.LogResults createLogs
INFO: PASS - Successfully Selected  Designation From Dropdown: AutoDN070825091624
Aug 07, 2025 11:54:56 AM base.LogResults createLogs
INFO: FAIL - Error while Selecting Groups From Dropdown : Cannot locate option with text: AutoTN070825091624
For documentation on this error, please visit: https://www.selenium.dev/documentation/webdriver/troubleshooting/errors#no-such-element-exception
Build info: version: '4.34.0', revision: '707dcb4246*'
System info: os.name: 'Windows 10', os.arch: 'amd64', os.version: '10.0', java.version: '17.0.11'
Driver info: driver.version: unknown
Aug 07, 2025 11:55:02 AM base.LogResults createLogs
INFO: PASS - Successfully Selected  Employee Type From Dropdown: AutoEN070825091624
Aug 07, 2025 11:55:06 AM base.LogResults createLogs
INFO: PASS - Successfully Clicked On Add More Criteria: 
Aug 07, 2025 11:55:06 AM base.LogResults createLogs
INFO: PASS - Successfully Clicked On GradeCheckBox: 
Aug 07, 2025 11:55:10 AM base.LogResults createLogs
INFO: PASS - Successfully Clicked On Add More Criteria: 
Aug 07, 2025 11:55:11 AM base.LogResults createLogs
INFO: PASS - Successfully Clicked On IncludeEmpCheckBox: 
Aug 07, 2025 11:55:15 AM base.LogResults createLogs
INFO: PASS - Successfully Clicked On Add More Criteria: 
Aug 07, 2025 11:55:15 AM base.LogResults createLogs
INFO: PASS - Successfully Clicked On ExcludeEmpCheckBox: 
Aug 07, 2025 11:55:20 AM base.LogResults createLogs
INFO: PASS - Successfully Selected  Grade From Dropdown: AutoGN070825091624
Aug 07, 2025 11:55:25 AM base.LogResults createLogs
INFO: PASS - Successfully Input The Employee First Name: AutoFNYJFXO
Aug 07, 2025 11:55:25 AM base.LogResults createLogs
INFO: PASS - Successfully Clicked On Displayed Employee First Name: AutoFNYJFXO
Aug 07, 2025 11:55:29 AM base.LogResults createLogs
INFO: PASS - Successfully Input The 2nd Employee First Name: AutotwoATOIA
Aug 07, 2025 11:55:29 AM base.LogResults createLogs
INFO: PASS - Successfully Clicked On Displayed Employee First Name: AutoFNYJFXO
Aug 07, 2025 11:55:29 AM base.LogResults createLogs
INFO: PASS - Clicked On Apply Button Successfully : 
Aug 07, 2025 11:55:32 AM base.LogResults createLogs
INFO: PASS - CreatePolicyButton Button Successfully : 
Aug 07, 2025 11:55:40 AM base.LogResults createLogs
INFO: PASS - Yes Button Clicked Successfully : 
Aug 07, 2025 11:55:44 AM base.LogResults createLogs
INFO: PASS - On SearchTextField Policy Name Inputted Successfully : AutoAPN070825091624MNJ
Aug 07, 2025 11:55:55 AM base.LogResults createLogs
INFO: PASS - Clicked On AssignedEmpCount Successfully : 
Aug 07, 2025 11:55:59 AM base.LogResults createLogs
INFO: PASS - Emp Record Loaded Validated Successfully : 
Aug 07, 2025 11:56:11 AM base.LogResults createLogs
INFO: PASS - Employee Name Inputted Successfully : AutotwoATOIA
Aug 07, 2025 11:56:29 AM base.LogResults createLogs
INFO: FAIL - Error While Displaying Error Message: NoMatchingRecord validation failed: no such element: Unable to locate element: {"method":"xpath","selector":"//td[text()='No matching records found']"}
  (Session info: chrome=138.0.7204.184)
For documentation on this error, please visit: https://www.selenium.dev/documentation/webdriver/troubleshooting/errors#no-such-element-exception
Build info: version: '4.34.0', revision: '707dcb4246*'
System info: os.name: 'Windows 10', os.arch: 'amd64', os.version: '10.0', java.version: '17.0.11'
Driver info: org.openqa.selenium.chrome.ChromeDriver
Command: [1d3a5a495f2649a3b12fe5d382337ccb, findElement {value=//td[text()='No matching records found'], using=xpath}]
Capabilities {acceptInsecureCerts: true, browserName: chrome, browserVersion: 138.0.7204.184, chrome: {chromedriverVersion: 138.0.7204.183 (e90faf484dd..., userDataDir: C:\Users\Pramod.C\AppData\L...}, fedcm:accounts: true, goog:chromeOptions: {debuggerAddress: localhost:62894}, networkConnectionEnabled: false, pageLoadStrategy: none, platformName: windows, proxy: Proxy(), se:cdp: ws://localhost:62894/devtoo..., se:cdpVersion: 138.0.7204.184, setWindowRect: true, strictFileInteractability: false, timeouts: {implicit: 0, pageLoad: 300000, script: 30000}, unhandledPromptBehavior: dismiss and notify, webauthn:extension:credBlob: true, webauthn:extension:largeBlob: true, webauthn:extension:minPinLength: true, webauthn:extension:prf: true, webauthn:virtualAuthenticators: true}
Session ID: 1d3a5a495f2649a3b12fe5d382337ccb
Aug 07, 2025 11:56:29 AM base.LogResults onlyLog
INFO: Failed - Attendance-MPI_499_Attendance_Policy_49-To verify this, go to the "Add Employee Criteria" section and click on "Add More Criteria." From the available filters, select "Grade" and choose a grade that is assigned to only one specific employee. After saving the policy, click on the "Assigned Employees" count link to open the list. Ensure that only the employee matching the selected grade is assigned to the policy, confirming that the grade-based filtering is working correctly.
---------------------------------------------------------------
AttendanceMPI_499_Attendance_Policy_49
Aug 07, 2025 11:56:29 AM base.LogResults onlyLog
INFO: Total Pass : 4 Total Fail : 5  Total TC : 9
---------------------------------------------------------------
Test case took: 499.4723 seconds
Total TC Time: 00:22:59
Launching Driver...
Aug 07, 2025 11:56:32 AM org.openqa.selenium.devtools.CdpVersionFinder findNearestMatch
WARNING: Unable to find an exact match for CDP version 138, returning the closest version; found: 137; Please update to a Selenium version that supports CDP version 138
Error Index 1 out of bounds for length 1
Aug 07, 2025 11:56:33 AM base.LogResults createLogs
INFO: PASS -  Application loaded successfully.
Aug 07, 2025 11:56:37 AM base.LogResults createLogs
INFO: PASS -  Company code entered successfully.ANHZ
Aug 07, 2025 11:56:37 AM base.LogResults createLogs
INFO: PASS - Clicked On 'Login with Password' successfully.
Aug 07, 2025 11:56:42 AM base.LogResults createLogs
INFO: PASS -  Sign-in section appeared.
Aug 07, 2025 11:56:42 AM base.LogResults createLogs
INFO: PASS -  Email Id entered.AutoE070825091624@mailinator.com
Aug 07, 2025 11:56:42 AM base.LogResults createLogs
INFO: PASS -  Password entered.Pramod@1234
Aug 07, 2025 11:56:42 AM base.LogResults createLogs
INFO: PASS -  Captcha entered.12345
Aug 07, 2025 11:56:42 AM base.LogResults createLogs
INFO: PASS -  Sign-in button clicked.
Aug 07, 2025 11:56:45 AM base.LogResults createLogs
INFO: PASS -  Login validated successfully And Good Text Is Displayed.
Aug 07, 2025 11:56:46 AM base.LogResults createLogs
INFO: PASS - Login Done Successfully: 
Aug 07, 2025 11:56:50 AM base.LogResults createLogs
INFO: PASS - PolicyIcon Clicked Successfully: 
Aug 07, 2025 11:56:50 AM base.LogResults createLogs
INFO: PASS - PolicyMaster Loaded Successfully: 
Aug 07, 2025 11:56:50 AM base.LogResults createLogs
INFO: PASS - AttendancePolicy Clicked Successfully : 
Aug 07, 2025 11:56:52 AM base.LogResults createLogs
INFO: PASS - AttendancePolicy Page Loaded Successfully : 
Aug 07, 2025 11:56:52 AM base.LogResults createLogs
INFO: PASS - AddAttendancePolicyButton Clicked Successfully : 
Aug 07, 2025 11:56:52 AM base.LogResults createLogs
INFO: PASS - AttendancePolicy Name Entered Successfully : AutoAPN070825091624IVJ
Aug 07, 2025 11:56:53 AM base.LogResults createLogs
INFO: PASS - DefaultCheckBox  Successfully : 
Aug 07, 2025 11:56:53 AM base.LogResults createLogs
INFO: PASS - EnableGracePeriod Button  Successfully : 
Aug 07, 2025 11:56:54 AM base.LogResults createLogs
INFO: PASS - EarlyClockOut CheckBox Clicked  Successfully : 
Aug 07, 2025 11:56:54 AM base.LogResults createLogs
INFO: PASS - Clicked On GraceHours  Successfully : 
Aug 07, 2025 11:56:58 AM base.LogResults createLogs
INFO: PASS -  GraceHours Inputted  Successfully : 1:00
Aug 07, 2025 11:56:58 AM base.LogResults createLogs
INFO: PASS - Clicked On GraceTimeApply Button  Successfully : 
Aug 07, 2025 11:56:58 AM base.LogResults createLogs
INFO: PASS - EnableGracePeriod CheckBox Clicked  Successfully : 
Aug 07, 2025 11:56:58 AM base.LogResults createLogs
INFO: PASS - RegulationRequest CheckBox Clicked  Successfully : 
Aug 07, 2025 11:56:58 AM base.LogResults createLogs
INFO: PASS - CreatePolicyButton Button Successfully : 
Aug 07, 2025 11:57:06 AM base.LogResults createLogs
INFO: PASS - YesButton Button Successfully : 
Aug 07, 2025 11:57:13 AM base.LogResults createLogs
INFO: PASS - Directory Button Clicked Successfully: 
Aug 07, 2025 11:57:15 AM base.LogResults createLogs
INFO: PASS - Directory Page Loaded Successfully: 
Aug 07, 2025 11:57:15 AM base.LogResults createLogs
INFO: PASS - Clicked On EmployeeTab Successfully: 
Aug 07, 2025 11:57:17 AM base.LogResults createLogs
INFO: PASS - Directory Page Loaded Successfully: 
Aug 07, 2025 11:57:27 AM base.LogResults createLogs
INFO: PASS - Clicked On TotalCountDropDown Successfully: 
Aug 07, 2025 11:57:28 AM base.LogResults createLogs
INFO: PASS - Clicked On AddNewButton Successfully: 
Aug 07, 2025 11:57:31 AM base.LogResults createLogs
INFO: PASS - Employee Form Loaded Successfully: 
Aug 07, 2025 11:57:34 AM base.LogResults createLogs
INFO: PASS - Clicked On EmployeeTypeDropdown Successfully And Selected EntityName Successfully: AutoEN070825091624
Aug 07, 2025 11:57:34 AM base.LogResults createLogs
INFO: PASS - Clicked On ReportingToDropdown Successfully: 
Aug 07, 2025 11:57:36 AM base.LogResults createLogs
INFO: PASS - Clicked On ReportingTo Search Text Field And Input Is Passed: AutoAFN
Aug 07, 2025 11:57:38 AM base.LogResults createLogs
INFO: PASS - Entity Name Selected Successfully: 
Aug 07, 2025 11:57:39 AM base.LogResults createLogs
INFO: PASS - EmployeeID Entered On Employee ID Text Field: AutoEIDPWYVO
Aug 07, 2025 11:57:42 AM base.LogResults createLogs
INFO: PASS -  CompanyLocation Selected From The DropDown : AutoON070825091624
Aug 07, 2025 11:57:42 AM base.LogResults createLogs
INFO: PASS - Employee First Name Entered On Employee FirstName Text Field: AutoFNTMSYD
Aug 07, 2025 11:57:42 AM base.LogResults createLogs
INFO: PASS - Employee Last Name Entered On Employee Last Name Text Field: AutoLNEPMDH
Aug 07, 2025 11:57:42 AM base.LogResults createLogs
INFO: PASS - Employee Email Entered On Email ID Text Field: AutoE070825091624HEKE@mailinator.com
Aug 07, 2025 11:57:43 AM base.LogResults createLogs
INFO: PASS - Employee Phone Number Entered On Phone Number Text Field: 9851490965
Aug 07, 2025 11:57:43 AM base.LogResults createLogs
INFO: PASS - Employee Joining Date  Text Field Is Clicked: 
Aug 07, 2025 11:57:43 AM base.LogResults createLogs
INFO: PASS - Employee Joining Date Entered On Joining Date Text Field: 03-01-2025
Aug 07, 2025 11:57:43 AM base.LogResults createLogs
INFO: PASS - Clicked On AddEmployeeSave Successfully: 
Aug 07, 2025 11:57:46 AM base.LogResults createLogs
INFO: PASS - Clicked On GoToDirectory Successfully: 
Aug 07, 2025 11:57:48 AM base.LogResults createLogs
INFO: PASS - Clicked On SearchDropDown Successfully: 
Aug 07, 2025 11:57:48 AM base.LogResults createLogs
INFO: PASS - Selected  LasTName  Successfully: 
Aug 07, 2025 11:57:48 AM base.LogResults createLogs
INFO: PASS - Clicked On SearchDropDown Successfully: 
Aug 07, 2025 11:57:53 AM base.LogResults createLogs
INFO: PASS - Clicked On Search Text Field And Pass The Created Employee LastName Successfully: AutoLNEPMDH
Aug 07, 2025 11:57:56 AM base.LogResults createLogs
INFO: PASS - Created Employee Displayed Successfully: AutoLNEPMDH
Aug 07, 2025 11:57:56 AM base.LogResults createLogs
INFO: PASS - Clicked On 3Dots Successfully: 
Aug 07, 2025 11:57:56 AM base.LogResults createLogs
INFO: PASS - Clicked On WebEnrollment Successfully: 
Aug 07, 2025 11:57:59 AM base.LogResults createLogs
INFO: PASS - Clicked On FaceEnrollmentTab Successfully: 
Aug 07, 2025 11:58:14 AM base.LogResults createLogs
INFO: PASS - Image Selected For WebEnrollment Successfully: ./data/images/enrollmentimage.jpg
Aug 07, 2025 11:58:14 AM base.LogResults createLogs
INFO: PASS - Successfully Clicked On CropImage: 
Aug 07, 2025 11:58:15 AM base.LogResults createLogs
INFO: PASS - Successfully Clicked On SaveEnrollmentButton: 
Aug 07, 2025 11:58:45 AM base.LogResults createLogs
INFO: PASS - Success Msg Is Displayed: 
Aug 07, 2025 11:58:54 AM base.LogResults createLogs
INFO: PASS - Directory Button Clicked Successfully: 
Aug 07, 2025 11:58:56 AM base.LogResults createLogs
INFO: PASS - Directory Page Loaded Successfully: 
Aug 07, 2025 11:58:56 AM base.LogResults createLogs
INFO: PASS - Clicked On EmployeeTab Successfully: 
Aug 07, 2025 11:58:58 AM base.LogResults createLogs
INFO: PASS - Directory Page Loaded Successfully: 
Aug 07, 2025 11:58:58 AM base.LogResults createLogs
INFO: PASS - Clicked On SearchDropDown Successfully: 
Aug 07, 2025 11:58:59 AM base.LogResults createLogs
INFO: PASS - Selected  LasTName  Successfully: 
Aug 07, 2025 11:58:59 AM base.LogResults createLogs
INFO: PASS - Clicked On SearchDropDown Successfully: 
Aug 07, 2025 11:59:03 AM base.LogResults createLogs
INFO: PASS - Clicked On Search Text Field And Pass The Created Employee LastName Successfully: AutoLNEPMDH
Aug 07, 2025 11:59:07 AM base.LogResults createLogs
INFO: PASS - Created Employee Displayed Successfully: AutoLNEPMDH
Aug 07, 2025 11:59:07 AM base.LogResults createLogs
INFO: PASS - Successfully Clicked On First Employee Record 3dots: 
Aug 07, 2025 11:59:07 AM base.LogResults createLogs
INFO: PASS - Successfully Clicked On First Employee Record ManageProfileButton: 
Aug 07, 2025 11:59:27 AM base.LogResults createLogs
INFO: PASS - Successfully Clicked On First Employee Record Policy Button: 
Policy name matches: AutoAPN070825091624IVJ
Aug 07, 2025 11:59:30 AM base.LogResults createLogs
INFO: PASS - Successfully Fetch the Assigned Attendance Policy Name Of Employee : AutoAPN070825091624IVJ=AutoAPN070825091624IVJ
Aug 07, 2025 11:59:30 AM base.LogResults onlyLog
INFO: Passed - Attendance-MPI_503_Attendance_Policy_52-To verify this, create a policy and set it as the default. Then, create an employee and ensure that the employee is assigned to the created policy since it has been set as the default.
---------------------------------------------------------------
AttendanceMPI_503_Attendance_Policy_52
Aug 07, 2025 11:59:30 AM base.LogResults onlyLog
INFO: Total Pass : 5 Total Fail : 5  Total TC : 10
---------------------------------------------------------------
Test case took: 178.5415 seconds
Total TC Time: 00:25:58

===============================================
Suite
Total tests run: 10, Passes: 9, Failures: 0, Skips: 1
===============================================

