>> Console logging redirected to data/console.log
Continuing with Existing Master Data due to threshold value:140725-140725-ThreSld->3
Launching Driver...
SLF4J(W): No SLF4J providers were found.
SLF4J(W): Defaulting to no-operation (NOP) logger implementation
SLF4J(W): See https://www.slf4j.org/codes.html#noProviders for further details.
Jul 14, 2025 6:00:27 PM org.openqa.selenium.devtools.CdpVersionFinder findNearestMatch
WARNING: Unable to find an exact match for CDP version 138, returning the closest version; found: 137; Please update to a Selenium version that supports CDP version 138
Jul 14, 2025 6:00:28 PM base.LogResults createLogs
INFO: PASS - Application Loaded Successfully: 
Jul 14, 2025 6:00:33 PM base.LogResults createLogs
INFO: PASS - Company Code Entered in Text Box: AGIB
Jul 14, 2025 6:00:33 PM base.LogResults createLogs
INFO: PASS - Login With Password Button Is Clicked: 
Jul 14, 2025 6:00:37 PM base.LogResults createLogs
INFO: PASS - Sign in Text Is Displayed: 
Jul 14, 2025 6:00:37 PM base.LogResults createLogs
INFO: PASS - Username Is Entered In Username Text Field: AutoE140725101157@mailinator.com
Jul 14, 2025 6:00:37 PM base.LogResults createLogs
INFO: PASS - Password Is Entered In Password Text Field: Pramod@1234
Jul 14, 2025 6:00:38 PM base.LogResults createLogs
INFO: PASS - Captcha Entered On Captcha Text Field: 12345
Jul 14, 2025 6:00:38 PM base.LogResults createLogs
INFO: PASS - Clicked On Login Button: 
Jul 14, 2025 6:00:40 PM base.LogResults createLogs
INFO: PASS - login Validated Successfully: 
Jul 14, 2025 6:00:44 PM base.LogResults createLogs
INFO: PASS - PolicyIcon Clicked Successfully: 
Jul 14, 2025 6:00:45 PM base.LogResults createLogs
INFO: PASS - PolicyMaster Loaded Successfully: 
Jul 14, 2025 6:00:45 PM base.LogResults createLogs
INFO: PASS - ShiftDropDown Clicked Successfully : 
Jul 14, 2025 6:00:45 PM base.LogResults createLogs
INFO: PASS - ShiftButton Clicked Successfully : 
Jul 14, 2025 6:00:47 PM base.LogResults createLogs
INFO: PASS - Shift Page Loaded Successfully : 
Jul 14, 2025 6:00:47 PM base.LogResults createLogs
INFO: PASS - Shift Name Inputted Successfully : 
Jul 14, 2025 6:00:51 PM base.LogResults createLogs
INFO: PASS - ShiftEditButton Clicked Successfully : 
Jul 14, 2025 6:00:52 PM base.LogResults createLogs
INFO: PASS - Shift Name Inputted Successfully : AutoSNFSERHEW
Jul 14, 2025 6:00:52 PM base.LogResults createLogs
INFO: PASS - Shift Start Time Clicked Successfully : 
Jul 14, 2025 6:00:55 PM base.LogResults createLogs
INFO: PASS - Shift Start Time Inputted Successfully : 06:00
Jul 14, 2025 6:00:55 PM base.LogResults createLogs
INFO: PASS - Shift Start Time Inputted Successfully : 
Jul 14, 2025 6:00:55 PM base.LogResults createLogs
INFO: PASS - Shift End Time Inputted Successfully : 14:00
Jul 14, 2025 6:00:57 PM base.LogResults createLogs
INFO: PASS - Create Shift Save Button Clicked Successfully : 
Jul 14, 2025 6:01:02 PM base.LogResults createLogs
INFO: PASS - Shift Name Inputted Successfully : AutoSNFSERHEW
Jul 14, 2025 6:01:06 PM base.LogResults createLogs
INFO: PASS - Updated Shift Name Validated Successfully : AutoSNFSERHEW
Jul 14, 2025 6:01:06 PM base.LogResults createLogs
INFO: FAIL - Error While Validating Shift Start Time: Shift start time mismatch: Expected '06:00', but found '06:00 AM'
Jul 14, 2025 6:01:06 PM base.LogResults createLogs
INFO: FAIL - Error While Validating Shift End Time: Shift end time mismatch: Expected '14:00', but found '02:00 PM'
Jul 14, 2025 6:01:06 PM base.LogResults onlyLog
INFO: Failed - MeghShiftTest-MPI_537_MeghPi_Shift_13-To verify this, edit the shift and ensure that the updated shift name, timings, and other changes are saved and reflected correctly.
---------------------------------------------------------------
MeghShiftTestMPI_537_MeghPi_Shift_13
Jul 14, 2025 6:01:06 PM base.LogResults onlyLog
INFO: Total Pass : 0 Total Fail : 1  Total TC : 1
---------------------------------------------------------------
Test case took: 38.9151 seconds
Total TC Time: 00:00:38

===============================================
Suite
Total tests run: 1, Passes: 1, Failures: 0, Skips: 0
===============================================

