>> Console logging redirected to data/console.log
Continuing with Existing Master Data due to threshold value:110725-110725-ThreSld->3
Launching Driver...
SLF4J(W): No SLF4J providers were found.
SLF4J(W): Defaulting to no-operation (NOP) logger implementation
SLF4J(W): See https://www.slf4j.org/codes.html#noProviders for further details.
Jul 11, 2025 1:39:09 PM org.openqa.selenium.devtools.CdpVersionFinder findNearestMatch
WARNING: Unable to find an exact match for CDP version 138, returning the closest version; found: 137; Please update to a Selenium version that supports CDP version 138
Jul 11, 2025 1:39:10 PM base.LogResults createLogs
INFO: PASS - Application Loaded Successfully: 
Jul 11, 2025 1:39:10 PM base.LogResults createLogs
INFO: PASS - Company Code Entered in Text Box: AFHU
Jul 11, 2025 1:39:10 PM base.LogResults createLogs
INFO: PASS - Login With Password Button Is Clicked: 
Jul 11, 2025 1:39:14 PM base.LogResults createLogs
INFO: PASS - Sign in Text Is Displayed: 
Jul 11, 2025 1:39:15 PM base.LogResults createLogs
INFO: PASS - Username Is Entered In Username Text Field: AutoE110725095836@mailinator.com
Jul 11, 2025 1:39:15 PM base.LogResults createLogs
INFO: PASS - Password Is Entered In Password Text Field: Pramod@1234
Jul 11, 2025 1:39:15 PM base.LogResults createLogs
INFO: PASS - Captcha Entered On Captcha Text Field: 12345
Jul 11, 2025 1:39:15 PM base.LogResults createLogs
INFO: PASS - Clicked On Login Button: 
Jul 11, 2025 1:39:17 PM base.LogResults createLogs
INFO: PASS - login Validated Successfully: 
Jul 11, 2025 1:39:21 PM base.LogResults createLogs
INFO: PASS - PolicyIcon Clicked Successfully: 
Jul 11, 2025 1:39:21 PM base.LogResults createLogs
INFO: PASS - PolicyMaster Loaded Successfully: 
Jul 11, 2025 1:39:21 PM base.LogResults createLogs
INFO: PASS - ShiftDropDown Clicked Successfully : 
Jul 11, 2025 1:39:22 PM base.LogResults createLogs
INFO: PASS - ShiftPolicyButton Clicked Successfully : 
Jul 11, 2025 1:39:23 PM base.LogResults createLogs
INFO: PASS - ShiftPolicy Page Loaded Successfully : 
Jul 11, 2025 1:39:25 PM base.LogResults createLogs
INFO: PASS - AddShiftPolicyButton Clicked Successfully : 
Jul 11, 2025 1:39:26 PM base.LogResults createLogs
INFO: PASS - PolicyName Inputted Successfully : 2nd shiftSFY
Jul 11, 2025 1:39:26 PM base.LogResults createLogs
INFO: PASS - AddShiftButton Clicked Successfully : 
Jul 11, 2025 1:39:27 PM base.LogResults createLogs
INFO: PASS - GeneralShiftCheckBox Selected Successfully : 
Jul 11, 2025 1:39:27 PM base.LogResults createLogs
INFO: PASS - AddShiftSaveButton Clicked Successfully : 
Jul 11, 2025 1:39:28 PM base.LogResults createLogs
INFO: PASS - CreatePolicySave Button Clicked Successfully : 
Jul 11, 2025 1:39:35 PM base.LogResults createLogs
INFO: PASS - Yes Button Button Successfully : 
Jul 11, 2025 1:39:43 PM base.LogResults createLogs
INFO: PASS - PolicyName Inputted Successfully : 2nd shiftSFY
Jul 11, 2025 1:39:50 PM base.LogResults createLogs
INFO: PASS - Shift Policy Edit Button Clicked Successfully : 
Jul 11, 2025 1:39:51 PM base.LogResults createLogs
INFO: PASS - Shift Policy Default CheckBox Clicked Successfully : 
Jul 11, 2025 1:39:55 PM base.LogResults createLogs
INFO: PASS - Shift Policy Active CheckBox Clicked Successfully : 
Jul 11, 2025 1:39:55 PM base.LogResults createLogs
INFO: PASS - AddShiftButton Clicked Successfully : 
Jul 11, 2025 1:39:57 PM base.LogResults createLogs
INFO: PASS - GeneralShiftCheckBox Selected Successfully : 
Jul 11, 2025 1:39:57 PM base.LogResults createLogs
INFO: PASS - AddShiftSaveButton Clicked Successfully : 
Jul 11, 2025 1:39:57 PM base.LogResults createLogs
INFO: PASS - CreatePolicySave Button Clicked Successfully : 
Jul 11, 2025 1:40:04 PM base.LogResults createLogs
INFO: PASS - Yes Button Button Successfully : 
Jul 11, 2025 1:40:12 PM base.LogResults createLogs
INFO: PASS - Directory Button Clicked Successfully: 
Jul 11, 2025 1:40:14 PM base.LogResults createLogs
INFO: PASS - Directory Page Loaded Successfully: 
Jul 11, 2025 1:40:14 PM base.LogResults createLogs
INFO: PASS - Clicked On EmployeeTab Successfully: 
Jul 11, 2025 1:40:16 PM base.LogResults createLogs
INFO: PASS - Directory Page Loaded Successfully: 
