>> Console logging redirected to data/console.log
Continuing with Existing Master Data due to threshold value:290725-290725-ThreSld->3
cmpcode and emailidAGFAAutoE290725091629@mailinator.com
Launching Driver...
SLF4J(W): No SLF4J providers were found.
SLF4J(W): Defaulting to no-operation (NOP) logger implementation
SLF4J(W): See https://www.slf4j.org/codes.html#noProviders for further details.
Jul 29, 2025 7:05:50 PM org.openqa.selenium.devtools.CdpVersionFinder findNearestMatch
WARNING: Unable to find an exact match for CDP version 138, returning the closest version; found: 137; Please update to a Selenium version that supports CDP version 138
Error Index 1 out of bounds for length 1
Jul 29, 2025 7:05:52 PM base.LogResults createLogs
INFO: PASS - Step 1: Application loaded successfully.
Jul 29, 2025 7:05:56 PM base.LogResults createLogs
INFO: PASS - Step 2: Company code entered successfully.AGFA
Jul 29, 2025 7:05:56 PM base.LogResults createLogs
INFO: PASS - Step 3: Clicked 'Login with Password' successfully.
Jul 29, 2025 7:06:01 PM base.LogResults createLogs
INFO: PASS - Step 4: Sign-in section appeared.
Jul 29, 2025 7:06:01 PM base.LogResults createLogs
INFO: PASS - Step 5: Username entered.AutoE290725091629@mailinator.com
Jul 29, 2025 7:06:01 PM base.LogResults createLogs
INFO: PASS - Step 6: Password entered.Pramod@1234
Jul 29, 2025 7:06:01 PM base.LogResults createLogs
INFO: PASS - Step 7: Captcha entered.12345
Jul 29, 2025 7:06:02 PM base.LogResults createLogs
INFO: PASS - Step 8: Sign-in button clicked.
Jul 29, 2025 7:06:04 PM base.LogResults createLogs
INFO: PASS - Step 9: Login validated successfully.
Jul 29, 2025 7:06:04 PM base.LogResults createLogs
INFO: PASS - Login Done Successfully: 
Jul 29, 2025 7:06:09 PM base.LogResults createLogs
INFO: PASS - Directory Button Clicked Successfully: 
Jul 29, 2025 7:06:11 PM base.LogResults createLogs
INFO: PASS - Directory Page Loaded Successfully: 
Jul 29, 2025 7:06:12 PM base.LogResults createLogs
INFO: PASS - Company Tab  Clicked Successfully: 
Jul 29, 2025 7:06:12 PM base.LogResults createLogs
INFO: PASS - Department Drop Icon Clicked Successfully: 
Jul 29, 2025 7:06:13 PM base.LogResults createLogs
INFO: PASS - Department Tab  Clicked Successfully: 
Jul 29, 2025 7:06:13 PM base.LogResults createLogs
INFO: PASS - Add Department Tab  Clicked Successfully: 
Jul 29, 2025 7:06:14 PM base.LogResults createLogs
INFO: PASS - Department Name Entered Successfully: AutoDN290725091629
Jul 29, 2025 7:06:14 PM base.LogResults createLogs
INFO: PASS - Successfully Clicked On Add Department Save Button: 
Jul 29, 2025 7:06:18 PM base.LogResults createLogs
INFO: PASS - Department Drop Icon Clicked Successfully: 
Jul 29, 2025 7:06:18 PM base.LogResults createLogs
INFO: PASS - Successfully Clicked On DepartmentMapping Button: 
Jul 29, 2025 7:06:18 PM base.LogResults createLogs
INFO: PASS - Successfully Clicked On AddDepartmentMapping Button: 
Jul 29, 2025 7:06:21 PM base.LogResults createLogs
INFO: PASS - Successfully Selected Department: AutoDN290725091629
Jul 29, 2025 7:06:25 PM base.LogResults createLogs
INFO: PASS - Successfully Selected OfficeName: AutoON290725091629
Jul 29, 2025 7:06:25 PM base.LogResults createLogs
INFO: PASS - AddDeptMappingSaveButton Clicked Successfully: 
Jul 29, 2025 7:06:32 PM base.LogResults createLogs
INFO: PASS - Directory Button Clicked Successfully: 
Jul 29, 2025 7:06:32 PM base.LogResults createLogs
INFO: PASS - Company Tab  Clicked Successfully: 
Jul 29, 2025 7:06:33 PM base.LogResults createLogs
INFO: PASS - Team Drop Icon  Clicked Successfully: 
Jul 29, 2025 7:06:34 PM base.LogResults createLogs
INFO: PASS - Team Button  Clicked Successfully: 
Jul 29, 2025 7:06:34 PM base.LogResults createLogs
INFO: PASS - Add Team Button  Clicked Successfully: 
Jul 29, 2025 7:06:35 PM base.LogResults createLogs
INFO: PASS - Team Name Is Entered In Team Name Text Field: AutoTN290725091629
Jul 29, 2025 7:06:35 PM base.LogResults createLogs
INFO: PASS - Team Save Button  Clicked Successfully: 
Jul 29, 2025 7:06:38 PM base.LogResults createLogs
INFO: PASS - Team Drop Icon  Clicked Successfully: 
Jul 29, 2025 7:06:40 PM base.LogResults createLogs
INFO: PASS - TeamMapping Button  Clicked Successfully: 
Jul 29, 2025 7:06:40 PM base.LogResults createLogs
INFO: PASS - AddTeamMapping Button  Clicked Successfully: 
Jul 29, 2025 7:06:43 PM base.LogResults createLogs
INFO: FAIL - Error while Selecting Team Name : Cannot locate option with text: AutoTN290725091629
For documentation on this error, please visit: https://www.selenium.dev/documentation/webdriver/troubleshooting/errors#no-such-element-exception
Build info: version: '4.34.0', revision: '707dcb4246*'
System info: os.name: 'Windows 10', os.arch: 'amd64', os.version: '10.0', java.version: '17.0.11'
Driver info: driver.version: unknown
Jul 29, 2025 7:06:43 PM base.LogResults createLogs
INFO: PASS - Department DropDown Clicked Successfully: 
Jul 29, 2025 7:06:44 PM base.LogResults createLogs
INFO: PASS - Department Name Inputted Successfully: AutoDN290725091629
Jul 29, 2025 7:06:47 PM base.LogResults createLogs
INFO: PASS - Department Name Selected Successfully: 
Jul 29, 2025 7:06:47 PM base.LogResults createLogs
INFO: PASS - Add Team Mapping Saved Successfully: 
Jul 29, 2025 7:06:56 PM base.LogResults createLogs
INFO: PASS - Directory Button Clicked Successfully: 
Jul 29, 2025 7:06:58 PM base.LogResults createLogs
INFO: PASS - Directory Page Loaded Successfully: 
Jul 29, 2025 7:06:59 PM base.LogResults createLogs
INFO: PASS - Clicked On EmployeeTab Successfully: 
Jul 29, 2025 7:07:00 PM base.LogResults createLogs
INFO: PASS - Directory Page Loaded Successfully: 
