>> Console logging redirected to data/console.log
Launching Driver...
SLF4J(W): No SLF4J providers were found.
SLF4J(W): Defaulting to no-operation (NOP) logger implementation
SLF4J(W): See https://www.slf4j.org/codes.html#noProviders for further details.
Aug 25, 2025 6:46:40 PM org.openqa.selenium.devtools.CdpVersionFinder findNearestMatch
WARNING: Unable to find an exact match for CDP version 139, returning the closest version; found: 137; Please update to a Selenium version that supports CDP version 139
(1386, 788)
Aug 25, 2025 6:46:44 PM base.LogResults createLogs
INFO: PASS - Application Loaded Successfully: 
Aug 25, 2025 6:46:51 PM base.LogResults createLogs
INFO: PASS - Company Code Entered in Text Box: AEWK
Aug 25, 2025 6:46:53 PM base.LogResults createLogs
INFO: PASS - Login With Password Button Is Clicked: 
Aug 25, 2025 6:46:59 PM base.LogResults createLogs
INFO: PASS - Sign in Text Is Displayed: 
Aug 25, 2025 6:47:01 PM base.LogResults createLogs
INFO: PASS - Username Is Entered In Username Text Field: autoEIDYNULDF
Aug 25, 2025 6:47:04 PM base.LogResults createLogs
INFO: PASS - Password Is Entered In Password Text Field: autoEIDYNULDF
Aug 25, 2025 6:47:06 PM base.LogResults createLogs
INFO: PASS - Captcha Entered On Captcha Text Field: 12345
Aug 25, 2025 6:47:08 PM base.LogResults createLogs
INFO: PASS - Clicked On Login Button: 
Aug 25, 2025 6:47:10 PM base.LogResults createLogs
INFO: PASS - Login Done  And Validated Successfully: 
Aug 25, 2025 6:47:12 PM base.LogResults createLogs
INFO: PASS - Login Done Successfully: 
Aug 25, 2025 6:47:15 PM base.LogResults createLogs
INFO: PASS - Leave Button Clicked Successfully Of Employee Account: 
Aug 25, 2025 6:47:19 PM base.LogResults createLogs
INFO: PASS -  EmpLeaveRequestsTab Clicked Successfully Of Employee Account: 
Aug 25, 2025 6:47:29 PM base.LogResults createLogs
INFO: PASS - Leave Request Page 100 Per Page Selected  Successfully Of Employee Account: 
Aug 25, 2025 6:47:37 PM base.LogResults createLogs
INFO: PASS - Monthly Leave Summary DrpIcon Clicked  Successfully : 
5Applied
1pending
1Approved
2Rejected
1Revoked
Mismatch: Applied Leaves UI=5, Table=0
Mismatch: Pending UI=1, Table=0
Mismatch: Approved UI=1, Table=0
Mismatch: Rejected UI=2, Table=0
Mismatch: Revoked UI=1, Table=0
Comparison Failed: UI and Table values do not match.
Aug 25, 2025 6:47:39 PM base.LogResults createLogs
INFO: FAIL - Error While Verifying  Monthly Leave Summary With Table: null
Aug 25, 2025 6:47:39 PM base.LogResults onlyLog
INFO: Failed - MeghLeaveTest-MPI_856_Leave_31-To verify this, check whether the counts for 'Pending', 'Approved', 'Rejected', 'Revoked', and the total 'Applied Leaves' are displayed accurately according to the number of records in employee account
---------------------------------------------------------------
MeghLeaveTestMPI_856_Leave_31
Aug 25, 2025 6:47:39 PM base.LogResults onlyLog
INFO: Total Pass : 0 Total Fail : 1  Total TC : 1
---------------------------------------------------------------
Test case took: 58.0296 seconds
Total TC Time: 00:00:58

===============================================
Suite
Total tests run: 1, Passes: 1, Failures: 0, Skips: 0
===============================================

