>> Console logging redirected to data/console.log
Launching Driver... 2025-12-15 16:28:26
SLF4J(W): No SLF4J providers were found.
SLF4J(W): Defaulting to no-operation (NOP) logger implementation
SLF4J(W): See https://www.slf4j.org/codes.html#noProviders for further details.
Dec 15, 2025 4:28:27 PM org.openqa.selenium.devtools.CdpVersionFinder findNearestMatch
WARNING: Unable to find an exact match for CDP version 143, returning the closest version; found: 139; Please update to a Selenium version that supports CDP version 143
(1386, 788)
Report Folder : http://192.168.6.201:8002/RunID-15-12-25-16-28-26-companymodules
Expected Month: November 2025
UI Month: December 2025
UI Month: November 2025
Row 0 | UI EmpID: #Emp054 | UI Date: Tue, 04-11-2025
Row 1 | UI EmpID: #Emp054 | UI Date: Thu, 27-11-2025
Fallback JS click performed.
---------------------------------------------------------------
MeghPIEmpTotalLeaveTakenReportsTestMPI_1849_EmpTotalLeaveTakenRejected_Reports_04
---------------------------------------------------------------
Test case took: 217.8924 seconds
Total TC Time: 00:03:37

===============================================
Suite
Total tests run: 1, Passes: 0, Failures: 1, Skips: 0
===============================================

