>> Console logging redirected to data/console.log
Launching Driver...
SLF4J(W): No SLF4J providers were found.
SLF4J(W): Defaulting to no-operation (NOP) logger implementation
SLF4J(W): See https://www.slf4j.org/codes.html#noProviders for further details.
Aug 22, 2025 11:47:22 AM org.openqa.selenium.devtools.CdpVersionFinder findNearestMatch
WARNING: Unable to find an exact match for CDP version 139, returning the closest version; found: 137; Please update to a Selenium version that supports CDP version 139
(1386, 788)
Aug 22, 2025 11:47:26 AM base.LogResults createLogs
INFO: PASS - Application Loaded Successfully: 
Aug 22, 2025 11:47:32 AM base.LogResults createLogs
INFO: PASS - Company Code Entered in Text Box: ADKK
Aug 22, 2025 11:47:35 AM base.LogResults createLogs
INFO: PASS - Login With Password Button Is Clicked: 
Aug 22, 2025 11:47:41 AM base.LogResults createLogs
INFO: PASS - Sign in Text Is Displayed: 
Aug 22, 2025 11:47:43 AM base.LogResults createLogs
INFO: PASS - Username Is Entered In Username Text Field: AutoEID9779
Aug 22, 2025 11:47:45 AM base.LogResults createLogs
INFO: PASS - Password Is Entered In Password Text Field: AutoEID9779
Aug 22, 2025 11:47:48 AM base.LogResults createLogs
INFO: PASS - Captcha Entered On Captcha Text Field: 12345
Aug 22, 2025 11:47:50 AM base.LogResults createLogs
INFO: PASS - Clicked On Login Button: 
Aug 22, 2025 11:47:52 AM base.LogResults createLogs
INFO: PASS - Login Done  And Validated Successfully: 
Aug 22, 2025 11:47:54 AM base.LogResults createLogs
INFO: PASS - Login Done Successfully: 
Aug 22, 2025 11:47:57 AM base.LogResults createLogs
INFO: PASS - Leave Button Clicked Successfully Of Employee Account: 
Aug 22, 2025 11:48:01 AM base.LogResults createLogs
INFO: PASS -  EmpLeaveRequestsTab Clicked Successfully Of Employee Account: 
Aug 22, 2025 11:48:05 AM base.LogResults createLogs
INFO: PASS -  Apply Leave Button Clicked Successfully Of Employee Account: 
Aug 22, 2025 11:48:08 AM base.LogResults createLogs
INFO: PASS -  LeaveTypeDropdown Clicked Successfully Of Employee Account: 
Aug 22, 2025 11:48:10 AM base.LogResults createLogs
INFO: PASS -  SickLeave Selected  Successfully: 
Aug 22, 2025 11:48:12 AM base.LogResults createLogs
INFO: PASS -  FromDateTextField Clicked Successfully : 
Aug 22, 2025 11:48:17 AM base.LogResults createLogs
INFO: PASS -  FromDate Inputted Successfully : 
Aug 22, 2025 11:48:23 AM base.LogResults createLogs
INFO: PASS -  LeaveDurationOne Clicked Successfully Of Employee Account: 
Aug 22, 2025 11:48:26 AM base.LogResults createLogs
INFO: PASS -  FullDay DurationOne Selected  Successfully: 
Aug 22, 2025 11:48:28 AM base.LogResults createLogs
INFO: PASS -  ToDateTextField Clicked Successfully : 
Aug 22, 2025 11:48:33 AM base.LogResults createLogs
INFO: PASS -  ToDate Selected Inputted Successfully : 
Aug 22, 2025 11:48:35 AM base.LogResults createLogs
INFO: PASS -  LeaveDurationTwo Clicked Successfully Of Employee Account: 
Aug 22, 2025 11:48:38 AM base.LogResults createLogs
INFO: PASS -  FullDayDurationTwo Clicked Successfully Of Employee Account: 
Aug 22, 2025 11:48:40 AM base.LogResults createLogs
INFO: PASS -  Reason Inputted  Successfully Of Employee Account: Test
Aug 22, 2025 11:48:42 AM base.LogResults createLogs
INFO: PASS - Leave Request Apply Button Clicked  Successfully Of Employee Account: 
Aug 22, 2025 11:48:48 AM base.LogResults createLogs
INFO: PASS -  Leave Name Inputted  Successfully : Sick Leave
Aug 22, 2025 11:48:51 AM base.LogResults createLogs
INFO: FAIL - Error While Validating Created Leave and Its status: Row not found for LeaveType: Sick Leave, Date: 2025-08-02, Status: Pending
Aug 22, 2025 11:48:57 AM base.LogResults createLogs
INFO: PASS - Admin Manage Button Clicked Successfully: 
Aug 22, 2025 11:49:00 AM base.LogResults createLogs
INFO: PASS - Admin Logout Button Clicked Successfully: 
Aug 22, 2025 11:49:02 AM base.LogResults createLogs
INFO: PASS -  Application loaded successfully.
Aug 22, 2025 11:49:08 AM base.LogResults createLogs
INFO: PASS -  Company code entered successfully.ADKK
Aug 22, 2025 11:49:10 AM base.LogResults createLogs
INFO: PASS - Clicked On 'Login with Password' successfully.
Aug 22, 2025 11:49:17 AM base.LogResults createLogs
INFO: PASS -  Sign-in section appeared.
Aug 22, 2025 11:49:19 AM base.LogResults createLogs
INFO: PASS -  Email Id entered.AutoE210825171640@mailinator.com
Aug 22, 2025 11:49:21 AM base.LogResults createLogs
INFO: PASS -  Password entered.Pramod@1234
Aug 22, 2025 11:49:23 AM base.LogResults createLogs
INFO: PASS -  Captcha entered.12345
Aug 22, 2025 11:49:26 AM base.LogResults createLogs
INFO: PASS -  Sign-in button clicked.
Aug 22, 2025 11:49:28 AM base.LogResults createLogs
INFO: PASS -  Login validated successfully And Good Text Is Displayed.
Aug 22, 2025 11:49:30 AM base.LogResults createLogs
INFO: PASS - Login Done Successfully: 
Aug 22, 2025 11:49:32 AM base.LogResults createLogs
INFO: PASS - Leave Button Clicked Successfully Of HR Account: 
Aug 22, 2025 11:49:37 AM base.LogResults createLogs
INFO: PASS -  EmpLeaveRequestsTab Clicked Successfully Of HR Account: 
Aug 22, 2025 11:49:41 AM base.LogResults createLogs
INFO: PASS - Clicked On SearchDropDown Successfully: 
Aug 22, 2025 11:49:53 AM base.LogResults createLogs
INFO: PASS -  Leave Type Option Selected  Successfully : Sick Leave
Aug 22, 2025 11:49:56 AM base.LogResults createLogs
INFO: PASS - Clicked On SearchDropDown Successfully: 
Aug 22, 2025 11:50:02 AM base.LogResults createLogs
INFO: PASS -  Leave Name Inputted  Successfully : Sick Leave
Aug 22, 2025 11:50:04 AM base.LogResults createLogs
INFO: FAIL - Error While Validating Created Leave and Its status: No matching row found for LeaveType: Sick Leave, Date: 2025-08-02, Status: Pending
Aug 22, 2025 11:50:04 AM base.LogResults onlyLog
INFO: Failed - MeghLeaveTest-MPI_612_Leave_14-To verify this, configure the sick leave on leave policy with 2 per month from joining date and as a employee apply sick leave and ensure status is pending 
---------------------------------------------------------------
MeghLeaveTestMPI_612_Leave_14
Aug 22, 2025 11:50:04 AM base.LogResults onlyLog
INFO: Total Pass : 0 Total Fail : 1  Total TC : 1
---------------------------------------------------------------
Test case took: 161.5293 seconds
Total TC Time: 00:02:41

===============================================
Suite
Total tests run: 1, Passes: 1, Failures: 0, Skips: 0
===============================================

