>> Console logging redirected to data/console.log
Launching Driver...
SLF4J(W): No SLF4J providers were found.
SLF4J(W): Defaulting to no-operation (NOP) logger implementation
SLF4J(W): See https://www.slf4j.org/codes.html#noProviders for further details.
Aug 20, 2025 6:29:25 PM org.openqa.selenium.devtools.CdpVersionFinder findNearestMatch
WARNING: Unable to find an exact match for CDP version 139, returning the closest version; found: 137; Please update to a Selenium version that supports CDP version 139
(1386, 788)
Aug 20, 2025 6:29:28 PM base.LogResults createLogs
INFO: PASS -  Application loaded successfully.
Aug 20, 2025 6:29:35 PM base.LogResults createLogs
INFO: PASS -  Company code entered successfully.ARBX
Aug 20, 2025 6:29:37 PM base.LogResults createLogs
INFO: PASS - Clicked On 'Login with Password' successfully.
Aug 20, 2025 6:29:43 PM base.LogResults createLogs
INFO: PASS -  Sign-in section appeared.
Aug 20, 2025 6:29:45 PM base.LogResults createLogs
INFO: PASS -  Email Id entered.AutoE190825091637@mailinator.com
Aug 20, 2025 6:29:48 PM base.LogResults createLogs
INFO: PASS -  Password entered.Pramod@1234
Aug 20, 2025 6:29:50 PM base.LogResults createLogs
INFO: PASS -  Captcha entered.12345
Aug 20, 2025 6:29:52 PM base.LogResults createLogs
INFO: PASS -  Sign-in button clicked.
Aug 20, 2025 6:29:54 PM base.LogResults createLogs
INFO: PASS -  Login validated successfully And Good Text Is Displayed.
Aug 20, 2025 6:29:57 PM base.LogResults createLogs
INFO: PASS - Login Done Successfully: 
Aug 20, 2025 6:30:07 PM base.LogResults createLogs
INFO: PASS - Directory Button Clicked Successfully: 
Aug 20, 2025 6:30:10 PM base.LogResults createLogs
INFO: PASS - Directory Page Loaded Successfully: 
Aug 20, 2025 6:30:12 PM base.LogResults createLogs
INFO: PASS - Clicked On EmployeeTab Successfully: 
Aug 20, 2025 6:30:15 PM base.LogResults createLogs
INFO: PASS - Directory Page Loaded Successfully: 
Aug 20, 2025 6:30:27 PM base.LogResults createLogs
INFO: PASS - Clicked On TotalCountDropDown Successfully: 
Aug 20, 2025 6:30:30 PM base.LogResults createLogs
INFO: PASS - Clicked On AddNewButton Successfully: 
Aug 20, 2025 6:30:34 PM base.LogResults createLogs
INFO: PASS - Employee Form Loaded Successfully: 
Aug 20, 2025 6:30:41 PM base.LogResults createLogs
INFO: PASS - Clicked On EmployeeTypeDropdown Successfully And Selected EntityName Successfully: AutoEN190825091637
Aug 20, 2025 6:30:44 PM base.LogResults createLogs
INFO: PASS - Clicked On ReportingToDropdown Successfully: 
Aug 20, 2025 6:30:48 PM base.LogResults createLogs
INFO: PASS - Clicked On ReportingTo Search Text Field And Input Is Passed: AutoAFN
Aug 20, 2025 6:30:52 PM base.LogResults createLogs
INFO: PASS - Entity Name Selected Successfully: 
Aug 20, 2025 6:30:55 PM base.LogResults createLogs
INFO: PASS - EmployeeID Entered On Employee ID Text Field: 
Aug 20, 2025 6:31:00 PM base.LogResults createLogs
INFO: PASS -  CompanyLocation Selected From The DropDown : AutoON190825091637
Aug 20, 2025 6:31:02 PM base.LogResults createLogs
INFO: PASS - Employee First Name Entered On Employee FirstName Text Field: AutoFNNGRIE
Aug 20, 2025 6:31:04 PM base.LogResults createLogs
INFO: PASS - Employee Last Name Entered On Employee Last Name Text Field: AutoLNHMIOG
Aug 20, 2025 6:31:07 PM base.LogResults createLogs
INFO: PASS - Employee Email Entered On Email ID Text Field: 
Aug 20, 2025 6:31:09 PM base.LogResults createLogs
INFO: PASS - Employee Phone Number Entered On Phone Number Text Field: 9851423828
Aug 20, 2025 6:31:11 PM base.LogResults createLogs
INFO: PASS - Employee Joining Date  Text Field Is Clicked: 
Aug 20, 2025 6:31:13 PM base.LogResults createLogs
INFO: PASS - Employee Joining Date Entered On Joining Date Text Field: 03-01-2025
Aug 20, 2025 6:31:16 PM base.LogResults createLogs
INFO: PASS - Clicked On AddEmployeeSave Successfully: 
Aug 20, 2025 6:31:21 PM base.LogResults createLogs
INFO: PASS - Clicked On GoToDirectory Successfully: 
Aug 20, 2025 6:31:28 PM base.LogResults createLogs
INFO: PASS - Clicked On Search Text Field And Pass The Created Employee LastName Successfully: AutoFNNGRIE
Aug 20, 2025 6:31:33 PM base.LogResults createLogs
INFO: PASS - Created Employee Displayed Successfully: AutoLNHMIOG
Aug 20, 2025 6:31:35 PM base.LogResults createLogs
INFO: PASS - Clicked On 3Dots Successfully: 
Aug 20, 2025 6:31:37 PM base.LogResults createLogs
INFO: PASS - Clicked On WebEnrollment Successfully: 
Aug 20, 2025 6:31:43 PM base.LogResults createLogs
INFO: PASS - Clicked On FaceEnrollmentTab Successfully: 
Aug 20, 2025 6:32:02 PM base.LogResults createLogs
INFO: PASS - Image Selected For WebEnrollment Successfully: ./data/images/enrollmentimage.jpg
Aug 20, 2025 6:32:07 PM base.LogResults createLogs
INFO: PASS - Successfully Clicked On CropImage: 
Aug 20, 2025 6:32:10 PM base.LogResults createLogs
INFO: PASS - Successfully Clicked On SaveEnrollmentButton: 
Aug 20, 2025 6:32:43 PM base.LogResults createLogs
INFO: PASS - Success Msg Is Displayed: 
Aug 20, 2025 6:32:54 PM base.LogResults createLogs
INFO: PASS - Directory Button Clicked Successfully: 
Aug 20, 2025 6:32:57 PM base.LogResults createLogs
INFO: PASS - Directory Page Loaded Successfully: 
Aug 20, 2025 6:32:59 PM base.LogResults createLogs
INFO: PASS - Clicked On EmployeeTab Successfully: 
Aug 20, 2025 6:33:02 PM base.LogResults createLogs
INFO: PASS - Directory Page Loaded Successfully: 
Aug 20, 2025 6:33:08 PM base.LogResults createLogs
INFO: PASS - Clicked On Search Text Field And Pass The Created Employee LastName Successfully: AutoFNNGRIE
Aug 20, 2025 6:33:13 PM base.LogResults createLogs
INFO: PASS - Created Employee Displayed Successfully: AutoLNHMIOG
Aug 20, 2025 6:33:15 PM base.LogResults createLogs
INFO: PASS - Successfully Clicked On First Employee Record 3dots: 
Aug 20, 2025 6:33:18 PM base.LogResults createLogs
INFO: PASS - Successfully Clicked On First Employee Record ManageProfileButton: 
Aug 20, 2025 6:33:29 PM base.LogResults createLogs
INFO: PASS - Successfully Clicked On First Employee Manage Profile EditIcon: 
Aug 20, 2025 6:33:34 PM base.LogResults createLogs
INFO: PASS - Successfully Selected  Dept: AutoDN190825091637
Aug 20, 2025 6:33:42 PM base.LogResults createLogs
INFO: PASS - Successfully Selected  Designation From Dropdown: AutoDESN190825091637
Aug 20, 2025 6:33:56 PM base.LogResults createLogs
INFO: PASS - Created Role Name Entered In DropDown Of Manage Profile: HR Head
Aug 20, 2025 6:34:02 PM base.LogResults createLogs
INFO: PASS - Created Role Name Displayed Successfully In Manage Profile  : HR Head
Aug 20, 2025 6:34:11 PM base.LogResults createLogs
INFO: PASS - Successfully Selected  Team From Dropdown: AutoTN190825091637
Aug 20, 2025 6:34:19 PM base.LogResults createLogs
INFO: PASS - Successfully Enter The Pin: 1764
Aug 20, 2025 6:34:27 PM base.LogResults createLogs
INFO: PASS - SaveChanges Button Clicked Successfully: 
Aug 20, 2025 6:34:38 PM base.LogResults createLogs
INFO: PASS - DefaultPolicy Button Clicked Successfully: 
Aug 20, 2025 6:34:47 PM base.LogResults createLogs
INFO: PASS - Directory Button Clicked Successfully: 
Aug 20, 2025 6:34:50 PM base.LogResults createLogs
INFO: PASS - Directory Page Loaded Successfully: 
Aug 20, 2025 6:34:52 PM base.LogResults createLogs
INFO: PASS - Company Tab  Clicked Successfully: 
Aug 20, 2025 6:34:54 PM base.LogResults createLogs
INFO: PASS - Role Button  Clicked Successfully: 
Aug 20, 2025 6:34:56 PM base.LogResults createLogs
INFO: PASS - Role Permission Page  Loaded Successfully: 
Aug 20, 2025 6:34:59 PM base.LogResults createLogs
INFO: PASS - Add RolePermission Button  Clicked Successfully: 
Aug 20, 2025 6:35:01 PM base.LogResults createLogs
INFO: PASS - Role DropDown Clicked Successfully: 
Aug 20, 2025 6:35:03 PM base.LogResults createLogs
INFO: PASS - Role Selected Successfully: HR Head
Aug 20, 2025 6:35:05 PM base.LogResults createLogs
INFO: PASS - Role Selected  Successfully: 
Aug 20, 2025 6:35:08 PM base.LogResults createLogs
INFO: PASS - HrAttendancePermission Selected  Successfully: 
Aug 20, 2025 6:35:14 PM base.LogResults createLogs
INFO: PASS - RolePermissionSaveButton Clicked Successfully: 
Aug 20, 2025 6:35:24 PM base.LogResults createLogs
INFO: PASS - Admin Manage Button Clicked Successfully: 
Aug 20, 2025 6:35:27 PM base.LogResults createLogs
INFO: PASS - Admin Logout Button Clicked Successfully: 
Aug 20, 2025 6:35:29 PM base.LogResults createLogs
INFO: PASS -  Application loaded successfully.
Aug 20, 2025 6:35:35 PM base.LogResults createLogs
INFO: PASS -  Company code entered successfully.ARBX
Aug 20, 2025 6:35:37 PM base.LogResults createLogs
INFO: PASS - Clicked On 'Login with Password' successfully.
Aug 20, 2025 6:35:44 PM base.LogResults createLogs
INFO: PASS -  Sign-in section appeared.
Aug 20, 2025 6:35:46 PM base.LogResults createLogs
INFO: PASS -  Email Id entered.AutoE190825091637TDS@mailinator.com
Aug 20, 2025 6:35:48 PM base.LogResults createLogs
INFO: PASS -  Password entered.AutoEIDOWETP
Aug 20, 2025 6:35:50 PM base.LogResults createLogs
INFO: PASS -  Captcha entered.12345
Aug 20, 2025 6:35:53 PM base.LogResults createLogs
INFO: PASS -  Sign-in button clicked.
Aug 20, 2025 6:35:55 PM base.LogResults createLogs
INFO: PASS -  Login validated successfully And Good Text Is Displayed.
Aug 20, 2025 6:35:57 PM base.LogResults createLogs
INFO: PASS - Login Done Successfully: 
Aug 20, 2025 6:36:02 PM base.LogResults createLogs
INFO: PASS - Employee Attendance Module Clicked Successfully: 
Aug 20, 2025 6:36:09 PM base.LogResults createLogs
INFO: PASS - HrAccountAttendanceEmpTab Displayed Successfully In HR Account: 
Aug 20, 2025 6:36:11 PM base.LogResults createLogs
INFO: PASS - HrAccountRegulationRequestTab Displayed Successfully In HR Account: 
Aug 20, 2025 6:36:13 PM base.LogResults createLogs
INFO: PASS - HrAccountOTRequestTab Displayed Successfully In HR Account: 
Aug 20, 2025 6:36:15 PM base.LogResults createLogs
INFO: PASS - HrAccountShiftRequestTab Displayed Successfully In HR Account: 
Aug 20, 2025 6:36:18 PM base.LogResults createLogs
INFO: PASS - HrAccountWeekOffRequestTab Displayed Successfully In HR Account: 
Aug 20, 2025 6:36:20 PM base.LogResults createLogs
INFO: PASS - HrAccountAttendanceReprocessTab Displayed Successfully In HR Account: 
Aug 20, 2025 6:36:20 PM base.LogResults onlyLog
INFO: Passed - MeghMasterRolePermissionTest-MPI_284_RolePermission_19-Assign the HR role to the user and ensure that the user can access the following features: Employee, Regularization Request, Overtime Request, Shift Request, WeekOff Request, and Attendance ReProcess.
---------------------------------------------------------------
MeghMasterRolePermissionTestMPI_284_RolePermission_19
Aug 20, 2025 6:36:20 PM base.LogResults onlyLog
INFO: Total Pass : 1 Total Fail : 0  Total TC : 1
---------------------------------------------------------------
Test case took: 414.8996 seconds
Total TC Time: 00:06:54

===============================================
Suite
Total tests run: 1, Passes: 1, Failures: 0, Skips: 0
===============================================

