>> Console logging redirected to data/console.log
Deleted: E:\MeghPiFw\MeghPIreports\RunID-20-08-25_18_29_22\AllReports.html
Deleted: E:\MeghPiFw\MeghPIreports\RunID-20-08-25_18_29_22\chromeMeghMasterRolePermissionTest-Logs.txt
Deleted: E:\MeghPiFw\MeghPIreports\RunID-20-08-25_18_29_22\chromeMeghMasterRolePermissionTest.html
Deleted: E:\MeghPiFw\MeghPIreports\RunID-20-08-25_18_29_22\Dashboard.html
Deleted: E:\MeghPiFw\MeghPIreports\RunID-20-08-25_18_29_22\screenshot\20-08-2025-062926.png
Deleted: E:\MeghPiFw\MeghPIreports\RunID-20-08-25_18_29_22\screenshot\20-08-2025-062932.png
Deleted: E:\MeghPiFw\MeghPIreports\RunID-20-08-25_18_29_22\screenshot\20-08-2025-062935.png
Deleted: E:\MeghPiFw\MeghPIreports\RunID-20-08-25_18_29_22\screenshot\20-08-2025-062941.png
Deleted: E:\MeghPiFw\MeghPIreports\RunID-20-08-25_18_29_22\screenshot\20-08-2025-062943.png
Deleted: E:\MeghPiFw\MeghPIreports\RunID-20-08-25_18_29_22\screenshot\20-08-2025-062945.png
Deleted: E:\MeghPiFw\MeghPIreports\RunID-20-08-25_18_29_22\screenshot\20-08-2025-062948.png
Deleted: E:\MeghPiFw\MeghPIreports\RunID-20-08-25_18_29_22\screenshot\20-08-2025-062950.png
Deleted: E:\MeghPiFw\MeghPIreports\RunID-20-08-25_18_29_22\screenshot\20-08-2025-062952.png
Deleted: E:\MeghPiFw\MeghPIreports\RunID-20-08-25_18_29_22\screenshot\20-08-2025-062954.png
Deleted: E:\MeghPiFw\MeghPIreports\RunID-20-08-25_18_29_22\screenshot\20-08-2025-063005.png
Deleted: E:\MeghPiFw\MeghPIreports\RunID-20-08-25_18_29_22\screenshot\20-08-2025-063008.png
Deleted: E:\MeghPiFw\MeghPIreports\RunID-20-08-25_18_29_22\screenshot\20-08-2025-063010.png
Deleted: E:\MeghPiFw\MeghPIreports\RunID-20-08-25_18_29_22\screenshot\20-08-2025-063013.png
Deleted: E:\MeghPiFw\MeghPIreports\RunID-20-08-25_18_29_22\screenshot\20-08-2025-063025.png
Deleted: E:\MeghPiFw\MeghPIreports\RunID-20-08-25_18_29_22\screenshot\20-08-2025-063027.png
Deleted: E:\MeghPiFw\MeghPIreports\RunID-20-08-25_18_29_22\screenshot\20-08-2025-063032.png
Deleted: E:\MeghPiFw\MeghPIreports\RunID-20-08-25_18_29_22\screenshot\20-08-2025-063039.png
Deleted: E:\MeghPiFw\MeghPIreports\RunID-20-08-25_18_29_22\screenshot\20-08-2025-063042.png
Deleted: E:\MeghPiFw\MeghPIreports\RunID-20-08-25_18_29_22\screenshot\20-08-2025-063046.png
Deleted: E:\MeghPiFw\MeghPIreports\RunID-20-08-25_18_29_22\screenshot\20-08-2025-063050.png
Deleted: E:\MeghPiFw\MeghPIreports\RunID-20-08-25_18_29_22\screenshot\20-08-2025-063052.png
Deleted: E:\MeghPiFw\MeghPIreports\RunID-20-08-25_18_29_22\screenshot\20-08-2025-063058.png
Deleted: E:\MeghPiFw\MeghPIreports\RunID-20-08-25_18_29_22\screenshot\20-08-2025-063100.png
Deleted: E:\MeghPiFw\MeghPIreports\RunID-20-08-25_18_29_22\screenshot\20-08-2025-063102.png
Deleted: E:\MeghPiFw\MeghPIreports\RunID-20-08-25_18_29_22\screenshot\20-08-2025-063104.png
Deleted: E:\MeghPiFw\MeghPIreports\RunID-20-08-25_18_29_22\screenshot\20-08-2025-063107.png
Deleted: E:\MeghPiFw\MeghPIreports\RunID-20-08-25_18_29_22\screenshot\20-08-2025-063109.png
Deleted: E:\MeghPiFw\MeghPIreports\RunID-20-08-25_18_29_22\screenshot\20-08-2025-063111.png
Deleted: E:\MeghPiFw\MeghPIreports\RunID-20-08-25_18_29_22\screenshot\20-08-2025-063113.png
Deleted: E:\MeghPiFw\MeghPIreports\RunID-20-08-25_18_29_22\screenshot\20-08-2025-063119.png
Deleted: E:\MeghPiFw\MeghPIreports\RunID-20-08-25_18_29_22\screenshot\20-08-2025-063125.png
Deleted: E:\MeghPiFw\MeghPIreports\RunID-20-08-25_18_29_22\screenshot\20-08-2025-063131.png
Deleted: E:\MeghPiFw\MeghPIreports\RunID-20-08-25_18_29_22\screenshot\20-08-2025-063133.png
Deleted: E:\MeghPiFw\MeghPIreports\RunID-20-08-25_18_29_22\screenshot\20-08-2025-063135.png
Deleted: E:\MeghPiFw\MeghPIreports\RunID-20-08-25_18_29_22\screenshot\20-08-2025-063140.png
Deleted: E:\MeghPiFw\MeghPIreports\RunID-20-08-25_18_29_22\screenshot\20-08-2025-063200.png
Deleted: E:\MeghPiFw\MeghPIreports\RunID-20-08-25_18_29_22\screenshot\20-08-2025-063205.png
Deleted: E:\MeghPiFw\MeghPIreports\RunID-20-08-25_18_29_22\screenshot\20-08-2025-063208.png
Deleted: E:\MeghPiFw\MeghPIreports\RunID-20-08-25_18_29_22\screenshot\20-08-2025-063240.png
Deleted: E:\MeghPiFw\MeghPIreports\RunID-20-08-25_18_29_22\screenshot\20-08-2025-063252.png
Deleted: E:\MeghPiFw\MeghPIreports\RunID-20-08-25_18_29_22\screenshot\20-08-2025-063254.png
Deleted: E:\MeghPiFw\MeghPIreports\RunID-20-08-25_18_29_22\screenshot\20-08-2025-063257.png
Deleted: E:\MeghPiFw\MeghPIreports\RunID-20-08-25_18_29_22\screenshot\20-08-2025-063259.png
Deleted: E:\MeghPiFw\MeghPIreports\RunID-20-08-25_18_29_22\screenshot\20-08-2025-063306.png
Deleted: E:\MeghPiFw\MeghPIreports\RunID-20-08-25_18_29_22\screenshot\20-08-2025-063311.png
Deleted: E:\MeghPiFw\MeghPIreports\RunID-20-08-25_18_29_22\screenshot\20-08-2025-063313.png
Deleted: E:\MeghPiFw\MeghPIreports\RunID-20-08-25_18_29_22\screenshot\20-08-2025-063315.png
Deleted: E:\MeghPiFw\MeghPIreports\RunID-20-08-25_18_29_22\screenshot\20-08-2025-063327.png
Deleted: E:\MeghPiFw\MeghPIreports\RunID-20-08-25_18_29_22\screenshot\20-08-2025-063332.png
Deleted: E:\MeghPiFw\MeghPIreports\RunID-20-08-25_18_29_22\screenshot\20-08-2025-063340.png
Deleted: E:\MeghPiFw\MeghPIreports\RunID-20-08-25_18_29_22\screenshot\20-08-2025-063354.png
Deleted: E:\MeghPiFw\MeghPIreports\RunID-20-08-25_18_29_22\screenshot\20-08-2025-063400.png
Deleted: E:\MeghPiFw\MeghPIreports\RunID-20-08-25_18_29_22\screenshot\20-08-2025-063409.png
Deleted: E:\MeghPiFw\MeghPIreports\RunID-20-08-25_18_29_22\screenshot\20-08-2025-063417.png
Deleted: E:\MeghPiFw\MeghPIreports\RunID-20-08-25_18_29_22\screenshot\20-08-2025-063425.png
Deleted: E:\MeghPiFw\MeghPIreports\RunID-20-08-25_18_29_22\screenshot\20-08-2025-063435.png
Deleted: E:\MeghPiFw\MeghPIreports\RunID-20-08-25_18_29_22\screenshot\20-08-2025-063445.png
Deleted: E:\MeghPiFw\MeghPIreports\RunID-20-08-25_18_29_22\screenshot\20-08-2025-063447.png
Deleted: E:\MeghPiFw\MeghPIreports\RunID-20-08-25_18_29_22\screenshot\20-08-2025-063450.png
Deleted: E:\MeghPiFw\MeghPIreports\RunID-20-08-25_18_29_22\screenshot\20-08-2025-063452.png
Deleted: E:\MeghPiFw\MeghPIreports\RunID-20-08-25_18_29_22\screenshot\20-08-2025-063454.png
Deleted: E:\MeghPiFw\MeghPIreports\RunID-20-08-25_18_29_22\screenshot\20-08-2025-063456.png
Deleted: E:\MeghPiFw\MeghPIreports\RunID-20-08-25_18_29_22\screenshot\20-08-2025-063459.png
Deleted: E:\MeghPiFw\MeghPIreports\RunID-20-08-25_18_29_22\screenshot\20-08-2025-063501.png
Deleted: E:\MeghPiFw\MeghPIreports\RunID-20-08-25_18_29_22\screenshot\20-08-2025-063503.png
Deleted: E:\MeghPiFw\MeghPIreports\RunID-20-08-25_18_29_22\screenshot\20-08-2025-063505.png
Deleted: E:\MeghPiFw\MeghPIreports\RunID-20-08-25_18_29_22\screenshot\20-08-2025-063512.png
Deleted: E:\MeghPiFw\MeghPIreports\RunID-20-08-25_18_29_22\screenshot\20-08-2025-063522.png
Deleted: E:\MeghPiFw\MeghPIreports\RunID-20-08-25_18_29_22\screenshot\20-08-2025-063525.png
Deleted: E:\MeghPiFw\MeghPIreports\RunID-20-08-25_18_29_22\screenshot\20-08-2025-063527.png
Deleted: E:\MeghPiFw\MeghPIreports\RunID-20-08-25_18_29_22\screenshot\20-08-2025-063533.png
Deleted: E:\MeghPiFw\MeghPIreports\RunID-20-08-25_18_29_22\screenshot\20-08-2025-063535.png
Deleted: E:\MeghPiFw\MeghPIreports\RunID-20-08-25_18_29_22\screenshot\20-08-2025-063541.png
Deleted: E:\MeghPiFw\MeghPIreports\RunID-20-08-25_18_29_22\screenshot\20-08-2025-063544.png
Deleted: E:\MeghPiFw\MeghPIreports\RunID-20-08-25_18_29_22\screenshot\20-08-2025-063546.png
Deleted: E:\MeghPiFw\MeghPIreports\RunID-20-08-25_18_29_22\screenshot\20-08-2025-063548.png
Deleted: E:\MeghPiFw\MeghPIreports\RunID-20-08-25_18_29_22\screenshot\20-08-2025-063550.png
Deleted: E:\MeghPiFw\MeghPIreports\RunID-20-08-25_18_29_22\screenshot\20-08-2025-063553.png
Deleted: E:\MeghPiFw\MeghPIreports\RunID-20-08-25_18_29_22\screenshot\20-08-2025-063555.png
Deleted: E:\MeghPiFw\MeghPIreports\RunID-20-08-25_18_29_22\screenshot\20-08-2025-063600.png
Deleted: E:\MeghPiFw\MeghPIreports\RunID-20-08-25_18_29_22\screenshot\20-08-2025-063606.png
Deleted: E:\MeghPiFw\MeghPIreports\RunID-20-08-25_18_29_22\screenshot\20-08-2025-063609.png
Deleted: E:\MeghPiFw\MeghPIreports\RunID-20-08-25_18_29_22\screenshot\20-08-2025-063611.png
Deleted: E:\MeghPiFw\MeghPIreports\RunID-20-08-25_18_29_22\screenshot\20-08-2025-063613.png
Deleted: E:\MeghPiFw\MeghPIreports\RunID-20-08-25_18_29_22\screenshot\20-08-2025-063615.png
Deleted: E:\MeghPiFw\MeghPIreports\RunID-20-08-25_18_29_22\screenshot\20-08-2025-063618.png
Deleted: E:\MeghPiFw\MeghPIreports\RunID-20-08-25_18_38_12\json\chromeMeghMasterRolePermissionTest.json
Deleted: E:\MeghPiFw\MeghPIreports\RunID-20-08-25_18_38_12\chromeMeghMasterRolePermissionTest-Logs.txt
Deleted: E:\MeghPiFw\MeghPIreports\RunID-20-08-25_18_38_12\chromeMeghMasterRolePermissionTest-Logs.txt.lck
Deleted: E:\MeghPiFw\MeghPIreports\RunID-20-08-25_18_38_12\chromeMeghMasterRolePermissionTest.html
Deleted: E:\MeghPiFw\MeghPIreports\RunID-20-08-25_18_38_12\screenshot\20-08-2025-063815.png
Deleted: E:\MeghPiFw\MeghPIreports\RunID-20-08-25_18_38_12\screenshot\20-08-2025-063822.png
Deleted: E:\MeghPiFw\MeghPIreports\RunID-20-08-25_18_38_12\screenshot\20-08-2025-063824.png
Deleted: E:\MeghPiFw\MeghPIreports\RunID-20-08-25_18_38_12\screenshot\20-08-2025-063830.png
Deleted: E:\MeghPiFw\MeghPIreports\RunID-20-08-25_18_38_12\screenshot\20-08-2025-063832.png
Deleted: E:\MeghPiFw\MeghPIreports\RunID-20-08-25_18_38_12\screenshot\20-08-2025-063835.png
Deleted: E:\MeghPiFw\MeghPIreports\RunID-20-08-25_18_38_12\screenshot\20-08-2025-063837.png
Deleted: E:\MeghPiFw\MeghPIreports\RunID-20-08-25_18_38_12\screenshot\20-08-2025-063839.png
Deleted: E:\MeghPiFw\MeghPIreports\RunID-20-08-25_18_38_12\screenshot\20-08-2025-063841.png
Deleted: E:\MeghPiFw\MeghPIreports\RunID-20-08-25_18_38_12\screenshot\20-08-2025-063844.png
Deleted: E:\MeghPiFw\MeghPIreports\RunID-20-08-25_18_38_12\screenshot\20-08-2025-063855.png
Deleted: E:\MeghPiFw\MeghPIreports\RunID-20-08-25_18_38_12\screenshot\20-08-2025-063857.png
Deleted: E:\MeghPiFw\MeghPIreports\RunID-20-08-25_18_38_12\screenshot\20-08-2025-063900.png
Deleted: E:\MeghPiFw\MeghPIreports\RunID-20-08-25_18_38_12\screenshot\20-08-2025-063902.png
Deleted: E:\MeghPiFw\MeghPIreports\RunID-20-08-25_18_38_12\screenshot\20-08-2025-063915.png
Deleted: E:\MeghPiFw\MeghPIreports\RunID-20-08-25_18_38_12\screenshot\20-08-2025-063917.png
Deleted: E:\MeghPiFw\MeghPIreports\RunID-20-08-25_18_38_12\screenshot\20-08-2025-063919.png
Deleted: E:\MeghPiFw\MeghPIreports\RunID-20-08-25_18_38_12\screenshot\20-08-2025-063926.png
Deleted: E:\MeghPiFw\MeghPIreports\RunID-20-08-25_18_38_12\screenshot\20-08-2025-063929.png
Deleted: E:\MeghPiFw\MeghPIreports\RunID-20-08-25_18_39_48\AllReports.html
Deleted: E:\MeghPiFw\MeghPIreports\RunID-20-08-25_18_39_48\chromeMeghMasterTeamtest-Logs.txt
Deleted: E:\MeghPiFw\MeghPIreports\RunID-20-08-25_18_39_48\chromeMeghMasterTeamtest.html
Deleted: E:\MeghPiFw\MeghPIreports\RunID-20-08-25_18_39_48\Dashboard.html
Deleted: E:\MeghPiFw\MeghPIreports\RunID-20-08-25_18_39_48\screenshot\20-08-2025-063952.png
Deleted: E:\MeghPiFw\MeghPIreports\RunID-20-08-25_18_39_48\screenshot\20-08-2025-063958.png
Deleted: E:\MeghPiFw\MeghPIreports\RunID-20-08-25_18_39_48\screenshot\20-08-2025-064000.png
Deleted: E:\MeghPiFw\MeghPIreports\RunID-20-08-25_18_39_48\screenshot\20-08-2025-064007.png
Deleted: E:\MeghPiFw\MeghPIreports\RunID-20-08-25_18_39_48\screenshot\20-08-2025-064009.png
Deleted: E:\MeghPiFw\MeghPIreports\RunID-20-08-25_18_39_48\screenshot\20-08-2025-064011.png
Deleted: E:\MeghPiFw\MeghPIreports\RunID-20-08-25_18_39_48\screenshot\20-08-2025-064013.png
Deleted: E:\MeghPiFw\MeghPIreports\RunID-20-08-25_18_39_48\screenshot\20-08-2025-064016.png
Deleted: E:\MeghPiFw\MeghPIreports\RunID-20-08-25_18_39_48\screenshot\20-08-2025-064018.png
Deleted: E:\MeghPiFw\MeghPIreports\RunID-20-08-25_18_39_48\screenshot\20-08-2025-064020.png
Deleted: E:\MeghPiFw\MeghPIreports\RunID-20-08-25_18_39_48\screenshot\20-08-2025-064027.png
Deleted: E:\MeghPiFw\MeghPIreports\RunID-20-08-25_18_39_48\screenshot\20-08-2025-064030.png
Deleted: E:\MeghPiFw\MeghPIreports\RunID-20-08-25_18_39_48\screenshot\20-08-2025-064032.png
Deleted: E:\MeghPiFw\MeghPIreports\RunID-20-08-25_18_39_48\screenshot\20-08-2025-064034.png
Deleted: E:\MeghPiFw\MeghPIreports\RunID-20-08-25_18_39_48\screenshot\20-08-2025-064037.png
Deleted: E:\MeghPiFw\MeghPIreports\RunID-20-08-25_18_39_48\screenshot\20-08-2025-064039.png
Deleted: E:\MeghPiFw\MeghPIreports\RunID-20-08-25_18_39_48\screenshot\20-08-2025-064049.png
Deleted: E:\MeghPiFw\MeghPIreports\RunID-20-08-25_18_39_48\screenshot\20-08-2025-064051.png
Deleted: E:\MeghPiFw\MeghPIreports\RunID-20-08-25_18_39_48\screenshot\20-08-2025-064054.png
Deleted: E:\MeghPiFw\MeghPIreports\RunID-20-08-25_18_39_48\screenshot\20-08-2025-064056.png
Deleted: E:\MeghPiFw\MeghPIreports\RunID-20-08-25_18_39_48\screenshot\20-08-2025-064058.png
Deleted: E:\MeghPiFw\MeghPIreports\RunID-20-08-25_18_39_48\screenshot\20-08-2025-064102.png
Deleted: E:\MeghPiFw\MeghPIreports\RunID-20-08-25_18_39_48\screenshot\20-08-2025-064113.png
Deleted: E:\MeghPiFw\MeghPIreports\RunID-20-08-25_18_39_48\screenshot\20-08-2025-064117.png
Launching Driver...
SLF4J(W): No SLF4J providers were found.
SLF4J(W): Defaulting to no-operation (NOP) logger implementation
SLF4J(W): See https://www.slf4j.org/codes.html#noProviders for further details.
Aug 25, 2025 6:41:28 PM org.openqa.selenium.devtools.CdpVersionFinder findNearestMatch
WARNING: Unable to find an exact match for CDP version 139, returning the closest version; found: 137; Please update to a Selenium version that supports CDP version 139
(1386, 788)
Aug 25, 2025 6:41:32 PM base.LogResults createLogs
INFO: PASS -  Application loaded successfully.
Aug 25, 2025 6:41:38 PM base.LogResults createLogs
INFO: PASS -  Company code entered successfully.AEWK
Aug 25, 2025 6:41:41 PM base.LogResults createLogs
INFO: PASS - Clicked On 'Login with Password' successfully.
Aug 25, 2025 6:41:47 PM base.LogResults createLogs
INFO: PASS -  Sign-in section appeared.
Aug 25, 2025 6:41:49 PM base.LogResults createLogs
INFO: PASS -  Email Id entered.AutoE250825101437@mailinator.com
Aug 25, 2025 6:41:51 PM base.LogResults createLogs
INFO: PASS -  Password entered.Pramod@1234
Aug 25, 2025 6:41:54 PM base.LogResults createLogs
INFO: PASS -  Captcha entered.12345
Aug 25, 2025 6:41:56 PM base.LogResults createLogs
INFO: PASS -  Sign-in button clicked.
Aug 25, 2025 6:41:58 PM base.LogResults createLogs
INFO: PASS -  Login validated successfully And Good Text Is Displayed.
Aug 25, 2025 6:42:00 PM base.LogResults createLogs
INFO: PASS - Login Done Successfully: 
Aug 25, 2025 6:42:03 PM base.LogResults createLogs
INFO: PASS - Leave Button Clicked Successfully Of HR Account: 
Aug 25, 2025 6:42:07 PM base.LogResults createLogs
INFO: PASS -  EmpLeaveRequestsTab Clicked Successfully Of HR Account: 
Aug 25, 2025 6:42:16 PM base.LogResults createLogs
INFO: PASS - Leave Request Page 100 Per Page Selected  Successfully : 
Aug 25, 2025 6:42:23 PM base.LogResults createLogs
INFO: PASS - Monthly Leave Summary DrpIcon Clicked  Successfully : 
6
1
2
2
1
Comparison Passed: UI and Table values match.
Aug 25, 2025 6:42:26 PM base.LogResults createLogs
INFO: PASS - Monthly Leave Summary Count Is Verified With No Of Records Present In Table  Successfully : 
Aug 25, 2025 6:42:26 PM base.LogResults onlyLog
INFO: Passed - MeghLeaveTest-MPI_603_Leave_05-To verify this, check whether the counts for 'Pending', 'Approved', 'Rejected', 'Revoked', and the total 'Applied Leaves' are displayed accurately according to the number of records.
---------------------------------------------------------------
MeghLeaveTestMPI_603_Leave_05
Aug 25, 2025 6:42:26 PM base.LogResults onlyLog
INFO: Total Pass : 1 Total Fail : 0  Total TC : 1
---------------------------------------------------------------
Test case took: 57.5270 seconds
Total TC Time: 00:00:57
Launching Driver...
Aug 25, 2025 6:42:29 PM org.openqa.selenium.devtools.CdpVersionFinder findNearestMatch
WARNING: Unable to find an exact match for CDP version 139, returning the closest version; found: 137; Please update to a Selenium version that supports CDP version 139
(1386, 788)
Aug 25, 2025 6:42:34 PM base.LogResults createLogs
INFO: PASS - Application Loaded Successfully: 
Aug 25, 2025 6:42:41 PM base.LogResults createLogs
INFO: PASS - Company Code Entered in Text Box: AEWK
Aug 25, 2025 6:42:43 PM base.LogResults createLogs
INFO: PASS - Login With Password Button Is Clicked: 
Aug 25, 2025 6:42:49 PM base.LogResults createLogs
INFO: PASS - Sign in Text Is Displayed: 
Aug 25, 2025 6:42:51 PM base.LogResults createLogs
INFO: PASS - Username Is Entered In Username Text Field: autoEIDYNULDF
Aug 25, 2025 6:42:54 PM base.LogResults createLogs
INFO: PASS - Password Is Entered In Password Text Field: autoEIDYNULDF
Aug 25, 2025 6:42:56 PM base.LogResults createLogs
INFO: PASS - Captcha Entered On Captcha Text Field: 12345
Aug 25, 2025 6:42:58 PM base.LogResults createLogs
INFO: PASS - Clicked On Login Button: 
Aug 25, 2025 6:43:00 PM base.LogResults createLogs
INFO: PASS - Login Done  And Validated Successfully: 
Aug 25, 2025 6:43:02 PM base.LogResults createLogs
INFO: PASS - Login Done Successfully: 
Aug 25, 2025 6:43:05 PM base.LogResults createLogs
INFO: PASS - Leave Button Clicked Successfully Of Employee Account: 
Aug 25, 2025 6:43:09 PM base.LogResults createLogs
INFO: PASS -  EmpLeaveRequestsTab Clicked Successfully Of Employee Account: 
Aug 25, 2025 6:43:14 PM base.LogResults createLogs
INFO: PASS - Leave Request Page 100 Per Page Selected  Successfully Of Employee Account: 
Aug 25, 2025 6:43:21 PM base.LogResults createLogs
INFO: PASS - Monthly Leave Summary DrpIcon Clicked  Successfully : 
Error in compareLeaveStatistics: For input string: ""
Aug 25, 2025 6:43:23 PM base.LogResults createLogs
INFO: FAIL - Error While Verifying  Monthly Leave Summary With Table: For input string: ""
Aug 25, 2025 6:43:23 PM base.LogResults onlyLog
INFO: Failed - MeghLeaveTest-MPI_856_Leave_31-To verify this, check whether the counts for 'Pending', 'Approved', 'Rejected', 'Revoked', and the total 'Applied Leaves' are displayed accurately according to the number of records in employee account
---------------------------------------------------------------
MeghLeaveTestMPI_856_Leave_31
Aug 25, 2025 6:43:23 PM base.LogResults onlyLog
INFO: Total Pass : 1 Total Fail : 1  Total TC : 2
---------------------------------------------------------------
Test case took: 53.1892 seconds
Total TC Time: 00:01:50

===============================================
Suite
Total tests run: 2, Passes: 2, Failures: 0, Skips: 0
===============================================

