>> Console logging redirected to data/console.log
Launching Driver...
SLF4J(W): No SLF4J providers were found.
SLF4J(W): Defaulting to no-operation (NOP) logger implementation
SLF4J(W): See https://www.slf4j.org/codes.html#noProviders for further details.
Aug 22, 2025 2:37:53 PM org.openqa.selenium.devtools.CdpVersionFinder findNearestMatch
WARNING: Unable to find an exact match for CDP version 139, returning the closest version; found: 137; Please update to a Selenium version that supports CDP version 139
(1386, 788)
Aug 22, 2025 2:37:57 PM base.LogResults createLogs
INFO: PASS - Application Loaded Successfully: 
Aug 22, 2025 2:38:03 PM base.LogResults createLogs
INFO: PASS - Company Code Entered in Text Box: ADKK
Aug 22, 2025 2:38:05 PM base.LogResults createLogs
INFO: PASS - Login With Password Button Is Clicked: 
Aug 22, 2025 2:38:11 PM base.LogResults createLogs
INFO: PASS - Sign in Text Is Displayed: 
Aug 22, 2025 2:38:14 PM base.LogResults createLogs
INFO: PASS - Username Is Entered In Username Text Field: AutoEID9779
Aug 22, 2025 2:38:16 PM base.LogResults createLogs
INFO: PASS - Password Is Entered In Password Text Field: AutoEID9779
Aug 22, 2025 2:38:18 PM base.LogResults createLogs
INFO: PASS - Captcha Entered On Captcha Text Field: 12345
Aug 22, 2025 2:38:21 PM base.LogResults createLogs
INFO: PASS - Clicked On Login Button: 
Aug 22, 2025 2:38:23 PM base.LogResults createLogs
INFO: PASS - Login Done  And Validated Successfully: 
Aug 22, 2025 2:38:25 PM base.LogResults createLogs
INFO: PASS - Login Done Successfully: 
Aug 22, 2025 2:38:27 PM base.LogResults createLogs
INFO: PASS - Leave Button Clicked Successfully Of Employee Account: 
Aug 22, 2025 2:38:32 PM base.LogResults createLogs
INFO: PASS -  EmpLeaveRequestsTab Clicked Successfully Of Employee Account: 
Aug 22, 2025 2:38:36 PM base.LogResults createLogs
INFO: PASS -  Apply Leave Button Clicked Successfully Of Employee Account: 
Aug 22, 2025 2:38:38 PM base.LogResults createLogs
INFO: PASS -  LeaveTypeDropdown Clicked Successfully Of Employee Account: 
Aug 22, 2025 2:38:40 PM base.LogResults createLogs
INFO: PASS -  SickLeave Selected  Successfully: 
Aug 22, 2025 2:38:43 PM base.LogResults createLogs
INFO: PASS -  FromDateTextField Clicked Successfully : 
Aug 22, 2025 2:38:48 PM base.LogResults createLogs
INFO: PASS -  FromDate Inputted Successfully : 
Aug 22, 2025 2:38:54 PM base.LogResults createLogs
INFO: PASS -  LeaveDurationOne Clicked Successfully Of Employee Account: 
Aug 22, 2025 2:38:56 PM base.LogResults createLogs
INFO: PASS -  FullDay DurationOne Selected  Successfully: 
Aug 22, 2025 2:38:59 PM base.LogResults createLogs
INFO: PASS -  ToDateTextField Clicked Successfully : 
Aug 22, 2025 2:39:04 PM base.LogResults createLogs
INFO: PASS -  ToDate Selected Inputted Successfully : 
Aug 22, 2025 2:39:06 PM base.LogResults createLogs
INFO: PASS -  LeaveDurationTwo Clicked Successfully Of Employee Account: 
Aug 22, 2025 2:39:08 PM base.LogResults createLogs
INFO: PASS -  FullDayDurationTwo Clicked Successfully Of Employee Account: 
Aug 22, 2025 2:39:11 PM base.LogResults createLogs
INFO: PASS -  Reason Inputted  Successfully Of Employee Account: Test
Aug 22, 2025 2:39:13 PM base.LogResults createLogs
INFO: PASS - Leave Request Apply Button Clicked  Successfully Of Employee Account: 
Aug 22, 2025 2:39:19 PM base.LogResults createLogs
INFO: PASS - Admin Manage Button Clicked Successfully: 
Aug 22, 2025 2:39:22 PM base.LogResults createLogs
INFO: PASS - Admin Logout Button Clicked Successfully: 
Aug 22, 2025 2:39:24 PM base.LogResults createLogs
INFO: PASS -  Application loaded successfully.
Aug 22, 2025 2:39:30 PM base.LogResults createLogs
INFO: PASS -  Company code entered successfully.ADKK
Aug 22, 2025 2:39:32 PM base.LogResults createLogs
INFO: PASS - Clicked On 'Login with Password' successfully.
Aug 22, 2025 2:39:39 PM base.LogResults createLogs
INFO: PASS -  Sign-in section appeared.
Aug 22, 2025 2:39:41 PM base.LogResults createLogs
INFO: PASS -  Email Id entered.AutoE210825171640@mailinator.com
Aug 22, 2025 2:39:43 PM base.LogResults createLogs
INFO: PASS -  Password entered.Pramod@1234
Aug 22, 2025 2:39:45 PM base.LogResults createLogs
INFO: PASS -  Captcha entered.12345
Aug 22, 2025 2:39:48 PM base.LogResults createLogs
INFO: PASS -  Sign-in button clicked.
Aug 22, 2025 2:39:50 PM base.LogResults createLogs
INFO: PASS -  Login validated successfully And Good Text Is Displayed.
Aug 22, 2025 2:39:52 PM base.LogResults createLogs
INFO: PASS - Login Done Successfully: 
Aug 22, 2025 2:39:54 PM base.LogResults createLogs
INFO: PASS - Leave Button Clicked Successfully Of HR Account: 
Aug 22, 2025 2:39:59 PM base.LogResults createLogs
INFO: PASS -  EmpLeaveRequestsTab Clicked Successfully Of HR Account: 
Aug 22, 2025 2:40:03 PM base.LogResults createLogs
INFO: PASS - Clicked On SearchDropDown Successfully: 
Aug 22, 2025 2:40:16 PM base.LogResults createLogs
INFO: PASS -  Leave Type Option Selected  Successfully : Sick Leave
Aug 22, 2025 2:40:18 PM base.LogResults createLogs
INFO: PASS - Clicked On SearchDropDown Successfully: 
Aug 22, 2025 2:40:23 PM base.LogResults createLogs
INFO: PASS - Leave Request Page 100 Per Page Selected  Successfully : 
Aug 22, 2025 2:40:29 PM base.LogResults createLogs
INFO: PASS -  Leave Name Inputted  Successfully : Sick Leave
Aug 22, 2025 2:40:39 PM base.LogResults createLogs
INFO: FAIL - Error While Rejecting Leave: No matching row with Reject button found for date: 2025-08-04
Aug 22, 2025 2:40:51 PM base.LogResults createLogs
INFO: FAIL - Error While Inputting Rejection Reason: element not interactable
  (Session info: chrome=139.0.7258.128)
Build info: version: '4.28.0', revision: 'ac342546e9'
System info: os.name: 'Windows 10', os.arch: 'amd64', os.version: '10.0', java.version: '17.0.11'
Driver info: org.openqa.selenium.chrome.ChromeDriver
Command: [03496b6d12ff82b60396ccaee5ac927a, clearElement {id=f.232E7DB21F8E7AC9DF67A07C6A93B04F.d.5C30132070686C4BBAE88DE64AC22F9C.e.2360}]
Capabilities {acceptInsecureCerts: true, browserName: chrome, browserVersion: 139.0.7258.128, chrome: {chromedriverVersion: 139.0.7258.138 (884e54ea8d4..., userDataDir: C:\Users\Pramod.C\AppData\L...}, fedcm:accounts: true, goog:chromeOptions: {debuggerAddress: localhost:50673}, networkConnectionEnabled: false, pageLoadStrategy: none, platformName: windows, proxy: Proxy(), se:cdp: ws://localhost:50673/devtoo..., se:cdpVersion: 139.0.7258.128, setWindowRect: true, strictFileInteractability: false, timeouts: {implicit: 0, pageLoad: 300000, script: 30000}, unhandledPromptBehavior: dismiss and notify, webauthn:extension:credBlob: true, webauthn:extension:largeBlob: true, webauthn:extension:minPinLength: true, webauthn:extension:prf: true, webauthn:virtualAuthenticators: true}
Element: [[ChromeDriver: chrome on windows (03496b6d12ff82b60396ccaee5ac927a)] -> xpath: //input[@id='txtRejectReason']]
Session ID: 03496b6d12ff82b60396ccaee5ac927a
Aug 22, 2025 2:41:04 PM base.LogResults createLogs
INFO: FAIL - Error While Clicking On Reject Button: element not interactable
  (Session info: chrome=139.0.7258.128)
Build info: version: '4.28.0', revision: 'ac342546e9'
System info: os.name: 'Windows 10', os.arch: 'amd64', os.version: '10.0', java.version: '17.0.11'
Driver info: org.openqa.selenium.chrome.ChromeDriver
Command: [03496b6d12ff82b60396ccaee5ac927a, clickElement {id=f.232E7DB21F8E7AC9DF67A07C6A93B04F.d.5C30132070686C4BBAE88DE64AC22F9C.e.2569}]
Capabilities {acceptInsecureCerts: true, browserName: chrome, browserVersion: 139.0.7258.128, chrome: {chromedriverVersion: 139.0.7258.138 (884e54ea8d4..., userDataDir: C:\Users\Pramod.C\AppData\L...}, fedcm:accounts: true, goog:chromeOptions: {debuggerAddress: localhost:50673}, networkConnectionEnabled: false, pageLoadStrategy: none, platformName: windows, proxy: Proxy(), se:cdp: ws://localhost:50673/devtoo..., se:cdpVersion: 139.0.7258.128, setWindowRect: true, strictFileInteractability: false, timeouts: {implicit: 0, pageLoad: 300000, script: 30000}, unhandledPromptBehavior: dismiss and notify, webauthn:extension:credBlob: true, webauthn:extension:largeBlob: true, webauthn:extension:minPinLength: true, webauthn:extension:prf: true, webauthn:virtualAuthenticators: true}
Element: [[ChromeDriver: chrome on windows (03496b6d12ff82b60396ccaee5ac927a)] -> xpath: //button[@id='btnRejectRequest']]
Session ID: 03496b6d12ff82b60396ccaee5ac927a
Aug 22, 2025 2:41:06 PM base.LogResults createLogs
INFO: PASS - Clicked On SearchDropDown Successfully: 
Aug 22, 2025 2:41:18 PM base.LogResults createLogs
INFO: PASS -  Leave Type Option Selected  Successfully : Sick Leave
