>> Console logging redirected to data/console.log
Continuing with Existing Master Data due to threshold value:140725-140725-ThreSld->3
Launching Driver...
SLF4J(W): No SLF4J providers were found.
SLF4J(W): Defaulting to no-operation (NOP) logger implementation
SLF4J(W): See https://www.slf4j.org/codes.html#noProviders for further details.
Jul 14, 2025 5:31:37 PM org.openqa.selenium.devtools.CdpVersionFinder findNearestMatch
WARNING: Unable to find an exact match for CDP version 138, returning the closest version; found: 137; Please update to a Selenium version that supports CDP version 138
Jul 14, 2025 5:31:38 PM base.LogResults createLogs
INFO: PASS - Application Loaded Successfully: 
Jul 14, 2025 5:31:42 PM base.LogResults createLogs
INFO: PASS - Company Code Entered in Text Box: AGIB
Jul 14, 2025 5:31:43 PM base.LogResults createLogs
INFO: PASS - Login With Password Button Is Clicked: 
Jul 14, 2025 5:31:47 PM base.LogResults createLogs
INFO: PASS - Sign in Text Is Displayed: 
Jul 14, 2025 5:31:47 PM base.LogResults createLogs
INFO: PASS - Username Is Entered In Username Text Field: AutoE140725101157@mailinator.com
Jul 14, 2025 5:31:47 PM base.LogResults createLogs
INFO: PASS - Password Is Entered In Password Text Field: Pramod@1234
Jul 14, 2025 5:31:48 PM base.LogResults createLogs
INFO: PASS - Captcha Entered On Captcha Text Field: 12345
Jul 14, 2025 5:31:48 PM base.LogResults createLogs
INFO: PASS - Clicked On Login Button: 
Jul 14, 2025 5:31:50 PM base.LogResults createLogs
INFO: PASS - login Validated Successfully: 
Jul 14, 2025 5:31:54 PM base.LogResults createLogs
INFO: PASS - PolicyIcon Clicked Successfully: 
Jul 14, 2025 5:31:55 PM base.LogResults createLogs
INFO: PASS - PolicyMaster Loaded Successfully: 
Jul 14, 2025 5:31:55 PM base.LogResults createLogs
INFO: PASS - ShiftDropDown Clicked Successfully : 
Jul 14, 2025 5:31:55 PM base.LogResults createLogs
INFO: PASS - ShiftButton Clicked Successfully : 
Jul 14, 2025 5:31:56 PM base.LogResults createLogs
INFO: PASS - Shift Page Loaded Successfully : 
Jul 14, 2025 5:31:57 PM base.LogResults createLogs
INFO: PASS - CreateShiftButton Clicked Successfully : 
Jul 14, 2025 5:31:58 PM base.LogResults createLogs
INFO: PASS - Shift Name Inputted Successfully : AutoSNOXDYSMV
Jul 14, 2025 5:31:58 PM base.LogResults createLogs
INFO: PASS - Shift Code Inputted Successfully : Au678
Jul 14, 2025 5:31:58 PM base.LogResults createLogs
INFO: PASS - Shift Start Time Clicked Successfully : 
Jul 14, 2025 5:32:01 PM base.LogResults createLogs
INFO: PASS - Shift Start Time Inputted Successfully : 09:00
Jul 14, 2025 5:32:01 PM base.LogResults createLogs
INFO: PASS - Shift Start Time Inputted Successfully : 
Jul 14, 2025 5:32:01 PM base.LogResults createLogs
INFO: PASS - Shift End Time Inputted Successfully : 18:00
Jul 14, 2025 5:32:03 PM base.LogResults createLogs
INFO: PASS - Shift Buffer Time Inputted Successfully : 1:00
Jul 14, 2025 5:32:03 PM base.LogResults createLogs
INFO: PASS - Shift Buffer Time Inputted Successfully : 1:00
Jul 14, 2025 5:32:05 PM base.LogResults createLogs
INFO: PASS - Shift Full Day Time Inputted Successfully : 9:00
Jul 14, 2025 5:32:06 PM base.LogResults createLogs
INFO: PASS - Shift Full Day Time Inputted Successfully : 9:00
Jul 14, 2025 5:32:08 PM base.LogResults createLogs
INFO: PASS - Shift Half Day Time Inputted Successfully : 4:30
Jul 14, 2025 5:32:08 PM base.LogResults createLogs
INFO: PASS - Shift Half Day Time Inputted Successfully : 4:30
Jul 14, 2025 5:32:08 PM base.LogResults createLogs
INFO: PASS - AddBreakButton Clicked Successfully : 
Jul 14, 2025 5:32:08 PM base.LogResults createLogs
INFO: PASS - Break Name Inputted Successfully : AutoBNHUMRN
Jul 14, 2025 5:32:09 PM base.LogResults createLogs
INFO: PASS - BreakStartTime Clicked Successfully : 
Jul 14, 2025 5:32:09 PM base.LogResults createLogs
INFO: PASS - BreakStartTime Inputted Successfully : 13:00
Jul 14, 2025 5:32:09 PM base.LogResults createLogs
INFO: PASS - BreakEndTime Clicked Successfully : 
Jul 14, 2025 5:32:09 PM base.LogResults createLogs
INFO: PASS - BreakEndTime Clicked Successfully : 14:00
Jul 14, 2025 5:32:09 PM base.LogResults createLogs
INFO: PASS - Break Name Inputted Successfully : AutoBNHUMRN
Jul 14, 2025 5:32:13 PM base.LogResults createLogs
INFO: PASS - BreakBufferTime Clicked Successfully : 
Jul 14, 2025 5:32:17 PM base.LogResults createLogs
INFO: PASS - BreakBufferTime Inputted Successfully : 13:30
Jul 14, 2025 5:32:17 PM base.LogResults createLogs
INFO: PASS - Create Shift Save Button Clicked Successfully : 
Jul 14, 2025 5:32:21 PM base.LogResults createLogs
INFO: PASS - ShiftPolicyTab Clicked Successfully : 
Jul 14, 2025 5:32:25 PM base.LogResults createLogs
INFO: PASS - AddShiftPolicyButton Clicked Successfully : 
Jul 14, 2025 5:32:26 PM base.LogResults createLogs
INFO: PASS - AddShiftButton Clicked Successfully : 
Jul 14, 2025 5:32:30 PM base.LogResults createLogs
INFO: PASS - Shift Name Validated And Present In The Shift Policy 'add shift' Successfully : AutoSNOXDYSMV
Jul 14, 2025 5:32:30 PM base.LogResults onlyLog
INFO: Passed - MeghShiftTest-MPI_162_MeghPi_Shift_01-To verify this, create an 'A shift' by selecting 6 to 2 timings and check whether the created shift is displayed in the shift policy module
---------------------------------------------------------------
MeghShiftTestMPI_162_MeghPi_Shift_01
Jul 14, 2025 5:32:30 PM base.LogResults onlyLog
INFO: Total Pass : 1 Total Fail : 0  Total TC : 1
---------------------------------------------------------------
Test case took: 53.0815 seconds
Total TC Time: 00:00:53
Launching Driver...
Jul 14, 2025 5:32:32 PM org.openqa.selenium.devtools.CdpVersionFinder findNearestMatch
WARNING: Unable to find an exact match for CDP version 138, returning the closest version; found: 137; Please update to a Selenium version that supports CDP version 138
Jul 14, 2025 5:32:33 PM base.LogResults onlyLog
INFO: Passed - MeghShiftTest-MPI_540_MeghPi_Shift_16-To verify this, assign the created shift to any shift policy, and ensure that when attempting to delete the shift after assignment, an appropriate error message is displayed.
---------------------------------------------------------------
MeghShiftTestMPI_540_MeghPi_Shift_16
Jul 14, 2025 5:32:33 PM base.LogResults onlyLog
INFO: Total Pass : 2 Total Fail : 0  Total TC : 2
---------------------------------------------------------------
Test case took: 0.0279 seconds
Total TC Time: 00:00:53
Launching Driver...
Jul 14, 2025 5:32:34 PM org.openqa.selenium.devtools.CdpVersionFinder findNearestMatch
WARNING: Unable to find an exact match for CDP version 138, returning the closest version; found: 137; Please update to a Selenium version that supports CDP version 138
Jul 14, 2025 5:32:35 PM base.LogResults onlyLog
INFO: Passed - MeghShiftTest-MPI_540_MeghPi_Shift_16-
---------------------------------------------------------------
MeghShiftTestMPI_540_MeghPi_Shift_16
Jul 14, 2025 5:32:35 PM base.LogResults onlyLog
INFO: Total Pass : 3 Total Fail : 0  Total TC : 3
---------------------------------------------------------------
Test case took: 0.0223 seconds
Total TC Time: 00:00:53
Launching Driver...
Jul 14, 2025 5:32:36 PM org.openqa.selenium.devtools.CdpVersionFinder findNearestMatch
WARNING: Unable to find an exact match for CDP version 138, returning the closest version; found: 137; Please update to a Selenium version that supports CDP version 138
Jul 14, 2025 5:32:37 PM base.LogResults onlyLog
INFO: Passed - MeghShiftTest-MPI_540_MeghPi_Shift_16-
---------------------------------------------------------------
MeghShiftTestMPI_540_MeghPi_Shift_16
Jul 14, 2025 5:32:37 PM base.LogResults onlyLog
INFO: Total Pass : 4 Total Fail : 0  Total TC : 4
---------------------------------------------------------------
Test case took: 0.0257 seconds
Total TC Time: 00:00:53
Launching Driver...
Jul 14, 2025 5:32:40 PM org.openqa.selenium.devtools.CdpVersionFinder findNearestMatch
WARNING: Unable to find an exact match for CDP version 138, returning the closest version; found: 137; Please update to a Selenium version that supports CDP version 138
Jul 14, 2025 5:32:41 PM base.LogResults onlyLog
INFO: Passed - MeghShiftTest-MPI_540_MeghPi_Shift_16-
---------------------------------------------------------------
MeghShiftTestMPI_540_MeghPi_Shift_16
Jul 14, 2025 5:32:41 PM base.LogResults onlyLog
INFO: Total Pass : 5 Total Fail : 0  Total TC : 5
---------------------------------------------------------------
Test case took: 0.0185 seconds
Total TC Time: 00:00:53

===============================================
Suite
Total tests run: 5, Passes: 1, Failures: 1, Skips: 3
Configuration Failures: 4, Skips: 0
===============================================

