>> Console logging redirected to data/console.log
Launching Driver...
SLF4J(W): No SLF4J providers were found.
SLF4J(W): Defaulting to no-operation (NOP) logger implementation
SLF4J(W): See https://www.slf4j.org/codes.html#noProviders for further details.
Aug 20, 2025 4:47:03 PM org.openqa.selenium.devtools.CdpVersionFinder findNearestMatch
WARNING: Unable to find an exact match for CDP version 139, returning the closest version; found: 137; Please update to a Selenium version that supports CDP version 139
(1386, 788)
Aug 20, 2025 4:47:07 PM base.LogResults createLogs
INFO: PASS - Application Loaded Successfully: 
Aug 20, 2025 4:47:13 PM base.LogResults createLogs
INFO: PASS - Company Code Entered in Text Box: ARBX
Aug 20, 2025 4:47:16 PM base.LogResults createLogs
INFO: PASS - Login With Password Button Is Clicked: 
Aug 20, 2025 4:47:22 PM base.LogResults createLogs
INFO: PASS - Sign in Text Is Displayed: 
Aug 20, 2025 4:47:24 PM base.LogResults createLogs
INFO: PASS - Username Is Entered In Username Text Field: AutoE190825091637@mailinator.com
Aug 20, 2025 4:47:26 PM base.LogResults createLogs
INFO: PASS - Password Is Entered In Password Text Field: Pramod@1234
Aug 20, 2025 4:47:29 PM base.LogResults createLogs
INFO: PASS - Captcha Entered On Captcha Text Field: 12345
Aug 20, 2025 4:47:31 PM base.LogResults createLogs
INFO: PASS - Clicked On Login Button: 
Aug 20, 2025 4:47:33 PM base.LogResults createLogs
INFO: PASS - Login Done  And Validated Successfully: 
Aug 20, 2025 4:47:35 PM base.LogResults createLogs
INFO: PASS - Login Done Successfully: 
Aug 20, 2025 4:47:41 PM base.LogResults createLogs
INFO: PASS - FileButton Clicked Successfully: 
Aug 20, 2025 4:47:43 PM base.LogResults createLogs
INFO: PASS - UploadFile Clicked Successfully: 
Aug 20, 2025 4:47:58 PM base.LogResults createLogs
INFO: PASS - File Selected Successfully: ./data/Files/TestFile1.pdf
Aug 20, 2025 4:48:05 PM base.LogResults createLogs
INFO: PASS - Company FileTag Selected Successfully: Appraisal 
Aug 20, 2025 4:48:07 PM base.LogResults createLogs
INFO: PASS - Date TextField Is Clicked Successfully: 
Aug 20, 2025 4:48:18 PM base.LogResults createLogs
INFO: PASS - Month Selected Successfully: 
Aug 20, 2025 4:48:20 PM base.LogResults createLogs
INFO: PASS - Day Selected Successfully: 
Aug 20, 2025 4:48:22 PM base.LogResults createLogs
INFO: PASS - Upload FileSave Button Clicked Successfully: 
Aug 20, 2025 4:48:30 PM base.LogResults createLogs
INFO: PASS - UploadFile Clicked Successfully: 
Aug 20, 2025 4:48:45 PM base.LogResults createLogs
INFO: PASS - File Selected Successfully: ./data/Files/TestFile1.pdf
Aug 20, 2025 4:48:52 PM base.LogResults createLogs
INFO: PASS - Company FileTag Selected Successfully: Educational
Aug 20, 2025 4:48:54 PM base.LogResults createLogs
INFO: PASS - Date TextField Is Clicked Successfully: 
Aug 20, 2025 4:49:05 PM base.LogResults createLogs
INFO: PASS - Month Selected Successfully: 
Aug 20, 2025 4:49:07 PM base.LogResults createLogs
INFO: PASS - Day Selected Successfully: 
Aug 20, 2025 4:49:09 PM base.LogResults createLogs
INFO: PASS - Upload FileSave Button Clicked Successfully: 
Aug 20, 2025 4:49:20 PM base.LogResults createLogs
INFO: PASS - Directory Button Clicked Successfully: 
Aug 20, 2025 4:49:23 PM base.LogResults createLogs
INFO: PASS - Directory Page Loaded Successfully: 
Aug 20, 2025 4:49:25 PM base.LogResults createLogs
INFO: PASS - Company Tab  Clicked Successfully: 
Aug 20, 2025 4:49:27 PM base.LogResults createLogs
INFO: PASS - FileTag Button  Clicked Successfully: 
Aug 20, 2025 4:49:30 PM base.LogResults createLogs
INFO: PASS - FileTag Page Loaded Successfully: 
Aug 20, 2025 4:49:32 PM base.LogResults createLogs
INFO: PASS - MoveFileDropDown  Clicked Successfully: 
Aug 20, 2025 4:49:37 PM base.LogResults createLogs
INFO: PASS - From Tag Name Selected Successfully: Appraisal 
Aug 20, 2025 4:49:42 PM base.LogResults createLogs
INFO: PASS - To Tag Name Selected Successfully: Educational
Aug 20, 2025 4:49:45 PM base.LogResults createLogs
INFO: PASS - MoveSaveButton Clicked Successfully: 
Files: 0 movedResult
Aug 20, 2025 4:49:52 PM base.LogResults createLogs
INFO: PASS - Moved Validation Done Successfully: 
Aug 20, 2025 4:49:56 PM base.LogResults onlyLog
INFO: Passed - MeghMasterFileTagTest-MPI_342_FileTags_12-To verify this, upload two files in the File module — select the 'Company' file tag for one file and the 'Employee' file tag for the other. After uploading, go to the File Tag module and move the file tagged under the Company section type to the Employee section type. Ensure the file  is moved successfully from compay to employee filetag
---------------------------------------------------------------
MeghMasterFileTagTestMPI_342_FileTags_12
Aug 20, 2025 4:49:56 PM base.LogResults onlyLog
INFO: Total Pass : 1 Total Fail : 0  Total TC : 1
---------------------------------------------------------------
Test case took: 172.5344 seconds
Total TC Time: 00:02:52

===============================================
Suite
Total tests run: 1, Passes: 1, Failures: 0, Skips: 0
===============================================

