>> Console logging redirected to data/console.log
Continuing with Existing Master Data due to threshold value:160725-150725-ThreSld->3
Launching Driver...
SLF4J(W): No SLF4J providers were found.
SLF4J(W): Defaulting to no-operation (NOP) logger implementation
SLF4J(W): See https://www.slf4j.org/codes.html#noProviders for further details.
Jul 16, 2025 11:59:21 AM org.openqa.selenium.devtools.CdpVersionFinder findNearestMatch
WARNING: Unable to find an exact match for CDP version 138, returning the closest version; found: 137; Please update to a Selenium version that supports CDP version 138
Jul 16, 2025 11:59:23 AM base.LogResults createLogs
INFO: PASS - Step 1: Application loaded successfully.
Jul 16, 2025 11:59:27 AM base.LogResults createLogs
INFO: PASS - Step 2: Company code entered successfully.AZPK
Jul 16, 2025 11:59:27 AM base.LogResults createLogs
INFO: PASS - Step 3: Clicked 'Login with Password' successfully.
Jul 16, 2025 11:59:31 AM base.LogResults createLogs
INFO: PASS - Step 4: Sign-in section appeared.
Jul 16, 2025 11:59:32 AM base.LogResults createLogs
INFO: PASS - Step 5: Username entered.AutoE150725091521@mailinator.com
Jul 16, 2025 11:59:32 AM base.LogResults createLogs
INFO: PASS - Step 6: Password entered.Pramod@1234
Jul 16, 2025 11:59:32 AM base.LogResults createLogs
INFO: PASS - Step 7: Captcha entered.12345
Jul 16, 2025 11:59:32 AM base.LogResults createLogs
INFO: PASS - Step 8: Sign-in button clicked.
Jul 16, 2025 11:59:35 AM base.LogResults createLogs
INFO: PASS - Step 9: Login validated successfully.
Jul 16, 2025 11:59:35 AM base.LogResults createLogs
INFO: PASS - Login Done Successfully: 
Jul 16, 2025 11:59:39 AM base.LogResults createLogs
INFO: PASS - PolicyIcon Clicked Successfully: 
Jul 16, 2025 11:59:40 AM base.LogResults createLogs
INFO: PASS - PolicyMaster Loaded Successfully: 
Jul 16, 2025 11:59:40 AM base.LogResults createLogs
INFO: PASS - LeaveDropDownFromSideBar Clicked Successfully: 
Jul 16, 2025 11:59:40 AM base.LogResults createLogs
INFO: PASS - HolidaysButtonFromSidebar Clicked Successfully: 
Jul 16, 2025 11:59:42 AM base.LogResults createLogs
INFO: PASS - AddHolidayPolicyButton Clicked Successfully: 
Jul 16, 2025 11:59:50 AM base.LogResults createLogs
INFO: PASS - HolidayPolicyName Inputted In TextField Successfully: AutoHPN150725091521HOH
Jul 16, 2025 11:59:56 AM base.LogResults createLogs
INFO: PASS - Year Selected Successfully: 2024-2025 
Jul 16, 2025 11:59:56 AM base.LogResults createLogs
INFO: PASS - NextStepButton Clicked Successfully: 
Jul 16, 2025 11:59:57 AM base.LogResults createLogs
INFO: PASS - NextStepButton Clicked Successfully: 
Jul 16, 2025 11:59:57 AM base.LogResults createLogs
INFO: PASS - CreatePolicySaveButton Clicked Successfully: 
Jul 16, 2025 12:00:04 PM base.LogResults createLogs
INFO: PASS - Yes Button Button Successfully : 
Jul 16, 2025 12:00:09 PM base.LogResults createLogs
INFO: PASS - Directory Button Clicked Successfully: 
Jul 16, 2025 12:00:10 PM base.LogResults createLogs
INFO: PASS - Directory Page Loaded Successfully: 
Jul 16, 2025 12:00:11 PM base.LogResults createLogs
INFO: PASS - Clicked On EmployeeTab Successfully: 
Jul 16, 2025 12:00:12 PM base.LogResults createLogs
INFO: PASS - Directory Page Loaded Successfully: 
Jul 16, 2025 12:00:13 PM base.LogResults createLogs
INFO: PASS - Successfully Clicked On First Employee Record 3dots: 
Jul 16, 2025 12:00:13 PM base.LogResults createLogs
INFO: PASS - Successfully Clicked On First Employee Record ManageProfileButton: 
Jul 16, 2025 12:00:33 PM base.LogResults createLogs
INFO: PASS - Successfully Clicked On First Employee Record Policy Button: 
Jul 16, 2025 12:00:42 PM base.LogResults createLogs
INFO: PASS - Created Holiday Policy Is Assigned To All Emp Successfully: AutoHPN150725091521HOH=AutoHPN150725091521HOH
Jul 16, 2025 12:00:42 PM base.LogResults onlyLog
INFO: Passed - MeghHolidayPolicyTest-MPI_586_Holiday_Policy_01-To verify this, create a holiday policy by selecting 2024-2025 as duration year and ensure that the created policy is displayed in the employee profile.
---------------------------------------------------------------
MeghHolidayPolicyTestMPI_586_Holiday_Policy_01
Jul 16, 2025 12:00:42 PM base.LogResults onlyLog
INFO: Total Pass : 1 Total Fail : 0  Total TC : 1
---------------------------------------------------------------
Test case took: 80.6317 seconds
Total TC Time: 00:01:20

===============================================
Suite
Total tests run: 1, Passes: 1, Failures: 0, Skips: 0
===============================================

