>> Console logging redirected to data/console.log
Launching Driver...
SLF4J(W): No SLF4J providers were found.
SLF4J(W): Defaulting to no-operation (NOP) logger implementation
SLF4J(W): See https://www.slf4j.org/codes.html#noProviders for further details.
Aug 13, 2025 5:26:09 PM org.openqa.selenium.devtools.CdpVersionFinder findNearestMatch
WARNING: Unable to find an exact match for CDP version 138, returning the closest version; found: 137; Please update to a Selenium version that supports CDP version 138
(1386, 788)
Aug 13, 2025 5:26:12 PM base.LogResults createLogs
INFO: PASS - Application Loaded Successfully: 
Aug 13, 2025 5:26:19 PM base.LogResults createLogs
INFO: PASS - Company Code Entered in Text Box: AYKY
Aug 13, 2025 5:26:21 PM base.LogResults createLogs
INFO: PASS - Login With Password Button Is Clicked: 
Aug 13, 2025 5:26:27 PM base.LogResults createLogs
INFO: PASS - Sign in Text Is Displayed: 
Aug 13, 2025 5:26:29 PM base.LogResults createLogs
INFO: PASS - Username Is Entered In Username Text Field: AutoE130825091642@mailinator.com
Aug 13, 2025 5:26:32 PM base.LogResults createLogs
INFO: PASS - Password Is Entered In Password Text Field: Pramod@1234
Aug 13, 2025 5:26:34 PM base.LogResults createLogs
INFO: PASS - Captcha Entered On Captcha Text Field: 12345
Aug 13, 2025 5:26:36 PM base.LogResults createLogs
INFO: PASS - Clicked On Login Button: 
Aug 13, 2025 5:26:39 PM base.LogResults createLogs
INFO: PASS - Login Done  And Validated Successfully: 
Aug 13, 2025 5:26:41 PM base.LogResults createLogs
INFO: PASS - Login Done Successfully: 
Aug 13, 2025 5:26:48 PM base.LogResults createLogs
INFO: PASS - Directory Button Clicked Successfully: 
Aug 13, 2025 5:26:51 PM base.LogResults createLogs
INFO: PASS - Directory Page Loaded Successfully: 
Aug 13, 2025 5:26:53 PM base.LogResults createLogs
INFO: PASS - Company Tab  Clicked Successfully: 
Aug 13, 2025 5:26:55 PM base.LogResults createLogs
INFO: PASS - LeaveTypeButton  Clicked Successfully: 
Aug 13, 2025 5:26:57 PM base.LogResults createLogs
INFO: PASS - LeaveType Page Loaded Successfully: 
Aug 13, 2025 5:27:00 PM base.LogResults createLogs
INFO: PASS - AddLeaveTypeButton  Clicked Successfully: 
Aug 13, 2025 5:27:02 PM base.LogResults createLogs
INFO: PASS - Leave Type Name Inputted Successfully: 
Aug 13, 2025 5:27:04 PM base.LogResults createLogs
INFO: PASS - Leave Type Code Inputted Successfully: 
Aug 13, 2025 5:27:06 PM base.LogResults createLogs
INFO: PASS - Company Tab  Clicked Successfully: 
Aug 13, 2025 5:27:09 PM base.LogResults createLogs
INFO: PASS - Leave Type Description Inputted  Successfully: 
Aug 13, 2025 5:27:11 PM base.LogResults createLogs
INFO: PASS - Male Radio Button  Clicked Successfully: 
Aug 13, 2025 5:27:13 PM base.LogResults createLogs
INFO: PASS - AddLeaveTypeSaveButton  Clicked Successfully: 
Aug 13, 2025 5:27:24 PM base.LogResults createLogs
INFO: PASS - PolicyIcon Clicked Successfully: 
Aug 13, 2025 5:27:26 PM base.LogResults createLogs
INFO: PASS - Leave Button Clicked Successfully : 
Aug 13, 2025 5:27:28 PM base.LogResults createLogs
INFO: PASS - LeavePolicy Clicked Successfully: 
Aug 13, 2025 5:27:37 PM base.LogResults createLogs
INFO: PASS - LeavePolicyPageLoaded Successfully: 
Aug 13, 2025 5:27:44 PM base.LogResults createLogs
INFO: PASS - LeavePolicy Pagination 100 Per Page Selected Successfully: 
Policy name without suffix: 
Aug 13, 2025 5:27:46 PM base.LogResults createLogs
INFO: PASS - LeavePolicy Extracted Successfully: 
Aug 13, 2025 5:27:50 PM base.LogResults createLogs
INFO: PASS - Default LeavePolicy Inputted Successfully: 
Aug 13, 2025 5:27:56 PM base.LogResults createLogs
INFO: PASS - Default LeavePolicy Edit Button Clicked Successfully: 
Aug 13, 2025 5:28:01 PM base.LogResults createLogs
INFO: PASS - SelectLeavePolicyButton Clicked Successfully : 
Aug 13, 2025 5:28:09 PM base.LogResults createLogs
INFO: PASS - Created Leave Added To Policy Successfully: AutoLN130825091642XDB
Aug 13, 2025 5:28:13 PM base.LogResults createLogs
INFO: PASS - AddLeave Button Clicked Successfully: 
Aug 13, 2025 5:28:17 PM base.LogResults createLogs
INFO: PASS - SavePolicy Button Clicked Successfully: 
Aug 13, 2025 5:28:26 PM base.LogResults createLogs
INFO: PASS - YesButton Button Successfully : 
Aug 13, 2025 5:28:32 PM base.LogResults createLogs
INFO: PASS - Leave Button Clicked Successfully Of HR Account: 
Aug 13, 2025 5:28:36 PM base.LogResults createLogs
INFO: PASS -  EmpLeaveRequestsTab Clicked Successfully Of HR Account: 
Aug 13, 2025 5:28:39 PM base.LogResults createLogs
INFO: PASS - ApplyLeaveButton  Clicked Successfully: 
Aug 13, 2025 5:28:41 PM base.LogResults createLogs
INFO: PASS - LeaveForMeButton  Clicked Successfully: 
Aug 13, 2025 5:28:45 PM base.LogResults createLogs
INFO: PASS - LeaveTypeDropDown  Clicked Successfully: 
Aug 13, 2025 5:28:50 PM base.LogResults createLogs
INFO: PASS - Created Leave Type Inputted Successfully: 
Aug 13, 2025 5:28:56 PM base.LogResults createLogs
INFO: PASS - LeaveType Search Result Displayed Successfully: AutoLN130825091642XDB
Aug 13, 2025 5:28:56 PM base.LogResults onlyLog
INFO: Passed - MeghMasterLeaveTypeTest-MPI_343_LeaveType_01-To verify this: Add a leave type and ensure the created leave type is displayed in the Leave Type dropdown on the Apply Leave Request form after adding this leave type in default leave policy. 
---------------------------------------------------------------
MeghMasterLeaveTypeTestMPI_343_LeaveType_01
Aug 13, 2025 5:28:56 PM base.LogResults onlyLog
INFO: Total Pass : 1 Total Fail : 0  Total TC : 1
---------------------------------------------------------------
Test case took: 166.8071 seconds
Total TC Time: 00:02:46

===============================================
Suite
Total tests run: 1, Passes: 1, Failures: 0, Skips: 0
===============================================

