>> Console logging redirected to data/console.log
Launching Driver...
SLF4J(W): No SLF4J providers were found.
SLF4J(W): Defaulting to no-operation (NOP) logger implementation
SLF4J(W): See https://www.slf4j.org/codes.html#noProviders for further details.
Aug 21, 2025 3:10:56 PM org.openqa.selenium.devtools.CdpVersionFinder findNearestMatch
WARNING: Unable to find an exact match for CDP version 139, returning the closest version; found: 137; Please update to a Selenium version that supports CDP version 139
(1386, 788)
Aug 21, 2025 3:11:00 PM base.LogResults createLogs
INFO: PASS - Application Loaded Successfully: 
Aug 21, 2025 3:11:06 PM base.LogResults createLogs
INFO: PASS - Company Code Entered in Text Box: ARBX
Aug 21, 2025 3:11:09 PM base.LogResults createLogs
INFO: PASS - Login With Password Button Is Clicked: 
Aug 21, 2025 3:11:15 PM base.LogResults createLogs
INFO: PASS - Sign in Text Is Displayed: 
Aug 21, 2025 3:11:17 PM base.LogResults createLogs
INFO: PASS - Username Is Entered In Username Text Field: AutoE190825091637@mailinator.com
Aug 21, 2025 3:11:19 PM base.LogResults createLogs
INFO: PASS - Password Is Entered In Password Text Field: Pramod@1234
Aug 21, 2025 3:11:22 PM base.LogResults createLogs
INFO: PASS - Captcha Entered On Captcha Text Field: 12345
Aug 21, 2025 3:11:24 PM base.LogResults createLogs
INFO: PASS - Clicked On Login Button: 
Aug 21, 2025 3:11:27 PM base.LogResults createLogs
INFO: PASS - Login Done  And Validated Successfully: 
Aug 21, 2025 3:11:29 PM base.LogResults createLogs
INFO: PASS - Login Done Successfully: 
Aug 21, 2025 3:11:35 PM base.LogResults createLogs
INFO: PASS - PolicyIcon Clicked Successfully: 
Aug 21, 2025 3:11:37 PM base.LogResults createLogs
INFO: PASS - PolicyMaster Loaded Successfully: 
Aug 21, 2025 3:11:39 PM base.LogResults createLogs
INFO: PASS - LeaveDropDownFromSideBar Clicked Successfully: 
Aug 21, 2025 3:11:42 PM base.LogResults createLogs
INFO: PASS - HolidaysButtonFromSidebar Clicked Successfully: 
Aug 21, 2025 3:11:44 PM base.LogResults createLogs
INFO: PASS - AddHolidayPolicyButton Clicked Successfully: 
Aug 21, 2025 3:11:54 PM base.LogResults createLogs
INFO: PASS - HolidayPolicyName Inputted In TextField Successfully: AutoHPN190825091637
Aug 21, 2025 3:11:57 PM base.LogResults createLogs
INFO: PASS - NextStepButton Clicked Successfully: 
Aug 21, 2025 3:11:59 PM base.LogResults createLogs
INFO: PASS - NextStepButton Clicked Successfully: 
Aug 21, 2025 3:12:01 PM base.LogResults createLogs
INFO: PASS - AddEmpCriteria Button Successfully : 
Aug 21, 2025 3:12:07 PM base.LogResults createLogs
INFO: PASS - Office Name Selected  Successfully : AutoON190825091637
Aug 21, 2025 3:12:13 PM base.LogResults createLogs
INFO: PASS - Successfully Clicked  Dept DropDown: AutoDN190825091637
Aug 21, 2025 3:12:18 PM base.LogResults createLogs
INFO: PASS - Successfully Selected  Dept: AutoDN190825091637
Aug 21, 2025 3:12:23 PM base.LogResults createLogs
INFO: PASS - Successfully Clicked On  Team  Dropdown: AutoTN190825091637
Aug 21, 2025 3:12:25 PM base.LogResults createLogs
INFO: PASS - Successfully Selected  Team From Dropdown: AutoTN190825091637
Aug 21, 2025 3:12:33 PM base.LogResults createLogs
INFO: PASS - Successfully Selected  Designation From Dropdown: AutoDESN190825091637
Aug 21, 2025 3:12:40 PM base.LogResults createLogs
INFO: PASS - Successfully Selected  Employee Type From Dropdown: AutoEN190825091637
Aug 21, 2025 3:12:42 PM base.LogResults createLogs
INFO: PASS - Successfully Clicked On ApplyButton: 
Aug 21, 2025 3:12:45 PM base.LogResults createLogs
INFO: PASS - CreatePolicySaveButton Clicked Successfully: 
Aug 21, 2025 3:12:53 PM base.LogResults createLogs
INFO: PASS - Yes Button Button Successfully : 
Aug 21, 2025 3:12:53 PM base.LogResults onlyLog
INFO: Passed - MeghHolidayPolicyTest-MPI_849_Holiday_Policy_13-To verify this, create an holiday policy and add employee criteria and ensure matching criteria employee's are assigned to created policy
---------------------------------------------------------------
MeghHolidayPolicyTestMPI_849_Holiday_Policy_13
Aug 21, 2025 3:12:53 PM base.LogResults onlyLog
INFO: Total Pass : 1 Total Fail : 0  Total TC : 1
---------------------------------------------------------------
Test case took: 116.1429 seconds
Total TC Time: 00:01:56

===============================================
Suite
Total tests run: 1, Passes: 1, Failures: 0, Skips: 0
===============================================

