>> Console logging redirected to data/console.log
Continuing with Existing Master Data due to threshold value:150725-150725-ThreSld->3
Launching Driver...
SLF4J(W): No SLF4J providers were found.
SLF4J(W): Defaulting to no-operation (NOP) logger implementation
SLF4J(W): See https://www.slf4j.org/codes.html#noProviders for further details.
Jul 15, 2025 6:44:30 PM org.openqa.selenium.devtools.CdpVersionFinder findNearestMatch
WARNING: Unable to find an exact match for CDP version 138, returning the closest version; found: 137; Please update to a Selenium version that supports CDP version 138
Jul 15, 2025 6:44:32 PM base.LogResults createLogs
INFO: PASS - Step 1: Application loaded successfully.
Jul 15, 2025 6:44:36 PM base.LogResults createLogs
INFO: PASS - Step 2: Company code entered successfully.ASJL
Jul 15, 2025 6:44:36 PM base.LogResults createLogs
INFO: PASS - Step 3: Clicked 'Login with Password' successfully.
Jul 15, 2025 6:44:40 PM base.LogResults createLogs
INFO: PASS - Step 4: Sign-in section appeared.
Jul 15, 2025 6:44:40 PM base.LogResults createLogs
INFO: PASS - Step 5: Username entered.AutoE150725142816@mailinator.com
Jul 15, 2025 6:44:41 PM base.LogResults createLogs
INFO: PASS - Step 6: Password entered.Pramod@1234
Jul 15, 2025 6:44:41 PM base.LogResults createLogs
INFO: PASS - Step 7: Captcha entered.12345
Jul 15, 2025 6:44:41 PM base.LogResults createLogs
INFO: PASS - Step 8: Sign-in button clicked.
Jul 15, 2025 6:44:46 PM base.LogResults createLogs
INFO: PASS - Step 9: Login validated successfully.
Jul 15, 2025 6:44:46 PM base.LogResults createLogs
INFO: PASS - Login Done Successfully: 
Jul 15, 2025 6:44:51 PM base.LogResults createLogs
INFO: PASS - Directory Button Clicked Successfully: 
Jul 15, 2025 6:44:55 PM base.LogResults createLogs
INFO: PASS - Directory Page Loaded Successfully: 
Jul 15, 2025 6:44:55 PM base.LogResults createLogs
INFO: PASS - Clicked On EmployeeTab Successfully: 
Jul 15, 2025 6:44:57 PM base.LogResults createLogs
INFO: PASS - Directory Page Loaded Successfully: 
Jul 15, 2025 6:45:03 PM base.LogResults createLogs
INFO: PASS - Clicked On TotalCountDropDown Successfully: 
Jul 15, 2025 6:45:04 PM base.LogResults createLogs
INFO: PASS - Clicked On AddNewButton Successfully: 
Jul 15, 2025 6:45:07 PM base.LogResults createLogs
INFO: PASS - Employee Form Loaded Successfully: 
Jul 15, 2025 6:45:10 PM base.LogResults createLogs
INFO: PASS - Clicked On EmployeeTypeDropdown Successfully And Selected EntityName Successfully: AutoEN150725142816
Jul 15, 2025 6:45:10 PM base.LogResults createLogs
INFO: PASS - Clicked On ReportingToDropdown Successfully: 
Jul 15, 2025 6:45:12 PM base.LogResults createLogs
INFO: PASS - Clicked On ReportingTo Search Text Field And Input Is Passed: AutoAFN
Jul 15, 2025 6:45:15 PM base.LogResults createLogs
INFO: PASS - Entity Name Selected Successfully: 
Jul 15, 2025 6:45:15 PM base.LogResults createLogs
INFO: PASS - EmployeeID Entered On Employee ID Text Field: AutoEID43866PROJN
Jul 15, 2025 6:45:18 PM base.LogResults createLogs
INFO: PASS -  CompanyLocation Selected From The DropDown : AutoON150725142816
Jul 15, 2025 6:45:18 PM base.LogResults createLogs
INFO: PASS - Employee First Name Entered On Employee FirstName Text Field: AutoFNNVBCI
Jul 15, 2025 6:45:18 PM base.LogResults createLogs
INFO: PASS - Employee Last Name Entered On Employee Last Name Text Field: AutoLNWOWBO
Jul 15, 2025 6:45:19 PM base.LogResults createLogs
INFO: PASS - Employee Email Entered On Email ID Text Field: AutoE150725142816OBVA@mailinator.com
Jul 15, 2025 6:45:19 PM base.LogResults createLogs
INFO: PASS - Employee Phone Number Entered On Phone Number Text Field: 9851419365
Jul 15, 2025 6:45:19 PM base.LogResults createLogs
INFO: PASS - Employee Joining Date  Text Field Is Clicked: 
Jul 15, 2025 6:45:19 PM base.LogResults createLogs
INFO: PASS - Employee Joining Date Entered On Joining Date Text Field: 
Jul 15, 2025 6:45:19 PM base.LogResults createLogs
INFO: PASS - Clicked On AddEmployeeSave Successfully: 
Jul 15, 2025 6:45:23 PM base.LogResults createLogs
INFO: PASS - Clicked On GoToDirectory Successfully: 
Jul 15, 2025 6:45:27 PM base.LogResults createLogs
INFO: PASS - Clicked On Search Text Field And Pass The Created Employee First Name Successfully: AutoFNNVBCI
Jul 15, 2025 6:45:30 PM base.LogResults createLogs
INFO: PASS - Created Employee Displayed Successfully: AutoLNWOWBO
Jul 15, 2025 6:45:30 PM base.LogResults createLogs
INFO: PASS - Clicked On 3Dots Successfully: 
Jul 15, 2025 6:45:31 PM base.LogResults createLogs
INFO: PASS - Clicked On WebEnrollment Successfully: 
Jul 15, 2025 6:45:34 PM base.LogResults createLogs
INFO: PASS - Clicked On FaceEnrollmentTab Successfully: 
Jul 15, 2025 6:45:48 PM base.LogResults createLogs
INFO: PASS - Image Selected For WebEnrollment Successfully: ./data/images/enrollmentimage.jpg
Jul 15, 2025 6:45:49 PM base.LogResults createLogs
INFO: PASS - Successfully Clicked On CropImage: 
Jul 15, 2025 6:45:49 PM base.LogResults createLogs
INFO: PASS - Successfully Clicked On SaveEnrollmentButton: 
Jul 15, 2025 6:45:58 PM base.LogResults createLogs
INFO: PASS - Success Msg Is Displayed: 
Jul 15, 2025 6:46:07 PM base.LogResults createLogs
INFO: PASS - Directory Button Clicked Successfully: 
Jul 15, 2025 6:46:09 PM base.LogResults createLogs
INFO: PASS - Directory Page Loaded Successfully: 
Jul 15, 2025 6:46:09 PM base.LogResults createLogs
INFO: PASS - Clicked On EmployeeTab Successfully: 
Jul 15, 2025 6:46:11 PM base.LogResults createLogs
INFO: PASS - Directory Page Loaded Successfully: 
Jul 15, 2025 6:46:15 PM base.LogResults createLogs
INFO: PASS - Clicked On Search Text Field And Pass The Created Employee LastName Successfully: AutoFNNVBCI
Jul 15, 2025 6:46:18 PM base.LogResults createLogs
INFO: PASS - Created Employee Displayed Successfully: AutoLNWOWBO
Jul 15, 2025 6:46:19 PM base.LogResults createLogs
INFO: PASS - Successfully Clicked On First Employee Record 3dots: 
Jul 15, 2025 6:46:19 PM base.LogResults createLogs
INFO: PASS - Successfully Clicked On First Employee Record ManageProfileButton: 
Jul 15, 2025 6:46:28 PM base.LogResults createLogs
INFO: PASS - Successfully Clicked On First Employee Manage Profile EditIcon: 
Jul 15, 2025 6:46:35 PM base.LogResults createLogs
INFO: PASS - Successfully Selected  Dept: AutoDN150725142816
Jul 15, 2025 6:46:41 PM base.LogResults createLogs
INFO: PASS - Successfully Selected  Team From Dropdown: AutoTN150725142816
Jul 15, 2025 6:46:44 PM base.LogResults createLogs
INFO: PASS - Successfully Selected  Designation From Dropdown: AutoDN150725142816
Jul 15, 2025 6:46:50 PM base.LogResults createLogs
INFO: PASS - Successfully Enter The Pin: 1713
Jul 15, 2025 6:46:57 PM base.LogResults createLogs
INFO: PASS - SaveChanges Button Clicked Successfully: 
Jul 15, 2025 6:47:05 PM base.LogResults createLogs
INFO: PASS - DefaultPolicy Button Clicked Successfully: 
Jul 15, 2025 6:47:13 PM base.LogResults createLogs
INFO: PASS - PolicyIcon Clicked Successfully: 
Jul 15, 2025 6:47:13 PM base.LogResults createLogs
INFO: PASS - PolicyMaster Loaded Successfully: 
Jul 15, 2025 6:47:13 PM base.LogResults createLogs
INFO: PASS - LeaveDropDownFromSideBar Clicked Successfully: 
Jul 15, 2025 6:47:14 PM base.LogResults createLogs
INFO: PASS - LeavePolicyButtonFromSideBar Clicked Successfully: 
Jul 15, 2025 6:47:23 PM base.LogResults createLogs
INFO: PASS - LeavePolicyPageLoaded Successfully: 
Jul 15, 2025 6:47:23 PM base.LogResults createLogs
INFO: PASS - AddLeavePolicyButton Clicked Successfully : 
Jul 15, 2025 6:47:26 PM base.LogResults createLogs
INFO: PASS - LeavePolicy Name Inputted Successfully: AutoLPNLSER
Jul 15, 2025 6:47:26 PM base.LogResults createLogs
INFO: PASS - SelectLeavePolicyButton Clicked Successfully : 
Jul 15, 2025 6:47:30 PM base.LogResults createLogs
INFO: PASS - SickLeave Selected Successfully: Sick_Leave (SL) 
Jul 15, 2025 6:47:30 PM base.LogResults createLogs
INFO: PASS - AddLeaveSaveButton Clicked Successfully: 
Jul 15, 2025 6:47:30 PM base.LogResults createLogs
INFO: PASS - AddEmpCriteria Button Successfully : 
Jul 15, 2025 6:47:34 PM base.LogResults createLogs
INFO: PASS - Office Name Selected  Successfully : AutoON150725142816
Jul 15, 2025 6:47:41 PM base.LogResults createLogs
INFO: PASS - Successfully Selected  Dept: AutoDN150725142816
Jul 15, 2025 6:47:47 PM base.LogResults createLogs
INFO: PASS - Successfully Selected  Groups From Dropdown: AutoTN150725142816
Jul 15, 2025 6:47:52 PM base.LogResults createLogs
INFO: PASS - Successfully Selected  Designation From Dropdown: AutoDN150725142816
Jul 15, 2025 6:47:55 PM base.LogResults createLogs
INFO: PASS - Successfully Selected  Employee Type From Dropdown: AutoEN150725142816
Jul 15, 2025 6:47:56 PM base.LogResults createLogs
INFO: PASS - Clicked On Apply Button Successfully : 
Jul 15, 2025 6:47:56 PM base.LogResults createLogs
INFO: PASS - CreateLeavePolicyButton Clicked Successfully: 
Jul 15, 2025 6:48:04 PM base.LogResults createLogs
INFO: PASS - Yes Button Button Successfully : 
Jul 15, 2025 6:48:10 PM base.LogResults createLogs
INFO: PASS - LeavePolicyPageLoaded Successfully: 
Jul 15, 2025 6:48:13 PM base.LogResults createLogs
INFO: PASS - Created Policy Name Inputted Successfully: AutoLPNLSER
Jul 15, 2025 6:48:17 PM base.LogResults createLogs
INFO: PASS - Created Policy Assigned Link Count Clicked Successfully: 
Jul 15, 2025 6:48:22 PM base.LogResults createLogs
INFO: PASS - Employee List Loaded Successfully: 
Jul 15, 2025 6:48:26 PM base.LogResults createLogs
INFO: PASS - Emp Name Displayed Successfully: AutoFNNVBCI
Jul 15, 2025 6:48:30 PM base.LogResults createLogs
INFO: PASS - Emp Name Validated And Displayed Successfully: AutoFNNVBCI=AutoFNNVBCI AutoLNWOWBO
Jul 15, 2025 6:48:30 PM base.LogResults onlyLog
INFO: Passed - MeghLeavePolicyTest-MPI_546_Leave_Policy_03-To verify this, create an employee by selecting 'QC' as the department, 'Grade1' as the grade, and 'For Grade' as the team option, and ensure these are updated in the employee profile. Then, create a leave policy and set the employee criteria to match the same department, grade, and team as assigned to the employee. Save the leave policy, and then click on the "Assigned Employee Count" in the leave policy module. Ensure that the employee with the matching criteria is displayed in the list.
---------------------------------------------------------------
MeghLeavePolicyTestMPI_546_Leave_Policy_03
Jul 15, 2025 6:48:30 PM base.LogResults onlyLog
INFO: Total Pass : 1 Total Fail : 0  Total TC : 1
---------------------------------------------------------------
Test case took: 239.7324 seconds
Total TC Time: 00:03:59
Launching Driver...
Jul 15, 2025 6:48:32 PM org.openqa.selenium.devtools.CdpVersionFinder findNearestMatch
WARNING: Unable to find an exact match for CDP version 138, returning the closest version; found: 137; Please update to a Selenium version that supports CDP version 138
Jul 15, 2025 6:48:34 PM base.LogResults createLogs
INFO: PASS - Step 1: Application loaded successfully.
Jul 15, 2025 6:48:38 PM base.LogResults createLogs
INFO: PASS - Step 2: Company code entered successfully.ASJL
Jul 15, 2025 6:48:38 PM base.LogResults createLogs
INFO: PASS - Step 3: Clicked 'Login with Password' successfully.
Jul 15, 2025 6:48:42 PM base.LogResults createLogs
INFO: PASS - Step 4: Sign-in section appeared.
Jul 15, 2025 6:48:43 PM base.LogResults createLogs
INFO: PASS - Step 5: Username entered.AutoE150725142816@mailinator.com
Jul 15, 2025 6:48:43 PM base.LogResults createLogs
INFO: PASS - Step 6: Password entered.Pramod@1234
Jul 15, 2025 6:48:43 PM base.LogResults createLogs
INFO: PASS - Step 7: Captcha entered.12345
Jul 15, 2025 6:48:43 PM base.LogResults createLogs
INFO: PASS - Step 8: Sign-in button clicked.
Jul 15, 2025 6:48:46 PM base.LogResults createLogs
INFO: PASS - Step 9: Login validated successfully.
Jul 15, 2025 6:48:46 PM base.LogResults createLogs
INFO: PASS - Login Done Successfully: 
Jul 15, 2025 6:48:50 PM base.LogResults createLogs
INFO: PASS - PolicyIcon Clicked Successfully: 
Jul 15, 2025 6:48:50 PM base.LogResults createLogs
INFO: PASS - PolicyMaster Loaded Successfully: 
Jul 15, 2025 6:48:51 PM base.LogResults createLogs
INFO: PASS - LeaveDropDownFromSideBar Clicked Successfully: 
Jul 15, 2025 6:48:51 PM base.LogResults createLogs
INFO: PASS - LeavePolicyButtonFromSideBar Clicked Successfully: 
Jul 15, 2025 6:48:57 PM base.LogResults createLogs
INFO: PASS - LeavePolicyPageLoaded Successfully: 
Jul 15, 2025 6:49:00 PM base.LogResults createLogs
INFO: PASS - Created Policy Name Inputted Successfully: AutoLPNLSER
Jul 15, 2025 6:49:04 PM base.LogResults createLogs
INFO: PASS - Created Policy Name Displayed Successfully: 
Jul 15, 2025 6:49:05 PM base.LogResults createLogs
INFO: PASS - Created Policy Delete Icon Clicked Successfully: 
Jul 15, 2025 6:49:06 PM base.LogResults createLogs
INFO: PASS - DeleteButton Clicked Successfully : 
Jul 15, 2025 6:49:12 PM base.LogResults createLogs
INFO: PASS - LeavePolicyPageLoaded Successfully: 
Jul 15, 2025 6:49:15 PM base.LogResults createLogs
INFO: PASS - Created Policy Name Inputted Successfully: AutoLPNLSER
Jul 15, 2025 6:49:20 PM base.LogResults createLogs
INFO: PASS - Created Policy Name Displayed Successfully: 
Jul 15, 2025 6:49:23 PM base.LogResults createLogs
INFO: PASS - Created Policy Name Displayed Successfully: 0
Jul 15, 2025 6:49:27 PM base.LogResults createLogs
INFO: PASS - Directory Button Clicked Successfully: 
Jul 15, 2025 6:49:30 PM base.LogResults createLogs
INFO: PASS - Directory Page Loaded Successfully: 
Jul 15, 2025 6:49:30 PM base.LogResults createLogs
INFO: PASS - Clicked On EmployeeTab Successfully: 
Jul 15, 2025 6:49:32 PM base.LogResults createLogs
INFO: PASS - Directory Page Loaded Successfully: 
Jul 15, 2025 6:49:36 PM base.LogResults createLogs
INFO: PASS - Clicked On Search Text Field And Pass The Created Employee LastName Successfully: AutoFNNVBCI
Jul 15, 2025 6:49:39 PM base.LogResults createLogs
INFO: PASS - Created Employee Displayed Successfully: 
Jul 15, 2025 6:49:40 PM base.LogResults createLogs
INFO: PASS - Successfully Clicked On First Employee Record 3dots: 
Jul 15, 2025 6:49:40 PM base.LogResults createLogs
INFO: PASS - Successfully Clicked On First Employee Record ManageProfileButton: 
Jul 15, 2025 6:50:00 PM base.LogResults createLogs
INFO: PASS - Successfully Clicked On First Employee Record Policy Button: 
Jul 15, 2025 6:50:03 PM base.LogResults createLogs
INFO: PASS - Leave Policy Name Compared And Same Only Displayed Successfully: Default=Default Leave Policy (Default)
Jul 15, 2025 6:50:06 PM base.LogResults onlyLog
INFO: Passed - MeghLeavePolicyTest-MPI_547_Leave_Policy_04-To verify this, delete or inactivate the employee-criteria-based leave policy and ensure that the affected employees are automatically reassigned to the default leave policy.
---------------------------------------------------------------
MeghLeavePolicyTestMPI_547_Leave_Policy_04
Jul 15, 2025 6:50:06 PM base.LogResults onlyLog
INFO: Total Pass : 2 Total Fail : 0  Total TC : 2
---------------------------------------------------------------
Test case took: 93.7550 seconds
Total TC Time: 00:05:33
Launching Driver...
Jul 15, 2025 6:50:09 PM org.openqa.selenium.devtools.CdpVersionFinder findNearestMatch
WARNING: Unable to find an exact match for CDP version 138, returning the closest version; found: 137; Please update to a Selenium version that supports CDP version 138
Jul 15, 2025 6:50:10 PM base.LogResults createLogs
INFO: PASS - Step 1: Application loaded successfully.
Jul 15, 2025 6:50:14 PM base.LogResults createLogs
INFO: PASS - Step 2: Company code entered successfully.ASJL
Jul 15, 2025 6:50:15 PM base.LogResults createLogs
INFO: PASS - Step 3: Clicked 'Login with Password' successfully.
Jul 15, 2025 6:50:19 PM base.LogResults createLogs
INFO: PASS - Step 4: Sign-in section appeared.
Jul 15, 2025 6:50:19 PM base.LogResults createLogs
INFO: PASS - Step 5: Username entered.AutoE150725142816@mailinator.com
Jul 15, 2025 6:50:19 PM base.LogResults createLogs
INFO: PASS - Step 6: Password entered.Pramod@1234
Jul 15, 2025 6:50:19 PM base.LogResults createLogs
INFO: PASS - Step 7: Captcha entered.12345
Jul 15, 2025 6:50:20 PM base.LogResults createLogs
INFO: PASS - Step 8: Sign-in button clicked.
Jul 15, 2025 6:50:22 PM base.LogResults createLogs
INFO: PASS - Step 9: Login validated successfully.
Jul 15, 2025 6:50:22 PM base.LogResults createLogs
INFO: PASS - Login Done Successfully: 
Jul 15, 2025 6:50:26 PM base.LogResults createLogs
INFO: PASS - PolicyIcon Clicked Successfully: 
Jul 15, 2025 6:50:27 PM base.LogResults createLogs
INFO: PASS - PolicyMaster Loaded Successfully: 
Jul 15, 2025 6:50:27 PM base.LogResults createLogs
INFO: PASS - LeaveDropDownFromSideBar Clicked Successfully: 
Jul 15, 2025 6:50:27 PM base.LogResults createLogs
INFO: PASS - LeavePolicyButtonFromSideBar Clicked Successfully: 
Jul 15, 2025 6:50:33 PM base.LogResults createLogs
INFO: PASS - LeavePolicyPageLoaded Successfully: 
Jul 15, 2025 6:50:37 PM base.LogResults createLogs
INFO: PASS - Created Policy Name Inputted Successfully: AutoLPNLSER
Jul 15, 2025 6:50:41 PM base.LogResults createLogs
INFO: PASS - Created Policy Name Displayed Successfully: 
Jul 15, 2025 6:50:45 PM base.LogResults createLogs
INFO: PASS - Created Policy Edit Icon Clicked Successfully: 
Jul 15, 2025 6:50:45 PM base.LogResults createLogs
INFO: PASS - ActiveCheckBox Clicked Successfully: 
Jul 15, 2025 6:50:46 PM base.LogResults createLogs
INFO: PASS - CreateLeavePolicyButton Clicked Successfully: 
Jul 15, 2025 6:50:56 PM base.LogResults createLogs
INFO: FAIL - Error While Clicking On Yes Button : element not interactable
  (Session info: chrome=138.0.7204.101)
Build info: version: '4.34.0', revision: '707dcb4246*'
System info: os.name: 'Windows 10', os.arch: 'amd64', os.version: '10.0', java.version: '17.0.11'
Driver info: org.openqa.selenium.chrome.ChromeDriver
Command: [ebbf8aae75e698635687c523e7d34b03, clickElement {id=f.F177FE25C0E2E856F9EC0B7332AC1E4A.d.9ED587F7E428803C14FCABD44258D0EF.e.853}]
Capabilities {acceptInsecureCerts: true, browserName: chrome, browserVersion: 138.0.7204.101, chrome: {chromedriverVersion: 138.0.7204.94 (545025748884..., userDataDir: C:\Users\Pramod.C\AppData\L...}, fedcm:accounts: true, goog:chromeOptions: {debuggerAddress: localhost:63728}, networkConnectionEnabled: false, pageLoadStrategy: none, platformName: windows, proxy: Proxy(), se:cdp: ws://localhost:63728/devtoo..., se:cdpVersion: 138.0.7204.101, setWindowRect: true, strictFileInteractability: false, timeouts: {implicit: 0, pageLoad: 300000, script: 30000}, unhandledPromptBehavior: dismiss and notify, webauthn:extension:credBlob: true, webauthn:extension:largeBlob: true, webauthn:extension:minPinLength: true, webauthn:extension:prf: true, webauthn:virtualAuthenticators: true}
Element: [[ChromeDriver: chrome on windows (ebbf8aae75e698635687c523e7d34b03)] -> xpath: //button[@id='btnPolicyConfirmYes']]
Session ID: ebbf8aae75e698635687c523e7d34b03
Jul 15, 2025 6:51:02 PM base.LogResults createLogs
INFO: PASS - LeavePolicyPageLoaded Successfully: 
Jul 15, 2025 6:51:16 PM base.LogResults createLogs
INFO: FAIL - Error While Inputting Leave Policy Name: no such element: Unable to locate element: {"method":"xpath","selector":"//div[@id='dtLeavePolicy_filter']/label/input"}
  (Session info: chrome=138.0.7204.101)
For documentation on this error, please visit: https://www.selenium.dev/documentation/webdriver/troubleshooting/errors#no-such-element-exception
Build info: version: '4.34.0', revision: '707dcb4246*'
System info: os.name: 'Windows 10', os.arch: 'amd64', os.version: '10.0', java.version: '17.0.11'
Driver info: org.openqa.selenium.chrome.ChromeDriver
Command: [ebbf8aae75e698635687c523e7d34b03, findElement {value=//div[@id='dtLeavePolicy_filter']/label/input, using=xpath}]
Capabilities {acceptInsecureCerts: true, browserName: chrome, browserVersion: 138.0.7204.101, chrome: {chromedriverVersion: 138.0.7204.94 (545025748884..., userDataDir: C:\Users\Pramod.C\AppData\L...}, fedcm:accounts: true, goog:chromeOptions: {debuggerAddress: localhost:63728}, networkConnectionEnabled: false, pageLoadStrategy: none, platformName: windows, proxy: Proxy(), se:cdp: ws://localhost:63728/devtoo..., se:cdpVersion: 138.0.7204.101, setWindowRect: true, strictFileInteractability: false, timeouts: {implicit: 0, pageLoad: 300000, script: 30000}, unhandledPromptBehavior: dismiss and notify, webauthn:extension:credBlob: true, webauthn:extension:largeBlob: true, webauthn:extension:minPinLength: true, webauthn:extension:prf: true, webauthn:virtualAuthenticators: true}
Session ID: ebbf8aae75e698635687c523e7d34b03
Jul 15, 2025 6:51:20 PM base.LogResults createLogs
INFO: PASS - Created Policy Name Displayed Successfully: 
Jul 15, 2025 6:51:24 PM base.LogResults createLogs
INFO: PASS - Assigned Emp Count Displayed Successfully: 3
Jul 15, 2025 6:51:29 PM base.LogResults createLogs
INFO: PASS - Directory Button Clicked Successfully: 
Jul 15, 2025 6:51:32 PM base.LogResults createLogs
INFO: PASS - Directory Page Loaded Successfully: 
Jul 15, 2025 6:51:32 PM base.LogResults createLogs
INFO: PASS - Clicked On EmployeeTab Successfully: 
Jul 15, 2025 6:51:34 PM base.LogResults createLogs
INFO: PASS - Directory Page Loaded Successfully: 
Jul 15, 2025 6:51:38 PM base.LogResults createLogs
INFO: PASS - Clicked On Search Text Field And Pass The Created Employee LastName Successfully: AutoFNNVBCI
