>> Console logging redirected to data/console.log
Launching Driver...
SLF4J(W): No SLF4J providers were found.
SLF4J(W): Defaulting to no-operation (NOP) logger implementation
SLF4J(W): See https://www.slf4j.org/codes.html#noProviders for further details.
Aug 18, 2025 2:29:14 PM org.openqa.selenium.devtools.CdpVersionFinder findNearestMatch
WARNING: Unable to find an exact match for CDP version 138, returning the closest version; found: 137; Please update to a Selenium version that supports CDP version 138
(1386, 788)
Aug 18, 2025 2:29:17 PM base.LogResults createLogs
INFO: INFO - Skip Adding New Data. Continue with Old Test Data.
Aug 18, 2025 2:29:17 PM base.LogResults onlyLog
INFO: Passed - MeghMasterEntityTypeTest-MPI_308_EntityType_01-To verify this, create a new entity type and ensure that the added entity is displayed in the entity dropdown on the Add New Employee form.
---------------------------------------------------------------
MeghMasterEntityTypeTestMPI_308_EntityType_01
Aug 18, 2025 2:29:17 PM base.LogResults onlyLog
INFO: Total Pass : 1 Total Fail : 0  Total TC : 1
---------------------------------------------------------------
Test case took: 2.2766 seconds
Total TC Time: 00:00:02
Launching Driver...
Aug 18, 2025 2:29:19 PM org.openqa.selenium.devtools.CdpVersionFinder findNearestMatch
WARNING: Unable to find an exact match for CDP version 138, returning the closest version; found: 137; Please update to a Selenium version that supports CDP version 138
(1386, 788)
Aug 18, 2025 2:29:23 PM base.LogResults createLogs
INFO: PASS - Application Loaded Successfully: 
Aug 18, 2025 2:29:30 PM base.LogResults createLogs
INFO: PASS - Company Code Entered in Text Box: AESL
Aug 18, 2025 2:29:32 PM base.LogResults createLogs
INFO: PASS - Login With Password Button Is Clicked: 
Aug 18, 2025 2:29:38 PM base.LogResults createLogs
INFO: PASS - Sign in Text Is Displayed: 
Aug 18, 2025 2:29:40 PM base.LogResults createLogs
INFO: PASS - Username Is Entered In Username Text Field: AutoE180825091636@mailinator.com
Aug 18, 2025 2:29:43 PM base.LogResults createLogs
INFO: PASS - Password Is Entered In Password Text Field: Pramod@1234
Aug 18, 2025 2:29:45 PM base.LogResults createLogs
INFO: PASS - Captcha Entered On Captcha Text Field: 12345
Aug 18, 2025 2:29:47 PM base.LogResults createLogs
INFO: PASS - Clicked On Login Button: 
Aug 18, 2025 2:29:50 PM base.LogResults createLogs
INFO: PASS - Login Done  And Validated Successfully: 
Aug 18, 2025 2:29:52 PM base.LogResults createLogs
INFO: PASS - Login Done Successfully: 
Aug 18, 2025 2:29:59 PM base.LogResults createLogs
INFO: PASS - Directory Button Clicked Successfully: 
Aug 18, 2025 2:30:02 PM base.LogResults createLogs
INFO: PASS - Directory Page Loaded Successfully: 
Aug 18, 2025 2:30:04 PM base.LogResults createLogs
INFO: PASS - Company Tab  Clicked Successfully: 
Aug 18, 2025 2:30:06 PM base.LogResults createLogs
INFO: PASS - Designation Button  Clicked Successfully: 
Aug 18, 2025 2:30:08 PM base.LogResults createLogs
INFO: PASS - Designation Page Loaded Successfully: 
Aug 18, 2025 2:30:11 PM base.LogResults createLogs
INFO: PASS - Add Designation Button  Clicked Successfully: 
Aug 18, 2025 2:30:13 PM base.LogResults createLogs
INFO: PASS -  Designation Entered In The Input Successfully: AutoDESN180825091636
Aug 18, 2025 2:30:15 PM base.LogResults createLogs
INFO: PASS -  Designation Description Entered In The Input Successfully: Autodesignationdescription180825091636
Aug 18, 2025 2:30:17 PM base.LogResults createLogs
INFO: PASS - Successfully Clicked On Designation Save Button : 
Aug 18, 2025 2:30:22 PM base.LogResults createLogs
INFO: PASS - Clicked On EmployeeTab Successfully: 
Aug 18, 2025 2:30:25 PM base.LogResults createLogs
INFO: PASS - Directory Page Loaded Successfully: 
Aug 18, 2025 2:30:27 PM base.LogResults createLogs
INFO: PASS - Successfully Clicked On First Employee Record 3dots: 
Aug 18, 2025 2:30:29 PM base.LogResults createLogs
INFO: PASS - Successfully Clicked On First Employee Record ManageProfileButton: 
Aug 18, 2025 2:30:40 PM base.LogResults createLogs
INFO: PASS - Successfully Clicked On First Employee Manage Profile EditIcon: 
Aug 18, 2025 2:30:49 PM base.LogResults createLogs
INFO: PASS - Manage Profile Designation DropDown Clicked Successfully: 
Aug 18, 2025 2:30:51 PM base.LogResults createLogs
INFO: PASS -  Created Designation Name Entered In The Input Successfully: AutoDESN180825091636
Aug 18, 2025 2:30:53 PM base.LogResults createLogs
INFO: PASS - Created Designation Displayed Successfully: 
Aug 18, 2025 2:30:55 PM base.LogResults onlyLog
INFO: Passed - MeghMasterDesignationTest-MPI_232_Designation_01-To verify this, create a new designation and ensure that the created designation appears in the 'Designation' dropdown within the Employee Manage Profile section.
---------------------------------------------------------------
MeghMasterDesignationTestMPI_232_Designation_01
Aug 18, 2025 2:30:55 PM base.LogResults onlyLog
INFO: Total Pass : 2 Total Fail : 0  Total TC : 2
---------------------------------------------------------------
Test case took: 95.3936 seconds
Total TC Time: 00:01:35
Launching Driver...
Aug 18, 2025 2:30:57 PM org.openqa.selenium.devtools.CdpVersionFinder findNearestMatch
WARNING: Unable to find an exact match for CDP version 138, returning the closest version; found: 137; Please update to a Selenium version that supports CDP version 138
(1386, 788)
Aug 18, 2025 2:31:01 PM base.LogResults createLogs
INFO: PASS - Application Loaded Successfully: 
Aug 18, 2025 2:31:07 PM base.LogResults createLogs
INFO: PASS - Company Code Entered in Text Box: AESL
Aug 18, 2025 2:31:10 PM base.LogResults createLogs
INFO: PASS - Login With Password Button Is Clicked: 
Aug 18, 2025 2:31:16 PM base.LogResults createLogs
INFO: PASS - Sign in Text Is Displayed: 
Aug 18, 2025 2:31:18 PM base.LogResults createLogs
INFO: PASS - Username Is Entered In Username Text Field: AutoE180825091636@mailinator.com
Aug 18, 2025 2:31:20 PM base.LogResults createLogs
INFO: PASS - Password Is Entered In Password Text Field: Pramod@1234
Aug 18, 2025 2:31:23 PM base.LogResults createLogs
INFO: PASS - Captcha Entered On Captcha Text Field: 12345
Aug 18, 2025 2:31:25 PM base.LogResults createLogs
INFO: PASS - Clicked On Login Button: 
Aug 18, 2025 2:31:27 PM base.LogResults createLogs
INFO: PASS - Login Done  And Validated Successfully: 
Aug 18, 2025 2:31:30 PM base.LogResults createLogs
INFO: PASS - Login Done Successfully: 
Aug 18, 2025 2:31:37 PM base.LogResults createLogs
INFO: PASS - Directory Button Clicked Successfully: 
Aug 18, 2025 2:31:39 PM base.LogResults createLogs
INFO: PASS - Directory Page Loaded Successfully: 
Aug 18, 2025 2:31:42 PM base.LogResults createLogs
INFO: PASS - Company Tab  Clicked Successfully: 
Aug 18, 2025 2:31:44 PM base.LogResults createLogs
INFO: PASS - Grade Button  Clicked Successfully: 
Aug 18, 2025 2:31:46 PM base.LogResults createLogs
INFO: PASS - Grade Page Loaded Successfully: 
Aug 18, 2025 2:31:48 PM base.LogResults createLogs
INFO: PASS - Add Grade Button  Clicked Successfully: 
Aug 18, 2025 2:31:51 PM base.LogResults createLogs
INFO: PASS -  Grade Name Entered Successfully: AutoGN180825091636
Aug 18, 2025 2:31:53 PM base.LogResults createLogs
INFO: PASS -  Grade Description Entered Successfully: Autogdescription180825091636
Aug 18, 2025 2:31:55 PM base.LogResults createLogs
INFO: PASS - AddGradeSaveButton Clicked Successfully: 
Aug 18, 2025 2:32:02 PM base.LogResults createLogs
INFO: PASS - Clicked On EmployeeTab Successfully: 
Aug 18, 2025 2:32:04 PM base.LogResults createLogs
INFO: PASS - Directory Page Loaded Successfully: 
Aug 18, 2025 2:32:07 PM base.LogResults createLogs
INFO: PASS - Successfully Clicked On First Employee Record 3dots: 
Aug 18, 2025 2:32:09 PM base.LogResults createLogs
INFO: PASS - Successfully Clicked On First Employee Record ManageProfileButton: 
Aug 18, 2025 2:32:20 PM base.LogResults createLogs
INFO: PASS - Successfully Clicked On First Employee Manage Profile EditIcon: 
Aug 18, 2025 2:32:35 PM base.LogResults createLogs
INFO: PASS - ManageProfileGradeDropDown Clicked Successfully: 
Aug 18, 2025 2:32:40 PM base.LogResults createLogs
INFO: PASS - Grade Name Entered In ManageProfileGradeTextField Successfully: AutoGN180825091636
Aug 18, 2025 2:32:46 PM base.LogResults createLogs
INFO: PASS - Manage Profile Grade SearchResult Displayed Successfully: 
Aug 18, 2025 2:32:46 PM base.LogResults onlyLog
INFO: Passed - MeghMasterGradeTest-MPI_289_Grade_01-Create a new Grade and ensure that the created Grade is displayed in the Grade dropdown under the Employee/User Manage Profile section
---------------------------------------------------------------
MeghMasterGradeTestMPI_289_Grade_01
Aug 18, 2025 2:32:46 PM base.LogResults onlyLog
INFO: Total Pass : 3 Total Fail : 0  Total TC : 3
---------------------------------------------------------------
Test case took: 108.1083 seconds
Total TC Time: 00:01:48
cmpcode and emailidAESLAutoE180825091636@mailinator.com
Launching Driver...
Aug 18, 2025 2:32:48 PM org.openqa.selenium.devtools.CdpVersionFinder findNearestMatch
WARNING: Unable to find an exact match for CDP version 138, returning the closest version; found: 137; Please update to a Selenium version that supports CDP version 138
(1386, 788)
Aug 18, 2025 2:32:52 PM base.LogResults createLogs
INFO: PASS - Application Loaded Successfully: 
Aug 18, 2025 2:32:58 PM base.LogResults createLogs
INFO: PASS - Company Code Entered in Text Box: AESL
Aug 18, 2025 2:33:01 PM base.LogResults createLogs
INFO: PASS - Login With Password Button Is Clicked: 
Aug 18, 2025 2:33:07 PM base.LogResults createLogs
INFO: PASS - Sign in Text Is Displayed: 
Aug 18, 2025 2:33:09 PM base.LogResults createLogs
INFO: PASS - Username Is Entered In Username Text Field: AutoE180825091636@mailinator.com
Aug 18, 2025 2:33:11 PM base.LogResults createLogs
INFO: PASS - Password Is Entered In Password Text Field: Pramod@1234
Aug 18, 2025 2:33:13 PM base.LogResults createLogs
INFO: PASS - Captcha Entered On Captcha Text Field: 12345
Aug 18, 2025 2:33:16 PM base.LogResults createLogs
INFO: PASS - Clicked On Login Button: 
Aug 18, 2025 2:33:18 PM base.LogResults createLogs
INFO: PASS - Login Done  And Validated Successfully: 
Aug 18, 2025 2:33:20 PM base.LogResults createLogs
INFO: PASS - Login Done Successfully: 
Aug 18, 2025 2:33:27 PM base.LogResults createLogs
INFO: PASS - Directory Button Clicked Successfully: 
Aug 18, 2025 2:33:30 PM base.LogResults createLogs
INFO: PASS - Directory Page Loaded Successfully: 
Aug 18, 2025 2:33:32 PM base.LogResults createLogs
INFO: PASS - Company Tab  Clicked Successfully: 
Aug 18, 2025 2:33:35 PM base.LogResults createLogs
INFO: PASS - Office Button  Clicked Successfully: 
Aug 18, 2025 2:33:37 PM base.LogResults createLogs
INFO: PASS -  Successfully Clicked On AddOfficeButton : 
Aug 18, 2025 2:33:39 PM base.LogResults createLogs
INFO: PASS -  OfficeName Entered In the Office Name TextField : AutoON180825091636
Aug 18, 2025 2:33:45 PM base.LogResults createLogs
INFO: PASS -  Office Type Selected In the Office Type Dropdown : 
Aug 18, 2025 2:33:50 PM base.LogResults createLogs
INFO: PASS -  Country Selected In the Country  Dropdown : 
Aug 18, 2025 2:33:55 PM base.LogResults createLogs
INFO: PASS -  State Selected In the State  Dropdown : Gujarat
Aug 18, 2025 2:33:57 PM base.LogResults createLogs
INFO: PASS -  Successfully Clicked On CompanyLocationSaveButton : 
Aug 18, 2025 2:34:07 PM base.LogResults createLogs
INFO: PASS - Directory Button Clicked Successfully: 
Aug 18, 2025 2:34:10 PM base.LogResults createLogs
INFO: PASS - Directory Page Loaded Successfully: 
Aug 18, 2025 2:34:12 PM base.LogResults createLogs
INFO: PASS - Company Tab  Clicked Successfully: 
Aug 18, 2025 2:34:16 PM base.LogResults createLogs
INFO: PASS - Department Drop Icon Clicked Successfully: 
Aug 18, 2025 2:34:20 PM base.LogResults createLogs
INFO: PASS - Department Tab  Clicked Successfully: 
Aug 18, 2025 2:34:23 PM base.LogResults createLogs
INFO: PASS - Add Department Tab  Clicked Successfully: 
Aug 18, 2025 2:34:25 PM base.LogResults createLogs
INFO: PASS - Department Name Entered Successfully: AutoDN180825091636
Aug 18, 2025 2:34:27 PM base.LogResults createLogs
INFO: PASS - Successfully Clicked On Add Department Save Button: 
Aug 18, 2025 2:34:34 PM base.LogResults createLogs
INFO: PASS - Department Drop Icon Clicked Successfully: 
Aug 18, 2025 2:34:37 PM base.LogResults createLogs
INFO: PASS - Successfully Clicked On DepartmentMapping Button: 
Aug 18, 2025 2:34:39 PM base.LogResults createLogs
INFO: PASS - Successfully Clicked On AddDepartmentMapping Button: 
Aug 18, 2025 2:34:44 PM base.LogResults createLogs
INFO: PASS - Successfully Selected Department: AutoDN180825091636
Aug 18, 2025 2:34:50 PM base.LogResults createLogs
INFO: PASS - Successfully Selected OfficeName: AutoON180825091636
Aug 18, 2025 2:34:52 PM base.LogResults createLogs
INFO: PASS - AddDeptMappingSaveButton Clicked Successfully: 
Aug 18, 2025 2:35:01 PM base.LogResults createLogs
INFO: PASS - Directory Button Clicked Successfully: 
Aug 18, 2025 2:35:03 PM base.LogResults createLogs
INFO: PASS - Company Tab  Clicked Successfully: 
Aug 18, 2025 2:35:06 PM base.LogResults createLogs
INFO: PASS - Team Drop Icon  Clicked Successfully: 
Aug 18, 2025 2:35:08 PM base.LogResults createLogs
INFO: PASS - Team Button  Clicked Successfully: 
Aug 18, 2025 2:35:10 PM base.LogResults createLogs
INFO: PASS - Add Team Button  Clicked Successfully: 
Aug 18, 2025 2:35:13 PM base.LogResults createLogs
INFO: PASS - Team Name Is Entered In Team Name Text Field: AutoTN180825091636
Aug 18, 2025 2:35:15 PM base.LogResults createLogs
INFO: PASS - Team Save Button  Clicked Successfully: 
Aug 18, 2025 2:35:20 PM base.LogResults createLogs
INFO: PASS - Team Drop Icon  Clicked Successfully: 
Aug 18, 2025 2:35:22 PM base.LogResults createLogs
INFO: PASS - TeamMapping Button  Clicked Successfully: 
Aug 18, 2025 2:35:25 PM base.LogResults createLogs
INFO: PASS - AddTeamMapping Button  Clicked Successfully: 
Aug 18, 2025 2:35:31 PM base.LogResults createLogs
INFO: PASS - Team Name Selected Successfully: AutoTN180825091636
Aug 18, 2025 2:35:33 PM base.LogResults createLogs
INFO: PASS - Department DropDown Clicked Successfully: 
Aug 18, 2025 2:35:36 PM base.LogResults createLogs
INFO: PASS - Department Name Inputted Successfully: AutoDN180825091636
Aug 18, 2025 2:35:41 PM base.LogResults createLogs
INFO: PASS - Department Name Selected Successfully: 
Aug 18, 2025 2:35:43 PM base.LogResults createLogs
INFO: PASS - Add Team Mapping Saved Successfully: 
Aug 18, 2025 2:35:54 PM base.LogResults createLogs
INFO: PASS - Directory Button Clicked Successfully: 
Aug 18, 2025 2:35:57 PM base.LogResults createLogs
INFO: PASS - Directory Page Loaded Successfully: 
Aug 18, 2025 2:35:59 PM base.LogResults createLogs
INFO: PASS - Clicked On EmployeeTab Successfully: 
Aug 18, 2025 2:36:02 PM base.LogResults createLogs
INFO: PASS - Directory Page Loaded Successfully: 
Aug 18, 2025 2:36:14 PM base.LogResults createLogs
INFO: PASS - Clicked On TotalCountDropDown Successfully: 
Aug 18, 2025 2:36:17 PM base.LogResults createLogs
INFO: PASS - Clicked On AddNewButton Successfully: 
Aug 18, 2025 2:36:19 PM base.LogResults createLogs
INFO: PASS - Employee Form Loaded Successfully: 
Aug 18, 2025 2:36:26 PM base.LogResults createLogs
INFO: PASS - Clicked On EmployeeTypeDropdown Successfully And Selected EntityName Successfully: AutoEN180825091636
Aug 18, 2025 2:36:29 PM base.LogResults createLogs
INFO: PASS - Clicked On ReportingToDropdown Successfully: 
Aug 18, 2025 2:36:33 PM base.LogResults createLogs
INFO: PASS - Clicked On ReportingTo Search Text Field And Input Is Passed: AutoAFN
Aug 18, 2025 2:36:37 PM base.LogResults createLogs
INFO: PASS - Entity Name Selected Successfully: 
Aug 18, 2025 2:36:39 PM base.LogResults createLogs
INFO: PASS - EmployeeID Entered On Employee ID Text Field: autoEIDQXKQBR
Aug 18, 2025 2:36:45 PM base.LogResults createLogs
INFO: PASS -  CompanyLocation Selected From The DropDown : AutoON180825091636
Aug 18, 2025 2:36:47 PM base.LogResults createLogs
INFO: PASS - Employee First Name Entered On Employee FirstName Text Field: AutoFNKKTJP
Aug 18, 2025 2:36:49 PM base.LogResults createLogs
INFO: PASS - Employee Last Name Entered On Employee Last Name Text Field: AutoLNQEKAQ
Aug 18, 2025 2:36:51 PM base.LogResults createLogs
INFO: PASS - Employee Email Entered On Email ID Text Field: AutoE180825091636SMO@mailinator.com
Aug 18, 2025 2:36:54 PM base.LogResults createLogs
INFO: PASS - Employee Phone Number Entered On Phone Number Text Field: 9851464664
Aug 18, 2025 2:36:56 PM base.LogResults createLogs
INFO: PASS - Employee Joining Date  Text Field Is Clicked: 
Aug 18, 2025 2:36:58 PM base.LogResults createLogs
INFO: PASS - Employee Joining Date Entered On Joining Date Text Field: 03-01-2025
Aug 18, 2025 2:37:00 PM base.LogResults createLogs
INFO: PASS - Clicked On AddEmployeeSave Successfully: 
Aug 18, 2025 2:37:06 PM base.LogResults createLogs
INFO: PASS - Clicked On GoToDirectory Successfully: 
Aug 18, 2025 2:37:13 PM base.LogResults createLogs
INFO: PASS - Directory Button Clicked Successfully: 
Aug 18, 2025 2:37:16 PM base.LogResults createLogs
INFO: PASS - Directory Page Loaded Successfully: 
Aug 18, 2025 2:37:18 PM base.LogResults createLogs
INFO: PASS - Clicked On EmployeeTab Successfully: 
Aug 18, 2025 2:37:21 PM base.LogResults createLogs
INFO: PASS - Directory Page Loaded Successfully: 
Aug 18, 2025 2:37:23 PM base.LogResults createLogs
INFO: PASS - Clicked On SearchDropDown Successfully: 
Aug 18, 2025 2:37:26 PM base.LogResults createLogs
INFO: PASS - Selected  LasTName  Successfully: 
Aug 18, 2025 2:37:28 PM base.LogResults createLogs
INFO: PASS - Clicked On SearchDropDown Successfully: 
Aug 18, 2025 2:37:34 PM base.LogResults createLogs
INFO: PASS - Clicked On Search Text Field And Pass The Created Employee LastName Successfully: AutoLNQEKAQ
Aug 18, 2025 2:37:39 PM base.LogResults createLogs
INFO: PASS - Created Employee Displayed Successfully: AutoLNQEKAQ
Aug 18, 2025 2:37:42 PM base.LogResults createLogs
INFO: PASS - Successfully Clicked On First Employee Record 3dots: 
Aug 18, 2025 2:37:44 PM base.LogResults createLogs
INFO: PASS - Successfully Clicked On First Employee Record ManageProfileButton: 
Aug 18, 2025 2:37:56 PM base.LogResults createLogs
INFO: PASS - Successfully Clicked On First Employee Manage Profile EditIcon: 
Aug 18, 2025 2:38:03 PM base.LogResults createLogs
INFO: PASS - Successfully Clicked On DepartmentDropDown : 
Aug 18, 2025 2:38:07 PM base.LogResults createLogs
INFO: PASS - Successfully Input The DeptName : AutoDN180825091636
Aug 18, 2025 2:38:11 PM base.LogResults createLogs
INFO: PASS - Successfully Selected DeptName : 
Aug 18, 2025 2:38:20 PM base.LogResults createLogs
INFO: PASS - Successfully Selected  Team From Dropdown: AutoTN180825091636
Aug 18, 2025 2:38:29 PM base.LogResults createLogs
INFO: PASS - Successfully Selected  Designation From Dropdown: AutoDESN180825091636
Aug 18, 2025 2:38:37 PM base.LogResults createLogs
INFO: PASS - Successfully Enter The Pin: 1320
Aug 18, 2025 2:38:46 PM base.LogResults createLogs
INFO: PASS - SaveChanges Button Clicked Successfully: 
Aug 18, 2025 2:38:56 PM base.LogResults createLogs
INFO: PASS - DefaultPolicy Button Clicked Successfully: 
Aug 18, 2025 2:38:56 PM base.LogResults onlyLog
INFO: Passed - MeghMasterTeamMappingTest-MPI_518_TeamMapping_01-To verify this, create a department and map it with an office. Then, navigate to Team Mapping, click on 'Add Team Mapping', select the created team, select the mapped department, and save. After saving, create an employee for the selected location. Navigate to the employee's profile, select the department, click on the team field, enter the team name, and ensure that the mapped team is displayed.
---------------------------------------------------------------
MeghMasterTeamMappingTestMPI_518_TeamMapping_01
Aug 18, 2025 2:38:56 PM base.LogResults onlyLog
INFO: Total Pass : 4 Total Fail : 0  Total TC : 4
---------------------------------------------------------------
Test case took: 367.2035 seconds
Total TC Time: 00:06:07

===============================================
Suite
Total tests run: 4, Passes: 3, Failures: 0, Skips: 1
===============================================

