>> Console logging redirected to data/console.log
Launching Driver...
SLF4J(W): No SLF4J providers were found.
SLF4J(W): Defaulting to no-operation (NOP) logger implementation
SLF4J(W): See https://www.slf4j.org/codes.html#noProviders for further details.
Aug 21, 2025 5:16:45 PM org.openqa.selenium.devtools.CdpVersionFinder findNearestMatch
WARNING: Unable to find an exact match for CDP version 139, returning the closest version; found: 137; Please update to a Selenium version that supports CDP version 139
(1386, 788)
Aug 21, 2025 5:16:49 PM base.LogResults createLogs
INFO: PASS - Application Loaded Successfully: 
Aug 21, 2025 5:16:53 PM base.LogResults createLogs
INFO: PASS - Create An Account Button Is Clicked: 
Aug 21, 2025 5:16:56 PM base.LogResults createLogs
INFO: PASS - First Name Entered in Text Box: AutoAFNOPP
Aug 21, 2025 5:16:58 PM base.LogResults createLogs
INFO: PASS - Last Name Entered in Text Box: AutoLNXARZ
Aug 21, 2025 5:17:00 PM base.LogResults createLogs
INFO: PASS - Email  Entered in Text Box: AutoE210825171640@mailinator.com
Aug 21, 2025 5:17:03 PM base.LogResults createLogs
INFO: PASS - Phone Number Entered in Text Box: 8217090061
Aug 21, 2025 5:17:05 PM base.LogResults createLogs
INFO: PASS - Create Password Entered in Text Box: Pramod@1234
Aug 21, 2025 5:17:07 PM base.LogResults createLogs
INFO: PASS - Confirm Password Entered in Text Box: Pramod@1234
Aug 21, 2025 5:17:09 PM base.LogResults createLogs
INFO: PASS - Successfully Cliked On SignUp Button: 
Aug 21, 2025 5:17:12 PM base.LogResults createLogs
INFO: PASS - Company Name Entered in Text Box: AutoCNRFIOA
Aug 21, 2025 5:17:18 PM base.LogResults createLogs
INFO: PASS - Company Code Entered in Text Box: ADKK
Aug 21, 2025 5:17:23 PM base.LogResults createLogs
INFO: PASS - Company HeadCount Selected In the Dropdown: 51 To 100
Aug 21, 2025 5:17:25 PM base.LogResults createLogs
INFO: PASS - Industry Type Selected In the Dropdown: Software Industry
Aug 21, 2025 5:17:28 PM base.LogResults createLogs
INFO: PASS - Your Role Selected In the Dropdown: Admin
Aug 21, 2025 5:17:30 PM base.LogResults createLogs
INFO: PASS - Your Role Selected In the Dropdown: 
Aug 21, 2025 5:17:34 PM base.LogResults createLogs
INFO: PASS - OTP Sent To YOP Mail: 
Aug 21, 2025 5:17:38 PM base.LogResults createLogs
INFO: PASS - Successfully Open The New Tab And URL Is Passed: 
Aug 21, 2025 5:17:41 PM base.LogResults createLogs
INFO: PASS - Successfully Clicked On GetFreeTrailButton: 
Aug 21, 2025 5:17:43 PM base.LogResults createLogs
INFO: PASS - Successfully Clicked On PopupCloseButton: 
Aug 21, 2025 5:17:52 PM base.LogResults createLogs
INFO: PASS - Successfully Inputted Emp Name: AutoE210825171640
Aug 21, 2025 5:17:54 PM base.LogResults createLogs
INFO: PASS - Successfully Clicked On SearchButtonOfMailinator: 
Aug 21, 2025 5:17:56 PM base.LogResults createLogs
INFO: PASS - Successfully Clicked On SignUp OTP Mail: 
Proxy element for: DefaultElementLocator 'By.xpath: //iframe[@id='html_msg_body']'
[[ChromeDriver: chrome on windows (99b94656b4697c724c3906e3915eb1dd)] -> xpath: //body[1]/div[1]/p[2]]
HTML content: <div class="container">            <div class="date" style="margin-left: 517px ; font-size: 12px ; font-weight: bold">   </div> <p>Dear User,</p><p>Thank you for signing up! To complete your registration, please enter the following One-Time Password (OTP) on the sign-up page: <b>456312</b> <br></p><p>This OTP is valid for <b>10</b> minutes.</p><p>If you encounter any issues or have any further questions, feel free to contact at Admin/HR Department.</p><p>Thank you,</p>MeghPI<br>mantra@mantratec.com<br></div>    

<br><p style="text-align: justify ; margin: 0px" class="">This email and any files
transmitted with it are confidential and intended solely for the use of the
individual or entity to whom they are addressed. If you are not the named
addressee you should not disseminate, distribute or copy this e-mail. Please notify
the sender immediately by e-mail if you have received this e-mail by mistake
and delete this e-mail from your system.<br></p><div><b><i>?</i>?</b><br></div>
<br><br><br><br><br><br><br>
Aug 21, 2025 5:18:02 PM base.LogResults createLogs
INFO: PASS - Successfully Navigated To IFrame: 
456312this is OTP
Aug 21, 2025 5:18:04 PM base.LogResults createLogs
INFO: PASS - Successfully Extracted The OTP: 456312
Aug 21, 2025 5:18:07 PM base.LogResults createLogs
INFO: PASS - Successfully Navigated Back To Application: 
Aug 21, 2025 5:18:09 PM base.LogResults createLogs
INFO: PASS - OTP Sent To YOP Mail: 456312
Aug 21, 2025 5:18:11 PM base.LogResults createLogs
INFO: PASS - Successfully Entered The Captcha: 12345
Aug 21, 2025 5:18:13 PM base.LogResults createLogs
INFO: PASS - Successfully Clicked On VerifyAndLoginButton: 
Aug 21, 2025 5:18:18 PM base.LogResults createLogs
INFO: PASS - Successfully Selected VMS: 
Aug 21, 2025 5:18:20 PM base.LogResults createLogs
INFO: PASS - Successfully Selected CMS: 
Aug 21, 2025 5:18:22 PM base.LogResults createLogs
INFO: PASS - Successfully Clicked On SaveButton: 
Aug 21, 2025 5:18:28 PM base.LogResults createLogs
INFO: PASS - Successfully Clicked On PlanF: 
Aug 21, 2025 5:18:35 PM base.LogResults createLogs
INFO: PASS - Successfully Clicked On MakePaymentButton: 
Aug 21, 2025 5:18:47 PM base.LogResults createLogs
INFO: PASS - Successfully Clicked On Cards For Payment: 
5123456789012346
Aug 21, 2025 5:18:49 PM base.LogResults createLogs
INFO: PASS - Successfully Entered The Card Number: 5123456789012346
Aug 21, 2025 5:18:52 PM base.LogResults createLogs
INFO: PASS - Successfully Entered The Card ExpiryDate: 1225
Aug 21, 2025 5:18:54 PM base.LogResults createLogs
INFO: PASS - Successfully Entered The Card CVV: 123
Aug 21, 2025 5:18:56 PM base.LogResults createLogs
INFO: PASS - Successfully Entered The Card OwnerName: Test 
Aug 21, 2025 5:18:58 PM base.LogResults createLogs
INFO: PASS - Successfully Clicked On ProccedButton: 
Aug 21, 2025 5:19:01 PM base.LogResults createLogs
INFO: PASS - Successfully Clicked On Continue Without Saving Button: 
Aug 21, 2025 5:19:06 PM base.LogResults createLogs
INFO: PASS - Successfully Entered The Payment OTP: 123456
Aug 21, 2025 5:19:08 PM base.LogResults createLogs
INFO: PASS - Successfully Clicked On OTPConfirmButton: 
Aug 21, 2025 5:19:13 PM base.LogResults createLogs
INFO: PASS - Successfully Clicked On BackToLoginButton: 
Aug 21, 2025 5:19:15 PM base.LogResults createLogs
INFO: PASS - Application Loaded Successfully: 
Aug 21, 2025 5:19:21 PM base.LogResults createLogs
INFO: PASS - Company Code Entered in Text Box: ADKK
Aug 21, 2025 5:19:23 PM base.LogResults createLogs
INFO: PASS - Login With Password Button Is Clicked: 
Aug 21, 2025 5:19:30 PM base.LogResults createLogs
INFO: PASS - Sign in Text Is Displayed: 
Aug 21, 2025 5:19:32 PM base.LogResults createLogs
INFO: PASS - Username Is Entered In Username Text Field: AutoE210825171640@mailinator.com
Aug 21, 2025 5:19:34 PM base.LogResults createLogs
INFO: PASS - Password Is Entered In Password Text Field: Pramod@1234
Aug 21, 2025 5:19:36 PM base.LogResults createLogs
INFO: PASS - Captcha Entered On Captcha Text Field: 12345
Aug 21, 2025 5:19:39 PM base.LogResults createLogs
INFO: PASS - Clicked On Login Button: 
Aug 21, 2025 5:19:41 PM base.LogResults createLogs
INFO: PASS - Clicked On MailCheck Button: 
Aug 21, 2025 5:19:45 PM base.LogResults createLogs
INFO: PASS - Successfully Open The New Tab And URL Is Passed: 
Aug 21, 2025 5:19:47 PM base.LogResults createLogs
INFO: PASS - Successfully Clicked On GetFreeTrailButton: 
Aug 21, 2025 5:19:49 PM base.LogResults createLogs
INFO: PASS - Successfully Clicked On PopupCloseButton: 
Aug 21, 2025 5:19:58 PM base.LogResults createLogs
INFO: PASS - Successfully Inputted Emp Name: AutoE210825171640
Aug 21, 2025 5:20:00 PM base.LogResults createLogs
INFO: PASS - Successfully Clicked On SearchButtonOfMailinator: 
Aug 21, 2025 5:20:02 PM base.LogResults createLogs
INFO: PASS - Except Application All Other Tabs Are Closed Successfully: 
Aug 21, 2025 5:20:04 PM base.LogResults createLogs
INFO: PASS - Successfully Clicked On Activation Mail Link: 
Proxy element for: DefaultElementLocator 'By.xpath: //iframe[@id='html_msg_body']'
[[ChromeDriver: chrome on windows (99b94656b4697c724c3906e3915eb1dd)] -> xpath: //body[1]/div[1]/p[2]]
HTML content: TO : AutoE210825171640@mailinator.com<br>CC : <br>BCC : <br>                                                 <div class="container">            <div class="date" style="margin-left: 517px ; font-size: 12px ; font-weight: bold">   </div> <p>Dear, AutoCNRFIOA210825171640</p><p>Please click below link to activate your company:<br><b><a href="https://demo.meghpi.com/CompanyActivation?enc=E841oEAGf-gatJuRkIq1cyZwXDxApIWLvFCW287BK8lVtWdJUNbNYxVN-wTmUs9Rqq-2JMVwmY9uTU3m9CHe7w@@" target="_other" rel="nofollow">ACTIVATION_LINK</a></b><br></p><p>If you encounter any issues or have any further questions, feel free to contact at Admin/HR Department.</p><p>Thank you,</p>MeghPI<br>mantra@mantratec.com<br></div>    

<br><p style="text-align: justify ; margin: 0px" class="">This email and any files
transmitted with it are confidential and intended solely for the use of the
individual or entity to whom they are addressed. If you are not the named
addressee you should not disseminate, distribute or copy this e-mail. Please notify
the sender immediately by e-mail if you have received this e-mail by mistake
and delete this e-mail from your system.<br></p><div><b><i>?</i>?</b><br></div>
<br><br><br><br><br><br><br>
Aug 21, 2025 5:20:11 PM base.LogResults createLogs
INFO: PASS - Successfully Navigated To IFrame: 
Aug 21, 2025 5:20:13 PM base.LogResults createLogs
INFO: PASS - Successfully Clicked On ActivationLink: 
Aug 21, 2025 5:20:19 PM base.LogResults createLogs
INFO: PASS - Successfully Navigated Back To Application: 
Aug 21, 2025 5:20:21 PM base.LogResults createLogs
INFO: PASS - Clicked On LoginHere Button: 
Aug 21, 2025 5:20:28 PM base.LogResults createLogs
INFO: PASS - Company Code Entered in Text Box: ADKK
Aug 21, 2025 5:20:30 PM base.LogResults createLogs
INFO: PASS - Login With Password Button Is Clicked: 
Aug 21, 2025 5:20:36 PM base.LogResults createLogs
INFO: PASS - Sign in Text Is Displayed: 
Aug 21, 2025 5:20:38 PM base.LogResults createLogs
INFO: PASS - Username Is Entered In Username Text Field: AutoE210825171640@mailinator.com
Aug 21, 2025 5:20:41 PM base.LogResults createLogs
INFO: PASS - Password Is Entered In Password Text Field: Pramod@1234
Aug 21, 2025 5:20:43 PM base.LogResults createLogs
INFO: PASS - Captcha Entered On Captcha Text Field: 12345
Aug 21, 2025 5:20:45 PM base.LogResults createLogs
INFO: PASS - Clicked On Login Button: 
Aug 21, 2025 5:20:49 PM base.LogResults createLogs
INFO: PASS - Clicked On CompanyDetails: 
Aug 21, 2025 5:20:52 PM base.LogResults createLogs
INFO: PASS - Industry Type Selected In the Dropdown: Software Industry
Aug 21, 2025 5:21:07 PM base.LogResults createLogs
INFO: PASS - Image Is Selected As Logo: ./data/images/Testing.jpg
Aug 21, 2025 5:21:09 PM base.LogResults createLogs
INFO: PASS - Entered CompanyWebsite Successfully: https://demo.meghpi.com/
Aug 21, 2025 5:21:12 PM base.LogResults createLogs
INFO: PASS - AddDetails Button Clicked Successfully: 
Aug 21, 2025 5:21:14 PM base.LogResults createLogs
INFO: PASS - Successfully Clicked On Add AddreessButton: 
Aug 21, 2025 5:21:16 PM base.LogResults createLogs
INFO: PASS - Successfully Selected Country From CountryDropdown: India
Aug 21, 2025 5:21:22 PM base.LogResults createLogs
INFO: PASS - Successfully Selected State From StateDropdown: Gujarat 
Aug 21, 2025 5:21:25 PM base.LogResults createLogs
INFO: PASS - Successfully Enter The Company Address: #47, 5th cross, park view, shapath hexa, gujarat highcourt
Aug 21, 2025 5:21:27 PM base.LogResults createLogs
INFO: PASS - Successfully Enter The Company Address Zipcode: 560091
Aug 21, 2025 5:21:33 PM base.LogResults createLogs
INFO: PASS - Successfully Clicked On AddAddress Button: 
Aug 21, 2025 5:21:40 PM base.LogResults createLogs
INFO: PASS - Successfully Clicked On ContactDetails: 
Aug 21, 2025 5:21:42 PM base.LogResults createLogs
INFO: PASS - Contact Name Entered in Text Box: AutoAFNOPP
Aug 21, 2025 5:21:44 PM base.LogResults createLogs
INFO: PASS - Phone Number Entered in Text Box: 8217090061
Aug 21, 2025 5:21:46 PM base.LogResults createLogs
INFO: PASS - Email Id Entered in Text Box: AutoE210825171640@mailinator.com
Aug 21, 2025 5:21:49 PM base.LogResults createLogs
INFO: PASS - Successfully Clicked On AddContactButton: 
Aug 21, 2025 5:21:51 PM base.LogResults createLogs
INFO: PASS - Successfully Clicked On OfficeSetup: 
Aug 21, 2025 5:21:53 PM base.LogResults createLogs
INFO: PASS - Successfully Clicked On AddOffice: 
Aug 21, 2025 5:21:55 PM base.LogResults createLogs
INFO: PASS - Office Name Entered in Text Box: AutoONDDCOM
Aug 21, 2025 5:21:58 PM base.LogResults createLogs
INFO: PASS - Company OfficeType Selected In the Dropdown: Head Quarter 
Aug 21, 2025 5:22:00 PM base.LogResults createLogs
INFO: PASS - Office Address Entered in Text Box: #47, 5th cross, park view, shapath hexa, gujarat highcourt
Aug 21, 2025 5:22:02 PM base.LogResults createLogs
INFO: PASS - Company's Country Selected In the Dropdown: India
Aug 21, 2025 5:22:08 PM base.LogResults createLogs
INFO: PASS - Company's State Selected In the Dropdown: Gujarat 
Aug 21, 2025 5:22:11 PM base.LogResults createLogs
INFO: PASS - Successfully Clicked On AddOfficeSave: 
Aug 21, 2025 5:22:13 PM base.LogResults createLogs
INFO: PASS - Successfully Clicked On AddDept: 
Aug 21, 2025 5:22:15 PM base.LogResults createLogs
INFO: PASS - Dept Name Entered in Text Box: AutoDNGONV
Aug 21, 2025 5:22:20 PM base.LogResults createLogs
INFO: PASS - Company's Assign Office Selected In the Dropdown: AutoONDDCOM
Aug 21, 2025 5:22:23 PM base.LogResults createLogs
INFO: PASS - Successfully Clicked On AddDeptSave: 
Aug 21, 2025 5:22:25 PM base.LogResults createLogs
INFO: PASS - Successfully Clicked On Policy Button: 
Aug 21, 2025 5:22:35 PM base.LogResults createLogs
INFO: PASS - Successfully Clicked On UseAsDefaultButton Button: 
Aug 21, 2025 5:22:37 PM base.LogResults createLogs
INFO: PASS - Successfully Clicked On GeneralSettings Button: 
Aug 21, 2025 5:22:43 PM base.LogResults createLogs
INFO: PASS - TimeFormat Selected In the Dropdown: 
Aug 21, 2025 5:22:48 PM base.LogResults createLogs
INFO: PASS -  TimeZone Selected In the Dropdown: 
Aug 21, 2025 5:22:53 PM base.LogResults createLogs
INFO: PASS - TwoStepVerification Selected In the Dropdown: 
Aug 21, 2025 5:22:58 PM base.LogResults createLogs
INFO: PASS - DateFormat Selected In the Dropdown: 
Aug 21, 2025 5:23:04 PM base.LogResults createLogs
INFO: PASS - FinancialYear Selected In the Dropdown: 
Aug 21, 2025 5:23:06 PM base.LogResults createLogs
INFO: PASS - Successfully Clicked On GeneralSettingsSave: 
Aug 21, 2025 5:23:08 PM base.LogResults createLogs
INFO: PASS - Successfully Clicked On PersonalSetting: 
Aug 21, 2025 5:23:13 PM base.LogResults createLogs
INFO: PASS - EmployeeIDDropdown Selected In the Dropdown: 
Aug 21, 2025 5:23:16 PM base.LogResults createLogs
INFO: PASS - Employee id Entered In The Text Field: AutoDNGONV
Aug 21, 2025 5:23:18 PM base.LogResults createLogs
INFO: PASS - Successfully Clicked On PersonalSettingSave: 
Aug 21, 2025 5:23:34 PM base.LogResults createLogs
INFO: PASS - Successfully Clicked On GoToDashBoard: 
Aug 21, 2025 5:23:36 PM base.LogResults createLogs
INFO: PASS - Login Done  And Validated Successfully: 
Aug 21, 2025 5:23:44 PM base.LogResults createLogs
INFO: PASS - Error Message is Clicked: 
Aug 21, 2025 5:23:50 PM base.LogResults createLogs
INFO: PASS - Admin Manage Button Clicked Successfully: 
Aug 21, 2025 5:23:53 PM base.LogResults createLogs
INFO: PASS - Admin Logout Button Clicked Successfully: 
Aug 21, 2025 5:23:55 PM base.LogResults createLogs
INFO: PASS - Except Application All Other Tabs Are Closed Successfully: 
Aug 21, 2025 5:23:57 PM base.LogResults createLogs
INFO: PASS - Application Loaded Successfully: 
Aug 21, 2025 5:24:04 PM base.LogResults createLogs
INFO: PASS - Company Code Entered in Text Box: ADKK
Aug 21, 2025 5:24:06 PM base.LogResults createLogs
INFO: PASS - Successfully Clicked On Login With OTP Button: 
Aug 21, 2025 5:24:11 PM base.LogResults createLogs
INFO: PASS - Successfully Loaded LoginWithOTPPage: 
Aug 21, 2025 5:24:13 PM base.LogResults createLogs
INFO: PASS - Successfully Entered The Username: AutoE210825171640@mailinator.com
Aug 21, 2025 5:24:16 PM base.LogResults createLogs
INFO: PASS - Successfully Entered The Captcha: 12345
Aug 21, 2025 5:24:18 PM base.LogResults createLogs
INFO: PASS - Successfully Clicked on RequestOTP Button: 
Aug 21, 2025 5:24:22 PM base.LogResults createLogs
INFO: PASS - Successfully Open The New Tab And URL Is Passed: 
Aug 21, 2025 5:24:24 PM base.LogResults createLogs
INFO: PASS - Successfully Clicked On GetFreeTrailButton: 
Aug 21, 2025 5:24:26 PM base.LogResults createLogs
INFO: PASS - Successfully Clicked On PopupCloseButton: 
Aug 21, 2025 5:24:35 PM base.LogResults createLogs
INFO: PASS - Successfully Inputted Emp Name: AutoE210825171640
Aug 21, 2025 5:24:37 PM base.LogResults createLogs
INFO: PASS - Successfully Clicked On SearchButtonOfMailinator: 
Aug 21, 2025 5:24:59 PM base.LogResults createLogs
INFO: PASS - Successfully Clicked On FirstRecievedMailClick: 
Proxy element for: DefaultElementLocator 'By.xpath: //iframe[@id='html_msg_body']'
[[ChromeDriver: chrome on windows (99b94656b4697c724c3906e3915eb1dd)] -> xpath: //body[1]/div[1]/p[2]]
HTML content: We received a request to log in to your account. To proceed, please use the following One-Time Password (OTP) to verify your identity:<br><br>Your OTP: <b>910294</b><br>
Aug 21, 2025 5:25:05 PM base.LogResults createLogs
INFO: PASS - Successfully Navigated To IFrame: 
 this is OTP
Aug 21, 2025 5:25:07 PM base.LogResults createLogs
INFO: PASS - Successfully Fetch The OTP From Mail: 
Aug 21, 2025 5:25:10 PM base.LogResults createLogs
INFO: PASS - Successfully Navigated Back To Application: 
Aug 21, 2025 5:25:12 PM base.LogResults createLogs
INFO: PASS - OTP Entered In The Enter OTP Text Field: 910294
Aug 21, 2025 5:25:14 PM base.LogResults createLogs
INFO: PASS - Captcha Entered In The Enter Captcha Text Field: 12345
Aug 21, 2025 5:25:21 PM base.LogResults createLogs
INFO: FAIL - Error While Clicking On The VerifyAndLoginButtonOTP Button: element click intercepted: Element <button type="button" id="btnOTPVerfiy" class="btn btn-primary password_btn w-100">...</button> is not clickable at point (1016, 528). Other element would receive the click: <div class="sign_up_url">...</div>
  (Session info: chrome=139.0.7258.128)
Build info: version: '4.28.0', revision: 'ac342546e9'
System info: os.name: 'Windows 10', os.arch: 'amd64', os.version: '10.0', java.version: '17.0.11'
Driver info: org.openqa.selenium.chrome.ChromeDriver
Command: [99b94656b4697c724c3906e3915eb1dd, clickElement {id=f.BDE950ABF21A019A3B96FB469018BAE0.d.6B41BAA6F98C27BF1FDBB17570682DC5.e.1194}]
Capabilities {acceptInsecureCerts: true, browserName: chrome, browserVersion: 139.0.7258.128, chrome: {chromedriverVersion: 139.0.7258.138 (884e54ea8d4..., userDataDir: C:\Users\Pramod.C\AppData\L...}, fedcm:accounts: true, goog:chromeOptions: {debuggerAddress: localhost:52903}, networkConnectionEnabled: false, pageLoadStrategy: none, platformName: windows, proxy: Proxy(), se:cdp: ws://localhost:52903/devtoo..., se:cdpVersion: 139.0.7258.128, setWindowRect: true, strictFileInteractability: false, timeouts: {implicit: 0, pageLoad: 300000, script: 30000}, unhandledPromptBehavior: dismiss and notify, webauthn:extension:credBlob: true, webauthn:extension:largeBlob: true, webauthn:extension:minPinLength: true, webauthn:extension:prf: true, webauthn:virtualAuthenticators: true}
Element: [[ChromeDriver: chrome on windows (99b94656b4697c724c3906e3915eb1dd)] -> xpath: //button[@id='btnOTPVerfiy']]
Session ID: 99b94656b4697c724c3906e3915eb1dd
Aug 21, 2025 5:25:22 PM base.LogResults onlyLog
INFO: Failed - MeghLoginTest-MPI_4_Login_Page_04-Verify that upon entering a valid company code and clicking the Login with OTP button, the user is redirected to the Login with OTP page and an OTP is sent to the provided email address.
---------------------------------------------------------------
MeghLoginTestMPI_4_Login_Page_04
Aug 21, 2025 5:25:22 PM base.LogResults onlyLog
INFO: Total Pass : 0 Total Fail : 1  Total TC : 1
---------------------------------------------------------------
Test case took: 516.6173 seconds
Total TC Time: 00:08:36

===============================================
Suite
Total tests run: 1, Passes: 1, Failures: 0, Skips: 0
===============================================

