>> Console logging redirected to data/console.log
Launching Driver...
SLF4J(W): No SLF4J providers were found.
SLF4J(W): Defaulting to no-operation (NOP) logger implementation
SLF4J(W): See https://www.slf4j.org/codes.html#noProviders for further details.
Aug 25, 2025 4:30:40 PM org.openqa.selenium.devtools.CdpVersionFinder findNearestMatch
WARNING: Unable to find an exact match for CDP version 139, returning the closest version; found: 137; Please update to a Selenium version that supports CDP version 139
(1386, 788)
Aug 25, 2025 4:30:43 PM base.LogResults createLogs
INFO: PASS -  Application loaded successfully.
Aug 25, 2025 4:30:50 PM base.LogResults createLogs
INFO: PASS -  Company code entered successfully.AEWK
Aug 25, 2025 4:30:52 PM base.LogResults createLogs
INFO: PASS - Clicked On 'Login with Password' successfully.
Aug 25, 2025 4:30:58 PM base.LogResults createLogs
INFO: PASS -  Sign-in section appeared.
Aug 25, 2025 4:31:01 PM base.LogResults createLogs
INFO: PASS -  Email Id entered.AutoE250825101437@mailinator.com
Aug 25, 2025 4:31:03 PM base.LogResults createLogs
INFO: PASS -  Password entered.Pramod@1234
Aug 25, 2025 4:31:05 PM base.LogResults createLogs
INFO: PASS -  Captcha entered.12345
Aug 25, 2025 4:31:08 PM base.LogResults createLogs
INFO: PASS -  Sign-in button clicked.
Aug 25, 2025 4:31:10 PM base.LogResults createLogs
INFO: PASS -  Login validated successfully And Good Text Is Displayed.
Aug 25, 2025 4:31:12 PM base.LogResults createLogs
INFO: PASS - Login Done Successfully: 
Aug 25, 2025 4:31:14 PM base.LogResults createLogs
INFO: PASS - Leave Button Clicked Successfully Of HR Account: 
Aug 25, 2025 4:31:19 PM base.LogResults createLogs
INFO: PASS -  EmpLeaveRequestsTab Clicked Successfully Of HR Account: 
Aug 25, 2025 4:31:23 PM base.LogResults createLogs
INFO: PASS -  Filter Button Clicked Successfully : 
Aug 25, 2025 4:31:29 PM base.LogResults createLogs
INFO: PASS -  Office DrpDown Clicked Successfully : 
Aug 25, 2025 4:31:32 PM base.LogResults createLogs
INFO: PASS -  Office Name Inputted Successfully : AutoON250825101437
Aug 25, 2025 4:31:34 PM base.LogResults createLogs
INFO: PASS -  Office Name Selected Successfully : 
Aug 25, 2025 4:31:36 PM base.LogResults createLogs
INFO: PASS -  Dept DropDown Clicked   Successfully : AutoDN250825101437
Aug 25, 2025 4:31:38 PM base.LogResults createLogs
INFO: PASS -  Dept Selected Successfully : AutoDN250825101437
Aug 25, 2025 4:31:41 PM base.LogResults createLogs
INFO: PASS -  Team DropDown Clicked   Successfully : AutoTN250825101437
Aug 25, 2025 4:31:43 PM base.LogResults createLogs
INFO: PASS -  Team Selected Successfully : AutoTN250825101437
Aug 25, 2025 4:31:49 PM base.LogResults createLogs
INFO: PASS -  Clicked On Save Filter Button Successfully : 
Aug 25, 2025 4:31:51 PM base.LogResults createLogs
INFO: PASS - Applied Filted Results Displayed Successfully : 
Aug 25, 2025 4:31:54 PM base.LogResults createLogs
INFO: PASS -  Filter Button Clicked Successfully : 
Aug 25, 2025 4:31:56 PM base.LogResults createLogs
INFO: PASS -   Leave Type Selected  Successfully : Sick Leave (SL)
Aug 25, 2025 4:32:02 PM base.LogResults createLogs
INFO: PASS -  Clicked On Save Filter Button Successfully : 
Aug 25, 2025 4:32:07 PM base.LogResults createLogs
INFO: FAIL - Error While Displaying Applied Filter Results For Leave Type: No matching leave type found: Sick Leave (SL)
Aug 25, 2025 4:32:09 PM base.LogResults createLogs
INFO: PASS -  Filter Button Clicked Successfully : 
Aug 25, 2025 4:32:17 PM base.LogResults createLogs
INFO: PASS - Selected Leave Status Filter Successfully : Approved
Aug 25, 2025 4:32:23 PM base.LogResults createLogs
INFO: PASS -  Clicked On Save Filter Button Successfully : 
Aug 25, 2025 4:32:28 PM base.LogResults createLogs
INFO: PASS - Applied Filted Results Displayed Successfully For Leave Status : Approved
Aug 25, 2025 4:32:28 PM base.LogResults onlyLog
INFO: Failed - MeghLeaveTest-MPI_621_Leave_23-To verify this, check the functionality of filter feature by filtering office name, dept, team, designation, employee type and leave types
---------------------------------------------------------------
MeghLeaveTestMPI_621_Leave_23
Aug 25, 2025 4:32:28 PM base.LogResults onlyLog
INFO: Total Pass : 0 Total Fail : 1  Total TC : 1
---------------------------------------------------------------
Test case took: 107.5363 seconds
Total TC Time: 00:01:47

===============================================
Suite
Total tests run: 1, Passes: 1, Failures: 0, Skips: 0
===============================================

