>> Console logging redirected to data/console.log
Continuing with Existing Master Data due to threshold value:150725-150725-ThreSld->3
Launching Driver...
SLF4J(W): No SLF4J providers were found.
SLF4J(W): Defaulting to no-operation (NOP) logger implementation
SLF4J(W): See https://www.slf4j.org/codes.html#noProviders for further details.
Jul 15, 2025 3:38:02 PM org.openqa.selenium.devtools.CdpVersionFinder findNearestMatch
WARNING: Unable to find an exact match for CDP version 138, returning the closest version; found: 137; Please update to a Selenium version that supports CDP version 138
hello
Jul 15, 2025 3:38:04 PM base.LogResults createLogs
INFO: PASS - Step 1: Application loaded successfully.
Jul 15, 2025 3:38:08 PM base.LogResults createLogs
INFO: PASS - Step 2: Company code entered successfully.
Jul 15, 2025 3:38:08 PM base.LogResults createLogs
INFO: PASS - Step 3: Clicked 'Login with Password' successfully.
Jul 15, 2025 3:38:12 PM base.LogResults createLogs
INFO: PASS - Step 4: Sign-in section appeared.
Jul 15, 2025 3:38:13 PM base.LogResults createLogs
INFO: PASS - Step 5: Username entered.
Jul 15, 2025 3:38:13 PM base.LogResults createLogs
INFO: PASS - Step 6: Password entered.
Jul 15, 2025 3:38:13 PM base.LogResults createLogs
INFO: PASS - Step 7: Captcha entered.
Jul 15, 2025 3:38:13 PM base.LogResults createLogs
INFO: PASS - Step 8: Sign-in button clicked.
