>> Console logging redirected to data/console.log
Launching Driver...
SLF4J(W): No SLF4J providers were found.
SLF4J(W): Defaulting to no-operation (NOP) logger implementation
SLF4J(W): See https://www.slf4j.org/codes.html#noProviders for further details.
Sep 01, 2025 6:46:34 PM org.openqa.selenium.devtools.CdpVersionFinder findNearestMatch
WARNING: Unable to find an exact match for CDP version 139, returning the closest version; found: 137; Please update to a Selenium version that supports CDP version 139
(1386, 788)
Sep 01, 2025 6:46:38 PM base.LogResults createLogs
INFO: PASS -  Application loaded successfully.
Sep 01, 2025 6:46:44 PM base.LogResults createLogs
INFO: PASS -  Company code entered successfully.MAN0
Sep 01, 2025 6:46:47 PM base.LogResults createLogs
INFO: PASS - Clicked On 'Login with Password' successfully.
Sep 01, 2025 6:46:53 PM base.LogResults createLogs
INFO: PASS -  Sign-in section appeared.
Sep 01, 2025 6:46:55 PM base.LogResults createLogs
INFO: PASS -  Email Id entered.pramod.c@mantratec.com
Sep 01, 2025 6:46:57 PM base.LogResults createLogs
INFO: PASS -  Password entered.Pramod@1234
Sep 01, 2025 6:47:00 PM base.LogResults createLogs
INFO: PASS -  Captcha entered.12345
Sep 01, 2025 6:47:02 PM base.LogResults createLogs
INFO: PASS -  Sign-in button clicked.
Sep 01, 2025 6:47:04 PM base.LogResults createLogs
INFO: PASS -  Login validated successfully And Good Text Is Displayed.
Sep 01, 2025 6:47:06 PM base.LogResults createLogs
INFO: PASS - Login Done Successfully: 
Sep 01, 2025 6:47:09 PM base.LogResults createLogs
INFO: PASS -  Attendance Module Clicked Successfully: 
Sep 01, 2025 6:47:11 PM base.LogResults createLogs
INFO: PASS -  Attendance Page Loaded Successfully: 
Sep 01, 2025 6:47:13 PM base.LogResults createLogs
INFO: PASS -  Apply Regularization Button Clicked Successfully: 
Sep 01, 2025 6:47:15 PM base.LogResults createLogs
INFO: PASS -  Apply Regularization For Others Button Clicked Successfully: 
Sep 01, 2025 6:47:18 PM base.LogResults createLogs
INFO: PASS -  Employee Selection DropDown Clicked Successfully: 
Sep 01, 2025 6:47:20 PM base.LogResults createLogs
INFO: PASS -  Employee Name Inputted Successfully: onehunderedandfour
Sep 01, 2025 6:47:22 PM base.LogResults createLogs
INFO: PASS -  Employee Name Selected  Successfully: 
Sep 01, 2025 6:47:24 PM base.LogResults createLogs
INFO: PASS -  Regularization FromDate Clicked  Successfully: 
Sep 01, 2025 6:47:30 PM base.LogResults createLogs
INFO: PASS -  Regularization FromDate Inputted  Successfully: 2025-07-01
Sep 01, 2025 6:47:32 PM base.LogResults createLogs
INFO: PASS -  Regularization From Time TextField Clicked  Successfully: 
Sep 01, 2025 6:47:37 PM base.LogResults createLogs
INFO: PASS -  Regularization FromTime Inputted  Successfully: 06:01
Sep 01, 2025 6:47:39 PM base.LogResults createLogs
INFO: PASS -  Regularization ToDate Clicked  Successfully: 
Sep 01, 2025 6:47:45 PM base.LogResults createLogs
INFO: PASS -  Regularization ToDate Inputted  Successfully: 2025-07-01
Sep 01, 2025 6:47:51 PM base.LogResults createLogs
INFO: PASS -  Regularization To Time TextField Clicked  Successfully: 
Sep 01, 2025 6:47:56 PM base.LogResults createLogs
INFO: PASS -  Regularization To Time Inputted  Successfully: 14:00
Sep 01, 2025 6:48:02 PM base.LogResults createLogs
INFO: PASS -  Regularization Type Selected  Successfully: 
Sep 01, 2025 6:48:05 PM base.LogResults createLogs
INFO: PASS -  Regularization Reason Inputted  Successfully: Test
Sep 01, 2025 6:48:07 PM base.LogResults createLogs
INFO: PASS -  Regularization Apply Button Clicked  Successfully: 
Sep 01, 2025 6:48:07 PM base.LogResults onlyLog
INFO: Passed - MeghPIMSAttendanceTest-MPI_637_Normal_Attendance_09-Check the status after the employee raises a regularization request for an absent day and it is approved. 
---------------------------------------------------------------
MeghPIMSAttendanceTestMPI_637_Normal_Attendance_09
Sep 01, 2025 6:48:07 PM base.LogResults onlyLog
INFO: Total Pass : 1 Total Fail : 0  Total TC : 1
---------------------------------------------------------------
Test case took: 92.1382 seconds
Total TC Time: 00:01:32

===============================================
Suite
Total tests run: 1, Passes: 1, Failures: 0, Skips: 0
===============================================

