>> Console logging redirected to data/console.log
Deleted: E:\MeghPiFw\MeghPIreports\RunID-21-08-25_17_57_34\AllReports.html
Deleted: E:\MeghPiFw\MeghPIreports\RunID-21-08-25_17_57_34\Dashboard.html
Deleted: E:\MeghPiFw\MeghPIreports\RunID-21-08-25_17_57_34\screenshot\21-08-2025-055931.png
Deleted: E:\MeghPiFw\MeghPIreports\RunID-21-08-25_17_57_34\screenshot\21-08-2025-055936.png
Deleted: E:\MeghPiFw\MeghPIreports\RunID-21-08-25_17_57_34\screenshot\21-08-2025-055938.png
Deleted: E:\MeghPiFw\MeghPIreports\RunID-21-08-25_17_57_34\screenshot\21-08-2025-055951.png
Deleted: E:\MeghPiFw\MeghPIreports\RunID-21-08-25_17_57_34\screenshot\21-08-2025-060006.png
Deleted: E:\MeghPiFw\MeghPIreports\RunID-21-08-25_17_57_34\screenshot\21-08-2025-060026.png
Deleted: E:\MeghPiFw\MeghPIreports\RunID-21-08-25_17_57_34\screenshot\21-08-2025-060039.png
Deleted: E:\MeghPiFw\MeghPIreports\RunID-21-08-25_17_57_34\screenshot\21-08-2025-060049.png
Deleted: E:\MeghPiFw\MeghPIreports\RunID-21-08-25_17_57_34\screenshot\21-08-2025-060101.png
Deleted: E:\MeghPiFw\MeghPIreports\RunID-21-08-25_17_57_34\screenshot\21-08-2025-060108.png
Deleted: E:\MeghPiFw\MeghPIreports\RunID-21-08-25_17_57_34\screenshot\21-08-2025-060111.png
Deleted: E:\MeghPiFw\MeghPIreports\RunID-21-08-25_17_57_34\screenshot\21-08-2025-060113.png
Deleted: E:\MeghPiFw\MeghPIreports\RunID-21-08-25_17_57_34\screenshot\21-08-2025-060116.png
Deleted: E:\MeghPiFw\MeghPIreports\RunID-21-08-25_17_57_34\screenshot\21-08-2025-060122.png
Deleted: E:\MeghPiFw\MeghPIreports\RunID-21-08-25_17_57_34\screenshot\21-08-2025-060128.png
Deleted: E:\MeghPiFw\MeghPIreports\RunID-21-08-25_17_57_34\screenshot\21-08-2025-060130.png
Deleted: E:\MeghPiFw\MeghPIreports\RunID-21-08-25_17_57_34\screenshot\21-08-2025-060132.png
Deleted: E:\MeghPiFw\MeghPIreports\RunID-21-08-25_17_57_34\screenshot\21-08-2025-060144.png
Launching Driver...
SLF4J(W): No SLF4J providers were found.
SLF4J(W): Defaulting to no-operation (NOP) logger implementation
SLF4J(W): See https://www.slf4j.org/codes.html#noProviders for further details.
Aug 26, 2025 6:04:20 PM org.openqa.selenium.devtools.CdpVersionFinder findNearestMatch
WARNING: Unable to find an exact match for CDP version 139, returning the closest version; found: 137; Please update to a Selenium version that supports CDP version 139
(1386, 788)
Aug 26, 2025 6:04:24 PM base.LogResults createLogs
INFO: PASS -  Application loaded successfully.
Aug 26, 2025 6:04:30 PM base.LogResults createLogs
INFO: PASS -  Company code entered successfully.MAN0
Aug 26, 2025 6:04:33 PM base.LogResults createLogs
INFO: PASS - Clicked On 'Login with Password' successfully.
Aug 26, 2025 6:04:39 PM base.LogResults createLogs
INFO: PASS -  Sign-in section appeared.
Aug 26, 2025 6:04:41 PM base.LogResults createLogs
INFO: PASS -  Email Id entered.pramod.c@mantratec.com
Aug 26, 2025 6:04:43 PM base.LogResults createLogs
INFO: PASS -  Password entered.Pramod@1234
Aug 26, 2025 6:04:46 PM base.LogResults createLogs
INFO: PASS -  Captcha entered.12345
Aug 26, 2025 6:04:48 PM base.LogResults createLogs
INFO: PASS -  Sign-in button clicked.
Aug 26, 2025 6:04:50 PM base.LogResults createLogs
INFO: PASS -  Login validated successfully And Good Text Is Displayed.
Aug 26, 2025 6:04:52 PM base.LogResults createLogs
INFO: PASS - Login Done Successfully: 
Aug 26, 2025 6:04:55 PM base.LogResults createLogs
INFO: PASS -  Attendance Module Clicked Successfully: 
Aug 26, 2025 6:04:57 PM base.LogResults createLogs
INFO: PASS -  Attendance Page Loaded Successfully: 
Aug 26, 2025 6:04:59 PM base.LogResults createLogs
INFO: PASS -  Apply Regularization Button Clicked Successfully: 
Aug 26, 2025 6:05:01 PM base.LogResults createLogs
INFO: PASS -  Apply Regularization For Others Button Clicked Successfully: 
Aug 26, 2025 6:05:04 PM base.LogResults createLogs
INFO: PASS -  Employee Selection DropDown Clicked Successfully: 
Aug 26, 2025 6:05:06 PM base.LogResults createLogs
INFO: PASS -  Employee Name Inputted Successfully: Empthree
Aug 26, 2025 6:05:08 PM base.LogResults createLogs
INFO: PASS -  Employee Name Selected  Successfully: 
Aug 26, 2025 6:05:10 PM base.LogResults createLogs
INFO: PASS -  Regularization FromDate Clicked  Successfully: 
Aug 26, 2025 6:05:16 PM base.LogResults createLogs
INFO: PASS -  Regularization FromDate Inputted  Successfully: 2025-08-06
Aug 26, 2025 6:05:18 PM base.LogResults createLogs
INFO: PASS -  Regularization From Time TextField Clicked  Successfully: 
Aug 26, 2025 6:05:23 PM base.LogResults createLogs
INFO: PASS -  Regularization FromTime Inputted  Successfully: 09:00
Aug 26, 2025 6:05:25 PM base.LogResults createLogs
INFO: PASS -  Regularization ToDate Clicked  Successfully: 
Aug 26, 2025 6:05:31 PM base.LogResults createLogs
INFO: PASS -  Regularization ToDate Inputted  Successfully: 2025-08-06
Aug 26, 2025 6:05:37 PM base.LogResults createLogs
INFO: PASS -  Regularization To Time TextField Clicked  Successfully: 
Aug 26, 2025 6:05:42 PM base.LogResults createLogs
INFO: PASS -  Regularization To Time Inputted  Successfully: 18:00
Aug 26, 2025 6:05:48 PM base.LogResults createLogs
INFO: PASS -  Regularization Type Selected  Successfully: 
Aug 26, 2025 6:05:51 PM base.LogResults createLogs
INFO: PASS -  Regularization Reason Inputted  Successfully: Test
Aug 26, 2025 6:05:53 PM base.LogResults createLogs
INFO: PASS -  Regularization Apply Button Clicked  Successfully: 
Aug 26, 2025 6:05:53 PM base.LogResults onlyLog
INFO: Passed - MeghPIGSAttendanceTest-MPI_637_Normal_Attendance_09-Check the status after the employee raises a regularization request for an absent day and it is approved. 
---------------------------------------------------------------
MeghPIGSAttendanceTestMPI_637_Normal_Attendance_09
Aug 26, 2025 6:05:53 PM base.LogResults onlyLog
INFO: Total Pass : 1 Total Fail : 0  Total TC : 1
---------------------------------------------------------------
Test case took: 92.1678 seconds
Total TC Time: 00:01:32

===============================================
Suite
Total tests run: 1, Passes: 1, Failures: 0, Skips: 0
===============================================

