>> Console logging redirected to data/console.log
Launching Driver...
SLF4J(W): No SLF4J providers were found.
SLF4J(W): Defaulting to no-operation (NOP) logger implementation
SLF4J(W): See https://www.slf4j.org/codes.html#noProviders for further details.
Aug 21, 2025 5:51:57 PM org.openqa.selenium.devtools.CdpVersionFinder findNearestMatch
WARNING: Unable to find an exact match for CDP version 139, returning the closest version; found: 137; Please update to a Selenium version that supports CDP version 139
(1386, 788)
Aug 21, 2025 5:52:01 PM base.LogResults createLogs
INFO: PASS - Application Loaded Successfully: 
Aug 21, 2025 5:52:08 PM base.LogResults createLogs
INFO: PASS - Company Code Entered in Text Box: ADKK
Aug 21, 2025 5:52:10 PM base.LogResults createLogs
INFO: PASS - Login With Password Button Is Clicked: 
Aug 21, 2025 5:52:16 PM base.LogResults createLogs
INFO: PASS - Sign in Text Is Displayed: 
Aug 21, 2025 5:52:18 PM base.LogResults createLogs
INFO: PASS - Username Is Entered In Username Text Field: AutoE210825171640@mailinator.com
Aug 21, 2025 5:52:21 PM base.LogResults createLogs
INFO: PASS - Password Is Entered In Password Text Field: Pramod@1234
Aug 21, 2025 5:52:23 PM base.LogResults createLogs
INFO: PASS - Captcha Entered On Captcha Text Field: 12345
Aug 21, 2025 5:52:25 PM base.LogResults createLogs
INFO: PASS - Clicked On Login Button: 
Aug 21, 2025 5:52:28 PM base.LogResults createLogs
INFO: PASS - Login Done  And Validated Successfully: 
Aug 21, 2025 5:52:30 PM base.LogResults createLogs
INFO: PASS - Login Done Successfully: 
Aug 21, 2025 5:52:37 PM base.LogResults createLogs
INFO: PASS - Directory Button Clicked Successfully: 
Aug 21, 2025 5:52:40 PM base.LogResults createLogs
INFO: PASS - Directory Page Loaded Successfully: 
Aug 21, 2025 5:52:42 PM base.LogResults createLogs
INFO: PASS - Clicked On EmployeeTab Successfully: 
Aug 21, 2025 5:52:45 PM base.LogResults createLogs
INFO: PASS - Directory Page Loaded Successfully: 
Aug 21, 2025 5:52:53 PM base.LogResults createLogs
INFO: PASS - Clicked On TotalCountDropDown Successfully: 
Aug 21, 2025 5:52:55 PM base.LogResults createLogs
INFO: PASS - Clicked On AddNewButton Successfully: 
Aug 21, 2025 5:52:57 PM base.LogResults createLogs
INFO: PASS - Employee Form Loaded Successfully: 
Aug 21, 2025 5:53:05 PM base.LogResults createLogs
INFO: FAIL - Error while Clicking On EmployeeTypeDropdown  : Cannot locate option with text: AutoEN210825171640
For documentation on this error, please visit: https://www.selenium.dev/documentation/webdriver/troubleshooting/errors#no-such-element-exception
Build info: version: '4.28.0', revision: 'ac342546e9'
System info: os.name: 'Windows 10', os.arch: 'amd64', os.version: '10.0', java.version: '17.0.11'
Driver info: driver.version: unknown
Aug 21, 2025 5:53:07 PM base.LogResults createLogs
INFO: PASS - Clicked On ReportingToDropdown Successfully: 
Aug 21, 2025 5:53:11 PM base.LogResults createLogs
INFO: PASS - Clicked On ReportingTo Search Text Field And Input Is Passed: AutoAFN
Aug 21, 2025 5:53:16 PM base.LogResults createLogs
INFO: PASS - Entity Name Selected Successfully: 
Aug 21, 2025 5:53:18 PM base.LogResults createLogs
INFO: PASS - EmployeeID Entered On Employee ID Text Field: AutoEID210825171640
Aug 21, 2025 5:53:23 PM base.LogResults createLogs
INFO: FAIL - Error while Selecting Office Name: Cannot locate option with text: AutoON210825171640
For documentation on this error, please visit: https://www.selenium.dev/documentation/webdriver/troubleshooting/errors#no-such-element-exception
Build info: version: '4.28.0', revision: 'ac342546e9'
System info: os.name: 'Windows 10', os.arch: 'amd64', os.version: '10.0', java.version: '17.0.11'
Driver info: driver.version: unknown
Aug 21, 2025 5:53:25 PM base.LogResults createLogs
INFO: PASS - Employee First Name Entered On Employee FirstName Text Field: AutoEmpHOHKWW
Aug 21, 2025 5:53:28 PM base.LogResults createLogs
INFO: PASS - Employee Last Name Entered On Employee Last Name Text Field: AutoempXSMPI
Aug 21, 2025 5:53:30 PM base.LogResults createLogs
INFO: PASS - Employee Email Entered On Email ID Text Field: AutoE210825171640RRO@mailinator.com
Aug 21, 2025 5:53:32 PM base.LogResults createLogs
INFO: PASS - Employee Phone Number Entered On Phone Number Text Field: 9851418105
Aug 21, 2025 5:53:34 PM base.LogResults createLogs
INFO: PASS - Employee Joining Date  Text Field Is Clicked: 
Aug 21, 2025 5:53:37 PM base.LogResults createLogs
INFO: PASS - Employee Joining Date Entered On Joining Date Text Field: 03-01-2025
Aug 21, 2025 5:53:39 PM base.LogResults createLogs
INFO: PASS - Clicked On AddEmployeeSave Successfully: 
