>> Console logging redirected to data/console.log
Continuing with Existing Master Data due to threshold value:150725-140725-ThreSld->3
Launching Driver...
SLF4J(W): No SLF4J providers were found.
SLF4J(W): Defaulting to no-operation (NOP) logger implementation
SLF4J(W): See https://www.slf4j.org/codes.html#noProviders for further details.
Jul 15, 2025 2:08:19 PM org.openqa.selenium.devtools.CdpVersionFinder findNearestMatch
WARNING: Unable to find an exact match for CDP version 138, returning the closest version; found: 137; Please update to a Selenium version that supports CDP version 138
Screenshot not captured : Cannot invoke "com.aventstack.extentreports.ExtentTest.pass(String)" because "this.extentTest" is null
Jul 15, 2025 2:08:28 PM base.LogResults onlyLog
INFO: Passed - MeghMasterOfficeTest-MPI_161_Office_01-To verify this, create an office and ensure the created office is displayed in the list.
---------------------------------------------------------------
MeghMasterOfficeTestMPI_161_Office_01
Jul 15, 2025 2:08:28 PM base.LogResults onlyLog
INFO: Total Pass : 1 Total Fail : 0  Total TC : 1
---------------------------------------------------------------
Test case took: 1.2582 seconds
Total TC Time: 00:00:01

===============================================
Suite
Total tests run: 1, Passes: 0, Failures: 0, Skips: 1
===============================================

