>> Console logging redirected to data/console.log
Launching Driver...
SLF4J(W): No SLF4J providers were found.
SLF4J(W): Defaulting to no-operation (NOP) logger implementation
SLF4J(W): See https://www.slf4j.org/codes.html#noProviders for further details.
Aug 29, 2025 4:36:23 PM org.openqa.selenium.devtools.CdpVersionFinder findNearestMatch
WARNING: Unable to find an exact match for CDP version 139, returning the closest version; found: 137; Please update to a Selenium version that supports CDP version 139
(1386, 788)
Aug 29, 2025 4:36:27 PM base.LogResults createLogs
INFO: PASS -  Application loaded successfully.
Aug 29, 2025 4:36:33 PM base.LogResults createLogs
INFO: PASS -  Company code entered successfully.MAN0
Aug 29, 2025 4:36:35 PM base.LogResults createLogs
INFO: PASS - Clicked On 'Login with Password' successfully.
Aug 29, 2025 4:36:41 PM base.LogResults createLogs
INFO: PASS -  Sign-in section appeared.
Aug 29, 2025 4:36:44 PM base.LogResults createLogs
INFO: PASS -  Email Id entered.pramod.c@mantratec.com
Aug 29, 2025 4:36:46 PM base.LogResults createLogs
INFO: PASS -  Password entered.Pramod@1234
Aug 29, 2025 4:36:48 PM base.LogResults createLogs
INFO: PASS -  Captcha entered.12345
Aug 29, 2025 4:36:50 PM base.LogResults createLogs
INFO: PASS -  Sign-in button clicked.
Aug 29, 2025 4:36:53 PM base.LogResults createLogs
INFO: PASS -  Login validated successfully And Good Text Is Displayed.
Aug 29, 2025 4:36:55 PM base.LogResults createLogs
INFO: PASS - Login Done Successfully: 
Aug 29, 2025 4:36:57 PM base.LogResults createLogs
INFO: PASS -  Attendance Module Clicked Successfully: 
Aug 29, 2025 4:36:59 PM base.LogResults createLogs
INFO: PASS -  Attendance Page Loaded Successfully: 
Aug 29, 2025 4:37:02 PM base.LogResults createLogs
INFO: PASS -  Apply Regularization Button Clicked Successfully: 
Aug 29, 2025 4:37:04 PM base.LogResults createLogs
INFO: PASS -  Apply Regularization For Others Button Clicked Successfully: 
Aug 29, 2025 4:37:06 PM base.LogResults createLogs
INFO: PASS -  Employee Selection DropDown Clicked Successfully: 
Aug 29, 2025 4:37:08 PM base.LogResults createLogs
INFO: PASS -  Employee Name Inputted Successfully: Emptwentyeight
Aug 29, 2025 4:37:11 PM base.LogResults createLogs
INFO: PASS -  Employee Name Selected  Successfully: 
Aug 29, 2025 4:37:13 PM base.LogResults createLogs
INFO: PASS -  Regularization FromDate Clicked  Successfully: 
Aug 29, 2025 4:37:18 PM base.LogResults createLogs
INFO: PASS -  Regularization FromDate Inputted  Successfully: 2025-07-02
Aug 29, 2025 4:37:20 PM base.LogResults createLogs
INFO: PASS -  Regularization From Time TextField Clicked  Successfully: 
Aug 29, 2025 4:37:26 PM base.LogResults createLogs
INFO: PASS -  Regularization FromTime Inputted  Successfully: 09:00
Aug 29, 2025 4:37:28 PM base.LogResults createLogs
INFO: PASS -  Regularization ToDate Clicked  Successfully: 
Aug 29, 2025 4:37:33 PM base.LogResults createLogs
INFO: PASS -  Regularization ToDate Inputted  Successfully: 2025-07-02
Aug 29, 2025 4:37:39 PM base.LogResults createLogs
INFO: PASS -  Regularization To Time TextField Clicked  Successfully: 
Aug 29, 2025 4:37:45 PM base.LogResults createLogs
INFO: PASS -  Regularization To Time Inputted  Successfully: 14:32
Aug 29, 2025 4:37:51 PM base.LogResults createLogs
INFO: PASS -  Regularization Type Selected  Successfully: 
Aug 29, 2025 4:37:53 PM base.LogResults createLogs
INFO: PASS -  Regularization Reason Inputted  Successfully: Test
Aug 29, 2025 4:37:55 PM base.LogResults createLogs
INFO: PASS -  Regularization Apply Button Clicked  Successfully: 
Aug 29, 2025 4:37:55 PM base.LogResults onlyLog
INFO: Passed - MeghPIGSAttendanceTest-MPI_727_Normal_Attendance_55-Check the status when the employee applies a Half Day Regularization Request 
---------------------------------------------------------------
MeghPIGSAttendanceTestMPI_727_Normal_Attendance_55
Aug 29, 2025 4:37:55 PM base.LogResults onlyLog
INFO: Total Pass : 1 Total Fail : 0  Total TC : 1
---------------------------------------------------------------
Test case took: 92.0492 seconds
Total TC Time: 00:01:32

===============================================
Suite
Total tests run: 1, Passes: 1, Failures: 0, Skips: 0
===============================================

