>> Console logging redirected to data/console.log
Launching Driver...
SLF4J(W): No SLF4J providers were found.
SLF4J(W): Defaulting to no-operation (NOP) logger implementation
SLF4J(W): See https://www.slf4j.org/codes.html#noProviders for further details.
Aug 20, 2025 5:13:34 PM org.openqa.selenium.devtools.CdpVersionFinder findNearestMatch
WARNING: Unable to find an exact match for CDP version 139, returning the closest version; found: 137; Please update to a Selenium version that supports CDP version 139
(1386, 788)
Aug 20, 2025 5:13:38 PM base.LogResults createLogs
INFO: PASS -  Application loaded successfully.
Aug 20, 2025 5:13:45 PM base.LogResults createLogs
INFO: PASS -  Company code entered successfully.ARBX
Aug 20, 2025 5:13:47 PM base.LogResults createLogs
INFO: PASS - Clicked On 'Login with Password' successfully.
Aug 20, 2025 5:13:53 PM base.LogResults createLogs
INFO: PASS -  Sign-in section appeared.
Aug 20, 2025 5:13:55 PM base.LogResults createLogs
INFO: PASS -  Email Id entered.AutoE190825091637@mailinator.com
Aug 20, 2025 5:13:58 PM base.LogResults createLogs
INFO: PASS -  Password entered.Pramod@1234
Aug 20, 2025 5:14:00 PM base.LogResults createLogs
INFO: PASS -  Captcha entered.12345
Aug 20, 2025 5:14:02 PM base.LogResults createLogs
INFO: PASS -  Sign-in button clicked.
Aug 20, 2025 5:14:05 PM base.LogResults createLogs
INFO: PASS -  Login validated successfully And Good Text Is Displayed.
Aug 20, 2025 5:14:07 PM base.LogResults createLogs
INFO: PASS - Login Done Successfully: 
Aug 20, 2025 5:14:14 PM base.LogResults createLogs
INFO: PASS - Directory Button Clicked Successfully: 
Aug 20, 2025 5:14:16 PM base.LogResults createLogs
INFO: PASS - Directory Page Loaded Successfully: 
Aug 20, 2025 5:14:19 PM base.LogResults createLogs
INFO: PASS - Company Tab  Clicked Successfully: 
Aug 20, 2025 5:14:21 PM base.LogResults createLogs
INFO: PASS - Role Button  Clicked Successfully: 
Aug 20, 2025 5:14:23 PM base.LogResults createLogs
INFO: PASS -  Search DropDown  Clicked Successfully: 
Aug 20, 2025 5:14:25 PM base.LogResults createLogs
INFO: PASS -  Status Checkbox  Clicked Successfully: 
Aug 20, 2025 5:14:28 PM base.LogResults createLogs
INFO: PASS -  Search DropDown  Clicked Successfully: 
Aug 20, 2025 5:14:30 PM base.LogResults createLogs
INFO: PASS -  'active' Entered Successfully In Search TextField: active
Aug 20, 2025 5:14:35 PM base.LogResults createLogs
INFO: PASS - Pagination DropDown Clicked Successfully: 
Aug 20, 2025 5:14:42 PM base.LogResults createLogs
INFO: PASS - Role Button  Clicked Successfully: 
Aug 20, 2025 5:14:44 PM base.LogResults createLogs
INFO: PASS - Role Permission Page  Loaded Successfully: 
Aug 20, 2025 5:14:46 PM base.LogResults createLogs
INFO: PASS - Add RolePermission Button  Clicked Successfully: 
org.openqa.selenium.ElementNotInteractableException: element not interactable
  (Session info: chrome=139.0.7258.128)
Build info: version: '4.28.0', revision: 'ac342546e9'
System info: os.name: 'Windows 10', os.arch: 'amd64', os.version: '10.0', java.version: '17.0.11'
Driver info: org.openqa.selenium.chrome.ChromeDriver
Command: [0bf1b80352b613a09a4fa9a9d5a42603, clickElement {id=f.40BB35DF47F47D3F5A30BE84D863D438.d.34A14A5882872D6AE35297D7D86E75A5.e.2440}]
Capabilities {acceptInsecureCerts: true, browserName: chrome, browserVersion: 139.0.7258.128, chrome: {chromedriverVersion: 139.0.7258.138 (884e54ea8d4..., userDataDir: C:\Users\Pramod.C\AppData\L...}, fedcm:accounts: true, goog:chromeOptions: {debuggerAddress: localhost:50800}, networkConnectionEnabled: false, pageLoadStrategy: none, platformName: windows, proxy: Proxy(), se:cdp: ws://localhost:50800/devtoo..., se:cdpVersion: 139.0.7258.128, setWindowRect: true, strictFileInteractability: false, timeouts: {implicit: 0, pageLoad: 300000, script: 30000}, unhandledPromptBehavior: dismiss and notify, webauthn:extension:credBlob: true, webauthn:extension:largeBlob: true, webauthn:extension:minPinLength: true, webauthn:extension:prf: true, webauthn:virtualAuthenticators: true}
Element: [[ChromeDriver: chrome on windows (0bf1b80352b613a09a4fa9a9d5a42603)] -> xpath: (//button[@id='btnHeaderFilter'])[2]]
Session ID: 0bf1b80352b613a09a4fa9a9d5a42603
	at java.base/jdk.internal.reflect.NativeConstructorAccessorImpl.newInstance0(Native Method)
	at java.base/jdk.internal.reflect.NativeConstructorAccessorImpl.newInstance(NativeConstructorAccessorImpl.java:77)
	at java.base/jdk.internal.reflect.DelegatingConstructorAccessorImpl.newInstance(DelegatingConstructorAccessorImpl.java:45)
	at java.base/java.lang.reflect.Constructor.newInstanceWithCaller(Constructor.java:499)
	at java.base/java.lang.reflect.Constructor.newInstance(Constructor.java:480)
	at org.openqa.selenium.remote.ErrorCodec.decode(ErrorCodec.java:167)
	at org.openqa.selenium.remote.codec.w3c.W3CHttpResponseCodec.decode(W3CHttpResponseCodec.java:138)
	at org.openqa.selenium.remote.codec.w3c.W3CHttpResponseCodec.decode(W3CHttpResponseCodec.java:50)
	at org.openqa.selenium.remote.HttpCommandExecutor.execute(HttpCommandExecutor.java:215)
	at org.openqa.selenium.remote.service.DriverCommandExecutor.invokeExecute(DriverCommandExecutor.java:216)
	at org.openqa.selenium.remote.service.DriverCommandExecutor.execute(DriverCommandExecutor.java:174)
	at org.openqa.selenium.remote.RemoteWebDriver.execute(RemoteWebDriver.java:545)
	at org.openqa.selenium.remote.RemoteWebElement.execute(RemoteWebElement.java:223)
	at org.openqa.selenium.remote.RemoteWebElement.click(RemoteWebElement.java:76)
	at java.base/jdk.internal.reflect.NativeMethodAccessorImpl.invoke0(Native Method)
	at java.base/jdk.internal.reflect.NativeMethodAccessorImpl.invoke(NativeMethodAccessorImpl.java:77)
	at java.base/jdk.internal.reflect.DelegatingMethodAccessorImpl.invoke(DelegatingMethodAccessorImpl.java:43)
	at java.base/java.lang.reflect.Method.invoke(Method.java:568)
	at org.openqa.selenium.support.pagefactory.internal.LocatingElementHandler.invoke(LocatingElementHandler.java:51)
	at jdk.proxy2/jdk.proxy2.$Proxy23.click(Unknown Source)
	at com.MeghPI.Attendance.pages.MeghMasterRolePermissionPage.getRoleRecordsss(MeghMasterRolePermissionPage.java:551)
	at com.MeghPI.Attendance.pages.MeghMasterRolePermissionPage.Comparision(MeghMasterRolePermissionPage.java:595)
	at com.MeghPI.Attendance.tests.MeghMasterRolePermissionTest.MPI_265_RolePermission_01(MeghMasterRolePermissionTest.java:188)
	at java.base/jdk.internal.reflect.NativeMethodAccessorImpl.invoke0(Native Method)
	at java.base/jdk.internal.reflect.NativeMethodAccessorImpl.invoke(NativeMethodAccessorImpl.java:77)
	at java.base/jdk.internal.reflect.DelegatingMethodAccessorImpl.invoke(DelegatingMethodAccessorImpl.java:43)
	at java.base/java.lang.reflect.Method.invoke(Method.java:568)
	at org.testng.internal.MethodInvocationHelper.invokeMethod(MethodInvocationHelper.java:133)
	at org.testng.internal.TestInvoker.invokeMethod(TestInvoker.java:598)
	at org.testng.internal.TestInvoker.invokeTestMethod(TestInvoker.java:173)
	at org.testng.internal.MethodRunner.runInSequence(MethodRunner.java:46)
	at org.testng.internal.TestInvoker$MethodInvocationAgent.invoke(TestInvoker.java:824)
	at org.testng.internal.TestInvoker.invokeTestMethods(TestInvoker.java:146)
	at org.testng.internal.TestMethodWorker.invokeTestMethods(TestMethodWorker.java:146)
	at org.testng.internal.TestMethodWorker.run(TestMethodWorker.java:128)
	at java.base/java.util.ArrayList.forEach(ArrayList.java:1511)
	at org.testng.TestRunner.privateRun(TestRunner.java:794)
	at org.testng.TestRunner.run(TestRunner.java:596)
	at org.testng.SuiteRunner.runTest(SuiteRunner.java:377)
	at org.testng.SuiteRunner.runSequentially(SuiteRunner.java:371)
	at org.testng.SuiteRunner.privateRun(SuiteRunner.java:332)
	at org.testng.SuiteRunner.run(SuiteRunner.java:276)
	at org.testng.SuiteRunnerWorker.runSuite(SuiteRunnerWorker.java:53)
	at org.testng.SuiteRunnerWorker.run(SuiteRunnerWorker.java:96)
	at org.testng.TestNG.runSuitesSequentially(TestNG.java:1212)
	at org.testng.TestNG.runSuitesLocally(TestNG.java:1134)
	at org.testng.TestNG.runSuites(TestNG.java:1063)
	at org.testng.TestNG.run(TestNG.java:1031)
	at org.testng.remote.AbstractRemoteTestNG.run(AbstractRemoteTestNG.java:115)
	at org.testng.remote.RemoteTestNG.initAndRun(RemoteTestNG.java:293)
	at org.testng.remote.RemoteTestNG.main(RemoteTestNG.java:91)
Aug 20, 2025 5:14:52 PM base.LogResults createLogs
INFO: FAIL - Error while Mapping The Active Roles : null
Aug 20, 2025 5:14:52 PM base.LogResults onlyLog
INFO: Failed - MeghMasterRolePermissionTest-MPI_265_RolePermission_01-Check whether all active roles are displayed in the "Select Role" dropdown during the "Add Role Permission" process.
---------------------------------------------------------------
MeghMasterRolePermissionTestMPI_265_RolePermission_01
Aug 20, 2025 5:14:52 PM base.LogResults onlyLog
INFO: Total Pass : 0 Total Fail : 1  Total TC : 1
---------------------------------------------------------------
Test case took: 77.3931 seconds
Total TC Time: 00:01:17

===============================================
Suite
Total tests run: 1, Passes: 1, Failures: 0, Skips: 0
===============================================

