>> Console logging redirected to data/console.log
Launching Driver...
SLF4J(W): No SLF4J providers were found.
SLF4J(W): Defaulting to no-operation (NOP) logger implementation
SLF4J(W): See https://www.slf4j.org/codes.html#noProviders for further details.
Aug 20, 2025 5:19:57 PM org.openqa.selenium.devtools.CdpVersionFinder findNearestMatch
WARNING: Unable to find an exact match for CDP version 139, returning the closest version; found: 137; Please update to a Selenium version that supports CDP version 139
(1386, 788)
Aug 20, 2025 5:20:01 PM base.LogResults createLogs
INFO: PASS -  Application loaded successfully.
Aug 20, 2025 5:20:07 PM base.LogResults createLogs
INFO: PASS -  Company code entered successfully.ARBX
Aug 20, 2025 5:20:09 PM base.LogResults createLogs
INFO: PASS - Clicked On 'Login with Password' successfully.
Aug 20, 2025 5:20:16 PM base.LogResults createLogs
INFO: PASS -  Sign-in section appeared.
Aug 20, 2025 5:20:18 PM base.LogResults createLogs
INFO: PASS -  Email Id entered.AutoE190825091637@mailinator.com
Aug 20, 2025 5:20:20 PM base.LogResults createLogs
INFO: PASS -  Password entered.Pramod@1234
Aug 20, 2025 5:20:22 PM base.LogResults createLogs
INFO: PASS -  Captcha entered.12345
Aug 20, 2025 5:20:25 PM base.LogResults createLogs
INFO: PASS -  Sign-in button clicked.
Aug 20, 2025 5:20:27 PM base.LogResults createLogs
INFO: PASS -  Login validated successfully And Good Text Is Displayed.
Aug 20, 2025 5:20:29 PM base.LogResults createLogs
INFO: PASS - Login Done Successfully: 
Aug 20, 2025 5:20:36 PM base.LogResults createLogs
INFO: PASS - Directory Button Clicked Successfully: 
Aug 20, 2025 5:20:39 PM base.LogResults createLogs
INFO: PASS - Directory Page Loaded Successfully: 
Aug 20, 2025 5:20:41 PM base.LogResults createLogs
INFO: PASS - Company Tab  Clicked Successfully: 
Aug 20, 2025 5:20:43 PM base.LogResults createLogs
INFO: PASS - Role Button  Clicked Successfully: 
Aug 20, 2025 5:20:45 PM base.LogResults createLogs
INFO: PASS - Role Permission Page  Loaded Successfully: 
Aug 20, 2025 5:20:48 PM base.LogResults createLogs
INFO: PASS - Add RolePermission Button  Clicked Successfully: 
role records output
permission output
Module Role List: [Admin, AutoRN190825091637, AutoRNDSSMRHE, Employee, HR Head, HR Manager, Manager, Owner]
Permission Role List: [HR Head, HR Manager, Admin, Owner, Manager, Employee, AutoRN190825091637, AutoRNDSSMRHE]
All role records matched successfully.
Aug 20, 2025 5:21:08 PM base.LogResults createLogs
INFO: PASS - All The Active Roles Are Displayed Successfully: 
Aug 20, 2025 5:21:08 PM base.LogResults onlyLog
INFO: Passed - MeghMasterRolePermissionTest-MPI_265_RolePermission_01-Check whether all active roles are displayed in the "Select Role" dropdown during the "Add Role Permission" process.
---------------------------------------------------------------
MeghMasterRolePermissionTestMPI_265_RolePermission_01
Aug 20, 2025 5:21:08 PM base.LogResults onlyLog
INFO: Total Pass : 1 Total Fail : 0  Total TC : 1
---------------------------------------------------------------
Test case took: 70.3829 seconds
Total TC Time: 00:01:10

===============================================
Suite
Total tests run: 1, Passes: 1, Failures: 0, Skips: 0
===============================================

