>> Console logging redirected to data/console.log
Launching Driver...
SLF4J(W): No SLF4J providers were found.
SLF4J(W): Defaulting to no-operation (NOP) logger implementation
SLF4J(W): See https://www.slf4j.org/codes.html#noProviders for further details.
Launching Driver...
Launching Driver...
Launching Driver...
Launching Driver...
Launching Driver...
Launching Driver...
Launching Driver...
Launching Driver...
Launching Driver...
No Logs found to Generate Report.

===============================================
Suite
Total tests run: 10, Passes: 0, Failures: 0, Skips: 10
Configuration Failures: 10, Skips: 0
===============================================

