>> Console logging redirected to data/console.log
Continuing with Existing Master Data due to threshold value:160725-150725-ThreSld->3
Launching Driver...
SLF4J(W): No SLF4J providers were found.
SLF4J(W): Defaulting to no-operation (NOP) logger implementation
SLF4J(W): See https://www.slf4j.org/codes.html#noProviders for further details.
Jul 16, 2025 4:42:26 PM org.openqa.selenium.devtools.CdpVersionFinder findNearestMatch
WARNING: Unable to find an exact match for CDP version 138, returning the closest version; found: 137; Please update to a Selenium version that supports CDP version 138
Error Index 1 out of bounds for length 1
Jul 16, 2025 4:42:28 PM base.LogResults createLogs
INFO: PASS - Step 1: Application loaded successfully.
Jul 16, 2025 4:42:32 PM base.LogResults createLogs
INFO: PASS - Step 2: Company code entered successfully.AZPK
Jul 16, 2025 4:42:32 PM base.LogResults createLogs
INFO: PASS - Step 3: Clicked 'Login with Password' successfully.
Jul 16, 2025 4:42:37 PM base.LogResults createLogs
INFO: PASS - Step 4: Sign-in section appeared.
Jul 16, 2025 4:42:37 PM base.LogResults createLogs
INFO: PASS - Step 5: Username entered.AutoE150725091521@mailinator.com
Jul 16, 2025 4:42:37 PM base.LogResults createLogs
INFO: PASS - Step 6: Password entered.Pramod@1234
Jul 16, 2025 4:42:37 PM base.LogResults createLogs
INFO: PASS - Step 7: Captcha entered.12345
Jul 16, 2025 4:42:38 PM base.LogResults createLogs
INFO: PASS - Step 8: Sign-in button clicked.
Jul 16, 2025 4:42:41 PM base.LogResults createLogs
INFO: PASS - Step 9: Login validated successfully.
Jul 16, 2025 4:42:41 PM base.LogResults createLogs
INFO: PASS - Login Done Successfully: 
Jul 16, 2025 4:42:44 PM base.LogResults createLogs
INFO: PASS - FileButton Clicked Successfully: 
Jul 16, 2025 4:42:46 PM base.LogResults createLogs
INFO: PASS - UploadFile Clicked Successfully: 
Jul 16, 2025 4:42:58 PM base.LogResults createLogs
INFO: PASS - File Selected Successfully: ./data/Files/TestFile1.pdf
Jul 16, 2025 4:43:04 PM base.LogResults createLogs
INFO: PASS - Company FileTag Selected Successfully: Appraisal 
Jul 16, 2025 4:43:04 PM base.LogResults createLogs
INFO: PASS - Date Selected Successfully: 
Jul 16, 2025 4:43:07 PM base.LogResults createLogs
INFO: PASS - Date Selected Successfully: 07-16-2025
Jul 16, 2025 4:43:07 PM base.LogResults createLogs
INFO: PASS - Upload FileSave Button Clicked Successfully: 
Jul 16, 2025 4:43:11 PM base.LogResults createLogs
INFO: FAIL - Error While Clicking On UploadFile Button: element click intercepted: Element <button style="background:none;" class="btn d-flex align-items-center py-0" id="btnAddEmployeeFiles" data-bs-target="#phEmployeeFilesEditor" data-bs-toggle="modal" data-id="1276" data-name="AutoFNLGOYKK AutoLNVXLJV" onclick="mpSystem.admin.employeeFiles.bindEmployeeName(this)">...</button> is not clickable at point (1111, 271). Other element would receive the click: <form id="frmEmployeeFiles">...</form>
  (Session info: chrome=138.0.7204.101)
Build info: version: '4.34.0', revision: '707dcb4246*'
System info: os.name: 'Windows 10', os.arch: 'amd64', os.version: '10.0', java.version: '17.0.11'
Driver info: org.openqa.selenium.chrome.ChromeDriver
Command: [51596d7ae53edfb13545fd99daf5ae01, clickElement {id=f.8DEAF94406B63FE13E30BFFBBA146663.d.DA721A4720B3246FE1C60BA8939CA350.e.618}]
Capabilities {acceptInsecureCerts: true, browserName: chrome, browserVersion: 138.0.7204.101, chrome: {chromedriverVersion: 138.0.7204.157 (e533e98b126..., userDataDir: C:\Users\Pramod.C\AppData\L...}, fedcm:accounts: true, goog:chromeOptions: {debuggerAddress: localhost:59970}, networkConnectionEnabled: false, pageLoadStrategy: none, platformName: windows, proxy: Proxy(), se:cdp: ws://localhost:59970/devtoo..., se:cdpVersion: 138.0.7204.101, setWindowRect: true, strictFileInteractability: false, timeouts: {implicit: 0, pageLoad: 300000, script: 30000}, unhandledPromptBehavior: dismiss and notify, webauthn:extension:credBlob: true, webauthn:extension:largeBlob: true, webauthn:extension:minPinLength: true, webauthn:extension:prf: true, webauthn:virtualAuthenticators: true}
Element: [[ChromeDriver: chrome on windows (51596d7ae53edfb13545fd99daf5ae01)] -> xpath: (//button[@id='btnAddEmployeeFiles'])[2]]
Session ID: 51596d7ae53edfb13545fd99daf5ae01
Jul 16, 2025 4:43:23 PM base.LogResults createLogs
INFO: PASS - File Selected Successfully: ./data/Files/TestFile1.pdf
Jul 16, 2025 4:43:28 PM base.LogResults createLogs
INFO: PASS - Company FileTag Selected Successfully: Educational
Jul 16, 2025 4:43:28 PM base.LogResults createLogs
INFO: PASS - Date TextField Is Clicked Successfully: 
