>> Console logging redirected to data/console.log
Continuing with Existing Master Data due to threshold value:070825-070825-ThreSld->3
Launching Driver...
SLF4J(W): No SLF4J providers were found.
SLF4J(W): Defaulting to no-operation (NOP) logger implementation
SLF4J(W): See https://www.slf4j.org/codes.html#noProviders for further details.
Aug 07, 2025 12:20:39 PM org.openqa.selenium.devtools.CdpVersionFinder findNearestMatch
WARNING: Unable to find an exact match for CDP version 138, returning the closest version; found: 137; Please update to a Selenium version that supports CDP version 138
Error Index 1 out of bounds for length 1
Aug 07, 2025 12:20:41 PM base.LogResults createLogs
INFO: PASS -  Application loaded successfully.
Aug 07, 2025 12:20:45 PM base.LogResults createLogs
INFO: PASS -  Company code entered successfully.ANHZ
Aug 07, 2025 12:20:45 PM base.LogResults createLogs
INFO: PASS - Clicked On 'Login with Password' successfully.
Aug 07, 2025 12:20:49 PM base.LogResults createLogs
INFO: PASS -  Sign-in section appeared.
Aug 07, 2025 12:20:50 PM base.LogResults createLogs
INFO: PASS -  Email Id entered.AutoE070825091624@mailinator.com
Aug 07, 2025 12:20:50 PM base.LogResults createLogs
INFO: PASS -  Password entered.Pramod@1234
Aug 07, 2025 12:20:50 PM base.LogResults createLogs
INFO: PASS -  Captcha entered.12345
Aug 07, 2025 12:20:50 PM base.LogResults createLogs
INFO: PASS -  Sign-in button clicked.
Aug 07, 2025 12:20:53 PM base.LogResults createLogs
INFO: PASS -  Login validated successfully And Good Text Is Displayed.
Aug 07, 2025 12:20:53 PM base.LogResults createLogs
INFO: PASS - Login Done Successfully: 
Aug 07, 2025 12:20:57 PM base.LogResults createLogs
INFO: PASS - PolicyIcon Clicked Successfully: 
Aug 07, 2025 12:20:57 PM base.LogResults createLogs
INFO: PASS - PolicyMaster Loaded Successfully: 
Aug 07, 2025 12:20:58 PM base.LogResults createLogs
INFO: PASS - AttendancePolicy Clicked Successfully : 
Aug 07, 2025 12:20:59 PM base.LogResults createLogs
INFO: PASS - AttendancePolicy Page Loaded Successfully : 
Aug 07, 2025 12:20:59 PM base.LogResults createLogs
INFO: PASS - AddAttendancePolicyButton Clicked Successfully : 
Aug 07, 2025 12:21:00 PM base.LogResults createLogs
INFO: PASS - AttendancePolicy Name Entered Successfully : AutoAPN070825091624ABI
Aug 07, 2025 12:21:00 PM base.LogResults createLogs
INFO: PASS - WebPunchButton Button Successfully : 
Aug 07, 2025 12:21:00 PM base.LogResults createLogs
INFO: PASS - EnableGracePeriod Button  Successfully : 
Aug 07, 2025 12:21:01 PM base.LogResults createLogs
INFO: PASS - EarlyClockOut CheckBox Clicked  Successfully : 
Aug 07, 2025 12:21:02 PM base.LogResults createLogs
INFO: PASS - Clicked On GraceHours  Successfully : 
Aug 07, 2025 12:21:05 PM base.LogResults createLogs
INFO: PASS -  GraceHours Inputted  Successfully : 1:00
Aug 07, 2025 12:21:05 PM base.LogResults createLogs
INFO: PASS - Clicked On GraceTimeApply Button  Successfully : 
Aug 07, 2025 12:21:05 PM base.LogResults createLogs
INFO: PASS - EnableGracePeriod CheckBox Clicked  Successfully : 
Aug 07, 2025 12:21:06 PM base.LogResults createLogs
INFO: PASS - RegulationRequest CheckBox Clicked  Successfully : 
Aug 07, 2025 12:21:06 PM base.LogResults createLogs
INFO: PASS - AddEmpCriteria Button Successfully : 
Aug 07, 2025 12:21:10 PM base.LogResults createLogs
INFO: PASS - Office Name Selected  Successfully : AutoON070825091624
Aug 07, 2025 12:21:27 PM base.LogResults createLogs
INFO: FAIL - Error while Selecting Dept : Exception while selecting department 'AutoDN070825091624': Expected condition failed: waiting for com.MeghPI.Attendance.pages.MeghAttendancePolicyPage$$Lambda$900/0x000001693d4f2d30@d0fabc8 (tried for 15 second(s) with 500 milliseconds interval)
Build info: version: '4.34.0', revision: '707dcb4246*'
System info: os.name: 'Windows 10', os.arch: 'amd64', os.version: '10.0', java.version: '17.0.11'
Driver info: org.openqa.selenium.chrome.ChromeDriver
Capabilities {acceptInsecureCerts: true, browserName: chrome, browserVersion: 138.0.7204.184, chrome: {chromedriverVersion: 138.0.7204.183 (e90faf484dd..., userDataDir: C:\Users\Pramod.C\AppData\L...}, fedcm:accounts: true, goog:chromeOptions: {debuggerAddress: localhost:65168}, networkConnectionEnabled: false, pageLoadStrategy: none, platformName: windows, proxy: Proxy(), se:cdp: ws://localhost:65168/devtoo..., se:cdpVersion: 138.0.7204.184, setWindowRect: true, strictFileInteractability: false, timeouts: {implicit: 0, pageLoad: 300000, script: 30000}, unhandledPromptBehavior: dismiss and notify, webauthn:extension:credBlob: true, webauthn:extension:largeBlob: true, webauthn:extension:minPinLength: true, webauthn:extension:prf: true, webauthn:virtualAuthenticators: true}
Session ID: 1d008d3c50a0066eb6bb05d024f7669c
