>> Console logging redirected to data/console.log
Continuing with Existing Master Data due to threshold value:140725-140725-ThreSld->3
Launching Driver...
SLF4J(W): No SLF4J providers were found.
SLF4J(W): Defaulting to no-operation (NOP) logger implementation
SLF4J(W): See https://www.slf4j.org/codes.html#noProviders for further details.
Jul 14, 2025 1:54:00 PM org.openqa.selenium.devtools.CdpVersionFinder findNearestMatch
WARNING: Unable to find an exact match for CDP version 138, returning the closest version; found: 137; Please update to a Selenium version that supports CDP version 138
Jul 14, 2025 1:54:02 PM base.LogResults createLogs
INFO: PASS - Application Loaded Successfully: 
Jul 14, 2025 1:54:06 PM base.LogResults createLogs
INFO: PASS - Company Code Entered in Text Box: AGIB
Jul 14, 2025 1:54:07 PM base.LogResults createLogs
INFO: PASS - Login With Password Button Is Clicked: 
Jul 14, 2025 1:54:11 PM base.LogResults createLogs
INFO: PASS - Sign in Text Is Displayed: 
Jul 14, 2025 1:54:11 PM base.LogResults createLogs
INFO: PASS - Username Is Entered In Username Text Field: AutoE140725101157@mailinator.com
Jul 14, 2025 1:54:11 PM base.LogResults createLogs
INFO: PASS - Password Is Entered In Password Text Field: Pramod@1234
Jul 14, 2025 1:54:11 PM base.LogResults createLogs
INFO: PASS - Captcha Entered On Captcha Text Field: 12345
Jul 14, 2025 1:54:11 PM base.LogResults createLogs
INFO: PASS - Clicked On Login Button: 
Jul 14, 2025 1:54:14 PM base.LogResults createLogs
INFO: PASS - login Validated Successfully: 
Jul 14, 2025 1:54:18 PM base.LogResults createLogs
INFO: PASS - PolicyIcon Clicked Successfully: 
Jul 14, 2025 1:54:18 PM base.LogResults createLogs
INFO: PASS - PolicyMaster Loaded Successfully: 
Jul 14, 2025 1:54:19 PM base.LogResults createLogs
INFO: PASS - AttendancePolicy Clicked Successfully : 
Jul 14, 2025 1:54:20 PM base.LogResults createLogs
INFO: PASS - AttendancePolicy Page Loaded Successfully : 
Jul 14, 2025 1:54:20 PM base.LogResults createLogs
INFO: PASS - AddAttendancePolicyButton Clicked Successfully : 
Jul 14, 2025 1:54:21 PM base.LogResults createLogs
INFO: PASS - AddAttendancePolicyText Displayed Successfully : 
Jul 14, 2025 1:54:21 PM base.LogResults onlyLog
INFO: Passed - MeghAttendancePolicyTest-MPI_434_Attendance_Policy_01-To verify this, click on "add policy" button and ensure "add attendance policy" form is displayed
---------------------------------------------------------------
MeghAttendancePolicyTestMPI_434_Attendance_Policy_01
Jul 14, 2025 1:54:21 PM base.LogResults onlyLog
INFO: Total Pass : 1 Total Fail : 0  Total TC : 1
---------------------------------------------------------------
Test case took: 20.0577 seconds
Total TC Time: 00:00:20

===============================================
Suite
Total tests run: 1, Passes: 1, Failures: 0, Skips: 0
===============================================

