>> Console logging redirected to data/console.log
Launching Driver...
SLF4J(W): No SLF4J providers were found.
SLF4J(W): Defaulting to no-operation (NOP) logger implementation
SLF4J(W): See https://www.slf4j.org/codes.html#noProviders for further details.
Aug 25, 2025 1:49:57 PM org.openqa.selenium.devtools.CdpVersionFinder findNearestMatch
WARNING: Unable to find an exact match for CDP version 139, returning the closest version; found: 137; Please update to a Selenium version that supports CDP version 139
(1386, 788)
Aug 25, 2025 1:50:05 PM base.LogResults createLogs
INFO: PASS -  Application loaded successfully.
Aug 25, 2025 1:50:11 PM base.LogResults createLogs
INFO: PASS -  Company code entered successfully.AEWK
Aug 25, 2025 1:50:14 PM base.LogResults createLogs
INFO: PASS - Clicked On 'Login with Password' successfully.
Aug 25, 2025 1:50:20 PM base.LogResults createLogs
INFO: PASS -  Sign-in section appeared.
Aug 25, 2025 1:50:22 PM base.LogResults createLogs
INFO: PASS -  Email Id entered.AutoE250825101437@mailinator.com
Aug 25, 2025 1:50:24 PM base.LogResults createLogs
INFO: PASS -  Password entered.Pramod@1234
Aug 25, 2025 1:50:27 PM base.LogResults createLogs
INFO: PASS -  Captcha entered.12345
Aug 25, 2025 1:50:29 PM base.LogResults createLogs
INFO: PASS -  Sign-in button clicked.
Aug 25, 2025 1:50:46 PM base.LogResults createLogs
INFO: PASS -  Login validated successfully And Good Text Is Displayed.
Aug 25, 2025 1:50:49 PM base.LogResults createLogs
INFO: PASS - Login Done Successfully: 
Aug 25, 2025 1:50:51 PM base.LogResults createLogs
INFO: PASS - Leave Button Clicked Successfully Of HR Account: 
Aug 25, 2025 1:50:55 PM base.LogResults createLogs
INFO: PASS -  EmpLeaveRequestsTab Clicked Successfully Of HR Account: 
Aug 25, 2025 1:51:00 PM base.LogResults createLogs
INFO: PASS - Clicked On SearchDropDown Successfully: 
Aug 25, 2025 1:51:07 PM base.LogResults createLogs
INFO: PASS -  Emp Id  Option Selected  Successfully : 
Aug 25, 2025 1:51:14 PM base.LogResults createLogs
INFO: PASS - Reason CheckBox  Option Selected  Successfully : 
Aug 25, 2025 1:51:16 PM base.LogResults createLogs
INFO: PASS - Clicked On SearchDropDown Successfully: 
Aug 25, 2025 1:51:25 PM base.LogResults createLogs
INFO: PASS -  Leave Name Inputted  Successfully : autoEIDYNULDF
Aug 25, 2025 1:51:27 PM base.LogResults createLogs
INFO: PASS -  Based On Emp Id Search Result Displayed  Successfully : autoEIDYNULDF
Aug 25, 2025 1:51:35 PM base.LogResults createLogs
INFO: PASS -  Leave Reason Inputted  Successfully : 
Aug 25, 2025 1:51:38 PM base.LogResults createLogs
INFO: PASS -  Based On Leave Reason Search Result Displayed  Successfully : 
Aug 25, 2025 1:51:38 PM base.LogResults onlyLog
INFO: Passed - MeghLeaveTest-MPI_599_Leave_01-To verify this, check the functionality of search feature by inputting employee id, last name and first name
---------------------------------------------------------------
MeghLeaveTestMPI_599_Leave_01
Aug 25, 2025 1:51:38 PM base.LogResults onlyLog
INFO: Total Pass : 1 Total Fail : 0  Total TC : 1
---------------------------------------------------------------
Test case took: 95.7382 seconds
Total TC Time: 00:01:35

===============================================
Suite
Total tests run: 1, Passes: 1, Failures: 0, Skips: 0
===============================================

