>> Console logging redirected to data/console.log
Deleted: E:\MeghPiFw\MeghPIreports\RunID-28-08-25_10_30_00\AllReports.html
Deleted: E:\MeghPiFw\MeghPIreports\RunID-28-08-25_10_30_00\chromeMeghPIGSAttendanceTest-Logs.txt
Deleted: E:\MeghPiFw\MeghPIreports\RunID-28-08-25_10_30_00\chromeMeghPIGSAttendanceTest.html
Deleted: E:\MeghPiFw\MeghPIreports\RunID-28-08-25_10_30_00\Dashboard.html
Deleted: E:\MeghPiFw\MeghPIreports\RunID-28-08-25_10_32_37\AllReports.html
Deleted: E:\MeghPiFw\MeghPIreports\RunID-28-08-25_10_32_37\chromeMeghPIGSAttendanceTest-Logs.txt
Deleted: E:\MeghPiFw\MeghPIreports\RunID-28-08-25_10_32_37\chromeMeghPIGSAttendanceTest.html
Deleted: E:\MeghPiFw\MeghPIreports\RunID-28-08-25_10_32_37\Dashboard.html
Deleted: E:\MeghPiFw\MeghPIreports\RunID-28-08-25_10_32_37\screenshot\28-08-2025-103248.png
Deleted: E:\MeghPiFw\MeghPIreports\RunID-28-08-25_10_50_16\AllReports.html
Deleted: E:\MeghPiFw\MeghPIreports\RunID-28-08-25_10_50_16\chromeMeghPIGSAttendanceTest-Logs.txt
Deleted: E:\MeghPiFw\MeghPIreports\RunID-28-08-25_10_50_16\chromeMeghPIGSAttendanceTest.html
Deleted: E:\MeghPiFw\MeghPIreports\RunID-28-08-25_10_50_16\Dashboard.html
Deleted: E:\MeghPiFw\MeghPIreports\RunID-28-08-25_10_50_16\screenshot\28-08-2025-105021.png
Deleted: E:\MeghPiFw\MeghPIreports\RunID-28-08-25_10_50_16\screenshot\28-08-2025-105023.png
Deleted: E:\MeghPiFw\MeghPIreports\RunID-28-08-25_11_01_06\AllReports.html
Deleted: E:\MeghPiFw\MeghPIreports\RunID-28-08-25_11_01_06\chromeMeghPIGSAttendanceTest-Logs.txt
Deleted: E:\MeghPiFw\MeghPIreports\RunID-28-08-25_11_01_06\chromeMeghPIGSAttendanceTest.html
Deleted: E:\MeghPiFw\MeghPIreports\RunID-28-08-25_11_01_06\Dashboard.html
Deleted: E:\MeghPiFw\MeghPIreports\RunID-28-08-25_11_01_06\screenshot\28-08-2025-110112.png
Deleted: E:\MeghPiFw\MeghPIreports\RunID-28-08-25_11_01_06\screenshot\28-08-2025-110115.png
Deleted: E:\MeghPiFw\MeghPIreports\RunID-28-08-25_11_01_06\screenshot\28-08-2025-110120.png
Deleted: E:\MeghPiFw\MeghPIreports\RunID-28-08-25_11_01_06\screenshot\28-08-2025-110123.png
Deleted: E:\MeghPiFw\MeghPIreports\RunID-28-08-25_11_17_24\AllReports.html
Deleted: E:\MeghPiFw\MeghPIreports\RunID-28-08-25_11_17_24\chromeMeghPIGSAttendanceTest-Logs.txt
Deleted: E:\MeghPiFw\MeghPIreports\RunID-28-08-25_11_17_24\chromeMeghPIGSAttendanceTest.html
Deleted: E:\MeghPiFw\MeghPIreports\RunID-28-08-25_11_17_24\Dashboard.html
Deleted: E:\MeghPiFw\MeghPIreports\RunID-28-08-25_11_17_24\screenshot\28-08-2025-111728.png
Deleted: E:\MeghPiFw\MeghPIreports\RunID-28-08-25_11_17_24\screenshot\28-08-2025-111731.png
Deleted: E:\MeghPiFw\MeghPIreports\RunID-28-08-25_11_20_47\AllReports.html
Deleted: E:\MeghPiFw\MeghPIreports\RunID-28-08-25_11_20_47\chromeMeghPIGSAttendanceTest-Logs.txt
Deleted: E:\MeghPiFw\MeghPIreports\RunID-28-08-25_11_20_47\chromeMeghPIGSAttendanceTest.html
Deleted: E:\MeghPiFw\MeghPIreports\RunID-28-08-25_11_20_47\Dashboard.html
Deleted: E:\MeghPiFw\MeghPIreports\RunID-28-08-25_11_20_47\screenshot\28-08-2025-112051.png
Deleted: E:\MeghPiFw\MeghPIreports\RunID-28-08-25_11_20_47\screenshot\28-08-2025-112054.png
Deleted: E:\MeghPiFw\MeghPIreports\RunID-28-08-25_11_27_40\AllReports.html
Deleted: E:\MeghPiFw\MeghPIreports\RunID-28-08-25_11_27_40\chromeMeghPIGSAttendanceTest-Logs.txt
Deleted: E:\MeghPiFw\MeghPIreports\RunID-28-08-25_11_27_40\chromeMeghPIGSAttendanceTest.html
Deleted: E:\MeghPiFw\MeghPIreports\RunID-28-08-25_11_27_40\Dashboard.html
Deleted: E:\MeghPiFw\MeghPIreports\RunID-28-08-25_11_27_40\screenshot\28-08-2025-112746.png
Deleted: E:\MeghPiFw\MeghPIreports\RunID-28-08-25_11_27_40\screenshot\28-08-2025-112749.png
Deleted: E:\MeghPiFw\MeghPIreports\RunID-28-08-25_11_31_58\AllReports.html
Deleted: E:\MeghPiFw\MeghPIreports\RunID-28-08-25_11_31_58\chromeMeghPIGSAttendanceTest-Logs.txt
Deleted: E:\MeghPiFw\MeghPIreports\RunID-28-08-25_11_31_58\chromeMeghPIGSAttendanceTest.html
Deleted: E:\MeghPiFw\MeghPIreports\RunID-28-08-25_11_31_58\Dashboard.html
Deleted: E:\MeghPiFw\MeghPIreports\RunID-28-08-25_11_31_58\screenshot\28-08-2025-113205.png
Deleted: E:\MeghPiFw\MeghPIreports\RunID-28-08-25_11_31_58\screenshot\28-08-2025-113208.png
Deleted: E:\MeghPiFw\MeghPIreports\RunID-28-08-25_12_22_36\AllReports.html
Deleted: E:\MeghPiFw\MeghPIreports\RunID-28-08-25_12_22_36\chromeMeghPIGSAttendanceTest-Logs.txt
Deleted: E:\MeghPiFw\MeghPIreports\RunID-28-08-25_12_22_36\chromeMeghPIGSAttendanceTest.html
Deleted: E:\MeghPiFw\MeghPIreports\RunID-28-08-25_12_22_36\Dashboard.html
Deleted: E:\MeghPiFw\MeghPIreports\RunID-28-08-25_12_22_36\screenshot\28-08-2025-122249.png
Deleted: E:\MeghPiFw\MeghPIreports\RunID-28-08-25_12_22_36\screenshot\28-08-2025-122251.png
Deleted: E:\MeghPiFw\MeghPIreports\RunID-28-08-25_12_32_20\AllReports.html
Deleted: E:\MeghPiFw\MeghPIreports\RunID-28-08-25_12_32_20\chromeMeghPIGSAttendanceTest-Logs.txt
Deleted: E:\MeghPiFw\MeghPIreports\RunID-28-08-25_12_32_20\chromeMeghPIGSAttendanceTest.html
Deleted: E:\MeghPiFw\MeghPIreports\RunID-28-08-25_12_32_20\Dashboard.html
Deleted: E:\MeghPiFw\MeghPIreports\RunID-28-08-25_12_32_20\screenshot\28-08-2025-123225.png
Deleted: E:\MeghPiFw\MeghPIreports\RunID-28-08-25_12_32_20\screenshot\28-08-2025-123228.png
Deleted: E:\MeghPiFw\MeghPIreports\RunID-28-08-25_12_32_20\screenshot\28-08-2025-123234.png
Deleted: E:\MeghPiFw\MeghPIreports\RunID-28-08-25_12_32_20\screenshot\28-08-2025-123236.png
Deleted: E:\MeghPiFw\MeghPIreports\RunID-28-08-25_12_43_08\AllReports.html
Deleted: E:\MeghPiFw\MeghPIreports\RunID-28-08-25_12_43_08\chromeMeghPIGSAttendanceTest-Logs.txt
Deleted: E:\MeghPiFw\MeghPIreports\RunID-28-08-25_12_43_08\chromeMeghPIGSAttendanceTest.html
Deleted: E:\MeghPiFw\MeghPIreports\RunID-28-08-25_12_43_08\Dashboard.html
Deleted: E:\MeghPiFw\MeghPIreports\RunID-28-08-25_12_43_08\screenshot\28-08-2025-124313.png
Deleted: E:\MeghPiFw\MeghPIreports\RunID-28-08-25_12_43_08\screenshot\28-08-2025-124315.png
Deleted: E:\MeghPiFw\MeghPIreports\RunID-28-08-25_12_43_08\screenshot\28-08-2025-124321.png
Deleted: E:\MeghPiFw\MeghPIreports\RunID-28-08-25_12_43_08\screenshot\28-08-2025-124324.png
Deleted: E:\MeghPiFw\MeghPIreports\RunID-28-08-25_12_43_08\screenshot\28-08-2025-124330.png
Deleted: E:\MeghPiFw\MeghPIreports\RunID-28-08-25_12_43_08\screenshot\28-08-2025-124332.png
Deleted: E:\MeghPiFw\MeghPIreports\RunID-28-08-25_12_43_08\screenshot\28-08-2025-124334.png
Deleted: E:\MeghPiFw\MeghPIreports\RunID-28-08-25_12_43_08\screenshot\28-08-2025-124337.png
Deleted: E:\MeghPiFw\MeghPIreports\RunID-28-08-25_12_43_08\screenshot\28-08-2025-124339.png
Deleted: E:\MeghPiFw\MeghPIreports\RunID-28-08-25_12_43_08\screenshot\28-08-2025-124341.png
Deleted: E:\MeghPiFw\MeghPIreports\RunID-28-08-25_12_43_08\screenshot\28-08-2025-124343.png
Deleted: E:\MeghPiFw\MeghPIreports\RunID-28-08-25_12_51_09\AllReports.html
Deleted: E:\MeghPiFw\MeghPIreports\RunID-28-08-25_12_51_09\chromeMeghPIGSAttendanceTest-Logs.txt
Deleted: E:\MeghPiFw\MeghPIreports\RunID-28-08-25_12_51_09\chromeMeghPIGSAttendanceTest.html
Deleted: E:\MeghPiFw\MeghPIreports\RunID-28-08-25_12_51_09\Dashboard.html
Deleted: E:\MeghPiFw\MeghPIreports\RunID-28-08-25_12_51_09\screenshot\28-08-2025-125114.png
Deleted: E:\MeghPiFw\MeghPIreports\RunID-28-08-25_12_51_09\screenshot\28-08-2025-125116.png
Deleted: E:\MeghPiFw\MeghPIreports\RunID-28-08-25_13_06_33\AllReports.html
Deleted: E:\MeghPiFw\MeghPIreports\RunID-28-08-25_13_06_33\chromeMeghPIGSAttendanceTest-Logs.txt
Deleted: E:\MeghPiFw\MeghPIreports\RunID-28-08-25_13_06_33\chromeMeghPIGSAttendanceTest.html
Deleted: E:\MeghPiFw\MeghPIreports\RunID-28-08-25_13_06_33\Dashboard.html
Deleted: E:\MeghPiFw\MeghPIreports\RunID-28-08-25_13_06_33\screenshot\28-08-2025-010638.png
Deleted: E:\MeghPiFw\MeghPIreports\RunID-28-08-25_13_06_33\screenshot\28-08-2025-010640.png
Deleted: E:\MeghPiFw\MeghPIreports\RunID-28-08-25_14_29_38\AllReports.html
Deleted: E:\MeghPiFw\MeghPIreports\RunID-28-08-25_14_29_38\chromeMeghPIGSAttendanceTest-Logs.txt
Deleted: E:\MeghPiFw\MeghPIreports\RunID-28-08-25_14_29_38\chromeMeghPIGSAttendanceTest.html
Deleted: E:\MeghPiFw\MeghPIreports\RunID-28-08-25_14_29_38\Dashboard.html
Deleted: E:\MeghPiFw\MeghPIreports\RunID-28-08-25_14_29_38\screenshot\28-08-2025-022952.png
Deleted: E:\MeghPiFw\MeghPIreports\RunID-28-08-25_14_29_38\screenshot\28-08-2025-022955.png
Deleted: E:\MeghPiFw\MeghPIreports\RunID-28-08-25_14_34_40\AllReports.html
Deleted: E:\MeghPiFw\MeghPIreports\RunID-28-08-25_14_34_40\chromeMeghPIGSAttendanceTest-Logs.txt
Deleted: E:\MeghPiFw\MeghPIreports\RunID-28-08-25_14_34_40\chromeMeghPIGSAttendanceTest.html
Deleted: E:\MeghPiFw\MeghPIreports\RunID-28-08-25_14_34_40\Dashboard.html
Deleted: E:\MeghPiFw\MeghPIreports\RunID-28-08-25_14_34_40\screenshot\28-08-2025-023444.png
Deleted: E:\MeghPiFw\MeghPIreports\RunID-28-08-25_14_34_40\screenshot\28-08-2025-023447.png
Deleted: E:\MeghPiFw\MeghPIreports\RunID-28-08-25_14_37_48\AllReports.html
Deleted: E:\MeghPiFw\MeghPIreports\RunID-28-08-25_14_37_48\chromeMeghPIGSAttendanceTest-Logs.txt
Deleted: E:\MeghPiFw\MeghPIreports\RunID-28-08-25_14_37_48\chromeMeghPIGSAttendanceTest.html
Deleted: E:\MeghPiFw\MeghPIreports\RunID-28-08-25_14_37_48\Dashboard.html
Deleted: E:\MeghPiFw\MeghPIreports\RunID-28-08-25_14_37_48\screenshot\28-08-2025-023752.png
Deleted: E:\MeghPiFw\MeghPIreports\RunID-28-08-25_14_37_48\screenshot\28-08-2025-023754.png
Deleted: E:\MeghPiFw\MeghPIreports\RunID-28-08-25_14_53_17\AllReports.html
Deleted: E:\MeghPiFw\MeghPIreports\RunID-28-08-25_14_53_17\chromeMeghPIGSAttendanceTest-Logs.txt
Deleted: E:\MeghPiFw\MeghPIreports\RunID-28-08-25_14_53_17\chromeMeghPIGSAttendanceTest.html
Deleted: E:\MeghPiFw\MeghPIreports\RunID-28-08-25_14_53_17\Dashboard.html
Deleted: E:\MeghPiFw\MeghPIreports\RunID-28-08-25_14_53_17\screenshot\28-08-2025-025321.png
Deleted: E:\MeghPiFw\MeghPIreports\RunID-28-08-25_14_53_17\screenshot\28-08-2025-025324.png
Deleted: E:\MeghPiFw\MeghPIreports\RunID-28-08-25_14_53_17\screenshot\28-08-2025-025326.png
Deleted: E:\MeghPiFw\MeghPIreports\RunID-28-08-25_19_15_48\AllReports.html
Deleted: E:\MeghPiFw\MeghPIreports\RunID-28-08-25_19_15_48\chromeMeghPIGSAttendanceTest-Logs.txt
Deleted: E:\MeghPiFw\MeghPIreports\RunID-28-08-25_19_15_48\chromeMeghPIGSAttendanceTest.html
Deleted: E:\MeghPiFw\MeghPIreports\RunID-28-08-25_19_15_48\Dashboard.html
Deleted: E:\MeghPiFw\MeghPIreports\RunID-28-08-25_19_18_01\AllReports.html
Deleted: E:\MeghPiFw\MeghPIreports\RunID-28-08-25_19_18_01\chromeMeghPIGSAttendanceTest-Logs.txt
Deleted: E:\MeghPiFw\MeghPIreports\RunID-28-08-25_19_18_01\chromeMeghPIGSAttendanceTest.html
Deleted: E:\MeghPiFw\MeghPIreports\RunID-28-08-25_19_18_01\Dashboard.html
Deleted: E:\MeghPiFw\MeghPIreports\RunID-28-08-25_19_20_43\AllReports.html
Deleted: E:\MeghPiFw\MeghPIreports\RunID-28-08-25_19_20_43\chromeMeghPIGSAttendanceTest-Logs.txt
Deleted: E:\MeghPiFw\MeghPIreports\RunID-28-08-25_19_20_43\chromeMeghPIGSAttendanceTest.html
Deleted: E:\MeghPiFw\MeghPIreports\RunID-28-08-25_19_20_43\Dashboard.html
Deleted: E:\MeghPiFw\MeghPIreports\RunID-28-08-25_19_20_43\screenshot\28-08-2025-072101.png
Deleted: E:\MeghPiFw\MeghPIreports\RunID-28-08-25_19_20_43\screenshot\28-08-2025-072103.png
Deleted: E:\MeghPiFw\MeghPIreports\RunID-28-08-25_19_23_34\AllReports.html
Deleted: E:\MeghPiFw\MeghPIreports\RunID-28-08-25_19_23_34\chromeMeghPIGSAttendanceTest-Logs.txt
Deleted: E:\MeghPiFw\MeghPIreports\RunID-28-08-25_19_23_34\chromeMeghPIGSAttendanceTest.html
Deleted: E:\MeghPiFw\MeghPIreports\RunID-28-08-25_19_23_34\Dashboard.html
Deleted: E:\MeghPiFw\MeghPIreports\RunID-28-08-25_19_23_34\screenshot\28-08-2025-072338.png
Deleted: E:\MeghPiFw\MeghPIreports\RunID-28-08-25_19_23_34\screenshot\28-08-2025-072341.png
Launching Driver...
SLF4J(W): No SLF4J providers were found.
SLF4J(W): Defaulting to no-operation (NOP) logger implementation
SLF4J(W): See https://www.slf4j.org/codes.html#noProviders for further details.
Launching Driver...
Launching Driver...
No Logs found to Generate Report.

===============================================
Suite
Total tests run: 3, Passes: 0, Failures: 0, Skips: 3
Configuration Failures: 3, Skips: 0
===============================================

