>> Console logging redirected to data/console.log
Launching Driver...
SLF4J(W): No SLF4J providers were found.
SLF4J(W): Defaulting to no-operation (NOP) logger implementation
SLF4J(W): See https://www.slf4j.org/codes.html#noProviders for further details.
Aug 21, 2025 11:04:18 AM org.openqa.selenium.devtools.CdpVersionFinder findNearestMatch
WARNING: Unable to find an exact match for CDP version 139, returning the closest version; found: 137; Please update to a Selenium version that supports CDP version 139
(1386, 788)
Aug 21, 2025 11:04:21 AM base.LogResults createLogs
INFO: PASS - Application Loaded Successfully: 
Aug 21, 2025 11:04:27 AM base.LogResults createLogs
INFO: PASS - Company Code Entered in Text Box: ARBX
Aug 21, 2025 11:04:30 AM base.LogResults createLogs
INFO: PASS - Login With Password Button Is Clicked: 
Aug 21, 2025 11:04:36 AM base.LogResults createLogs
INFO: PASS - Sign in Text Is Displayed: 
Aug 21, 2025 11:04:38 AM base.LogResults createLogs
INFO: PASS - Username Is Entered In Username Text Field: AutoE190825091637@mailinator.com
Aug 21, 2025 11:04:40 AM base.LogResults createLogs
INFO: PASS - Password Is Entered In Password Text Field: Pramod@1234
Aug 21, 2025 11:04:43 AM base.LogResults createLogs
INFO: PASS - Captcha Entered On Captcha Text Field: 12345
Aug 21, 2025 11:04:45 AM base.LogResults createLogs
INFO: PASS - Clicked On Login Button: 
Aug 21, 2025 11:04:47 AM base.LogResults createLogs
INFO: PASS - Login Done  And Validated Successfully: 
Aug 21, 2025 11:04:50 AM base.LogResults createLogs
INFO: PASS - Login Done Successfully: 
Aug 21, 2025 11:04:56 AM base.LogResults createLogs
INFO: PASS - Directory Button Clicked Successfully: 
Aug 21, 2025 11:04:59 AM base.LogResults createLogs
INFO: PASS - Directory Page Loaded Successfully: 
Aug 21, 2025 11:05:01 AM base.LogResults createLogs
INFO: PASS - Clicked On EmployeeTab Successfully: 
Aug 21, 2025 11:05:04 AM base.LogResults createLogs
INFO: PASS - Directory Page Loaded Successfully: 
Aug 21, 2025 11:05:13 AM base.LogResults createLogs
INFO: PASS - Clicked On TotalCountDropDown Successfully: 
Aug 21, 2025 11:05:15 AM base.LogResults createLogs
INFO: PASS - Clicked On AddNewButton Successfully: 
Aug 21, 2025 11:05:17 AM base.LogResults createLogs
INFO: PASS - Employee Form Loaded Successfully: 
Aug 21, 2025 11:05:24 AM base.LogResults createLogs
INFO: PASS - Clicked On EmployeeTypeDropdown Successfully And Selected EntityName Successfully: AutoEN190825091637
Aug 21, 2025 11:05:26 AM base.LogResults createLogs
INFO: PASS - Clicked On ReportingToDropdown Successfully: 
Aug 21, 2025 11:05:31 AM base.LogResults createLogs
INFO: PASS - Clicked On ReportingTo Search Text Field And Input Is Passed: AutoAFN
Aug 21, 2025 11:05:35 AM base.LogResults createLogs
INFO: PASS - Entity Name Selected Successfully: 
Aug 21, 2025 11:05:37 AM base.LogResults createLogs
INFO: PASS - EmployeeID Entered On Employee ID Text Field: AutoEID190825091637
Aug 21, 2025 11:05:43 AM base.LogResults createLogs
INFO: PASS -  CompanyLocation Selected From The DropDown : AutoON190825091637
Aug 21, 2025 11:05:45 AM base.LogResults createLogs
INFO: PASS - Employee First Name Entered On Employee FirstName Text Field: AutoEmpOTKHAD
Aug 21, 2025 11:05:47 AM base.LogResults createLogs
INFO: PASS - Employee Last Name Entered On Employee Last Name Text Field: AutoempTKPVE
Aug 21, 2025 11:05:49 AM base.LogResults createLogs
INFO: PASS - Employee Email Entered On Email ID Text Field: AutoE190825091637ZUZ@mailinator.com
Aug 21, 2025 11:05:52 AM base.LogResults createLogs
INFO: PASS - Employee Phone Number Entered On Phone Number Text Field: 9851448039
Aug 21, 2025 11:05:54 AM base.LogResults createLogs
INFO: PASS - Employee Joining Date  Text Field Is Clicked: 
Aug 21, 2025 11:05:56 AM base.LogResults createLogs
INFO: PASS - Employee Joining Date Entered On Joining Date Text Field: 03-01-2025
Aug 21, 2025 11:05:59 AM base.LogResults createLogs
INFO: PASS - Clicked On AddEmployeeSave Successfully: 
Aug 21, 2025 11:06:05 AM base.LogResults createLogs
INFO: PASS - Clicked On GoToDirectory Successfully: 
Aug 21, 2025 11:06:14 AM base.LogResults createLogs
INFO: PASS - Clicked On Search Text Field And Pass The Created Employee LastName Successfully: AutoEmpOTKHAD
Aug 21, 2025 11:06:20 AM base.LogResults createLogs
INFO: PASS - Created Employee Displayed Successfully: AutoEmpOTKHAD
Aug 21, 2025 11:06:22 AM base.LogResults createLogs
INFO: PASS - Clicked On 3Dots Successfully: 
Aug 21, 2025 11:06:24 AM base.LogResults createLogs
INFO: PASS - Clicked On WebEnrollment Successfully: 
Aug 21, 2025 11:06:29 AM base.LogResults createLogs
INFO: PASS - Clicked On FaceEnrollmentTab Successfully: 
Aug 21, 2025 11:06:49 AM base.LogResults createLogs
INFO: PASS - Image Selected For WebEnrollment Successfully: ./data/images/enrollmentimage.jpg
Aug 21, 2025 11:06:54 AM base.LogResults createLogs
INFO: PASS - Successfully Clicked On CropImage: 
Aug 21, 2025 11:06:57 AM base.LogResults createLogs
INFO: PASS - Successfully Clicked On SaveEnrollmentButton: 
Aug 21, 2025 11:07:30 AM base.LogResults createLogs
INFO: PASS - Success Msg Is Displayed: 
Aug 21, 2025 11:07:30 AM base.LogResults onlyLog
INFO: Passed - MeghEmployeeTest-MPI_626_Directory_AddEmployee_19-To verify this, create an employee and enroll the employee and ensure created employee record is displayed in the attendance module
---------------------------------------------------------------
MeghEmployeeTestMPI_626_Directory_AddEmployee_19
Aug 21, 2025 11:07:30 AM base.LogResults onlyLog
INFO: Total Pass : 1 Total Fail : 0  Total TC : 1
---------------------------------------------------------------
Test case took: 191.2582 seconds
Total TC Time: 00:03:11

===============================================
Suite
Total tests run: 1, Passes: 1, Failures: 0, Skips: 0
===============================================

