>> Console logging redirected to data/console.log
Launching Driver...
SLF4J(W): No SLF4J providers were found.
SLF4J(W): Defaulting to no-operation (NOP) logger implementation
SLF4J(W): See https://www.slf4j.org/codes.html#noProviders for further details.
Aug 28, 2025 7:15:59 PM org.openqa.selenium.devtools.CdpVersionFinder findNearestMatch
WARNING: Unable to find an exact match for CDP version 139, returning the closest version; found: 137; Please update to a Selenium version that supports CDP version 139
(1386, 788)
Aug 28, 2025 7:16:00 PM base.LogResults onlyLog
INFO: Passed - MeghPIGSAttendanceTest-MPI_683_Normal_Attendance_29-Check that when the user is present for more than the specified shift duration, but overtime is not configured and 'Multiple Shift Detection' is set to 'yes'
---------------------------------------------------------------
MeghPIGSAttendanceTestMPI_683_Normal_Attendance_29
Aug 28, 2025 7:16:00 PM base.LogResults onlyLog
INFO: Total Pass : 1 Total Fail : 0  Total TC : 1
---------------------------------------------------------------
Test case took: 0.1535 seconds
Total TC Time: 00:00:00

===============================================
Suite
Total tests run: 1, Passes: 0, Failures: 1, Skips: 0
Configuration Failures: 1, Skips: 0
===============================================

