>> Console logging redirected to data/console.log
Launching Driver...
SLF4J(W): No SLF4J providers were found.
SLF4J(W): Defaulting to no-operation (NOP) logger implementation
SLF4J(W): See https://www.slf4j.org/codes.html#noProviders for further details.
Aug 25, 2025 4:16:55 PM org.openqa.selenium.devtools.CdpVersionFinder findNearestMatch
WARNING: Unable to find an exact match for CDP version 139, returning the closest version; found: 137; Please update to a Selenium version that supports CDP version 139
(1386, 788)
Aug 25, 2025 4:16:58 PM base.LogResults createLogs
INFO: PASS -  Application loaded successfully.
Aug 25, 2025 4:17:05 PM base.LogResults createLogs
INFO: PASS -  Company code entered successfully.AEWK
Aug 25, 2025 4:17:07 PM base.LogResults createLogs
INFO: PASS - Clicked On 'Login with Password' successfully.
Aug 25, 2025 4:17:13 PM base.LogResults createLogs
INFO: PASS -  Sign-in section appeared.
Aug 25, 2025 4:17:16 PM base.LogResults createLogs
INFO: PASS -  Email Id entered.AutoE250825101437@mailinator.com
Aug 25, 2025 4:17:18 PM base.LogResults createLogs
INFO: PASS -  Password entered.Pramod@1234
Aug 25, 2025 4:17:20 PM base.LogResults createLogs
INFO: PASS -  Captcha entered.12345
Aug 25, 2025 4:17:22 PM base.LogResults createLogs
INFO: PASS -  Sign-in button clicked.
Aug 25, 2025 4:17:25 PM base.LogResults createLogs
INFO: PASS -  Login validated successfully And Good Text Is Displayed.
Aug 25, 2025 4:17:27 PM base.LogResults createLogs
INFO: PASS - Login Done Successfully: 
Aug 25, 2025 4:17:29 PM base.LogResults createLogs
INFO: PASS - Leave Button Clicked Successfully Of HR Account: 
Aug 25, 2025 4:17:33 PM base.LogResults createLogs
INFO: PASS -  EmpLeaveRequestsTab Clicked Successfully Of HR Account: 
Aug 25, 2025 4:17:38 PM base.LogResults createLogs
INFO: PASS -  Filter Button Clicked Successfully : 
Aug 25, 2025 4:17:44 PM base.LogResults createLogs
INFO: PASS -  Office Selected Successfully : AutoON250825101437
Aug 25, 2025 4:17:46 PM base.LogResults createLogs
INFO: PASS -  Dept DropDown Clicked   Successfully : AutoDN250825101437
Aug 25, 2025 4:17:59 PM base.LogResults createLogs
INFO: FAIL - Error While Selecting Dept Name: no such element: Unable to locate element: {"method":"xpath","selector":"//ul[@id='select2-drpFilterDepartment-results']/li"}
  (Session info: chrome=139.0.7258.128)
For documentation on this error, please visit: https://www.selenium.dev/documentation/webdriver/troubleshooting/errors#no-such-element-exception
Build info: version: '4.28.0', revision: 'ac342546e9'
System info: os.name: 'Windows 10', os.arch: 'amd64', os.version: '10.0', java.version: '17.0.11'
Driver info: org.openqa.selenium.chrome.ChromeDriver
Command: [845a62aca0d102e968beb78a509cbe9d, findElement {using=xpath, value=//ul[@id='select2-drpFilterDepartment-results']/li}]
Capabilities {acceptInsecureCerts: true, browserName: chrome, browserVersion: 139.0.7258.128, chrome: {chromedriverVersion: 139.0.7258.138 (884e54ea8d4..., userDataDir: C:\Users\Pramod.C\AppData\L...}, fedcm:accounts: true, goog:chromeOptions: {debuggerAddress: localhost:51647}, networkConnectionEnabled: false, pageLoadStrategy: none, platformName: windows, proxy: Proxy(), se:cdp: ws://localhost:51647/devtoo..., se:cdpVersion: 139.0.7258.128, setWindowRect: true, strictFileInteractability: false, timeouts: {implicit: 0, pageLoad: 300000, script: 30000}, unhandledPromptBehavior: dismiss and notify, webauthn:extension:credBlob: true, webauthn:extension:largeBlob: true, webauthn:extension:minPinLength: true, webauthn:extension:prf: true, webauthn:virtualAuthenticators: true}
Session ID: 845a62aca0d102e968beb78a509cbe9d
Aug 25, 2025 4:18:01 PM base.LogResults createLogs
INFO: PASS -  Team DropDown Clicked   Successfully : AutoTN250825101437
Aug 25, 2025 4:18:13 PM base.LogResults createLogs
INFO: FAIL - Error While Selecting Team Name: no such element: Unable to locate element: {"method":"xpath","selector":"//ul[@id='select2-drpFilterTeam-results']/li"}
  (Session info: chrome=139.0.7258.128)
For documentation on this error, please visit: https://www.selenium.dev/documentation/webdriver/troubleshooting/errors#no-such-element-exception
Build info: version: '4.28.0', revision: 'ac342546e9'
System info: os.name: 'Windows 10', os.arch: 'amd64', os.version: '10.0', java.version: '17.0.11'
Driver info: org.openqa.selenium.chrome.ChromeDriver
Command: [845a62aca0d102e968beb78a509cbe9d, findElement {using=xpath, value=//ul[@id='select2-drpFilterTeam-results']/li}]
Capabilities {acceptInsecureCerts: true, browserName: chrome, browserVersion: 139.0.7258.128, chrome: {chromedriverVersion: 139.0.7258.138 (884e54ea8d4..., userDataDir: C:\Users\Pramod.C\AppData\L...}, fedcm:accounts: true, goog:chromeOptions: {debuggerAddress: localhost:51647}, networkConnectionEnabled: false, pageLoadStrategy: none, platformName: windows, proxy: Proxy(), se:cdp: ws://localhost:51647/devtoo..., se:cdpVersion: 139.0.7258.128, setWindowRect: true, strictFileInteractability: false, timeouts: {implicit: 0, pageLoad: 300000, script: 30000}, unhandledPromptBehavior: dismiss and notify, webauthn:extension:credBlob: true, webauthn:extension:largeBlob: true, webauthn:extension:minPinLength: true, webauthn:extension:prf: true, webauthn:virtualAuthenticators: true}
Session ID: 845a62aca0d102e968beb78a509cbe9d
Aug 25, 2025 4:18:20 PM base.LogResults createLogs
INFO: PASS -  Clicked On Save Filter Button Successfully : 
Aug 25, 2025 4:18:22 PM base.LogResults createLogs
INFO: PASS - Applied Filted Results Displayed Successfully : 
Aug 25, 2025 4:18:24 PM base.LogResults createLogs
INFO: PASS -  Filter Button Clicked Successfully : 
Aug 25, 2025 4:18:26 PM base.LogResults createLogs
INFO: PASS -   Leave Type Selected  Successfully : Sick Leave (SL)
Aug 25, 2025 4:18:33 PM base.LogResults createLogs
INFO: PASS -  Clicked On Save Filter Button Successfully : 
Aug 25, 2025 4:18:37 PM base.LogResults createLogs
INFO: FAIL - Error While Displaying Applied Filter Results For Leave Type: No matching leave type found: Sick Leave (SL)
Aug 25, 2025 4:18:39 PM base.LogResults createLogs
INFO: PASS -  Filter Button Clicked Successfully : 
Aug 25, 2025 4:18:48 PM base.LogResults createLogs
INFO: PASS - Selected Leave Status Filter Successfully : Approved
Aug 25, 2025 4:18:54 PM base.LogResults createLogs
INFO: PASS -  Clicked On Save Filter Button Successfully : 
Aug 25, 2025 4:18:58 PM base.LogResults createLogs
INFO: PASS - Applied Filted Results Displayed Successfully For Leave Status : Approved
Aug 25, 2025 4:18:58 PM base.LogResults onlyLog
INFO: Failed - MeghLeaveTest-MPI_621_Leave_23-To verify this, check the functionality of filter feature by filtering office name, dept, team, designation, employee type and leave types
---------------------------------------------------------------
MeghLeaveTestMPI_621_Leave_23
Aug 25, 2025 4:18:58 PM base.LogResults onlyLog
INFO: Total Pass : 0 Total Fail : 1  Total TC : 1
---------------------------------------------------------------
Test case took: 122.9246 seconds
Total TC Time: 00:02:02

===============================================
Suite
Total tests run: 1, Passes: 1, Failures: 0, Skips: 0
===============================================

