>> Console logging redirected to data/console.log
Launching Driver...
SLF4J(W): No SLF4J providers were found.
SLF4J(W): Defaulting to no-operation (NOP) logger implementation
SLF4J(W): See https://www.slf4j.org/codes.html#noProviders for further details.
Jul 15, 2025 2:28:18 PM org.openqa.selenium.devtools.CdpVersionFinder findNearestMatch
WARNING: Unable to find an exact match for CDP version 138, returning the closest version; found: 137; Please update to a Selenium version that supports CDP version 138
Jul 15, 2025 2:28:20 PM base.LogResults createLogs
INFO: PASS - Application Loaded Successfully: 
Jul 15, 2025 2:28:22 PM base.LogResults createLogs
INFO: PASS - Create An Account Button Is Clicked: 
Jul 15, 2025 2:28:22 PM base.LogResults createLogs
INFO: PASS - First Name Entered in Text Box: AutoAFNEPG
Jul 15, 2025 2:28:23 PM base.LogResults createLogs
INFO: PASS - Last Name Entered in Text Box: AutoLNDBBW
Jul 15, 2025 2:28:23 PM base.LogResults createLogs
INFO: PASS - Email  Entered in Text Box: AutoE150725142816@mailinator.com
Jul 15, 2025 2:28:23 PM base.LogResults createLogs
INFO: PASS - Phone Number Entered in Text Box: 8217079663
Jul 15, 2025 2:28:23 PM base.LogResults createLogs
INFO: PASS - Create Password Entered in Text Box: Pramod@1234
Jul 15, 2025 2:28:23 PM base.LogResults createLogs
INFO: PASS - Confirm Password Entered in Text Box: Pramod@1234
Jul 15, 2025 2:28:24 PM base.LogResults createLogs
INFO: PASS - Successfully Cliked On SignUp Button: 
Jul 15, 2025 2:28:24 PM base.LogResults createLogs
INFO: PASS - Company Name Entered in Text Box: AutoCNNIUNN
Jul 15, 2025 2:28:28 PM base.LogResults createLogs
INFO: PASS - Company Code Entered in Text Box: ASJL
Jul 15, 2025 2:28:28 PM base.LogResults createLogs
INFO: PASS - Company HeadCount Selected In the Dropdown: 51 To 100
Jul 15, 2025 2:28:28 PM base.LogResults createLogs
INFO: PASS - Industry Type Selected In the Dropdown: Software Industry
Jul 15, 2025 2:28:29 PM base.LogResults createLogs
INFO: PASS - Your Role Selected In the Dropdown: Admin
Jul 15, 2025 2:28:29 PM base.LogResults createLogs
INFO: PASS - Your Role Selected In the Dropdown: 
Jul 15, 2025 2:28:33 PM base.LogResults createLogs
INFO: PASS - OTP Sent To YOP Mail: 
Jul 15, 2025 2:28:35 PM base.LogResults createLogs
INFO: PASS - Successfully Open The New Tab And URL Is Passed: 
Jul 15, 2025 2:28:38 PM base.LogResults createLogs
INFO: PASS - Successfully Clicked On GetFreeTrailButton: 
Jul 15, 2025 2:28:39 PM base.LogResults createLogs
INFO: PASS - Successfully Clicked On PopupCloseButton: 
Jul 15, 2025 2:28:45 PM base.LogResults createLogs
INFO: PASS - Successfully Inputted Emp Name: AutoE150725142816
Jul 15, 2025 2:28:45 PM base.LogResults createLogs
INFO: PASS - Successfully Clicked On SearchButtonOfMailinator: 
Jul 15, 2025 2:28:46 PM base.LogResults createLogs
INFO: PASS - Successfully Clicked On SignUp OTP Mail: 
Proxy element for: DefaultElementLocator 'By.xpath: //iframe[@id='html_msg_body']'
[[ChromeDriver: chrome on windows (97c7ba1f8e27d3ecf2988e837b43269d)] -> xpath: //body[1]/div[1]/p[2]]
HTML content: <div class="container">            <div class="date" style="margin-left: 517px ; font-size: 12px ; font-weight: bold">   </div> <p>Dear User,</p><p>Thank you for signing up! To complete your registration, please enter the following One-Time Password (OTP) on the sign-up page: <b>826332</b> <br></p><p>This OTP is valid for <b>10</b> minutes.</p><p>If you encounter any issues or have any further questions, feel free to contact at Admin/HR Department.</p><p>Thank you,</p>MeghPI<br>101, Shreeji Complex  
Near ABC Circle, Satellite Road  
Ahmedabad, Gujarat 380015  
India<br>mantra@mantratec.com<br></div>    

<br><p style="text-align: justify ; margin: 0px" class="">This email and any files
transmitted with it are confidential and intended solely for the use of the
individual or entity to whom they are addressed. If you are not the named
addressee you should not disseminate, distribute or copy this e-mail. Please notify
the sender immediately by e-mail if you have received this e-mail by mistake
and delete this e-mail from your system.<br></p><div><b><i>?</i>?</b><br></div>
<br><br><br><br><br><br><br>
Jul 15, 2025 2:28:51 PM base.LogResults createLogs
INFO: PASS - Successfully Navigated To IFrame: 
826332this is OTP
Jul 15, 2025 2:28:51 PM base.LogResults createLogs
INFO: PASS - Successfully Extracted The OTP: 826332
Jul 15, 2025 2:28:51 PM base.LogResults createLogs
INFO: PASS - Successfully Navigated Back To Application: 
Jul 15, 2025 2:28:51 PM base.LogResults createLogs
INFO: PASS - OTP Sent To YOP Mail: 826332
Jul 15, 2025 2:28:51 PM base.LogResults createLogs
INFO: PASS - Successfully Entered The Captcha: 12345
Jul 15, 2025 2:28:51 PM base.LogResults createLogs
INFO: PASS - Successfully Clicked On VerifyAndLoginButton: 
Jul 15, 2025 2:28:54 PM base.LogResults createLogs
INFO: PASS - Successfully Selected VMS: 
Jul 15, 2025 2:28:54 PM base.LogResults createLogs
INFO: PASS - Successfully Selected CMS: 
Jul 15, 2025 2:28:54 PM base.LogResults createLogs
INFO: PASS - Successfully Clicked On SaveButton: 
Jul 15, 2025 2:28:58 PM base.LogResults createLogs
INFO: PASS - Successfully Clicked On PlanF: 
Jul 15, 2025 2:29:03 PM base.LogResults createLogs
INFO: PASS - Successfully Clicked On MakePaymentButton: 
Jul 15, 2025 2:29:07 PM base.LogResults createLogs
INFO: PASS - Successfully Clicked On Cards For Payment: 
5123456789012346
Jul 15, 2025 2:29:08 PM base.LogResults createLogs
INFO: PASS - Successfully Entered The Card Number: 5123456789012346
Jul 15, 2025 2:29:08 PM base.LogResults createLogs
INFO: PASS - Successfully Entered The Card ExpiryDate: 1225
Jul 15, 2025 2:29:09 PM base.LogResults createLogs
INFO: PASS - Successfully Entered The Card CVV: 123
Jul 15, 2025 2:29:09 PM base.LogResults createLogs
INFO: PASS - Successfully Entered The Card OwnerName: Test 
Jul 15, 2025 2:29:09 PM base.LogResults createLogs
INFO: PASS - Successfully Clicked On ProccedButton: 
Jul 15, 2025 2:29:14 PM base.LogResults createLogs
INFO: PASS - Successfully Entered The Payment OTP: 123456
Jul 15, 2025 2:29:14 PM base.LogResults createLogs
INFO: PASS - Successfully Clicked On OTPConfirmButton: 
Jul 15, 2025 2:29:18 PM base.LogResults createLogs
INFO: PASS - Successfully Clicked On BackToLoginButton: 
Jul 15, 2025 2:29:18 PM base.LogResults createLogs
INFO: PASS - Application Loaded Successfully: 
Jul 15, 2025 2:29:22 PM base.LogResults createLogs
INFO: PASS - Company Code Entered in Text Box: ASJL
Jul 15, 2025 2:29:23 PM base.LogResults createLogs
INFO: PASS - Login With Password Button Is Clicked: 
Jul 15, 2025 2:29:27 PM base.LogResults createLogs
INFO: PASS - Sign in Text Is Displayed: 
Jul 15, 2025 2:29:27 PM base.LogResults createLogs
INFO: PASS - Username Is Entered In Username Text Field: AutoE150725142816@mailinator.com
Jul 15, 2025 2:29:27 PM base.LogResults createLogs
INFO: PASS - Password Is Entered In Password Text Field: Pramod@1234
Jul 15, 2025 2:29:27 PM base.LogResults createLogs
INFO: PASS - Captcha Entered On Captcha Text Field: 12345
Jul 15, 2025 2:29:27 PM base.LogResults createLogs
INFO: PASS - Clicked On Login Button: 
Jul 15, 2025 2:29:29 PM base.LogResults createLogs
INFO: PASS - Clicked On MailCheck Button: 
Jul 15, 2025 2:29:31 PM base.LogResults createLogs
INFO: PASS - Successfully Open The New Tab And URL Is Passed: 
Jul 15, 2025 2:29:31 PM base.LogResults createLogs
INFO: PASS - Successfully Clicked On GetFreeTrailButton: 
Jul 15, 2025 2:29:33 PM base.LogResults createLogs
INFO: PASS - Successfully Clicked On PopupCloseButton: 
Jul 15, 2025 2:29:39 PM base.LogResults createLogs
INFO: PASS - Successfully Inputted Emp Name: AutoE150725142816
Jul 15, 2025 2:29:39 PM base.LogResults createLogs
INFO: PASS - Successfully Clicked On SearchButtonOfMailinator: 
Jul 15, 2025 2:29:40 PM base.LogResults createLogs
INFO: PASS - Except Application All Other Tabs Are Closed Successfully: 
Jul 15, 2025 2:29:40 PM base.LogResults createLogs
INFO: PASS - Successfully Clicked On Activation Mail Link: 
Proxy element for: DefaultElementLocator 'By.xpath: //iframe[@id='html_msg_body']'
[[ChromeDriver: chrome on windows (97c7ba1f8e27d3ecf2988e837b43269d)] -> xpath: //body[1]/div[1]/p[2]]
HTML content: TO : AutoE150725142816@mailinator.com<br>CC : <br>BCC : <br>                                                 <div class="container">            <div class="date" style="margin-left: 517px ; font-size: 12px ; font-weight: bold">   </div> <p>Dear, AutoCNNIUNN150725142816</p><p>Please click below link to activate your company:<br><b><a href="https://demo.meghpi.com/CompanyActivation?enc=PzutCLNrzM+-XQBMHybv7N5TiBKLc7Qn8FE+2nj-AVcs8tdM0rc3bwfh07aRyZwwj22gKVHOsW3jn9HO51FRDQ@@" target="_other" rel="nofollow">ACTIVATION_LINK</a></b><br></p><p>If you encounter any issues or have any further questions, feel free to contact at Admin/HR Department.</p><p>Thank you,</p>MeghPI<br>101, Shreeji Complex  
Near ABC Circle, Satellite Road  
Ahmedabad, Gujarat 380015  
India<br>mantra@mantratec.com<br></div>    

<br><p style="text-align: justify ; margin: 0px" class="">This email and any files
transmitted with it are confidential and intended solely for the use of the
individual or entity to whom they are addressed. If you are not the named
addressee you should not disseminate, distribute or copy this e-mail. Please notify
the sender immediately by e-mail if you have received this e-mail by mistake
and delete this e-mail from your system.<br></p><div><b><i>?</i>?</b><br></div>
<br><br><br><br><br><br><br>
Jul 15, 2025 2:29:44 PM base.LogResults createLogs
INFO: PASS - Successfully Navigated To IFrame: 
Jul 15, 2025 2:29:44 PM base.LogResults createLogs
INFO: PASS - Successfully Clicked On ActivationLink: 
Jul 15, 2025 2:29:48 PM base.LogResults createLogs
INFO: PASS - Successfully Navigated Back To Application: 
Jul 15, 2025 2:29:48 PM base.LogResults createLogs
INFO: PASS - Clicked On LoginHere Button: 
Jul 15, 2025 2:29:53 PM base.LogResults createLogs
INFO: PASS - Company Code Entered in Text Box: ASJL
Jul 15, 2025 2:29:53 PM base.LogResults createLogs
INFO: PASS - Login With Password Button Is Clicked: 
Jul 15, 2025 2:29:57 PM base.LogResults createLogs
INFO: PASS - Sign in Text Is Displayed: 
Jul 15, 2025 2:29:57 PM base.LogResults createLogs
INFO: PASS - Username Is Entered In Username Text Field: AutoE150725142816@mailinator.com
Jul 15, 2025 2:29:58 PM base.LogResults createLogs
INFO: PASS - Password Is Entered In Password Text Field: Pramod@1234
Jul 15, 2025 2:29:58 PM base.LogResults createLogs
INFO: PASS - Captcha Entered On Captcha Text Field: 12345
Jul 15, 2025 2:29:58 PM base.LogResults createLogs
INFO: PASS - Clicked On Login Button: 
Jul 15, 2025 2:30:00 PM base.LogResults createLogs
INFO: PASS - Clicked On CompanyDetails: 
Jul 15, 2025 2:30:01 PM base.LogResults createLogs
INFO: PASS - Industry Type Selected In the Dropdown: Software Industry
Jul 15, 2025 2:30:15 PM base.LogResults createLogs
INFO: PASS - Image Is Selected As Logo: ./data/images/Testing.jpg
Jul 15, 2025 2:30:15 PM base.LogResults createLogs
INFO: PASS - Entered CompanyWebsite Successfully: https://demo.meghpi.com/
Jul 15, 2025 2:30:16 PM base.LogResults createLogs
INFO: PASS - AddDetails Button Clicked Successfully: 
Jul 15, 2025 2:30:17 PM base.LogResults createLogs
INFO: PASS - Successfully Clicked On Add AddreessButton: 
Jul 15, 2025 2:30:18 PM base.LogResults createLogs
INFO: PASS - Successfully Selected Country From CountryDropdown: India
Jul 15, 2025 2:30:22 PM base.LogResults createLogs
INFO: PASS - Successfully Selected State From StateDropdown: Gujarat 
Jul 15, 2025 2:30:22 PM base.LogResults createLogs
INFO: PASS - Successfully Enter The Company Address: #47, 5th cross, park view, shapath hexa, gujarat highcourt
Jul 15, 2025 2:30:22 PM base.LogResults createLogs
INFO: PASS - Successfully Enter The Company Address Zipcode: 560091
Jul 15, 2025 2:30:23 PM base.LogResults createLogs
INFO: PASS - Successfully Clicked On AddAddress Button: 
Jul 15, 2025 2:30:27 PM base.LogResults createLogs
INFO: PASS - Successfully Clicked On ContactDetails: 
Jul 15, 2025 2:30:28 PM base.LogResults createLogs
INFO: PASS - Contact Name Entered in Text Box: AutoAFNEPG
Jul 15, 2025 2:30:28 PM base.LogResults createLogs
INFO: PASS - Phone Number Entered in Text Box: 8217079663
Jul 15, 2025 2:30:29 PM base.LogResults createLogs
INFO: PASS - Email Id Entered in Text Box: AutoE150725142816@mailinator.com
Jul 15, 2025 2:30:29 PM base.LogResults createLogs
INFO: PASS - Successfully Clicked On AddContactButton: 
Jul 15, 2025 2:30:30 PM base.LogResults createLogs
INFO: PASS - Successfully Clicked On OfficeSetup: 
Jul 15, 2025 2:30:31 PM base.LogResults createLogs
INFO: PASS - Successfully Clicked On AddOffice: 
Jul 15, 2025 2:30:32 PM base.LogResults createLogs
INFO: PASS - Office Name Entered in Text Box: AutoONICLOM
Jul 15, 2025 2:30:32 PM base.LogResults createLogs
INFO: PASS - Company OfficeType Selected In the Dropdown: Head Quarter 
Jul 15, 2025 2:30:33 PM base.LogResults createLogs
INFO: PASS - Office Address Entered in Text Box: #47, 5th cross, park view, shapath hexa, gujarat highcourt
Jul 15, 2025 2:30:33 PM base.LogResults createLogs
INFO: PASS - Company's Country Selected In the Dropdown: India
Jul 15, 2025 2:30:33 PM base.LogResults createLogs
INFO: FAIL - Error While Selecting Company's State: Cannot locate option with text: Gujarat 
For documentation on this error, please visit: https://www.selenium.dev/documentation/webdriver/troubleshooting/errors#no-such-element-exception
Build info: version: '4.34.0', revision: '707dcb4246*'
System info: os.name: 'Windows 10', os.arch: 'amd64', os.version: '10.0', java.version: '17.0.11'
Driver info: driver.version: unknown
Jul 15, 2025 2:30:33 PM base.LogResults createLogs
INFO: PASS - Successfully Clicked On AddOfficeSave: 
Jul 15, 2025 2:30:35 PM base.LogResults createLogs
INFO: FAIL - Error While Clicking On AddDept: element click intercepted: Element <p class="card-title">...</p> is not clickable at point (1078, 410). Other element would receive the click: <div class="row g-2">...</div>
  (Session info: chrome=138.0.7204.101)
Build info: version: '4.34.0', revision: '707dcb4246*'
System info: os.name: 'Windows 10', os.arch: 'amd64', os.version: '10.0', java.version: '17.0.11'
Driver info: org.openqa.selenium.chrome.ChromeDriver
Command: [97c7ba1f8e27d3ecf2988e837b43269d, clickElement {id=f.02A3DB999E2BE901668850E2931197AB.d.B31C3B396B7BA0B2D8CF9E5FFE182295.e.192}]
Capabilities {acceptInsecureCerts: true, browserName: chrome, browserVersion: 138.0.7204.101, chrome: {chromedriverVersion: 138.0.7204.94 (545025748884..., userDataDir: C:\Users\Pramod.C\AppData\L...}, fedcm:accounts: true, goog:chromeOptions: {debuggerAddress: localhost:57939}, networkConnectionEnabled: false, pageLoadStrategy: none, platformName: windows, proxy: Proxy(), se:cdp: ws://localhost:57939/devtoo..., se:cdpVersion: 138.0.7204.101, setWindowRect: true, strictFileInteractability: false, timeouts: {implicit: 0, pageLoad: 300000, script: 30000}, unhandledPromptBehavior: dismiss and notify, webauthn:extension:credBlob: true, webauthn:extension:largeBlob: true, webauthn:extension:minPinLength: true, webauthn:extension:prf: true, webauthn:virtualAuthenticators: true}
Element: [[ChromeDriver: chrome on windows (97c7ba1f8e27d3ecf2988e837b43269d)] -> xpath: //p[text()='Add Department']]
Session ID: 97c7ba1f8e27d3ecf2988e837b43269d
Jul 15, 2025 2:30:45 PM base.LogResults createLogs
INFO: FAIL - Error While Entering Dept Name: element not interactable
  (Session info: chrome=138.0.7204.101)
Build info: version: '4.34.0', revision: '707dcb4246*'
System info: os.name: 'Windows 10', os.arch: 'amd64', os.version: '10.0', java.version: '17.0.11'
Driver info: org.openqa.selenium.chrome.ChromeDriver
Command: [97c7ba1f8e27d3ecf2988e837b43269d, sendKeysToElement {id=f.02A3DB999E2BE901668850E2931197AB.d.B31C3B396B7BA0B2D8CF9E5FFE182295.e.90, value=[Ljava.lang.CharSequence;@4bec6682}]
Capabilities {acceptInsecureCerts: true, browserName: chrome, browserVersion: 138.0.7204.101, chrome: {chromedriverVersion: 138.0.7204.94 (545025748884..., userDataDir: C:\Users\Pramod.C\AppData\L...}, fedcm:accounts: true, goog:chromeOptions: {debuggerAddress: localhost:57939}, networkConnectionEnabled: false, pageLoadStrategy: none, platformName: windows, proxy: Proxy(), se:cdp: ws://localhost:57939/devtoo..., se:cdpVersion: 138.0.7204.101, setWindowRect: true, strictFileInteractability: false, timeouts: {implicit: 0, pageLoad: 300000, script: 30000}, unhandledPromptBehavior: dismiss and notify, webauthn:extension:credBlob: true, webauthn:extension:largeBlob: true, webauthn:extension:minPinLength: true, webauthn:extension:prf: true, webauthn:virtualAuthenticators: true}
Element: [[ChromeDriver: chrome on windows (97c7ba1f8e27d3ecf2988e837b43269d)] -> xpath: //input[@id='txtDepartmentName']]
Session ID: 97c7ba1f8e27d3ecf2988e837b43269d
Jul 15, 2025 2:30:47 PM base.LogResults createLogs
INFO: PASS - Company's Assign Office Selected In the Dropdown: AutoONICLOM
Jul 15, 2025 2:30:48 PM base.LogResults createLogs
INFO: PASS - Successfully Clicked On AddDeptSave: 
Jul 15, 2025 2:30:49 PM base.LogResults createLogs
INFO: FAIL - Error While Successfully Clicked On Policy Button: element click intercepted: Element <p class="gs-tab-title">...</p> is not clickable at point (187, 446). Other element would receive the click: <div class="modal fade right-align drawer my_model show" id="add_department" tabindex="-1" data-bs-backdrop="true" data-keyword="true" aria-modal="true" role="dialog" style="display: block;">...</div>
  (Session info: chrome=138.0.7204.101)
Build info: version: '4.34.0', revision: '707dcb4246*'
System info: os.name: 'Windows 10', os.arch: 'amd64', os.version: '10.0', java.version: '17.0.11'
Driver info: org.openqa.selenium.chrome.ChromeDriver
Command: [97c7ba1f8e27d3ecf2988e837b43269d, clickElement {id=f.02A3DB999E2BE901668850E2931197AB.d.B31C3B396B7BA0B2D8CF9E5FFE182295.e.211}]
Capabilities {acceptInsecureCerts: true, browserName: chrome, browserVersion: 138.0.7204.101, chrome: {chromedriverVersion: 138.0.7204.94 (545025748884..., userDataDir: C:\Users\Pramod.C\AppData\L...}, fedcm:accounts: true, goog:chromeOptions: {debuggerAddress: localhost:57939}, networkConnectionEnabled: false, pageLoadStrategy: none, platformName: windows, proxy: Proxy(), se:cdp: ws://localhost:57939/devtoo..., se:cdpVersion: 138.0.7204.101, setWindowRect: true, strictFileInteractability: false, timeouts: {implicit: 0, pageLoad: 300000, script: 30000}, unhandledPromptBehavior: dismiss and notify, webauthn:extension:credBlob: true, webauthn:extension:largeBlob: true, webauthn:extension:minPinLength: true, webauthn:extension:prf: true, webauthn:virtualAuthenticators: true}
Element: [[ChromeDriver: chrome on windows (97c7ba1f8e27d3ecf2988e837b43269d)] -> xpath: //p[text()='Policies']]
Session ID: 97c7ba1f8e27d3ecf2988e837b43269d
Jul 15, 2025 2:31:00 PM base.LogResults createLogs
INFO: PASS - Successfully Clicked On UseAsDefaultButton Button: 
Jul 15, 2025 2:31:01 PM base.LogResults createLogs
INFO: PASS - Successfully Clicked On GeneralSettings Button: 
Jul 15, 2025 2:31:02 PM base.LogResults createLogs
INFO: PASS - TimeFormat Selected In the Dropdown: 
Jul 15, 2025 2:31:02 PM base.LogResults createLogs
INFO: PASS -  TimeZone Selected In the Dropdown: 
Jul 15, 2025 2:31:02 PM base.LogResults createLogs
INFO: PASS - TwoStepVerification Selected In the Dropdown: 
Jul 15, 2025 2:31:03 PM base.LogResults createLogs
INFO: PASS - DateFormat Selected In the Dropdown: 
Jul 15, 2025 2:31:03 PM base.LogResults createLogs
INFO: PASS - FinancialYear Selected In the Dropdown: 
Jul 15, 2025 2:31:03 PM base.LogResults createLogs
INFO: PASS - Successfully Clicked On GeneralSettingsSave: 
Jul 15, 2025 2:31:04 PM base.LogResults createLogs
INFO: PASS - Successfully Clicked On PersonalSetting: 
Jul 15, 2025 2:31:05 PM base.LogResults createLogs
INFO: PASS - EmployeeIDDropdown Selected In the Dropdown: 
Jul 15, 2025 2:31:05 PM base.LogResults createLogs
INFO: PASS - Employee id Entered In The Text Field: AutoDNBFJQ
Jul 15, 2025 2:31:05 PM base.LogResults createLogs
INFO: PASS - Successfully Clicked On PersonalSettingSave: 
Jul 15, 2025 2:31:19 PM base.LogResults createLogs
INFO: PASS - Successfully Clicked On GoToDashBoard: 
Jul 15, 2025 2:31:20 PM base.LogResults createLogs
INFO: PASS - Login Done  And Validated Successfully: 
Jul 15, 2025 2:31:25 PM base.LogResults createLogs
INFO: PASS - Error Message is Clicked: 
Jul 15, 2025 2:31:29 PM base.LogResults createLogs
INFO: PASS - Admin Manage Button Clicked Successfully: 
Jul 15, 2025 2:31:30 PM base.LogResults createLogs
INFO: PASS - Admin Logout Button Clicked Successfully: 
Jul 15, 2025 2:31:31 PM base.LogResults createLogs
INFO: PASS - Except Application All Other Tabs Are Closed Successfully: 
Jul 15, 2025 2:31:31 PM base.LogResults createLogs
INFO: PASS - Application Loaded Successfully: 
Jul 15, 2025 2:31:35 PM base.LogResults createLogs
INFO: PASS - Company Code Entered in Text Box: ASJL
Jul 15, 2025 2:31:35 PM base.LogResults createLogs
INFO: PASS - Successfully Clicked On Login With OTP Button: 
Jul 15, 2025 2:31:38 PM base.LogResults createLogs
INFO: PASS - Successfully Loaded LoginWithOTPPage: 
Jul 15, 2025 2:31:39 PM base.LogResults createLogs
INFO: PASS - Successfully Entered The Username: AutoE150725142816@mailinator.com
Jul 15, 2025 2:31:39 PM base.LogResults createLogs
INFO: PASS - Successfully Entered The Captcha: 12345
Jul 15, 2025 2:31:39 PM base.LogResults createLogs
INFO: PASS - Successfully Clicked on RequestOTP Button: 
Screenshot not captured : timeout
from aborted by navigation: Not attached to an active page
  (Session info: chrome=138.0.7204.101)
Build info: version: '4.34.0', revision: '707dcb4246*'
System info: os.name: 'Windows 10', os.arch: 'amd64', os.version: '10.0', java.version: '17.0.11'
Driver info: org.openqa.selenium.chrome.ChromeDriver
Command: [97c7ba1f8e27d3ecf2988e837b43269d, screenshot {}]
Capabilities {acceptInsecureCerts: true, browserName: chrome, browserVersion: 138.0.7204.101, chrome: {chromedriverVersion: 138.0.7204.94 (545025748884..., userDataDir: C:\Users\Pramod.C\AppData\L...}, fedcm:accounts: true, goog:chromeOptions: {debuggerAddress: localhost:57939}, networkConnectionEnabled: false, pageLoadStrategy: none, platformName: windows, proxy: Proxy(), se:cdp: ws://localhost:57939/devtoo..., se:cdpVersion: 138.0.7204.101, setWindowRect: true, strictFileInteractability: false, timeouts: {implicit: 0, pageLoad: 300000, script: 30000}, unhandledPromptBehavior: dismiss and notify, webauthn:extension:credBlob: true, webauthn:extension:largeBlob: true, webauthn:extension:minPinLength: true, webauthn:extension:prf: true, webauthn:virtualAuthenticators: true}
Session ID: 97c7ba1f8e27d3ecf2988e837b43269d
Jul 15, 2025 2:31:41 PM base.LogResults createLogs
INFO: PASS - Successfully Open The New Tab And URL Is Passed: 
Jul 15, 2025 2:31:42 PM base.LogResults createLogs
INFO: PASS - Successfully Clicked On GetFreeTrailButton: 
Jul 15, 2025 2:31:44 PM base.LogResults createLogs
INFO: PASS - Successfully Clicked On PopupCloseButton: 
Jul 15, 2025 2:31:50 PM base.LogResults createLogs
INFO: PASS - Successfully Inputted Emp Name: AutoE150725142816
Jul 15, 2025 2:31:51 PM base.LogResults createLogs
INFO: PASS - Successfully Clicked On SearchButtonOfMailinator: 
Jul 15, 2025 2:33:51 PM base.LogResults createLogs
INFO: FAIL - Error While Clicking On FirstRecievedMailClick: no such element: Unable to locate element: {"method":"xpath","selector":"//div[@id='inbox_pane']/div[3]/div/div[4]/div/div/table/tbody/tr/td[contains(text(), 'One-Time Password')]"}
  (Session info: chrome=138.0.7204.101)
For documentation on this error, please visit: https://www.selenium.dev/documentation/webdriver/troubleshooting/errors#no-such-element-exception
Build info: version: '4.34.0', revision: '707dcb4246*'
System info: os.name: 'Windows 10', os.arch: 'amd64', os.version: '10.0', java.version: '17.0.11'
Driver info: org.openqa.selenium.chrome.ChromeDriver
Command: [97c7ba1f8e27d3ecf2988e837b43269d, findElement {value=//div[@id='inbox_pane']/div[3]/div/div[4]/div/div/table/tbody/tr/td[contains(text(), 'One-Time Password')], using=xpath}]
Capabilities {acceptInsecureCerts: true, browserName: chrome, browserVersion: 138.0.7204.101, chrome: {chromedriverVersion: 138.0.7204.94 (545025748884..., userDataDir: C:\Users\Pramod.C\AppData\L...}, fedcm:accounts: true, goog:chromeOptions: {debuggerAddress: localhost:57939}, networkConnectionEnabled: false, pageLoadStrategy: none, platformName: windows, proxy: Proxy(), se:cdp: ws://localhost:57939/devtoo..., se:cdpVersion: 138.0.7204.101, setWindowRect: true, strictFileInteractability: false, timeouts: {implicit: 0, pageLoad: 300000, script: 30000}, unhandledPromptBehavior: dismiss and notify, webauthn:extension:credBlob: true, webauthn:extension:largeBlob: true, webauthn:extension:minPinLength: true, webauthn:extension:prf: true, webauthn:virtualAuthenticators: true}
Session ID: 97c7ba1f8e27d3ecf2988e837b43269d
Jul 15, 2025 2:33:51 PM base.LogResults createLogs
INFO: FAIL - Skipping rest steps as error count reached configured value : 5
Jul 15, 2025 2:33:51 PM base.LogResults onlyLog
INFO: Failed - MeghLoginTest-MPI_4_Login_Page_04-Verify that upon entering a valid company code and clicking the Login with OTP button, the user is redirected to the Login with OTP page and an OTP is sent to the provided email address.
---------------------------------------------------------------
MeghLoginTestMPI_4_Login_Page_04
Jul 15, 2025 2:33:51 PM base.LogResults onlyLog
INFO: Total Pass : 0 Total Fail : 1  Total TC : 1
---------------------------------------------------------------
Test case took: 332.2682 seconds
Total TC Time: 00:05:32
Launching Driver...
Jul 15, 2025 2:33:53 PM org.openqa.selenium.devtools.CdpVersionFinder findNearestMatch
WARNING: Unable to find an exact match for CDP version 138, returning the closest version; found: 137; Please update to a Selenium version that supports CDP version 138
Jul 15, 2025 2:33:55 PM base.LogResults createLogs
INFO: PASS - Application Loaded Successfully: 
Jul 15, 2025 2:33:59 PM base.LogResults createLogs
INFO: PASS - Company Code Entered in Text Box: 
Jul 15, 2025 2:33:59 PM base.LogResults createLogs
INFO: PASS - Login With Password Button Is Clicked: 
