>> Console logging redirected to data/console.log
Continuing with Existing Master Data due to threshold value:110725-110725-ThreSld->3
Launching Driver...
SLF4J(W): No SLF4J providers were found.
SLF4J(W): Defaulting to no-operation (NOP) logger implementation
SLF4J(W): See https://www.slf4j.org/codes.html#noProviders for further details.
Jul 11, 2025 5:16:42 PM org.openqa.selenium.devtools.CdpVersionFinder findNearestMatch
WARNING: Unable to find an exact match for CDP version 138, returning the closest version; found: 137; Please update to a Selenium version that supports CDP version 138
Jul 11, 2025 5:16:45 PM base.LogResults createLogs
INFO: PASS - Application Loaded Successfully: 
Jul 11, 2025 5:16:49 PM base.LogResults createLogs
INFO: PASS - Company Code Entered in Text Box: AFHU
Jul 11, 2025 5:16:49 PM base.LogResults createLogs
INFO: PASS - Login With Password Button Is Clicked: 
Jul 11, 2025 5:16:54 PM base.LogResults createLogs
INFO: PASS - Sign in Text Is Displayed: 
Jul 11, 2025 5:16:54 PM base.LogResults createLogs
INFO: PASS - Username Is Entered In Username Text Field: AutoE110725095836@mailinator.com
Jul 11, 2025 5:16:54 PM base.LogResults createLogs
INFO: PASS - Password Is Entered In Password Text Field: Pramod@1234
Jul 11, 2025 5:16:54 PM base.LogResults createLogs
INFO: PASS - Captcha Entered On Captcha Text Field: 12345
Jul 11, 2025 5:16:55 PM base.LogResults createLogs
INFO: PASS - Clicked On Login Button: 
Jul 11, 2025 5:16:57 PM base.LogResults createLogs
INFO: PASS - login Validated Successfully: 
Jul 11, 2025 5:17:02 PM base.LogResults createLogs
INFO: PASS - Directory Button Clicked Successfully: 
Jul 11, 2025 5:17:04 PM base.LogResults createLogs
INFO: PASS - Directory Page Loaded Successfully: 
Jul 11, 2025 5:17:04 PM base.LogResults createLogs
INFO: PASS - Company Tab  Clicked Successfully: 
Jul 11, 2025 5:17:05 PM base.LogResults createLogs
INFO: PASS - Office Button  Clicked Successfully: 
Jul 11, 2025 5:17:05 PM base.LogResults createLogs
INFO: PASS -  Successfully Clicked On AddOfficeButton : 
Jul 11, 2025 5:17:06 PM base.LogResults createLogs
INFO: PASS -  OfficeName Entered In the Office Name TextField : AutoONPRSJH
Jul 11, 2025 5:17:06 PM base.LogResults createLogs
INFO: PASS -  Office Type Selected In the Office Type Dropdown : 
Jul 11, 2025 5:17:06 PM base.LogResults createLogs
INFO: PASS -  Country Selected In the Country  Dropdown : 
Jul 11, 2025 5:17:07 PM base.LogResults createLogs
INFO: PASS -  State Selected In the State  Dropdown : Gujarat
Jul 11, 2025 5:17:07 PM base.LogResults createLogs
INFO: PASS -  Successfully Clicked On CompanyLocationSaveButton : 
Jul 11, 2025 5:17:14 PM base.LogResults createLogs
INFO: PASS - Directory Button Clicked Successfully: 
Jul 11, 2025 5:17:15 PM base.LogResults createLogs
INFO: PASS - Directory Page Loaded Successfully: 
Jul 11, 2025 5:17:16 PM base.LogResults createLogs
INFO: PASS - Company Tab  Clicked Successfully: 
Jul 11, 2025 5:17:16 PM base.LogResults createLogs
INFO: PASS - Department Tab  Clicked Successfully: 
Jul 11, 2025 5:17:16 PM base.LogResults createLogs
INFO: PASS - Add Department Tab  Clicked Successfully: 
Jul 11, 2025 5:17:18 PM base.LogResults createLogs
INFO: PASS - Department Name Entered Successfully: AutoDN110725095836HYCL
Jul 11, 2025 5:17:18 PM base.LogResults createLogs
INFO: PASS - Successfully Clicked On Add Department Save Button: 
Jul 11, 2025 5:17:21 PM base.LogResults createLogs
INFO: PASS - Successfully Clicked On DepartmentMapping Button: 
Jul 11, 2025 5:17:22 PM base.LogResults createLogs
INFO: PASS - Successfully Clicked On AddDepartmentMapping Button: 
Jul 11, 2025 5:17:23 PM base.LogResults createLogs
INFO: PASS - Successfully Selected Department: AutoDN110725095836HYCL
Jul 11, 2025 5:17:23 PM base.LogResults createLogs
INFO: PASS - Successfully Selected OfficeName: AutoONPRSJH
Jul 11, 2025 5:17:23 PM base.LogResults createLogs
INFO: PASS - AddDeptMappingSaveButton Clicked Successfully: 
Jul 11, 2025 5:17:30 PM base.LogResults createLogs
INFO: PASS - Directory Button Clicked Successfully: 
Jul 11, 2025 5:17:32 PM base.LogResults createLogs
INFO: PASS - Directory Page Loaded Successfully: 
Jul 11, 2025 5:17:32 PM base.LogResults createLogs
INFO: PASS - Clicked On EmployeeTab Successfully: 
Jul 11, 2025 5:17:33 PM base.LogResults createLogs
INFO: PASS - Directory Page Loaded Successfully: 
Jul 11, 2025 5:17:43 PM base.LogResults createLogs
INFO: PASS - Clicked On TotalCountDropDown Successfully: 
Jul 11, 2025 5:17:45 PM base.LogResults createLogs
INFO: PASS - Clicked On AddNewButton Successfully: 
Jul 11, 2025 5:17:47 PM base.LogResults createLogs
INFO: PASS - Employee Form Loaded Successfully: 
Jul 11, 2025 5:17:47 PM base.LogResults createLogs
INFO: PASS - Clicked On EmployeeTypeDropdown Successfully And Selected EntityName Successfully: AutoEN110725095836
Jul 11, 2025 5:17:48 PM base.LogResults createLogs
INFO: PASS - Clicked On ReportingToDropdown Successfully: 
Jul 11, 2025 5:17:50 PM base.LogResults createLogs
INFO: PASS - Clicked On ReportingTo Search Text Field And Input Is Passed: AutoAFN
Jul 11, 2025 5:17:52 PM base.LogResults createLogs
INFO: PASS - Entity Name Selected Successfully: 
Jul 11, 2025 5:17:52 PM base.LogResults createLogs
INFO: PASS - EmployeeID Entered On Employee ID Text Field: AutoEIDSWRGMW
Jul 11, 2025 5:17:52 PM base.LogResults createLogs
INFO: PASS -  CompanyLocation Selected From The DropDown : AutoONPRSJH
Jul 11, 2025 5:17:52 PM base.LogResults createLogs
INFO: PASS - Employee First Name Entered On Employee FirstName Text Field: AutoFNAWQEH
Jul 11, 2025 5:17:53 PM base.LogResults createLogs
INFO: PASS - Employee Last Name Entered On Employee Last Name Text Field: AutoLNTRCDE
Jul 11, 2025 5:17:53 PM base.LogResults createLogs
INFO: PASS - Employee Email Entered On Email ID Text Field: AutoE110725095836GIL@mailinator.com
Jul 11, 2025 5:17:53 PM base.LogResults createLogs
INFO: PASS - Employee Phone Number Entered On Phone Number Text Field: 9851462318
Jul 11, 2025 5:18:09 PM base.LogResults createLogs
INFO: FAIL - Error While Clicking On Joining Date: element not interactable
  (Session info: chrome=138.0.7204.98)
Build info: version: '4.34.0', revision: '707dcb4246*'
System info: os.name: 'Windows 10', os.arch: 'amd64', os.version: '10.0', java.version: '17.0.11'
Driver info: org.openqa.selenium.chrome.ChromeDriver
Command: [c46917b0539e7a3fbd10bc6e50019e34, clickElement {id=f.EA41556C2D04703985048829E62623F3.d.2EC89C54D5A74BA0707DD3448672D59C.e.3601}]
Capabilities {acceptInsecureCerts: true, browserName: chrome, browserVersion: 138.0.7204.98, chrome: {chromedriverVersion: 138.0.7204.94 (545025748884..., userDataDir: C:\Users\Pramod.C\AppData\L...}, fedcm:accounts: true, goog:chromeOptions: {debuggerAddress: localhost:53746}, networkConnectionEnabled: false, pageLoadStrategy: none, platformName: windows, proxy: Proxy(), se:cdp: ws://localhost:53746/devtoo..., se:cdpVersion: 138.0.7204.98, setWindowRect: true, strictFileInteractability: false, timeouts: {implicit: 0, pageLoad: 300000, script: 30000}, unhandledPromptBehavior: dismiss and notify, webauthn:extension:credBlob: true, webauthn:extension:largeBlob: true, webauthn:extension:minPinLength: true, webauthn:extension:prf: true, webauthn:virtualAuthenticators: true}
Element: [[ChromeDriver: chrome on windows (c46917b0539e7a3fbd10bc6e50019e34)] -> xpath: //input[@id='Joiningdate1']]
Session ID: c46917b0539e7a3fbd10bc6e50019e34
Jul 11, 2025 5:18:24 PM base.LogResults createLogs
INFO: FAIL - Error While Entering Joining Date: no such element: Unable to locate element: {"method":"xpath","selector":"//div[@id='goog-gt-tt']/../div[5]/div[1]/table/tbody/tr[1]/td[contains(text(),'1')]"}
  (Session info: chrome=138.0.7204.98)
For documentation on this error, please visit: https://www.selenium.dev/documentation/webdriver/troubleshooting/errors#no-such-element-exception
Build info: version: '4.34.0', revision: '707dcb4246*'
System info: os.name: 'Windows 10', os.arch: 'amd64', os.version: '10.0', java.version: '17.0.11'
Driver info: org.openqa.selenium.chrome.ChromeDriver
Command: [c46917b0539e7a3fbd10bc6e50019e34, findElement {value=//div[@id='goog-gt-tt']/../div[5]/div[1]/table/tbody/tr[1]/td[contains(text(),'1')], using=xpath}]
Capabilities {acceptInsecureCerts: true, browserName: chrome, browserVersion: 138.0.7204.98, chrome: {chromedriverVersion: 138.0.7204.94 (545025748884..., userDataDir: C:\Users\Pramod.C\AppData\L...}, fedcm:accounts: true, goog:chromeOptions: {debuggerAddress: localhost:53746}, networkConnectionEnabled: false, pageLoadStrategy: none, platformName: windows, proxy: Proxy(), se:cdp: ws://localhost:53746/devtoo..., se:cdpVersion: 138.0.7204.98, setWindowRect: true, strictFileInteractability: false, timeouts: {implicit: 0, pageLoad: 300000, script: 30000}, unhandledPromptBehavior: dismiss and notify, webauthn:extension:credBlob: true, webauthn:extension:largeBlob: true, webauthn:extension:minPinLength: true, webauthn:extension:prf: true, webauthn:virtualAuthenticators: true}
Session ID: c46917b0539e7a3fbd10bc6e50019e34
Jul 11, 2025 5:18:24 PM base.LogResults createLogs
INFO: PASS - Clicked On AddEmployeeSave Successfully: 
Jul 11, 2025 5:18:48 PM base.LogResults createLogs
INFO: FAIL - Error while Clicking On GoToDirectory: Failed to click 'Go to Directory' link: Expected condition failed: waiting for element to be clickable: By.xpath: //a[text()='Go to Directory']/.. (tried for 20 second(s) with 500 milliseconds interval)
Build info: version: '4.34.0', revision: '707dcb4246*'
System info: os.name: 'Windows 10', os.arch: 'amd64', os.version: '10.0', java.version: '17.0.11'
Driver info: org.openqa.selenium.chrome.ChromeDriver
Capabilities {acceptInsecureCerts: true, browserName: chrome, browserVersion: 138.0.7204.98, chrome: {chromedriverVersion: 138.0.7204.94 (545025748884..., userDataDir: C:\Users\Pramod.C\AppData\L...}, fedcm:accounts: true, goog:chromeOptions: {debuggerAddress: localhost:53746}, networkConnectionEnabled: false, pageLoadStrategy: none, platformName: windows, proxy: Proxy(), se:cdp: ws://localhost:53746/devtoo..., se:cdpVersion: 138.0.7204.98, setWindowRect: true, strictFileInteractability: false, timeouts: {implicit: 0, pageLoad: 300000, script: 30000}, unhandledPromptBehavior: dismiss and notify, webauthn:extension:credBlob: true, webauthn:extension:largeBlob: true, webauthn:extension:minPinLength: true, webauthn:extension:prf: true, webauthn:virtualAuthenticators: true}
Session ID: c46917b0539e7a3fbd10bc6e50019e34
Jul 11, 2025 5:18:58 PM base.LogResults createLogs
INFO: FAIL - Error while Clicking On SearchDropDown: no such element: Unable to locate element: {"method":"xpath","selector":"//button[@id='btnHeaderFilter']"}
  (Session info: chrome=138.0.7204.98)
For documentation on this error, please visit: https://www.selenium.dev/documentation/webdriver/troubleshooting/errors#no-such-element-exception
Build info: version: '4.34.0', revision: '707dcb4246*'
System info: os.name: 'Windows 10', os.arch: 'amd64', os.version: '10.0', java.version: '17.0.11'
Driver info: org.openqa.selenium.chrome.ChromeDriver
Command: [c46917b0539e7a3fbd10bc6e50019e34, findElement {value=//button[@id='btnHeaderFilter'], using=xpath}]
Capabilities {acceptInsecureCerts: true, browserName: chrome, browserVersion: 138.0.7204.98, chrome: {chromedriverVersion: 138.0.7204.94 (545025748884..., userDataDir: C:\Users\Pramod.C\AppData\L...}, fedcm:accounts: true, goog:chromeOptions: {debuggerAddress: localhost:53746}, networkConnectionEnabled: false, pageLoadStrategy: none, platformName: windows, proxy: Proxy(), se:cdp: ws://localhost:53746/devtoo..., se:cdpVersion: 138.0.7204.98, setWindowRect: true, strictFileInteractability: false, timeouts: {implicit: 0, pageLoad: 300000, script: 30000}, unhandledPromptBehavior: dismiss and notify, webauthn:extension:credBlob: true, webauthn:extension:largeBlob: true, webauthn:extension:minPinLength: true, webauthn:extension:prf: true, webauthn:virtualAuthenticators: true}
Session ID: c46917b0539e7a3fbd10bc6e50019e34
Jul 11, 2025 5:19:08 PM base.LogResults createLogs
INFO: FAIL - Error while Selecting LasTName: no such element: Unable to locate element: {"method":"xpath","selector":"//input[@id='chkdivDrpItemLastNamedtEmployee']"}
  (Session info: chrome=138.0.7204.98)
For documentation on this error, please visit: https://www.selenium.dev/documentation/webdriver/troubleshooting/errors#no-such-element-exception
Build info: version: '4.34.0', revision: '707dcb4246*'
System info: os.name: 'Windows 10', os.arch: 'amd64', os.version: '10.0', java.version: '17.0.11'
Driver info: org.openqa.selenium.chrome.ChromeDriver
Command: [c46917b0539e7a3fbd10bc6e50019e34, findElement {value=//input[@id='chkdivDrpItemLastNamedtEmployee'], using=xpath}]
Capabilities {acceptInsecureCerts: true, browserName: chrome, browserVersion: 138.0.7204.98, chrome: {chromedriverVersion: 138.0.7204.94 (545025748884..., userDataDir: C:\Users\Pramod.C\AppData\L...}, fedcm:accounts: true, goog:chromeOptions: {debuggerAddress: localhost:53746}, networkConnectionEnabled: false, pageLoadStrategy: none, platformName: windows, proxy: Proxy(), se:cdp: ws://localhost:53746/devtoo..., se:cdpVersion: 138.0.7204.98, setWindowRect: true, strictFileInteractability: false, timeouts: {implicit: 0, pageLoad: 300000, script: 30000}, unhandledPromptBehavior: dismiss and notify, webauthn:extension:credBlob: true, webauthn:extension:largeBlob: true, webauthn:extension:minPinLength: true, webauthn:extension:prf: true, webauthn:virtualAuthenticators: true}
Session ID: c46917b0539e7a3fbd10bc6e50019e34
Jul 11, 2025 5:19:08 PM base.LogResults createLogs
INFO: FAIL - Skipping rest steps as error count reached configured value : 5
Jul 11, 2025 5:19:08 PM base.LogResults onlyLog
INFO: Failed - MeghMasterDepartmentMappingTest-MPI_514_Department_mapping_06-To verify this Select a department, select an office, and assign a Head of Department. Then, map the department with the selected office. After mapping, navigate to the employee's Manage Profile page. Under the Department dropdown, search for the mapped department and ensure that it is displayed. 
---------------------------------------------------------------
MeghMasterDepartmentMappingTestMPI_514_Department_mapping_06
Jul 11, 2025 5:19:08 PM base.LogResults onlyLog
INFO: Total Pass : 0 Total Fail : 1  Total TC : 1
---------------------------------------------------------------
Test case took: 144.5835 seconds
Total TC Time: 00:02:24
Launching Driver...
Jul 11, 2025 5:19:10 PM org.openqa.selenium.devtools.CdpVersionFinder findNearestMatch
WARNING: Unable to find an exact match for CDP version 138, returning the closest version; found: 137; Please update to a Selenium version that supports CDP version 138
Jul 11, 2025 5:19:12 PM base.LogResults createLogs
INFO: PASS - Application Loaded Successfully: 
Jul 11, 2025 5:19:16 PM base.LogResults createLogs
INFO: PASS - Company Code Entered in Text Box: AFHU
Jul 11, 2025 5:19:17 PM base.LogResults createLogs
INFO: PASS - Login With Password Button Is Clicked: 
Jul 11, 2025 5:19:21 PM base.LogResults createLogs
INFO: PASS - Sign in Text Is Displayed: 
Jul 11, 2025 5:19:21 PM base.LogResults createLogs
INFO: PASS - Username Is Entered In Username Text Field: AutoE110725095836@mailinator.com
Jul 11, 2025 5:19:21 PM base.LogResults createLogs
INFO: PASS - Password Is Entered In Password Text Field: Pramod@1234
Jul 11, 2025 5:19:21 PM base.LogResults createLogs
INFO: PASS - Captcha Entered On Captcha Text Field: 12345
Jul 11, 2025 5:19:22 PM base.LogResults createLogs
INFO: PASS - Clicked On Login Button: 
Jul 11, 2025 5:19:23 PM base.LogResults createLogs
INFO: PASS - login Validated Successfully: 
Jul 11, 2025 5:19:28 PM base.LogResults createLogs
INFO: PASS - Directory Button Clicked Successfully: 
Jul 11, 2025 5:19:29 PM base.LogResults createLogs
INFO: PASS - Directory Page Loaded Successfully: 
Jul 11, 2025 5:19:30 PM base.LogResults createLogs
INFO: PASS - Company Tab  Clicked Successfully: 
Jul 11, 2025 5:19:30 PM base.LogResults createLogs
INFO: PASS - Department Tab  Clicked Successfully: 
Jul 11, 2025 5:19:31 PM base.LogResults createLogs
INFO: PASS - Successfully Clicked On DepartmentMapping Button: 
Jul 11, 2025 5:19:31 PM base.LogResults createLogs
INFO: PASS - Successfully Clicked On AddDepartmentMapping Button: 
Jul 11, 2025 5:19:32 PM base.LogResults createLogs
INFO: PASS - Successfully Selected Department: AutoDN110725095836HYCL
Jul 11, 2025 5:19:32 PM base.LogResults createLogs
INFO: PASS - Successfully Selected OfficeName: AutoONPRSJH
Jul 11, 2025 5:19:33 PM base.LogResults createLogs
INFO: PASS - AddDeptMappingSaveButton Clicked Successfully: 
Jul 11, 2025 5:19:41 PM base.LogResults createLogs
INFO: PASS - Directory Button Clicked Successfully: 
Jul 11, 2025 5:19:43 PM base.LogResults createLogs
INFO: PASS - Directory Page Loaded Successfully: 
Jul 11, 2025 5:19:43 PM base.LogResults createLogs
INFO: PASS - Clicked On EmployeeTab Successfully: 
Jul 11, 2025 5:19:44 PM base.LogResults createLogs
INFO: PASS - Directory Page Loaded Successfully: 
Jul 11, 2025 5:19:45 PM base.LogResults createLogs
INFO: PASS - Clicked On SearchDropDown Successfully: 
Jul 11, 2025 5:19:45 PM base.LogResults createLogs
INFO: PASS - Selected  LasTName  Successfully: 
Jul 11, 2025 5:19:46 PM base.LogResults createLogs
INFO: PASS - Clicked On SearchDropDown Successfully: 
Jul 11, 2025 5:19:50 PM base.LogResults createLogs
INFO: PASS - Clicked On Search Text Field And Pass The Created Employee LastName Successfully: AutoLNTRCDE
