>> Console logging redirected to data/console.log
Continuing with Existing Master Data due to threshold value:160725-150725-ThreSld->3
Launching Driver...
SLF4J(W): No SLF4J providers were found.
SLF4J(W): Defaulting to no-operation (NOP) logger implementation
SLF4J(W): See https://www.slf4j.org/codes.html#noProviders for further details.
Jul 16, 2025 4:35:05 PM org.openqa.selenium.devtools.CdpVersionFinder findNearestMatch
WARNING: Unable to find an exact match for CDP version 138, returning the closest version; found: 137; Please update to a Selenium version that supports CDP version 138
Error Index 1 out of bounds for length 1
Jul 16, 2025 4:35:06 PM base.LogResults createLogs
INFO: PASS - Step 1: Application loaded successfully.
Jul 16, 2025 4:35:11 PM base.LogResults createLogs
INFO: PASS - Step 2: Company code entered successfully.AZPK
Jul 16, 2025 4:35:11 PM base.LogResults createLogs
INFO: PASS - Step 3: Clicked 'Login with Password' successfully.
Jul 16, 2025 4:35:15 PM base.LogResults createLogs
INFO: PASS - Step 4: Sign-in section appeared.
Jul 16, 2025 4:35:15 PM base.LogResults createLogs
INFO: PASS - Step 5: Username entered.AutoE150725091521@mailinator.com
Jul 16, 2025 4:35:15 PM base.LogResults createLogs
INFO: PASS - Step 6: Password entered.Pramod@1234
Jul 16, 2025 4:35:16 PM base.LogResults createLogs
INFO: PASS - Step 7: Captcha entered.12345
Jul 16, 2025 4:35:16 PM base.LogResults createLogs
INFO: PASS - Step 8: Sign-in button clicked.
Jul 16, 2025 4:35:20 PM base.LogResults createLogs
INFO: PASS - Step 9: Login validated successfully.
Jul 16, 2025 4:35:20 PM base.LogResults createLogs
INFO: PASS - Login Done Successfully: 
Jul 16, 2025 4:35:23 PM base.LogResults createLogs
INFO: PASS - FileButton Clicked Successfully: 
Jul 16, 2025 4:35:25 PM base.LogResults createLogs
INFO: PASS - UploadFile Clicked Successfully: 
Jul 16, 2025 4:35:37 PM base.LogResults createLogs
INFO: PASS - File Selected Successfully: ./data/Files/TestFile1.pdf
Jul 16, 2025 4:35:42 PM base.LogResults createLogs
INFO: PASS - Company FileTag Selected Successfully: Appraisal 
Jul 16, 2025 4:35:43 PM base.LogResults createLogs
INFO: PASS - Date Selected Successfully: 
Jul 16, 2025 4:35:46 PM base.LogResults createLogs
INFO: PASS - Date Selected Successfully: 03-01-2025
Jul 16, 2025 4:35:46 PM base.LogResults createLogs
INFO: PASS - Upload FileSave Button Clicked Successfully: 
Jul 16, 2025 4:35:49 PM base.LogResults createLogs
INFO: FAIL - Error While Clicking On UploadFile Button: element click intercepted: Element <button style="background:none;" class="btn d-flex align-items-center py-0" id="btnAddEmployeeFiles" data-bs-target="#phEmployeeFilesEditor" data-bs-toggle="modal" data-id="1276" data-name="AutoFNLGOYKK AutoLNVXLJV" onclick="mpSystem.admin.employeeFiles.bindEmployeeName(this)">...</button> is not clickable at point (1108, 271). Other element would receive the click: <button type="button" style="border: none;background: none;" class="material-icons remove-file-icon" id="deleteFileSection1">...</button>
  (Session info: chrome=138.0.7204.101)
Build info: version: '4.34.0', revision: '707dcb4246*'
System info: os.name: 'Windows 10', os.arch: 'amd64', os.version: '10.0', java.version: '17.0.11'
Driver info: org.openqa.selenium.chrome.ChromeDriver
Command: [e5907a03896c455f386ca14e077cb266, clickElement {id=f.3A7E80D579838B96598019CA6DAE04DB.d.00CF946FE72C3C8B1663FA6D2D7DFC3D.e.623}]
Capabilities {acceptInsecureCerts: true, browserName: chrome, browserVersion: 138.0.7204.101, chrome: {chromedriverVersion: 138.0.7204.157 (e533e98b126..., userDataDir: C:\Users\Pramod.C\AppData\L...}, fedcm:accounts: true, goog:chromeOptions: {debuggerAddress: localhost:59630}, networkConnectionEnabled: false, pageLoadStrategy: none, platformName: windows, proxy: Proxy(), se:cdp: ws://localhost:59630/devtoo..., se:cdpVersion: 138.0.7204.101, setWindowRect: true, strictFileInteractability: false, timeouts: {implicit: 0, pageLoad: 300000, script: 30000}, unhandledPromptBehavior: dismiss and notify, webauthn:extension:credBlob: true, webauthn:extension:largeBlob: true, webauthn:extension:minPinLength: true, webauthn:extension:prf: true, webauthn:virtualAuthenticators: true}
Element: [[ChromeDriver: chrome on windows (e5907a03896c455f386ca14e077cb266)] -> xpath: (//button[@id='btnAddEmployeeFiles'])[2]]
Session ID: e5907a03896c455f386ca14e077cb266
Jul 16, 2025 4:36:02 PM base.LogResults createLogs
INFO: PASS - File Selected Successfully: ./data/Files/TestFile1.pdf
Jul 16, 2025 4:36:07 PM base.LogResults createLogs
INFO: PASS - Company FileTag Selected Successfully: Educational
Jul 16, 2025 4:36:07 PM base.LogResults createLogs
INFO: PASS - Date TextField Is Clicked Successfully: 
Jul 16, 2025 4:36:10 PM base.LogResults createLogs
INFO: PASS - Date Selected Successfully: 03-01-2025
Jul 16, 2025 4:36:17 PM base.LogResults createLogs
INFO: PASS - Company FileTag Selected Successfully: Educational
Jul 16, 2025 4:36:17 PM base.LogResults createLogs
INFO: PASS - Date TextField Is Clicked Successfully: 
Jul 16, 2025 4:36:20 PM base.LogResults createLogs
INFO: PASS - Date Selected Successfully: 03-01-2025
Jul 16, 2025 4:36:20 PM base.LogResults createLogs
INFO: PASS - Upload FileSave Button Clicked Successfully: 
Jul 16, 2025 4:36:29 PM base.LogResults createLogs
INFO: PASS - Directory Button Clicked Successfully: 
Jul 16, 2025 4:36:31 PM base.LogResults createLogs
INFO: PASS - Directory Page Loaded Successfully: 
Jul 16, 2025 4:36:31 PM base.LogResults createLogs
INFO: PASS - Company Tab  Clicked Successfully: 
Jul 16, 2025 4:36:32 PM base.LogResults createLogs
INFO: PASS - FileTag Button  Clicked Successfully: 
Jul 16, 2025 4:36:33 PM base.LogResults createLogs
INFO: PASS - FileTag Page Loaded Successfully: 
Jul 16, 2025 4:36:33 PM base.LogResults createLogs
INFO: PASS - MoveFileDropDown  Clicked Successfully: 
Jul 16, 2025 4:36:37 PM base.LogResults createLogs
INFO: PASS - From Tag Name Selected Successfully: Appraisal 
