>> Console logging redirected to data/console.log
Deleted: E:\MeghPiFw\MeghPIreports\RunID-21-08-25_19_15_43\AllReports.html
Deleted: E:\MeghPiFw\MeghPIreports\RunID-21-08-25_19_15_43\chromeMeghLeaveTest-Logs.txt
Deleted: E:\MeghPiFw\MeghPIreports\RunID-21-08-25_19_15_43\chromeMeghLeaveTest.html
Deleted: E:\MeghPiFw\MeghPIreports\RunID-21-08-25_19_15_43\Dashboard.html
Deleted: E:\MeghPiFw\MeghPIreports\RunID-21-08-25_19_15_43\screenshot\21-08-2025-071547.png
Deleted: E:\MeghPiFw\MeghPIreports\RunID-21-08-25_19_15_43\screenshot\21-08-2025-071553.png
Deleted: E:\MeghPiFw\MeghPIreports\RunID-21-08-25_19_15_43\screenshot\21-08-2025-071556.png
Deleted: E:\MeghPiFw\MeghPIreports\RunID-21-08-25_19_15_43\screenshot\21-08-2025-071602.png
Deleted: E:\MeghPiFw\MeghPIreports\RunID-21-08-25_19_15_43\screenshot\21-08-2025-071604.png
Deleted: E:\MeghPiFw\MeghPIreports\RunID-21-08-25_19_15_43\screenshot\21-08-2025-071606.png
Deleted: E:\MeghPiFw\MeghPIreports\RunID-21-08-25_19_15_43\screenshot\21-08-2025-071609.png
Deleted: E:\MeghPiFw\MeghPIreports\RunID-21-08-25_19_15_43\screenshot\21-08-2025-071611.png
Deleted: E:\MeghPiFw\MeghPIreports\RunID-21-08-25_19_15_43\screenshot\21-08-2025-071613.png
Deleted: E:\MeghPiFw\MeghPIreports\RunID-21-08-25_19_15_43\screenshot\21-08-2025-071615.png
Deleted: E:\MeghPiFw\MeghPIreports\RunID-21-08-25_19_15_43\screenshot\21-08-2025-071618.png
Deleted: E:\MeghPiFw\MeghPIreports\RunID-21-08-25_19_15_43\screenshot\21-08-2025-071622.png
Deleted: E:\MeghPiFw\MeghPIreports\RunID-21-08-25_19_15_43\screenshot\21-08-2025-071626.png
Deleted: E:\MeghPiFw\MeghPIreports\RunID-21-08-25_19_15_43\screenshot\21-08-2025-071628.png
Deleted: E:\MeghPiFw\MeghPIreports\RunID-21-08-25_19_15_43\screenshot\21-08-2025-071631.png
Deleted: E:\MeghPiFw\MeghPIreports\RunID-21-08-25_19_15_43\screenshot\21-08-2025-071633.png
Deleted: E:\MeghPiFw\MeghPIreports\RunID-21-08-25_19_15_43\screenshot\21-08-2025-071638.png
Launching Driver...
SLF4J(W): No SLF4J providers were found.
SLF4J(W): Defaulting to no-operation (NOP) logger implementation
SLF4J(W): See https://www.slf4j.org/codes.html#noProviders for further details.
Aug 26, 2025 7:18:31 PM org.openqa.selenium.devtools.CdpVersionFinder findNearestMatch
WARNING: Unable to find an exact match for CDP version 139, returning the closest version; found: 137; Please update to a Selenium version that supports CDP version 139
(1386, 788)
=== Starting Test: MPI_638_Normal_Attendance_10 ===
Excel Data Loaded: [MAN0, pramod.c@mantratec.com, Pramod@1234, 12345, https://demoexternalapi.meghpi.com, /api/TestAttendance/Login, /api/TestAttendance/CreateLeave, 1, 1346, 278, 1, 2025-07-04T19:35:54.292Z, 2025-07-04T01:20:44.879Z, 1, 1, L, this is API test Leave., , ]
cmpcode: MAN0
Aug 26, 2025 7:18:31 PM base.LogResults onlyLog
INFO: Passed - MeghPIGSAttendanceTest-MPI_638_Normal_Attendance_10-Check the status when the employee has applied for leave and it has been approved for that day.
---------------------------------------------------------------
MeghPIGSAttendanceTestMPI_638_Normal_Attendance_10
Aug 26, 2025 7:18:31 PM base.LogResults onlyLog
INFO: Total Pass : 1 Total Fail : 0  Total TC : 1
---------------------------------------------------------------
Test case took: 0.0701 seconds
Total TC Time: 00:00:00

===============================================
Suite
Total tests run: 1, Passes: 0, Failures: 1, Skips: 0
Configuration Failures: 1, Skips: 0
===============================================

