>> Console logging redirected to data/console.log
Launching Driver...
SLF4J(W): No SLF4J providers were found.
SLF4J(W): Defaulting to no-operation (NOP) logger implementation
SLF4J(W): See https://www.slf4j.org/codes.html#noProviders for further details.
Sept 01, 2025 11:41:59 AM org.openqa.selenium.devtools.CdpVersionFinder findNearestMatch
WARNING: Unable to find an exact match for CDP version 139, returning the closest version; found: 137; Please update to a Selenium version that supports CDP version 139
(1386, 788)
Sept 01, 2025 11:42:04 AM base.LogResults createLogs
INFO: PASS -  Application loaded successfully.
Sept 01, 2025 11:42:10 AM base.LogResults createLogs
INFO: PASS -  Company code entered successfully.ARZO
Sept 01, 2025 11:42:12 AM base.LogResults createLogs
INFO: PASS - Clicked On 'Login with Password' successfully.
Sept 01, 2025 11:42:18 AM base.LogResults createLogs
INFO: PASS -  Sign-in section appeared.
Sept 01, 2025 11:42:20 AM base.LogResults createLogs
INFO: PASS -  Email Id entered.AutoE010925091520@mailinator.com
Sept 01, 2025 11:42:23 AM base.LogResults createLogs
INFO: PASS -  Password entered.Pramod@1234
Sept 01, 2025 11:42:25 AM base.LogResults createLogs
INFO: PASS -  Captcha entered.12345
Sept 01, 2025 11:42:27 AM base.LogResults createLogs
INFO: PASS -  Sign-in button clicked.
Sept 01, 2025 11:42:30 AM base.LogResults createLogs
INFO: PASS -  Login validated successfully And Good Text Is Displayed.
Sept 01, 2025 11:42:32 AM base.LogResults createLogs
INFO: PASS - Login Done Successfully: 
Sept 01, 2025 11:42:39 AM base.LogResults createLogs
INFO: PASS - Directory Button Clicked Successfully: 
Sept 01, 2025 11:42:42 AM base.LogResults createLogs
INFO: PASS - Directory Page Loaded Successfully: 
Sept 01, 2025 11:42:44 AM base.LogResults createLogs
INFO: PASS - Company Tab  Clicked Successfully: 
Sept 01, 2025 11:42:46 AM base.LogResults createLogs
INFO: PASS - Role Button  Clicked Successfully: 
Sept 01, 2025 11:42:48 AM base.LogResults createLogs
INFO: PASS - Role Permission Page  Loaded Successfully: 
Sept 01, 2025 11:42:51 AM base.LogResults createLogs
INFO: PASS - Add RolePermission Button  Clicked Successfully: 
Sept 01, 2025 11:42:53 AM base.LogResults createLogs
INFO: PASS - Role DropDown Clicked Successfully: 
Sept 01, 2025 11:42:55 AM base.LogResults createLogs
INFO: PASS - Role Selected Successfully: employee
Sept 01, 2025 11:42:57 AM base.LogResults createLogs
INFO: PASS - Role Selected  Successfully: 
Sept 01, 2025 11:43:00 AM base.LogResults createLogs
INFO: PASS - Shift Permission Selected  Successfully: 
Sept 01, 2025 11:43:06 AM base.LogResults createLogs
INFO: PASS - Directory Permission Selected  Successfully: 
Sept 01, 2025 11:43:12 AM base.LogResults createLogs
INFO: PASS - File Permission Selected  Successfully: 
Sept 01, 2025 11:43:18 AM base.LogResults createLogs
INFO: PASS - RolePermissionSaveButton Clicked Successfully: 
Sept 01, 2025 11:43:29 AM base.LogResults createLogs
INFO: PASS - Admin Manage Button Clicked Successfully: 
Sept 01, 2025 11:43:31 AM base.LogResults createLogs
INFO: PASS - Admin Logout Button Clicked Successfully: 
Sept 01, 2025 11:43:34 AM base.LogResults createLogs
INFO: PASS -  Application loaded successfully.
Sept 01, 2025 11:43:40 AM base.LogResults createLogs
INFO: PASS -  Company code entered successfully.ARZO
Sept 01, 2025 11:43:42 AM base.LogResults createLogs
INFO: PASS - Clicked On 'Login with Password' successfully.
Sept 01, 2025 11:43:48 AM base.LogResults createLogs
INFO: PASS -  Sign-in section appeared.
Sept 01, 2025 11:43:51 AM base.LogResults createLogs
INFO: PASS -  Email Id entered.
Sept 01, 2025 11:44:03 AM base.LogResults createLogs
INFO: FAIL - Login Is Failed: Password entry failed: no such element: Unable to locate element: {"method":"xpath","selector":"//input[@id='txtPassword']"}
  (Session info: chrome=139.0.7258.139)
For documentation on this error, please visit: https://www.selenium.dev/documentation/webdriver/troubleshooting/errors#no-such-element-exception
Build info: version: '4.28.0', revision: 'ac342546e9'
System info: os.name: 'Windows 10', os.arch: 'amd64', os.version: '10.0', java.version: '17.0.11'
Driver info: org.openqa.selenium.chrome.ChromeDriver
Command: [0a0a0116317882e0f36b8c99e6f61ad5, findElement {using=xpath, value=//input[@id='txtPassword']}]
Capabilities {acceptInsecureCerts: true, browserName: chrome, browserVersion: 139.0.7258.139, chrome: {chromedriverVersion: 139.0.7258.154 (9e0d6b2b47f..., userDataDir: C:\Users\Pramod.C\AppData\L...}, fedcm:accounts: true, goog:chromeOptions: {debuggerAddress: localhost:56304}, networkConnectionEnabled: false, pageLoadStrategy: none, platformName: windows, proxy: Proxy(), se:cdp: ws://localhost:56304/devtoo..., se:cdpVersion: 139.0.7258.139, setWindowRect: true, strictFileInteractability: false, timeouts: {implicit: 0, pageLoad: 300000, script: 30000}, unhandledPromptBehavior: dismiss and notify, webauthn:extension:credBlob: true, webauthn:extension:largeBlob: true, webauthn:extension:minPinLength: true, webauthn:extension:prf: true, webauthn:virtualAuthenticators: true}
Session ID: 0a0a0116317882e0f36b8c99e6f61ad5
Sept 01, 2025 11:44:10 AM base.LogResults createLogs
INFO: PASS - Shift Button Clicked Successfully In Employee Account: 
Sept 01, 2025 11:44:49 AM base.LogResults createLogs
INFO: PASS - Shift Tab Displayed Successfully In Employee Account: 
Sept 01, 2025 11:44:51 AM base.LogResults createLogs
INFO: PASS - EmpFileButton Clicked Successfully In Employee Account: 
Sept 01, 2025 11:44:55 AM base.LogResults createLogs
INFO: PASS - MyFilesTab Displayed Successfully In Employee Account: 
