>> Console logging redirected to data/console.log
Launching Driver...
SLF4J(W): No SLF4J providers were found.
SLF4J(W): Defaulting to no-operation (NOP) logger implementation
SLF4J(W): See https://www.slf4j.org/codes.html#noProviders for further details.
Jul 14, 2025 10:06:42 AM org.openqa.selenium.devtools.CdpVersionFinder findNearestMatch
WARNING: Unable to find an exact match for CDP version 138, returning the closest version; found: 137; Please update to a Selenium version that supports CDP version 138
Jul 14, 2025 10:06:43 AM base.LogResults createLogs
INFO: PASS - Application Loaded Successfully: 
Jul 14, 2025 10:06:46 AM base.LogResults createLogs
INFO: PASS - Create An Account Button Is Clicked: 
Jul 14, 2025 10:06:46 AM base.LogResults createLogs
INFO: PASS - First Name Entered in Text Box: AutoAFNIED
Jul 14, 2025 10:06:46 AM base.LogResults createLogs
INFO: PASS - Last Name Entered in Text Box: AutoLNWOBX
Jul 14, 2025 10:06:46 AM base.LogResults createLogs
INFO: PASS - Email  Entered in Text Box: AutoE140725100639@mailinator.com
Jul 14, 2025 10:06:47 AM base.LogResults createLogs
INFO: PASS - Phone Number Entered in Text Box: 8217096654
Jul 14, 2025 10:06:47 AM base.LogResults createLogs
INFO: PASS - Create Password Entered in Text Box: Pramod@1234
Jul 14, 2025 10:06:47 AM base.LogResults createLogs
INFO: PASS - Confirm Password Entered in Text Box: Pramod@1234
Jul 14, 2025 10:06:47 AM base.LogResults createLogs
INFO: PASS - Successfully Cliked On SignUp Button: 
Jul 14, 2025 10:06:48 AM base.LogResults createLogs
INFO: PASS - Company Name Entered in Text Box: AutoCNZSHOD
Jul 14, 2025 10:06:52 AM base.LogResults createLogs
INFO: PASS - Company Code Entered in Text Box: ADEL
Jul 14, 2025 10:06:52 AM base.LogResults createLogs
INFO: PASS - Company HeadCount Selected In the Dropdown: 51 To 100
Jul 14, 2025 10:06:53 AM base.LogResults createLogs
INFO: PASS - Industry Type Selected In the Dropdown: Software Industry
Jul 14, 2025 10:06:53 AM base.LogResults createLogs
INFO: PASS - Your Role Selected In the Dropdown: Admin
Jul 14, 2025 10:06:53 AM base.LogResults createLogs
INFO: PASS - Your Role Selected In the Dropdown: 
Jul 14, 2025 10:06:58 AM base.LogResults createLogs
INFO: PASS - OTP Sent To YOP Mail: 
Jul 14, 2025 10:07:00 AM base.LogResults createLogs
INFO: PASS - Successfully Open The New Tab And URL Is Passed: 
Jul 14, 2025 10:07:02 AM base.LogResults createLogs
INFO: PASS - Successfully Clicked On GetFreeTrailButton: 
Jul 14, 2025 10:07:03 AM base.LogResults createLogs
INFO: PASS - Successfully Clicked On PopupCloseButton: 
Jul 14, 2025 10:07:10 AM base.LogResults createLogs
INFO: PASS - Successfully Inputted Emp Name: AutoE140725100639
Jul 14, 2025 10:07:10 AM base.LogResults createLogs
INFO: PASS - Successfully Clicked On SearchButtonOfMailinator: 
Jul 14, 2025 10:07:11 AM base.LogResults createLogs
INFO: PASS - Successfully Clicked On SignUp OTP Mail: 
Proxy element for: DefaultElementLocator 'By.xpath: //iframe[@id='html_msg_body']'
[[ChromeDriver: chrome on windows (ee2d2cbe9ec83bebb35d351b8dfdee73)] -> xpath: //body[1]/div[1]/p[2]]
HTML content: <div class="container">            <div class="date" style="margin-left: 517px ; font-size: 12px ; font-weight: bold">   </div> <p>Dear User,</p><p>Thank you for signing up! To complete your registration, please enter the following One-Time Password (OTP) on the sign-up page: <b>140946</b> <br></p><p>This OTP is valid for <b>10</b> minutes.</p><p>If you encounter any issues or have any further questions, feel free to contact at Admin/HR Department.</p><p>Thank you,</p>MeghPI<br>101, Shreeji Complex  
Near ABC Circle, Satellite Road  
Ahmedabad, Gujarat 380015  
India<br>mantra@mantratec.com<br></div>    

<br><p style="text-align: justify ; margin: 0px" class="">This email and any files
transmitted with it are confidential and intended solely for the use of the
individual or entity to whom they are addressed. If you are not the named
addressee you should not disseminate, distribute or copy this e-mail. Please notify
the sender immediately by e-mail if you have received this e-mail by mistake
and delete this e-mail from your system.<br></p><div><b><i>?</i>?</b><br></div>
<br><br><br><br><br><br><br>
Jul 14, 2025 10:07:15 AM base.LogResults createLogs
INFO: PASS - Successfully Navigated To IFrame: 
140946this is OTP
Jul 14, 2025 10:07:15 AM base.LogResults createLogs
INFO: PASS - Successfully Extracted The OTP: 140946
Jul 14, 2025 10:07:15 AM base.LogResults createLogs
INFO: PASS - Successfully Navigated Back To Application: 
Jul 14, 2025 10:07:16 AM base.LogResults createLogs
INFO: PASS - OTP Sent To YOP Mail: 140946
Jul 14, 2025 10:07:16 AM base.LogResults createLogs
INFO: PASS - Successfully Entered The Captcha: 12345
Jul 14, 2025 10:07:16 AM base.LogResults createLogs
INFO: PASS - Successfully Clicked On VerifyAndLoginButton: 
Jul 14, 2025 10:07:18 AM base.LogResults createLogs
INFO: PASS - Successfully Selected VMS: 
Jul 14, 2025 10:07:19 AM base.LogResults createLogs
INFO: PASS - Successfully Selected CMS: 
Jul 14, 2025 10:07:19 AM base.LogResults createLogs
INFO: PASS - Successfully Clicked On SaveButton: 
Jul 14, 2025 10:07:22 AM base.LogResults createLogs
INFO: PASS - Successfully Clicked On PlanF: 
Jul 14, 2025 10:07:26 AM base.LogResults createLogs
INFO: PASS - Successfully Clicked On MakePaymentButton: 
Jul 14, 2025 10:07:31 AM base.LogResults createLogs
INFO: PASS - Successfully Clicked On Cards For Payment: 
5123456789012346
Jul 14, 2025 10:07:32 AM base.LogResults createLogs
INFO: PASS - Successfully Entered The Card Number: 5123456789012346
Jul 14, 2025 10:07:32 AM base.LogResults createLogs
INFO: PASS - Successfully Entered The Card ExpiryDate: 1225
Jul 14, 2025 10:07:32 AM base.LogResults createLogs
INFO: PASS - Successfully Entered The Card CVV: 123
Jul 14, 2025 10:07:32 AM base.LogResults createLogs
INFO: PASS - Successfully Entered The Card OwnerName: Test 
Jul 14, 2025 10:07:33 AM base.LogResults createLogs
INFO: PASS - Successfully Clicked On ProccedButton: 
Jul 14, 2025 10:07:38 AM base.LogResults createLogs
INFO: PASS - Successfully Entered The Payment OTP: 123456
Jul 14, 2025 10:07:38 AM base.LogResults createLogs
INFO: PASS - Successfully Clicked On OTPConfirmButton: 
Jul 14, 2025 10:07:41 AM base.LogResults createLogs
INFO: PASS - Successfully Clicked On BackToLoginButton: 
Jul 14, 2025 10:07:41 AM base.LogResults createLogs
INFO: PASS - Application Loaded Successfully: 
Jul 14, 2025 10:07:45 AM base.LogResults createLogs
INFO: PASS - Company Code Entered in Text Box: ADEL
Jul 14, 2025 10:07:45 AM base.LogResults createLogs
INFO: PASS - Login With Password Button Is Clicked: 
Jul 14, 2025 10:07:49 AM base.LogResults createLogs
INFO: PASS - Sign in Text Is Displayed: 
Jul 14, 2025 10:07:50 AM base.LogResults createLogs
INFO: PASS - Username Is Entered In Username Text Field: AutoE140725100639@mailinator.com
Jul 14, 2025 10:07:50 AM base.LogResults createLogs
INFO: PASS - Password Is Entered In Password Text Field: Pramod@1234
Jul 14, 2025 10:07:50 AM base.LogResults createLogs
INFO: PASS - Captcha Entered On Captcha Text Field: 12345
Jul 14, 2025 10:07:50 AM base.LogResults createLogs
INFO: PASS - Clicked On Login Button: 
Jul 14, 2025 10:07:51 AM base.LogResults createLogs
INFO: PASS - Clicked On MailCheck Button: 
Jul 14, 2025 10:07:54 AM base.LogResults createLogs
INFO: PASS - Successfully Open The New Tab And URL Is Passed: 
Jul 14, 2025 10:07:54 AM base.LogResults createLogs
INFO: PASS - Successfully Clicked On GetFreeTrailButton: 
Jul 14, 2025 10:07:55 AM base.LogResults createLogs
INFO: PASS - Successfully Clicked On PopupCloseButton: 
Jul 14, 2025 10:08:02 AM base.LogResults createLogs
INFO: PASS - Successfully Inputted Emp Name: AutoE140725100639
Jul 14, 2025 10:08:02 AM base.LogResults createLogs
INFO: PASS - Successfully Clicked On SearchButtonOfMailinator: 
Jul 14, 2025 10:08:02 AM base.LogResults createLogs
INFO: PASS - Except Application All Other Tabs Are Closed Successfully: 
Jul 14, 2025 10:08:04 AM base.LogResults createLogs
INFO: PASS - Successfully Clicked On Activation Mail Link: 
Proxy element for: DefaultElementLocator 'By.xpath: //iframe[@id='html_msg_body']'
[[ChromeDriver: chrome on windows (ee2d2cbe9ec83bebb35d351b8dfdee73)] -> xpath: //body[1]/div[1]/p[2]]
HTML content: TO : AutoE140725100639@mailinator.com<br>CC : <br>BCC : <br>                                                 <div class="container">            <div class="date" style="margin-left: 517px ; font-size: 12px ; font-weight: bold">   </div> <p>Dear, AutoCNZSHOD140725100639</p><p>Please click below link to activate your company:<br><b><a href="https://demo.meghpi.com/CompanyActivation?enc=0GO9HyHtV+aali+InApbkYPwTOr-5haUFiMm3nlDHBIDFlGpeZp-4SJMuSRp5ZIAVwisq9SbYLh02ywW1pN6Vg@@" target="_other" rel="nofollow">ACTIVATION_LINK</a></b><br></p><p>If you encounter any issues or have any further questions, feel free to contact at Admin/HR Department.</p><p>Thank you,</p>MeghPI<br>101, Shreeji Complex  
Near ABC Circle, Satellite Road  
Ahmedabad, Gujarat 380015  
India<br>mantra@mantratec.com<br></div>    

<br><p style="text-align: justify ; margin: 0px" class="">This email and any files
transmitted with it are confidential and intended solely for the use of the
individual or entity to whom they are addressed. If you are not the named
addressee you should not disseminate, distribute or copy this e-mail. Please notify
the sender immediately by e-mail if you have received this e-mail by mistake
and delete this e-mail from your system.<br></p><div><b><i>?</i>?</b><br></div>
<br><br><br><br><br><br><br>
Jul 14, 2025 10:08:08 AM base.LogResults createLogs
INFO: PASS - Successfully Navigated To IFrame: 
Jul 14, 2025 10:08:09 AM base.LogResults createLogs
INFO: PASS - Successfully Clicked On ActivationLink: 
Jul 14, 2025 10:08:13 AM base.LogResults createLogs
INFO: PASS - Successfully Navigated Back To Application: 
Jul 14, 2025 10:08:13 AM base.LogResults createLogs
INFO: PASS - Clicked On LoginHere Button: 
Jul 14, 2025 10:08:17 AM base.LogResults createLogs
INFO: PASS - Company Code Entered in Text Box: ADEL
Jul 14, 2025 10:08:17 AM base.LogResults createLogs
INFO: PASS - Login With Password Button Is Clicked: 
Jul 14, 2025 10:08:22 AM base.LogResults createLogs
INFO: PASS - Sign in Text Is Displayed: 
Jul 14, 2025 10:08:22 AM base.LogResults createLogs
INFO: PASS - Username Is Entered In Username Text Field: AutoE140725100639@mailinator.com
Jul 14, 2025 10:08:22 AM base.LogResults createLogs
INFO: PASS - Password Is Entered In Password Text Field: Pramod@1234
Jul 14, 2025 10:08:22 AM base.LogResults createLogs
INFO: PASS - Captcha Entered On Captcha Text Field: 12345
Jul 14, 2025 10:08:22 AM base.LogResults createLogs
INFO: PASS - Clicked On Login Button: 
Jul 14, 2025 10:08:25 AM base.LogResults createLogs
INFO: PASS - Clicked On CompanyDetails: 
Jul 14, 2025 10:08:26 AM base.LogResults createLogs
INFO: PASS - Industry Type Selected In the Dropdown: Software Industry
Jul 14, 2025 10:08:36 AM base.LogResults createLogs
INFO: PASS - Image Is Selected As Logo: ./data/images/Testing.jpg
Jul 14, 2025 10:08:37 AM base.LogResults createLogs
INFO: PASS - Entered CompanyWebsite Successfully: https://demo.meghpi.com/
Jul 14, 2025 10:08:37 AM base.LogResults createLogs
INFO: PASS - AddDetails Button Clicked Successfully: 
Jul 14, 2025 10:08:38 AM base.LogResults createLogs
INFO: PASS - Successfully Clicked On Add AddreessButton: 
Jul 14, 2025 10:08:39 AM base.LogResults createLogs
INFO: PASS - Successfully Selected Country From CountryDropdown: India
Jul 14, 2025 10:08:40 AM base.LogResults createLogs
INFO: FAIL - Error While Selecting State From StateDropdown : Cannot locate option with text: Gujarat 
For documentation on this error, please visit: https://www.selenium.dev/documentation/webdriver/troubleshooting/errors#no-such-element-exception
Build info: version: '4.34.0', revision: '707dcb4246*'
System info: os.name: 'Windows 10', os.arch: 'amd64', os.version: '10.0', java.version: '17.0.11'
Driver info: driver.version: unknown
Jul 14, 2025 10:08:40 AM base.LogResults createLogs
INFO: PASS - Successfully Enter The Company Address: #47, 5th cross, park view, shapath hexa, gujarat highcourt
Jul 14, 2025 10:08:40 AM base.LogResults createLogs
INFO: PASS - Successfully Enter The Company Address Zipcode: 560091
Jul 14, 2025 10:08:40 AM base.LogResults createLogs
INFO: PASS - Successfully Clicked On AddAddress Button: 
Jul 14, 2025 10:08:45 AM base.LogResults createLogs
INFO: FAIL - Error While Clicked On ContactDetails: element click intercepted: Element <p class="card-title">...</p> is not clickable at point (1152, 410). Other element would receive the click: <div class="custom-card">...</div>
  (Session info: chrome=138.0.7204.101)
Build info: version: '4.34.0', revision: '707dcb4246*'
System info: os.name: 'Windows 10', os.arch: 'amd64', os.version: '10.0', java.version: '17.0.11'
Driver info: org.openqa.selenium.chrome.ChromeDriver
Command: [ee2d2cbe9ec83bebb35d351b8dfdee73, clickElement {id=f.93F3A8E3D52BA55073E302BBE872CB7C.d.2A07CD60AA17E45914B295F87FD9F295.e.147}]
Capabilities {acceptInsecureCerts: true, browserName: chrome, browserVersion: 138.0.7204.101, chrome: {chromedriverVersion: 138.0.7204.94 (545025748884..., userDataDir: C:\Users\Pramod.C\AppData\L...}, fedcm:accounts: true, goog:chromeOptions: {debuggerAddress: localhost:57527}, networkConnectionEnabled: false, pageLoadStrategy: none, platformName: windows, proxy: Proxy(), se:cdp: ws://localhost:57527/devtoo..., se:cdpVersion: 138.0.7204.101, setWindowRect: true, strictFileInteractability: false, timeouts: {implicit: 0, pageLoad: 300000, script: 30000}, unhandledPromptBehavior: dismiss and notify, webauthn:extension:credBlob: true, webauthn:extension:largeBlob: true, webauthn:extension:minPinLength: true, webauthn:extension:prf: true, webauthn:virtualAuthenticators: true}
Element: [[ChromeDriver: chrome on windows (ee2d2cbe9ec83bebb35d351b8dfdee73)] -> xpath: //p[text()='Contact Details']]
Session ID: ee2d2cbe9ec83bebb35d351b8dfdee73
Jul 14, 2025 10:08:56 AM base.LogResults createLogs
INFO: FAIL - Error While Entering Contact Name: element not interactable
  (Session info: chrome=138.0.7204.101)
Build info: version: '4.34.0', revision: '707dcb4246*'
System info: os.name: 'Windows 10', os.arch: 'amd64', os.version: '10.0', java.version: '17.0.11'
Driver info: org.openqa.selenium.chrome.ChromeDriver
Command: [ee2d2cbe9ec83bebb35d351b8dfdee73, sendKeysToElement {value=[Ljava.lang.CharSequence;@59aba3c3, id=f.93F3A8E3D52BA55073E302BBE872CB7C.d.2A07CD60AA17E45914B295F87FD9F295.e.78}]
Capabilities {acceptInsecureCerts: true, browserName: chrome, browserVersion: 138.0.7204.101, chrome: {chromedriverVersion: 138.0.7204.94 (545025748884..., userDataDir: C:\Users\Pramod.C\AppData\L...}, fedcm:accounts: true, goog:chromeOptions: {debuggerAddress: localhost:57527}, networkConnectionEnabled: false, pageLoadStrategy: none, platformName: windows, proxy: Proxy(), se:cdp: ws://localhost:57527/devtoo..., se:cdpVersion: 138.0.7204.101, setWindowRect: true, strictFileInteractability: false, timeouts: {implicit: 0, pageLoad: 300000, script: 30000}, unhandledPromptBehavior: dismiss and notify, webauthn:extension:credBlob: true, webauthn:extension:largeBlob: true, webauthn:extension:minPinLength: true, webauthn:extension:prf: true, webauthn:virtualAuthenticators: true}
Element: [[ChromeDriver: chrome on windows (ee2d2cbe9ec83bebb35d351b8dfdee73)] -> xpath: //input[@id='txtPrimaryContactName']]
Session ID: ee2d2cbe9ec83bebb35d351b8dfdee73
Jul 14, 2025 10:09:06 AM base.LogResults createLogs
INFO: FAIL - Error While Entering Phone Number: element not interactable
  (Session info: chrome=138.0.7204.101)
Build info: version: '4.34.0', revision: '707dcb4246*'
System info: os.name: 'Windows 10', os.arch: 'amd64', os.version: '10.0', java.version: '17.0.11'
Driver info: org.openqa.selenium.chrome.ChromeDriver
Command: [ee2d2cbe9ec83bebb35d351b8dfdee73, sendKeysToElement {value=[Ljava.lang.CharSequence;@544300a6, id=f.93F3A8E3D52BA55073E302BBE872CB7C.d.2A07CD60AA17E45914B295F87FD9F295.e.79}]
Capabilities {acceptInsecureCerts: true, browserName: chrome, browserVersion: 138.0.7204.101, chrome: {chromedriverVersion: 138.0.7204.94 (545025748884..., userDataDir: C:\Users\Pramod.C\AppData\L...}, fedcm:accounts: true, goog:chromeOptions: {debuggerAddress: localhost:57527}, networkConnectionEnabled: false, pageLoadStrategy: none, platformName: windows, proxy: Proxy(), se:cdp: ws://localhost:57527/devtoo..., se:cdpVersion: 138.0.7204.101, setWindowRect: true, strictFileInteractability: false, timeouts: {implicit: 0, pageLoad: 300000, script: 30000}, unhandledPromptBehavior: dismiss and notify, webauthn:extension:credBlob: true, webauthn:extension:largeBlob: true, webauthn:extension:minPinLength: true, webauthn:extension:prf: true, webauthn:virtualAuthenticators: true}
Element: [[ChromeDriver: chrome on windows (ee2d2cbe9ec83bebb35d351b8dfdee73)] -> xpath: //input[@id='txtPrimaryContactNumber']]
Session ID: ee2d2cbe9ec83bebb35d351b8dfdee73
Jul 14, 2025 10:09:17 AM base.LogResults createLogs
INFO: FAIL - Error While Entering Email ID: element not interactable
  (Session info: chrome=138.0.7204.101)
Build info: version: '4.34.0', revision: '707dcb4246*'
System info: os.name: 'Windows 10', os.arch: 'amd64', os.version: '10.0', java.version: '17.0.11'
Driver info: org.openqa.selenium.chrome.ChromeDriver
Command: [ee2d2cbe9ec83bebb35d351b8dfdee73, sendKeysToElement {value=[Ljava.lang.CharSequence;@443b6765, id=f.93F3A8E3D52BA55073E302BBE872CB7C.d.2A07CD60AA17E45914B295F87FD9F295.e.80}]
Capabilities {acceptInsecureCerts: true, browserName: chrome, browserVersion: 138.0.7204.101, chrome: {chromedriverVersion: 138.0.7204.94 (545025748884..., userDataDir: C:\Users\Pramod.C\AppData\L...}, fedcm:accounts: true, goog:chromeOptions: {debuggerAddress: localhost:57527}, networkConnectionEnabled: false, pageLoadStrategy: none, platformName: windows, proxy: Proxy(), se:cdp: ws://localhost:57527/devtoo..., se:cdpVersion: 138.0.7204.101, setWindowRect: true, strictFileInteractability: false, timeouts: {implicit: 0, pageLoad: 300000, script: 30000}, unhandledPromptBehavior: dismiss and notify, webauthn:extension:credBlob: true, webauthn:extension:largeBlob: true, webauthn:extension:minPinLength: true, webauthn:extension:prf: true, webauthn:virtualAuthenticators: true}
Element: [[ChromeDriver: chrome on windows (ee2d2cbe9ec83bebb35d351b8dfdee73)] -> xpath: //input[@id='txtPrimaryContactEmail']]
Session ID: ee2d2cbe9ec83bebb35d351b8dfdee73
Jul 14, 2025 10:09:17 AM base.LogResults createLogs
INFO: FAIL - Skipping rest steps as error count reached configured value : 5
Jul 14, 2025 10:09:17 AM base.LogResults onlyLog
INFO: Failed - MeghLoginTest-MPI_4_Login_Page_04-Verify that upon entering a valid company code and clicking the Login with OTP button, the user is redirected to the Login with OTP page and an OTP is sent to the provided email address.
---------------------------------------------------------------
MeghLoginTestMPI_4_Login_Page_04
Jul 14, 2025 10:09:17 AM base.LogResults onlyLog
INFO: Total Pass : 0 Total Fail : 1  Total TC : 1
---------------------------------------------------------------
Test case took: 154.6404 seconds
Total TC Time: 00:02:34
Launching Driver...
Jul 14, 2025 10:09:19 AM org.openqa.selenium.devtools.CdpVersionFinder findNearestMatch
WARNING: Unable to find an exact match for CDP version 138, returning the closest version; found: 137; Please update to a Selenium version that supports CDP version 138
Jul 14, 2025 10:09:21 AM base.LogResults createLogs
INFO: PASS - Application Loaded Successfully: 
