>> Console logging redirected to data/console.log
Continuing with Existing Master Data due to threshold value:110725-110725-ThreSld->3
cmpcode and emailidAFHUAutoE110725095836@mailinator.com
Launching Driver...
SLF4J(W): No SLF4J providers were found.
SLF4J(W): Defaulting to no-operation (NOP) logger implementation
SLF4J(W): See https://www.slf4j.org/codes.html#noProviders for further details.
Jul 11, 2025 6:13:30 PM org.openqa.selenium.devtools.CdpVersionFinder findNearestMatch
WARNING: Unable to find an exact match for CDP version 138, returning the closest version; found: 137; Please update to a Selenium version that supports CDP version 138
Jul 11, 2025 6:13:30 PM base.LogResults createLogs
INFO: PASS - Application Loaded Successfully: 
Jul 11, 2025 6:13:35 PM base.LogResults createLogs
INFO: PASS - Company Code Entered in Text Box: AFHU
Jul 11, 2025 6:13:35 PM base.LogResults createLogs
INFO: PASS - Login With Password Button Is Clicked: 
Jul 11, 2025 6:13:39 PM base.LogResults createLogs
INFO: PASS - Sign in Text Is Displayed: 
Jul 11, 2025 6:13:39 PM base.LogResults createLogs
INFO: PASS - Username Is Entered In Username Text Field: AutoE110725095836@mailinator.com
Jul 11, 2025 6:13:39 PM base.LogResults createLogs
INFO: PASS - Password Is Entered In Password Text Field: Pramod@1234
Jul 11, 2025 6:13:40 PM base.LogResults createLogs
INFO: PASS - Captcha Entered On Captcha Text Field: 12345
Jul 11, 2025 6:13:40 PM base.LogResults createLogs
INFO: PASS - Clicked On Login Button: 
Jul 11, 2025 6:13:41 PM base.LogResults createLogs
INFO: PASS - login Validated Successfully: 
Jul 11, 2025 6:13:46 PM base.LogResults createLogs
INFO: PASS - Directory Button Clicked Successfully: 
Jul 11, 2025 6:13:48 PM base.LogResults createLogs
INFO: PASS - Directory Page Loaded Successfully: 
Jul 11, 2025 6:13:48 PM base.LogResults createLogs
INFO: PASS - Company Tab  Clicked Successfully: 
Jul 11, 2025 6:13:49 PM base.LogResults createLogs
INFO: PASS - Team Button  Clicked Successfully: 
Jul 11, 2025 6:13:49 PM base.LogResults createLogs
INFO: PASS - Add Team Button  Clicked Successfully: 
Jul 11, 2025 6:13:50 PM base.LogResults createLogs
INFO: PASS - Team Name Is Entered In Team Name Text Field: AutoTN110725095836JYQ
Jul 11, 2025 6:13:51 PM base.LogResults createLogs
INFO: PASS - Team Save Button  Clicked Successfully: 
Jul 11, 2025 6:13:54 PM base.LogResults createLogs
INFO: PASS - TeamMapping Button  Clicked Successfully: 
Jul 11, 2025 6:13:54 PM base.LogResults createLogs
INFO: PASS - AddTeamMapping Button  Clicked Successfully: 
Jul 11, 2025 6:13:55 PM base.LogResults createLogs
INFO: PASS - Team Name Selected Successfully: AutoTN110725095836JYQ
Jul 11, 2025 6:13:56 PM base.LogResults createLogs
INFO: PASS - Department DropDown Clicked Successfully: 
Jul 11, 2025 6:13:56 PM base.LogResults createLogs
INFO: PASS - Department Name Inputted Successfully: 
Jul 11, 2025 6:13:59 PM base.LogResults createLogs
INFO: PASS - Department Name Selected Successfully: 
Jul 11, 2025 6:13:59 PM base.LogResults createLogs
INFO: PASS - Add Team Mapping Saved Successfully: 
Jul 11, 2025 6:14:08 PM base.LogResults createLogs
INFO: PASS - Directory Button Clicked Successfully: 
Jul 11, 2025 6:14:10 PM base.LogResults createLogs
INFO: PASS - Directory Page Loaded Successfully: 
Jul 11, 2025 6:14:10 PM base.LogResults createLogs
INFO: PASS - Clicked On EmployeeTab Successfully: 
Jul 11, 2025 6:14:12 PM base.LogResults createLogs
INFO: PASS - Directory Page Loaded Successfully: 
Jul 11, 2025 6:14:12 PM base.LogResults createLogs
INFO: PASS - Created Employee Displayed Successfully: 
Jul 11, 2025 6:14:12 PM base.LogResults createLogs
INFO: PASS - Successfully Clicked On First Employee Record 3dots: 
Jul 11, 2025 6:14:12 PM base.LogResults createLogs
INFO: PASS - Successfully Clicked On First Employee Record ManageProfileButton: 
Jul 11, 2025 6:14:22 PM base.LogResults createLogs
INFO: PASS - Successfully Clicked On First Employee Manage Profile EditIcon: 
Jul 11, 2025 6:14:22 PM base.LogResults createLogs
INFO: PASS - Successfully Clicked On DepartmentDropDown : 
Jul 11, 2025 6:14:24 PM base.LogResults createLogs
INFO: PASS - Successfully Input The DeptName : 
Jul 11, 2025 6:14:26 PM base.LogResults createLogs
INFO: PASS - Successfully Selected DeptName : 
Jul 11, 2025 6:14:29 PM base.LogResults createLogs
INFO: PASS - Successfully Clicked On TeamDropDown: 
Jul 11, 2025 6:14:31 PM base.LogResults createLogs
INFO: PASS - Successfully Inputted Team Name: AutoTN110725095836JYQ
Jul 11, 2025 6:14:33 PM base.LogResults createLogs
INFO: PASS - Successfully Displayed Team Name: 
Jul 11, 2025 6:14:35 PM base.LogResults onlyLog
INFO: Passed - MeghMasterTeamMappingTest-MPI_528_TeamMapping_11-To verify this, create a new team, click the edit icon of an already mapped team record, select the new team name and map it. Then, navigate to the employee profile and ensure that after selecting the department, the new mapped team name is displayed in the team dropdown.
---------------------------------------------------------------
MeghMasterTeamMappingTestMPI_528_TeamMapping_11
Jul 11, 2025 6:14:35 PM base.LogResults onlyLog
INFO: Total Pass : 1 Total Fail : 0  Total TC : 1
---------------------------------------------------------------
Test case took: 65.1215 seconds
Total TC Time: 00:01:05
Launching Driver...
Jul 11, 2025 6:14:37 PM org.openqa.selenium.devtools.CdpVersionFinder findNearestMatch
WARNING: Unable to find an exact match for CDP version 138, returning the closest version; found: 137; Please update to a Selenium version that supports CDP version 138
Jul 11, 2025 6:14:39 PM base.LogResults createLogs
INFO: PASS - Application Loaded Successfully: 
Jul 11, 2025 6:14:43 PM base.LogResults createLogs
INFO: PASS - Company Code Entered in Text Box: AFHU
Jul 11, 2025 6:14:43 PM base.LogResults createLogs
INFO: PASS - Login With Password Button Is Clicked: 
Jul 11, 2025 6:14:47 PM base.LogResults createLogs
INFO: PASS - Sign in Text Is Displayed: 
Jul 11, 2025 6:14:47 PM base.LogResults createLogs
INFO: PASS - Username Is Entered In Username Text Field: AutoE110725095836@mailinator.com
Jul 11, 2025 6:14:48 PM base.LogResults createLogs
INFO: PASS - Password Is Entered In Password Text Field: Pramod@1234
Jul 11, 2025 6:14:48 PM base.LogResults createLogs
INFO: PASS - Captcha Entered On Captcha Text Field: 12345
Jul 11, 2025 6:14:48 PM base.LogResults createLogs
INFO: PASS - Clicked On Login Button: 
Jul 11, 2025 6:14:50 PM base.LogResults createLogs
INFO: PASS - login Validated Successfully: 
Jul 11, 2025 6:14:57 PM base.LogResults createLogs
INFO: PASS - Directory Button Clicked Successfully: 
Jul 11, 2025 6:14:59 PM base.LogResults createLogs
INFO: PASS - Directory Page Loaded Successfully: 
Jul 11, 2025 6:14:59 PM base.LogResults createLogs
INFO: PASS - Company Tab  Clicked Successfully: 
Jul 11, 2025 6:15:00 PM base.LogResults createLogs
INFO: PASS - Team Button  Clicked Successfully: 
Jul 11, 2025 6:15:00 PM base.LogResults createLogs
INFO: PASS - TeamMapping Button  Clicked Successfully: 
Jul 11, 2025 6:15:00 PM base.LogResults createLogs
INFO: PASS - Mapped Team Name Inputted Successfully: 
Jul 11, 2025 6:15:05 PM base.LogResults createLogs
INFO: PASS - Mapped Team Name Toggle Switch Enabled Successfully: 
Jul 11, 2025 6:15:07 PM base.LogResults createLogs
INFO: PASS -  Successfully Clicked On Ok Button : 
Jul 11, 2025 6:15:16 PM base.LogResults createLogs
INFO: PASS - Directory Button Clicked Successfully: 
Jul 11, 2025 6:15:17 PM base.LogResults createLogs
INFO: PASS - Directory Page Loaded Successfully: 
Jul 11, 2025 6:15:18 PM base.LogResults createLogs
INFO: PASS - Clicked On EmployeeTab Successfully: 
Jul 11, 2025 6:15:19 PM base.LogResults createLogs
INFO: PASS - Directory Page Loaded Successfully: 
Jul 11, 2025 6:15:19 PM base.LogResults createLogs
INFO: PASS - Created Employee Displayed Successfully: 
Jul 11, 2025 6:15:19 PM base.LogResults createLogs
INFO: PASS - Successfully Clicked On First Employee Record 3dots: 
Jul 11, 2025 6:15:20 PM base.LogResults createLogs
INFO: PASS - Successfully Clicked On First Employee Record ManageProfileButton: 
Jul 11, 2025 6:15:29 PM base.LogResults createLogs
INFO: PASS - Successfully Clicked On First Employee Manage Profile EditIcon: 
Jul 11, 2025 6:15:31 PM base.LogResults createLogs
INFO: PASS - Successfully Clicked On DepartmentDropDown : 
Jul 11, 2025 6:15:34 PM base.LogResults createLogs
INFO: PASS - Successfully Input The DeptName : 
Jul 11, 2025 6:15:36 PM base.LogResults createLogs
INFO: PASS - Successfully Selected DeptName : 
Jul 11, 2025 6:15:36 PM base.LogResults createLogs
INFO: PASS - Successfully Clicked On TeamDropDown: 
Jul 11, 2025 6:15:38 PM base.LogResults createLogs
INFO: PASS - Successfully Inputted Team Name: 
Jul 11, 2025 6:15:51 PM base.LogResults createLogs
INFO: FAIL - Error while Displaying Error Msg : no such element: Unable to locate element: {"method":"xpath","selector":"//li[text()='No results found']"}
  (Session info: chrome=138.0.7204.98)
For documentation on this error, please visit: https://www.selenium.dev/documentation/webdriver/troubleshooting/errors#no-such-element-exception
Build info: version: '4.34.0', revision: '707dcb4246*'
System info: os.name: 'Windows 10', os.arch: 'amd64', os.version: '10.0', java.version: '17.0.11'
Driver info: org.openqa.selenium.chrome.ChromeDriver
Command: [78b5d5c4c25d9c2475da7fc27b0568d5, findElement {using=xpath, value=//li[text()='No results found']}]
Capabilities {acceptInsecureCerts: true, browserName: chrome, browserVersion: 138.0.7204.98, chrome: {chromedriverVersion: 138.0.7204.94 (545025748884..., userDataDir: C:\Users\Pramod.C\AppData\L...}, fedcm:accounts: true, goog:chromeOptions: {debuggerAddress: localhost:56421}, networkConnectionEnabled: false, pageLoadStrategy: none, platformName: windows, proxy: Proxy(), se:cdp: ws://localhost:56421/devtoo..., se:cdpVersion: 138.0.7204.98, setWindowRect: true, strictFileInteractability: false, timeouts: {implicit: 0, pageLoad: 300000, script: 30000}, unhandledPromptBehavior: dismiss and notify, webauthn:extension:credBlob: true, webauthn:extension:largeBlob: true, webauthn:extension:minPinLength: true, webauthn:extension:prf: true, webauthn:virtualAuthenticators: true}
Session ID: 78b5d5c4c25d9c2475da7fc27b0568d5
Jul 11, 2025 6:15:53 PM base.LogResults onlyLog
INFO: Failed - MeghMasterTeamMappingTest-MPI_529_TeamMapping_12-To verify this, disable the team that is mapped with the QC (Mantra) department, and ensure that after disabling the team, when the QC department is selected in the employee profile and the team dropdown is clicked, the disabled team is not displayed.
---------------------------------------------------------------
MeghMasterTeamMappingTestMPI_529_TeamMapping_12
Jul 11, 2025 6:15:53 PM base.LogResults onlyLog
INFO: Total Pass : 1 Total Fail : 1  Total TC : 2
---------------------------------------------------------------
Test case took: 75.1700 seconds
Total TC Time: 00:02:20
Launching Driver...
Jul 11, 2025 6:15:55 PM org.openqa.selenium.devtools.CdpVersionFinder findNearestMatch
WARNING: Unable to find an exact match for CDP version 138, returning the closest version; found: 137; Please update to a Selenium version that supports CDP version 138
Jul 11, 2025 6:15:57 PM base.LogResults createLogs
INFO: PASS - Application Loaded Successfully: 
Jul 11, 2025 6:16:01 PM base.LogResults createLogs
INFO: PASS - Company Code Entered in Text Box: AFHU
Jul 11, 2025 6:16:01 PM base.LogResults createLogs
INFO: PASS - Login With Password Button Is Clicked: 
Jul 11, 2025 6:16:05 PM base.LogResults createLogs
INFO: PASS - Sign in Text Is Displayed: 
Jul 11, 2025 6:16:05 PM base.LogResults createLogs
INFO: PASS - Username Is Entered In Username Text Field: AutoE110725095836@mailinator.com
Jul 11, 2025 6:16:06 PM base.LogResults createLogs
INFO: PASS - Password Is Entered In Password Text Field: Pramod@1234
Jul 11, 2025 6:16:06 PM base.LogResults createLogs
INFO: PASS - Captcha Entered On Captcha Text Field: 12345
Jul 11, 2025 6:16:06 PM base.LogResults createLogs
INFO: PASS - Clicked On Login Button: 
Jul 11, 2025 6:16:08 PM base.LogResults createLogs
INFO: PASS - login Validated Successfully: 
Jul 11, 2025 6:16:15 PM base.LogResults createLogs
INFO: PASS - Directory Button Clicked Successfully: 
Jul 11, 2025 6:16:17 PM base.LogResults createLogs
INFO: PASS - Directory Page Loaded Successfully: 
Jul 11, 2025 6:16:17 PM base.LogResults createLogs
INFO: PASS - Company Tab  Clicked Successfully: 
Jul 11, 2025 6:16:18 PM base.LogResults createLogs
INFO: PASS - Team Button  Clicked Successfully: 
Jul 11, 2025 6:16:19 PM base.LogResults createLogs
INFO: PASS - TeamMapping Button  Clicked Successfully: 
Jul 11, 2025 6:16:19 PM base.LogResults createLogs
INFO: PASS - Mapped Team Name Inputted Successfully: 
Jul 11, 2025 6:16:24 PM base.LogResults createLogs
INFO: PASS - Mapped Team Name Toggle Switch Enabled Successfully: 
Jul 11, 2025 6:16:26 PM base.LogResults createLogs
INFO: PASS -  Successfully Clicked On Ok Button : 
Jul 11, 2025 6:16:35 PM base.LogResults createLogs
INFO: PASS - Directory Button Clicked Successfully: 
Jul 11, 2025 6:16:36 PM base.LogResults createLogs
INFO: PASS - Directory Page Loaded Successfully: 
Jul 11, 2025 6:16:37 PM base.LogResults createLogs
INFO: PASS - Clicked On EmployeeTab Successfully: 
Jul 11, 2025 6:16:38 PM base.LogResults createLogs
INFO: PASS - Directory Page Loaded Successfully: 
Jul 11, 2025 6:16:38 PM base.LogResults createLogs
INFO: PASS - Created Employee Displayed Successfully: 
Jul 11, 2025 6:16:38 PM base.LogResults createLogs
INFO: PASS - Successfully Clicked On First Employee Record 3dots: 
Jul 11, 2025 6:16:39 PM base.LogResults createLogs
INFO: PASS - Successfully Clicked On First Employee Record ManageProfileButton: 
Jul 11, 2025 6:16:48 PM base.LogResults createLogs
INFO: PASS - Successfully Clicked On First Employee Manage Profile EditIcon: 
Jul 11, 2025 6:16:50 PM base.LogResults createLogs
INFO: PASS - Successfully Clicked On DepartmentDropDown : 
Jul 11, 2025 6:16:53 PM base.LogResults createLogs
INFO: PASS - Successfully Input The DeptName : 
Jul 11, 2025 6:16:55 PM base.LogResults createLogs
INFO: PASS - Successfully Selected DeptName : 
Jul 11, 2025 6:16:57 PM base.LogResults createLogs
INFO: PASS - Successfully Clicked On TeamDropDown: 
Jul 11, 2025 6:16:59 PM base.LogResults createLogs
INFO: PASS - Successfully Inputted Team Name: 
Jul 11, 2025 6:17:01 PM base.LogResults createLogs
INFO: PASS - Successfully Displayed Team Name: 
Jul 11, 2025 6:17:03 PM base.LogResults onlyLog
INFO: Passed - MeghMasterTeamMappingTest-MPI_535_TeamMapping_16-"To verify this, enable the mapped team that was previously inactivated and ensure that after enabling, the mapped team name is displayed in the team dropdown of the employee profile."
---------------------------------------------------------------
MeghMasterTeamMappingTestMPI_535_TeamMapping_16
Jul 11, 2025 6:17:03 PM base.LogResults onlyLog
INFO: Total Pass : 2 Total Fail : 1  Total TC : 3
---------------------------------------------------------------
Test case took: 68.2599 seconds
Total TC Time: 00:03:28
Launching Driver...
Jul 11, 2025 6:17:06 PM org.openqa.selenium.devtools.CdpVersionFinder findNearestMatch
WARNING: Unable to find an exact match for CDP version 138, returning the closest version; found: 137; Please update to a Selenium version that supports CDP version 138
Jul 11, 2025 6:17:06 PM base.LogResults createLogs
INFO: PASS - Application Loaded Successfully: 
Jul 11, 2025 6:17:10 PM base.LogResults createLogs
INFO: PASS - Company Code Entered in Text Box: AFHU
Jul 11, 2025 6:17:10 PM base.LogResults createLogs
INFO: PASS - Login With Password Button Is Clicked: 
Jul 11, 2025 6:17:15 PM base.LogResults createLogs
INFO: PASS - Sign in Text Is Displayed: 
Jul 11, 2025 6:17:15 PM base.LogResults createLogs
INFO: PASS - Username Is Entered In Username Text Field: AutoE110725095836@mailinator.com
Jul 11, 2025 6:17:15 PM base.LogResults createLogs
INFO: PASS - Password Is Entered In Password Text Field: Pramod@1234
Jul 11, 2025 6:17:15 PM base.LogResults createLogs
INFO: PASS - Captcha Entered On Captcha Text Field: 12345
Jul 11, 2025 6:17:15 PM base.LogResults createLogs
INFO: PASS - Clicked On Login Button: 
Jul 11, 2025 6:17:17 PM base.LogResults createLogs
INFO: PASS - login Validated Successfully: 
Jul 11, 2025 6:17:25 PM base.LogResults createLogs
INFO: PASS - Directory Button Clicked Successfully: 
Jul 11, 2025 6:17:26 PM base.LogResults createLogs
INFO: PASS - Directory Page Loaded Successfully: 
Jul 11, 2025 6:17:27 PM base.LogResults createLogs
INFO: PASS - Clicked On EmployeeTab Successfully: 
Jul 11, 2025 6:17:28 PM base.LogResults createLogs
INFO: PASS - Directory Page Loaded Successfully: 
Jul 11, 2025 6:17:28 PM base.LogResults createLogs
INFO: PASS - Clicked On SearchDropDown Successfully: 
Jul 11, 2025 6:17:29 PM base.LogResults createLogs
INFO: PASS - Selected  LasTName  Successfully: 
Jul 11, 2025 6:17:29 PM base.LogResults createLogs
INFO: PASS - Clicked On SearchDropDown Successfully: 
Jul 11, 2025 6:17:33 PM base.LogResults createLogs
INFO: PASS - Clicked On Search Text Field And Pass The Created Employee LastName Successfully: 
Jul 11, 2025 6:17:36 PM base.LogResults createLogs
INFO: PASS - Created Employee Displayed Successfully: 
Jul 11, 2025 6:17:37 PM base.LogResults createLogs
INFO: PASS - Successfully Clicked On First Employee Record 3dots: 
Jul 11, 2025 6:17:37 PM base.LogResults createLogs
INFO: PASS - Successfully Clicked On First Employee Record ManageProfileButton: 
Jul 11, 2025 6:17:46 PM base.LogResults createLogs
INFO: PASS - Successfully Clicked On First Employee Manage Profile EditIcon: 
Jul 11, 2025 6:17:47 PM base.LogResults createLogs
INFO: PASS - Successfully Clicked On DepartmentDropDown : 
Jul 11, 2025 6:17:49 PM base.LogResults createLogs
INFO: PASS - Successfully Input The DeptName : 
Jul 11, 2025 6:17:51 PM base.LogResults createLogs
INFO: PASS - Successfully Selected DeptName : 
Jul 11, 2025 6:17:53 PM base.LogResults createLogs
INFO: PASS - Successfully Selected  Designation From Dropdown: AutoDN110725095836
Jul 11, 2025 6:18:00 PM base.LogResults createLogs
INFO: FAIL - Error while Selecting Team From Dropdown : Cannot locate option with text: 
For documentation on this error, please visit: https://www.selenium.dev/documentation/webdriver/troubleshooting/errors#no-such-element-exception
Build info: version: '4.34.0', revision: '707dcb4246*'
System info: os.name: 'Windows 10', os.arch: 'amd64', os.version: '10.0', java.version: '17.0.11'
Driver info: driver.version: unknown
Jul 11, 2025 6:18:06 PM base.LogResults createLogs
INFO: PASS - Successfully Enter The Pin: 1989
Jul 11, 2025 6:18:12 PM base.LogResults createLogs
INFO: PASS - SaveChanges Button Clicked Successfully: 
Jul 11, 2025 6:18:20 PM base.LogResults createLogs
INFO: PASS - DefaultPolicy Button Clicked Successfully: 
Jul 11, 2025 6:18:27 PM base.LogResults createLogs
INFO: PASS - Directory Button Clicked Successfully: 
Jul 11, 2025 6:18:29 PM base.LogResults createLogs
INFO: PASS - Directory Page Loaded Successfully: 
Jul 11, 2025 6:18:29 PM base.LogResults createLogs
INFO: PASS - Company Tab  Clicked Successfully: 
Jul 11, 2025 6:18:30 PM base.LogResults createLogs
INFO: PASS - Team Button  Clicked Successfully: 
Jul 11, 2025 6:18:30 PM base.LogResults createLogs
INFO: PASS - TeamMapping Button  Clicked Successfully: 
Jul 11, 2025 6:18:30 PM base.LogResults createLogs
INFO: PASS - Mapped Team Name Inputted Successfully: 
Jul 11, 2025 6:18:35 PM base.LogResults createLogs
INFO: PASS - Mapped Team Name Toggle Switch Enabled Successfully: 
Jul 11, 2025 6:18:37 PM base.LogResults createLogs
INFO: PASS -  Successfully Clicked On Ok Button : 
Jul 11, 2025 6:18:37 PM base.LogResults createLogs
INFO: PASS -  Successfully Displayed Error Message : 
Jul 11, 2025 6:18:37 PM base.LogResults onlyLog
INFO: Failed - MeghMasterTeamMappingTest-MPI_533_TeamMapping_15-To verify this, after assigning a mapped team to any employee, try to disable the team and ensure that a proper error message is displayed.
---------------------------------------------------------------
MeghMasterTeamMappingTestMPI_533_TeamMapping_15
Jul 11, 2025 6:18:37 PM base.LogResults onlyLog
INFO: Total Pass : 2 Total Fail : 2  Total TC : 4
---------------------------------------------------------------
Test case took: 91.4301 seconds
Total TC Time: 00:04:59

===============================================
Suite
Total tests run: 4, Passes: 4, Failures: 0, Skips: 0
===============================================

