>> Console logging redirected to data/console.log
Continuing with Existing Master Data due to threshold value:060825-060825-ThreSld->3
cmpcode and emailidAGFCAutoE060825091631@mailinator.com
Launching Driver...
SLF4J(W): No SLF4J providers were found.
SLF4J(W): Defaulting to no-operation (NOP) logger implementation
SLF4J(W): See https://www.slf4j.org/codes.html#noProviders for further details.
Aug 06, 2025 1:23:57 PM org.openqa.selenium.devtools.CdpVersionFinder findNearestMatch
WARNING: Unable to find an exact match for CDP version 138, returning the closest version; found: 137; Please update to a Selenium version that supports CDP version 138
Error Index 1 out of bounds for length 1
Aug 06, 2025 1:23:59 PM base.LogResults createLogs
INFO: PASS -  Application loaded successfully.
Aug 06, 2025 1:24:03 PM base.LogResults createLogs
INFO: PASS -  Company code entered successfully.AGFC
Aug 06, 2025 1:24:03 PM base.LogResults createLogs
INFO: PASS - Clicked On 'Login with Password' successfully.
Aug 06, 2025 1:24:07 PM base.LogResults createLogs
INFO: PASS -  Sign-in section appeared.
Aug 06, 2025 1:24:07 PM base.LogResults createLogs
INFO: PASS -  Email Id entered.AutoE060825091631@mailinator.com
Aug 06, 2025 1:24:08 PM base.LogResults createLogs
INFO: PASS -  Password entered.Pramod@1234
Aug 06, 2025 1:24:08 PM base.LogResults createLogs
INFO: PASS -  Captcha entered.12345
Aug 06, 2025 1:24:08 PM base.LogResults createLogs
INFO: PASS -  Sign-in button clicked.
Aug 06, 2025 1:24:10 PM base.LogResults createLogs
INFO: PASS -  Login validated successfully And Good Text Is Displayed.
Aug 06, 2025 1:24:11 PM base.LogResults createLogs
INFO: PASS - Login Done Successfully: 
Aug 06, 2025 1:24:15 PM base.LogResults createLogs
INFO: PASS - Admin Manage Button Clicked Successfully: 
Aug 06, 2025 1:24:20 PM base.LogResults createLogs
INFO: PASS - Directory Button Clicked Successfully: 
Aug 06, 2025 1:24:21 PM base.LogResults createLogs
INFO: PASS - Directory Page Loaded Successfully: 
Aug 06, 2025 1:24:21 PM base.LogResults createLogs
INFO: PASS - Company Tab  Clicked Successfully: 
Aug 06, 2025 1:24:22 PM base.LogResults createLogs
INFO: PASS - Team Drop Icon  Clicked Successfully: 
Aug 06, 2025 1:24:23 PM base.LogResults createLogs
INFO: PASS - Team Button  Clicked Successfully: 
Aug 06, 2025 1:24:23 PM base.LogResults createLogs
INFO: PASS - Team Page Loaded Successfully: 
Aug 06, 2025 1:24:23 PM base.LogResults createLogs
INFO: PASS - Add Team Button  Clicked Successfully: 
Aug 06, 2025 1:24:24 PM base.LogResults createLogs
INFO: PASS - Team Name Is Entered In Team Name Text Field: AutoTN060825091631OWJ
Aug 06, 2025 1:24:24 PM base.LogResults createLogs
INFO: PASS - Team Description Is Entered In Team Description Text Field: Autoteamdescription060825091631
Aug 06, 2025 1:24:25 PM base.LogResults createLogs
INFO: PASS - Team Save Button  Clicked Successfully: 
Aug 06, 2025 1:24:28 PM base.LogResults createLogs
INFO: PASS - Team Drop Icon  Clicked Successfully: 
Aug 06, 2025 1:24:28 PM base.LogResults createLogs
INFO: PASS - TeamMapping Button  Clicked Successfully: 
Aug 06, 2025 1:24:28 PM base.LogResults createLogs
INFO: PASS - AddTeamMapping Button  Clicked Successfully: 
Aug 06, 2025 1:24:31 PM base.LogResults createLogs
INFO: PASS - TeamDropDown  Clicked Successfully: 
Aug 06, 2025 1:24:33 PM base.LogResults createLogs
INFO: PASS - Team Name Inputted In TeamDropDwonTextField  Successfully: 
Aug 06, 2025 1:24:35 PM base.LogResults createLogs
INFO: PASS - Team Displayed Successfully: 
Aug 06, 2025 1:24:35 PM base.LogResults onlyLog
INFO: Passed - Attendance-MPI_212_Team_01-To verify this, create an team and check whether created team is displayed in the team mapping  > team dropdown
---------------------------------------------------------------
AttendanceMPI_212_Team_01
Aug 06, 2025 1:24:35 PM base.LogResults onlyLog
INFO: Total Pass : 1 Total Fail : 0  Total TC : 1
---------------------------------------------------------------
Test case took: 37.8725 seconds
Total TC Time: 00:00:37
Launching Driver...
Aug 06, 2025 1:24:37 PM org.openqa.selenium.devtools.CdpVersionFinder findNearestMatch
WARNING: Unable to find an exact match for CDP version 138, returning the closest version; found: 137; Please update to a Selenium version that supports CDP version 138
Error Index 1 out of bounds for length 1
Aug 06, 2025 1:24:39 PM base.LogResults createLogs
INFO: PASS -  Application loaded successfully.
Aug 06, 2025 1:24:43 PM base.LogResults createLogs
INFO: PASS -  Company code entered successfully.AGFC
Aug 06, 2025 1:24:43 PM base.LogResults createLogs
INFO: PASS - Clicked On 'Login with Password' successfully.
Aug 06, 2025 1:24:47 PM base.LogResults createLogs
INFO: PASS -  Sign-in section appeared.
Aug 06, 2025 1:24:48 PM base.LogResults createLogs
INFO: PASS -  Email Id entered.AutoE060825091631@mailinator.com
Aug 06, 2025 1:24:48 PM base.LogResults createLogs
INFO: PASS -  Password entered.Pramod@1234
Aug 06, 2025 1:24:48 PM base.LogResults createLogs
INFO: PASS -  Captcha entered.12345
Aug 06, 2025 1:24:48 PM base.LogResults createLogs
INFO: PASS -  Sign-in button clicked.
Aug 06, 2025 1:24:51 PM base.LogResults createLogs
INFO: PASS -  Login validated successfully And Good Text Is Displayed.
Aug 06, 2025 1:24:51 PM base.LogResults createLogs
INFO: PASS - Login Done Successfully: 
Aug 06, 2025 1:24:56 PM base.LogResults createLogs
INFO: PASS - Directory Button Clicked Successfully: 
Aug 06, 2025 1:24:57 PM base.LogResults createLogs
INFO: PASS - Directory Page Loaded Successfully: 
Aug 06, 2025 1:24:57 PM base.LogResults createLogs
INFO: PASS - Company Tab  Clicked Successfully: 
Aug 06, 2025 1:24:58 PM base.LogResults createLogs
INFO: PASS - Team Drop Icon  Clicked Successfully: 
Aug 06, 2025 1:24:59 PM base.LogResults createLogs
INFO: PASS - Team Button  Clicked Successfully: 
Aug 06, 2025 1:24:59 PM base.LogResults createLogs
INFO: PASS - Team Page Loaded Successfully: 
Aug 06, 2025 1:25:07 PM base.LogResults createLogs
INFO: PASS - Updated Team Name Entered In Search TextField Successfully: AutoTN060825091631OWJ
Aug 06, 2025 1:25:11 PM base.LogResults createLogs
INFO: PASS -  Successfully Turn Off The Toggle Switch : 
Aug 06, 2025 1:25:19 PM base.LogResults createLogs
INFO: PASS -  Successfully Clicked On Ok Button : 
Aug 06, 2025 1:25:23 PM base.LogResults createLogs
INFO: PASS - Team Drop Icon  Clicked Successfully: 
Aug 06, 2025 1:25:33 PM base.LogResults createLogs
INFO: FAIL - Error while Clicking On TeamMapping Button : element not interactable
  (Session info: chrome=138.0.7204.184)
Build info: version: '4.34.0', revision: '707dcb4246*'
System info: os.name: 'Windows 10', os.arch: 'amd64', os.version: '10.0', java.version: '17.0.11'
Driver info: org.openqa.selenium.chrome.ChromeDriver
Command: [8636d02e23f129cf52cf736fbd0fc3c7, clickElement {id=f.3F5EFDF4EBD4DC38D67328F7D478EB6B.d.3A353B4E9206F13F73C6113CD9D81903.e.1505}]
Capabilities {acceptInsecureCerts: true, browserName: chrome, browserVersion: 138.0.7204.184, chrome: {chromedriverVersion: 138.0.7204.183 (e90faf484dd..., userDataDir: C:\Users\Pramod.C\AppData\L...}, fedcm:accounts: true, goog:chromeOptions: {debuggerAddress: localhost:59112}, networkConnectionEnabled: false, pageLoadStrategy: none, platformName: windows, proxy: Proxy(), se:cdp: ws://localhost:59112/devtoo..., se:cdpVersion: 138.0.7204.184, setWindowRect: true, strictFileInteractability: false, timeouts: {implicit: 0, pageLoad: 300000, script: 30000}, unhandledPromptBehavior: dismiss and notify, webauthn:extension:credBlob: true, webauthn:extension:largeBlob: true, webauthn:extension:minPinLength: true, webauthn:extension:prf: true, webauthn:virtualAuthenticators: true}
Element: [[ChromeDriver: chrome on windows (8636d02e23f129cf52cf736fbd0fc3c7)] -> xpath: //button[@id='tab_teamMapping']]
Session ID: 8636d02e23f129cf52cf736fbd0fc3c7
Aug 06, 2025 1:25:46 PM base.LogResults createLogs
INFO: FAIL - Error while Clicking On AddTeamMapping Button : no such element: Unable to locate element: {"method":"xpath","selector":"(//button[@id='btnAddTeamDepartmentMapping'])[2]"}
  (Session info: chrome=138.0.7204.184)
For documentation on this error, please visit: https://www.selenium.dev/documentation/webdriver/troubleshooting/errors#no-such-element-exception
Build info: version: '4.34.0', revision: '707dcb4246*'
System info: os.name: 'Windows 10', os.arch: 'amd64', os.version: '10.0', java.version: '17.0.11'
Driver info: org.openqa.selenium.chrome.ChromeDriver
Command: [8636d02e23f129cf52cf736fbd0fc3c7, findElement {value=(//button[@id='btnAddTeamDepartmentMapping'])[2], using=xpath}]
Capabilities {acceptInsecureCerts: true, browserName: chrome, browserVersion: 138.0.7204.184, chrome: {chromedriverVersion: 138.0.7204.183 (e90faf484dd..., userDataDir: C:\Users\Pramod.C\AppData\L...}, fedcm:accounts: true, goog:chromeOptions: {debuggerAddress: localhost:59112}, networkConnectionEnabled: false, pageLoadStrategy: none, platformName: windows, proxy: Proxy(), se:cdp: ws://localhost:59112/devtoo..., se:cdpVersion: 138.0.7204.184, setWindowRect: true, strictFileInteractability: false, timeouts: {implicit: 0, pageLoad: 300000, script: 30000}, unhandledPromptBehavior: dismiss and notify, webauthn:extension:credBlob: true, webauthn:extension:largeBlob: true, webauthn:extension:minPinLength: true, webauthn:extension:prf: true, webauthn:virtualAuthenticators: true}
Session ID: 8636d02e23f129cf52cf736fbd0fc3c7
Aug 06, 2025 1:25:58 PM base.LogResults createLogs
INFO: FAIL - Error while Clicking On TeamDropDown : no such element: Unable to locate element: {"method":"xpath","selector":"//span[@id='select2-drpTeam-container']"}
  (Session info: chrome=138.0.7204.184)
For documentation on this error, please visit: https://www.selenium.dev/documentation/webdriver/troubleshooting/errors#no-such-element-exception
Build info: version: '4.34.0', revision: '707dcb4246*'
System info: os.name: 'Windows 10', os.arch: 'amd64', os.version: '10.0', java.version: '17.0.11'
Driver info: org.openqa.selenium.chrome.ChromeDriver
Command: [8636d02e23f129cf52cf736fbd0fc3c7, findElement {value=//span[@id='select2-drpTeam-container'], using=xpath}]
Capabilities {acceptInsecureCerts: true, browserName: chrome, browserVersion: 138.0.7204.184, chrome: {chromedriverVersion: 138.0.7204.183 (e90faf484dd..., userDataDir: C:\Users\Pramod.C\AppData\L...}, fedcm:accounts: true, goog:chromeOptions: {debuggerAddress: localhost:59112}, networkConnectionEnabled: false, pageLoadStrategy: none, platformName: windows, proxy: Proxy(), se:cdp: ws://localhost:59112/devtoo..., se:cdpVersion: 138.0.7204.184, setWindowRect: true, strictFileInteractability: false, timeouts: {implicit: 0, pageLoad: 300000, script: 30000}, unhandledPromptBehavior: dismiss and notify, webauthn:extension:credBlob: true, webauthn:extension:largeBlob: true, webauthn:extension:minPinLength: true, webauthn:extension:prf: true, webauthn:virtualAuthenticators: true}
Session ID: 8636d02e23f129cf52cf736fbd0fc3c7
Aug 06, 2025 1:26:10 PM base.LogResults createLogs
INFO: FAIL - Error while Inputting Team Name On TeamDropDown : no such element: Unable to locate element: {"method":"xpath","selector":"//input[@aria-controls='select2-drpTeam-results']"}
  (Session info: chrome=138.0.7204.184)
For documentation on this error, please visit: https://www.selenium.dev/documentation/webdriver/troubleshooting/errors#no-such-element-exception
Build info: version: '4.34.0', revision: '707dcb4246*'
System info: os.name: 'Windows 10', os.arch: 'amd64', os.version: '10.0', java.version: '17.0.11'
Driver info: org.openqa.selenium.chrome.ChromeDriver
Command: [8636d02e23f129cf52cf736fbd0fc3c7, findElement {value=//input[@aria-controls='select2-drpTeam-results'], using=xpath}]
Capabilities {acceptInsecureCerts: true, browserName: chrome, browserVersion: 138.0.7204.184, chrome: {chromedriverVersion: 138.0.7204.183 (e90faf484dd..., userDataDir: C:\Users\Pramod.C\AppData\L...}, fedcm:accounts: true, goog:chromeOptions: {debuggerAddress: localhost:59112}, networkConnectionEnabled: false, pageLoadStrategy: none, platformName: windows, proxy: Proxy(), se:cdp: ws://localhost:59112/devtoo..., se:cdpVersion: 138.0.7204.184, setWindowRect: true, strictFileInteractability: false, timeouts: {implicit: 0, pageLoad: 300000, script: 30000}, unhandledPromptBehavior: dismiss and notify, webauthn:extension:credBlob: true, webauthn:extension:largeBlob: true, webauthn:extension:minPinLength: true, webauthn:extension:prf: true, webauthn:virtualAuthenticators: true}
Session ID: 8636d02e23f129cf52cf736fbd0fc3c7
Aug 06, 2025 1:26:23 PM base.LogResults createLogs
INFO: FAIL - Error while Displaying Error Msg : no such element: Unable to locate element: {"method":"xpath","selector":"//li[text()='No results found']"}
  (Session info: chrome=138.0.7204.184)
For documentation on this error, please visit: https://www.selenium.dev/documentation/webdriver/troubleshooting/errors#no-such-element-exception
Build info: version: '4.34.0', revision: '707dcb4246*'
System info: os.name: 'Windows 10', os.arch: 'amd64', os.version: '10.0', java.version: '17.0.11'
Driver info: org.openqa.selenium.chrome.ChromeDriver
Command: [8636d02e23f129cf52cf736fbd0fc3c7, findElement {value=//li[text()='No results found'], using=xpath}]
Capabilities {acceptInsecureCerts: true, browserName: chrome, browserVersion: 138.0.7204.184, chrome: {chromedriverVersion: 138.0.7204.183 (e90faf484dd..., userDataDir: C:\Users\Pramod.C\AppData\L...}, fedcm:accounts: true, goog:chromeOptions: {debuggerAddress: localhost:59112}, networkConnectionEnabled: false, pageLoadStrategy: none, platformName: windows, proxy: Proxy(), se:cdp: ws://localhost:59112/devtoo..., se:cdpVersion: 138.0.7204.184, setWindowRect: true, strictFileInteractability: false, timeouts: {implicit: 0, pageLoad: 300000, script: 30000}, unhandledPromptBehavior: dismiss and notify, webauthn:extension:credBlob: true, webauthn:extension:largeBlob: true, webauthn:extension:minPinLength: true, webauthn:extension:prf: true, webauthn:virtualAuthenticators: true}
Session ID: 8636d02e23f129cf52cf736fbd0fc3c7
Aug 06, 2025 1:26:23 PM base.LogResults createLogs
INFO: FAIL - Skipping rest steps as error count reached configured value : 5
Aug 06, 2025 1:26:23 PM base.LogResults onlyLog
INFO: Failed - Attendance-MPI_227_Team_15-To verify this, disable the team and ensure team name is't displayed in the team dropdown in "team mapping" module
---------------------------------------------------------------
AttendanceMPI_227_Team_15
Aug 06, 2025 1:26:23 PM base.LogResults onlyLog
INFO: Total Pass : 1 Total Fail : 1  Total TC : 2
---------------------------------------------------------------
Test case took: 105.0428 seconds
Total TC Time: 00:02:22
Launching Driver...
Aug 06, 2025 1:26:25 PM org.openqa.selenium.devtools.CdpVersionFinder findNearestMatch
WARNING: Unable to find an exact match for CDP version 138, returning the closest version; found: 137; Please update to a Selenium version that supports CDP version 138
Error Index 1 out of bounds for length 1
Aug 06, 2025 1:26:27 PM base.LogResults createLogs
INFO: PASS -  Application loaded successfully.
Aug 06, 2025 1:26:31 PM base.LogResults createLogs
INFO: PASS -  Company code entered successfully.AGFC
Aug 06, 2025 1:26:31 PM base.LogResults createLogs
INFO: PASS - Clicked On 'Login with Password' successfully.
Aug 06, 2025 1:26:35 PM base.LogResults createLogs
INFO: PASS -  Sign-in section appeared.
Aug 06, 2025 1:26:35 PM base.LogResults createLogs
INFO: PASS -  Email Id entered.AutoE060825091631@mailinator.com
Aug 06, 2025 1:26:35 PM base.LogResults createLogs
INFO: PASS -  Password entered.Pramod@1234
Aug 06, 2025 1:26:36 PM base.LogResults createLogs
INFO: PASS -  Captcha entered.12345
Aug 06, 2025 1:26:36 PM base.LogResults createLogs
INFO: PASS -  Sign-in button clicked.
Aug 06, 2025 1:26:38 PM base.LogResults createLogs
INFO: PASS -  Login validated successfully And Good Text Is Displayed.
Aug 06, 2025 1:26:38 PM base.LogResults createLogs
INFO: PASS - Login Done Successfully: 
Aug 06, 2025 1:26:43 PM base.LogResults createLogs
INFO: PASS - Directory Button Clicked Successfully: 
Aug 06, 2025 1:26:45 PM base.LogResults createLogs
INFO: PASS - Directory Page Loaded Successfully: 
Aug 06, 2025 1:26:45 PM base.LogResults createLogs
INFO: PASS - Company Tab  Clicked Successfully: 
Aug 06, 2025 1:26:46 PM base.LogResults createLogs
INFO: PASS - Team Drop Icon  Clicked Successfully: 
Aug 06, 2025 1:26:46 PM base.LogResults createLogs
INFO: PASS - Team Button  Clicked Successfully: 
Aug 06, 2025 1:26:46 PM base.LogResults createLogs
INFO: PASS - Team Page Loaded Successfully: 
Aug 06, 2025 1:26:55 PM base.LogResults createLogs
INFO: PASS - Updated Team Name Entered In Search TextField Successfully: AutoTN060825091631OWJ
Aug 06, 2025 1:26:59 PM base.LogResults createLogs
INFO: PASS -  Successfully Turn On The Toggle Switch : 
Aug 06, 2025 1:27:07 PM base.LogResults createLogs
INFO: PASS -  Successfully Clicked On Ok Button : 
Aug 06, 2025 1:27:07 PM base.LogResults createLogs
INFO: PASS - Team Drop Icon  Clicked Successfully: 
Aug 06, 2025 1:27:18 PM base.LogResults createLogs
INFO: FAIL - Error while Clicking On TeamMapping Button : element not interactable
  (Session info: chrome=138.0.7204.184)
Build info: version: '4.34.0', revision: '707dcb4246*'
System info: os.name: 'Windows 10', os.arch: 'amd64', os.version: '10.0', java.version: '17.0.11'
Driver info: org.openqa.selenium.chrome.ChromeDriver
Command: [2f2ccb272280b0ff752a322a78f53922, clickElement {id=f.3393A0318167DC101648E899083E13A2.d.539ABEF5864219042B2B7851BD54C308.e.1520}]
Capabilities {acceptInsecureCerts: true, browserName: chrome, browserVersion: 138.0.7204.184, chrome: {chromedriverVersion: 138.0.7204.183 (e90faf484dd..., userDataDir: C:\Users\Pramod.C\AppData\L...}, fedcm:accounts: true, goog:chromeOptions: {debuggerAddress: localhost:59255}, networkConnectionEnabled: false, pageLoadStrategy: none, platformName: windows, proxy: Proxy(), se:cdp: ws://localhost:59255/devtoo..., se:cdpVersion: 138.0.7204.184, setWindowRect: true, strictFileInteractability: false, timeouts: {implicit: 0, pageLoad: 300000, script: 30000}, unhandledPromptBehavior: dismiss and notify, webauthn:extension:credBlob: true, webauthn:extension:largeBlob: true, webauthn:extension:minPinLength: true, webauthn:extension:prf: true, webauthn:virtualAuthenticators: true}
Element: [[ChromeDriver: chrome on windows (2f2ccb272280b0ff752a322a78f53922)] -> xpath: //button[@id='tab_teamMapping']]
Session ID: 2f2ccb272280b0ff752a322a78f53922
Aug 06, 2025 1:27:28 PM base.LogResults createLogs
INFO: FAIL - Error while Clicking On AddTeamMapping Button : no such element: Unable to locate element: {"method":"xpath","selector":"(//button[@id='btnAddTeamDepartmentMapping'])[2]"}
  (Session info: chrome=138.0.7204.184)
For documentation on this error, please visit: https://www.selenium.dev/documentation/webdriver/troubleshooting/errors#no-such-element-exception
Build info: version: '4.34.0', revision: '707dcb4246*'
System info: os.name: 'Windows 10', os.arch: 'amd64', os.version: '10.0', java.version: '17.0.11'
Driver info: org.openqa.selenium.chrome.ChromeDriver
Command: [2f2ccb272280b0ff752a322a78f53922, findElement {value=(//button[@id='btnAddTeamDepartmentMapping'])[2], using=xpath}]
Capabilities {acceptInsecureCerts: true, browserName: chrome, browserVersion: 138.0.7204.184, chrome: {chromedriverVersion: 138.0.7204.183 (e90faf484dd..., userDataDir: C:\Users\Pramod.C\AppData\L...}, fedcm:accounts: true, goog:chromeOptions: {debuggerAddress: localhost:59255}, networkConnectionEnabled: false, pageLoadStrategy: none, platformName: windows, proxy: Proxy(), se:cdp: ws://localhost:59255/devtoo..., se:cdpVersion: 138.0.7204.184, setWindowRect: true, strictFileInteractability: false, timeouts: {implicit: 0, pageLoad: 300000, script: 30000}, unhandledPromptBehavior: dismiss and notify, webauthn:extension:credBlob: true, webauthn:extension:largeBlob: true, webauthn:extension:minPinLength: true, webauthn:extension:prf: true, webauthn:virtualAuthenticators: true}
Session ID: 2f2ccb272280b0ff752a322a78f53922
Aug 06, 2025 1:27:40 PM base.LogResults createLogs
INFO: FAIL - Error while Clicking On TeamDropDown : no such element: Unable to locate element: {"method":"xpath","selector":"//span[@id='select2-drpTeam-container']"}
  (Session info: chrome=138.0.7204.184)
For documentation on this error, please visit: https://www.selenium.dev/documentation/webdriver/troubleshooting/errors#no-such-element-exception
Build info: version: '4.34.0', revision: '707dcb4246*'
System info: os.name: 'Windows 10', os.arch: 'amd64', os.version: '10.0', java.version: '17.0.11'
Driver info: org.openqa.selenium.chrome.ChromeDriver
Command: [2f2ccb272280b0ff752a322a78f53922, findElement {value=//span[@id='select2-drpTeam-container'], using=xpath}]
Capabilities {acceptInsecureCerts: true, browserName: chrome, browserVersion: 138.0.7204.184, chrome: {chromedriverVersion: 138.0.7204.183 (e90faf484dd..., userDataDir: C:\Users\Pramod.C\AppData\L...}, fedcm:accounts: true, goog:chromeOptions: {debuggerAddress: localhost:59255}, networkConnectionEnabled: false, pageLoadStrategy: none, platformName: windows, proxy: Proxy(), se:cdp: ws://localhost:59255/devtoo..., se:cdpVersion: 138.0.7204.184, setWindowRect: true, strictFileInteractability: false, timeouts: {implicit: 0, pageLoad: 300000, script: 30000}, unhandledPromptBehavior: dismiss and notify, webauthn:extension:credBlob: true, webauthn:extension:largeBlob: true, webauthn:extension:minPinLength: true, webauthn:extension:prf: true, webauthn:virtualAuthenticators: true}
Session ID: 2f2ccb272280b0ff752a322a78f53922
Aug 06, 2025 1:27:53 PM base.LogResults createLogs
INFO: FAIL - Error while Inputting Team Name On TeamDropDown : no such element: Unable to locate element: {"method":"xpath","selector":"//input[@aria-controls='select2-drpTeam-results']"}
  (Session info: chrome=138.0.7204.184)
For documentation on this error, please visit: https://www.selenium.dev/documentation/webdriver/troubleshooting/errors#no-such-element-exception
Build info: version: '4.34.0', revision: '707dcb4246*'
System info: os.name: 'Windows 10', os.arch: 'amd64', os.version: '10.0', java.version: '17.0.11'
Driver info: org.openqa.selenium.chrome.ChromeDriver
Command: [2f2ccb272280b0ff752a322a78f53922, findElement {value=//input[@aria-controls='select2-drpTeam-results'], using=xpath}]
Capabilities {acceptInsecureCerts: true, browserName: chrome, browserVersion: 138.0.7204.184, chrome: {chromedriverVersion: 138.0.7204.183 (e90faf484dd..., userDataDir: C:\Users\Pramod.C\AppData\L...}, fedcm:accounts: true, goog:chromeOptions: {debuggerAddress: localhost:59255}, networkConnectionEnabled: false, pageLoadStrategy: none, platformName: windows, proxy: Proxy(), se:cdp: ws://localhost:59255/devtoo..., se:cdpVersion: 138.0.7204.184, setWindowRect: true, strictFileInteractability: false, timeouts: {implicit: 0, pageLoad: 300000, script: 30000}, unhandledPromptBehavior: dismiss and notify, webauthn:extension:credBlob: true, webauthn:extension:largeBlob: true, webauthn:extension:minPinLength: true, webauthn:extension:prf: true, webauthn:virtualAuthenticators: true}
Session ID: 2f2ccb272280b0ff752a322a78f53922
Aug 06, 2025 1:28:05 PM base.LogResults createLogs
INFO: FAIL - Error while Displaying Team Name : no such element: Unable to locate element: {"method":"xpath","selector":"(//li[contains(@id, 'select2-drpTeam-result')])[1]"}
  (Session info: chrome=138.0.7204.184)
For documentation on this error, please visit: https://www.selenium.dev/documentation/webdriver/troubleshooting/errors#no-such-element-exception
Build info: version: '4.34.0', revision: '707dcb4246*'
System info: os.name: 'Windows 10', os.arch: 'amd64', os.version: '10.0', java.version: '17.0.11'
Driver info: org.openqa.selenium.chrome.ChromeDriver
Command: [2f2ccb272280b0ff752a322a78f53922, findElement {value=(//li[contains(@id, 'select2-drpTeam-result')])[1], using=xpath}]
Capabilities {acceptInsecureCerts: true, browserName: chrome, browserVersion: 138.0.7204.184, chrome: {chromedriverVersion: 138.0.7204.183 (e90faf484dd..., userDataDir: C:\Users\Pramod.C\AppData\L...}, fedcm:accounts: true, goog:chromeOptions: {debuggerAddress: localhost:59255}, networkConnectionEnabled: false, pageLoadStrategy: none, platformName: windows, proxy: Proxy(), se:cdp: ws://localhost:59255/devtoo..., se:cdpVersion: 138.0.7204.184, setWindowRect: true, strictFileInteractability: false, timeouts: {implicit: 0, pageLoad: 300000, script: 30000}, unhandledPromptBehavior: dismiss and notify, webauthn:extension:credBlob: true, webauthn:extension:largeBlob: true, webauthn:extension:minPinLength: true, webauthn:extension:prf: true, webauthn:virtualAuthenticators: true}
Session ID: 2f2ccb272280b0ff752a322a78f53922
Aug 06, 2025 1:28:05 PM base.LogResults createLogs
INFO: FAIL - Skipping rest steps as error count reached configured value : 5
Aug 06, 2025 1:28:05 PM base.LogResults onlyLog
INFO: Failed - Attendance-MPI_228_Team_16- To verify this, enable a previously disabled team record and ensure that, after enabling, the team name appears in the 'Team' dropdown within the team mapping "add team mapping" module
---------------------------------------------------------------
AttendanceMPI_228_Team_16
Aug 06, 2025 1:28:05 PM base.LogResults onlyLog
INFO: Total Pass : 1 Total Fail : 2  Total TC : 3
---------------------------------------------------------------
Test case took: 99.7976 seconds
Total TC Time: 00:04:02

===============================================
Suite
Total tests run: 3, Passes: 1, Failures: 0, Skips: 2
===============================================

