>> Console logging redirected to data/console.log
Continuing with Existing Master Data due to threshold value:110725-110725-ThreSld->3
Launching Driver...
SLF4J(W): No SLF4J providers were found.
SLF4J(W): Defaulting to no-operation (NOP) logger implementation
SLF4J(W): See https://www.slf4j.org/codes.html#noProviders for further details.
Jul 11, 2025 3:02:34 PM org.openqa.selenium.devtools.CdpVersionFinder findNearestMatch
WARNING: Unable to find an exact match for CDP version 138, returning the closest version; found: 137; Please update to a Selenium version that supports CDP version 138
Jul 11, 2025 3:02:35 PM base.LogResults createLogs
INFO: PASS - Application Loaded Successfully: 
Jul 11, 2025 3:02:35 PM base.LogResults createLogs
INFO: PASS - Company Code Entered in Text Box: AFHU
Jul 11, 2025 3:02:35 PM base.LogResults createLogs
INFO: PASS - Login With Password Button Is Clicked: 
Jul 11, 2025 3:02:39 PM base.LogResults createLogs
INFO: PASS - Sign in Text Is Displayed: 
Jul 11, 2025 3:02:39 PM base.LogResults createLogs
INFO: PASS - Username Is Entered In Username Text Field: AutoE110725095836@mailinator.com
Jul 11, 2025 3:02:40 PM base.LogResults createLogs
INFO: PASS - Password Is Entered In Password Text Field: Pramod@1234
Jul 11, 2025 3:02:40 PM base.LogResults createLogs
INFO: PASS - Captcha Entered On Captcha Text Field: 12345
Jul 11, 2025 3:02:40 PM base.LogResults createLogs
INFO: PASS - Clicked On Login Button: 
Jul 11, 2025 3:02:42 PM base.LogResults createLogs
INFO: PASS - login Validated Successfully: 
Jul 11, 2025 3:02:46 PM base.LogResults createLogs
INFO: PASS - Directory Button Clicked Successfully: 
Jul 11, 2025 3:02:48 PM base.LogResults createLogs
INFO: PASS - Directory Page Loaded Successfully: 
Jul 11, 2025 3:02:48 PM base.LogResults createLogs
INFO: PASS - Company Tab  Clicked Successfully: 
Jul 11, 2025 3:02:49 PM base.LogResults createLogs
INFO: PASS - Office Button  Clicked Successfully: 
Jul 11, 2025 3:02:49 PM base.LogResults createLogs
INFO: PASS -  Successfully Clicked On AddOfficeButton : 
Jul 11, 2025 3:02:51 PM base.LogResults createLogs
INFO: PASS -  OfficeName Entered In the Office Name TextField : AutoON110725095836KWQ
Jul 11, 2025 3:02:51 PM base.LogResults createLogs
INFO: PASS -  Office Type Selected In the Office Type Dropdown : 
Jul 11, 2025 3:02:51 PM base.LogResults createLogs
INFO: PASS -  Country Selected In the Country  Dropdown : 
Jul 11, 2025 3:02:51 PM base.LogResults createLogs
INFO: PASS -  State Selected In the State  Dropdown : Gujarat
Jul 11, 2025 3:02:51 PM base.LogResults createLogs
INFO: PASS -  Successfully Clicked On CompanyLocationSaveButton : 
Jul 11, 2025 3:03:02 PM base.LogResults createLogs
INFO: PASS - OfficeType Entered In The TextField Successfully: AutoON110725095836KWQ
Jul 11, 2025 3:03:06 PM base.LogResults createLogs
INFO: PASS -  Successfully Turn Off The Toggle Switch : 
Jul 11, 2025 3:03:07 PM base.LogResults createLogs
INFO: PASS -  Successfully Clicked On Ok Button : 
Jul 11, 2025 3:03:10 PM base.LogResults createLogs
INFO: PASS - Department Tab  Clicked Successfully: 
Jul 11, 2025 3:03:11 PM base.LogResults createLogs
INFO: PASS - Successfully Clicked On DepartmentMapping Button: 
Jul 11, 2025 3:03:11 PM base.LogResults createLogs
INFO: PASS - Successfully Clicked On AddDepartmentMapping Button: 
Jul 11, 2025 3:03:12 PM base.LogResults createLogs
INFO: PASS - Successfully Clicked On OfficeDropDown Button: 
Jul 11, 2025 3:03:13 PM base.LogResults createLogs
INFO: PASS - Successfully Inputted OfficeName: 
Jul 11, 2025 3:03:13 PM base.LogResults createLogs
INFO: PASS - HODDropDownErrorMsg Displayed Successfully: 
Jul 11, 2025 3:03:16 PM base.LogResults onlyLog
INFO: Passed - MeghMasterDepartmentMappingTest-MPI_203_Department_10-To verify this, disable the company location and check whether the disabled location is not displayed in the "assign office" dropdown in the department mapping form. 
---------------------------------------------------------------
MeghMasterDepartmentMappingTestMPI_203_Department_10
Jul 11, 2025 3:03:16 PM base.LogResults onlyLog
INFO: Total Pass : 1 Total Fail : 0  Total TC : 1
---------------------------------------------------------------
Test case took: 41.5516 seconds
Total TC Time: 00:00:41
Launching Driver...
Jul 11, 2025 3:03:18 PM org.openqa.selenium.devtools.CdpVersionFinder findNearestMatch
WARNING: Unable to find an exact match for CDP version 138, returning the closest version; found: 137; Please update to a Selenium version that supports CDP version 138
Jul 11, 2025 3:03:19 PM base.LogResults createLogs
INFO: PASS - Application Loaded Successfully: 
Jul 11, 2025 3:03:19 PM base.LogResults createLogs
INFO: PASS - Company Code Entered in Text Box: AFHU
Jul 11, 2025 3:03:20 PM base.LogResults createLogs
INFO: PASS - Login With Password Button Is Clicked: 
Jul 11, 2025 3:03:24 PM base.LogResults createLogs
INFO: PASS - Sign in Text Is Displayed: 
Jul 11, 2025 3:03:24 PM base.LogResults createLogs
INFO: PASS - Username Is Entered In Username Text Field: AutoE110725095836@mailinator.com
Jul 11, 2025 3:03:24 PM base.LogResults createLogs
INFO: PASS - Password Is Entered In Password Text Field: Pramod@1234
Jul 11, 2025 3:03:24 PM base.LogResults createLogs
INFO: PASS - Captcha Entered On Captcha Text Field: 12345
Jul 11, 2025 3:03:25 PM base.LogResults createLogs
INFO: PASS - Clicked On Login Button: 
Jul 11, 2025 3:03:26 PM base.LogResults createLogs
INFO: PASS - login Validated Successfully: 
Jul 11, 2025 3:03:31 PM base.LogResults createLogs
INFO: PASS - Directory Button Clicked Successfully: 
Jul 11, 2025 3:03:33 PM base.LogResults createLogs
INFO: PASS - Directory Page Loaded Successfully: 
Jul 11, 2025 3:03:33 PM base.LogResults createLogs
INFO: PASS - Company Tab  Clicked Successfully: 
Jul 11, 2025 3:03:34 PM base.LogResults createLogs
INFO: PASS - Department Tab  Clicked Successfully: 
Jul 11, 2025 3:03:34 PM base.LogResults createLogs
INFO: PASS - Successfully Clicked On DepartmentMapping Button: 
Jul 11, 2025 3:03:34 PM base.LogResults createLogs
INFO: PASS - Successfully Clicked On AddDepartmentMapping Button: 
Jul 11, 2025 3:03:35 PM base.LogResults createLogs
INFO: FAIL - Error while Selecting Department : Cannot locate option with text: AutoDNNEZR
For documentation on this error, please visit: https://www.selenium.dev/documentation/webdriver/troubleshooting/errors#no-such-element-exception
Build info: version: '4.34.0', revision: '707dcb4246*'
System info: os.name: 'Windows 10', os.arch: 'amd64', os.version: '10.0', java.version: '17.0.11'
Driver info: driver.version: unknown
Jul 11, 2025 3:03:35 PM base.LogResults createLogs
INFO: FAIL - Error while Selecting OfficeName : Cannot locate option with text: AutoON110725095836KWQ
For documentation on this error, please visit: https://www.selenium.dev/documentation/webdriver/troubleshooting/errors#no-such-element-exception
Build info: version: '4.34.0', revision: '707dcb4246*'
System info: os.name: 'Windows 10', os.arch: 'amd64', os.version: '10.0', java.version: '17.0.11'
Driver info: driver.version: unknown
Jul 11, 2025 3:03:36 PM base.LogResults createLogs
INFO: PASS - AddDeptMappingSaveButton Clicked Successfully: 
Jul 11, 2025 3:03:45 PM base.LogResults createLogs
INFO: PASS - Directory Button Clicked Successfully: 
Jul 11, 2025 3:03:46 PM base.LogResults createLogs
INFO: PASS - Directory Page Loaded Successfully: 
Jul 11, 2025 3:03:46 PM base.LogResults createLogs
INFO: PASS - Clicked On EmployeeTab Successfully: 
Jul 11, 2025 3:03:48 PM base.LogResults createLogs
INFO: PASS - Directory Page Loaded Successfully: 
Jul 11, 2025 3:03:48 PM base.LogResults createLogs
INFO: PASS - Clicked On SearchDropDown Successfully: 
Jul 11, 2025 3:03:49 PM base.LogResults createLogs
INFO: PASS - Selected  LasTName  Successfully: 
Jul 11, 2025 3:03:49 PM base.LogResults createLogs
INFO: PASS - Clicked On SearchDropDown Successfully: 
Jul 11, 2025 3:03:53 PM base.LogResults createLogs
INFO: PASS - Clicked On Search Text Field And Pass The Created Employee LastName Successfully: 
Jul 11, 2025 3:03:56 PM base.LogResults createLogs
INFO: PASS - Created Employee Displayed Successfully: 
Jul 11, 2025 3:03:57 PM base.LogResults createLogs
INFO: PASS - Successfully Clicked On First Employee Record 3dots: 
Jul 11, 2025 3:03:57 PM base.LogResults createLogs
INFO: PASS - Successfully Clicked On First Employee Record ManageProfileButton: 
Jul 11, 2025 3:04:06 PM base.LogResults createLogs
INFO: PASS - Successfully Clicked On First Employee Manage Profile EditIcon: 
Jul 11, 2025 3:04:08 PM base.LogResults createLogs
INFO: PASS - Successfully Clicked On Dept DropDown: 
Jul 11, 2025 3:04:11 PM base.LogResults createLogs
INFO: PASS - Successfully Inputted Dept Name: AutoDNNEZR
Jul 11, 2025 3:04:23 PM base.LogResults createLogs
INFO: FAIL - Error while Displaying Dept Name : no such element: Unable to locate element: {"method":"xpath","selector":"(//li[contains(@id, 'select2-drpDepartment-result')])[1]"}
  (Session info: chrome=138.0.7204.98)
For documentation on this error, please visit: https://www.selenium.dev/documentation/webdriver/troubleshooting/errors#no-such-element-exception
Build info: version: '4.34.0', revision: '707dcb4246*'
System info: os.name: 'Windows 10', os.arch: 'amd64', os.version: '10.0', java.version: '17.0.11'
Driver info: org.openqa.selenium.chrome.ChromeDriver
Command: [f5c6bf35b6f9204ed358142268c0436b, findElement {value=(//li[contains(@id, 'select2-drpDepartment-result')])[1], using=xpath}]
Capabilities {acceptInsecureCerts: true, browserName: chrome, browserVersion: 138.0.7204.98, chrome: {chromedriverVersion: 138.0.7204.94 (545025748884..., userDataDir: C:\Users\Pramod.C\AppData\L...}, fedcm:accounts: true, goog:chromeOptions: {debuggerAddress: localhost:64827}, networkConnectionEnabled: false, pageLoadStrategy: none, platformName: windows, proxy: Proxy(), se:cdp: ws://localhost:64827/devtoo..., se:cdpVersion: 138.0.7204.98, setWindowRect: true, strictFileInteractability: false, timeouts: {implicit: 0, pageLoad: 300000, script: 30000}, unhandledPromptBehavior: dismiss and notify, webauthn:extension:credBlob: true, webauthn:extension:largeBlob: true, webauthn:extension:minPinLength: true, webauthn:extension:prf: true, webauthn:virtualAuthenticators: true}
Session ID: f5c6bf35b6f9204ed358142268c0436b
Jul 11, 2025 3:04:25 PM base.LogResults onlyLog
INFO: Failed - MeghMasterDepartmentMappingTest-MPI_515_Department_mapping_07-To verify this, edit the previously mapped department by changing its mapped office to 'Mantra Office'. Then, navigate to the employee profile who is mapped with mantra office and check whether updated dept is displayed in the dropdown
---------------------------------------------------------------
MeghMasterDepartmentMappingTestMPI_515_Department_mapping_07
Jul 11, 2025 3:04:25 PM base.LogResults onlyLog
INFO: Total Pass : 1 Total Fail : 1  Total TC : 2
---------------------------------------------------------------
Test case took: 67.0244 seconds
Total TC Time: 00:01:48

===============================================
Suite
Total tests run: 2, Passes: 2, Failures: 0, Skips: 0
===============================================

