>> Console logging redirected to data/console.log
Launching Driver... 2025-12-11 12:36:43
SLF4J(W): No SLF4J providers were found.
SLF4J(W): Defaulting to no-operation (NOP) logger implementation
SLF4J(W): See https://www.slf4j.org/codes.html#noProviders for further details.
Dec 11, 2025 12:36:45 PM org.openqa.selenium.devtools.CdpVersionFinder findNearestMatch
WARNING: Unable to find an exact match for CDP version 143, returning the closest version; found: 139; Please update to a Selenium version that supports CDP version 143
(1386, 788)
Report Folder : http://192.168.6.201:8002/RunID-11-12-25-12-36-43-companymodules
Error while reading excel column: Cannot invoke "org.apache.poi.xssf.usermodel.XSSFCell.getStringCellValue()" because the return value of "org.apache.poi.xssf.usermodel.XSSFRow.getCell(int)" is null
No values found in Excel Data for column : qc_inpunchfrom
Mismatch: Expected InPunchFrom=, Actual InPunchFrom=Web
---------------------------------------------------------------
MeghPIEmpAttendanceReportsTestMPI_1746_MissingPunch_Reports_06
---------------------------------------------------------------
Test case took: 83.4885 seconds
Total TC Time: 00:01:23

===============================================
Suite
Total tests run: 1, Passes: 0, Failures: 1, Skips: 0
===============================================

