>> Console logging redirected to data/console.log
Continuing with Existing Master Data due to threshold value:060825-060825-ThreSld->3
Launching Driver...
SLF4J(W): No SLF4J providers were found.
SLF4J(W): Defaulting to no-operation (NOP) logger implementation
SLF4J(W): See https://www.slf4j.org/codes.html#noProviders for further details.
Aug 06, 2025 12:08:17 PM org.openqa.selenium.devtools.CdpVersionFinder findNearestMatch
WARNING: Unable to find an exact match for CDP version 138, returning the closest version; found: 137; Please update to a Selenium version that supports CDP version 138
Error Index 1 out of bounds for length 1
Aug 06, 2025 12:08:19 PM base.LogResults createLogs
INFO: PASS -  Application loaded successfully.
Aug 06, 2025 12:08:23 PM base.LogResults createLogs
INFO: PASS -  Company code entered successfully.AGFC
Aug 06, 2025 12:08:24 PM base.LogResults createLogs
INFO: PASS - Clicked On 'Login with Password' successfully.
Aug 06, 2025 12:08:28 PM base.LogResults createLogs
INFO: PASS -  Sign-in section appeared.
Aug 06, 2025 12:08:28 PM base.LogResults createLogs
INFO: PASS -  Email Id entered.AutoE060825091631@mailinator.com
Aug 06, 2025 12:08:28 PM base.LogResults createLogs
INFO: PASS -  Password entered.Pramod@1234
Aug 06, 2025 12:08:28 PM base.LogResults createLogs
INFO: PASS -  Captcha entered.12345
Aug 06, 2025 12:08:28 PM base.LogResults createLogs
INFO: PASS -  Sign-in button clicked.
Aug 06, 2025 12:08:31 PM base.LogResults createLogs
INFO: PASS -  Login validated successfully And Good Text Is Displayed.
Aug 06, 2025 12:08:31 PM base.LogResults createLogs
INFO: PASS - Login Done Successfully: 
Aug 06, 2025 12:08:36 PM base.LogResults createLogs
INFO: PASS - Directory Button Clicked Successfully: 
Aug 06, 2025 12:08:37 PM base.LogResults createLogs
INFO: PASS - Directory Page Loaded Successfully: 
Aug 06, 2025 12:08:38 PM base.LogResults createLogs
INFO: PASS - Company Tab  Clicked Successfully: 
Aug 06, 2025 12:08:40 PM base.LogResults createLogs
INFO: PASS - Department Drop Icon Clicked Successfully: 
Aug 06, 2025 12:08:43 PM base.LogResults createLogs
INFO: PASS - Department Tab  Clicked Successfully: 
Aug 06, 2025 12:08:43 PM base.LogResults createLogs
INFO: PASS - Department Page Loaded Successfully: 
Aug 06, 2025 12:08:43 PM base.LogResults createLogs
INFO: PASS - Add Department Tab  Clicked Successfully: 
Aug 06, 2025 12:08:44 PM base.LogResults createLogs
INFO: PASS - Department Name Entered Successfully: DCOK
Aug 06, 2025 12:08:45 PM base.LogResults createLogs
INFO: PASS - Department Description Entered Successfully: AutoDN060825091631
Aug 06, 2025 12:08:45 PM base.LogResults createLogs
INFO: PASS - Successfully Clicked On Add Department Save Button: Autodeptdescription
Aug 06, 2025 12:08:47 PM base.LogResults createLogs
INFO: PASS - Department Drop Icon Clicked Successfully: 
Aug 06, 2025 12:08:48 PM base.LogResults createLogs
INFO: PASS - Successfully Clicked On DepartmentMapping Button: Autodeptdescription
Aug 06, 2025 12:08:48 PM base.LogResults createLogs
INFO: PASS - Successfully Clicked On AddDepartmentMapping Button: Autodeptdescription
Aug 06, 2025 12:08:49 PM base.LogResults createLogs
INFO: PASS - Successfully Clicked On DepartmentDropDown : Autodeptdescription
Aug 06, 2025 12:08:49 PM base.LogResults createLogs
INFO: PASS - Successfully Inputted Dept Name : DCOK
Aug 06, 2025 12:08:50 PM base.LogResults createLogs
INFO: PASS - Successfully Displayed created Dept Name : DCOK
Aug 06, 2025 12:08:50 PM base.LogResults onlyLog
INFO: Passed - Attendance-MPI_188_Department_01-To verify this, add a new department and check whether the created department is displayed in the 'Department' dropdown during department mapping in "add department mapping" module
---------------------------------------------------------------
AttendanceMPI_188_Department_01
Aug 06, 2025 12:08:50 PM base.LogResults onlyLog
INFO: Total Pass : 1 Total Fail : 0  Total TC : 1
---------------------------------------------------------------
Test case took: 31.7480 seconds
Total TC Time: 00:00:31
Launching Driver...
Aug 06, 2025 12:08:52 PM org.openqa.selenium.devtools.CdpVersionFinder findNearestMatch
WARNING: Unable to find an exact match for CDP version 138, returning the closest version; found: 137; Please update to a Selenium version that supports CDP version 138
Error Index 1 out of bounds for length 1
Aug 06, 2025 12:08:53 PM base.LogResults createLogs
INFO: PASS -  Application loaded successfully.
Aug 06, 2025 12:08:58 PM base.LogResults createLogs
INFO: PASS -  Company code entered successfully.AGFC
Aug 06, 2025 12:08:58 PM base.LogResults createLogs
INFO: PASS - Clicked On 'Login with Password' successfully.
Aug 06, 2025 12:09:02 PM base.LogResults createLogs
INFO: PASS -  Sign-in section appeared.
Aug 06, 2025 12:09:02 PM base.LogResults createLogs
INFO: PASS -  Email Id entered.AutoE060825091631@mailinator.com
Aug 06, 2025 12:09:02 PM base.LogResults createLogs
INFO: PASS -  Password entered.Pramod@1234
Aug 06, 2025 12:09:03 PM base.LogResults createLogs
INFO: PASS -  Captcha entered.12345
Aug 06, 2025 12:09:03 PM base.LogResults createLogs
INFO: PASS -  Sign-in button clicked.
Aug 06, 2025 12:09:05 PM base.LogResults createLogs
INFO: PASS -  Login validated successfully And Good Text Is Displayed.
Aug 06, 2025 12:09:05 PM base.LogResults createLogs
INFO: PASS - Login Done Successfully: 
Aug 06, 2025 12:09:10 PM base.LogResults createLogs
INFO: PASS - Directory Button Clicked Successfully: 
Aug 06, 2025 12:09:12 PM base.LogResults createLogs
INFO: PASS - Directory Page Loaded Successfully: 
Aug 06, 2025 12:09:12 PM base.LogResults createLogs
INFO: PASS - Company Tab  Clicked Successfully: 
Aug 06, 2025 12:09:15 PM base.LogResults createLogs
INFO: PASS - Department Drop Icon Clicked Successfully: 
Aug 06, 2025 12:09:17 PM base.LogResults createLogs
INFO: PASS - Department Tab  Clicked Successfully: 
Aug 06, 2025 12:09:21 PM base.LogResults createLogs
INFO: PASS - Department Page Loaded Successfully: 
Aug 06, 2025 12:09:26 PM base.LogResults createLogs
INFO: PASS - Successfully Input The Updated Department Name In The Search Text Field: DCOK
Aug 06, 2025 12:09:26 PM base.LogResults createLogs
INFO: PASS - Successfully Display Updated Department Name Record: 
Aug 06, 2025 12:09:26 PM base.LogResults createLogs
INFO: PASS -  Clicked On Department 3Dots Successfully: 
Aug 06, 2025 12:09:32 PM base.LogResults createLogs
INFO: PASS -  Clicked On Department Edit Button Successfully: 
Aug 06, 2025 12:09:34 PM base.LogResults createLogs
INFO: PASS - Department Name Entered Successfully: DCOKTT
Aug 06, 2025 12:09:34 PM base.LogResults createLogs
INFO: PASS - Successfully Clicked On Add Department Save Button: 
Aug 06, 2025 12:09:41 PM base.LogResults createLogs
INFO: PASS - Successfully Input The Updated Department Name In The Search Text Field: DCOKTT
Aug 06, 2025 12:09:44 PM base.LogResults createLogs
INFO: PASS - Successfully Display Updated Department Name Record: 
Aug 06, 2025 12:09:44 PM base.LogResults createLogs
INFO: PASS -  Clicked On Department 3Dots Successfully: 
Aug 06, 2025 12:09:51 PM base.LogResults createLogs
INFO: PASS -  Clicked On Department Edit Button Successfully: 
Aug 06, 2025 12:09:52 PM base.LogResults createLogs
INFO: PASS - Department Name Entered Successfully: DCOK
Aug 06, 2025 12:09:52 PM base.LogResults createLogs
INFO: PASS - Successfully Clicked On Add Department Save Button: 
Aug 06, 2025 12:09:52 PM base.LogResults onlyLog
INFO: Passed - Attendance-MPI_189_Department_02-To verify this, edit the department name and check whether the changes are updated by validating through a search using the updated department name.
---------------------------------------------------------------
AttendanceMPI_189_Department_02
Aug 06, 2025 12:09:52 PM base.LogResults onlyLog
INFO: Total Pass : 2 Total Fail : 0  Total TC : 2
---------------------------------------------------------------
Test case took: 59.7894 seconds
Total TC Time: 00:01:31
Launching Driver...
Aug 06, 2025 12:09:54 PM org.openqa.selenium.devtools.CdpVersionFinder findNearestMatch
WARNING: Unable to find an exact match for CDP version 138, returning the closest version; found: 137; Please update to a Selenium version that supports CDP version 138
Error Index 1 out of bounds for length 1
Aug 06, 2025 12:09:56 PM base.LogResults createLogs
INFO: PASS -  Application loaded successfully.
Aug 06, 2025 12:10:00 PM base.LogResults createLogs
INFO: PASS -  Company code entered successfully.AGFC
Aug 06, 2025 12:10:00 PM base.LogResults createLogs
INFO: PASS - Clicked On 'Login with Password' successfully.
Aug 06, 2025 12:10:04 PM base.LogResults createLogs
INFO: PASS -  Sign-in section appeared.
Aug 06, 2025 12:10:05 PM base.LogResults createLogs
INFO: PASS -  Email Id entered.AutoE060825091631@mailinator.com
Aug 06, 2025 12:10:05 PM base.LogResults createLogs
INFO: PASS -  Password entered.Pramod@1234
Aug 06, 2025 12:10:05 PM base.LogResults createLogs
INFO: PASS -  Captcha entered.12345
Aug 06, 2025 12:10:05 PM base.LogResults createLogs
INFO: PASS -  Sign-in button clicked.
Aug 06, 2025 12:10:07 PM base.LogResults createLogs
INFO: PASS -  Login validated successfully And Good Text Is Displayed.
Aug 06, 2025 12:10:08 PM base.LogResults createLogs
INFO: PASS - Login Done Successfully: 
Aug 06, 2025 12:10:12 PM base.LogResults createLogs
INFO: PASS - Directory Button Clicked Successfully: 
Aug 06, 2025 12:10:14 PM base.LogResults createLogs
INFO: PASS - Directory Page Loaded Successfully: 
Aug 06, 2025 12:10:14 PM base.LogResults createLogs
INFO: PASS - Company Tab  Clicked Successfully: 
Aug 06, 2025 12:10:17 PM base.LogResults createLogs
INFO: PASS - Department Drop Icon Clicked Successfully: 
Aug 06, 2025 12:10:19 PM base.LogResults createLogs
INFO: PASS - Department Tab  Clicked Successfully: 
Aug 06, 2025 12:10:19 PM base.LogResults createLogs
INFO: PASS - Department Page Loaded Successfully: 
Aug 06, 2025 12:10:24 PM base.LogResults createLogs
INFO: PASS - Successfully Input The Office Name In The Search Text Field: DCOK
Aug 06, 2025 12:10:24 PM base.LogResults createLogs
INFO: PASS - Successfully Display Updated Department Name Record: 
Aug 06, 2025 12:10:27 PM base.LogResults onlyLog
INFO: Passed - Attendance-MPI_190_Department_03-To verify this, check the functionality of search feature.
---------------------------------------------------------------
AttendanceMPI_190_Department_03
Aug 06, 2025 12:10:27 PM base.LogResults onlyLog
INFO: Total Pass : 3 Total Fail : 0  Total TC : 3
---------------------------------------------------------------
Test case took: 32.2961 seconds
Total TC Time: 00:02:03
Launching Driver...
Aug 06, 2025 12:10:29 PM org.openqa.selenium.devtools.CdpVersionFinder findNearestMatch
WARNING: Unable to find an exact match for CDP version 138, returning the closest version; found: 137; Please update to a Selenium version that supports CDP version 138
Error Index 1 out of bounds for length 1
Aug 06, 2025 12:10:31 PM base.LogResults createLogs
INFO: PASS -  Application loaded successfully.
Aug 06, 2025 12:10:35 PM base.LogResults createLogs
INFO: PASS -  Company code entered successfully.AGFC
Aug 06, 2025 12:10:35 PM base.LogResults createLogs
INFO: PASS - Clicked On 'Login with Password' successfully.
Aug 06, 2025 12:10:39 PM base.LogResults createLogs
INFO: PASS -  Sign-in section appeared.
Aug 06, 2025 12:10:39 PM base.LogResults createLogs
INFO: PASS -  Email Id entered.AutoE060825091631@mailinator.com
Aug 06, 2025 12:10:40 PM base.LogResults createLogs
INFO: PASS -  Password entered.Pramod@1234
Aug 06, 2025 12:10:40 PM base.LogResults createLogs
INFO: PASS -  Captcha entered.12345
Aug 06, 2025 12:10:40 PM base.LogResults createLogs
INFO: PASS -  Sign-in button clicked.
Aug 06, 2025 12:10:43 PM base.LogResults createLogs
INFO: PASS -  Login validated successfully And Good Text Is Displayed.
Aug 06, 2025 12:10:43 PM base.LogResults createLogs
INFO: PASS - Login Done Successfully: 
Aug 06, 2025 12:10:48 PM base.LogResults createLogs
INFO: PASS - Directory Button Clicked Successfully: 
Aug 06, 2025 12:10:49 PM base.LogResults createLogs
INFO: PASS - Directory Page Loaded Successfully: 
Aug 06, 2025 12:10:49 PM base.LogResults createLogs
INFO: PASS - Company Tab  Clicked Successfully: 
Aug 06, 2025 12:10:52 PM base.LogResults createLogs
INFO: PASS - Department Drop Icon Clicked Successfully: 
Aug 06, 2025 12:10:54 PM base.LogResults createLogs
INFO: PASS - Department Tab  Clicked Successfully: 
Aug 06, 2025 12:10:55 PM base.LogResults createLogs
INFO: PASS - Department Page Loaded Successfully: 
Aug 06, 2025 12:10:55 PM base.LogResults createLogs
INFO: PASS - Add Department Tab  Clicked Successfully: 
Aug 06, 2025 12:10:56 PM base.LogResults createLogs
INFO: PASS - Department Name Entered Successfully:          d
Aug 06, 2025 12:10:56 PM base.LogResults createLogs
INFO: PASS - Successfully Clicked On Add Department Save Button: 
Aug 06, 2025 12:10:56 PM base.LogResults createLogs
INFO: PASS - Successfully Displayed Error Message: 
Aug 06, 2025 12:10:56 PM base.LogResults onlyLog
INFO: Passed - Attendance-MPI_191_Department_04-To verify this, Enter leading space in department name text field and check whether proper error message is displayed
---------------------------------------------------------------
AttendanceMPI_191_Department_04
Aug 06, 2025 12:10:56 PM base.LogResults onlyLog
INFO: Total Pass : 4 Total Fail : 0  Total TC : 4
---------------------------------------------------------------
Test case took: 26.8782 seconds
Total TC Time: 00:02:30
Launching Driver...
Aug 06, 2025 12:10:58 PM org.openqa.selenium.devtools.CdpVersionFinder findNearestMatch
WARNING: Unable to find an exact match for CDP version 138, returning the closest version; found: 137; Please update to a Selenium version that supports CDP version 138
Error Index 1 out of bounds for length 1
Aug 06, 2025 12:11:00 PM base.LogResults createLogs
INFO: PASS -  Application loaded successfully.
Aug 06, 2025 12:11:05 PM base.LogResults createLogs
INFO: PASS -  Company code entered successfully.AGFC
Aug 06, 2025 12:11:05 PM base.LogResults createLogs
INFO: PASS - Clicked On 'Login with Password' successfully.
Aug 06, 2025 12:11:09 PM base.LogResults createLogs
INFO: PASS -  Sign-in section appeared.
Aug 06, 2025 12:11:09 PM base.LogResults createLogs
INFO: PASS -  Email Id entered.AutoE060825091631@mailinator.com
Aug 06, 2025 12:11:09 PM base.LogResults createLogs
INFO: PASS -  Password entered.Pramod@1234
Aug 06, 2025 12:11:09 PM base.LogResults createLogs
INFO: PASS -  Captcha entered.12345
Aug 06, 2025 12:11:10 PM base.LogResults createLogs
INFO: PASS -  Sign-in button clicked.
Aug 06, 2025 12:11:12 PM base.LogResults createLogs
INFO: PASS -  Login validated successfully And Good Text Is Displayed.
Aug 06, 2025 12:11:12 PM base.LogResults createLogs
INFO: PASS - Login Done Successfully: 
Aug 06, 2025 12:11:17 PM base.LogResults createLogs
INFO: PASS - Directory Button Clicked Successfully: 
Aug 06, 2025 12:11:19 PM base.LogResults createLogs
INFO: PASS - Directory Page Loaded Successfully: 
Aug 06, 2025 12:11:19 PM base.LogResults createLogs
INFO: PASS - Company Tab  Clicked Successfully: 
Aug 06, 2025 12:11:22 PM base.LogResults createLogs
INFO: PASS - Department Drop Icon Clicked Successfully: 
Aug 06, 2025 12:11:24 PM base.LogResults createLogs
INFO: PASS - Department Tab  Clicked Successfully: 
Aug 06, 2025 12:11:24 PM base.LogResults createLogs
INFO: PASS - Department Page Loaded Successfully: 
Aug 06, 2025 12:11:24 PM base.LogResults createLogs
INFO: PASS - Add Department Tab  Clicked Successfully: 
Aug 06, 2025 12:11:26 PM base.LogResults createLogs
INFO: PASS - Successfully Clicked On Add Department Save Button: 
Aug 06, 2025 12:11:26 PM base.LogResults createLogs
INFO: PASS - Successfully Displayed Error Message: 
Aug 06, 2025 12:11:26 PM base.LogResults onlyLog
INFO: Passed - Attendance-MPI_192_Department_05-To verify this: Check whether an appropriate error message is displayed when the user does not provide input in the mandatory fields.
---------------------------------------------------------------
AttendanceMPI_192_Department_05
Aug 06, 2025 12:11:26 PM base.LogResults onlyLog
INFO: Total Pass : 5 Total Fail : 0  Total TC : 5
---------------------------------------------------------------
Test case took: 26.7378 seconds
Total TC Time: 00:02:57
Launching Driver...
Aug 06, 2025 12:11:28 PM org.openqa.selenium.devtools.CdpVersionFinder findNearestMatch
WARNING: Unable to find an exact match for CDP version 138, returning the closest version; found: 137; Please update to a Selenium version that supports CDP version 138
Error Index 1 out of bounds for length 1
Aug 06, 2025 12:11:30 PM base.LogResults createLogs
INFO: PASS -  Application loaded successfully.
Aug 06, 2025 12:11:34 PM base.LogResults createLogs
INFO: PASS -  Company code entered successfully.AGFC
Aug 06, 2025 12:11:34 PM base.LogResults createLogs
INFO: PASS - Clicked On 'Login with Password' successfully.
Aug 06, 2025 12:11:38 PM base.LogResults createLogs
INFO: PASS -  Sign-in section appeared.
Aug 06, 2025 12:11:39 PM base.LogResults createLogs
INFO: PASS -  Email Id entered.AutoE060825091631@mailinator.com
Aug 06, 2025 12:11:39 PM base.LogResults createLogs
INFO: PASS -  Password entered.Pramod@1234
Aug 06, 2025 12:11:39 PM base.LogResults createLogs
INFO: PASS -  Captcha entered.12345
Aug 06, 2025 12:11:39 PM base.LogResults createLogs
INFO: PASS -  Sign-in button clicked.
Aug 06, 2025 12:11:42 PM base.LogResults createLogs
INFO: PASS -  Login validated successfully And Good Text Is Displayed.
Aug 06, 2025 12:11:42 PM base.LogResults createLogs
INFO: PASS - Login Done Successfully: 
Aug 06, 2025 12:11:47 PM base.LogResults createLogs
INFO: PASS - Directory Button Clicked Successfully: 
Aug 06, 2025 12:11:49 PM base.LogResults createLogs
INFO: PASS - Directory Page Loaded Successfully: 
Aug 06, 2025 12:11:49 PM base.LogResults createLogs
INFO: PASS - Company Tab  Clicked Successfully: 
Aug 06, 2025 12:11:52 PM base.LogResults createLogs
INFO: PASS - Department Drop Icon Clicked Successfully: 
Aug 06, 2025 12:11:54 PM base.LogResults createLogs
INFO: PASS - Department Tab  Clicked Successfully: 
Aug 06, 2025 12:11:54 PM base.LogResults createLogs
INFO: PASS - Department Page Loaded Successfully: 
Aug 06, 2025 12:11:54 PM base.LogResults createLogs
INFO: PASS - Add Department Tab  Clicked Successfully: 
Aug 06, 2025 12:11:55 PM base.LogResults createLogs
INFO: PASS - Department Name Entered Successfully: @##@$
Aug 06, 2025 12:11:56 PM base.LogResults createLogs
INFO: PASS - Successfully Clicked On Add Department Save Button: 
Aug 06, 2025 12:11:56 PM base.LogResults createLogs
INFO: PASS - Successfully Displayed Error Message: 
Aug 06, 2025 12:11:56 PM base.LogResults onlyLog
INFO: Passed - Attendance-MPI_194_Department_07-To verify this, check whether a proper error message is displayed if the user enters any special character except '&'.
---------------------------------------------------------------
AttendanceMPI_194_Department_07
Aug 06, 2025 12:11:56 PM base.LogResults onlyLog
INFO: Total Pass : 6 Total Fail : 0  Total TC : 6
---------------------------------------------------------------
Test case took: 27.1243 seconds
Total TC Time: 00:03:24
Launching Driver...
Aug 06, 2025 12:11:58 PM org.openqa.selenium.devtools.CdpVersionFinder findNearestMatch
WARNING: Unable to find an exact match for CDP version 138, returning the closest version; found: 137; Please update to a Selenium version that supports CDP version 138
Error Index 1 out of bounds for length 1
Aug 06, 2025 12:12:00 PM base.LogResults createLogs
INFO: PASS -  Application loaded successfully.
Aug 06, 2025 12:12:04 PM base.LogResults createLogs
INFO: PASS -  Company code entered successfully.AGFC
Aug 06, 2025 12:12:04 PM base.LogResults createLogs
INFO: PASS - Clicked On 'Login with Password' successfully.
Aug 06, 2025 12:12:08 PM base.LogResults createLogs
INFO: PASS -  Sign-in section appeared.
Aug 06, 2025 12:12:08 PM base.LogResults createLogs
INFO: PASS -  Email Id entered.AutoE060825091631@mailinator.com
Aug 06, 2025 12:12:09 PM base.LogResults createLogs
INFO: PASS -  Password entered.Pramod@1234
Aug 06, 2025 12:12:09 PM base.LogResults createLogs
INFO: PASS -  Captcha entered.12345
Aug 06, 2025 12:12:09 PM base.LogResults createLogs
INFO: PASS -  Sign-in button clicked.
Aug 06, 2025 12:12:12 PM base.LogResults createLogs
INFO: PASS -  Login validated successfully And Good Text Is Displayed.
Aug 06, 2025 12:12:12 PM base.LogResults createLogs
INFO: PASS - Login Done Successfully: 
Aug 06, 2025 12:12:16 PM base.LogResults createLogs
INFO: PASS - Directory Button Clicked Successfully: 
Aug 06, 2025 12:12:18 PM base.LogResults createLogs
INFO: PASS - Directory Page Loaded Successfully: 
Aug 06, 2025 12:12:21 PM base.LogResults createLogs
INFO: PASS - Company Tab  Clicked Successfully: 
Aug 06, 2025 12:12:24 PM base.LogResults createLogs
INFO: PASS - Department Drop Icon Clicked Successfully: 
Aug 06, 2025 12:12:26 PM base.LogResults createLogs
INFO: PASS - Department Tab  Clicked Successfully: 
Aug 06, 2025 12:12:27 PM base.LogResults createLogs
INFO: PASS - Department Page Loaded Successfully: 
Aug 06, 2025 12:12:27 PM base.LogResults createLogs
INFO: PASS - Add Department Tab  Clicked Successfully: 
Aug 06, 2025 12:12:28 PM base.LogResults createLogs
INFO: PASS - Department Name Entered Successfully: a
Aug 06, 2025 12:12:28 PM base.LogResults createLogs
INFO: PASS - Successfully Clicked On Add Department Save Button: 
Aug 06, 2025 12:12:28 PM base.LogResults createLogs
INFO: PASS - Successfully Displayed Error Message: 
Aug 06, 2025 12:12:28 PM base.LogResults onlyLog
INFO: Passed - Attendance-MPI_195_Department_08-To verify this, check whether a proper error message is displayed if the user enters only one character in the department name text field.
---------------------------------------------------------------
AttendanceMPI_195_Department_08
Aug 06, 2025 12:12:28 PM base.LogResults onlyLog
INFO: Total Pass : 7 Total Fail : 0  Total TC : 7
---------------------------------------------------------------
Test case took: 29.7903 seconds
Total TC Time: 00:03:54
Launching Driver...
Aug 06, 2025 12:12:30 PM org.openqa.selenium.devtools.CdpVersionFinder findNearestMatch
WARNING: Unable to find an exact match for CDP version 138, returning the closest version; found: 137; Please update to a Selenium version that supports CDP version 138
Error Index 1 out of bounds for length 1
Aug 06, 2025 12:12:32 PM base.LogResults createLogs
INFO: PASS -  Application loaded successfully.
Aug 06, 2025 12:12:37 PM base.LogResults createLogs
INFO: PASS -  Company code entered successfully.AGFC
Aug 06, 2025 12:12:37 PM base.LogResults createLogs
INFO: PASS - Clicked On 'Login with Password' successfully.
Aug 06, 2025 12:12:41 PM base.LogResults createLogs
INFO: PASS -  Sign-in section appeared.
Aug 06, 2025 12:12:41 PM base.LogResults createLogs
INFO: PASS -  Email Id entered.AutoE060825091631@mailinator.com
Aug 06, 2025 12:12:41 PM base.LogResults createLogs
INFO: PASS -  Password entered.Pramod@1234
Aug 06, 2025 12:12:41 PM base.LogResults createLogs
INFO: PASS -  Captcha entered.12345
Aug 06, 2025 12:12:42 PM base.LogResults createLogs
INFO: PASS -  Sign-in button clicked.
Aug 06, 2025 12:12:44 PM base.LogResults createLogs
INFO: PASS -  Login validated successfully And Good Text Is Displayed.
Aug 06, 2025 12:12:44 PM base.LogResults createLogs
INFO: PASS - Login Done Successfully: 
Aug 06, 2025 12:12:49 PM base.LogResults createLogs
INFO: PASS - Directory Button Clicked Successfully: 
Aug 06, 2025 12:12:51 PM base.LogResults createLogs
INFO: PASS - Directory Page Loaded Successfully: 
Aug 06, 2025 12:12:51 PM base.LogResults createLogs
INFO: PASS - Company Tab  Clicked Successfully: 
Aug 06, 2025 12:12:54 PM base.LogResults createLogs
INFO: PASS - Department Drop Icon Clicked Successfully: 
Aug 06, 2025 12:12:56 PM base.LogResults createLogs
INFO: PASS - Department Tab  Clicked Successfully: 
Aug 06, 2025 12:12:59 PM base.LogResults createLogs
INFO: PASS - Department Page Loaded Successfully: 
Aug 06, 2025 12:13:03 PM base.LogResults createLogs
INFO: PASS - Successfully Input The Updated Department Name In The Search Text Field: DCOK
Aug 06, 2025 12:13:04 PM base.LogResults createLogs
INFO: PASS - Successfully Display Updated Department Name Record: 
Aug 06, 2025 12:13:08 PM base.LogResults createLogs
INFO: PASS -  Successfully Turn Off The Toggle Switch : 
Aug 06, 2025 12:13:11 PM base.LogResults createLogs
INFO: PASS -  Successfully Clicked On Ok Button : 
Aug 06, 2025 12:13:14 PM base.LogResults createLogs
INFO: PASS - Department Drop Icon Clicked Successfully: 
Aug 06, 2025 12:13:14 PM base.LogResults createLogs
INFO: PASS - Successfully Clicked On DepartmentMapping Button: 
Aug 06, 2025 12:13:14 PM base.LogResults createLogs
INFO: PASS - Successfully Clicked On AddDepartmentMapping Button: 
Aug 06, 2025 12:13:15 PM base.LogResults createLogs
INFO: PASS - Successfully Clicked On DepartmentDropDown : 
Aug 06, 2025 12:13:15 PM base.LogResults createLogs
INFO: PASS - Successfully Inputted Dept Name : DCOK
Aug 06, 2025 12:13:16 PM base.LogResults createLogs
INFO: PASS - Disabled Team Name Isn't Displayed And Error Msg Displayed Successfully: 
Aug 06, 2025 12:13:18 PM base.LogResults onlyLog
INFO: Passed - Attendance-MPI_205_Department_12-To verify this, disable the active department name and navigate to the "add department mapping" tab  check whether the inactive department is not displayed in the department dropdown list while "add department mapping" process
---------------------------------------------------------------
AttendanceMPI_205_Department_12
Aug 06, 2025 12:13:18 PM base.LogResults onlyLog
INFO: Total Pass : 8 Total Fail : 0  Total TC : 8
---------------------------------------------------------------
Test case took: 46.5419 seconds
Total TC Time: 00:04:40
Launching Driver...
Aug 06, 2025 12:13:20 PM org.openqa.selenium.devtools.CdpVersionFinder findNearestMatch
WARNING: Unable to find an exact match for CDP version 138, returning the closest version; found: 137; Please update to a Selenium version that supports CDP version 138
Error Index 1 out of bounds for length 1
Aug 06, 2025 12:13:21 PM base.LogResults createLogs
INFO: PASS -  Application loaded successfully.
Aug 06, 2025 12:13:26 PM base.LogResults createLogs
INFO: PASS -  Company code entered successfully.AGFC
Aug 06, 2025 12:13:26 PM base.LogResults createLogs
INFO: PASS - Clicked On 'Login with Password' successfully.
Aug 06, 2025 12:13:30 PM base.LogResults createLogs
INFO: PASS -  Sign-in section appeared.
Aug 06, 2025 12:13:30 PM base.LogResults createLogs
INFO: PASS -  Email Id entered.AutoE060825091631@mailinator.com
Aug 06, 2025 12:13:30 PM base.LogResults createLogs
INFO: PASS -  Password entered.Pramod@1234
Aug 06, 2025 12:13:31 PM base.LogResults createLogs
INFO: PASS -  Captcha entered.12345
Aug 06, 2025 12:13:31 PM base.LogResults createLogs
INFO: PASS -  Sign-in button clicked.
Aug 06, 2025 12:13:33 PM base.LogResults createLogs
INFO: PASS -  Login validated successfully And Good Text Is Displayed.
Aug 06, 2025 12:13:34 PM base.LogResults createLogs
INFO: PASS - Login Done Successfully: 
Aug 06, 2025 12:13:38 PM base.LogResults createLogs
INFO: PASS - Directory Button Clicked Successfully: 
Aug 06, 2025 12:13:40 PM base.LogResults createLogs
INFO: PASS - Directory Page Loaded Successfully: 
Aug 06, 2025 12:13:40 PM base.LogResults createLogs
INFO: PASS - Company Tab  Clicked Successfully: 
Aug 06, 2025 12:13:43 PM base.LogResults createLogs
INFO: PASS - Department Drop Icon Clicked Successfully: 
Aug 06, 2025 12:13:45 PM base.LogResults createLogs
INFO: PASS - Department Tab  Clicked Successfully: 
Aug 06, 2025 12:13:48 PM base.LogResults createLogs
INFO: PASS - Department Page Loaded Successfully: 
Aug 06, 2025 12:13:53 PM base.LogResults createLogs
INFO: PASS - Successfully Input The Updated Department Name In The Search Text Field: DCOK
Aug 06, 2025 12:13:53 PM base.LogResults createLogs
INFO: PASS - Successfully Display Updated Department Name Record: 
Aug 06, 2025 12:13:57 PM base.LogResults createLogs
INFO: PASS -  Successfully Turn Off The Toggle Switch : 
Aug 06, 2025 12:14:00 PM base.LogResults createLogs
INFO: PASS -  Successfully Clicked On Ok Button : 
Aug 06, 2025 12:14:06 PM base.LogResults createLogs
INFO: PASS - Department Drop Icon Clicked Successfully: 
Aug 06, 2025 12:14:06 PM base.LogResults createLogs
INFO: PASS - Successfully Clicked On DepartmentMapping Button: 
Aug 06, 2025 12:14:06 PM base.LogResults createLogs
INFO: PASS - Successfully Clicked On AddDepartmentMapping Button: 
Aug 06, 2025 12:14:07 PM base.LogResults createLogs
INFO: PASS - Successfully Clicked On DepartmentDropDown : 
Aug 06, 2025 12:14:07 PM base.LogResults createLogs
INFO: PASS - Successfully Inputted Dept Name : DCOK
Aug 06, 2025 12:14:08 PM base.LogResults createLogs
INFO: PASS - Successfully Displayed created Dept Name : DCOK
Aug 06, 2025 12:14:11 PM base.LogResults onlyLog
INFO: Passed - Attendance-MPI_206_Department_13-To verify this, enable the inactive department name and navigate to the add department mapping tab check whether the enabled department is displayed in the department dropdown list while department mapping process 
---------------------------------------------------------------
AttendanceMPI_206_Department_13
Aug 06, 2025 12:14:11 PM base.LogResults onlyLog
INFO: Total Pass : 9 Total Fail : 0  Total TC : 9
---------------------------------------------------------------
Test case took: 50.3607 seconds
Total TC Time: 00:05:31
Launching Driver...
Aug 06, 2025 12:14:13 PM org.openqa.selenium.devtools.CdpVersionFinder findNearestMatch
WARNING: Unable to find an exact match for CDP version 138, returning the closest version; found: 137; Please update to a Selenium version that supports CDP version 138
Error Index 1 out of bounds for length 1
Aug 06, 2025 12:14:15 PM base.LogResults createLogs
INFO: PASS -  Application loaded successfully.
Aug 06, 2025 12:14:19 PM base.LogResults createLogs
INFO: PASS -  Company code entered successfully.AGFC
Aug 06, 2025 12:14:19 PM base.LogResults createLogs
INFO: PASS - Clicked On 'Login with Password' successfully.
Aug 06, 2025 12:14:23 PM base.LogResults createLogs
INFO: PASS -  Sign-in section appeared.
Aug 06, 2025 12:14:23 PM base.LogResults createLogs
INFO: PASS -  Email Id entered.AutoE060825091631@mailinator.com
Aug 06, 2025 12:14:24 PM base.LogResults createLogs
INFO: PASS -  Password entered.Pramod@1234
Aug 06, 2025 12:14:24 PM base.LogResults createLogs
INFO: PASS -  Captcha entered.12345
Aug 06, 2025 12:14:24 PM base.LogResults createLogs
INFO: PASS -  Sign-in button clicked.
Aug 06, 2025 12:14:26 PM base.LogResults createLogs
INFO: PASS -  Login validated successfully And Good Text Is Displayed.
Aug 06, 2025 12:14:26 PM base.LogResults createLogs
INFO: PASS - Login Done Successfully: 
Aug 06, 2025 12:14:31 PM base.LogResults createLogs
INFO: PASS - Directory Button Clicked Successfully: 
Aug 06, 2025 12:14:33 PM base.LogResults createLogs
INFO: PASS - Directory Page Loaded Successfully: 
Aug 06, 2025 12:14:33 PM base.LogResults createLogs
INFO: PASS - Company Tab  Clicked Successfully: 
Aug 06, 2025 12:14:36 PM base.LogResults createLogs
INFO: PASS - Department Drop Icon Clicked Successfully: 
Aug 06, 2025 12:14:38 PM base.LogResults createLogs
INFO: PASS - Department Tab  Clicked Successfully: 
Aug 06, 2025 12:14:38 PM base.LogResults createLogs
INFO: PASS - Department Page Loaded Successfully: 
Aug 06, 2025 12:14:38 PM base.LogResults createLogs
INFO: PASS - Successfully Get The Department Name: 
Aug 06, 2025 12:14:39 PM base.LogResults createLogs
INFO: PASS - Add Department Tab  Clicked Successfully: 
Aug 06, 2025 12:14:40 PM base.LogResults createLogs
INFO: PASS - Department Name Entered Successfully: AutoDN060825091631
Aug 06, 2025 12:14:40 PM base.LogResults createLogs
INFO: PASS - Successfully Clicked On Add Department Save Button: 
Aug 06, 2025 12:14:41 PM base.LogResults createLogs
INFO: PASS -  Successfully Displayed Error Message : 
Aug 06, 2025 12:14:44 PM base.LogResults onlyLog
INFO: Passed - Attendance-MPI_210_Department_17-To verify this, create duplicate department and ensure proper error message is displayed
---------------------------------------------------------------
AttendanceMPI_210_Department_17
Aug 06, 2025 12:14:44 PM base.LogResults onlyLog
INFO: Total Pass : 10 Total Fail : 0  Total TC : 10
---------------------------------------------------------------
Test case took: 30.8500 seconds
Total TC Time: 00:06:02

===============================================
Suite
Total tests run: 10, Passes: 10, Failures: 0, Skips: 0
===============================================

