>> Console logging redirected to data/console.log
Launching Driver...
SLF4J(W): No SLF4J providers were found.
SLF4J(W): Defaulting to no-operation (NOP) logger implementation
SLF4J(W): See https://www.slf4j.org/codes.html#noProviders for further details.
Sept 01, 2025 11:49:30 AM org.openqa.selenium.devtools.CdpVersionFinder findNearestMatch
WARNING: Unable to find an exact match for CDP version 139, returning the closest version; found: 137; Please update to a Selenium version that supports CDP version 139
(1386, 788)
Sept 01, 2025 11:49:34 AM base.LogResults createLogs
INFO: PASS -  Application loaded successfully.
Sept 01, 2025 11:49:40 AM base.LogResults createLogs
INFO: PASS -  Company code entered successfully.ARZO
Sept 01, 2025 11:49:42 AM base.LogResults createLogs
INFO: PASS - Clicked On 'Login with Password' successfully.
Sept 01, 2025 11:49:49 AM base.LogResults createLogs
INFO: PASS -  Sign-in section appeared.
Sept 01, 2025 11:49:51 AM base.LogResults createLogs
INFO: PASS -  Email Id entered.AutoE010925091520@mailinator.com
Sept 01, 2025 11:49:53 AM base.LogResults createLogs
INFO: PASS -  Password entered.Pramod@1234
Sept 01, 2025 11:49:55 AM base.LogResults createLogs
INFO: PASS -  Captcha entered.12345
Sept 01, 2025 11:49:58 AM base.LogResults createLogs
INFO: PASS -  Sign-in button clicked.
Sept 01, 2025 11:50:00 AM base.LogResults createLogs
INFO: PASS -  Login validated successfully And Good Text Is Displayed.
Sept 01, 2025 11:50:02 AM base.LogResults createLogs
INFO: PASS - Login Done Successfully: 
Sept 01, 2025 11:50:09 AM base.LogResults createLogs
INFO: PASS - Directory Button Clicked Successfully: 
Sept 01, 2025 11:50:12 AM base.LogResults createLogs
INFO: PASS - Directory Page Loaded Successfully: 
Sept 01, 2025 11:50:14 AM base.LogResults createLogs
INFO: PASS - Company Tab  Clicked Successfully: 
Sept 01, 2025 11:50:17 AM base.LogResults createLogs
INFO: PASS - Role Button  Clicked Successfully: 
Sept 01, 2025 11:50:19 AM base.LogResults createLogs
INFO: PASS - Role Permission Page  Loaded Successfully: 
Sept 01, 2025 11:50:21 AM base.LogResults createLogs
INFO: PASS - Add RolePermission Button  Clicked Successfully: 
Sept 01, 2025 11:50:23 AM base.LogResults createLogs
INFO: PASS - Role DropDown Clicked Successfully: 
Sept 01, 2025 11:50:26 AM base.LogResults createLogs
INFO: PASS - Role Selected Successfully: employee
Sept 01, 2025 11:50:28 AM base.LogResults createLogs
INFO: PASS - Role Selected  Successfully: 
Sept 01, 2025 11:50:30 AM base.LogResults createLogs
INFO: PASS - Shift Permission Selected  Successfully: 
Sept 01, 2025 11:50:36 AM base.LogResults createLogs
INFO: PASS - Directory Permission Selected  Successfully: 
Sept 01, 2025 11:50:43 AM base.LogResults createLogs
INFO: PASS - File Permission Selected  Successfully: 
Sept 01, 2025 11:50:49 AM base.LogResults createLogs
INFO: PASS - RolePermissionSaveButton Clicked Successfully: 
Sept 01, 2025 11:50:59 AM base.LogResults createLogs
INFO: PASS - Admin Manage Button Clicked Successfully: 
Sept 01, 2025 11:51:02 AM base.LogResults createLogs
INFO: PASS - Admin Logout Button Clicked Successfully: 
Sept 01, 2025 11:51:04 AM base.LogResults createLogs
INFO: PASS -  Application loaded successfully.
Sept 01, 2025 11:51:10 AM base.LogResults createLogs
INFO: PASS -  Company code entered successfully.ARZO
Sept 01, 2025 11:51:23 AM base.LogResults createLogs
INFO: FAIL - Login Is Failed: Login with password click failed: element not interactable
  (Session info: chrome=139.0.7258.139)
Build info: version: '4.28.0', revision: 'ac342546e9'
System info: os.name: 'Windows 10', os.arch: 'amd64', os.version: '10.0', java.version: '17.0.11'
Driver info: org.openqa.selenium.chrome.ChromeDriver
Command: [22fc9137ccde2d7d1934cd0258ee5140, clickElement {id=f.0A8E596C4A68E6AA7B7A9EE3120EB1BD.d.A5B2396ADE9B7A096806522955F0470B.e.3042}]
Capabilities {acceptInsecureCerts: true, browserName: chrome, browserVersion: 139.0.7258.139, chrome: {chromedriverVersion: 139.0.7258.154 (9e0d6b2b47f..., userDataDir: C:\Users\Pramod.C\AppData\L...}, fedcm:accounts: true, goog:chromeOptions: {debuggerAddress: localhost:56808}, networkConnectionEnabled: false, pageLoadStrategy: none, platformName: windows, proxy: Proxy(), se:cdp: ws://localhost:56808/devtoo..., se:cdpVersion: 139.0.7258.139, setWindowRect: true, strictFileInteractability: false, timeouts: {implicit: 0, pageLoad: 300000, script: 30000}, unhandledPromptBehavior: dismiss and notify, webauthn:extension:credBlob: true, webauthn:extension:largeBlob: true, webauthn:extension:minPinLength: true, webauthn:extension:prf: true, webauthn:virtualAuthenticators: true}
Element: [[ChromeDriver: chrome on windows (22fc9137ccde2d7d1934cd0258ee5140)] -> id: btnLoginWithPwd]
Session ID: 22fc9137ccde2d7d1934cd0258ee5140
Sept 01, 2025 11:51:33 AM base.LogResults createLogs
INFO: FAIL - Error While Clicking On Shift Button: stale element reference: stale element not found
  (Session info: chrome=139.0.7258.139)
For documentation on this error, please visit: https://www.selenium.dev/documentation/webdriver/troubleshooting/errors#stale-element-reference-exception
Build info: version: '4.28.0', revision: 'ac342546e9'
System info: os.name: 'Windows 10', os.arch: 'amd64', os.version: '10.0', java.version: '17.0.11'
Driver info: org.openqa.selenium.chrome.ChromeDriver
Command: [22fc9137ccde2d7d1934cd0258ee5140, clickElement {id=f.0A8E596C4A68E6AA7B7A9EE3120EB1BD.d.C4C9EE14F8052195710F01C1A72B43C2.e.3242}]
Capabilities {acceptInsecureCerts: true, browserName: chrome, browserVersion: 139.0.7258.139, chrome: {chromedriverVersion: 139.0.7258.154 (9e0d6b2b47f..., userDataDir: C:\Users\Pramod.C\AppData\L...}, fedcm:accounts: true, goog:chromeOptions: {debuggerAddress: localhost:56808}, networkConnectionEnabled: false, pageLoadStrategy: none, platformName: windows, proxy: Proxy(), se:cdp: ws://localhost:56808/devtoo..., se:cdpVersion: 139.0.7258.139, setWindowRect: true, strictFileInteractability: false, timeouts: {implicit: 0, pageLoad: 300000, script: 30000}, unhandledPromptBehavior: dismiss and notify, webauthn:extension:credBlob: true, webauthn:extension:largeBlob: true, webauthn:extension:minPinLength: true, webauthn:extension:prf: true, webauthn:virtualAuthenticators: true}
Element: [[ChromeDriver: chrome on windows (22fc9137ccde2d7d1934cd0258ee5140)] -> xpath: //button[@id='sidebarToggle']/../div[1]/div/ul/li[contains(@title,'Shift')]]
Session ID: 22fc9137ccde2d7d1934cd0258ee5140
Sept 01, 2025 11:52:12 AM base.LogResults createLogs
INFO: PASS - Shift Tab Displayed Successfully In Employee Account: 
Sept 01, 2025 11:52:15 AM base.LogResults createLogs
INFO: PASS - EmpFileButton Clicked Successfully In Employee Account: 
Sept 01, 2025 11:52:29 AM base.LogResults createLogs
INFO: FAIL - Error While Displaying MyFilesTab In Files Module: no such element: Unable to locate element: {"method":"xpath","selector":"//a[@id='myFiles_tab']"}
  (Session info: chrome=139.0.7258.139)
For documentation on this error, please visit: https://www.selenium.dev/documentation/webdriver/troubleshooting/errors#no-such-element-exception
Build info: version: '4.28.0', revision: 'ac342546e9'
System info: os.name: 'Windows 10', os.arch: 'amd64', os.version: '10.0', java.version: '17.0.11'
Driver info: org.openqa.selenium.chrome.ChromeDriver
Command: [22fc9137ccde2d7d1934cd0258ee5140, findElement {value=//a[@id='myFiles_tab'], using=xpath}]
Capabilities {acceptInsecureCerts: true, browserName: chrome, browserVersion: 139.0.7258.139, chrome: {chromedriverVersion: 139.0.7258.154 (9e0d6b2b47f..., userDataDir: C:\Users\Pramod.C\AppData\L...}, fedcm:accounts: true, goog:chromeOptions: {debuggerAddress: localhost:56808}, networkConnectionEnabled: false, pageLoadStrategy: none, platformName: windows, proxy: Proxy(), se:cdp: ws://localhost:56808/devtoo..., se:cdpVersion: 139.0.7258.139, setWindowRect: true, strictFileInteractability: false, timeouts: {implicit: 0, pageLoad: 300000, script: 30000}, unhandledPromptBehavior: dismiss and notify, webauthn:extension:credBlob: true, webauthn:extension:largeBlob: true, webauthn:extension:minPinLength: true, webauthn:extension:prf: true, webauthn:virtualAuthenticators: true}
Session ID: 22fc9137ccde2d7d1934cd0258ee5140
Sept 01, 2025 11:53:06 AM base.LogResults createLogs
INFO: PASS - CompanyFilesTab Displayed Successfully In Employee Account: 
Sept 01, 2025 11:53:08 AM base.LogResults createLogs
INFO: PASS - EmpDirectoryButton Clicked Successfully In Employee Account: 
Sept 01, 2025 11:53:13 AM base.LogResults createLogs
INFO: PASS - MyEmployeeTab Displayed Successfully In Employee Account: 
Sept 01, 2025 11:53:15 AM base.LogResults createLogs
INFO: PASS - ORGChartTab Displayed Successfully In Employee Account: 
Sept 01, 2025 11:53:15 AM base.LogResults onlyLog
INFO: Failed - MeghMasterRolePermissionTest-MPI_283_RolePermission_18-To verify this, log in using the employee account and ensure that only the following are displayed: In the Directory module, My Employee table and Org Chart; In the Shift module, My Shift section only; In the File module, My Files and Employee Company Files are displayed.
---------------------------------------------------------------
MeghMasterRolePermissionTestMPI_283_RolePermission_18
Sept 01, 2025 11:53:15 AM base.LogResults onlyLog
INFO: Total Pass : 0 Total Fail : 1  Total TC : 1
---------------------------------------------------------------
Test case took: 224.7589 seconds
Total TC Time: 00:03:44

===============================================
Suite
Total tests run: 1, Passes: 1, Failures: 0, Skips: 0
===============================================

