>> Console logging redirected to data/console.log
Continuing with Existing Master Data due to threshold value:070825-070825-ThreSld->3
Launching Driver...
SLF4J(W): No SLF4J providers were found.
SLF4J(W): Defaulting to no-operation (NOP) logger implementation
SLF4J(W): See https://www.slf4j.org/codes.html#noProviders for further details.
Aug 07, 2025 5:10:09 PM org.openqa.selenium.devtools.CdpVersionFinder findNearestMatch
WARNING: Unable to find an exact match for CDP version 138, returning the closest version; found: 137; Please update to a Selenium version that supports CDP version 138
Error Index 1 out of bounds for length 1
Aug 07, 2025 5:10:10 PM base.LogResults createLogs
INFO: PASS - Application Loaded Successfully: 
Aug 07, 2025 5:10:15 PM base.LogResults createLogs
INFO: PASS - Company Code Entered in Text Box: ANHZ
Aug 07, 2025 5:10:15 PM base.LogResults createLogs
INFO: PASS - Login With Password Button Is Clicked: 
Aug 07, 2025 5:10:19 PM base.LogResults createLogs
INFO: PASS - Sign in Text Is Displayed: 
Aug 07, 2025 5:10:19 PM base.LogResults createLogs
INFO: PASS - Username Is Entered In Username Text Field: AutoE070825091624@mailinator.com
Aug 07, 2025 5:10:19 PM base.LogResults createLogs
INFO: PASS - Password Is Entered In Password Text Field: Pramod@1234
Aug 07, 2025 5:10:20 PM base.LogResults createLogs
INFO: PASS - Captcha Entered On Captcha Text Field: 12345
Aug 07, 2025 5:10:20 PM base.LogResults createLogs
INFO: PASS - Clicked On Login Button: 
Aug 07, 2025 5:10:23 PM base.LogResults createLogs
INFO: PASS - Login Done  And Validated Successfully: 
Aug 07, 2025 5:10:23 PM base.LogResults createLogs
INFO: PASS - Login Done Successfully: 
Aug 07, 2025 5:10:27 PM base.LogResults createLogs
INFO: PASS - Directory Button Clicked Successfully: 
Aug 07, 2025 5:10:30 PM base.LogResults createLogs
INFO: PASS - Directory Page Loaded Successfully: 
Aug 07, 2025 5:10:30 PM base.LogResults createLogs
INFO: PASS - Company Tab  Clicked Successfully: 
Aug 07, 2025 5:10:31 PM base.LogResults createLogs
INFO: PASS - AttendanceStatusButton  Clicked Successfully: 
Aug 07, 2025 5:10:31 PM base.LogResults createLogs
INFO: PASS - AttendanceStatus Page Loaded Successfully: 
Aug 07, 2025 5:10:31 PM base.LogResults createLogs
INFO: PASS - HDH Row Name Fetched  Successfully: 
Aug 07, 2025 5:10:33 PM base.LogResults createLogs
INFO: PASS - Department Search DropDown  Clicked Successfully: 
Aug 07, 2025 5:10:34 PM base.LogResults createLogs
INFO: PASS - Cust Status CheckBox Clicked Successfully: 
Aug 07, 2025 5:10:34 PM base.LogResults createLogs
INFO: PASS - Department Search DropDown  Clicked Successfully: 
Aug 07, 2025 5:10:34 PM base.LogResults createLogs
INFO: PASS - Fetched Input Entered In Search TextField Successfully: HDHW
Aug 07, 2025 5:10:36 PM base.LogResults createLogs
INFO: PASS - Attendance Status 3Dots  Clicked Successfully: 
Aug 07, 2025 5:10:53 PM base.LogResults createLogs
INFO: FAIL - Error while Clicking On Attendance Status Edit Button : element not interactable
  (Session info: chrome=138.0.7204.184)
Build info: version: '4.34.0', revision: '707dcb4246*'
System info: os.name: 'Windows 10', os.arch: 'amd64', os.version: '10.0', java.version: '17.0.11'
Driver info: org.openqa.selenium.chrome.ChromeDriver
Command: [1e51dae4a3c5a32dc4862900ebae8def, clickElement {id=f.C64D2379A1287019D261BE85A3D1451B.d.3BF77F5EC4842FE67391AC63AAE8535B.e.1593}]
Capabilities {acceptInsecureCerts: true, browserName: chrome, browserVersion: 138.0.7204.184, chrome: {chromedriverVersion: 138.0.7204.183 (e90faf484dd..., userDataDir: C:\Users\Pramod.C\AppData\L...}, fedcm:accounts: true, goog:chromeOptions: {debuggerAddress: localhost:63262}, networkConnectionEnabled: false, pageLoadStrategy: none, platformName: windows, proxy: Proxy(), se:cdp: ws://localhost:63262/devtoo..., se:cdpVersion: 138.0.7204.184, setWindowRect: true, strictFileInteractability: false, timeouts: {implicit: 0, pageLoad: 300000, script: 30000}, unhandledPromptBehavior: dismiss and notify, webauthn:extension:credBlob: true, webauthn:extension:largeBlob: true, webauthn:extension:minPinLength: true, webauthn:extension:prf: true, webauthn:virtualAuthenticators: true}
Element: [[ChromeDriver: chrome on windows (1e51dae4a3c5a32dc4862900ebae8def)] -> xpath: (//a[@data-bs-target= '#phAttnFinalStatusEditor'])[1]]
Session ID: 1e51dae4a3c5a32dc4862900ebae8def
Aug 07, 2025 5:11:03 PM base.LogResults createLogs
INFO: FAIL - Error while Inputting Cust Status : element not interactable
  (Session info: chrome=138.0.7204.184)
Build info: version: '4.34.0', revision: '707dcb4246*'
System info: os.name: 'Windows 10', os.arch: 'amd64', os.version: '10.0', java.version: '17.0.11'
Driver info: org.openqa.selenium.chrome.ChromeDriver
Command: [1e51dae4a3c5a32dc4862900ebae8def, clearElement {id=f.C64D2379A1287019D261BE85A3D1451B.d.3BF77F5EC4842FE67391AC63AAE8535B.e.1188}]
Capabilities {acceptInsecureCerts: true, browserName: chrome, browserVersion: 138.0.7204.184, chrome: {chromedriverVersion: 138.0.7204.183 (e90faf484dd..., userDataDir: C:\Users\Pramod.C\AppData\L...}, fedcm:accounts: true, goog:chromeOptions: {debuggerAddress: localhost:63262}, networkConnectionEnabled: false, pageLoadStrategy: none, platformName: windows, proxy: Proxy(), se:cdp: ws://localhost:63262/devtoo..., se:cdpVersion: 138.0.7204.184, setWindowRect: true, strictFileInteractability: false, timeouts: {implicit: 0, pageLoad: 300000, script: 30000}, unhandledPromptBehavior: dismiss and notify, webauthn:extension:credBlob: true, webauthn:extension:largeBlob: true, webauthn:extension:minPinLength: true, webauthn:extension:prf: true, webauthn:virtualAuthenticators: true}
Element: [[ChromeDriver: chrome on windows (1e51dae4a3c5a32dc4862900ebae8def)] -> xpath: //input[@id='txtCustStatus']]
Session ID: 1e51dae4a3c5a32dc4862900ebae8def
Aug 07, 2025 5:11:14 PM base.LogResults createLogs
INFO: FAIL - Error while Inputting Description : element not interactable
  (Session info: chrome=138.0.7204.184)
Build info: version: '4.34.0', revision: '707dcb4246*'
System info: os.name: 'Windows 10', os.arch: 'amd64', os.version: '10.0', java.version: '17.0.11'
Driver info: org.openqa.selenium.chrome.ChromeDriver
Command: [1e51dae4a3c5a32dc4862900ebae8def, clearElement {id=f.C64D2379A1287019D261BE85A3D1451B.d.3BF77F5EC4842FE67391AC63AAE8535B.e.1189}]
Capabilities {acceptInsecureCerts: true, browserName: chrome, browserVersion: 138.0.7204.184, chrome: {chromedriverVersion: 138.0.7204.183 (e90faf484dd..., userDataDir: C:\Users\Pramod.C\AppData\L...}, fedcm:accounts: true, goog:chromeOptions: {debuggerAddress: localhost:63262}, networkConnectionEnabled: false, pageLoadStrategy: none, platformName: windows, proxy: Proxy(), se:cdp: ws://localhost:63262/devtoo..., se:cdpVersion: 138.0.7204.184, setWindowRect: true, strictFileInteractability: false, timeouts: {implicit: 0, pageLoad: 300000, script: 30000}, unhandledPromptBehavior: dismiss and notify, webauthn:extension:credBlob: true, webauthn:extension:largeBlob: true, webauthn:extension:minPinLength: true, webauthn:extension:prf: true, webauthn:virtualAuthenticators: true}
Element: [[ChromeDriver: chrome on windows (1e51dae4a3c5a32dc4862900ebae8def)] -> xpath: //input[@id='txtStatusDesc']]
Session ID: 1e51dae4a3c5a32dc4862900ebae8def
Aug 07, 2025 5:11:26 PM base.LogResults createLogs
INFO: FAIL - Error while Clicking On AttendanceStatusSaveButton : element not interactable
  (Session info: chrome=138.0.7204.184)
Build info: version: '4.34.0', revision: '707dcb4246*'
System info: os.name: 'Windows 10', os.arch: 'amd64', os.version: '10.0', java.version: '17.0.11'
Driver info: org.openqa.selenium.chrome.ChromeDriver
Command: [1e51dae4a3c5a32dc4862900ebae8def, clickElement {id=f.C64D2379A1287019D261BE85A3D1451B.d.3BF77F5EC4842FE67391AC63AAE8535B.e.1596}]
Capabilities {acceptInsecureCerts: true, browserName: chrome, browserVersion: 138.0.7204.184, chrome: {chromedriverVersion: 138.0.7204.183 (e90faf484dd..., userDataDir: C:\Users\Pramod.C\AppData\L...}, fedcm:accounts: true, goog:chromeOptions: {debuggerAddress: localhost:63262}, networkConnectionEnabled: false, pageLoadStrategy: none, platformName: windows, proxy: Proxy(), se:cdp: ws://localhost:63262/devtoo..., se:cdpVersion: 138.0.7204.184, setWindowRect: true, strictFileInteractability: false, timeouts: {implicit: 0, pageLoad: 300000, script: 30000}, unhandledPromptBehavior: dismiss and notify, webauthn:extension:credBlob: true, webauthn:extension:largeBlob: true, webauthn:extension:minPinLength: true, webauthn:extension:prf: true, webauthn:virtualAuthenticators: true}
Element: [[ChromeDriver: chrome on windows (1e51dae4a3c5a32dc4862900ebae8def)] -> xpath: //button[@id='btnAttnFinalStatusSave']]
Session ID: 1e51dae4a3c5a32dc4862900ebae8def
Aug 07, 2025 5:11:31 PM base.LogResults createLogs
INFO: PASS - Updated Cust Status Name Inputted In Search Field  Successfully: AuPEL
Aug 07, 2025 5:11:45 PM base.LogResults createLogs
INFO: FAIL - Error while Displaying Updated Cust Status Row : no such element: Unable to locate element: {"method":"xpath","selector":"//table[@id='dtAttnFinalStatus']/tbody/tr[1]/td[2]"}
  (Session info: chrome=138.0.7204.184)
For documentation on this error, please visit: https://www.selenium.dev/documentation/webdriver/troubleshooting/errors#no-such-element-exception
Build info: version: '4.34.0', revision: '707dcb4246*'
System info: os.name: 'Windows 10', os.arch: 'amd64', os.version: '10.0', java.version: '17.0.11'
Driver info: org.openqa.selenium.chrome.ChromeDriver
Command: [1e51dae4a3c5a32dc4862900ebae8def, findElement {value=//table[@id='dtAttnFinalStatus']/tbody/tr[1]/td[2], using=xpath}]
Capabilities {acceptInsecureCerts: true, browserName: chrome, browserVersion: 138.0.7204.184, chrome: {chromedriverVersion: 138.0.7204.183 (e90faf484dd..., userDataDir: C:\Users\Pramod.C\AppData\L...}, fedcm:accounts: true, goog:chromeOptions: {debuggerAddress: localhost:63262}, networkConnectionEnabled: false, pageLoadStrategy: none, platformName: windows, proxy: Proxy(), se:cdp: ws://localhost:63262/devtoo..., se:cdpVersion: 138.0.7204.184, setWindowRect: true, strictFileInteractability: false, timeouts: {implicit: 0, pageLoad: 300000, script: 30000}, unhandledPromptBehavior: dismiss and notify, webauthn:extension:credBlob: true, webauthn:extension:largeBlob: true, webauthn:extension:minPinLength: true, webauthn:extension:prf: true, webauthn:virtualAuthenticators: true}
Session ID: 1e51dae4a3c5a32dc4862900ebae8def
Aug 07, 2025 5:11:45 PM base.LogResults createLogs
INFO: FAIL - Skipping rest steps as error count reached configured value : 5
Aug 07, 2025 5:11:45 PM base.LogResults onlyLog
INFO: Failed - Attendance-MPI_321_AttendanceStatus_01-To verify this, edit the attendance status and ensure the updated status is reflected in the list by validating it using the cust status.
---------------------------------------------------------------
AttendanceMPI_321_AttendanceStatus_01
Aug 07, 2025 5:11:45 PM base.LogResults onlyLog
INFO: Total Pass : 0 Total Fail : 1  Total TC : 1
---------------------------------------------------------------
Test case took: 95.8744 seconds
Total TC Time: 00:01:35
Launching Driver...
Aug 07, 2025 5:11:47 PM org.openqa.selenium.devtools.CdpVersionFinder findNearestMatch
WARNING: Unable to find an exact match for CDP version 138, returning the closest version; found: 137; Please update to a Selenium version that supports CDP version 138
Aug 07, 2025 5:11:49 PM base.LogResults createLogs
INFO: PASS -  Application loaded successfully.
Aug 07, 2025 5:11:53 PM base.LogResults createLogs
INFO: PASS -  Company code entered successfully.ANHZ
Aug 07, 2025 5:11:53 PM base.LogResults createLogs
INFO: PASS - Clicked On 'Login with Password' successfully.
