>> Console logging redirected to data/console.log
Deleted: E:\MeghPiFw\MeghPIreports\RunID-21-08-25_12_30_48\AllReports.html
Deleted: E:\MeghPiFw\MeghPIreports\RunID-21-08-25_12_30_48\chromeMeghAttendancePolicyTest-Logs.txt
Deleted: E:\MeghPiFw\MeghPIreports\RunID-21-08-25_12_30_48\chromeMeghAttendancePolicyTest.html
Deleted: E:\MeghPiFw\MeghPIreports\RunID-21-08-25_12_30_48\Dashboard.html
Deleted: E:\MeghPiFw\MeghPIreports\RunID-21-08-25_12_30_48\screenshot\21-08-2025-123051.png
Deleted: E:\MeghPiFw\MeghPIreports\RunID-21-08-25_12_30_48\screenshot\21-08-2025-123058.png
Deleted: E:\MeghPiFw\MeghPIreports\RunID-21-08-25_12_30_48\screenshot\21-08-2025-123100.png
Deleted: E:\MeghPiFw\MeghPIreports\RunID-21-08-25_12_30_48\screenshot\21-08-2025-123106.png
Deleted: E:\MeghPiFw\MeghPIreports\RunID-21-08-25_12_30_48\screenshot\21-08-2025-123108.png
Deleted: E:\MeghPiFw\MeghPIreports\RunID-21-08-25_12_30_48\screenshot\21-08-2025-123111.png
Deleted: E:\MeghPiFw\MeghPIreports\RunID-21-08-25_12_30_48\screenshot\21-08-2025-123113.png
Deleted: E:\MeghPiFw\MeghPIreports\RunID-21-08-25_12_30_48\screenshot\21-08-2025-123115.png
Deleted: E:\MeghPiFw\MeghPIreports\RunID-21-08-25_12_30_48\screenshot\21-08-2025-123118.png
Deleted: E:\MeghPiFw\MeghPIreports\RunID-21-08-25_12_30_48\screenshot\21-08-2025-123120.png
Deleted: E:\MeghPiFw\MeghPIreports\RunID-21-08-25_12_30_48\screenshot\21-08-2025-123126.png
Deleted: E:\MeghPiFw\MeghPIreports\RunID-21-08-25_12_30_48\screenshot\21-08-2025-123128.png
Deleted: E:\MeghPiFw\MeghPIreports\RunID-21-08-25_12_30_48\screenshot\21-08-2025-123131.png
Deleted: E:\MeghPiFw\MeghPIreports\RunID-21-08-25_12_30_48\screenshot\21-08-2025-123133.png
Deleted: E:\MeghPiFw\MeghPIreports\RunID-21-08-25_12_30_48\screenshot\21-08-2025-123135.png
Deleted: E:\MeghPiFw\MeghPIreports\RunID-21-08-25_12_30_48\screenshot\21-08-2025-123137.png
Deleted: E:\MeghPiFw\MeghPIreports\RunID-21-08-25_12_30_48\screenshot\21-08-2025-123140.png
Deleted: E:\MeghPiFw\MeghPIreports\RunID-21-08-25_12_30_48\screenshot\21-08-2025-123142.png
Deleted: E:\MeghPiFw\MeghPIreports\RunID-21-08-25_12_30_48\screenshot\21-08-2025-123144.png
Deleted: E:\MeghPiFw\MeghPIreports\RunID-21-08-25_12_30_48\screenshot\21-08-2025-123147.png
Deleted: E:\MeghPiFw\MeghPIreports\RunID-21-08-25_12_30_48\screenshot\21-08-2025-123152.png
Deleted: E:\MeghPiFw\MeghPIreports\RunID-21-08-25_12_30_48\screenshot\21-08-2025-123154.png
Deleted: E:\MeghPiFw\MeghPIreports\RunID-21-08-25_12_30_48\screenshot\21-08-2025-123156.png
Deleted: E:\MeghPiFw\MeghPIreports\RunID-21-08-25_12_30_48\screenshot\21-08-2025-123159.png
Deleted: E:\MeghPiFw\MeghPIreports\RunID-21-08-25_12_30_48\screenshot\21-08-2025-123201.png
Deleted: E:\MeghPiFw\MeghPIreports\RunID-21-08-25_12_30_48\screenshot\21-08-2025-123207.png
Deleted: E:\MeghPiFw\MeghPIreports\RunID-21-08-25_12_30_48\screenshot\21-08-2025-123214.png
Deleted: E:\MeghPiFw\MeghPIreports\RunID-21-08-25_12_30_48\screenshot\21-08-2025-123220.png
Deleted: E:\MeghPiFw\MeghPIreports\RunID-21-08-25_12_30_48\screenshot\21-08-2025-123225.png
Deleted: E:\MeghPiFw\MeghPIreports\RunID-21-08-25_12_30_48\screenshot\21-08-2025-123230.png
Deleted: E:\MeghPiFw\MeghPIreports\RunID-21-08-25_12_30_48\screenshot\21-08-2025-123238.png
Deleted: E:\MeghPiFw\MeghPIreports\RunID-21-08-25_12_30_48\screenshot\21-08-2025-123247.png
Deleted: E:\MeghPiFw\MeghPIreports\RunID-21-08-25_12_30_48\screenshot\21-08-2025-123249.png
Deleted: E:\MeghPiFw\MeghPIreports\RunID-21-08-25_12_30_48\screenshot\21-08-2025-123252.png
Deleted: E:\MeghPiFw\MeghPIreports\RunID-21-08-25_12_30_48\screenshot\21-08-2025-123300.png
Deleted: E:\MeghPiFw\MeghPIreports\RunID-21-08-25_12_59_00\AllReports.html
Deleted: E:\MeghPiFw\MeghPIreports\RunID-21-08-25_12_59_00\chromeMeghAttendancePolicyTest-Logs.txt
Deleted: E:\MeghPiFw\MeghPIreports\RunID-21-08-25_12_59_00\chromeMeghAttendancePolicyTest.html
Deleted: E:\MeghPiFw\MeghPIreports\RunID-21-08-25_12_59_00\chromeMeghLeavePolicyTest-Logs.txt
Deleted: E:\MeghPiFw\MeghPIreports\RunID-21-08-25_12_59_00\chromeMeghLeavePolicyTest.html
Deleted: E:\MeghPiFw\MeghPIreports\RunID-21-08-25_12_59_00\Dashboard.html
Deleted: E:\MeghPiFw\MeghPIreports\RunID-21-08-25_12_59_00\screenshot\21-08-2025-010001.png
Deleted: E:\MeghPiFw\MeghPIreports\RunID-21-08-25_12_59_00\screenshot\21-08-2025-010003.png
Deleted: E:\MeghPiFw\MeghPIreports\RunID-21-08-25_12_59_00\screenshot\21-08-2025-010009.png
Deleted: E:\MeghPiFw\MeghPIreports\RunID-21-08-25_12_59_00\screenshot\21-08-2025-010014.png
Deleted: E:\MeghPiFw\MeghPIreports\RunID-21-08-25_12_59_00\screenshot\21-08-2025-010019.png
Deleted: E:\MeghPiFw\MeghPIreports\RunID-21-08-25_12_59_00\screenshot\21-08-2025-010022.png
Deleted: E:\MeghPiFw\MeghPIreports\RunID-21-08-25_12_59_00\screenshot\21-08-2025-010024.png
Deleted: E:\MeghPiFw\MeghPIreports\RunID-21-08-25_12_59_00\screenshot\21-08-2025-010030.png
Deleted: E:\MeghPiFw\MeghPIreports\RunID-21-08-25_12_59_00\screenshot\21-08-2025-010037.png
Deleted: E:\MeghPiFw\MeghPIreports\RunID-21-08-25_12_59_00\screenshot\21-08-2025-010042.png
Deleted: E:\MeghPiFw\MeghPIreports\RunID-21-08-25_12_59_00\screenshot\21-08-2025-010047.png
Deleted: E:\MeghPiFw\MeghPIreports\RunID-21-08-25_12_59_00\screenshot\21-08-2025-010049.png
Deleted: E:\MeghPiFw\MeghPIreports\RunID-21-08-25_12_59_00\screenshot\21-08-2025-010059.png
Deleted: E:\MeghPiFw\MeghPIreports\RunID-21-08-25_12_59_00\screenshot\21-08-2025-010106.png
Deleted: E:\MeghPiFw\MeghPIreports\RunID-21-08-25_12_59_00\screenshot\21-08-2025-010108.png
Deleted: E:\MeghPiFw\MeghPIreports\RunID-21-08-25_12_59_00\screenshot\21-08-2025-010110.png
Deleted: E:\MeghPiFw\MeghPIreports\RunID-21-08-25_12_59_00\screenshot\21-08-2025-010119.png
Deleted: E:\MeghPiFw\MeghPIreports\RunID-21-08-25_12_59_00\screenshot\21-08-2025-010125.png
Deleted: E:\MeghPiFw\MeghPIreports\RunID-21-08-25_12_59_00\screenshot\21-08-2025-010131.png
Deleted: E:\MeghPiFw\MeghPIreports\RunID-21-08-25_12_59_00\screenshot\21-08-2025-010134.png
Deleted: E:\MeghPiFw\MeghPIreports\RunID-21-08-25_12_59_00\screenshot\21-08-2025-010140.png
Deleted: E:\MeghPiFw\MeghPIreports\RunID-21-08-25_12_59_00\screenshot\21-08-2025-010142.png
Deleted: E:\MeghPiFw\MeghPIreports\RunID-21-08-25_12_59_00\screenshot\21-08-2025-010144.png
Deleted: E:\MeghPiFw\MeghPIreports\RunID-21-08-25_12_59_00\screenshot\21-08-2025-010147.png
Deleted: E:\MeghPiFw\MeghPIreports\RunID-21-08-25_12_59_00\screenshot\21-08-2025-010149.png
Deleted: E:\MeghPiFw\MeghPIreports\RunID-21-08-25_12_59_00\screenshot\21-08-2025-010151.png
Deleted: E:\MeghPiFw\MeghPIreports\RunID-21-08-25_12_59_00\screenshot\21-08-2025-010153.png
Deleted: E:\MeghPiFw\MeghPIreports\RunID-21-08-25_12_59_00\screenshot\21-08-2025-010200.png
Deleted: E:\MeghPiFw\MeghPIreports\RunID-21-08-25_12_59_00\screenshot\21-08-2025-010202.png
Deleted: E:\MeghPiFw\MeghPIreports\RunID-21-08-25_12_59_00\screenshot\21-08-2025-010204.png
Deleted: E:\MeghPiFw\MeghPIreports\RunID-21-08-25_12_59_00\screenshot\21-08-2025-010206.png
Deleted: E:\MeghPiFw\MeghPIreports\RunID-21-08-25_12_59_00\screenshot\21-08-2025-010209.png
Deleted: E:\MeghPiFw\MeghPIreports\RunID-21-08-25_12_59_00\screenshot\21-08-2025-010211.png
Deleted: E:\MeghPiFw\MeghPIreports\RunID-21-08-25_12_59_00\screenshot\21-08-2025-010213.png
Deleted: E:\MeghPiFw\MeghPIreports\RunID-21-08-25_12_59_00\screenshot\21-08-2025-010215.png
Deleted: E:\MeghPiFw\MeghPIreports\RunID-21-08-25_12_59_00\screenshot\21-08-2025-010218.png
Deleted: E:\MeghPiFw\MeghPIreports\RunID-21-08-25_12_59_00\screenshot\21-08-2025-010220.png
Deleted: E:\MeghPiFw\MeghPIreports\RunID-21-08-25_12_59_00\screenshot\21-08-2025-010225.png
Deleted: E:\MeghPiFw\MeghPIreports\RunID-21-08-25_12_59_00\screenshot\21-08-2025-010227.png
Deleted: E:\MeghPiFw\MeghPIreports\RunID-21-08-25_12_59_00\screenshot\21-08-2025-010230.png
Deleted: E:\MeghPiFw\MeghPIreports\RunID-21-08-25_12_59_00\screenshot\21-08-2025-010232.png
Deleted: E:\MeghPiFw\MeghPIreports\RunID-21-08-25_12_59_00\screenshot\21-08-2025-010234.png
Deleted: E:\MeghPiFw\MeghPIreports\RunID-21-08-25_12_59_00\screenshot\21-08-2025-010240.png
Deleted: E:\MeghPiFw\MeghPIreports\RunID-21-08-25_12_59_00\screenshot\21-08-2025-010248.png
Deleted: E:\MeghPiFw\MeghPIreports\RunID-21-08-25_12_59_00\screenshot\21-08-2025-010253.png
Deleted: E:\MeghPiFw\MeghPIreports\RunID-21-08-25_12_59_00\screenshot\21-08-2025-010258.png
Deleted: E:\MeghPiFw\MeghPIreports\RunID-21-08-25_12_59_00\screenshot\21-08-2025-010303.png
Deleted: E:\MeghPiFw\MeghPIreports\RunID-21-08-25_12_59_00\screenshot\21-08-2025-010311.png
Deleted: E:\MeghPiFw\MeghPIreports\RunID-21-08-25_12_59_00\screenshot\21-08-2025-010320.png
Deleted: E:\MeghPiFw\MeghPIreports\RunID-21-08-25_12_59_00\screenshot\21-08-2025-010322.png
Deleted: E:\MeghPiFw\MeghPIreports\RunID-21-08-25_12_59_00\screenshot\21-08-2025-010325.png
Deleted: E:\MeghPiFw\MeghPIreports\RunID-21-08-25_12_59_00\screenshot\21-08-2025-010333.png
Deleted: E:\MeghPiFw\MeghPIreports\RunID-21-08-25_12_59_00\screenshot\21-08-2025-125904.png
Deleted: E:\MeghPiFw\MeghPIreports\RunID-21-08-25_12_59_00\screenshot\21-08-2025-125910.png
Deleted: E:\MeghPiFw\MeghPIreports\RunID-21-08-25_12_59_00\screenshot\21-08-2025-125912.png
Deleted: E:\MeghPiFw\MeghPIreports\RunID-21-08-25_12_59_00\screenshot\21-08-2025-125919.png
Deleted: E:\MeghPiFw\MeghPIreports\RunID-21-08-25_12_59_00\screenshot\21-08-2025-125921.png
Deleted: E:\MeghPiFw\MeghPIreports\RunID-21-08-25_12_59_00\screenshot\21-08-2025-125923.png
Deleted: E:\MeghPiFw\MeghPIreports\RunID-21-08-25_12_59_00\screenshot\21-08-2025-125925.png
Deleted: E:\MeghPiFw\MeghPIreports\RunID-21-08-25_12_59_00\screenshot\21-08-2025-125928.png
Deleted: E:\MeghPiFw\MeghPIreports\RunID-21-08-25_12_59_00\screenshot\21-08-2025-125930.png
Deleted: E:\MeghPiFw\MeghPIreports\RunID-21-08-25_12_59_00\screenshot\21-08-2025-125932.png
Deleted: E:\MeghPiFw\MeghPIreports\RunID-21-08-25_12_59_00\screenshot\21-08-2025-125939.png
Deleted: E:\MeghPiFw\MeghPIreports\RunID-21-08-25_12_59_00\screenshot\21-08-2025-125941.png
Deleted: E:\MeghPiFw\MeghPIreports\RunID-21-08-25_12_59_00\screenshot\21-08-2025-125943.png
Deleted: E:\MeghPiFw\MeghPIreports\RunID-21-08-25_12_59_00\screenshot\21-08-2025-125945.png
Deleted: E:\MeghPiFw\MeghPIreports\RunID-21-08-25_12_59_00\screenshot\21-08-2025-125954.png
Deleted: E:\MeghPiFw\MeghPIreports\RunID-21-08-25_12_59_00\screenshot\21-08-2025-125956.png
Deleted: E:\MeghPiFw\MeghPIreports\RunID-21-08-25_13_04_24\AllReports.html
Deleted: E:\MeghPiFw\MeghPIreports\RunID-21-08-25_13_04_24\chromeMeghAttendancePolicyTest-Logs.txt
Deleted: E:\MeghPiFw\MeghPIreports\RunID-21-08-25_13_04_24\chromeMeghAttendancePolicyTest.html
Deleted: E:\MeghPiFw\MeghPIreports\RunID-21-08-25_13_04_24\chromeMeghLeavePolicyTest-Logs.txt
Deleted: E:\MeghPiFw\MeghPIreports\RunID-21-08-25_13_04_24\chromeMeghLeavePolicyTest.html
Deleted: E:\MeghPiFw\MeghPIreports\RunID-21-08-25_13_04_24\Dashboard.html
Deleted: E:\MeghPiFw\MeghPIreports\RunID-21-08-25_13_04_24\screenshot\21-08-2025-010426.png
Deleted: E:\MeghPiFw\MeghPIreports\RunID-21-08-25_13_04_24\screenshot\21-08-2025-010431.png
Launching Driver...
SLF4J(W): No SLF4J providers were found.
SLF4J(W): Defaulting to no-operation (NOP) logger implementation
SLF4J(W): See https://www.slf4j.org/codes.html#noProviders for further details.
Aug 26, 2025 1:33:20 PM org.openqa.selenium.devtools.CdpVersionFinder findNearestMatch
WARNING: Unable to find an exact match for CDP version 139, returning the closest version; found: 137; Please update to a Selenium version that supports CDP version 139
(1386, 788)
HTTP/1.1 401 Unauthorized
Transfer-Encoding: chunked
Server: Microsoft-IIS/10.0
WWW-Authenticate: Bearer error="invalid_token"
X-Powered-By: ASP.NET
Date: Tue, 26 Aug 2025 08:03:15 GMT
Aug 26, 2025 1:33:33 PM base.LogResults createLogs
INFO: FAIL - Transaction failed: 
Aug 26, 2025 1:33:35 PM base.LogResults createLogs
INFO: PASS - Application Loaded Successfully: 
Aug 26, 2025 1:33:41 PM base.LogResults createLogs
INFO: PASS - Company Code Entered in Text Box: MAN0
Aug 26, 2025 1:33:44 PM base.LogResults createLogs
INFO: PASS - Login With Password Button Is Clicked: 
Aug 26, 2025 1:33:50 PM base.LogResults createLogs
INFO: PASS - Sign in Text Is Displayed: 
Aug 26, 2025 1:33:52 PM base.LogResults createLogs
INFO: PASS - Username Is Entered In Username Text Field: pramod.c@mantratec.com
Aug 26, 2025 1:33:54 PM base.LogResults createLogs
INFO: PASS - Password Is Entered In Password Text Field: Pramod@1234
Aug 26, 2025 1:33:57 PM base.LogResults createLogs
INFO: PASS - Captcha Entered On Captcha Text Field: 12345
Aug 26, 2025 1:33:59 PM base.LogResults createLogs
INFO: PASS - Clicked On Login Button: 
Aug 26, 2025 1:34:02 PM base.LogResults createLogs
INFO: PASS - Login Done  And Validated Successfully: 
Aug 26, 2025 1:34:04 PM base.LogResults createLogs
INFO: PASS - Login Done Successfully: 
Aug 26, 2025 1:34:06 PM base.LogResults createLogs
INFO: PASS - Login Done Successfully: 
Aug 26, 2025 1:34:08 PM base.LogResults createLogs
INFO: FAIL - Login Is Failed: null
No Logs found to Generate Report.

===============================================
Suite
Total tests run: 1, Passes: 1, Failures: 0, Skips: 0
===============================================

