>> Console logging redirected to data/console.log
Deleted: E:\MeghPiFw\MeghPIreports\RunID-18-08-25_14_12_47\json\chromeMeghMasterDesignationTest.json
Deleted: E:\MeghPiFw\MeghPIreports\RunID-18-08-25_14_12_47\json\chromeMeghMasterEntityTypeTest.json
Deleted: E:\MeghPiFw\MeghPIreports\RunID-18-08-25_14_12_47\chromeMeghMasterDesignationTest-Logs.txt
Deleted: E:\MeghPiFw\MeghPIreports\RunID-18-08-25_14_12_47\chromeMeghMasterDesignationTest-Logs.txt.lck
Deleted: E:\MeghPiFw\MeghPIreports\RunID-18-08-25_14_12_47\chromeMeghMasterDesignationTest.html
Deleted: E:\MeghPiFw\MeghPIreports\RunID-18-08-25_14_12_47\chromeMeghMasterEntityTypeTest-Logs.txt
Deleted: E:\MeghPiFw\MeghPIreports\RunID-18-08-25_14_12_47\chromeMeghMasterEntityTypeTest-Logs.txt.lck
Deleted: E:\MeghPiFw\MeghPIreports\RunID-18-08-25_14_12_47\chromeMeghMasterEntityTypeTest.html
Deleted: E:\MeghPiFw\MeghPIreports\RunID-18-08-25_14_12_47\screenshot\18-08-2025-021255.png
Deleted: E:\MeghPiFw\MeghPIreports\RunID-18-08-25_14_12_47\screenshot\18-08-2025-021301.png
Deleted: E:\MeghPiFw\MeghPIreports\RunID-18-08-25_14_12_47\screenshot\18-08-2025-021303.png
Deleted: E:\MeghPiFw\MeghPIreports\RunID-18-08-25_14_12_47\screenshot\18-08-2025-021310.png
Deleted: E:\MeghPiFw\MeghPIreports\RunID-18-08-25_14_12_47\screenshot\18-08-2025-021312.png
Deleted: E:\MeghPiFw\MeghPIreports\RunID-18-08-25_14_12_47\screenshot\18-08-2025-021314.png
Deleted: E:\MeghPiFw\MeghPIreports\RunID-18-08-25_14_12_47\screenshot\18-08-2025-021316.png
Deleted: E:\MeghPiFw\MeghPIreports\RunID-18-08-25_14_12_47\screenshot\18-08-2025-021319.png
Deleted: E:\MeghPiFw\MeghPIreports\RunID-18-08-25_14_12_47\screenshot\18-08-2025-021321.png
Deleted: E:\MeghPiFw\MeghPIreports\RunID-18-08-25_14_12_47\screenshot\18-08-2025-021323.png
Deleted: E:\MeghPiFw\MeghPIreports\RunID-18-08-25_14_12_47\screenshot\18-08-2025-021326.png
Deleted: E:\MeghPiFw\MeghPIreports\RunID-18-08-25_14_12_47\screenshot\18-08-2025-021328.png
Deleted: E:\MeghPiFw\MeghPIreports\RunID-18-08-25_14_12_47\screenshot\18-08-2025-021330.png
Deleted: E:\MeghPiFw\MeghPIreports\RunID-18-08-25_14_12_47\screenshot\18-08-2025-021332.png
Deleted: E:\MeghPiFw\MeghPIreports\RunID-18-08-25_14_12_47\screenshot\18-08-2025-021338.png
Deleted: E:\MeghPiFw\MeghPIreports\RunID-18-08-25_14_12_47\screenshot\18-08-2025-021343.png
Deleted: E:\MeghPiFw\MeghPIreports\RunID-18-08-25_14_12_47\screenshot\18-08-2025-021345.png
Deleted: E:\MeghPiFw\MeghPIreports\RunID-18-08-25_14_12_47\screenshot\18-08-2025-021352.png
Deleted: E:\MeghPiFw\MeghPIreports\RunID-18-08-25_14_12_47\screenshot\18-08-2025-021355.png
Deleted: E:\MeghPiFw\MeghPIreports\RunID-18-08-25_14_12_47\screenshot\18-08-2025-021357.png
Deleted: E:\MeghPiFw\MeghPIreports\RunID-18-08-25_14_12_47\screenshot\18-08-2025-021400.png
Deleted: E:\MeghPiFw\MeghPIreports\RunID-18-08-25_14_12_47\screenshot\18-08-2025-021402.png
Deleted: E:\MeghPiFw\MeghPIreports\RunID-18-08-25_14_12_47\screenshot\18-08-2025-021404.png
Deleted: E:\MeghPiFw\MeghPIreports\RunID-18-08-25_14_12_47\screenshot\18-08-2025-021406.png
Deleted: E:\MeghPiFw\MeghPIreports\RunID-18-08-25_14_12_47\screenshot\18-08-2025-021412.png
Deleted: E:\MeghPiFw\MeghPIreports\RunID-18-08-25_14_12_47\screenshot\18-08-2025-021414.png
Deleted: E:\MeghPiFw\MeghPIreports\RunID-18-08-25_14_12_47\screenshot\18-08-2025-021426.png
Deleted: E:\MeghPiFw\MeghPIreports\RunID-18-08-25_14_12_47\screenshot\18-08-2025-021504.png
Deleted: E:\MeghPiFw\MeghPIreports\RunID-18-08-25_14_12_47\screenshot\18-08-2025-021512.png
Deleted: E:\MeghPiFw\MeghPIreports\RunID-18-08-25_14_12_47\screenshot\18-08-2025-021515.png
Deleted: E:\MeghPiFw\MeghPIreports\RunID-18-08-25_14_12_47\screenshot\18-08-2025-021517.png
Deleted: E:\MeghPiFw\MeghPIreports\RunID-18-08-25_14_12_47\screenshot\18-08-2025-021526.png
Deleted: E:\MeghPiFw\MeghPIreports\RunID-18-08-25_14_12_47\screenshot\18-08-2025-021535.png
Deleted: E:\MeghPiFw\MeghPIreports\RunID-18-08-25_14_12_47\screenshot\18-08-2025-021542.png
Deleted: E:\MeghPiFw\MeghPIreports\RunID-18-08-25_14_29_12\AllReports.html
Deleted: E:\MeghPiFw\MeghPIreports\RunID-18-08-25_14_29_12\chromeMeghMasterDesignationTest-Logs.txt
Deleted: E:\MeghPiFw\MeghPIreports\RunID-18-08-25_14_29_12\chromeMeghMasterDesignationTest.html
Deleted: E:\MeghPiFw\MeghPIreports\RunID-18-08-25_14_29_12\chromeMeghMasterEntityTypeTest-Logs.txt
Deleted: E:\MeghPiFw\MeghPIreports\RunID-18-08-25_14_29_12\chromeMeghMasterEntityTypeTest.html
Deleted: E:\MeghPiFw\MeghPIreports\RunID-18-08-25_14_29_12\chromeMeghMasterGradeTest-Logs.txt
Deleted: E:\MeghPiFw\MeghPIreports\RunID-18-08-25_14_29_12\chromeMeghMasterGradeTest.html
Deleted: E:\MeghPiFw\MeghPIreports\RunID-18-08-25_14_29_12\chromeMeghMasterTeamMappingTest-Logs.txt
Deleted: E:\MeghPiFw\MeghPIreports\RunID-18-08-25_14_29_12\chromeMeghMasterTeamMappingTest.html
Deleted: E:\MeghPiFw\MeghPIreports\RunID-18-08-25_14_29_12\Dashboard.html
Deleted: E:\MeghPiFw\MeghPIreports\RunID-18-08-25_14_29_12\screenshot\18-08-2025-022915.png
Deleted: E:\MeghPiFw\MeghPIreports\RunID-18-08-25_14_29_12\screenshot\18-08-2025-022921.png
Deleted: E:\MeghPiFw\MeghPIreports\RunID-18-08-25_14_29_12\screenshot\18-08-2025-022927.png
Deleted: E:\MeghPiFw\MeghPIreports\RunID-18-08-25_14_29_12\screenshot\18-08-2025-022930.png
Deleted: E:\MeghPiFw\MeghPIreports\RunID-18-08-25_14_29_12\screenshot\18-08-2025-022936.png
Deleted: E:\MeghPiFw\MeghPIreports\RunID-18-08-25_14_29_12\screenshot\18-08-2025-022938.png
Deleted: E:\MeghPiFw\MeghPIreports\RunID-18-08-25_14_29_12\screenshot\18-08-2025-022940.png
Deleted: E:\MeghPiFw\MeghPIreports\RunID-18-08-25_14_29_12\screenshot\18-08-2025-022943.png
Deleted: E:\MeghPiFw\MeghPIreports\RunID-18-08-25_14_29_12\screenshot\18-08-2025-022945.png
Deleted: E:\MeghPiFw\MeghPIreports\RunID-18-08-25_14_29_12\screenshot\18-08-2025-022947.png
Deleted: E:\MeghPiFw\MeghPIreports\RunID-18-08-25_14_29_12\screenshot\18-08-2025-022950.png
Deleted: E:\MeghPiFw\MeghPIreports\RunID-18-08-25_14_29_12\screenshot\18-08-2025-022957.png
Deleted: E:\MeghPiFw\MeghPIreports\RunID-18-08-25_14_29_12\screenshot\18-08-2025-022959.png
Deleted: E:\MeghPiFw\MeghPIreports\RunID-18-08-25_14_29_12\screenshot\18-08-2025-023002.png
Deleted: E:\MeghPiFw\MeghPIreports\RunID-18-08-25_14_29_12\screenshot\18-08-2025-023004.png
Deleted: E:\MeghPiFw\MeghPIreports\RunID-18-08-25_14_29_12\screenshot\18-08-2025-023006.png
Deleted: E:\MeghPiFw\MeghPIreports\RunID-18-08-25_14_29_12\screenshot\18-08-2025-023008.png
Deleted: E:\MeghPiFw\MeghPIreports\RunID-18-08-25_14_29_12\screenshot\18-08-2025-023011.png
Deleted: E:\MeghPiFw\MeghPIreports\RunID-18-08-25_14_29_12\screenshot\18-08-2025-023013.png
Deleted: E:\MeghPiFw\MeghPIreports\RunID-18-08-25_14_29_12\screenshot\18-08-2025-023015.png
Deleted: E:\MeghPiFw\MeghPIreports\RunID-18-08-25_14_29_12\screenshot\18-08-2025-023020.png
Deleted: E:\MeghPiFw\MeghPIreports\RunID-18-08-25_14_29_12\screenshot\18-08-2025-023022.png
Deleted: E:\MeghPiFw\MeghPIreports\RunID-18-08-25_14_29_12\screenshot\18-08-2025-023025.png
Deleted: E:\MeghPiFw\MeghPIreports\RunID-18-08-25_14_29_12\screenshot\18-08-2025-023027.png
Deleted: E:\MeghPiFw\MeghPIreports\RunID-18-08-25_14_29_12\screenshot\18-08-2025-023038.png
Deleted: E:\MeghPiFw\MeghPIreports\RunID-18-08-25_14_29_12\screenshot\18-08-2025-023047.png
Deleted: E:\MeghPiFw\MeghPIreports\RunID-18-08-25_14_29_12\screenshot\18-08-2025-023049.png
Deleted: E:\MeghPiFw\MeghPIreports\RunID-18-08-25_14_29_12\screenshot\18-08-2025-023051.png
Deleted: E:\MeghPiFw\MeghPIreports\RunID-18-08-25_14_29_12\screenshot\18-08-2025-023059.png
Deleted: E:\MeghPiFw\MeghPIreports\RunID-18-08-25_14_29_12\screenshot\18-08-2025-023105.png
Deleted: E:\MeghPiFw\MeghPIreports\RunID-18-08-25_14_29_12\screenshot\18-08-2025-023108.png
Deleted: E:\MeghPiFw\MeghPIreports\RunID-18-08-25_14_29_12\screenshot\18-08-2025-023114.png
Deleted: E:\MeghPiFw\MeghPIreports\RunID-18-08-25_14_29_12\screenshot\18-08-2025-023116.png
Deleted: E:\MeghPiFw\MeghPIreports\RunID-18-08-25_14_29_12\screenshot\18-08-2025-023118.png
Deleted: E:\MeghPiFw\MeghPIreports\RunID-18-08-25_14_29_12\screenshot\18-08-2025-023121.png
Deleted: E:\MeghPiFw\MeghPIreports\RunID-18-08-25_14_29_12\screenshot\18-08-2025-023123.png
Deleted: E:\MeghPiFw\MeghPIreports\RunID-18-08-25_14_29_12\screenshot\18-08-2025-023125.png
Deleted: E:\MeghPiFw\MeghPIreports\RunID-18-08-25_14_29_12\screenshot\18-08-2025-023127.png
Deleted: E:\MeghPiFw\MeghPIreports\RunID-18-08-25_14_29_12\screenshot\18-08-2025-023135.png
Deleted: E:\MeghPiFw\MeghPIreports\RunID-18-08-25_14_29_12\screenshot\18-08-2025-023137.png
Deleted: E:\MeghPiFw\MeghPIreports\RunID-18-08-25_14_29_12\screenshot\18-08-2025-023140.png
Deleted: E:\MeghPiFw\MeghPIreports\RunID-18-08-25_14_29_12\screenshot\18-08-2025-023142.png
Deleted: E:\MeghPiFw\MeghPIreports\RunID-18-08-25_14_29_12\screenshot\18-08-2025-023144.png
Deleted: E:\MeghPiFw\MeghPIreports\RunID-18-08-25_14_29_12\screenshot\18-08-2025-023146.png
Deleted: E:\MeghPiFw\MeghPIreports\RunID-18-08-25_14_29_12\screenshot\18-08-2025-023149.png
Deleted: E:\MeghPiFw\MeghPIreports\RunID-18-08-25_14_29_12\screenshot\18-08-2025-023151.png
Deleted: E:\MeghPiFw\MeghPIreports\RunID-18-08-25_14_29_12\screenshot\18-08-2025-023153.png
Deleted: E:\MeghPiFw\MeghPIreports\RunID-18-08-25_14_29_12\screenshot\18-08-2025-023159.png
Deleted: E:\MeghPiFw\MeghPIreports\RunID-18-08-25_14_29_12\screenshot\18-08-2025-023202.png
Deleted: E:\MeghPiFw\MeghPIreports\RunID-18-08-25_14_29_12\screenshot\18-08-2025-023204.png
Deleted: E:\MeghPiFw\MeghPIreports\RunID-18-08-25_14_29_12\screenshot\18-08-2025-023207.png
Deleted: E:\MeghPiFw\MeghPIreports\RunID-18-08-25_14_29_12\screenshot\18-08-2025-023218.png
Deleted: E:\MeghPiFw\MeghPIreports\RunID-18-08-25_14_29_12\screenshot\18-08-2025-023232.png
Deleted: E:\MeghPiFw\MeghPIreports\RunID-18-08-25_14_29_12\screenshot\18-08-2025-023238.png
Deleted: E:\MeghPiFw\MeghPIreports\RunID-18-08-25_14_29_12\screenshot\18-08-2025-023244.png
Deleted: E:\MeghPiFw\MeghPIreports\RunID-18-08-25_14_29_12\screenshot\18-08-2025-023250.png
Deleted: E:\MeghPiFw\MeghPIreports\RunID-18-08-25_14_29_12\screenshot\18-08-2025-023256.png
Deleted: E:\MeghPiFw\MeghPIreports\RunID-18-08-25_14_29_12\screenshot\18-08-2025-023258.png
Deleted: E:\MeghPiFw\MeghPIreports\RunID-18-08-25_14_29_12\screenshot\18-08-2025-023305.png
Deleted: E:\MeghPiFw\MeghPIreports\RunID-18-08-25_14_29_12\screenshot\18-08-2025-023307.png
Deleted: E:\MeghPiFw\MeghPIreports\RunID-18-08-25_14_29_12\screenshot\18-08-2025-023309.png
Deleted: E:\MeghPiFw\MeghPIreports\RunID-18-08-25_14_29_12\screenshot\18-08-2025-023311.png
Deleted: E:\MeghPiFw\MeghPIreports\RunID-18-08-25_14_29_12\screenshot\18-08-2025-023314.png
Deleted: E:\MeghPiFw\MeghPIreports\RunID-18-08-25_14_29_12\screenshot\18-08-2025-023316.png
Deleted: E:\MeghPiFw\MeghPIreports\RunID-18-08-25_14_29_12\screenshot\18-08-2025-023318.png
Deleted: E:\MeghPiFw\MeghPIreports\RunID-18-08-25_14_29_12\screenshot\18-08-2025-023325.png
Deleted: E:\MeghPiFw\MeghPIreports\RunID-18-08-25_14_29_12\screenshot\18-08-2025-023328.png
Deleted: E:\MeghPiFw\MeghPIreports\RunID-18-08-25_14_29_12\screenshot\18-08-2025-023330.png
Deleted: E:\MeghPiFw\MeghPIreports\RunID-18-08-25_14_29_12\screenshot\18-08-2025-023333.png
Deleted: E:\MeghPiFw\MeghPIreports\RunID-18-08-25_14_29_12\screenshot\18-08-2025-023335.png
Deleted: E:\MeghPiFw\MeghPIreports\RunID-18-08-25_14_29_12\screenshot\18-08-2025-023337.png
Deleted: E:\MeghPiFw\MeghPIreports\RunID-18-08-25_14_29_12\screenshot\18-08-2025-023342.png
Deleted: E:\MeghPiFw\MeghPIreports\RunID-18-08-25_14_29_12\screenshot\18-08-2025-023348.png
Deleted: E:\MeghPiFw\MeghPIreports\RunID-18-08-25_14_29_12\screenshot\18-08-2025-023353.png
Deleted: E:\MeghPiFw\MeghPIreports\RunID-18-08-25_14_29_12\screenshot\18-08-2025-023355.png
Deleted: E:\MeghPiFw\MeghPIreports\RunID-18-08-25_14_29_12\screenshot\18-08-2025-023405.png
Deleted: E:\MeghPiFw\MeghPIreports\RunID-18-08-25_14_29_12\screenshot\18-08-2025-023407.png
Deleted: E:\MeghPiFw\MeghPIreports\RunID-18-08-25_14_29_12\screenshot\18-08-2025-023410.png
Deleted: E:\MeghPiFw\MeghPIreports\RunID-18-08-25_14_29_12\screenshot\18-08-2025-023414.png
Deleted: E:\MeghPiFw\MeghPIreports\RunID-18-08-25_14_29_12\screenshot\18-08-2025-023418.png
Deleted: E:\MeghPiFw\MeghPIreports\RunID-18-08-25_14_29_12\screenshot\18-08-2025-023420.png
Deleted: E:\MeghPiFw\MeghPIreports\RunID-18-08-25_14_29_12\screenshot\18-08-2025-023423.png
Deleted: E:\MeghPiFw\MeghPIreports\RunID-18-08-25_14_29_12\screenshot\18-08-2025-023425.png
Deleted: E:\MeghPiFw\MeghPIreports\RunID-18-08-25_14_29_12\screenshot\18-08-2025-023432.png
Deleted: E:\MeghPiFw\MeghPIreports\RunID-18-08-25_14_29_12\screenshot\18-08-2025-023435.png
Deleted: E:\MeghPiFw\MeghPIreports\RunID-18-08-25_14_29_12\screenshot\18-08-2025-023437.png
Deleted: E:\MeghPiFw\MeghPIreports\RunID-18-08-25_14_29_12\screenshot\18-08-2025-023442.png
Deleted: E:\MeghPiFw\MeghPIreports\RunID-18-08-25_14_29_12\screenshot\18-08-2025-023447.png
Deleted: E:\MeghPiFw\MeghPIreports\RunID-18-08-25_14_29_12\screenshot\18-08-2025-023450.png
Deleted: E:\MeghPiFw\MeghPIreports\RunID-18-08-25_14_29_12\screenshot\18-08-2025-023459.png
Deleted: E:\MeghPiFw\MeghPIreports\RunID-18-08-25_14_29_12\screenshot\18-08-2025-023501.png
Deleted: E:\MeghPiFw\MeghPIreports\RunID-18-08-25_14_29_12\screenshot\18-08-2025-023503.png
Deleted: E:\MeghPiFw\MeghPIreports\RunID-18-08-25_14_29_12\screenshot\18-08-2025-023506.png
Deleted: E:\MeghPiFw\MeghPIreports\RunID-18-08-25_14_29_12\screenshot\18-08-2025-023508.png
Deleted: E:\MeghPiFw\MeghPIreports\RunID-18-08-25_14_29_12\screenshot\18-08-2025-023510.png
Deleted: E:\MeghPiFw\MeghPIreports\RunID-18-08-25_14_29_12\screenshot\18-08-2025-023513.png
Deleted: E:\MeghPiFw\MeghPIreports\RunID-18-08-25_14_29_12\screenshot\18-08-2025-023518.png
Deleted: E:\MeghPiFw\MeghPIreports\RunID-18-08-25_14_29_12\screenshot\18-08-2025-023520.png
Deleted: E:\MeghPiFw\MeghPIreports\RunID-18-08-25_14_29_12\screenshot\18-08-2025-023523.png
Deleted: E:\MeghPiFw\MeghPIreports\RunID-18-08-25_14_29_12\screenshot\18-08-2025-023529.png
Deleted: E:\MeghPiFw\MeghPIreports\RunID-18-08-25_14_29_12\screenshot\18-08-2025-023531.png
Deleted: E:\MeghPiFw\MeghPIreports\RunID-18-08-25_14_29_12\screenshot\18-08-2025-023533.png
Deleted: E:\MeghPiFw\MeghPIreports\RunID-18-08-25_14_29_12\screenshot\18-08-2025-023539.png
Deleted: E:\MeghPiFw\MeghPIreports\RunID-18-08-25_14_29_12\screenshot\18-08-2025-023541.png
Deleted: E:\MeghPiFw\MeghPIreports\RunID-18-08-25_14_29_12\screenshot\18-08-2025-023552.png
Deleted: E:\MeghPiFw\MeghPIreports\RunID-18-08-25_14_29_12\screenshot\18-08-2025-023555.png
Deleted: E:\MeghPiFw\MeghPIreports\RunID-18-08-25_14_29_12\screenshot\18-08-2025-023557.png
Deleted: E:\MeghPiFw\MeghPIreports\RunID-18-08-25_14_29_12\screenshot\18-08-2025-023600.png
Deleted: E:\MeghPiFw\MeghPIreports\RunID-18-08-25_14_29_12\screenshot\18-08-2025-023612.png
Deleted: E:\MeghPiFw\MeghPIreports\RunID-18-08-25_14_29_12\screenshot\18-08-2025-023615.png
Deleted: E:\MeghPiFw\MeghPIreports\RunID-18-08-25_14_29_12\screenshot\18-08-2025-023617.png
Deleted: E:\MeghPiFw\MeghPIreports\RunID-18-08-25_14_29_12\screenshot\18-08-2025-023624.png
Deleted: E:\MeghPiFw\MeghPIreports\RunID-18-08-25_14_29_12\screenshot\18-08-2025-023626.png
Deleted: E:\MeghPiFw\MeghPIreports\RunID-18-08-25_14_29_12\screenshot\18-08-2025-023631.png
Deleted: E:\MeghPiFw\MeghPIreports\RunID-18-08-25_14_29_12\screenshot\18-08-2025-023635.png
Deleted: E:\MeghPiFw\MeghPIreports\RunID-18-08-25_14_29_12\screenshot\18-08-2025-023637.png
Deleted: E:\MeghPiFw\MeghPIreports\RunID-18-08-25_14_29_12\screenshot\18-08-2025-023642.png
Deleted: E:\MeghPiFw\MeghPIreports\RunID-18-08-25_14_29_12\screenshot\18-08-2025-023645.png
Deleted: E:\MeghPiFw\MeghPIreports\RunID-18-08-25_14_29_12\screenshot\18-08-2025-023647.png
Deleted: E:\MeghPiFw\MeghPIreports\RunID-18-08-25_14_29_12\screenshot\18-08-2025-023649.png
Deleted: E:\MeghPiFw\MeghPIreports\RunID-18-08-25_14_29_12\screenshot\18-08-2025-023652.png
Deleted: E:\MeghPiFw\MeghPIreports\RunID-18-08-25_14_29_12\screenshot\18-08-2025-023654.png
Deleted: E:\MeghPiFw\MeghPIreports\RunID-18-08-25_14_29_12\screenshot\18-08-2025-023656.png
Deleted: E:\MeghPiFw\MeghPIreports\RunID-18-08-25_14_29_12\screenshot\18-08-2025-023658.png
Deleted: E:\MeghPiFw\MeghPIreports\RunID-18-08-25_14_29_12\screenshot\18-08-2025-023704.png
Deleted: E:\MeghPiFw\MeghPIreports\RunID-18-08-25_14_29_12\screenshot\18-08-2025-023711.png
Deleted: E:\MeghPiFw\MeghPIreports\RunID-18-08-25_14_29_12\screenshot\18-08-2025-023714.png
Deleted: E:\MeghPiFw\MeghPIreports\RunID-18-08-25_14_29_12\screenshot\18-08-2025-023716.png
Deleted: E:\MeghPiFw\MeghPIreports\RunID-18-08-25_14_29_12\screenshot\18-08-2025-023719.png
Deleted: E:\MeghPiFw\MeghPIreports\RunID-18-08-25_14_29_12\screenshot\18-08-2025-023721.png
Deleted: E:\MeghPiFw\MeghPIreports\RunID-18-08-25_14_29_12\screenshot\18-08-2025-023724.png
Deleted: E:\MeghPiFw\MeghPIreports\RunID-18-08-25_14_29_12\screenshot\18-08-2025-023726.png
Deleted: E:\MeghPiFw\MeghPIreports\RunID-18-08-25_14_29_12\screenshot\18-08-2025-023732.png
Deleted: E:\MeghPiFw\MeghPIreports\RunID-18-08-25_14_29_12\screenshot\18-08-2025-023737.png
Deleted: E:\MeghPiFw\MeghPIreports\RunID-18-08-25_14_29_12\screenshot\18-08-2025-023740.png
Deleted: E:\MeghPiFw\MeghPIreports\RunID-18-08-25_14_29_12\screenshot\18-08-2025-023742.png
Deleted: E:\MeghPiFw\MeghPIreports\RunID-18-08-25_14_29_12\screenshot\18-08-2025-023754.png
Deleted: E:\MeghPiFw\MeghPIreports\RunID-18-08-25_14_29_12\screenshot\18-08-2025-023801.png
Deleted: E:\MeghPiFw\MeghPIreports\RunID-18-08-25_14_29_12\screenshot\18-08-2025-023805.png
Deleted: E:\MeghPiFw\MeghPIreports\RunID-18-08-25_14_29_12\screenshot\18-08-2025-023809.png
Deleted: E:\MeghPiFw\MeghPIreports\RunID-18-08-25_14_29_12\screenshot\18-08-2025-023818.png
Deleted: E:\MeghPiFw\MeghPIreports\RunID-18-08-25_14_29_12\screenshot\18-08-2025-023827.png
Deleted: E:\MeghPiFw\MeghPIreports\RunID-18-08-25_14_29_12\screenshot\18-08-2025-023835.png
Deleted: E:\MeghPiFw\MeghPIreports\RunID-18-08-25_14_29_12\screenshot\18-08-2025-023843.png
Deleted: E:\MeghPiFw\MeghPIreports\RunID-18-08-25_14_29_12\screenshot\18-08-2025-023854.png
Deleted: E:\MeghPiFw\MeghPIreports\RunID-18-08-25_15_26_55\chromeMeghPIAttenAPITest-Logs.txt
Deleted: E:\MeghPiFw\MeghPIreports\RunID-18-08-25_15_26_55\chromeMeghPIAttenAPITest.html
Deleted: E:\MeghPiFw\MeghPIreports\RunID-18-08-25_15_26_55\Dashboard.html
Deleted: E:\MeghPiFw\MeghPIreports\RunID-18-08-25_15_34_33\chromeMeghPIAttenAPITest-Logs.txt
Deleted: E:\MeghPiFw\MeghPIreports\RunID-18-08-25_15_34_33\chromeMeghPIAttenAPITest.html
Deleted: E:\MeghPiFw\MeghPIreports\RunID-18-08-25_15_34_33\Dashboard.html
Deleted: E:\MeghPiFw\MeghPIreports\RunID-18-08-25_15_47_33\chromeMeghPIAttenAPITest-Logs.txt
Deleted: E:\MeghPiFw\MeghPIreports\RunID-18-08-25_15_47_33\chromeMeghPIAttenAPITest.html
Deleted: E:\MeghPiFw\MeghPIreports\RunID-18-08-25_15_47_33\Dashboard.html
Deleted: E:\MeghPiFw\MeghPIreports\RunID-18-08-25_16_50_20\chromeMeghPIAttenAPITest-Logs.txt
Deleted: E:\MeghPiFw\MeghPIreports\RunID-18-08-25_16_50_20\chromeMeghPIAttenAPITest.html
Deleted: E:\MeghPiFw\MeghPIreports\RunID-18-08-25_16_50_20\Dashboard.html
Deleted: E:\MeghPiFw\MeghPIreports\RunID-18-08-25_16_58_48\chromeMeghPIAttenAPITest-Logs.txt
Deleted: E:\MeghPiFw\MeghPIreports\RunID-18-08-25_16_58_48\chromeMeghPIAttenAPITest.html
Deleted: E:\MeghPiFw\MeghPIreports\RunID-18-08-25_16_58_48\Dashboard.html
Deleted: E:\MeghPiFw\MeghPIreports\RunID-18-08-25_16_59_48\chromeMeghPIAttenAPITest-Logs.txt
Deleted: E:\MeghPiFw\MeghPIreports\RunID-18-08-25_16_59_48\chromeMeghPIAttenAPITest.html
Deleted: E:\MeghPiFw\MeghPIreports\RunID-18-08-25_16_59_48\Dashboard.html
Deleted: E:\MeghPiFw\MeghPIreports\RunID-18-08-25_17_12_55\chromeMeghPIAttenAPITest-Logs.txt
Deleted: E:\MeghPiFw\MeghPIreports\RunID-18-08-25_17_12_55\chromeMeghPIAttenAPITest.html
Deleted: E:\MeghPiFw\MeghPIreports\RunID-18-08-25_17_12_55\Dashboard.html
Deleted: E:\MeghPiFw\MeghPIreports\RunID-18-08-25_17_14_24\chromeMeghPIAttenAPITest-Logs.txt
Deleted: E:\MeghPiFw\MeghPIreports\RunID-18-08-25_17_14_24\chromeMeghPIAttenAPITest.html
Deleted: E:\MeghPiFw\MeghPIreports\RunID-18-08-25_17_14_24\Dashboard.html
Deleted: E:\MeghPiFw\MeghPIreports\RunID-18-08-25_17_17_14\chromeMeghPIAttenAPITest-Logs.txt
Deleted: E:\MeghPiFw\MeghPIreports\RunID-18-08-25_17_17_14\chromeMeghPIAttenAPITest.html
Deleted: E:\MeghPiFw\MeghPIreports\RunID-18-08-25_17_17_14\Dashboard.html
Deleted: E:\MeghPiFw\MeghPIreports\RunID-18-08-25_17_19_17\chromeMeghPIAttenAPITest-Logs.txt
Deleted: E:\MeghPiFw\MeghPIreports\RunID-18-08-25_17_19_17\chromeMeghPIAttenAPITest.html
Deleted: E:\MeghPiFw\MeghPIreports\RunID-18-08-25_17_19_17\Dashboard.html
Deleted: E:\MeghPiFw\MeghPIreports\RunID-18-08-25_17_20_19\chromeMeghPIAttenAPITest-Logs.txt
Deleted: E:\MeghPiFw\MeghPIreports\RunID-18-08-25_17_20_19\chromeMeghPIAttenAPITest.html
Deleted: E:\MeghPiFw\MeghPIreports\RunID-18-08-25_17_20_19\Dashboard.html
Deleted: E:\MeghPiFw\MeghPIreports\RunID-18-08-25_17_21_10\chromeMeghPIAttenAPITest-Logs.txt
Deleted: E:\MeghPiFw\MeghPIreports\RunID-18-08-25_17_21_10\chromeMeghPIAttenAPITest.html
Deleted: E:\MeghPiFw\MeghPIreports\RunID-18-08-25_17_21_10\Dashboard.html
Deleted: E:\MeghPiFw\MeghPIreports\RunID-18-08-25_17_26_02\chromeMeghPIAttenAPITest-Logs.txt
Deleted: E:\MeghPiFw\MeghPIreports\RunID-18-08-25_17_26_02\chromeMeghPIAttenAPITest.html
Deleted: E:\MeghPiFw\MeghPIreports\RunID-18-08-25_17_26_02\Dashboard.html
Deleted: E:\MeghPiFw\MeghPIreports\RunID-18-08-25_17_28_41\chromeMeghPIAttenAPITest-Logs.txt
Deleted: E:\MeghPiFw\MeghPIreports\RunID-18-08-25_17_28_41\chromeMeghPIAttenAPITest.html
Deleted: E:\MeghPiFw\MeghPIreports\RunID-18-08-25_17_28_41\Dashboard.html
Deleted: E:\MeghPiFw\MeghPIreports\RunID-18-08-25_17_33_25\chromeMeghPIAttenAPITest-Logs.txt
Deleted: E:\MeghPiFw\MeghPIreports\RunID-18-08-25_17_33_25\chromeMeghPIAttenAPITest.html
Deleted: E:\MeghPiFw\MeghPIreports\RunID-18-08-25_17_33_25\Dashboard.html
Deleted: E:\MeghPiFw\MeghPIreports\RunID-18-08-25_17_36_46\chromeMeghPIAttenAPITest-Logs.txt
Deleted: E:\MeghPiFw\MeghPIreports\RunID-18-08-25_17_36_46\chromeMeghPIAttenAPITest.html
Deleted: E:\MeghPiFw\MeghPIreports\RunID-18-08-25_17_36_46\Dashboard.html
Deleted: E:\MeghPiFw\MeghPIreports\RunID-18-08-25_17_42_41\chromeMeghPIAttenAPITest-Logs.txt
Deleted: E:\MeghPiFw\MeghPIreports\RunID-18-08-25_17_42_41\chromeMeghPIAttenAPITest.html
Deleted: E:\MeghPiFw\MeghPIreports\RunID-18-08-25_17_42_41\Dashboard.html
Deleted: E:\MeghPiFw\MeghPIreports\RunID-18-08-25_17_47_12\chromeMeghPIAttenAPITest-Logs.txt
Deleted: E:\MeghPiFw\MeghPIreports\RunID-18-08-25_17_47_12\chromeMeghPIAttenAPITest.html
Deleted: E:\MeghPiFw\MeghPIreports\RunID-18-08-25_17_47_12\Dashboard.html
Deleted: E:\MeghPiFw\MeghPIreports\RunID-18-08-25_17_51_03\chromeMeghPIAttenAPITest-Logs.txt
Deleted: E:\MeghPiFw\MeghPIreports\RunID-18-08-25_17_51_03\chromeMeghPIAttenAPITest.html
Deleted: E:\MeghPiFw\MeghPIreports\RunID-18-08-25_17_51_03\Dashboard.html
Deleted: E:\MeghPiFw\MeghPIreports\RunID-18-08-25_17_54_19\chromeMeghPIAttenAPITest-Logs.txt
Deleted: E:\MeghPiFw\MeghPIreports\RunID-18-08-25_17_54_19\chromeMeghPIAttenAPITest.html
Deleted: E:\MeghPiFw\MeghPIreports\RunID-18-08-25_17_54_19\Dashboard.html
Deleted: E:\MeghPiFw\MeghPIreports\RunID-18-08-25_17_59_21\chromeMeghPIAttenAPITest-Logs.txt
Deleted: E:\MeghPiFw\MeghPIreports\RunID-18-08-25_17_59_21\chromeMeghPIAttenAPITest.html
Deleted: E:\MeghPiFw\MeghPIreports\RunID-18-08-25_17_59_21\Dashboard.html
Deleted: E:\MeghPiFw\MeghPIreports\RunID-18-08-25_18_01_04\chromeMeghPIAttenAPITest-Logs.txt
Deleted: E:\MeghPiFw\MeghPIreports\RunID-18-08-25_18_01_04\chromeMeghPIAttenAPITest.html
Deleted: E:\MeghPiFw\MeghPIreports\RunID-18-08-25_18_01_04\Dashboard.html
Deleted: E:\MeghPiFw\MeghPIreports\RunID-18-08-25_18_03_34\chromeMeghPIAttenAPITest-Logs.txt
Deleted: E:\MeghPiFw\MeghPIreports\RunID-18-08-25_18_03_34\chromeMeghPIAttenAPITest.html
Deleted: E:\MeghPiFw\MeghPIreports\RunID-18-08-25_18_03_34\Dashboard.html
Deleted: E:\MeghPiFw\MeghPIreports\RunID-18-08-25_18_18_19\chromeMeghPIAttenAPITest-Logs.txt
Deleted: E:\MeghPiFw\MeghPIreports\RunID-18-08-25_18_18_19\chromeMeghPIAttenAPITest.html
Deleted: E:\MeghPiFw\MeghPIreports\RunID-18-08-25_18_18_19\Dashboard.html
Deleted: E:\MeghPiFw\MeghPIreports\RunID-18-08-25_18_19_55\chromeMeghPIAttenAPITest-Logs.txt
Deleted: E:\MeghPiFw\MeghPIreports\RunID-18-08-25_18_19_55\chromeMeghPIAttenAPITest.html
Deleted: E:\MeghPiFw\MeghPIreports\RunID-18-08-25_18_19_55\Dashboard.html
Deleted: E:\MeghPiFw\MeghPIreports\RunID-18-08-25_18_21_15\chromeMeghPIAttenAPITest-Logs.txt
Deleted: E:\MeghPiFw\MeghPIreports\RunID-18-08-25_18_21_15\chromeMeghPIAttenAPITest.html
Deleted: E:\MeghPiFw\MeghPIreports\RunID-18-08-25_18_21_15\Dashboard.html
Deleted: E:\MeghPiFw\MeghPIreports\RunID-18-08-25_18_22_13\chromeMeghPIAttenAPITest-Logs.txt
Deleted: E:\MeghPiFw\MeghPIreports\RunID-18-08-25_18_22_13\chromeMeghPIAttenAPITest.html
Deleted: E:\MeghPiFw\MeghPIreports\RunID-18-08-25_18_22_13\Dashboard.html
Deleted: E:\MeghPiFw\MeghPIreports\RunID-18-08-25_18_46_58\chromeMeghPIAttenAPITest-Logs.txt
Deleted: E:\MeghPiFw\MeghPIreports\RunID-18-08-25_18_46_58\chromeMeghPIAttenAPITest.html
Deleted: E:\MeghPiFw\MeghPIreports\RunID-18-08-25_18_46_58\Dashboard.html
Deleted: E:\MeghPiFw\MeghPIreports\RunID-18-08-25_18_48_48\chromeMeghPIAttenAPITest-Logs.txt
Deleted: E:\MeghPiFw\MeghPIreports\RunID-18-08-25_18_48_48\chromeMeghPIAttenAPITest.html
Deleted: E:\MeghPiFw\MeghPIreports\RunID-18-08-25_18_48_48\Dashboard.html
Deleted: E:\MeghPiFw\MeghPIreports\RunID-18-08-25_18_49_27\chromeMeghPIAttenAPITest-Logs.txt
Deleted: E:\MeghPiFw\MeghPIreports\RunID-18-08-25_18_49_27\chromeMeghPIAttenAPITest.html
Deleted: E:\MeghPiFw\MeghPIreports\RunID-18-08-25_18_49_27\Dashboard.html
Deleted: E:\MeghPiFw\MeghPIreports\RunID-18-08-25_18_58_15\chromeMeghPIAttenAPITest-Logs.txt
Deleted: E:\MeghPiFw\MeghPIreports\RunID-18-08-25_18_58_15\chromeMeghPIAttenAPITest.html
Deleted: E:\MeghPiFw\MeghPIreports\RunID-18-08-25_18_58_15\Dashboard.html
Deleted: E:\MeghPiFw\MeghPIreports\RunID-18-08-25_19_02_24\chromeMeghPIAttenAPITest-Logs.txt
Deleted: E:\MeghPiFw\MeghPIreports\RunID-18-08-25_19_02_24\chromeMeghPIAttenAPITest.html
Deleted: E:\MeghPiFw\MeghPIreports\RunID-18-08-25_19_02_24\Dashboard.html
Deleted: E:\MeghPiFw\MeghPIreports\RunID-18-08-25_19_06_03\chromeMeghPIAttenAPITest-Logs.txt
Deleted: E:\MeghPiFw\MeghPIreports\RunID-18-08-25_19_06_03\chromeMeghPIAttenAPITest.html
Deleted: E:\MeghPiFw\MeghPIreports\RunID-18-08-25_19_06_03\Dashboard.html
Deleted: E:\MeghPiFw\MeghPIreports\RunID-18-08-25_19_10_47\chromeMeghPIAttenAPITest-Logs.txt
Deleted: E:\MeghPiFw\MeghPIreports\RunID-18-08-25_19_10_47\chromeMeghPIAttenAPITest.html
Deleted: E:\MeghPiFw\MeghPIreports\RunID-18-08-25_19_10_47\Dashboard.html
Deleted: E:\MeghPiFw\MeghPIreports\RunID-18-08-25_19_16_35\chromeMeghPIAttenAPITest-Logs.txt
Deleted: E:\MeghPiFw\MeghPIreports\RunID-18-08-25_19_16_35\chromeMeghPIAttenAPITest.html
Deleted: E:\MeghPiFw\MeghPIreports\RunID-18-08-25_19_16_35\Dashboard.html
Deleted: E:\MeghPiFw\MeghPIreports\RunID-18-08-25_19_23_36\chromeMeghPIAttenAPITest-Logs.txt
Deleted: E:\MeghPiFw\MeghPIreports\RunID-18-08-25_19_23_36\chromeMeghPIAttenAPITest.html
Deleted: E:\MeghPiFw\MeghPIreports\RunID-18-08-25_19_23_36\Dashboard.html
Deleted: E:\MeghPiFw\MeghPIreports\RunID-18-08-25_19_29_45\chromeMeghPIAttenAPITest-Logs.txt
Deleted: E:\MeghPiFw\MeghPIreports\RunID-18-08-25_19_29_45\chromeMeghPIAttenAPITest.html
Deleted: E:\MeghPiFw\MeghPIreports\RunID-18-08-25_19_29_45\Dashboard.html
Deleted: E:\MeghPiFw\MeghPIreports\RunID-18-08-25_19_31_40\chromeMeghPIAttenAPITest-Logs.txt
Deleted: E:\MeghPiFw\MeghPIreports\RunID-18-08-25_19_31_40\chromeMeghPIAttenAPITest.html
Deleted: E:\MeghPiFw\MeghPIreports\RunID-18-08-25_19_31_40\Dashboard.html
Deleted: E:\MeghPiFw\MeghPIreports\RunID-18-08-25_19_33_22\chromeMeghPIAttenAPITest-Logs.txt
Deleted: E:\MeghPiFw\MeghPIreports\RunID-18-08-25_19_33_22\chromeMeghPIAttenAPITest.html
Deleted: E:\MeghPiFw\MeghPIreports\RunID-18-08-25_19_33_22\Dashboard.html
Deleted: E:\MeghPiFw\MeghPIreports\RunID-18-08-25_19_39_06\chromeMeghPIAttenAPITest-Logs.txt
Deleted: E:\MeghPiFw\MeghPIreports\RunID-18-08-25_19_39_06\chromeMeghPIAttenAPITest.html
Deleted: E:\MeghPiFw\MeghPIreports\RunID-18-08-25_19_39_06\Dashboard.html
Deleted: E:\MeghPiFw\MeghPIreports\RunID-18-08-25_19_40_42\chromeMeghPIAttenAPITest-Logs.txt
Deleted: E:\MeghPiFw\MeghPIreports\RunID-18-08-25_19_40_42\chromeMeghPIAttenAPITest.html
Deleted: E:\MeghPiFw\MeghPIreports\RunID-18-08-25_19_40_42\Dashboard.html
Deleted: E:\MeghPiFw\MeghPIreports\RunID-18-08-25_19_45_04\chromeMeghPIAttenAPITest-Logs.txt
Deleted: E:\MeghPiFw\MeghPIreports\RunID-18-08-25_19_45_04\chromeMeghPIAttenAPITest.html
Deleted: E:\MeghPiFw\MeghPIreports\RunID-18-08-25_19_45_04\Dashboard.html
Deleted: E:\MeghPiFw\MeghPIreports\RunID-18-08-25_19_46_36\chromeMeghPIAttenAPITest-Logs.txt
Deleted: E:\MeghPiFw\MeghPIreports\RunID-18-08-25_19_46_36\chromeMeghPIAttenAPITest.html
Deleted: E:\MeghPiFw\MeghPIreports\RunID-18-08-25_19_46_36\Dashboard.html
Deleted: E:\MeghPiFw\MeghPIreports\RunID-18-08-25_19_55_46\chromeMeghPIAttenAPITest-Logs.txt
Deleted: E:\MeghPiFw\MeghPIreports\RunID-18-08-25_19_55_46\chromeMeghPIAttenAPITest.html
Deleted: E:\MeghPiFw\MeghPIreports\RunID-18-08-25_19_55_46\Dashboard.html
Deleted: E:\MeghPiFw\MeghPIreports\RunID-18-08-25_20_03_09\chromeMeghPIAttenAPITest-Logs.txt
Deleted: E:\MeghPiFw\MeghPIreports\RunID-18-08-25_20_03_09\chromeMeghPIAttenAPITest.html
Deleted: E:\MeghPiFw\MeghPIreports\RunID-18-08-25_20_03_09\Dashboard.html
Deleted: E:\MeghPiFw\MeghPIreports\RunID-19-08-25_12_37_52\chromeMeghPIAttenAPITest-Logs.txt
Deleted: E:\MeghPiFw\MeghPIreports\RunID-19-08-25_12_37_52\chromeMeghPIAttenAPITest.html
Deleted: E:\MeghPiFw\MeghPIreports\RunID-19-08-25_12_37_52\Dashboard.html
Deleted: E:\MeghPiFw\MeghPIreports\RunID-19-08-25_12_39_33\chromeMeghPIAttenAPITest-Logs.txt
Deleted: E:\MeghPiFw\MeghPIreports\RunID-19-08-25_12_39_33\chromeMeghPIAttenAPITest.html
Deleted: E:\MeghPiFw\MeghPIreports\RunID-19-08-25_12_39_33\Dashboard.html
Deleted: E:\MeghPiFw\MeghPIreports\RunID-19-08-25_12_46_56\chromeMeghPIAttenAPITest-Logs.txt
Deleted: E:\MeghPiFw\MeghPIreports\RunID-19-08-25_12_46_56\chromeMeghPIAttenAPITest.html
Deleted: E:\MeghPiFw\MeghPIreports\RunID-19-08-25_12_46_56\Dashboard.html
Deleted: E:\MeghPiFw\MeghPIreports\RunID-19-08-25_12_51_39\chromeMeghPIAttenAPITest-Logs.txt
Deleted: E:\MeghPiFw\MeghPIreports\RunID-19-08-25_12_51_39\chromeMeghPIAttenAPITest.html
Deleted: E:\MeghPiFw\MeghPIreports\RunID-19-08-25_12_51_39\Dashboard.html
Deleted: E:\MeghPiFw\MeghPIreports\RunID-19-08-25_12_54_35\chromeMeghPIAttenAPITest-Logs.txt
Deleted: E:\MeghPiFw\MeghPIreports\RunID-19-08-25_12_54_35\chromeMeghPIAttenAPITest.html
Deleted: E:\MeghPiFw\MeghPIreports\RunID-19-08-25_12_54_35\Dashboard.html
Deleted: E:\MeghPiFw\MeghPIreports\RunID-19-08-25_12_58_36\chromeMeghPIAttenAPITest-Logs.txt
Deleted: E:\MeghPiFw\MeghPIreports\RunID-19-08-25_12_58_36\chromeMeghPIAttenAPITest.html
Deleted: E:\MeghPiFw\MeghPIreports\RunID-19-08-25_12_58_36\Dashboard.html
Deleted: E:\MeghPiFw\MeghPIreports\RunID-19-08-25_13_09_13\chromeMeghPIAttenAPITest-Logs.txt
Deleted: E:\MeghPiFw\MeghPIreports\RunID-19-08-25_13_09_13\chromeMeghPIAttenAPITest.html
Deleted: E:\MeghPiFw\MeghPIreports\RunID-19-08-25_13_09_13\Dashboard.html
Deleted: E:\MeghPiFw\MeghPIreports\RunID-19-08-25_14_31_34\chromeMeghPIAttenAPITest-Logs.txt
Deleted: E:\MeghPiFw\MeghPIreports\RunID-19-08-25_14_31_34\chromeMeghPIAttenAPITest.html
Deleted: E:\MeghPiFw\MeghPIreports\RunID-19-08-25_14_31_34\Dashboard.html
Deleted: E:\MeghPiFw\MeghPIreports\RunID-19-08-25_14_39_45\chromeMeghPIAttenAPITest-Logs.txt
Deleted: E:\MeghPiFw\MeghPIreports\RunID-19-08-25_14_39_45\chromeMeghPIAttenAPITest.html
Deleted: E:\MeghPiFw\MeghPIreports\RunID-19-08-25_14_39_45\Dashboard.html
Deleted: E:\MeghPiFw\MeghPIreports\RunID-19-08-25_15_56_07\chromeMeghPIAttenAPITest-Logs.txt
Deleted: E:\MeghPiFw\MeghPIreports\RunID-19-08-25_15_56_07\chromeMeghPIAttenAPITest.html
Deleted: E:\MeghPiFw\MeghPIreports\RunID-19-08-25_15_56_07\Dashboard.html
Deleted: E:\MeghPiFw\MeghPIreports\RunID-19-08-25_15_59_10\chromeMeghPIAttenAPITest-Logs.txt
Deleted: E:\MeghPiFw\MeghPIreports\RunID-19-08-25_15_59_10\chromeMeghPIAttenAPITest.html
Deleted: E:\MeghPiFw\MeghPIreports\RunID-19-08-25_15_59_10\Dashboard.html
Deleted: E:\MeghPiFw\MeghPIreports\RunID-19-08-25_16_24_28\chromeMeghPIAttenAPITest-Logs.txt
Deleted: E:\MeghPiFw\MeghPIreports\RunID-19-08-25_16_24_28\chromeMeghPIAttenAPITest.html
Deleted: E:\MeghPiFw\MeghPIreports\RunID-19-08-25_16_24_28\Dashboard.html
Deleted: E:\MeghPiFw\MeghPIreports\RunID-19-08-25_16_30_53\chromeMeghPIAttenAPITest-Logs.txt
Deleted: E:\MeghPiFw\MeghPIreports\RunID-19-08-25_16_30_53\chromeMeghPIAttenAPITest.html
Deleted: E:\MeghPiFw\MeghPIreports\RunID-19-08-25_16_30_53\Dashboard.html
Deleted: E:\MeghPiFw\MeghPIreports\RunID-19-08-25_16_34_42\chromeMeghPIAttenAPITest-Logs.txt
Deleted: E:\MeghPiFw\MeghPIreports\RunID-19-08-25_16_34_42\chromeMeghPIAttenAPITest.html
Deleted: E:\MeghPiFw\MeghPIreports\RunID-19-08-25_16_34_42\Dashboard.html
Deleted: E:\MeghPiFw\MeghPIreports\RunID-19-08-25_17_51_46\chromeMeghPIAttenAPITest-Logs.txt
Deleted: E:\MeghPiFw\MeghPIreports\RunID-19-08-25_17_51_46\chromeMeghPIAttenAPITest.html
Deleted: E:\MeghPiFw\MeghPIreports\RunID-19-08-25_17_51_46\Dashboard.html
Deleted: E:\MeghPiFw\MeghPIreports\RunID-19-08-25_17_52_52\chromeMeghPIAttenAPITest-Logs.txt
Deleted: E:\MeghPiFw\MeghPIreports\RunID-19-08-25_17_52_52\chromeMeghPIAttenAPITest.html
Deleted: E:\MeghPiFw\MeghPIreports\RunID-19-08-25_17_52_52\Dashboard.html
Deleted: E:\MeghPiFw\MeghPIreports\RunID-19-08-25_18_16_46\chromeMeghPIAttenAPITest-Logs.txt
Deleted: E:\MeghPiFw\MeghPIreports\RunID-19-08-25_18_16_46\chromeMeghPIAttenAPITest.html
Deleted: E:\MeghPiFw\MeghPIreports\RunID-19-08-25_18_16_46\Dashboard.html
Deleted: E:\MeghPiFw\MeghPIreports\RunID-20-08-25_10_37_06\chromeMeghPIAttenAPITest-Logs.txt
Deleted: E:\MeghPiFw\MeghPIreports\RunID-20-08-25_10_37_06\chromeMeghPIAttenAPITest.html
Deleted: E:\MeghPiFw\MeghPIreports\RunID-20-08-25_10_37_06\Dashboard.html
Deleted: E:\MeghPiFw\MeghPIreports\RunID-20-08-25_10_40_19\chromeMeghPIAttenAPITest-Logs.txt
Deleted: E:\MeghPiFw\MeghPIreports\RunID-20-08-25_10_40_19\chromeMeghPIAttenAPITest.html
Deleted: E:\MeghPiFw\MeghPIreports\RunID-20-08-25_10_40_19\Dashboard.html
Deleted: E:\MeghPiFw\MeghPIreports\RunID-20-08-25_10_41_38\chromeMeghPIAttenAPITest-Logs.txt
Deleted: E:\MeghPiFw\MeghPIreports\RunID-20-08-25_10_41_38\chromeMeghPIAttenAPITest.html
Deleted: E:\MeghPiFw\MeghPIreports\RunID-20-08-25_10_41_38\Dashboard.html
Launching Driver...
SLF4J(W): No SLF4J providers were found.
SLF4J(W): Defaulting to no-operation (NOP) logger implementation
SLF4J(W): See https://www.slf4j.org/codes.html#noProviders for further details.
Aug 25, 2025 12:12:50 PM org.openqa.selenium.devtools.CdpVersionFinder findNearestMatch
WARNING: Unable to find an exact match for CDP version 139, returning the closest version; found: 137; Please update to a Selenium version that supports CDP version 139
(1386, 788)
Aug 25, 2025 12:12:53 PM base.LogResults createLogs
INFO: PASS - Application Loaded Successfully: 
Aug 25, 2025 12:12:59 PM base.LogResults createLogs
INFO: PASS - Company Code Entered in Text Box: 
Aug 25, 2025 12:13:01 PM base.LogResults createLogs
INFO: PASS - Login With Password Button Is Clicked: 
Aug 25, 2025 12:13:55 PM base.LogResults createLogs
INFO: FAIL - Sign in Text isn't Displayed: Sign-in text validation failed: Sign-in text not visible.
Aug 25, 2025 12:14:07 PM base.LogResults createLogs
INFO: FAIL - Error While Entering Username: element not interactable
  (Session info: chrome=139.0.7258.128)
Build info: version: '4.28.0', revision: 'ac342546e9'
System info: os.name: 'Windows 10', os.arch: 'amd64', os.version: '10.0', java.version: '17.0.11'
Driver info: org.openqa.selenium.chrome.ChromeDriver
Command: [e8d26f065f278148d015bae75d6e71ba, sendKeysToElement {value=[Ljava.lang.CharSequence;@374b6e33, id=f.23812DBE768FC553AE0514D65F621B5C.d.DB5AE28482B82C396C750EA6B4B42B37.e.24}]
Capabilities {acceptInsecureCerts: true, browserName: chrome, browserVersion: 139.0.7258.128, chrome: {chromedriverVersion: 139.0.7258.138 (884e54ea8d4..., userDataDir: C:\Users\Pramod.C\AppData\L...}, fedcm:accounts: true, goog:chromeOptions: {debuggerAddress: localhost:52016}, networkConnectionEnabled: false, pageLoadStrategy: none, platformName: windows, proxy: Proxy(), se:cdp: ws://localhost:52016/devtoo..., se:cdpVersion: 139.0.7258.128, setWindowRect: true, strictFileInteractability: false, timeouts: {implicit: 0, pageLoad: 300000, script: 30000}, unhandledPromptBehavior: dismiss and notify, webauthn:extension:credBlob: true, webauthn:extension:largeBlob: true, webauthn:extension:minPinLength: true, webauthn:extension:prf: true, webauthn:virtualAuthenticators: true}
Element: [[ChromeDriver: chrome on windows (e8d26f065f278148d015bae75d6e71ba)] -> xpath: //input[@id='txtUsername']]
Session ID: e8d26f065f278148d015bae75d6e71ba
Aug 25, 2025 12:14:20 PM base.LogResults createLogs
INFO: FAIL - Error While Entering Password: element not interactable
  (Session info: chrome=139.0.7258.128)
Build info: version: '4.28.0', revision: 'ac342546e9'
System info: os.name: 'Windows 10', os.arch: 'amd64', os.version: '10.0', java.version: '17.0.11'
Driver info: org.openqa.selenium.chrome.ChromeDriver
Command: [e8d26f065f278148d015bae75d6e71ba, sendKeysToElement {value=[Ljava.lang.CharSequence;@443af394, id=f.23812DBE768FC553AE0514D65F621B5C.d.DB5AE28482B82C396C750EA6B4B42B37.e.25}]
Capabilities {acceptInsecureCerts: true, browserName: chrome, browserVersion: 139.0.7258.128, chrome: {chromedriverVersion: 139.0.7258.138 (884e54ea8d4..., userDataDir: C:\Users\Pramod.C\AppData\L...}, fedcm:accounts: true, goog:chromeOptions: {debuggerAddress: localhost:52016}, networkConnectionEnabled: false, pageLoadStrategy: none, platformName: windows, proxy: Proxy(), se:cdp: ws://localhost:52016/devtoo..., se:cdpVersion: 139.0.7258.128, setWindowRect: true, strictFileInteractability: false, timeouts: {implicit: 0, pageLoad: 300000, script: 30000}, unhandledPromptBehavior: dismiss and notify, webauthn:extension:credBlob: true, webauthn:extension:largeBlob: true, webauthn:extension:minPinLength: true, webauthn:extension:prf: true, webauthn:virtualAuthenticators: true}
Element: [[ChromeDriver: chrome on windows (e8d26f065f278148d015bae75d6e71ba)] -> xpath: //input[@id='txtPassword']]
Session ID: e8d26f065f278148d015bae75d6e71ba
Aug 25, 2025 12:14:32 PM base.LogResults createLogs
INFO: FAIL - Error While Entering  Captcha: element not interactable
  (Session info: chrome=139.0.7258.128)
Build info: version: '4.28.0', revision: 'ac342546e9'
System info: os.name: 'Windows 10', os.arch: 'amd64', os.version: '10.0', java.version: '17.0.11'
Driver info: org.openqa.selenium.chrome.ChromeDriver
Command: [e8d26f065f278148d015bae75d6e71ba, sendKeysToElement {value=[Ljava.lang.CharSequence;@32d0d7eb, id=f.23812DBE768FC553AE0514D65F621B5C.d.DB5AE28482B82C396C750EA6B4B42B37.e.29}]
Capabilities {acceptInsecureCerts: true, browserName: chrome, browserVersion: 139.0.7258.128, chrome: {chromedriverVersion: 139.0.7258.138 (884e54ea8d4..., userDataDir: C:\Users\Pramod.C\AppData\L...}, fedcm:accounts: true, goog:chromeOptions: {debuggerAddress: localhost:52016}, networkConnectionEnabled: false, pageLoadStrategy: none, platformName: windows, proxy: Proxy(), se:cdp: ws://localhost:52016/devtoo..., se:cdpVersion: 139.0.7258.128, setWindowRect: true, strictFileInteractability: false, timeouts: {implicit: 0, pageLoad: 300000, script: 30000}, unhandledPromptBehavior: dismiss and notify, webauthn:extension:credBlob: true, webauthn:extension:largeBlob: true, webauthn:extension:minPinLength: true, webauthn:extension:prf: true, webauthn:virtualAuthenticators: true}
Element: [[ChromeDriver: chrome on windows (e8d26f065f278148d015bae75d6e71ba)] -> xpath: //input[@id='txtCaptcha']]
Session ID: e8d26f065f278148d015bae75d6e71ba
Aug 25, 2025 12:14:45 PM base.LogResults createLogs
INFO: FAIL - Error While Clicking On Login Button: element not interactable
  (Session info: chrome=139.0.7258.128)
Build info: version: '4.28.0', revision: 'ac342546e9'
System info: os.name: 'Windows 10', os.arch: 'amd64', os.version: '10.0', java.version: '17.0.11'
Driver info: org.openqa.selenium.chrome.ChromeDriver
Command: [e8d26f065f278148d015bae75d6e71ba, clickElement {id=f.23812DBE768FC553AE0514D65F621B5C.d.DB5AE28482B82C396C750EA6B4B42B37.e.37}]
Capabilities {acceptInsecureCerts: true, browserName: chrome, browserVersion: 139.0.7258.128, chrome: {chromedriverVersion: 139.0.7258.138 (884e54ea8d4..., userDataDir: C:\Users\Pramod.C\AppData\L...}, fedcm:accounts: true, goog:chromeOptions: {debuggerAddress: localhost:52016}, networkConnectionEnabled: false, pageLoadStrategy: none, platformName: windows, proxy: Proxy(), se:cdp: ws://localhost:52016/devtoo..., se:cdpVersion: 139.0.7258.128, setWindowRect: true, strictFileInteractability: false, timeouts: {implicit: 0, pageLoad: 300000, script: 30000}, unhandledPromptBehavior: dismiss and notify, webauthn:extension:credBlob: true, webauthn:extension:largeBlob: true, webauthn:extension:minPinLength: true, webauthn:extension:prf: true, webauthn:virtualAuthenticators: true}
Element: [[ChromeDriver: chrome on windows (e8d26f065f278148d015bae75d6e71ba)] -> xpath: //button[@id='btnSignin']]
Session ID: e8d26f065f278148d015bae75d6e71ba
Aug 25, 2025 12:14:45 PM base.LogResults createLogs
INFO: FAIL - Skipping rest steps as error count reached configured value : 5
Aug 25, 2025 12:14:45 PM base.LogResults onlyLog
INFO: Failed - MeghLeaveTest-MPI_612_Leave_14-To verify this, configure the sick leave on leave policy with 2 per month from joining date and as a employee apply sick leave and ensure status is pending 
---------------------------------------------------------------
MeghLeaveTestMPI_612_Leave_14
Aug 25, 2025 12:14:45 PM base.LogResults onlyLog
INFO: Total Pass : 0 Total Fail : 1  Total TC : 1
---------------------------------------------------------------
Test case took: 115.3600 seconds
Total TC Time: 00:01:55

===============================================
Suite
Total tests run: 1, Passes: 0, Failures: 0, Skips: 1
===============================================

