>> Console logging redirected to data/console.log
Continuing with Existing Master Data due to threshold value:060825-060825-ThreSld->3
cmpcode and emailidAGFCAutoE060825091631@mailinator.com
Launching Driver...
SLF4J(W): No SLF4J providers were found.
SLF4J(W): Defaulting to no-operation (NOP) logger implementation
SLF4J(W): See https://www.slf4j.org/codes.html#noProviders for further details.
Aug 06, 2025 1:52:19 PM org.openqa.selenium.devtools.CdpVersionFinder findNearestMatch
WARNING: Unable to find an exact match for CDP version 138, returning the closest version; found: 137; Please update to a Selenium version that supports CDP version 138
Error Index 1 out of bounds for length 1
Aug 06, 2025 1:52:30 PM base.LogResults createLogs
INFO: PASS -  Application loaded successfully.
Aug 06, 2025 1:52:34 PM base.LogResults createLogs
INFO: PASS -  Company code entered successfully.AGFC
Aug 06, 2025 1:52:34 PM base.LogResults createLogs
INFO: PASS - Clicked On 'Login with Password' successfully.
Aug 06, 2025 1:52:38 PM base.LogResults createLogs
INFO: PASS -  Sign-in section appeared.
Aug 06, 2025 1:52:38 PM base.LogResults createLogs
INFO: PASS -  Email Id entered.AutoE060825091631@mailinator.com
Aug 06, 2025 1:52:39 PM base.LogResults createLogs
INFO: PASS -  Password entered.Pramod@1234
Aug 06, 2025 1:52:39 PM base.LogResults createLogs
INFO: PASS -  Captcha entered.12345
Aug 06, 2025 1:52:39 PM base.LogResults createLogs
INFO: PASS -  Sign-in button clicked.
Aug 06, 2025 1:52:49 PM base.LogResults createLogs
INFO: PASS -  Login validated successfully And Good Text Is Displayed.
Aug 06, 2025 1:52:49 PM base.LogResults createLogs
INFO: PASS - Login Done Successfully: 
Aug 06, 2025 1:52:53 PM base.LogResults createLogs
INFO: PASS - Admin Manage Button Clicked Successfully: 
Aug 06, 2025 1:52:58 PM base.LogResults createLogs
INFO: PASS - Directory Button Clicked Successfully: 
Aug 06, 2025 1:53:00 PM base.LogResults createLogs
INFO: PASS - Directory Page Loaded Successfully: 
Aug 06, 2025 1:53:00 PM base.LogResults createLogs
INFO: PASS - Company Tab  Clicked Successfully: 
Aug 06, 2025 1:53:01 PM base.LogResults createLogs
INFO: PASS - Team Drop Icon  Clicked Successfully: 
Aug 06, 2025 1:53:01 PM base.LogResults createLogs
INFO: PASS - Team Button  Clicked Successfully: 
Aug 06, 2025 1:53:02 PM base.LogResults createLogs
INFO: PASS - Team Page Loaded Successfully: 
Aug 06, 2025 1:53:02 PM base.LogResults createLogs
INFO: PASS - Add Team Button  Clicked Successfully: 
Aug 06, 2025 1:53:03 PM base.LogResults createLogs
INFO: PASS - Team Name Is Entered In Team Name Text Field: AutoTN060825091631BHY
Aug 06, 2025 1:53:03 PM base.LogResults createLogs
INFO: PASS - Team Description Is Entered In Team Description Text Field: Autoteamdescription060825091631
Aug 06, 2025 1:53:04 PM base.LogResults createLogs
INFO: PASS - Team Save Button  Clicked Successfully: 
Aug 06, 2025 1:53:07 PM base.LogResults createLogs
INFO: PASS - Team Drop Icon  Clicked Successfully: 
Aug 06, 2025 1:53:08 PM base.LogResults createLogs
INFO: PASS - TeamMapping Button  Clicked Successfully: 
Aug 06, 2025 1:53:08 PM base.LogResults createLogs
INFO: PASS - AddTeamMapping Button  Clicked Successfully: 
Aug 06, 2025 1:53:11 PM base.LogResults createLogs
INFO: PASS - TeamDropDown  Clicked Successfully: 
Aug 06, 2025 1:53:13 PM base.LogResults createLogs
INFO: PASS - Team Name Inputted In TeamDropDwonTextField  Successfully: 
Aug 06, 2025 1:53:15 PM base.LogResults createLogs
INFO: PASS - Team Displayed Successfully: 
Aug 06, 2025 1:53:15 PM base.LogResults onlyLog
INFO: Passed - Attendance-MPI_212_Team_01-To verify this, create an team and check whether created team is displayed in the team mapping  > team dropdown
---------------------------------------------------------------
AttendanceMPI_212_Team_01
Aug 06, 2025 1:53:15 PM base.LogResults onlyLog
INFO: Total Pass : 1 Total Fail : 0  Total TC : 1
---------------------------------------------------------------
Test case took: 46.8223 seconds
Total TC Time: 00:00:46
Launching Driver...
Aug 06, 2025 1:53:17 PM org.openqa.selenium.devtools.CdpVersionFinder findNearestMatch
WARNING: Unable to find an exact match for CDP version 138, returning the closest version; found: 137; Please update to a Selenium version that supports CDP version 138
Error Index 1 out of bounds for length 1
Aug 06, 2025 1:53:19 PM base.LogResults createLogs
INFO: PASS -  Application loaded successfully.
Aug 06, 2025 1:53:23 PM base.LogResults createLogs
INFO: PASS -  Company code entered successfully.AGFC
Aug 06, 2025 1:53:23 PM base.LogResults createLogs
INFO: PASS - Clicked On 'Login with Password' successfully.
Aug 06, 2025 1:53:28 PM base.LogResults createLogs
INFO: PASS -  Sign-in section appeared.
Aug 06, 2025 1:53:28 PM base.LogResults createLogs
INFO: PASS -  Email Id entered.AutoE060825091631@mailinator.com
Aug 06, 2025 1:53:28 PM base.LogResults createLogs
INFO: PASS -  Password entered.Pramod@1234
Aug 06, 2025 1:53:28 PM base.LogResults createLogs
INFO: PASS -  Captcha entered.12345
Aug 06, 2025 1:53:28 PM base.LogResults createLogs
INFO: PASS -  Sign-in button clicked.
Aug 06, 2025 1:53:31 PM base.LogResults createLogs
INFO: PASS -  Login validated successfully And Good Text Is Displayed.
Aug 06, 2025 1:53:31 PM base.LogResults createLogs
INFO: PASS - Login Done Successfully: 
Aug 06, 2025 1:53:36 PM base.LogResults createLogs
INFO: PASS - Directory Button Clicked Successfully: 
Aug 06, 2025 1:53:37 PM base.LogResults createLogs
INFO: PASS - Directory Page Loaded Successfully: 
Aug 06, 2025 1:53:38 PM base.LogResults createLogs
INFO: PASS - Company Tab  Clicked Successfully: 
Aug 06, 2025 1:53:38 PM base.LogResults createLogs
INFO: PASS - Team Drop Icon  Clicked Successfully: 
Aug 06, 2025 1:53:39 PM base.LogResults createLogs
INFO: PASS - Team Button  Clicked Successfully: 
Aug 06, 2025 1:53:39 PM base.LogResults createLogs
INFO: PASS - Team Page Loaded Successfully: 
Aug 06, 2025 1:53:47 PM base.LogResults createLogs
INFO: PASS - Updated Team Name Entered In Search TextField Successfully: AutoTN060825091631BHY
Aug 06, 2025 1:53:51 PM base.LogResults createLogs
INFO: PASS -  Successfully Turn Off The Toggle Switch : 
Aug 06, 2025 1:54:00 PM base.LogResults createLogs
INFO: PASS -  Successfully Clicked On Ok Button : 
Aug 06, 2025 1:54:03 PM base.LogResults createLogs
INFO: PASS - Team Drop Icon  Clicked Successfully: 
Aug 06, 2025 1:54:13 PM base.LogResults createLogs
INFO: FAIL - Error while Clicking On TeamMapping Button : element not interactable
  (Session info: chrome=138.0.7204.184)
Build info: version: '4.34.0', revision: '707dcb4246*'
System info: os.name: 'Windows 10', os.arch: 'amd64', os.version: '10.0', java.version: '17.0.11'
Driver info: org.openqa.selenium.chrome.ChromeDriver
Command: [1473c0ffd3f78a15a97f1f76d8f87bd0, clickElement {id=f.7D2B4913CA99D2A70E33E4B888DE2E40.d.5292AA186FBD08ED414E0A218C58E264.e.1484}]
Capabilities {acceptInsecureCerts: true, browserName: chrome, browserVersion: 138.0.7204.184, chrome: {chromedriverVersion: 138.0.7204.183 (e90faf484dd..., userDataDir: C:\Users\Pramod.C\AppData\L...}, fedcm:accounts: true, goog:chromeOptions: {debuggerAddress: localhost:60895}, networkConnectionEnabled: false, pageLoadStrategy: none, platformName: windows, proxy: Proxy(), se:cdp: ws://localhost:60895/devtoo..., se:cdpVersion: 138.0.7204.184, setWindowRect: true, strictFileInteractability: false, timeouts: {implicit: 0, pageLoad: 300000, script: 30000}, unhandledPromptBehavior: dismiss and notify, webauthn:extension:credBlob: true, webauthn:extension:largeBlob: true, webauthn:extension:minPinLength: true, webauthn:extension:prf: true, webauthn:virtualAuthenticators: true}
Element: [[ChromeDriver: chrome on windows (1473c0ffd3f78a15a97f1f76d8f87bd0)] -> xpath: //button[@id='tab_teamMapping']]
Session ID: 1473c0ffd3f78a15a97f1f76d8f87bd0
Aug 06, 2025 1:54:26 PM base.LogResults createLogs
INFO: FAIL - Error while Clicking On AddTeamMapping Button : no such element: Unable to locate element: {"method":"xpath","selector":"(//button[@id='btnAddTeamDepartmentMapping'])[2]"}
  (Session info: chrome=138.0.7204.184)
For documentation on this error, please visit: https://www.selenium.dev/documentation/webdriver/troubleshooting/errors#no-such-element-exception
Build info: version: '4.34.0', revision: '707dcb4246*'
System info: os.name: 'Windows 10', os.arch: 'amd64', os.version: '10.0', java.version: '17.0.11'
Driver info: org.openqa.selenium.chrome.ChromeDriver
Command: [1473c0ffd3f78a15a97f1f76d8f87bd0, findElement {value=(//button[@id='btnAddTeamDepartmentMapping'])[2], using=xpath}]
Capabilities {acceptInsecureCerts: true, browserName: chrome, browserVersion: 138.0.7204.184, chrome: {chromedriverVersion: 138.0.7204.183 (e90faf484dd..., userDataDir: C:\Users\Pramod.C\AppData\L...}, fedcm:accounts: true, goog:chromeOptions: {debuggerAddress: localhost:60895}, networkConnectionEnabled: false, pageLoadStrategy: none, platformName: windows, proxy: Proxy(), se:cdp: ws://localhost:60895/devtoo..., se:cdpVersion: 138.0.7204.184, setWindowRect: true, strictFileInteractability: false, timeouts: {implicit: 0, pageLoad: 300000, script: 30000}, unhandledPromptBehavior: dismiss and notify, webauthn:extension:credBlob: true, webauthn:extension:largeBlob: true, webauthn:extension:minPinLength: true, webauthn:extension:prf: true, webauthn:virtualAuthenticators: true}
Session ID: 1473c0ffd3f78a15a97f1f76d8f87bd0
