>> Console logging redirected to data/console.log
Launching Driver...
SLF4J(W): No SLF4J providers were found.
SLF4J(W): Defaulting to no-operation (NOP) logger implementation
SLF4J(W): See https://www.slf4j.org/codes.html#noProviders for further details.
Aug 13, 2025 6:26:16 PM org.openqa.selenium.devtools.CdpVersionFinder findNearestMatch
WARNING: Unable to find an exact match for CDP version 138, returning the closest version; found: 137; Please update to a Selenium version that supports CDP version 138
(1386, 788)
Aug 13, 2025 6:26:20 PM base.LogResults createLogs
INFO: PASS - Application Loaded Successfully: 
Aug 13, 2025 6:26:26 PM base.LogResults createLogs
INFO: PASS - Company Code Entered in Text Box: AYKY
Aug 13, 2025 6:26:29 PM base.LogResults createLogs
INFO: PASS - Login With Password Button Is Clicked: 
Aug 13, 2025 6:26:35 PM base.LogResults createLogs
INFO: PASS - Sign in Text Is Displayed: 
Aug 13, 2025 6:26:37 PM base.LogResults createLogs
INFO: PASS - Username Is Entered In Username Text Field: AutoE130825091642@mailinator.com
Aug 13, 2025 6:26:39 PM base.LogResults createLogs
INFO: PASS - Password Is Entered In Password Text Field: Pramod@1234
Aug 13, 2025 6:26:42 PM base.LogResults createLogs
INFO: PASS - Captcha Entered On Captcha Text Field: 12345
Aug 13, 2025 6:26:44 PM base.LogResults createLogs
INFO: PASS - Clicked On Login Button: 
Aug 13, 2025 6:26:47 PM base.LogResults createLogs
INFO: PASS - Login Done  And Validated Successfully: 
Aug 13, 2025 6:26:49 PM base.LogResults createLogs
INFO: PASS - Login Done Successfully: 
Aug 13, 2025 6:26:55 PM base.LogResults createLogs
INFO: PASS - PolicyIcon Clicked Successfully: 
Aug 13, 2025 6:26:57 PM base.LogResults createLogs
INFO: PASS - PolicyMaster Loaded Successfully: 
Aug 13, 2025 6:27:00 PM base.LogResults createLogs
INFO: PASS - ShiftDropDown Clicked Successfully : 
Aug 13, 2025 6:27:02 PM base.LogResults createLogs
INFO: PASS - ShiftPolicyButton Clicked Successfully : 
Aug 13, 2025 6:27:04 PM base.LogResults createLogs
INFO: PASS - ShiftPolicy Page Loaded Successfully : 
Aug 13, 2025 6:27:06 PM base.LogResults createLogs
INFO: PASS - AddShiftPolicyButton Clicked Successfully : 
Aug 13, 2025 6:27:09 PM base.LogResults createLogs
INFO: PASS - CreateShiftButton Clicked Successfully : 
Aug 13, 2025 6:27:15 PM base.LogResults createLogs
INFO: PASS - Shift Name Inputted Successfully : AutoSNVOSO
Aug 13, 2025 6:27:18 PM base.LogResults createLogs
INFO: PASS - Shift Code Inputted Successfully : Au330
Aug 13, 2025 6:27:23 PM base.LogResults createLogs
INFO: PASS - Shift Start Time Clicked Successfully : 
Aug 13, 2025 6:27:27 PM base.LogResults createLogs
INFO: PASS - Shift Start Time Inputted Successfully : 9:00
Aug 13, 2025 6:27:33 PM base.LogResults createLogs
INFO: PASS - Shift Start Time Inputted Successfully : 
Aug 13, 2025 6:27:36 PM base.LogResults createLogs
INFO: PASS - Shift End Time Inputted Successfully : 18:00
Aug 13, 2025 6:27:40 PM base.LogResults createLogs
INFO: PASS - Shift Buffer Time Inputted Successfully : 1:00
Aug 13, 2025 6:27:42 PM base.LogResults createLogs
INFO: PASS - Shift Buffer Time Inputted Successfully : 1:00
Aug 13, 2025 6:27:46 PM base.LogResults createLogs
INFO: PASS - Shift Full Day Time Inputted Successfully : 9:00
Aug 13, 2025 6:27:48 PM base.LogResults createLogs
INFO: PASS - Shift Full Day Time Inputted Successfully : 9:00
Aug 13, 2025 6:27:53 PM base.LogResults createLogs
INFO: PASS - Shift Half Day Time Inputted Successfully : 4:30
Aug 13, 2025 6:27:55 PM base.LogResults createLogs
INFO: PASS - Shift Half Day Time Inputted Successfully : 4:30
Aug 13, 2025 6:27:57 PM base.LogResults createLogs
INFO: PASS - Create Shift Save Button Clicked Successfully : 
Aug 13, 2025 6:28:03 PM base.LogResults createLogs
INFO: PASS - Browser Refreshed Successfully : 
Aug 13, 2025 6:28:15 PM base.LogResults createLogs
INFO: PASS - Directory Button Clicked Successfully: 
Aug 13, 2025 6:28:19 PM base.LogResults createLogs
INFO: PASS - Directory Page Loaded Successfully: 
Aug 13, 2025 6:28:26 PM base.LogResults createLogs
INFO: PASS - PolicyIcon Clicked Successfully: 
Aug 13, 2025 6:28:28 PM base.LogResults createLogs
INFO: PASS - PolicyMaster Loaded Successfully: 
Aug 13, 2025 6:28:30 PM base.LogResults createLogs
INFO: PASS - ShiftDropDown Clicked Successfully : 
Aug 13, 2025 6:28:32 PM base.LogResults createLogs
INFO: PASS - Shift Clicked Successfully : 
Aug 13, 2025 6:28:39 PM base.LogResults createLogs
INFO: PASS - Created Shift Name Inputted Successfully : AutoSNVOSO
Aug 13, 2025 6:28:44 PM base.LogResults createLogs
INFO: PASS - Created Shift Displayed Successfully : 
Aug 13, 2025 6:28:53 PM base.LogResults createLogs
INFO: PASS - Created Shift And Searched Shift Compared Successfully : AutoSNVOSO=AutoSNVOSO
Aug 13, 2025 6:28:53 PM base.LogResults onlyLog
INFO: Passed - MeghShiftPolicyTest-MPI_479_Shift_Policy_02-To verify this, in "create shift policy" page click on "create shift" and create new shift and ensure created policy is displaying in the shift module
---------------------------------------------------------------
MeghShiftPolicyTestMPI_479_Shift_Policy_02
Aug 13, 2025 6:28:53 PM base.LogResults onlyLog
INFO: Total Pass : 1 Total Fail : 0  Total TC : 1
---------------------------------------------------------------
Test case took: 156.3702 seconds
Total TC Time: 00:02:36
Launching Driver...
Aug 13, 2025 6:28:55 PM org.openqa.selenium.devtools.CdpVersionFinder findNearestMatch
WARNING: Unable to find an exact match for CDP version 138, returning the closest version; found: 137; Please update to a Selenium version that supports CDP version 138
(1386, 788)
Aug 13, 2025 6:28:59 PM base.LogResults createLogs
INFO: PASS - Application Loaded Successfully: 
Aug 13, 2025 6:29:05 PM base.LogResults createLogs
INFO: PASS - Company Code Entered in Text Box: AYKY
Aug 13, 2025 6:29:07 PM base.LogResults createLogs
INFO: PASS - Login With Password Button Is Clicked: 
Aug 13, 2025 6:29:14 PM base.LogResults createLogs
INFO: PASS - Sign in Text Is Displayed: 
Aug 13, 2025 6:29:16 PM base.LogResults createLogs
INFO: PASS - Username Is Entered In Username Text Field: AutoE130825091642@mailinator.com
Aug 13, 2025 6:29:18 PM base.LogResults createLogs
INFO: PASS - Password Is Entered In Password Text Field: Pramod@1234
Aug 13, 2025 6:29:20 PM base.LogResults createLogs
INFO: PASS - Captcha Entered On Captcha Text Field: 12345
Aug 13, 2025 6:29:23 PM base.LogResults createLogs
INFO: PASS - Clicked On Login Button: 
Aug 13, 2025 6:29:25 PM base.LogResults createLogs
INFO: PASS - Login Done  And Validated Successfully: 
Aug 13, 2025 6:29:27 PM base.LogResults createLogs
INFO: PASS - Login Done Successfully: 
Aug 13, 2025 6:29:34 PM base.LogResults createLogs
INFO: PASS - Directory Button Clicked Successfully: 
Aug 13, 2025 6:29:37 PM base.LogResults createLogs
INFO: PASS - Directory Page Loaded Successfully: 
Aug 13, 2025 6:29:39 PM base.LogResults createLogs
INFO: PASS - Clicked On EmployeeTab Successfully: 
Aug 13, 2025 6:29:42 PM base.LogResults createLogs
INFO: PASS - Directory Page Loaded Successfully: 
Aug 13, 2025 6:29:54 PM base.LogResults createLogs
INFO: PASS - Clicked On TotalCountDropDown Successfully: 
Aug 13, 2025 6:29:57 PM base.LogResults createLogs
INFO: PASS - Clicked On AddNewButton Successfully: 
Aug 13, 2025 6:29:59 PM base.LogResults createLogs
INFO: PASS - Employee Form Loaded Successfully: 
Aug 13, 2025 6:30:06 PM base.LogResults createLogs
INFO: PASS - Clicked On EmployeeTypeDropdown Successfully And Selected EntityName Successfully: AutoEN130825091642
Aug 13, 2025 6:30:08 PM base.LogResults createLogs
INFO: PASS - Clicked On ReportingToDropdown Successfully: 
Aug 13, 2025 6:30:13 PM base.LogResults createLogs
INFO: PASS - Clicked On ReportingTo Search Text Field And Input Is Passed: AutoAFN
Aug 13, 2025 6:30:17 PM base.LogResults createLogs
INFO: PASS - Entity Name Selected Successfully: 
Aug 13, 2025 6:30:19 PM base.LogResults createLogs
INFO: PASS - EmployeeID Entered On Employee ID Text Field: AutoEID6720465
Aug 13, 2025 6:30:25 PM base.LogResults createLogs
INFO: PASS -  CompanyLocation Selected From The DropDown : AutoON130825091642
Aug 13, 2025 6:30:27 PM base.LogResults createLogs
INFO: PASS - Employee First Name Entered On Employee FirstName Text Field: AutoFNASOQJSZ
Aug 13, 2025 6:30:29 PM base.LogResults createLogs
INFO: PASS - Employee Last Name Entered On Employee Last Name Text Field: AutoLNMEWMPZ
Aug 13, 2025 6:30:31 PM base.LogResults createLogs
INFO: PASS - Employee Email Entered On Email ID Text Field: AutoE130825091642QOA@mailinator.com
Aug 13, 2025 6:30:33 PM base.LogResults createLogs
INFO: PASS - Employee Phone Number Entered On Phone Number Text Field: 9851437232
Aug 13, 2025 6:30:36 PM base.LogResults createLogs
INFO: PASS - Employee Joining Date  Text Field Is Clicked: 
Aug 13, 2025 6:30:38 PM base.LogResults createLogs
INFO: PASS - Employee Joining Date Entered On Joining Date Text Field: 03-01-2025
Aug 13, 2025 6:30:40 PM base.LogResults createLogs
INFO: PASS - Clicked On AddEmployeeSave Successfully: 
Aug 13, 2025 6:30:46 PM base.LogResults createLogs
INFO: PASS - Clicked On GoToDirectory Successfully: 
Aug 13, 2025 6:30:52 PM base.LogResults createLogs
INFO: PASS - Clicked On Search Text Field And Pass The Created Employee First Name Successfully: AutoFNASOQJSZ
Aug 13, 2025 6:30:57 PM base.LogResults createLogs
INFO: PASS - Created Employee Displayed Successfully: AutoLNMEWMPZ
Aug 13, 2025 6:31:00 PM base.LogResults createLogs
INFO: PASS - Clicked On 3Dots Successfully: 
Aug 13, 2025 6:31:02 PM base.LogResults createLogs
INFO: PASS - Clicked On WebEnrollment Successfully: 
Aug 13, 2025 6:31:07 PM base.LogResults createLogs
INFO: PASS - Clicked On FaceEnrollmentTab Successfully: 
Aug 13, 2025 6:31:24 PM base.LogResults createLogs
INFO: PASS - Image Selected For WebEnrollment Successfully: ./data/images/enrollmentimage.jpg
Aug 13, 2025 6:31:26 PM base.LogResults createLogs
INFO: PASS - Successfully Clicked On CropImage: 
Aug 13, 2025 6:31:28 PM base.LogResults createLogs
INFO: PASS - Successfully Clicked On SaveEnrollmentButton: 
Aug 13, 2025 6:32:02 PM base.LogResults createLogs
INFO: PASS - Success Msg Is Displayed: 
Aug 13, 2025 6:32:12 PM base.LogResults createLogs
INFO: PASS - Directory Button Clicked Successfully: 
Aug 13, 2025 6:32:15 PM base.LogResults createLogs
INFO: PASS - Directory Page Loaded Successfully: 
Aug 13, 2025 6:32:17 PM base.LogResults createLogs
INFO: PASS - Clicked On EmployeeTab Successfully: 
Aug 13, 2025 6:32:20 PM base.LogResults createLogs
INFO: PASS - Directory Page Loaded Successfully: 
Aug 13, 2025 6:32:27 PM base.LogResults createLogs
INFO: PASS - Clicked On Search Text Field And Pass The Created Employee LastName Successfully: AutoFNASOQJSZ
Aug 13, 2025 6:32:32 PM base.LogResults createLogs
INFO: PASS - Created Employee Displayed Successfully: AutoLNMEWMPZ
Aug 13, 2025 6:32:34 PM base.LogResults createLogs
INFO: PASS - Successfully Clicked On First Employee Record 3dots: 
Aug 13, 2025 6:32:36 PM base.LogResults createLogs
INFO: PASS - Successfully Clicked On First Employee Record ManageProfileButton: 
Aug 13, 2025 6:32:48 PM base.LogResults createLogs
INFO: PASS - Successfully Clicked On First Employee Manage Profile EditIcon: 
Aug 13, 2025 6:32:56 PM base.LogResults createLogs
INFO: PASS - Successfully Selected  Dept: AutoDN130825091642
Aug 13, 2025 6:33:05 PM base.LogResults createLogs
INFO: PASS - Successfully Selected  Team From Dropdown: AutoTN130825091642
Aug 13, 2025 6:33:12 PM base.LogResults createLogs
INFO: PASS - Successfully Selected  Designation From Dropdown: AutoDESN130825091642
Aug 13, 2025 6:33:20 PM base.LogResults createLogs
INFO: PASS - Successfully Enter The Pin: 1863
Aug 13, 2025 6:33:28 PM base.LogResults createLogs
INFO: PASS - SaveChanges Button Clicked Successfully: 
Aug 13, 2025 6:33:39 PM base.LogResults createLogs
INFO: PASS - DefaultPolicy Button Clicked Successfully: 
Aug 13, 2025 6:33:49 PM base.LogResults createLogs
INFO: PASS - PolicyIcon Clicked Successfully: 
Aug 13, 2025 6:33:51 PM base.LogResults createLogs
INFO: PASS - PolicyMaster Loaded Successfully: 
Aug 13, 2025 6:33:53 PM base.LogResults createLogs
INFO: PASS - ShiftDropDown Clicked Successfully : 
Aug 13, 2025 6:33:56 PM base.LogResults createLogs
INFO: PASS - ShiftPolicyButton Clicked Successfully : 
Aug 13, 2025 6:33:58 PM base.LogResults createLogs
INFO: PASS - ShiftPolicy Page Loaded Successfully : 
Aug 13, 2025 6:34:00 PM base.LogResults createLogs
INFO: PASS - AddShiftPolicyButton Clicked Successfully : 
Aug 13, 2025 6:34:02 PM base.LogResults createLogs
INFO: PASS - Shift PolicyName Inputted Successfully : AutoshiftPN130825091642
Aug 13, 2025 6:34:05 PM base.LogResults createLogs
INFO: PASS - AddShiftButton Clicked Successfully : 
Aug 13, 2025 6:34:07 PM base.LogResults createLogs
INFO: PASS - GeneralShiftCheckBox Selected Successfully : 
Aug 13, 2025 6:34:09 PM base.LogResults createLogs
INFO: PASS - AddShiftSaveButton Clicked Successfully : 
Aug 13, 2025 6:34:11 PM base.LogResults createLogs
INFO: PASS - AddEmpCriteria Button Successfully : 
Aug 13, 2025 6:34:18 PM base.LogResults createLogs
INFO: PASS - Office Name Selected  Successfully : AutoON130825091642
Aug 13, 2025 6:34:25 PM base.LogResults createLogs
INFO: PASS - Successfully Clicked  Dept DropDown: AutoDN130825091642
Aug 13, 2025 6:34:30 PM base.LogResults createLogs
INFO: PASS - Successfully Selected  Dept: AutoDN130825091642
Aug 13, 2025 6:34:36 PM base.LogResults createLogs
INFO: PASS - Successfully Clicked On  Team  Dropdown: AutoTN130825091642
Aug 13, 2025 6:34:41 PM base.LogResults createLogs
INFO: PASS - Successfully Selected  Team From Dropdown: AutoTN130825091642
Aug 13, 2025 6:34:48 PM base.LogResults createLogs
INFO: PASS - Successfully Selected  Designation From Dropdown: AutoDESN130825091642
Aug 13, 2025 6:34:55 PM base.LogResults createLogs
INFO: PASS - Successfully Selected  Employee Type From Dropdown: AutoEN130825091642
Aug 13, 2025 6:34:58 PM base.LogResults createLogs
INFO: PASS - Clicked On Apply Button Successfully : 
Aug 13, 2025 6:35:00 PM base.LogResults createLogs
INFO: PASS - CreatePolicySave Button Clicked Successfully : 
Aug 13, 2025 6:35:08 PM base.LogResults createLogs
INFO: PASS - Yes Button Button Successfully : 
Aug 13, 2025 6:35:23 PM base.LogResults createLogs
INFO: PASS - PolicyName Inputted Successfully : AutoshiftPN130825091642
Aug 13, 2025 6:35:36 PM base.LogResults createLogs
INFO: PASS - Clicked On AssignedEmp Linked Count Successfully : 
Aug 13, 2025 6:35:48 PM base.LogResults createLogs
INFO: PASS - FirstRow Emp ID Inputted Successfully : AutoFNASOQJSZ
First name matched: AutoFNASOQJSZ
Aug 13, 2025 6:35:54 PM base.LogResults createLogs
INFO: PASS - Clicked On AssignedEmp Linked Count Successfully : AutoFNASOQJSZ=AutoFNASOQJSZ
Aug 13, 2025 6:35:54 PM base.LogResults onlyLog
INFO: Passed - MeghShiftPolicyTest-MPI_480_Shift_Policy_03-To verify this, first edit the employee profile by selecting "QC" as the department, "QC Head" as the designation, and the appropriate group, then save the profile. Next, navigate to the shift policy section and edit the relevant shift policy. Click on "Add Employee Criteria" and select the office, department, designation, group, and employee type to match those of the employee. After saving the updated shift policy, click on the assigned employees count to ensure that the employee’s record is displayed correctly under the policy.
---------------------------------------------------------------
MeghShiftPolicyTestMPI_480_Shift_Policy_03
Aug 13, 2025 6:35:54 PM base.LogResults onlyLog
INFO: Total Pass : 2 Total Fail : 0  Total TC : 2
---------------------------------------------------------------
Test case took: 418.7683 seconds
Total TC Time: 00:09:35
Launching Driver...
Aug 13, 2025 6:35:57 PM org.openqa.selenium.devtools.CdpVersionFinder findNearestMatch
WARNING: Unable to find an exact match for CDP version 138, returning the closest version; found: 137; Please update to a Selenium version that supports CDP version 138
(1386, 788)
Aug 13, 2025 6:36:00 PM base.LogResults createLogs
INFO: PASS - Application Loaded Successfully: 
Aug 13, 2025 6:36:07 PM base.LogResults createLogs
INFO: PASS - Company Code Entered in Text Box: AYKY
Aug 13, 2025 6:36:09 PM base.LogResults createLogs
INFO: PASS - Login With Password Button Is Clicked: 
Aug 13, 2025 6:36:15 PM base.LogResults createLogs
INFO: PASS - Sign in Text Is Displayed: 
Aug 13, 2025 6:36:17 PM base.LogResults createLogs
INFO: PASS - Username Is Entered In Username Text Field: AutoE130825091642@mailinator.com
Aug 13, 2025 6:36:20 PM base.LogResults createLogs
INFO: PASS - Password Is Entered In Password Text Field: Pramod@1234
Aug 13, 2025 6:36:22 PM base.LogResults createLogs
INFO: PASS - Captcha Entered On Captcha Text Field: 12345
Aug 13, 2025 6:36:24 PM base.LogResults createLogs
INFO: PASS - Clicked On Login Button: 
Aug 13, 2025 6:36:27 PM base.LogResults createLogs
INFO: PASS - Login Done  And Validated Successfully: 
Aug 13, 2025 6:36:29 PM base.LogResults createLogs
INFO: PASS - Login Done Successfully: 
Aug 13, 2025 6:36:35 PM base.LogResults createLogs
INFO: PASS - PolicyIcon Clicked Successfully: 
Aug 13, 2025 6:36:37 PM base.LogResults createLogs
INFO: PASS - PolicyMaster Loaded Successfully: 
Aug 13, 2025 6:36:39 PM base.LogResults createLogs
INFO: PASS - ShiftDropDown Clicked Successfully : 
Aug 13, 2025 6:36:42 PM base.LogResults createLogs
INFO: PASS - ShiftPolicyButton Clicked Successfully : 
Aug 13, 2025 6:36:44 PM base.LogResults createLogs
INFO: PASS - ShiftPolicy Page Loaded Successfully : 
Aug 13, 2025 6:36:56 PM base.LogResults createLogs
INFO: PASS - PolicyName Inputted Successfully : AutoshiftPN130825091642
Aug 13, 2025 6:37:07 PM base.LogResults createLogs
INFO: PASS - Clicked On AssignedEmp Linked Count Successfully : 
Aug 13, 2025 6:37:19 PM base.LogResults createLogs
INFO: PASS - FirstRow Emp ID Inputted Successfully : AutoFNASOQJSZ
Aug 13, 2025 6:37:29 PM base.LogResults createLogs
INFO: PASS - FirstRow Emp ID Inputted Successfully : AutoFNASOQJSZ
Aug 13, 2025 6:37:31 PM base.LogResults createLogs
INFO: PASS - CloseIcon Clicked Successfully : 
Aug 13, 2025 6:37:41 PM base.LogResults createLogs
INFO: PASS - Directory Button Clicked Successfully: 
Aug 13, 2025 6:37:45 PM base.LogResults createLogs
INFO: PASS - Directory Page Loaded Successfully: 
Aug 13, 2025 6:37:48 PM base.LogResults createLogs
INFO: PASS - Clicked On EmployeeTab Successfully: 
Aug 13, 2025 6:37:50 PM base.LogResults createLogs
INFO: PASS - Directory Page Loaded Successfully: 
Aug 13, 2025 6:37:57 PM base.LogResults createLogs
INFO: PASS - Clicked On Search Text Field And Pass The Created Employee LastName Successfully: AutoFNASOQJSZ
Aug 13, 2025 6:38:02 PM base.LogResults createLogs
INFO: PASS - Created Employee Displayed Successfully: 
Aug 13, 2025 6:38:04 PM base.LogResults createLogs
INFO: PASS - Successfully Clicked On First Employee Record 3dots: 
Aug 13, 2025 6:38:06 PM base.LogResults createLogs
INFO: PASS - Successfully Clicked On First Employee Record ManageProfileButton: 
Aug 13, 2025 6:38:29 PM base.LogResults createLogs
INFO: PASS - Successfully Clicked On First Employee Record Policy Button: 
Aug 13, 2025 6:38:34 PM base.LogResults createLogs
INFO: PASS - Successfully Validated The Assigned Shift Policy Name Of Employee : AutoshiftPN130825091642=AutoshiftPN130825091642
Aug 13, 2025 6:38:34 PM base.LogResults onlyLog
INFO: Passed - MeghShiftPolicyTest-MPI_481_Shift_Policy_04-To verify this, ensure that the policy name is displayed in the employee profile when the policy matches the employee’s company, office name, designation, and groups.
---------------------------------------------------------------
MeghShiftPolicyTestMPI_481_Shift_Policy_04
Aug 13, 2025 6:38:34 PM base.LogResults onlyLog
INFO: Total Pass : 3 Total Fail : 0  Total TC : 3
---------------------------------------------------------------
Test case took: 156.8257 seconds
Total TC Time: 00:12:11
Launching Driver...
Aug 13, 2025 6:38:36 PM org.openqa.selenium.devtools.CdpVersionFinder findNearestMatch
WARNING: Unable to find an exact match for CDP version 138, returning the closest version; found: 137; Please update to a Selenium version that supports CDP version 138
(1386, 788)
Aug 13, 2025 6:38:39 PM base.LogResults createLogs
INFO: PASS - This Test Case Already passed In MPI_478_Shift_Policy_01 TestCase: 
Aug 13, 2025 6:38:39 PM base.LogResults onlyLog
INFO: Passed - MeghShiftPolicyTest-MPI_483_Shift_Policy_06-To verify this, check the functionality of search feature by entering policy name
---------------------------------------------------------------
MeghShiftPolicyTestMPI_483_Shift_Policy_06
Aug 13, 2025 6:38:39 PM base.LogResults onlyLog
INFO: Total Pass : 4 Total Fail : 0  Total TC : 4
---------------------------------------------------------------
Test case took: 2.2548 seconds
Total TC Time: 00:12:14
Launching Driver...
Aug 13, 2025 6:38:41 PM org.openqa.selenium.devtools.CdpVersionFinder findNearestMatch
WARNING: Unable to find an exact match for CDP version 138, returning the closest version; found: 137; Please update to a Selenium version that supports CDP version 138
(1386, 788)
Aug 13, 2025 6:38:44 PM base.LogResults createLogs
INFO: PASS - Application Loaded Successfully: 
Aug 13, 2025 6:38:51 PM base.LogResults createLogs
INFO: PASS - Company Code Entered in Text Box: AYKY
Aug 13, 2025 6:38:53 PM base.LogResults createLogs
INFO: PASS - Login With Password Button Is Clicked: 
Aug 13, 2025 6:38:59 PM base.LogResults createLogs
INFO: PASS - Sign in Text Is Displayed: 
Aug 13, 2025 6:39:01 PM base.LogResults createLogs
INFO: PASS - Username Is Entered In Username Text Field: AutoE130825091642@mailinator.com
Aug 13, 2025 6:39:03 PM base.LogResults createLogs
INFO: PASS - Password Is Entered In Password Text Field: Pramod@1234
Aug 13, 2025 6:39:06 PM base.LogResults createLogs
INFO: PASS - Captcha Entered On Captcha Text Field: 12345
Aug 13, 2025 6:39:08 PM base.LogResults createLogs
INFO: PASS - Clicked On Login Button: 
Aug 13, 2025 6:39:11 PM base.LogResults createLogs
INFO: PASS - Login Done  And Validated Successfully: 
Aug 13, 2025 6:39:13 PM base.LogResults createLogs
INFO: PASS - Login Done Successfully: 
Aug 13, 2025 6:39:19 PM base.LogResults createLogs
INFO: PASS - PolicyIcon Clicked Successfully: 
Aug 13, 2025 6:39:21 PM base.LogResults createLogs
INFO: PASS - PolicyMaster Loaded Successfully: 
Aug 13, 2025 6:39:24 PM base.LogResults createLogs
INFO: PASS - ShiftDropDown Clicked Successfully : 
Aug 13, 2025 6:39:26 PM base.LogResults createLogs
INFO: PASS - ShiftPolicyButton Clicked Successfully : 
Aug 13, 2025 6:39:28 PM base.LogResults createLogs
INFO: PASS - ShiftPolicy Page Loaded Successfully : 
Aug 13, 2025 6:39:40 PM base.LogResults createLogs
INFO: PASS - PolicyName Inputted Successfully : AutoshiftPN130825091642
Aug 13, 2025 6:39:54 PM base.LogResults createLogs
INFO: PASS - Clicked On AssignedEmp Linked Count Successfully : 
Aug 13, 2025 6:40:06 PM base.LogResults createLogs
INFO: PASS - FirstRow Emp ID Inputted Successfully : AutoFNASOQJSZ
Aug 13, 2025 6:40:12 PM base.LogResults createLogs
INFO: PASS - FirstRow Emp FirstName Fetched Successfully : AutoFNASOQJSZ
Aug 13, 2025 6:40:14 PM base.LogResults createLogs
INFO: PASS - CloseIcon Clicked Successfully : 
Aug 13, 2025 6:40:27 PM base.LogResults createLogs
INFO: PASS - PolicyName Inputted Successfully : AutoshiftPN130825091642
Aug 13, 2025 6:40:32 PM base.LogResults createLogs
INFO: PASS - DeleteIcon Clicked Successfully : 
Aug 13, 2025 6:40:34 PM base.LogResults createLogs
INFO: PASS - DeleteButton Clicked Successfully : 
Aug 13, 2025 6:40:48 PM base.LogResults createLogs
INFO: PASS - PolicyName Inputted Successfully : AutoshiftPN130825091642
Aug 13, 2025 6:40:52 PM base.LogResults createLogs
INFO: PASS - No of Employees Assigned Get Successfully : 0=0
Aug 13, 2025 6:41:01 PM base.LogResults createLogs
INFO: PASS - Directory Button Clicked Successfully: 
Aug 13, 2025 6:41:05 PM base.LogResults createLogs
INFO: PASS - Directory Page Loaded Successfully: 
Aug 13, 2025 6:41:08 PM base.LogResults createLogs
INFO: PASS - Clicked On EmployeeTab Successfully: 
Aug 13, 2025 6:41:10 PM base.LogResults createLogs
INFO: PASS - Directory Page Loaded Successfully: 
Aug 13, 2025 6:41:17 PM base.LogResults createLogs
INFO: PASS - Clicked On Search Text Field And Pass The Created Employee LastName Successfully: AutoFNASOQJSZ
Aug 13, 2025 6:41:22 PM base.LogResults createLogs
INFO: PASS - Created Employee Displayed Successfully: 
Aug 13, 2025 6:41:24 PM base.LogResults createLogs
INFO: PASS - Successfully Clicked On First Employee Record 3dots: 
Aug 13, 2025 6:41:26 PM base.LogResults createLogs
INFO: PASS - Successfully Clicked On First Employee Record ManageProfileButton: 
Aug 13, 2025 6:41:49 PM base.LogResults createLogs
INFO: PASS - Successfully Clicked On First Employee Record Policy Button: 
Expected: Default | Actual: Shift Policy 1 (Default)
Aug 13, 2025 6:42:00 PM base.LogResults createLogs
INFO: PASS - Successfully Validated The Assigned Shift Policy Name Of Employee : Default=
Aug 13, 2025 6:42:00 PM base.LogResults onlyLog
INFO: Passed - MeghShiftPolicyTest-MPI_486_Shift_Policy_09-To verify this, delete the shift policy and ensure the assigned employees count drops to zero. Also, confirm that those employees are automatically assigned to the default policy.
---------------------------------------------------------------
MeghShiftPolicyTestMPI_486_Shift_Policy_09
Aug 13, 2025 6:42:00 PM base.LogResults onlyLog
INFO: Total Pass : 5 Total Fail : 0  Total TC : 5
---------------------------------------------------------------
Test case took: 198.8031 seconds
Total TC Time: 00:15:33
Launching Driver...
Aug 13, 2025 6:42:02 PM org.openqa.selenium.devtools.CdpVersionFinder findNearestMatch
WARNING: Unable to find an exact match for CDP version 138, returning the closest version; found: 137; Please update to a Selenium version that supports CDP version 138
(1386, 788)
Aug 13, 2025 6:42:06 PM base.LogResults createLogs
INFO: PASS - Application Loaded Successfully: 
Aug 13, 2025 6:42:12 PM base.LogResults createLogs
INFO: PASS - Company Code Entered in Text Box: AYKY
Aug 13, 2025 6:42:14 PM base.LogResults createLogs
INFO: PASS - Login With Password Button Is Clicked: 
Aug 13, 2025 6:42:20 PM base.LogResults createLogs
INFO: PASS - Sign in Text Is Displayed: 
Aug 13, 2025 6:42:22 PM base.LogResults createLogs
INFO: PASS - Username Is Entered In Username Text Field: AutoE130825091642@mailinator.com
Aug 13, 2025 6:42:25 PM base.LogResults createLogs
INFO: PASS - Password Is Entered In Password Text Field: Pramod@1234
Aug 13, 2025 6:42:27 PM base.LogResults createLogs
INFO: PASS - Captcha Entered On Captcha Text Field: 12345
Aug 13, 2025 6:42:29 PM base.LogResults createLogs
INFO: PASS - Clicked On Login Button: 
Aug 13, 2025 6:42:32 PM base.LogResults createLogs
INFO: PASS - Login Done  And Validated Successfully: 
Aug 13, 2025 6:42:34 PM base.LogResults createLogs
INFO: PASS - Login Done Successfully: 
Aug 13, 2025 6:42:40 PM base.LogResults createLogs
INFO: PASS - PolicyIcon Clicked Successfully: 
Aug 13, 2025 6:42:42 PM base.LogResults createLogs
INFO: PASS - PolicyMaster Loaded Successfully: 
Aug 13, 2025 6:42:45 PM base.LogResults createLogs
INFO: PASS - ShiftDropDown Clicked Successfully : 
Aug 13, 2025 6:42:47 PM base.LogResults createLogs
INFO: PASS - ShiftPolicyButton Clicked Successfully : 
Aug 13, 2025 6:42:49 PM base.LogResults createLogs
INFO: PASS - ShiftPolicy Page Loaded Successfully : 
Aug 13, 2025 6:43:01 PM base.LogResults createLogs
INFO: PASS - PolicyName Inputted Successfully : AutoshiftPN130825091642
Aug 13, 2025 6:43:11 PM base.LogResults createLogs
INFO: PASS - Shift Policy Edit Button Clicked Successfully : 
Aug 13, 2025 6:43:20 PM base.LogResults createLogs
INFO: PASS - Shift Policy Active CheckBox Clicked Successfully : 
Aug 13, 2025 6:43:22 PM base.LogResults createLogs
INFO: PASS - CreatePolicySave Button Clicked Successfully : 
Aug 13, 2025 6:43:31 PM base.LogResults createLogs
INFO: PASS - Yes Button Button Successfully : 
Aug 13, 2025 6:43:44 PM base.LogResults createLogs
INFO: PASS - PolicyName Inputted Successfully : AutoshiftPN130825091642
Aug 13, 2025 6:43:57 PM base.LogResults createLogs
INFO: PASS - Clicked On AssignedEmp Linked Count Successfully : 
Aug 13, 2025 6:44:10 PM base.LogResults createLogs
INFO: PASS - FirstRow Emp ID Inputted Successfully : AutoFNASOQJSZ
Aug 13, 2025 6:44:20 PM base.LogResults createLogs
INFO: PASS - FirstRow Emp FirstName Fetched Successfully : AutoFNASOQJSZ
Aug 13, 2025 6:44:22 PM base.LogResults createLogs
INFO: PASS - CloseIcon Clicked Successfully : 
Aug 13, 2025 6:44:31 PM base.LogResults createLogs
INFO: PASS - Directory Button Clicked Successfully: 
Aug 13, 2025 6:44:36 PM base.LogResults createLogs
INFO: PASS - Directory Page Loaded Successfully: 
Aug 13, 2025 6:44:38 PM base.LogResults createLogs
INFO: PASS - Clicked On EmployeeTab Successfully: 
Aug 13, 2025 6:44:41 PM base.LogResults createLogs
INFO: PASS - Directory Page Loaded Successfully: 
Aug 13, 2025 6:44:47 PM base.LogResults createLogs
INFO: PASS - Clicked On Search Text Field And Pass The Created Employee LastName Successfully: AutoFNASOQJSZ
Aug 13, 2025 6:44:52 PM base.LogResults createLogs
INFO: PASS - Created Employee Displayed Successfully: 
Aug 13, 2025 6:44:55 PM base.LogResults createLogs
INFO: PASS - Successfully Clicked On First Employee Record 3dots: 
Aug 13, 2025 6:44:57 PM base.LogResults createLogs
INFO: PASS - Successfully Clicked On First Employee Record ManageProfileButton: 
Aug 13, 2025 6:45:19 PM base.LogResults createLogs
INFO: PASS - Successfully Clicked On First Employee Record Policy Button: 
Aug 13, 2025 6:45:24 PM base.LogResults createLogs
INFO: PASS - Successfully Validated The Assigned Shift Policy Name Of Employee : AutoshiftPN130825091642=AutoshiftPN130825091642
Aug 13, 2025 6:45:25 PM base.LogResults onlyLog
INFO: Passed - MeghShiftPolicyTest-MPI_487_Shift_Policy_10-To verify this, activate the deactivated policy by clicking the "Active" button and ensure all employees meeting the policy criteria are reassigned to this policy.
---------------------------------------------------------------
MeghShiftPolicyTestMPI_487_Shift_Policy_10
Aug 13, 2025 6:45:25 PM base.LogResults onlyLog
INFO: Total Pass : 6 Total Fail : 0  Total TC : 6
---------------------------------------------------------------
Test case took: 202.0652 seconds
Total TC Time: 00:18:55

===============================================
Suite
Total tests run: 6, Passes: 6, Failures: 0, Skips: 0
===============================================

