>> Console logging redirected to data/console.log
Launching Driver...
SLF4J(W): No SLF4J providers were found.
SLF4J(W): Defaulting to no-operation (NOP) logger implementation
SLF4J(W): See https://www.slf4j.org/codes.html#noProviders for further details.
Sept 01, 2025 10:37:17 AM org.openqa.selenium.devtools.CdpVersionFinder findNearestMatch
WARNING: Unable to find an exact match for CDP version 139, returning the closest version; found: 137; Please update to a Selenium version that supports CDP version 139
(1386, 788)
Sept 01, 2025 10:37:21 AM base.LogResults createLogs
INFO: PASS - Application Loaded Successfully: 
Sept 01, 2025 10:37:27 AM base.LogResults createLogs
INFO: PASS - Company Code Entered in Text Box: ARZO
Sept 01, 2025 10:37:29 AM base.LogResults createLogs
INFO: PASS - Login With Password Button Is Clicked: 
Sept 01, 2025 10:37:35 AM base.LogResults createLogs
INFO: PASS - Sign in Text Is Displayed: 
Sept 01, 2025 10:37:38 AM base.LogResults createLogs
INFO: PASS - Username Is Entered In Username Text Field: AutoE010925091520@mailinator.com
Sept 01, 2025 10:37:40 AM base.LogResults createLogs
INFO: PASS - Password Is Entered In Password Text Field: Pramod@1234
Sept 01, 2025 10:37:42 AM base.LogResults createLogs
INFO: PASS - Captcha Entered On Captcha Text Field: 12345
Sept 01, 2025 10:37:45 AM base.LogResults createLogs
INFO: PASS - Clicked On Login Button: 
Sept 01, 2025 10:37:47 AM base.LogResults createLogs
INFO: PASS - Login Done  And Validated Successfully: 
Sept 01, 2025 10:37:49 AM base.LogResults createLogs
INFO: PASS - Login Done Successfully: 
Sept 01, 2025 10:37:55 AM base.LogResults createLogs
INFO: PASS - PolicyIcon Clicked Successfully: 
Sept 01, 2025 10:37:58 AM base.LogResults createLogs
INFO: PASS - PolicyMaster Loaded Successfully: 
Sept 01, 2025 10:38:00 AM base.LogResults createLogs
INFO: PASS - AttendancePolicy Clicked Successfully : 
Sept 01, 2025 10:38:02 AM base.LogResults createLogs
INFO: PASS - AttendancePolicy Page Loaded Successfully : 
Sept 01, 2025 10:38:04 AM base.LogResults createLogs
INFO: PASS - AddAttendancePolicyButton Clicked Successfully : 
Sept 01, 2025 10:38:07 AM base.LogResults createLogs
INFO: PASS - AttendancePolicy Name Entered Successfully : AutoAPN010925091520JNJ
Sept 01, 2025 10:38:09 AM base.LogResults createLogs
INFO: PASS - WebPunchButton Button Successfully : 
Sept 01, 2025 10:38:11 AM base.LogResults createLogs
INFO: PASS - EnableGracePeriod Button  Successfully : 
Sept 01, 2025 10:38:13 AM base.LogResults createLogs
INFO: PASS - EarlyClockOut CheckBox Clicked  Successfully : 
Sept 01, 2025 10:38:16 AM base.LogResults createLogs
INFO: PASS - Clicked On GraceHours  Successfully : 
Sept 01, 2025 10:38:21 AM base.LogResults createLogs
INFO: PASS -  GraceHours Inputted  Successfully : 1:00
Sept 01, 2025 10:38:23 AM base.LogResults createLogs
INFO: PASS - Clicked On GraceTimeApply Button  Successfully : 
Sept 01, 2025 10:38:25 AM base.LogResults createLogs
INFO: PASS - EnableGracePeriod CheckBox Clicked  Successfully : 
Sept 01, 2025 10:38:27 AM base.LogResults createLogs
INFO: PASS - RegulationRequest CheckBox Clicked  Successfully : 
Sept 01, 2025 10:38:30 AM base.LogResults createLogs
INFO: PASS - CreatePolicyButton Button Successfully : 
Sept 01, 2025 10:38:38 AM base.LogResults createLogs
INFO: PASS - YesButton Button Successfully : 
Sept 01, 2025 10:38:42 AM base.LogResults createLogs
INFO: PASS - HomeButton Clicked Successfully : 
Sept 01, 2025 10:38:48 AM base.LogResults createLogs
INFO: PASS - CheckInButton Displayed Successfully : 
Sept 01, 2025 10:38:51 AM base.LogResults createLogs
INFO: PASS - CheckOutButton Displayed Successfully : 
Sept 01, 2025 10:38:51 AM base.LogResults onlyLog
INFO: Passed - MeghAttendancePolicyTest-MPI_436_Attendance_Policy_03-To verify this, in the created policy where all employees are assigned, enable Web Punching and ensure that employees are able to perform Punch In from the Home module
---------------------------------------------------------------
MeghAttendancePolicyTestMPI_436_Attendance_Policy_03
Sept 01, 2025 10:38:51 AM base.LogResults onlyLog
INFO: Total Pass : 1 Total Fail : 0  Total TC : 1
---------------------------------------------------------------
Test case took: 93.5405 seconds
Total TC Time: 00:01:33

===============================================
Suite
Total tests run: 1, Passes: 1, Failures: 0, Skips: 0
===============================================

