>> Console logging redirected to data/console.log
Deleted: E:\MeghPiFw\MeghPIreports\RunID-20-08-25_18_02_45\AllReports.html
Deleted: E:\MeghPiFw\MeghPIreports\RunID-20-08-25_18_02_45\chromeMeghMasterRolePermissionTest-Logs.txt
Deleted: E:\MeghPiFw\MeghPIreports\RunID-20-08-25_18_02_45\chromeMeghMasterRolePermissionTest.html
Deleted: E:\MeghPiFw\MeghPIreports\RunID-20-08-25_18_02_45\Dashboard.html
Deleted: E:\MeghPiFw\MeghPIreports\RunID-20-08-25_18_02_45\screenshot\20-08-2025-060248.png
Deleted: E:\MeghPiFw\MeghPIreports\RunID-20-08-25_18_02_45\screenshot\20-08-2025-060254.png
Deleted: E:\MeghPiFw\MeghPIreports\RunID-20-08-25_18_02_45\screenshot\20-08-2025-060256.png
Deleted: E:\MeghPiFw\MeghPIreports\RunID-20-08-25_18_02_45\screenshot\20-08-2025-060302.png
Deleted: E:\MeghPiFw\MeghPIreports\RunID-20-08-25_18_02_45\screenshot\20-08-2025-060305.png
Deleted: E:\MeghPiFw\MeghPIreports\RunID-20-08-25_18_02_45\screenshot\20-08-2025-060307.png
Deleted: E:\MeghPiFw\MeghPIreports\RunID-20-08-25_18_02_45\screenshot\20-08-2025-060309.png
Deleted: E:\MeghPiFw\MeghPIreports\RunID-20-08-25_18_02_45\screenshot\20-08-2025-060312.png
Deleted: E:\MeghPiFw\MeghPIreports\RunID-20-08-25_18_02_45\screenshot\20-08-2025-060314.png
Deleted: E:\MeghPiFw\MeghPIreports\RunID-20-08-25_18_02_45\screenshot\20-08-2025-060316.png
Deleted: E:\MeghPiFw\MeghPIreports\RunID-20-08-25_18_02_45\screenshot\20-08-2025-060327.png
Deleted: E:\MeghPiFw\MeghPIreports\RunID-20-08-25_18_02_45\screenshot\20-08-2025-060330.png
Deleted: E:\MeghPiFw\MeghPIreports\RunID-20-08-25_18_02_45\screenshot\20-08-2025-060332.png
Deleted: E:\MeghPiFw\MeghPIreports\RunID-20-08-25_18_02_45\screenshot\20-08-2025-060335.png
Deleted: E:\MeghPiFw\MeghPIreports\RunID-20-08-25_18_02_45\screenshot\20-08-2025-060347.png
Deleted: E:\MeghPiFw\MeghPIreports\RunID-20-08-25_18_02_45\screenshot\20-08-2025-060349.png
Deleted: E:\MeghPiFw\MeghPIreports\RunID-20-08-25_18_02_45\screenshot\20-08-2025-060352.png
Deleted: E:\MeghPiFw\MeghPIreports\RunID-20-08-25_18_02_45\screenshot\20-08-2025-060359.png
Deleted: E:\MeghPiFw\MeghPIreports\RunID-20-08-25_18_02_45\screenshot\20-08-2025-060401.png
Deleted: E:\MeghPiFw\MeghPIreports\RunID-20-08-25_18_02_45\screenshot\20-08-2025-060405.png
Deleted: E:\MeghPiFw\MeghPIreports\RunID-20-08-25_18_02_45\screenshot\20-08-2025-060410.png
Deleted: E:\MeghPiFw\MeghPIreports\RunID-20-08-25_18_02_45\screenshot\20-08-2025-060412.png
Deleted: E:\MeghPiFw\MeghPIreports\RunID-20-08-25_18_02_45\screenshot\20-08-2025-060417.png
Deleted: E:\MeghPiFw\MeghPIreports\RunID-20-08-25_18_02_45\screenshot\20-08-2025-060420.png
Deleted: E:\MeghPiFw\MeghPIreports\RunID-20-08-25_18_02_45\screenshot\20-08-2025-060422.png
Deleted: E:\MeghPiFw\MeghPIreports\RunID-20-08-25_18_02_45\screenshot\20-08-2025-060424.png
Deleted: E:\MeghPiFw\MeghPIreports\RunID-20-08-25_18_02_45\screenshot\20-08-2025-060426.png
Deleted: E:\MeghPiFw\MeghPIreports\RunID-20-08-25_18_02_45\screenshot\20-08-2025-060429.png
Deleted: E:\MeghPiFw\MeghPIreports\RunID-20-08-25_18_02_45\screenshot\20-08-2025-060431.png
Deleted: E:\MeghPiFw\MeghPIreports\RunID-20-08-25_18_02_45\screenshot\20-08-2025-060433.png
Deleted: E:\MeghPiFw\MeghPIreports\RunID-20-08-25_18_02_45\screenshot\20-08-2025-060439.png
Deleted: E:\MeghPiFw\MeghPIreports\RunID-20-08-25_18_02_45\screenshot\20-08-2025-060445.png
Deleted: E:\MeghPiFw\MeghPIreports\RunID-20-08-25_18_02_45\screenshot\20-08-2025-060450.png
Deleted: E:\MeghPiFw\MeghPIreports\RunID-20-08-25_18_02_45\screenshot\20-08-2025-060453.png
Deleted: E:\MeghPiFw\MeghPIreports\RunID-20-08-25_18_02_45\screenshot\20-08-2025-060455.png
Deleted: E:\MeghPiFw\MeghPIreports\RunID-20-08-25_18_02_45\screenshot\20-08-2025-060500.png
Deleted: E:\MeghPiFw\MeghPIreports\RunID-20-08-25_18_02_45\screenshot\20-08-2025-060520.png
Deleted: E:\MeghPiFw\MeghPIreports\RunID-20-08-25_18_02_45\screenshot\20-08-2025-060525.png
Deleted: E:\MeghPiFw\MeghPIreports\RunID-20-08-25_18_02_45\screenshot\20-08-2025-060528.png
Deleted: E:\MeghPiFw\MeghPIreports\RunID-20-08-25_18_02_45\screenshot\20-08-2025-060600.png
Deleted: E:\MeghPiFw\MeghPIreports\RunID-20-08-25_18_02_45\screenshot\20-08-2025-060612.png
Deleted: E:\MeghPiFw\MeghPIreports\RunID-20-08-25_18_02_45\screenshot\20-08-2025-060615.png
Deleted: E:\MeghPiFw\MeghPIreports\RunID-20-08-25_18_02_45\screenshot\20-08-2025-060617.png
Deleted: E:\MeghPiFw\MeghPIreports\RunID-20-08-25_18_02_45\screenshot\20-08-2025-060620.png
Deleted: E:\MeghPiFw\MeghPIreports\RunID-20-08-25_18_02_45\screenshot\20-08-2025-060626.png
Deleted: E:\MeghPiFw\MeghPIreports\RunID-20-08-25_18_02_45\screenshot\20-08-2025-060631.png
Deleted: E:\MeghPiFw\MeghPIreports\RunID-20-08-25_18_02_45\screenshot\20-08-2025-060633.png
Deleted: E:\MeghPiFw\MeghPIreports\RunID-20-08-25_18_02_45\screenshot\20-08-2025-060636.png
Deleted: E:\MeghPiFw\MeghPIreports\RunID-20-08-25_18_02_45\screenshot\20-08-2025-060647.png
Deleted: E:\MeghPiFw\MeghPIreports\RunID-20-08-25_18_02_45\screenshot\20-08-2025-060652.png
Deleted: E:\MeghPiFw\MeghPIreports\RunID-20-08-25_18_02_45\screenshot\20-08-2025-060700.png
Deleted: E:\MeghPiFw\MeghPIreports\RunID-20-08-25_18_02_45\screenshot\20-08-2025-060714.png
Deleted: E:\MeghPiFw\MeghPIreports\RunID-20-08-25_18_02_45\screenshot\20-08-2025-060720.png
Deleted: E:\MeghPiFw\MeghPIreports\RunID-20-08-25_18_02_45\screenshot\20-08-2025-060729.png
Deleted: E:\MeghPiFw\MeghPIreports\RunID-20-08-25_18_02_45\screenshot\20-08-2025-060737.png
Deleted: E:\MeghPiFw\MeghPIreports\RunID-20-08-25_18_02_45\screenshot\20-08-2025-060745.png
Deleted: E:\MeghPiFw\MeghPIreports\RunID-20-08-25_18_02_45\screenshot\20-08-2025-060756.png
Deleted: E:\MeghPiFw\MeghPIreports\RunID-20-08-25_18_02_45\screenshot\20-08-2025-060805.png
Deleted: E:\MeghPiFw\MeghPIreports\RunID-20-08-25_18_02_45\screenshot\20-08-2025-060808.png
Deleted: E:\MeghPiFw\MeghPIreports\RunID-20-08-25_18_02_45\screenshot\20-08-2025-060810.png
Deleted: E:\MeghPiFw\MeghPIreports\RunID-20-08-25_18_02_45\screenshot\20-08-2025-060812.png
Deleted: E:\MeghPiFw\MeghPIreports\RunID-20-08-25_18_02_45\screenshot\20-08-2025-060814.png
Deleted: E:\MeghPiFw\MeghPIreports\RunID-20-08-25_18_02_45\screenshot\20-08-2025-060817.png
Deleted: E:\MeghPiFw\MeghPIreports\RunID-20-08-25_18_02_45\screenshot\20-08-2025-060819.png
Deleted: E:\MeghPiFw\MeghPIreports\RunID-20-08-25_18_02_45\screenshot\20-08-2025-060821.png
Deleted: E:\MeghPiFw\MeghPIreports\RunID-20-08-25_18_02_45\screenshot\20-08-2025-060823.png
Deleted: E:\MeghPiFw\MeghPIreports\RunID-20-08-25_18_02_45\screenshot\20-08-2025-060826.png
Deleted: E:\MeghPiFw\MeghPIreports\RunID-20-08-25_18_02_45\screenshot\20-08-2025-060832.png
Deleted: E:\MeghPiFw\MeghPIreports\RunID-20-08-25_18_02_45\screenshot\20-08-2025-060842.png
Deleted: E:\MeghPiFw\MeghPIreports\RunID-20-08-25_18_02_45\screenshot\20-08-2025-060845.png
Deleted: E:\MeghPiFw\MeghPIreports\RunID-20-08-25_18_02_45\screenshot\20-08-2025-060847.png
Deleted: E:\MeghPiFw\MeghPIreports\RunID-20-08-25_18_02_45\screenshot\20-08-2025-060853.png
Deleted: E:\MeghPiFw\MeghPIreports\RunID-20-08-25_18_02_45\screenshot\20-08-2025-060855.png
Deleted: E:\MeghPiFw\MeghPIreports\RunID-20-08-25_18_02_45\screenshot\20-08-2025-060902.png
Deleted: E:\MeghPiFw\MeghPIreports\RunID-20-08-25_18_02_45\screenshot\20-08-2025-060904.png
Deleted: E:\MeghPiFw\MeghPIreports\RunID-20-08-25_18_02_45\screenshot\20-08-2025-060906.png
Deleted: E:\MeghPiFw\MeghPIreports\RunID-20-08-25_18_02_45\screenshot\20-08-2025-060908.png
Deleted: E:\MeghPiFw\MeghPIreports\RunID-20-08-25_18_02_45\screenshot\20-08-2025-060911.png
Deleted: E:\MeghPiFw\MeghPIreports\RunID-20-08-25_18_02_45\screenshot\20-08-2025-060958.png
Deleted: E:\MeghPiFw\MeghPIreports\RunID-20-08-25_18_02_45\screenshot\20-08-2025-061013.png
Deleted: E:\MeghPiFw\MeghPIreports\RunID-20-08-25_18_02_45\screenshot\20-08-2025-061029.png
Deleted: E:\MeghPiFw\MeghPIreports\RunID-20-08-25_18_02_45\screenshot\20-08-2025-061042.png
Deleted: E:\MeghPiFw\MeghPIreports\RunID-20-08-25_18_02_45\screenshot\20-08-2025-061049.png
Deleted: E:\MeghPiFw\MeghPIreports\RunID-20-08-25_18_02_45\screenshot\20-08-2025-061051.png
Deleted: E:\MeghPiFw\MeghPIreports\RunID-20-08-25_18_02_45\screenshot\20-08-2025-061054.png
Deleted: E:\MeghPiFw\MeghPIreports\RunID-20-08-25_18_02_45\screenshot\20-08-2025-061056.png
Launching Driver...
SLF4J(W): No SLF4J providers were found.
SLF4J(W): Defaulting to no-operation (NOP) logger implementation
SLF4J(W): See https://www.slf4j.org/codes.html#noProviders for further details.
Aug 25, 2025 6:12:26 PM org.openqa.selenium.devtools.CdpVersionFinder findNearestMatch
WARNING: Unable to find an exact match for CDP version 139, returning the closest version; found: 137; Please update to a Selenium version that supports CDP version 139
(1386, 788)
Aug 25, 2025 6:12:30 PM base.LogResults createLogs
INFO: PASS - Application Loaded Successfully: 
Aug 25, 2025 6:12:37 PM base.LogResults createLogs
INFO: PASS - Company Code Entered in Text Box: AEWK
Aug 25, 2025 6:12:39 PM base.LogResults createLogs
INFO: PASS - Login With Password Button Is Clicked: 
Aug 25, 2025 6:12:45 PM base.LogResults createLogs
INFO: PASS - Sign in Text Is Displayed: 
Aug 25, 2025 6:12:47 PM base.LogResults createLogs
INFO: PASS - Username Is Entered In Username Text Field: autoEIDYNULDF
Aug 25, 2025 6:12:50 PM base.LogResults createLogs
INFO: PASS - Password Is Entered In Password Text Field: autoEIDYNULDF
Aug 25, 2025 6:12:52 PM base.LogResults createLogs
INFO: PASS - Captcha Entered On Captcha Text Field: 12345
Aug 25, 2025 6:12:54 PM base.LogResults createLogs
INFO: PASS - Clicked On Login Button: 
Aug 25, 2025 6:12:57 PM base.LogResults createLogs
INFO: PASS - Login Done  And Validated Successfully: 
Aug 25, 2025 6:12:59 PM base.LogResults createLogs
INFO: PASS - Login Done Successfully: 
Aug 25, 2025 6:13:01 PM base.LogResults createLogs
INFO: PASS - Leave Button Clicked Successfully Of Employee Account: 
Aug 25, 2025 6:13:05 PM base.LogResults createLogs
INFO: PASS -  EmpLeaveRequestsTab Clicked Successfully Of Employee Account: 
Aug 25, 2025 6:13:24 PM base.LogResults createLogs
INFO: FAIL - Error While Selecting Pagination: no such element: Unable to locate element: {"method":"xpath","selector":"//select[@name='dtLeave_length']"}
  (Session info: chrome=139.0.7258.128)
For documentation on this error, please visit: https://www.selenium.dev/documentation/webdriver/troubleshooting/errors#no-such-element-exception
Build info: version: '4.28.0', revision: 'ac342546e9'
System info: os.name: 'Windows 10', os.arch: 'amd64', os.version: '10.0', java.version: '17.0.11'
Driver info: org.openqa.selenium.chrome.ChromeDriver
Command: [8411a3436ce40fcd6226028dfab94b3c, findElement {value=//select[@name='dtLeave_length'], using=xpath}]
Capabilities {acceptInsecureCerts: true, browserName: chrome, browserVersion: 139.0.7258.128, chrome: {chromedriverVersion: 139.0.7258.138 (884e54ea8d4..., userDataDir: C:\Users\Pramod.C\AppData\L...}, fedcm:accounts: true, goog:chromeOptions: {debuggerAddress: localhost:56071}, networkConnectionEnabled: false, pageLoadStrategy: none, platformName: windows, proxy: Proxy(), se:cdp: ws://localhost:56071/devtoo..., se:cdpVersion: 139.0.7258.128, setWindowRect: true, strictFileInteractability: false, timeouts: {implicit: 0, pageLoad: 300000, script: 30000}, unhandledPromptBehavior: dismiss and notify, webauthn:extension:credBlob: true, webauthn:extension:largeBlob: true, webauthn:extension:minPinLength: true, webauthn:extension:prf: true, webauthn:virtualAuthenticators: true}
Session ID: 8411a3436ce40fcd6226028dfab94b3c
Aug 25, 2025 6:13:31 PM base.LogResults createLogs
INFO: PASS - Monthly Leave Summary DrpIcon Clicked  Successfully : 
Mismatch: Applied Leaves UI=5, Table=0
Aug 25, 2025 6:13:33 PM base.LogResults createLogs
INFO: FAIL - Error While Verifying  Monthly Leave Summary With Table: no such element: Unable to locate element: {"method":"xpath","selector":"//select[@name='dtLeave_length']"}
  (Session info: chrome=139.0.7258.128)
For documentation on this error, please visit: https://www.selenium.dev/documentation/webdriver/troubleshooting/errors#no-such-element-exception
Build info: version: '4.28.0', revision: 'ac342546e9'
System info: os.name: 'Windows 10', os.arch: 'amd64', os.version: '10.0', java.version: '17.0.11'
Driver info: org.openqa.selenium.chrome.ChromeDriver
Command: [8411a3436ce40fcd6226028dfab94b3c, findElement {value=//select[@name='dtLeave_length'], using=xpath}]
Capabilities {acceptInsecureCerts: true, browserName: chrome, browserVersion: 139.0.7258.128, chrome: {chromedriverVersion: 139.0.7258.138 (884e54ea8d4..., userDataDir: C:\Users\Pramod.C\AppData\L...}, fedcm:accounts: true, goog:chromeOptions: {debuggerAddress: localhost:56071}, networkConnectionEnabled: false, pageLoadStrategy: none, platformName: windows, proxy: Proxy(), se:cdp: ws://localhost:56071/devtoo..., se:cdpVersion: 139.0.7258.128, setWindowRect: true, strictFileInteractability: false, timeouts: {implicit: 0, pageLoad: 300000, script: 30000}, unhandledPromptBehavior: dismiss and notify, webauthn:extension:credBlob: true, webauthn:extension:largeBlob: true, webauthn:extension:minPinLength: true, webauthn:extension:prf: true, webauthn:virtualAuthenticators: true}
Session ID: 8411a3436ce40fcd6226028dfab94b3c
Aug 25, 2025 6:13:33 PM base.LogResults onlyLog
INFO: Failed - MeghLeaveTest-MPI_603_Leave_05-To verify this, check whether the counts for 'Pending', 'Approved', 'Rejected', 'Revoked', and the total 'Applied Leaves' are displayed accurately according to the number of records.
---------------------------------------------------------------
MeghLeaveTestMPI_603_Leave_05
Aug 25, 2025 6:13:33 PM base.LogResults onlyLog
INFO: Total Pass : 0 Total Fail : 1  Total TC : 1
---------------------------------------------------------------
Test case took: 66.4666 seconds
Total TC Time: 00:01:06

===============================================
Suite
Total tests run: 1, Passes: 1, Failures: 0, Skips: 0
===============================================

