>> Console logging redirected to data/console.log
Launching Driver...
SLF4J(W): No SLF4J providers were found.
SLF4J(W): Defaulting to no-operation (NOP) logger implementation
SLF4J(W): See https://www.slf4j.org/codes.html#noProviders for further details.
Aug 26, 2025 6:59:03 PM org.openqa.selenium.devtools.CdpVersionFinder findNearestMatch
WARNING: Unable to find an exact match for CDP version 139, returning the closest version; found: 137; Please update to a Selenium version that supports CDP version 139
(1386, 788)
Aug 26, 2025 6:59:03 PM base.LogResults onlyLog
INFO: Passed - MeghPIGSAttendanceTest-MPI_638_Normal_Attendance_10-Check the status when the employee has applied for leave and it has been approved for that day.
---------------------------------------------------------------
MeghPIGSAttendanceTestMPI_638_Normal_Attendance_10
Aug 26, 2025 6:59:03 PM base.LogResults onlyLog
INFO: Total Pass : 1 Total Fail : 0  Total TC : 1
---------------------------------------------------------------
Test case took: 0.1125 seconds
Total TC Time: 00:00:00

===============================================
Suite
Total tests run: 1, Passes: 0, Failures: 1, Skips: 0
Configuration Failures: 1, Skips: 0
===============================================

