>> Console logging redirected to data/console.log
Continuing with Existing Master Data due to threshold value:060825-060825-ThreSld->3
Launching Driver...
SLF4J(W): No SLF4J providers were found.
SLF4J(W): Defaulting to no-operation (NOP) logger implementation
SLF4J(W): See https://www.slf4j.org/codes.html#noProviders for further details.
Aug 06, 2025 11:46:30 AM org.openqa.selenium.devtools.CdpVersionFinder findNearestMatch
WARNING: Unable to find an exact match for CDP version 138, returning the closest version; found: 137; Please update to a Selenium version that supports CDP version 138
Error Index 1 out of bounds for length 1
hello
Aug 06, 2025 11:46:32 AM base.LogResults createLogs
INFO: PASS -  Application loaded successfully.
Aug 06, 2025 11:46:36 AM base.LogResults createLogs
INFO: PASS -  Company code entered successfully.AGFC
Aug 06, 2025 11:46:36 AM base.LogResults createLogs
INFO: PASS - Clicked On 'Login with Password' successfully.
Aug 06, 2025 11:46:40 AM base.LogResults createLogs
INFO: PASS -  Sign-in section appeared.
Aug 06, 2025 11:46:40 AM base.LogResults createLogs
INFO: PASS -  Email Id entered.AutoE060825091631@mailinator.com
Aug 06, 2025 11:46:41 AM base.LogResults createLogs
INFO: PASS -  Password entered.Pramod@1234
Aug 06, 2025 11:46:41 AM base.LogResults createLogs
INFO: PASS -  Captcha entered.12345
Aug 06, 2025 11:46:41 AM base.LogResults createLogs
INFO: PASS -  Sign-in button clicked.
Aug 06, 2025 11:46:44 AM base.LogResults createLogs
INFO: PASS -  Login validated successfully And Good Text Is Displayed.
Aug 06, 2025 11:46:44 AM base.LogResults createLogs
INFO: PASS - Login Done Successfully: 
Aug 06, 2025 11:46:48 AM base.LogResults createLogs
INFO: PASS - Directory Button Clicked Successfully: 
Aug 06, 2025 11:46:50 AM base.LogResults createLogs
INFO: PASS - Directory Page Loaded Successfully: 
Aug 06, 2025 11:46:50 AM base.LogResults createLogs
INFO: PASS - Company Tab  Clicked Successfully: 
Aug 06, 2025 11:46:51 AM base.LogResults createLogs
INFO: PASS - Office Button  Clicked Successfully: 
Aug 06, 2025 11:46:51 AM base.LogResults createLogs
INFO: PASS - Office Page  Validated Successfully: 
Aug 06, 2025 11:47:00 AM base.LogResults createLogs
INFO: PASS - OfficeType Entered In The TextField Successfully: AutoON060825091631
scrollaction doneAutoON060825091631
Aug 06, 2025 11:47:00 AM base.LogResults createLogs
INFO: PASS -  Successfully Fetched The First Record Company Name : 
Aug 06, 2025 11:47:00 AM base.LogResults onlyLog
INFO: Passed - Attendance-MPI_161_Office_01-To verify this, create an office and ensure the created office is displayed in the list.
---------------------------------------------------------------
AttendanceMPI_161_Office_01
Aug 06, 2025 11:47:00 AM base.LogResults onlyLog
INFO: Total Pass : 1 Total Fail : 0  Total TC : 1
---------------------------------------------------------------
Test case took: 29.4837 seconds
Total TC Time: 00:00:29
Launching Driver...
Aug 06, 2025 11:47:02 AM org.openqa.selenium.devtools.CdpVersionFinder findNearestMatch
WARNING: Unable to find an exact match for CDP version 138, returning the closest version; found: 137; Please update to a Selenium version that supports CDP version 138
Error Index 1 out of bounds for length 1
Aug 06, 2025 11:47:04 AM base.LogResults createLogs
INFO: PASS -  Application loaded successfully.
Aug 06, 2025 11:47:08 AM base.LogResults createLogs
INFO: PASS -  Company code entered successfully.AGFC
Aug 06, 2025 11:47:08 AM base.LogResults createLogs
INFO: PASS - Clicked On 'Login with Password' successfully.
Aug 06, 2025 11:47:12 AM base.LogResults createLogs
INFO: PASS -  Sign-in section appeared.
Aug 06, 2025 11:47:12 AM base.LogResults createLogs
INFO: PASS -  Email Id entered.AutoE060825091631@mailinator.com
Aug 06, 2025 11:47:13 AM base.LogResults createLogs
INFO: PASS -  Password entered.Pramod@1234
Aug 06, 2025 11:47:13 AM base.LogResults createLogs
INFO: PASS -  Captcha entered.12345
