>> Console logging redirected to data/console.log
Continuing with Existing Master Data due to threshold value:110725-110725-ThreSld->3
Launching Driver...
SLF4J(W): No SLF4J providers were found.
SLF4J(W): Defaulting to no-operation (NOP) logger implementation
SLF4J(W): See https://www.slf4j.org/codes.html#noProviders for further details.
Jul 11, 2025 5:02:40 PM org.openqa.selenium.devtools.CdpVersionFinder findNearestMatch
WARNING: Unable to find an exact match for CDP version 138, returning the closest version; found: 137; Please update to a Selenium version that supports CDP version 138
Jul 11, 2025 5:02:40 PM base.LogResults createLogs
INFO: PASS - Application Loaded Successfully: 
Jul 11, 2025 5:02:45 PM base.LogResults createLogs
INFO: PASS - Company Code Entered in Text Box: AFHU
Jul 11, 2025 5:02:45 PM base.LogResults createLogs
INFO: PASS - Login With Password Button Is Clicked: 
Jul 11, 2025 5:02:45 PM base.LogResults createLogs
INFO: PASS - Forgot Password Link is Clicked Successfully: 
Jul 11, 2025 5:02:49 PM base.LogResults createLogs
INFO: PASS - Company Code Entered in Text Box: AFHU
Jul 11, 2025 5:02:49 PM base.LogResults createLogs
INFO: PASS - Username Is Entered In Email Text Field: AutoE110725095836@mailinator.com
Jul 11, 2025 5:02:50 PM base.LogResults createLogs
INFO: PASS - Captcha Entered On Captcha Text Field: 12345
Jul 11, 2025 5:02:50 PM base.LogResults createLogs
INFO: PASS - Request OTP is Clicked Successfully: 
Jul 11, 2025 5:02:50 PM base.LogResults createLogs
INFO: PASS - Successfully Open The New Tab And URL Is Passed: 
Jul 11, 2025 5:02:52 PM base.LogResults createLogs
INFO: PASS - Successfully Clicked On GetFreeTrailButton: 
Jul 11, 2025 5:02:53 PM base.LogResults createLogs
INFO: PASS - Successfully Clicked On PopupCloseButton: 
Jul 11, 2025 5:03:00 PM base.LogResults createLogs
INFO: PASS - Successfully Inputted Emp Name: AutoE110725095836
Jul 11, 2025 5:03:00 PM base.LogResults createLogs
INFO: PASS - Successfully Clicked On SearchButtonOfMailinator: 
Jul 11, 2025 5:03:20 PM base.LogResults createLogs
INFO: PASS - Successfully Clicked On ForgotPasswordMail: 
Proxy element for: DefaultElementLocator 'By.xpath: //iframe[@id='html_msg_body']'
[[ChromeDriver: chrome on windows (dec39fed3381e95cadd5f3fcf8240940)] -> xpath: //body[1]/div[1]/p[2]]
HTML content: We received a request to reset the password for your account. To verify your identity and proceed with the password reset, please use the following One-Time Password (OTP):<br><br>Your OTP: <b>307273</b><br>
Jul 11, 2025 5:03:24 PM base.LogResults createLogs
INFO: PASS - Successfully Navigated To IFrame: 
307273 this is OTP
Jul 11, 2025 5:03:24 PM base.LogResults createLogs
INFO: PASS - Get The OTP from Email Successfully: 
Jul 11, 2025 5:03:55 PM base.LogResults createLogs
INFO: FAIL - Error While Clicking On DeleteButton: no such element: Unable to locate element: {"method":"xpath","selector":"//div[@id='email_pane']/div/div[2]/div[2]/div/a"}
  (Session info: chrome=138.0.7204.98)
For documentation on this error, please visit: https://www.selenium.dev/documentation/webdriver/troubleshooting/errors#no-such-element-exception
Build info: version: '4.34.0', revision: '707dcb4246*'
System info: os.name: 'Windows 10', os.arch: 'amd64', os.version: '10.0', java.version: '17.0.11'
Driver info: org.openqa.selenium.chrome.ChromeDriver
Command: [dec39fed3381e95cadd5f3fcf8240940, findElement {using=xpath, value=//div[@id='email_pane']/div/div[2]/div[2]/div/a}]
Capabilities {acceptInsecureCerts: true, browserName: chrome, browserVersion: 138.0.7204.98, chrome: {chromedriverVersion: 138.0.7204.94 (545025748884..., userDataDir: C:\Users\Pramod.C\AppData\L...}, fedcm:accounts: true, goog:chromeOptions: {debuggerAddress: localhost:52859}, networkConnectionEnabled: false, pageLoadStrategy: none, platformName: windows, proxy: Proxy(), se:cdp: ws://localhost:52859/devtoo..., se:cdpVersion: 138.0.7204.98, setWindowRect: true, strictFileInteractability: false, timeouts: {implicit: 0, pageLoad: 300000, script: 30000}, unhandledPromptBehavior: dismiss and notify, webauthn:extension:credBlob: true, webauthn:extension:largeBlob: true, webauthn:extension:minPinLength: true, webauthn:extension:prf: true, webauthn:virtualAuthenticators: true}
Session ID: dec39fed3381e95cadd5f3fcf8240940
Jul 11, 2025 5:04:31 PM base.LogResults createLogs
INFO: FAIL - Error While Clicking On PopupCloseButton: no such element: Unable to locate element: {"method":"xpath","selector":"(//button[@aria-label='Close'])[2]"}
  (Session info: chrome=138.0.7204.98)
For documentation on this error, please visit: https://www.selenium.dev/documentation/webdriver/troubleshooting/errors#no-such-element-exception
Build info: version: '4.34.0', revision: '707dcb4246*'
System info: os.name: 'Windows 10', os.arch: 'amd64', os.version: '10.0', java.version: '17.0.11'
Driver info: org.openqa.selenium.chrome.ChromeDriver
Command: [dec39fed3381e95cadd5f3fcf8240940, findElement {using=xpath, value=(//button[@aria-label='Close'])[2]}]
Capabilities {acceptInsecureCerts: true, browserName: chrome, browserVersion: 138.0.7204.98, chrome: {chromedriverVersion: 138.0.7204.94 (545025748884..., userDataDir: C:\Users\Pramod.C\AppData\L...}, fedcm:accounts: true, goog:chromeOptions: {debuggerAddress: localhost:52859}, networkConnectionEnabled: false, pageLoadStrategy: none, platformName: windows, proxy: Proxy(), se:cdp: ws://localhost:52859/devtoo..., se:cdpVersion: 138.0.7204.98, setWindowRect: true, strictFileInteractability: false, timeouts: {implicit: 0, pageLoad: 300000, script: 30000}, unhandledPromptBehavior: dismiss and notify, webauthn:extension:credBlob: true, webauthn:extension:largeBlob: true, webauthn:extension:minPinLength: true, webauthn:extension:prf: true, webauthn:virtualAuthenticators: true}
Session ID: dec39fed3381e95cadd5f3fcf8240940
Jul 11, 2025 5:04:31 PM base.LogResults createLogs
INFO: PASS - Successfully Navigated Back To Application: 
307273testOTP
Jul 11, 2025 5:04:31 PM base.LogResults createLogs
INFO: PASS - OTP Entered On OTP Text Field: 307273
Jul 11, 2025 5:04:31 PM base.LogResults createLogs
INFO: PASS - Verify And Continue Clicked Successfully: 
Jul 11, 2025 5:04:31 PM base.LogResults createLogs
INFO: PASS - New Password Entered Successfully: Pramod@1234
Jul 11, 2025 5:04:32 PM base.LogResults createLogs
INFO: PASS - New Confirm Password Entered Successfully: Pramod@1234
Jul 11, 2025 5:04:32 PM base.LogResults createLogs
INFO: PASS - PasswordSetButton Clicked Successfully: 
Jul 11, 2025 5:04:32 PM base.LogResults createLogs
INFO: PASS - ContinueToLogin Clicked Successfully: 
Jul 11, 2025 5:04:36 PM base.LogResults createLogs
INFO: PASS - Company Code Entered in Text Box: AFHU
Jul 11, 2025 5:04:36 PM base.LogResults createLogs
INFO: PASS - Login With Password Button Is Clicked: 
Jul 11, 2025 5:04:41 PM base.LogResults createLogs
INFO: PASS - Sign in Text Is Displayed: 
Jul 11, 2025 5:04:41 PM base.LogResults createLogs
INFO: PASS - Username Is Entered In Username Text Field: AutoE110725095836@mailinator.com
Jul 11, 2025 5:04:41 PM base.LogResults createLogs
INFO: PASS - Password Is Entered In Password Text Field: Pramod@1234
Jul 11, 2025 5:04:41 PM base.LogResults createLogs
INFO: PASS - Captcha Entered On Captcha Text Field: 12345
Jul 11, 2025 5:04:41 PM base.LogResults createLogs
INFO: PASS - Clicked On Login Button: 
Jul 11, 2025 5:04:43 PM base.LogResults createLogs
INFO: PASS - login Validated Successfully: 
Jul 11, 2025 5:04:43 PM base.LogResults onlyLog
INFO: Failed - MeghLoginTest-MPI_139_Login_page_21-To verify this, enter a email in the User Name / Phone Number text field of the Forgot Password step, check whether the user receives an OTP to change the password, and then change the password.
---------------------------------------------------------------
MeghLoginTestMPI_139_Login_page_21
Jul 11, 2025 5:04:43 PM base.LogResults onlyLog
INFO: Total Pass : 0 Total Fail : 1  Total TC : 1
---------------------------------------------------------------
Test case took: 123.0432 seconds
Total TC Time: 00:02:03
Launching Driver...
Jul 11, 2025 5:04:45 PM org.openqa.selenium.devtools.CdpVersionFinder findNearestMatch
WARNING: Unable to find an exact match for CDP version 138, returning the closest version; found: 137; Please update to a Selenium version that supports CDP version 138
Jul 11, 2025 5:04:46 PM base.LogResults createLogs
INFO: PASS - Application Loaded Successfully: 
Jul 11, 2025 5:04:50 PM base.LogResults createLogs
INFO: PASS - Company Code Entered in Text Box: AFHU
Jul 11, 2025 5:04:50 PM base.LogResults createLogs
INFO: PASS - Login With Password Button Is Clicked: 
Jul 11, 2025 5:04:54 PM base.LogResults createLogs
INFO: PASS - Sign in Text Is Displayed: 
Jul 11, 2025 5:04:55 PM base.LogResults createLogs
INFO: PASS - Username Is Entered In Username Text Field: AutoE110725095836@mailinator.com
Jul 11, 2025 5:04:55 PM base.LogResults createLogs
INFO: PASS - Password Is Entered In Password Text Field: Pramod@1234
Jul 11, 2025 5:04:55 PM base.LogResults createLogs
INFO: PASS - Captcha Entered On Captcha Text Field: 12345
Jul 11, 2025 5:04:55 PM base.LogResults createLogs
INFO: PASS - Clicked On Login Button: 
Jul 11, 2025 5:04:56 PM base.LogResults createLogs
INFO: FAIL - Error While Login Validation: no such element: Unable to locate element: {"method":"xpath","selector":"//input[@name='CompanyCode']"}
  (Session info: chrome=138.0.7204.98)
For documentation on this error, please visit: https://www.selenium.dev/documentation/webdriver/troubleshooting/errors#no-such-element-exception
Build info: version: '4.34.0', revision: '707dcb4246*'
System info: os.name: 'Windows 10', os.arch: 'amd64', os.version: '10.0', java.version: '17.0.11'
Driver info: org.openqa.selenium.chrome.ChromeDriver
Command: [01a8120295dfe292b1f9fdee17dd79d9, findElement {using=xpath, value=//input[@name='CompanyCode']}]
Capabilities {acceptInsecureCerts: true, browserName: chrome, browserVersion: 138.0.7204.98, chrome: {chromedriverVersion: 138.0.7204.94 (545025748884..., userDataDir: C:\Users\Pramod.C\AppData\L...}, fedcm:accounts: true, goog:chromeOptions: {debuggerAddress: localhost:53041}, networkConnectionEnabled: false, pageLoadStrategy: none, platformName: windows, proxy: Proxy(), se:cdp: ws://localhost:53041/devtoo..., se:cdpVersion: 138.0.7204.98, setWindowRect: true, strictFileInteractability: false, timeouts: {implicit: 0, pageLoad: 300000, script: 30000}, unhandledPromptBehavior: dismiss and notify, webauthn:extension:credBlob: true, webauthn:extension:largeBlob: true, webauthn:extension:minPinLength: true, webauthn:extension:prf: true, webauthn:virtualAuthenticators: true}
Session ID: 01a8120295dfe292b1f9fdee17dd79d9
Jul 11, 2025 5:05:01 PM base.LogResults createLogs
INFO: PASS - Directory Button Clicked Successfully: 
Jul 11, 2025 5:05:02 PM base.LogResults createLogs
INFO: PASS - Directory Page Loaded Successfully: 
Jul 11, 2025 5:05:02 PM base.LogResults createLogs
INFO: PASS - Clicked On EmployeeTab Successfully: 
Jul 11, 2025 5:05:04 PM base.LogResults createLogs
INFO: PASS - Directory Page Loaded Successfully: 
Jul 11, 2025 5:05:04 PM base.LogResults createLogs
INFO: PASS - Successfully Clicked On First Employee Record 3dots: 
Jul 11, 2025 5:05:04 PM base.LogResults createLogs
INFO: PASS - Successfully Clicked On First Employee Record ManageProfileButton: 
Jul 11, 2025 5:05:08 PM base.LogResults createLogs
INFO: PASS - Emp Code Extracted Successfully: 
Jul 11, 2025 5:05:12 PM base.LogResults createLogs
INFO: PASS - Admin Manage Button Clicked Successfully: 
Jul 11, 2025 5:05:13 PM base.LogResults createLogs
INFO: PASS - Admin Logout Button Clicked Successfully: 
Jul 11, 2025 5:05:13 PM base.LogResults createLogs
INFO: PASS - Except Application All Other Tabs Are Closed Successfully: 
Jul 11, 2025 5:05:13 PM base.LogResults createLogs
INFO: PASS - Application Loaded Successfully: 
Jul 11, 2025 5:05:17 PM base.LogResults createLogs
INFO: PASS - Company Code Entered in Text Box: AFHU
Jul 11, 2025 5:05:18 PM base.LogResults createLogs
INFO: PASS - Login With Password Button Is Clicked: 
Jul 11, 2025 5:05:28 PM base.LogResults createLogs
INFO: PASS - Forgot Password Link is Clicked Successfully: 
Jul 11, 2025 5:05:32 PM base.LogResults createLogs
INFO: PASS - Company Code Entered in Text Box: AFHU
Jul 11, 2025 5:05:32 PM base.LogResults createLogs
INFO: PASS - Username Is Entered In Email Text Field: AutoDNGCVH
Jul 11, 2025 5:05:32 PM base.LogResults createLogs
INFO: PASS - Captcha Entered On Captcha Text Field: 12345
Jul 11, 2025 5:05:33 PM base.LogResults createLogs
INFO: PASS - Request OTP is Clicked Successfully: 
Jul 11, 2025 5:05:33 PM base.LogResults createLogs
INFO: PASS - Successfully Open The New Tab And URL Is Passed: 
Jul 11, 2025 5:05:35 PM base.LogResults createLogs
INFO: PASS - Successfully Clicked On GetFreeTrailButton: 
Jul 11, 2025 5:05:36 PM base.LogResults createLogs
INFO: PASS - Successfully Clicked On PopupCloseButton: 
