>> Console logging redirected to data/console.log
Launching Driver...
SLF4J(W): No SLF4J providers were found.
SLF4J(W): Defaulting to no-operation (NOP) logger implementation
SLF4J(W): See https://www.slf4j.org/codes.html#noProviders for further details.
Aug 20, 2025 4:36:13 PM org.openqa.selenium.devtools.CdpVersionFinder findNearestMatch
WARNING: Unable to find an exact match for CDP version 139, returning the closest version; found: 137; Please update to a Selenium version that supports CDP version 139
(1386, 788)
Aug 20, 2025 4:36:16 PM base.LogResults createLogs
INFO: PASS - Application Loaded Successfully: 
Aug 20, 2025 4:36:22 PM base.LogResults createLogs
INFO: PASS - Company Code Entered in Text Box: ARBX
Aug 20, 2025 4:36:25 PM base.LogResults createLogs
INFO: PASS - Login With Password Button Is Clicked: 
Aug 20, 2025 4:36:31 PM base.LogResults createLogs
INFO: PASS - Sign in Text Is Displayed: 
Aug 20, 2025 4:36:33 PM base.LogResults createLogs
INFO: PASS - Username Is Entered In Username Text Field: AutoE190825091637@mailinator.com
Aug 20, 2025 4:36:35 PM base.LogResults createLogs
INFO: PASS - Password Is Entered In Password Text Field: Pramod@1234
Aug 20, 2025 4:36:38 PM base.LogResults createLogs
INFO: PASS - Captcha Entered On Captcha Text Field: 12345
Aug 20, 2025 4:36:40 PM base.LogResults createLogs
INFO: PASS - Clicked On Login Button: 
Aug 20, 2025 4:36:42 PM base.LogResults createLogs
INFO: PASS - Login Done  And Validated Successfully: 
Aug 20, 2025 4:36:45 PM base.LogResults createLogs
INFO: PASS - Login Done Successfully: 
Aug 20, 2025 4:36:50 PM base.LogResults createLogs
INFO: PASS - FileButton Clicked Successfully: 
Aug 20, 2025 4:36:52 PM base.LogResults createLogs
INFO: PASS - UploadFile Clicked Successfully: 
Aug 20, 2025 4:37:07 PM base.LogResults createLogs
INFO: PASS - File Selected Successfully: ./data/Files/TestFile1.pdf
Aug 20, 2025 4:37:14 PM base.LogResults createLogs
INFO: PASS - Company FileTag Selected Successfully: Appraisal 
Aug 20, 2025 4:37:16 PM base.LogResults createLogs
INFO: PASS - Date TextField Is Clicked Successfully: 
Aug 20, 2025 4:37:23 PM base.LogResults createLogs
INFO: FAIL - Error While Selecting Month : Error While Selecting Month: element not interactable
  (Session info: chrome=139.0.7258.128)
Build info: version: '4.28.0', revision: 'ac342546e9'
System info: os.name: 'Windows 10', os.arch: 'amd64', os.version: '10.0', java.version: '17.0.11'
Driver info: org.openqa.selenium.chrome.ChromeDriver
Command: [2c6198bdad5ce71d399c84fa07f598d3, clickElement {id=f.973D5A313D864AFBAFB8592060476B49.d.7A451FEBD8BF0A9B368E9AFBDFEC236E.e.687}]
Capabilities {acceptInsecureCerts: true, browserName: chrome, browserVersion: 139.0.7258.128, chrome: {chromedriverVersion: 139.0.7258.138 (884e54ea8d4..., userDataDir: C:\Users\Pramod.C\AppData\L...}, fedcm:accounts: true, goog:chromeOptions: {debuggerAddress: localhost:64222}, networkConnectionEnabled: false, pageLoadStrategy: none, platformName: windows, proxy: Proxy(), se:cdp: ws://localhost:64222/devtoo..., se:cdpVersion: 139.0.7258.128, setWindowRect: true, strictFileInteractability: false, timeouts: {implicit: 0, pageLoad: 300000, script: 30000}, unhandledPromptBehavior: dismiss and notify, webauthn:extension:credBlob: true, webauthn:extension:largeBlob: true, webauthn:extension:minPinLength: true, webauthn:extension:prf: true, webauthn:virtualAuthenticators: true}
Element: [[ChromeDriver: chrome on windows (2c6198bdad5ce71d399c84fa07f598d3)] -> xpath: (//select[contains(@class,'flatpickr-monthDropdown-months')])[15]]
Session ID: 2c6198bdad5ce71d399c84fa07f598d3
Aug 20, 2025 4:37:45 PM base.LogResults createLogs
INFO: FAIL - Error While Selecting Day : no such element: Unable to locate element: {"method":"xpath","selector":"//span[@aria-label='December 1, 2025']"}
  (Session info: chrome=139.0.7258.128)
For documentation on this error, please visit: https://www.selenium.dev/documentation/webdriver/troubleshooting/errors#no-such-element-exception
Build info: version: '4.28.0', revision: 'ac342546e9'
System info: os.name: 'Windows 10', os.arch: 'amd64', os.version: '10.0', java.version: '17.0.11'
Driver info: org.openqa.selenium.chrome.ChromeDriver
Command: [2c6198bdad5ce71d399c84fa07f598d3, findElement {using=xpath, value=//span[@aria-label='December 1, 2025']}]
Capabilities {acceptInsecureCerts: true, browserName: chrome, browserVersion: 139.0.7258.128, chrome: {chromedriverVersion: 139.0.7258.138 (884e54ea8d4..., userDataDir: C:\Users\Pramod.C\AppData\L...}, fedcm:accounts: true, goog:chromeOptions: {debuggerAddress: localhost:64222}, networkConnectionEnabled: false, pageLoadStrategy: none, platformName: windows, proxy: Proxy(), se:cdp: ws://localhost:64222/devtoo..., se:cdpVersion: 139.0.7258.128, setWindowRect: true, strictFileInteractability: false, timeouts: {implicit: 0, pageLoad: 300000, script: 30000}, unhandledPromptBehavior: dismiss and notify, webauthn:extension:credBlob: true, webauthn:extension:largeBlob: true, webauthn:extension:minPinLength: true, webauthn:extension:prf: true, webauthn:virtualAuthenticators: true}
Session ID: 2c6198bdad5ce71d399c84fa07f598d3
Aug 20, 2025 4:37:47 PM base.LogResults createLogs
INFO: PASS - Upload FileSave Button Clicked Successfully: 
