>> Console logging redirected to data/console.log
Launching Driver...
SLF4J(W): No SLF4J providers were found.
SLF4J(W): Defaulting to no-operation (NOP) logger implementation
SLF4J(W): See https://www.slf4j.org/codes.html#noProviders for further details.
Jul 14, 2025 10:12:00 AM org.openqa.selenium.devtools.CdpVersionFinder findNearestMatch
WARNING: Unable to find an exact match for CDP version 138, returning the closest version; found: 137; Please update to a Selenium version that supports CDP version 138
Jul 14, 2025 10:12:02 AM base.LogResults createLogs
INFO: PASS - Application Loaded Successfully: 
Jul 14, 2025 10:12:04 AM base.LogResults createLogs
INFO: PASS - Create An Account Button Is Clicked: 
Jul 14, 2025 10:12:04 AM base.LogResults createLogs
INFO: PASS - First Name Entered in Text Box: AutoAFNEHU
Jul 14, 2025 10:12:04 AM base.LogResults createLogs
INFO: PASS - Last Name Entered in Text Box: AutoLNENVZ
Jul 14, 2025 10:12:04 AM base.LogResults createLogs
INFO: PASS - Email  Entered in Text Box: AutoE140725101157@mailinator.com
Jul 14, 2025 10:12:05 AM base.LogResults createLogs
INFO: PASS - Phone Number Entered in Text Box: 8217076635
Jul 14, 2025 10:12:05 AM base.LogResults createLogs
INFO: PASS - Create Password Entered in Text Box: Pramod@1234
Jul 14, 2025 10:12:05 AM base.LogResults createLogs
INFO: PASS - Confirm Password Entered in Text Box: Pramod@1234
Jul 14, 2025 10:12:05 AM base.LogResults createLogs
INFO: PASS - Successfully Cliked On SignUp Button: 
Jul 14, 2025 10:12:06 AM base.LogResults createLogs
INFO: PASS - Company Name Entered in Text Box: AutoCNXWWWR
Jul 14, 2025 10:12:10 AM base.LogResults createLogs
INFO: PASS - Company Code Entered in Text Box: AGIB
Jul 14, 2025 10:12:10 AM base.LogResults createLogs
INFO: PASS - Company HeadCount Selected In the Dropdown: 51 To 100
Jul 14, 2025 10:12:10 AM base.LogResults createLogs
INFO: PASS - Industry Type Selected In the Dropdown: Software Industry
Jul 14, 2025 10:12:10 AM base.LogResults createLogs
INFO: PASS - Your Role Selected In the Dropdown: Admin
Jul 14, 2025 10:12:11 AM base.LogResults createLogs
INFO: PASS - Your Role Selected In the Dropdown: 
Jul 14, 2025 10:12:15 AM base.LogResults createLogs
INFO: PASS - OTP Sent To YOP Mail: 
Jul 14, 2025 10:12:17 AM base.LogResults createLogs
INFO: PASS - Successfully Open The New Tab And URL Is Passed: 
Jul 14, 2025 10:12:18 AM base.LogResults createLogs
INFO: PASS - Successfully Clicked On GetFreeTrailButton: 
Jul 14, 2025 10:12:19 AM base.LogResults createLogs
INFO: PASS - Successfully Clicked On PopupCloseButton: 
Jul 14, 2025 10:12:25 AM base.LogResults createLogs
INFO: PASS - Successfully Inputted Emp Name: AutoE140725101157
Jul 14, 2025 10:12:25 AM base.LogResults createLogs
INFO: PASS - Successfully Clicked On SearchButtonOfMailinator: 
Jul 14, 2025 10:12:26 AM base.LogResults createLogs
INFO: PASS - Successfully Clicked On SignUp OTP Mail: 
Proxy element for: DefaultElementLocator 'By.xpath: //iframe[@id='html_msg_body']'
[[ChromeDriver: chrome on windows (7da5a5e7b24ad7fabef5851f4e94c2a3)] -> xpath: //body[1]/div[1]/p[2]]
HTML content: <div class="container">            <div class="date" style="margin-left: 517px ; font-size: 12px ; font-weight: bold">   </div> <p>Dear User,</p><p>Thank you for signing up! To complete your registration, please enter the following One-Time Password (OTP) on the sign-up page: <b>984746</b> <br></p><p>This OTP is valid for <b>10</b> minutes.</p><p>If you encounter any issues or have any further questions, feel free to contact at Admin/HR Department.</p><p>Thank you,</p>MeghPI<br>101, Shreeji Complex  
Near ABC Circle, Satellite Road  
Ahmedabad, Gujarat 380015  
India<br>mantra@mantratec.com<br></div>    

<br><p style="text-align: justify ; margin: 0px" class="">This email and any files
transmitted with it are confidential and intended solely for the use of the
individual or entity to whom they are addressed. If you are not the named
addressee you should not disseminate, distribute or copy this e-mail. Please notify
the sender immediately by e-mail if you have received this e-mail by mistake
and delete this e-mail from your system.<br></p><div><b><i>?</i>?</b><br></div>
<br><br><br><br><br><br><br>
Jul 14, 2025 10:12:40 AM base.LogResults createLogs
INFO: PASS - Successfully Navigated To IFrame: 
984746this is OTP
Jul 14, 2025 10:12:40 AM base.LogResults createLogs
INFO: PASS - Successfully Extracted The OTP: 984746
Jul 14, 2025 10:12:40 AM base.LogResults createLogs
INFO: PASS - Successfully Navigated Back To Application: 
Jul 14, 2025 10:12:41 AM base.LogResults createLogs
INFO: PASS - OTP Sent To YOP Mail: 984746
Jul 14, 2025 10:12:41 AM base.LogResults createLogs
INFO: PASS - Successfully Entered The Captcha: 12345
Jul 14, 2025 10:12:41 AM base.LogResults createLogs
INFO: PASS - Successfully Clicked On VerifyAndLoginButton: 
Jul 14, 2025 10:12:43 AM base.LogResults createLogs
INFO: PASS - Successfully Selected VMS: 
Jul 14, 2025 10:12:43 AM base.LogResults createLogs
INFO: PASS - Successfully Selected CMS: 
Jul 14, 2025 10:12:43 AM base.LogResults createLogs
INFO: PASS - Successfully Clicked On SaveButton: 
Jul 14, 2025 10:12:46 AM base.LogResults createLogs
INFO: PASS - Successfully Clicked On PlanF: 
Jul 14, 2025 10:12:51 AM base.LogResults createLogs
INFO: PASS - Successfully Clicked On MakePaymentButton: 
Jul 14, 2025 10:12:55 AM base.LogResults createLogs
INFO: PASS - Successfully Clicked On Cards For Payment: 
5123456789012346
Jul 14, 2025 10:12:55 AM base.LogResults createLogs
INFO: PASS - Successfully Entered The Card Number: 5123456789012346
Jul 14, 2025 10:12:55 AM base.LogResults createLogs
INFO: PASS - Successfully Entered The Card ExpiryDate: 1225
Jul 14, 2025 10:12:56 AM base.LogResults createLogs
INFO: PASS - Successfully Entered The Card CVV: 123
Jul 14, 2025 10:12:56 AM base.LogResults createLogs
INFO: PASS - Successfully Entered The Card OwnerName: Test 
Jul 14, 2025 10:12:56 AM base.LogResults createLogs
INFO: PASS - Successfully Clicked On ProccedButton: 
Jul 14, 2025 10:13:00 AM base.LogResults createLogs
INFO: PASS - Successfully Entered The Payment OTP: 123456
Jul 14, 2025 10:13:00 AM base.LogResults createLogs
INFO: PASS - Successfully Clicked On OTPConfirmButton: 
Jul 14, 2025 10:13:03 AM base.LogResults createLogs
INFO: PASS - Successfully Clicked On BackToLoginButton: 
Jul 14, 2025 10:13:03 AM base.LogResults createLogs
INFO: PASS - Application Loaded Successfully: 
Jul 14, 2025 10:13:08 AM base.LogResults createLogs
INFO: PASS - Company Code Entered in Text Box: AGIB
Jul 14, 2025 10:13:08 AM base.LogResults createLogs
INFO: PASS - Login With Password Button Is Clicked: 
Jul 14, 2025 10:13:12 AM base.LogResults createLogs
INFO: PASS - Sign in Text Is Displayed: 
Jul 14, 2025 10:13:12 AM base.LogResults createLogs
INFO: PASS - Username Is Entered In Username Text Field: AutoE140725101157@mailinator.com
Jul 14, 2025 10:13:12 AM base.LogResults createLogs
INFO: PASS - Password Is Entered In Password Text Field: Pramod@1234
Jul 14, 2025 10:13:13 AM base.LogResults createLogs
INFO: PASS - Captcha Entered On Captcha Text Field: 12345
Jul 14, 2025 10:13:13 AM base.LogResults createLogs
INFO: PASS - Clicked On Login Button: 
Jul 14, 2025 10:13:14 AM base.LogResults createLogs
INFO: PASS - Clicked On MailCheck Button: 
Jul 14, 2025 10:13:16 AM base.LogResults createLogs
INFO: PASS - Successfully Open The New Tab And URL Is Passed: 
Jul 14, 2025 10:13:17 AM base.LogResults createLogs
INFO: PASS - Successfully Clicked On GetFreeTrailButton: 
Jul 14, 2025 10:13:18 AM base.LogResults createLogs
INFO: PASS - Successfully Clicked On PopupCloseButton: 
Jul 14, 2025 10:13:25 AM base.LogResults createLogs
INFO: PASS - Successfully Inputted Emp Name: AutoE140725101157
Jul 14, 2025 10:13:25 AM base.LogResults createLogs
INFO: PASS - Successfully Clicked On SearchButtonOfMailinator: 
Jul 14, 2025 10:13:25 AM base.LogResults createLogs
INFO: PASS - Except Application All Other Tabs Are Closed Successfully: 
Jul 14, 2025 10:13:25 AM base.LogResults createLogs
INFO: PASS - Successfully Clicked On Activation Mail Link: 
Proxy element for: DefaultElementLocator 'By.xpath: //iframe[@id='html_msg_body']'
[[ChromeDriver: chrome on windows (7da5a5e7b24ad7fabef5851f4e94c2a3)] -> xpath: //body[1]/div[1]/p[2]]
HTML content: TO : AutoE140725101157@mailinator.com<br>CC : <br>BCC : <br>                                                 <div class="container">            <div class="date" style="margin-left: 517px ; font-size: 12px ; font-weight: bold">   </div> <p>Dear, AutoCNXWWWR140725101157</p><p>Please click below link to activate your company:<br><b><a href="https://demo.meghpi.com/CompanyActivation?enc=Jz8-1PumL296skV-4NkuTr-+VAlAyEGJ8JfMrFNF8b5zrgkLPs5Eq6OCG3gEzAffs8MOobb7lXLUrj32vuFSHw@@" target="_other" rel="nofollow">ACTIVATION_LINK</a></b><br></p><p>If you encounter any issues or have any further questions, feel free to contact at Admin/HR Department.</p><p>Thank you,</p>MeghPI<br>101, Shreeji Complex  
Near ABC Circle, Satellite Road  
Ahmedabad, Gujarat 380015  
India<br>mantra@mantratec.com<br></div>    

<br><p style="text-align: justify ; margin: 0px" class="">This email and any files
transmitted with it are confidential and intended solely for the use of the
individual or entity to whom they are addressed. If you are not the named
addressee you should not disseminate, distribute or copy this e-mail. Please notify
the sender immediately by e-mail if you have received this e-mail by mistake
and delete this e-mail from your system.<br></p><div><b><i>?</i>?</b><br></div>
<br><br><br><br><br><br><br>
Jul 14, 2025 10:13:40 AM base.LogResults createLogs
INFO: PASS - Successfully Navigated To IFrame: 
Jul 14, 2025 10:13:40 AM base.LogResults createLogs
INFO: PASS - Successfully Clicked On ActivationLink: 
Jul 14, 2025 10:13:44 AM base.LogResults createLogs
INFO: PASS - Successfully Navigated Back To Application: 
Jul 14, 2025 10:13:44 AM base.LogResults createLogs
INFO: PASS - Clicked On LoginHere Button: 
Jul 14, 2025 10:13:48 AM base.LogResults createLogs
INFO: PASS - Company Code Entered in Text Box: AGIB
Jul 14, 2025 10:13:49 AM base.LogResults createLogs
INFO: PASS - Login With Password Button Is Clicked: 
Jul 14, 2025 10:13:53 AM base.LogResults createLogs
INFO: PASS - Sign in Text Is Displayed: 
Jul 14, 2025 10:13:53 AM base.LogResults createLogs
INFO: PASS - Username Is Entered In Username Text Field: AutoE140725101157@mailinator.com
Jul 14, 2025 10:13:53 AM base.LogResults createLogs
INFO: PASS - Password Is Entered In Password Text Field: Pramod@1234
Jul 14, 2025 10:13:53 AM base.LogResults createLogs
INFO: PASS - Captcha Entered On Captcha Text Field: 12345
Jul 14, 2025 10:13:53 AM base.LogResults createLogs
INFO: PASS - Clicked On Login Button: 
Jul 14, 2025 10:13:56 AM base.LogResults createLogs
INFO: PASS - Clicked On CompanyDetails: 
Jul 14, 2025 10:13:57 AM base.LogResults createLogs
INFO: PASS - Industry Type Selected In the Dropdown: Software Industry
Jul 14, 2025 10:14:08 AM base.LogResults createLogs
INFO: PASS - Image Is Selected As Logo: ./data/images/Testing.jpg
Jul 14, 2025 10:14:08 AM base.LogResults createLogs
INFO: PASS - Entered CompanyWebsite Successfully: https://demo.meghpi.com/
Jul 14, 2025 10:14:08 AM base.LogResults createLogs
INFO: PASS - AddDetails Button Clicked Successfully: 
Jul 14, 2025 10:14:09 AM base.LogResults createLogs
INFO: PASS - Successfully Clicked On Add AddreessButton: 
Jul 14, 2025 10:14:10 AM base.LogResults createLogs
INFO: PASS - Successfully Selected Country From CountryDropdown: India
Jul 14, 2025 10:14:21 AM base.LogResults createLogs
INFO: PASS - Successfully Selected State From StateDropdown: Gujarat 
Jul 14, 2025 10:14:21 AM base.LogResults createLogs
INFO: PASS - Successfully Enter The Company Address: #47, 5th cross, park view, shapath hexa, gujarat highcourt
Jul 14, 2025 10:14:21 AM base.LogResults createLogs
INFO: PASS - Successfully Enter The Company Address Zipcode: 560091
Jul 14, 2025 10:14:21 AM base.LogResults createLogs
INFO: PASS - Successfully Clicked On AddAddress Button: 
Jul 14, 2025 10:14:26 AM base.LogResults createLogs
INFO: PASS - Successfully Clicked On ContactDetails: 
Jul 14, 2025 10:14:27 AM base.LogResults createLogs
INFO: PASS - Contact Name Entered in Text Box: AutoAFNEHU
Jul 14, 2025 10:14:27 AM base.LogResults createLogs
INFO: PASS - Phone Number Entered in Text Box: 8217076635
Jul 14, 2025 10:14:27 AM base.LogResults createLogs
INFO: PASS - Email Id Entered in Text Box: AutoE140725101157@mailinator.com
Jul 14, 2025 10:14:27 AM base.LogResults createLogs
INFO: PASS - Successfully Clicked On AddContactButton: 
Jul 14, 2025 10:14:28 AM base.LogResults createLogs
INFO: PASS - Successfully Clicked On OfficeSetup: 
Jul 14, 2025 10:14:29 AM base.LogResults createLogs
INFO: PASS - Successfully Clicked On AddOffice: 
Jul 14, 2025 10:14:31 AM base.LogResults createLogs
INFO: PASS - Office Name Entered in Text Box: AutoONYANFK
Jul 14, 2025 10:14:41 AM base.LogResults createLogs
INFO: PASS - Company OfficeType Selected In the Dropdown: Head Quarter 
Jul 14, 2025 10:14:41 AM base.LogResults createLogs
INFO: PASS - Office Address Entered in Text Box: #47, 5th cross, park view, shapath hexa, gujarat highcourt
Jul 14, 2025 10:14:41 AM base.LogResults createLogs
INFO: PASS - Company's Country Selected In the Dropdown: India
Jul 14, 2025 10:14:52 AM base.LogResults createLogs
INFO: PASS - Company's State Selected In the Dropdown: Gujarat 
Jul 14, 2025 10:14:52 AM base.LogResults createLogs
INFO: PASS - Successfully Clicked On AddOfficeSave: 
Jul 14, 2025 10:14:53 AM base.LogResults createLogs
INFO: PASS - Successfully Clicked On AddDept: 
Jul 14, 2025 10:14:53 AM base.LogResults createLogs
INFO: PASS - Dept Name Entered in Text Box: AutoDNZYJF
Jul 14, 2025 10:14:53 AM base.LogResults createLogs
INFO: PASS - Company's Assign Office Selected In the Dropdown: AutoONYANFK
Jul 14, 2025 10:14:53 AM base.LogResults createLogs
INFO: PASS - Successfully Clicked On AddDeptSave: 
Jul 14, 2025 10:14:54 AM base.LogResults createLogs
INFO: PASS - Successfully Clicked On Policy Button: 
Jul 14, 2025 10:15:03 AM base.LogResults createLogs
INFO: PASS - Successfully Clicked On UseAsDefaultButton Button: 
Jul 14, 2025 10:15:03 AM base.LogResults createLogs
INFO: PASS - Successfully Clicked On GeneralSettings Button: 
Jul 14, 2025 10:15:05 AM base.LogResults createLogs
INFO: PASS - TimeFormat Selected In the Dropdown: 
Jul 14, 2025 10:15:05 AM base.LogResults createLogs
INFO: PASS -  TimeZone Selected In the Dropdown: 
Jul 14, 2025 10:15:05 AM base.LogResults createLogs
INFO: PASS - TwoStepVerification Selected In the Dropdown: 
Jul 14, 2025 10:15:05 AM base.LogResults createLogs
INFO: PASS - DateFormat Selected In the Dropdown: 
Jul 14, 2025 10:15:05 AM base.LogResults createLogs
INFO: PASS - FinancialYear Selected In the Dropdown: 
Jul 14, 2025 10:15:06 AM base.LogResults createLogs
INFO: PASS - Successfully Clicked On GeneralSettingsSave: 
Jul 14, 2025 10:15:07 AM base.LogResults createLogs
INFO: PASS - Successfully Clicked On PersonalSetting: 
Jul 14, 2025 10:15:08 AM base.LogResults createLogs
INFO: PASS - EmployeeIDDropdown Selected In the Dropdown: 
Jul 14, 2025 10:15:08 AM base.LogResults createLogs
INFO: PASS - Employee id Entered In The Text Field: AutoDNZYJF
Jul 14, 2025 10:15:08 AM base.LogResults createLogs
INFO: PASS - Successfully Clicked On PersonalSettingSave: 
Jul 14, 2025 10:15:22 AM base.LogResults createLogs
INFO: PASS - Successfully Clicked On GoToDashBoard: 
Jul 14, 2025 10:15:23 AM base.LogResults createLogs
INFO: PASS - Login Done  And Validated Successfully: 
Jul 14, 2025 10:15:43 AM base.LogResults createLogs
INFO: PASS - Error Message is Clicked: 
Jul 14, 2025 10:15:47 AM base.LogResults createLogs
INFO: PASS - Admin Manage Button Clicked Successfully: 
Jul 14, 2025 10:15:51 AM base.LogResults createLogs
INFO: PASS - Admin Logout Button Clicked Successfully: 
Jul 14, 2025 10:15:51 AM base.LogResults createLogs
INFO: PASS - Except Application All Other Tabs Are Closed Successfully: 
Jul 14, 2025 10:15:52 AM base.LogResults createLogs
INFO: PASS - Application Loaded Successfully: 
Jul 14, 2025 10:15:56 AM base.LogResults createLogs
INFO: PASS - Company Code Entered in Text Box: AGIB
Jul 14, 2025 10:15:56 AM base.LogResults createLogs
INFO: PASS - Successfully Clicked On Login With OTP Button: 
Jul 14, 2025 10:15:59 AM base.LogResults createLogs
INFO: PASS - Successfully Loaded LoginWithOTPPage: 
Jul 14, 2025 10:15:59 AM base.LogResults createLogs
INFO: PASS - Successfully Entered The Username: AutoE140725101157@mailinator.com
Jul 14, 2025 10:16:00 AM base.LogResults createLogs
INFO: PASS - Successfully Entered The Captcha: 12345
Jul 14, 2025 10:16:00 AM base.LogResults createLogs
INFO: PASS - Successfully Clicked on RequestOTP Button: 
Jul 14, 2025 10:16:12 AM base.LogResults createLogs
INFO: PASS - Successfully Open The New Tab And URL Is Passed: 
Jul 14, 2025 10:16:12 AM base.LogResults createLogs
INFO: PASS - Successfully Clicked On GetFreeTrailButton: 
Jul 14, 2025 10:16:14 AM base.LogResults createLogs
INFO: PASS - Successfully Clicked On PopupCloseButton: 
Jul 14, 2025 10:16:21 AM base.LogResults createLogs
INFO: PASS - Successfully Inputted Emp Name: AutoE140725101157
Jul 14, 2025 10:16:21 AM base.LogResults createLogs
INFO: PASS - Successfully Clicked On SearchButtonOfMailinator: 
Jul 14, 2025 10:16:41 AM base.LogResults createLogs
INFO: PASS - Successfully Clicked On FirstRecievedMailClick: 
Proxy element for: DefaultElementLocator 'By.xpath: //iframe[@id='html_msg_body']'
[[ChromeDriver: chrome on windows (7da5a5e7b24ad7fabef5851f4e94c2a3)] -> xpath: //body[1]/div[1]/p[2]]
HTML content: We received a request to log in to your account. To proceed, please use the following One-Time Password (OTP) to verify your identity:<br><br>Your OTP: <b>491403</b><br>
Jul 14, 2025 10:16:55 AM base.LogResults createLogs
INFO: PASS - Successfully Navigated To IFrame: 
 this is OTP
Jul 14, 2025 10:16:55 AM base.LogResults createLogs
INFO: PASS - Successfully Fetch The OTP From Mail: 
Jul 14, 2025 10:16:55 AM base.LogResults createLogs
INFO: PASS - Successfully Navigated Back To Application: 
Jul 14, 2025 10:16:55 AM base.LogResults createLogs
INFO: PASS - OTP Entered In The Enter OTP Text Field: 491403
Jul 14, 2025 10:16:56 AM base.LogResults createLogs
INFO: PASS - Captcha Entered In The Enter Captcha Text Field: 12345
Jul 14, 2025 10:16:56 AM base.LogResults createLogs
INFO: PASS - Successfully Clicked on VerifyAndLoginButtonOTP Button: 
Jul 14, 2025 10:16:56 AM base.LogResults onlyLog
INFO: Passed - MeghLoginTest-MPI_4_Login_Page_04-Verify that upon entering a valid company code and clicking the Login with OTP button, the user is redirected to the Login with OTP page and an OTP is sent to the provided email address.
---------------------------------------------------------------
MeghLoginTestMPI_4_Login_Page_04
Jul 14, 2025 10:16:56 AM base.LogResults onlyLog
INFO: Total Pass : 1 Total Fail : 0  Total TC : 1
---------------------------------------------------------------
Test case took: 295.0551 seconds
Total TC Time: 00:04:55
Launching Driver...
Jul 14, 2025 10:16:58 AM org.openqa.selenium.devtools.CdpVersionFinder findNearestMatch
WARNING: Unable to find an exact match for CDP version 138, returning the closest version; found: 137; Please update to a Selenium version that supports CDP version 138
Jul 14, 2025 10:16:59 AM base.LogResults createLogs
INFO: PASS - Application Loaded Successfully: 
Jul 14, 2025 10:17:03 AM base.LogResults createLogs
INFO: PASS - Company Code Entered in Text Box: AGIB
Jul 14, 2025 10:17:03 AM base.LogResults createLogs
INFO: PASS - Login With Password Button Is Clicked: 
Jul 14, 2025 10:17:07 AM base.LogResults createLogs
INFO: PASS - Sign in Text Is Displayed: 
Jul 14, 2025 10:17:08 AM base.LogResults createLogs
INFO: PASS - Username Is Entered In Username Text Field: AutoE140725101157@mailinator.com
Jul 14, 2025 10:17:08 AM base.LogResults createLogs
INFO: PASS - Password Is Entered In Password Text Field: Pramod@1234
Jul 14, 2025 10:17:08 AM base.LogResults createLogs
INFO: PASS - Captcha Entered On Captcha Text Field: 12345
Jul 14, 2025 10:17:08 AM base.LogResults createLogs
INFO: PASS - Clicked On Login Button: 
Jul 14, 2025 10:17:11 AM base.LogResults createLogs
INFO: PASS - login Validated Successfully: 
Jul 14, 2025 10:17:11 AM base.LogResults createLogs
INFO: PASS - SettingIcon   Clicked Successfully: 
Jul 14, 2025 10:17:11 AM base.LogResults createLogs
INFO: PASS - GeneralSettings   Clicked Successfully: 
Jul 14, 2025 10:17:12 AM base.LogResults createLogs
INFO: PASS - WebEnrollmentSelectOption Selected Successfully: 
Jul 14, 2025 10:17:12 AM base.LogResults createLogs
INFO: FAIL - Error while Selecting WebEnrollmentTypesFace : element not interactable: Element is not currently visible and may not be manipulated
  (Session info: chrome=138.0.7204.101)
Build info: version: '4.34.0', revision: '707dcb4246*'
System info: os.name: 'Windows 10', os.arch: 'amd64', os.version: '10.0', java.version: '17.0.11'
Driver info: org.openqa.selenium.chrome.ChromeDriver
Command: [4d37fa9910c9c6f80a0d37eb504b8bc8, clickElement {id=f.230E61DBB4B0AA252868F8F20E2F0C55.d.2A3DD1C2813861131DB52509BB783F8F.e.582}]
Capabilities {acceptInsecureCerts: true, browserName: chrome, browserVersion: 138.0.7204.101, chrome: {chromedriverVersion: 138.0.7204.94 (545025748884..., userDataDir: C:\Users\Pramod.C\AppData\L...}, fedcm:accounts: true, goog:chromeOptions: {debuggerAddress: localhost:58262}, networkConnectionEnabled: false, pageLoadStrategy: none, platformName: windows, proxy: Proxy(), se:cdp: ws://localhost:58262/devtoo..., se:cdpVersion: 138.0.7204.101, setWindowRect: true, strictFileInteractability: false, timeouts: {implicit: 0, pageLoad: 300000, script: 30000}, unhandledPromptBehavior: dismiss and notify, webauthn:extension:credBlob: true, webauthn:extension:largeBlob: true, webauthn:extension:minPinLength: true, webauthn:extension:prf: true, webauthn:virtualAuthenticators: true}
Element: [[[[ChromeDriver: chrome on windows (4d37fa9910c9c6f80a0d37eb504b8bc8)] -> xpath: //select[@id='drpEnrollmentType']]] -> xpath: .//option[normalize-space(.) = "Face"]]
Session ID: 4d37fa9910c9c6f80a0d37eb504b8bc8
Jul 14, 2025 10:17:23 AM base.LogResults createLogs
INFO: FAIL - Error while Selecting WebEnrollmentTypesCard : element not interactable: Element is not currently visible and may not be manipulated
  (Session info: chrome=138.0.7204.101)
Build info: version: '4.34.0', revision: '707dcb4246*'
System info: os.name: 'Windows 10', os.arch: 'amd64', os.version: '10.0', java.version: '17.0.11'
Driver info: org.openqa.selenium.chrome.ChromeDriver
Command: [4d37fa9910c9c6f80a0d37eb504b8bc8, clickElement {id=f.230E61DBB4B0AA252868F8F20E2F0C55.d.2A3DD1C2813861131DB52509BB783F8F.e.584}]
Capabilities {acceptInsecureCerts: true, browserName: chrome, browserVersion: 138.0.7204.101, chrome: {chromedriverVersion: 138.0.7204.94 (545025748884..., userDataDir: C:\Users\Pramod.C\AppData\L...}, fedcm:accounts: true, goog:chromeOptions: {debuggerAddress: localhost:58262}, networkConnectionEnabled: false, pageLoadStrategy: none, platformName: windows, proxy: Proxy(), se:cdp: ws://localhost:58262/devtoo..., se:cdpVersion: 138.0.7204.101, setWindowRect: true, strictFileInteractability: false, timeouts: {implicit: 0, pageLoad: 300000, script: 30000}, unhandledPromptBehavior: dismiss and notify, webauthn:extension:credBlob: true, webauthn:extension:largeBlob: true, webauthn:extension:minPinLength: true, webauthn:extension:prf: true, webauthn:virtualAuthenticators: true}
Element: [[[[ChromeDriver: chrome on windows (4d37fa9910c9c6f80a0d37eb504b8bc8)] -> xpath: //select[@id='drpEnrollmentType']]] -> xpath: .//option[normalize-space(.) = "Card"]]
Session ID: 4d37fa9910c9c6f80a0d37eb504b8bc8
Jul 14, 2025 10:17:23 AM base.LogResults createLogs
INFO: PASS - SaveChangesButton Clicked Successfully: 
Jul 14, 2025 10:17:28 AM base.LogResults createLogs
INFO: PASS - Directory Button Clicked Successfully: 
Jul 14, 2025 10:17:29 AM base.LogResults createLogs
INFO: PASS - Directory Page Loaded Successfully: 
Jul 14, 2025 10:17:30 AM base.LogResults createLogs
INFO: PASS - Company Tab  Clicked Successfully: 
Jul 14, 2025 10:17:30 AM base.LogResults createLogs
INFO: PASS - EntityTypeButton  Clicked Successfully: 
Jul 14, 2025 10:17:32 AM base.LogResults createLogs
INFO: PASS - EntityType Page Loaded Successfully: 
Jul 14, 2025 10:17:32 AM base.LogResults createLogs
INFO: PASS -  Successfully Clicked On AddEntityTypeButton: 
Jul 14, 2025 10:17:33 AM base.LogResults createLogs
INFO: PASS -  Entityname Entered In The Entiry Name TextField: AutoEN140725101157
Jul 14, 2025 10:17:33 AM base.LogResults createLogs
INFO: PASS -  Entity Card Type Selected Successfullly: STAFF
Jul 14, 2025 10:17:34 AM base.LogResults createLogs
INFO: PASS -  Successfullly Clicked On AddEntityTypeSave Button: 
Jul 14, 2025 10:17:34 AM base.LogResults createLogs
INFO: PASS - Clicked On EmployeeTab Successfully: 
Jul 14, 2025 10:17:36 AM base.LogResults createLogs
INFO: PASS - Directory Page Loaded Successfully: 
Jul 14, 2025 10:17:42 AM base.LogResults createLogs
INFO: PASS - Clicked On TotalCountDropDown Successfully: 
Jul 14, 2025 10:17:43 AM base.LogResults createLogs
INFO: PASS - Clicked On AddNewButton Successfully: 
Jul 14, 2025 10:17:45 AM base.LogResults createLogs
INFO: PASS - Employee Form Loaded Successfully: 
Jul 14, 2025 10:17:47 AM base.LogResults createLogs
INFO: PASS - Clicked On EmployeeTypeDropdown Successfully And Added EntityName Displayed Successfully: AutoEN140725101157
Jul 14, 2025 10:17:50 AM base.LogResults onlyLog
INFO: Failed - MeghMasterEntityTypeTest-MPI_308_EntityType_01-To verify this, create a new entity type and ensure that the added entity is displayed in the entity dropdown on the Add New Employee form.
---------------------------------------------------------------
MeghMasterEntityTypeTestMPI_308_EntityType_01
Jul 14, 2025 10:17:50 AM base.LogResults onlyLog
INFO: Total Pass : 1 Total Fail : 1  Total TC : 2
---------------------------------------------------------------
Test case took: 51.4705 seconds
Total TC Time: 00:00:51
cmpcode and emailidAGIBAutoE140725101157@mailinator.com
Launching Driver...
Jul 14, 2025 10:17:52 AM org.openqa.selenium.devtools.CdpVersionFinder findNearestMatch
WARNING: Unable to find an exact match for CDP version 138, returning the closest version; found: 137; Please update to a Selenium version that supports CDP version 138
Jul 14, 2025 10:17:53 AM base.LogResults createLogs
INFO: PASS - Application Loaded Successfully: 
Jul 14, 2025 10:17:57 AM base.LogResults createLogs
INFO: PASS - Company Code Entered in Text Box: AGIB
Jul 14, 2025 10:17:57 AM base.LogResults createLogs
INFO: PASS - Login With Password Button Is Clicked: 
Jul 14, 2025 10:18:02 AM base.LogResults createLogs
INFO: PASS - Sign in Text Is Displayed: 
Jul 14, 2025 10:18:02 AM base.LogResults createLogs
INFO: PASS - Username Is Entered In Username Text Field: AutoE140725101157@mailinator.com
Jul 14, 2025 10:18:02 AM base.LogResults createLogs
INFO: PASS - Password Is Entered In Password Text Field: Pramod@1234
Jul 14, 2025 10:18:02 AM base.LogResults createLogs
INFO: PASS - Captcha Entered On Captcha Text Field: 12345
Jul 14, 2025 10:18:02 AM base.LogResults createLogs
INFO: PASS - Clicked On Login Button: 
Jul 14, 2025 10:18:05 AM base.LogResults createLogs
INFO: PASS - login Validated Successfully: 
Jul 14, 2025 10:18:10 AM base.LogResults createLogs
INFO: PASS - Directory Button Clicked Successfully: 
Jul 14, 2025 10:18:11 AM base.LogResults createLogs
INFO: PASS - Directory Page Loaded Successfully: 
Jul 14, 2025 10:18:12 AM base.LogResults createLogs
INFO: PASS - Company Tab  Clicked Successfully: 
Jul 14, 2025 10:18:12 AM base.LogResults createLogs
INFO: PASS - Office Button  Clicked Successfully: 
Jul 14, 2025 10:18:12 AM base.LogResults createLogs
INFO: PASS -  Successfully Clicked On AddOfficeButton : 
Jul 14, 2025 10:18:14 AM base.LogResults createLogs
INFO: PASS -  OfficeName Entered In the Office Name TextField : AutoON140725101157
Jul 14, 2025 10:18:14 AM base.LogResults createLogs
INFO: PASS -  Office Type Selected In the Office Type Dropdown : 
Jul 14, 2025 10:18:14 AM base.LogResults createLogs
INFO: PASS -  Country Selected In the Country  Dropdown : 
Jul 14, 2025 10:18:14 AM base.LogResults createLogs
INFO: PASS -  State Selected In the State  Dropdown : Gujarat
Jul 14, 2025 10:18:15 AM base.LogResults createLogs
INFO: PASS -  Successfully Clicked On CompanyLocationSaveButton : 
Jul 14, 2025 10:18:21 AM base.LogResults createLogs
INFO: PASS - Directory Button Clicked Successfully: 
Jul 14, 2025 10:18:23 AM base.LogResults createLogs
INFO: PASS - Directory Page Loaded Successfully: 
Jul 14, 2025 10:18:23 AM base.LogResults createLogs
INFO: PASS - Company Tab  Clicked Successfully: 
Jul 14, 2025 10:18:24 AM base.LogResults createLogs
INFO: PASS - Department Tab  Clicked Successfully: 
Jul 14, 2025 10:18:25 AM base.LogResults createLogs
INFO: PASS - Add Department Tab  Clicked Successfully: 
Jul 14, 2025 10:18:27 AM base.LogResults createLogs
INFO: PASS - Department Name Entered Successfully: AutoDN140725101157
Jul 14, 2025 10:18:27 AM base.LogResults createLogs
INFO: PASS - Successfully Clicked On Add Department Save Button: 
Jul 14, 2025 10:18:30 AM base.LogResults createLogs
INFO: PASS - Successfully Clicked On DepartmentMapping Button: 
Jul 14, 2025 10:18:30 AM base.LogResults createLogs
INFO: PASS - Successfully Clicked On AddDepartmentMapping Button: 
Jul 14, 2025 10:18:32 AM base.LogResults createLogs
INFO: PASS - Successfully Selected Department: AutoDN140725101157
Jul 14, 2025 10:18:32 AM base.LogResults createLogs
INFO: PASS - Successfully Selected OfficeName: AutoON140725101157
Jul 14, 2025 10:18:32 AM base.LogResults createLogs
INFO: PASS - AddDeptMappingSaveButton Clicked Successfully: 
Jul 14, 2025 10:18:39 AM base.LogResults createLogs
INFO: PASS - Directory Button Clicked Successfully: 
Jul 14, 2025 10:18:40 AM base.LogResults createLogs
INFO: PASS - Company Tab  Clicked Successfully: 
Jul 14, 2025 10:18:40 AM base.LogResults createLogs
INFO: PASS - Team Button  Clicked Successfully: 
Jul 14, 2025 10:18:41 AM base.LogResults createLogs
INFO: PASS - Add Team Button  Clicked Successfully: 
Jul 14, 2025 10:18:42 AM base.LogResults createLogs
INFO: PASS - Team Name Is Entered In Team Name Text Field: AutoTN140725101157
Jul 14, 2025 10:18:42 AM base.LogResults createLogs
INFO: PASS - Team Save Button  Clicked Successfully: 
Jul 14, 2025 10:18:45 AM base.LogResults createLogs
INFO: PASS - TeamMapping Button  Clicked Successfully: 
Jul 14, 2025 10:18:46 AM base.LogResults createLogs
INFO: PASS - AddTeamMapping Button  Clicked Successfully: 
Jul 14, 2025 10:18:47 AM base.LogResults createLogs
INFO: PASS - Team Name Selected Successfully: AutoTN140725101157
Jul 14, 2025 10:18:47 AM base.LogResults createLogs
INFO: PASS - Department DropDown Clicked Successfully: 
Jul 14, 2025 10:18:47 AM base.LogResults createLogs
INFO: PASS - Department Name Inputted Successfully: AutoDN140725101157
Jul 14, 2025 10:18:51 AM base.LogResults createLogs
INFO: PASS - Department Name Selected Successfully: 
Jul 14, 2025 10:18:51 AM base.LogResults createLogs
INFO: PASS - Add Team Mapping Saved Successfully: 
Jul 14, 2025 10:19:00 AM base.LogResults createLogs
INFO: PASS - Directory Button Clicked Successfully: 
Jul 14, 2025 10:19:01 AM base.LogResults createLogs
INFO: PASS - Directory Page Loaded Successfully: 
Jul 14, 2025 10:19:01 AM base.LogResults createLogs
INFO: PASS - Clicked On EmployeeTab Successfully: 
Jul 14, 2025 10:19:03 AM base.LogResults createLogs
INFO: PASS - Directory Page Loaded Successfully: 
Jul 14, 2025 10:19:13 AM base.LogResults createLogs
INFO: PASS - Clicked On TotalCountDropDown Successfully: 
Jul 14, 2025 10:19:14 AM base.LogResults createLogs
INFO: PASS - Clicked On AddNewButton Successfully: 
Jul 14, 2025 10:19:16 AM base.LogResults createLogs
INFO: PASS - Employee Form Loaded Successfully: 
Jul 14, 2025 10:19:16 AM base.LogResults createLogs
INFO: PASS - Clicked On EmployeeTypeDropdown Successfully And Selected EntityName Successfully: AutoEN140725101157
Jul 14, 2025 10:19:16 AM base.LogResults createLogs
INFO: PASS - Clicked On ReportingToDropdown Successfully: 
Jul 14, 2025 10:19:18 AM base.LogResults createLogs
INFO: PASS - Clicked On ReportingTo Search Text Field And Input Is Passed: AutoAFN
Jul 14, 2025 10:19:21 AM base.LogResults createLogs
INFO: PASS - Entity Name Selected Successfully: 
Jul 14, 2025 10:19:21 AM base.LogResults createLogs
INFO: PASS - EmployeeID Entered On Employee ID Text Field: autoEIDMMTPDT
Jul 14, 2025 10:19:21 AM base.LogResults createLogs
INFO: PASS -  CompanyLocation Selected From The DropDown : AutoON140725101157
Jul 14, 2025 10:19:21 AM base.LogResults createLogs
INFO: PASS - Employee First Name Entered On Employee FirstName Text Field: AutoFNHCOQB
Jul 14, 2025 10:19:21 AM base.LogResults createLogs
INFO: PASS - Employee Last Name Entered On Employee Last Name Text Field: AutoLNLZLMV
Jul 14, 2025 10:19:22 AM base.LogResults createLogs
INFO: PASS - Employee Email Entered On Email ID Text Field: AutoE140725101157QCE@mailinator.com
Jul 14, 2025 10:19:22 AM base.LogResults createLogs
INFO: PASS - Employee Phone Number Entered On Phone Number Text Field: 9851470904
Jul 14, 2025 10:19:22 AM base.LogResults createLogs
INFO: PASS - Employee Joining Date  Text Field Is Clicked: 
Jul 14, 2025 10:19:22 AM base.LogResults createLogs
INFO: PASS - Employee Joining Date Entered On Joining Date Text Field: 
Jul 14, 2025 10:19:22 AM base.LogResults createLogs
INFO: PASS - Clicked On AddEmployeeSave Successfully: 
Jul 14, 2025 10:19:26 AM base.LogResults createLogs
INFO: PASS - Clicked On GoToDirectory Successfully: 
Jul 14, 2025 10:19:27 AM base.LogResults createLogs
INFO: PASS - Clicked On SearchDropDown Successfully: 
Jul 14, 2025 10:19:27 AM base.LogResults createLogs
INFO: PASS - Selected  LasTName  Successfully: 
Jul 14, 2025 10:19:27 AM base.LogResults createLogs
INFO: PASS - Clicked On SearchDropDown Successfully: 
Jul 14, 2025 10:19:31 AM base.LogResults createLogs
INFO: PASS - Clicked On Search Text Field And Pass The Created Employee LastName Successfully: AutoLNLZLMV
Jul 14, 2025 10:19:35 AM base.LogResults createLogs
INFO: PASS - Created Employee Displayed Successfully: AutoLNLZLMV
Jul 14, 2025 10:19:35 AM base.LogResults createLogs
INFO: PASS - Clicked On 3Dots Successfully: 
Jul 14, 2025 10:19:55 AM base.LogResults createLogs
INFO: FAIL - Error while Clicking On WebEnrollment: element not interactable
  (Session info: chrome=138.0.7204.101)
Build info: version: '4.34.0', revision: '707dcb4246*'
System info: os.name: 'Windows 10', os.arch: 'amd64', os.version: '10.0', java.version: '17.0.11'
Driver info: org.openqa.selenium.chrome.ChromeDriver
Command: [0efe39e1a7f20be9e47a821ba0aa910d, clickElement {id=f.CFE32E0BEB8C38B1D4923D65A7594DEC.d.66A4AF5997832093885B207E24F3A5A7.e.4690}]
Capabilities {acceptInsecureCerts: true, browserName: chrome, browserVersion: 138.0.7204.101, chrome: {chromedriverVersion: 138.0.7204.94 (545025748884..., userDataDir: C:\Users\Pramod.C\AppData\L...}, fedcm:accounts: true, goog:chromeOptions: {debuggerAddress: localhost:58350}, networkConnectionEnabled: false, pageLoadStrategy: none, platformName: windows, proxy: Proxy(), se:cdp: ws://localhost:58350/devtoo..., se:cdpVersion: 138.0.7204.101, setWindowRect: true, strictFileInteractability: false, timeouts: {implicit: 0, pageLoad: 300000, script: 30000}, unhandledPromptBehavior: dismiss and notify, webauthn:extension:credBlob: true, webauthn:extension:largeBlob: true, webauthn:extension:minPinLength: true, webauthn:extension:prf: true, webauthn:virtualAuthenticators: true}
Element: [[ChromeDriver: chrome on windows (0efe39e1a7f20be9e47a821ba0aa910d)] -> xpath: (//a[text()='Web Enrollment'])[1]]
Session ID: 0efe39e1a7f20be9e47a821ba0aa910d
Jul 14, 2025 10:20:19 AM base.LogResults createLogs
INFO: FAIL - Error while Clicking On FaceEnrollmentTab: no such element: Unable to locate element: {"method":"xpath","selector":"//button[@id='btnFaceTab']"}
  (Session info: chrome=138.0.7204.101)
For documentation on this error, please visit: https://www.selenium.dev/documentation/webdriver/troubleshooting/errors#no-such-element-exception
Build info: version: '4.34.0', revision: '707dcb4246*'
System info: os.name: 'Windows 10', os.arch: 'amd64', os.version: '10.0', java.version: '17.0.11'
Driver info: org.openqa.selenium.chrome.ChromeDriver
Command: [0efe39e1a7f20be9e47a821ba0aa910d, findElement {value=//button[@id='btnFaceTab'], using=xpath}]
Capabilities {acceptInsecureCerts: true, browserName: chrome, browserVersion: 138.0.7204.101, chrome: {chromedriverVersion: 138.0.7204.94 (545025748884..., userDataDir: C:\Users\Pramod.C\AppData\L...}, fedcm:accounts: true, goog:chromeOptions: {debuggerAddress: localhost:58350}, networkConnectionEnabled: false, pageLoadStrategy: none, platformName: windows, proxy: Proxy(), se:cdp: ws://localhost:58350/devtoo..., se:cdpVersion: 138.0.7204.101, setWindowRect: true, strictFileInteractability: false, timeouts: {implicit: 0, pageLoad: 300000, script: 30000}, unhandledPromptBehavior: dismiss and notify, webauthn:extension:credBlob: true, webauthn:extension:largeBlob: true, webauthn:extension:minPinLength: true, webauthn:extension:prf: true, webauthn:virtualAuthenticators: true}
Session ID: 0efe39e1a7f20be9e47a821ba0aa910d
Jul 14, 2025 10:20:39 AM base.LogResults createLogs
INFO: FAIL - Error while Selecting Image For WebEnrollment: no such element: Unable to locate element: {"method":"xpath","selector":"//input[@id='fileInput']"}
  (Session info: chrome=138.0.7204.101)
For documentation on this error, please visit: https://www.selenium.dev/documentation/webdriver/troubleshooting/errors#no-such-element-exception
Build info: version: '4.34.0', revision: '707dcb4246*'
System info: os.name: 'Windows 10', os.arch: 'amd64', os.version: '10.0', java.version: '17.0.11'
Driver info: org.openqa.selenium.chrome.ChromeDriver
Command: [0efe39e1a7f20be9e47a821ba0aa910d, findElement {value=//input[@id='fileInput'], using=xpath}]
Capabilities {acceptInsecureCerts: true, browserName: chrome, browserVersion: 138.0.7204.101, chrome: {chromedriverVersion: 138.0.7204.94 (545025748884..., userDataDir: C:\Users\Pramod.C\AppData\L...}, fedcm:accounts: true, goog:chromeOptions: {debuggerAddress: localhost:58350}, networkConnectionEnabled: false, pageLoadStrategy: none, platformName: windows, proxy: Proxy(), se:cdp: ws://localhost:58350/devtoo..., se:cdpVersion: 138.0.7204.101, setWindowRect: true, strictFileInteractability: false, timeouts: {implicit: 0, pageLoad: 300000, script: 30000}, unhandledPromptBehavior: dismiss and notify, webauthn:extension:credBlob: true, webauthn:extension:largeBlob: true, webauthn:extension:minPinLength: true, webauthn:extension:prf: true, webauthn:virtualAuthenticators: true}
Session ID: 0efe39e1a7f20be9e47a821ba0aa910d
Jul 14, 2025 10:20:59 AM base.LogResults createLogs
INFO: FAIL - Error while Clicking On CropImage: no such element: Unable to locate element: {"method":"xpath","selector":"//a[@id='cropButton']"}
  (Session info: chrome=138.0.7204.101)
For documentation on this error, please visit: https://www.selenium.dev/documentation/webdriver/troubleshooting/errors#no-such-element-exception
Build info: version: '4.34.0', revision: '707dcb4246*'
System info: os.name: 'Windows 10', os.arch: 'amd64', os.version: '10.0', java.version: '17.0.11'
Driver info: org.openqa.selenium.chrome.ChromeDriver
Command: [0efe39e1a7f20be9e47a821ba0aa910d, findElement {value=//a[@id='cropButton'], using=xpath}]
Capabilities {acceptInsecureCerts: true, browserName: chrome, browserVersion: 138.0.7204.101, chrome: {chromedriverVersion: 138.0.7204.94 (545025748884..., userDataDir: C:\Users\Pramod.C\AppData\L...}, fedcm:accounts: true, goog:chromeOptions: {debuggerAddress: localhost:58350}, networkConnectionEnabled: false, pageLoadStrategy: none, platformName: windows, proxy: Proxy(), se:cdp: ws://localhost:58350/devtoo..., se:cdpVersion: 138.0.7204.101, setWindowRect: true, strictFileInteractability: false, timeouts: {implicit: 0, pageLoad: 300000, script: 30000}, unhandledPromptBehavior: dismiss and notify, webauthn:extension:credBlob: true, webauthn:extension:largeBlob: true, webauthn:extension:minPinLength: true, webauthn:extension:prf: true, webauthn:virtualAuthenticators: true}
Session ID: 0efe39e1a7f20be9e47a821ba0aa910d
Jul 14, 2025 10:21:19 AM base.LogResults createLogs
INFO: FAIL - Error while Clicking On SaveEnrollmentButton: no such element: Unable to locate element: {"method":"xpath","selector":"//button[@id='btnFaceSubmit']"}
  (Session info: chrome=138.0.7204.101)
For documentation on this error, please visit: https://www.selenium.dev/documentation/webdriver/troubleshooting/errors#no-such-element-exception
Build info: version: '4.34.0', revision: '707dcb4246*'
System info: os.name: 'Windows 10', os.arch: 'amd64', os.version: '10.0', java.version: '17.0.11'
Driver info: org.openqa.selenium.chrome.ChromeDriver
Command: [0efe39e1a7f20be9e47a821ba0aa910d, findElement {value=//button[@id='btnFaceSubmit'], using=xpath}]
Capabilities {acceptInsecureCerts: true, browserName: chrome, browserVersion: 138.0.7204.101, chrome: {chromedriverVersion: 138.0.7204.94 (545025748884..., userDataDir: C:\Users\Pramod.C\AppData\L...}, fedcm:accounts: true, goog:chromeOptions: {debuggerAddress: localhost:58350}, networkConnectionEnabled: false, pageLoadStrategy: none, platformName: windows, proxy: Proxy(), se:cdp: ws://localhost:58350/devtoo..., se:cdpVersion: 138.0.7204.101, setWindowRect: true, strictFileInteractability: false, timeouts: {implicit: 0, pageLoad: 300000, script: 30000}, unhandledPromptBehavior: dismiss and notify, webauthn:extension:credBlob: true, webauthn:extension:largeBlob: true, webauthn:extension:minPinLength: true, webauthn:extension:prf: true, webauthn:virtualAuthenticators: true}
Session ID: 0efe39e1a7f20be9e47a821ba0aa910d
Jul 14, 2025 10:21:19 AM base.LogResults createLogs
INFO: FAIL - Skipping rest steps as error count reached configured value : 5
Jul 14, 2025 10:21:19 AM base.LogResults onlyLog
INFO: Failed - MeghMasterTeamMappingTest-MPI_518_TeamMapping_01-To verify this, create a department and map it with an office. Then, navigate to Team Mapping, click on 'Add Team Mapping', select the created team, select the mapped department, and save. After saving, create an employee for the selected location. Navigate to the employee's profile, select the department, click on the team field, enter the team name, and ensure that the mapped team is displayed.
---------------------------------------------------------------
MeghMasterTeamMappingTestMPI_518_TeamMapping_01
Jul 14, 2025 10:21:19 AM base.LogResults onlyLog
INFO: Total Pass : 1 Total Fail : 2  Total TC : 3
---------------------------------------------------------------
Test case took: 206.3815 seconds
Total TC Time: 00:03:26
Launching Driver...
Jul 14, 2025 10:21:21 AM org.openqa.selenium.devtools.CdpVersionFinder findNearestMatch
WARNING: Unable to find an exact match for CDP version 138, returning the closest version; found: 137; Please update to a Selenium version that supports CDP version 138
Jul 14, 2025 10:21:23 AM base.LogResults createLogs
INFO: PASS - Application Loaded Successfully: 
Jul 14, 2025 10:21:27 AM base.LogResults createLogs
INFO: PASS - Company Code Entered in Text Box: AGIB
Jul 14, 2025 10:21:27 AM base.LogResults createLogs
INFO: PASS - Login With Password Button Is Clicked: 
Jul 14, 2025 10:21:32 AM base.LogResults createLogs
INFO: PASS - Sign in Text Is Displayed: 
Jul 14, 2025 10:21:32 AM base.LogResults createLogs
INFO: PASS - Username Is Entered In Username Text Field: AutoE140725101157@mailinator.com
Jul 14, 2025 10:21:32 AM base.LogResults createLogs
INFO: PASS - Password Is Entered In Password Text Field: Pramod@1234
Jul 14, 2025 10:21:32 AM base.LogResults createLogs
INFO: PASS - Captcha Entered On Captcha Text Field: 12345
Jul 14, 2025 10:21:32 AM base.LogResults createLogs
INFO: PASS - Clicked On Login Button: 
Jul 14, 2025 10:21:35 AM base.LogResults createLogs
INFO: PASS - login Validated Successfully: 
Jul 14, 2025 10:21:40 AM base.LogResults createLogs
INFO: PASS - Directory Button Clicked Successfully: 
Jul 14, 2025 10:21:41 AM base.LogResults createLogs
INFO: PASS - Directory Page Loaded Successfully: 
Jul 14, 2025 10:21:42 AM base.LogResults createLogs
INFO: PASS - Company Tab  Clicked Successfully: 
Jul 14, 2025 10:21:43 AM base.LogResults createLogs
INFO: PASS - Designation Button  Clicked Successfully: 
Jul 14, 2025 10:21:44 AM base.LogResults createLogs
INFO: PASS - Designation Page Loaded Successfully: 
Jul 14, 2025 10:21:44 AM base.LogResults createLogs
INFO: PASS - Add Designation Button  Clicked Successfully: 
Jul 14, 2025 10:21:45 AM base.LogResults createLogs
INFO: PASS -  Designation Entered In The Input Successfully: AutoDN140725101157
Jul 14, 2025 10:21:46 AM base.LogResults createLogs
INFO: PASS -  Designation Description Entered In The Input Successfully: Autodesignationdescription140725101157
Jul 14, 2025 10:21:46 AM base.LogResults createLogs
INFO: PASS - Successfully Clicked On Designation Save Button : 
Jul 14, 2025 10:21:48 AM base.LogResults createLogs
INFO: PASS - Clicked On EmployeeTab Successfully: 
Jul 14, 2025 10:21:50 AM base.LogResults createLogs
INFO: PASS - Directory Page Loaded Successfully: 
Jul 14, 2025 10:21:50 AM base.LogResults createLogs
INFO: PASS - Successfully Clicked On First Employee Record 3dots: 
Jul 14, 2025 10:21:50 AM base.LogResults createLogs
INFO: PASS - Successfully Clicked On First Employee Record ManageProfileButton: 
Jul 14, 2025 10:21:59 AM base.LogResults createLogs
INFO: PASS - Successfully Clicked On First Employee Manage Profile EditIcon: 
Jul 14, 2025 10:22:06 AM base.LogResults createLogs
INFO: PASS - Manage Profile Designation DropDown Clicked Successfully: 
Jul 14, 2025 10:22:06 AM base.LogResults createLogs
INFO: PASS -  Created Designation Name Entered In The Input Successfully: AutoDN140725101157
Jul 14, 2025 10:22:06 AM base.LogResults createLogs
INFO: PASS - Created Designation Displayed Successfully: 
Jul 14, 2025 10:22:08 AM base.LogResults onlyLog
INFO: Passed - MeghMasterDesignationTest-MPI_232_Designation_01-To verify this, create a new designation and ensure that the created designation appears in the 'Designation' dropdown within the Employee Manage Profile section.
---------------------------------------------------------------
MeghMasterDesignationTestMPI_232_Designation_01
Jul 14, 2025 10:22:08 AM base.LogResults onlyLog
INFO: Total Pass : 2 Total Fail : 2  Total TC : 4
---------------------------------------------------------------
Test case took: 46.0281 seconds
Total TC Time: 00:00:46
Launching Driver...
Jul 14, 2025 10:22:10 AM org.openqa.selenium.devtools.CdpVersionFinder findNearestMatch
WARNING: Unable to find an exact match for CDP version 138, returning the closest version; found: 137; Please update to a Selenium version that supports CDP version 138
Jul 14, 2025 10:22:11 AM base.LogResults createLogs
INFO: PASS - Application Loaded Successfully: 
Jul 14, 2025 10:22:16 AM base.LogResults createLogs
INFO: PASS - Company Code Entered in Text Box: AGIB
Jul 14, 2025 10:22:16 AM base.LogResults createLogs
INFO: PASS - Login With Password Button Is Clicked: 
Jul 14, 2025 10:22:20 AM base.LogResults createLogs
INFO: PASS - Sign in Text Is Displayed: 
Jul 14, 2025 10:22:20 AM base.LogResults createLogs
INFO: PASS - Username Is Entered In Username Text Field: AutoE140725101157@mailinator.com
Jul 14, 2025 10:22:20 AM base.LogResults createLogs
INFO: PASS - Password Is Entered In Password Text Field: Pramod@1234
Jul 14, 2025 10:22:21 AM base.LogResults createLogs
INFO: PASS - Captcha Entered On Captcha Text Field: 12345
Jul 14, 2025 10:22:21 AM base.LogResults createLogs
INFO: PASS - Clicked On Login Button: 
Jul 14, 2025 10:22:23 AM base.LogResults createLogs
INFO: PASS - login Validated Successfully: 
Jul 14, 2025 10:22:28 AM base.LogResults createLogs
INFO: PASS - Directory Button Clicked Successfully: 
Jul 14, 2025 10:22:30 AM base.LogResults createLogs
INFO: PASS - Directory Page Loaded Successfully: 
Jul 14, 2025 10:22:30 AM base.LogResults createLogs
INFO: PASS - Company Tab  Clicked Successfully: 
Jul 14, 2025 10:22:31 AM base.LogResults createLogs
INFO: PASS - Grade Button  Clicked Successfully: 
Jul 14, 2025 10:22:31 AM base.LogResults createLogs
INFO: PASS - Grade Page Loaded Successfully: 
Jul 14, 2025 10:22:31 AM base.LogResults createLogs
INFO: PASS - Add Grade Button  Clicked Successfully: 
Jul 14, 2025 10:22:33 AM base.LogResults createLogs
INFO: PASS -  Grade Name Entered Successfully: AutoGN140725101157
Jul 14, 2025 10:22:33 AM base.LogResults createLogs
INFO: PASS -  Grade Description Entered Successfully: Autogdescription140725101157
Jul 14, 2025 10:22:33 AM base.LogResults createLogs
INFO: PASS - AddGradeSaveButton Clicked Successfully: 
Jul 14, 2025 10:22:37 AM base.LogResults createLogs
INFO: PASS - Clicked On EmployeeTab Successfully: 
Jul 14, 2025 10:22:39 AM base.LogResults createLogs
INFO: PASS - Directory Page Loaded Successfully: 
Jul 14, 2025 10:22:39 AM base.LogResults createLogs
INFO: PASS - Successfully Clicked On First Employee Record 3dots: 
Jul 14, 2025 10:22:39 AM base.LogResults createLogs
INFO: PASS - Successfully Clicked On First Employee Record ManageProfileButton: 
Jul 14, 2025 10:22:49 AM base.LogResults createLogs
INFO: PASS - Successfully Clicked On First Employee Manage Profile EditIcon: 
Jul 14, 2025 10:23:01 AM base.LogResults createLogs
INFO: PASS - ManageProfileGradeDropDown Clicked Successfully: 
Jul 14, 2025 10:23:04 AM base.LogResults createLogs
INFO: PASS - Grade Name Entered In ManageProfileGradeTextField Successfully: AutoGN140725101157
Jul 14, 2025 10:23:08 AM base.LogResults createLogs
INFO: PASS - Manage Profile Grade SearchResult Displayed Successfully: 
Jul 14, 2025 10:23:08 AM base.LogResults onlyLog
INFO: Passed - MeghMasterGradeTest-MPI_289_Grade_01-Create a newGradeand ensure that thecreated Gradeis displayed in theGrade dropdownunder theEmployee/User Manage Profilesection
---------------------------------------------------------------
MeghMasterGradeTestMPI_289_Grade_01
Jul 14, 2025 10:23:08 AM base.LogResults onlyLog
INFO: Total Pass : 3 Total Fail : 2  Total TC : 5
---------------------------------------------------------------
Test case took: 57.4681 seconds
Total TC Time: 00:00:57

===============================================
Suite
Total tests run: 5, Passes: 4, Failures: 0, Skips: 1
===============================================

