>> Console logging redirected to data/console.log
Continuing with Existing Master Data due to threshold value:150725-150725-ThreSld->3
Launching Driver...
SLF4J(W): No SLF4J providers were found.
SLF4J(W): Defaulting to no-operation (NOP) logger implementation
SLF4J(W): See https://www.slf4j.org/codes.html#noProviders for further details.
Jul 15, 2025 6:13:08 PM org.openqa.selenium.devtools.CdpVersionFinder findNearestMatch
WARNING: Unable to find an exact match for CDP version 138, returning the closest version; found: 137; Please update to a Selenium version that supports CDP version 138
Jul 15, 2025 6:13:10 PM base.LogResults createLogs
INFO: PASS - Step 1: Application loaded successfully.
Jul 15, 2025 6:13:14 PM base.LogResults createLogs
INFO: PASS - Step 2: Company code entered successfully.ASJL
Jul 15, 2025 6:13:14 PM base.LogResults createLogs
INFO: PASS - Step 3: Clicked 'Login with Password' successfully.
Jul 15, 2025 6:13:19 PM base.LogResults createLogs
INFO: PASS - Step 4: Sign-in section appeared.
Jul 15, 2025 6:13:19 PM base.LogResults createLogs
INFO: PASS - Step 5: Username entered.AutoE150725142816@mailinator.com
Jul 15, 2025 6:13:19 PM base.LogResults createLogs
INFO: PASS - Step 6: Password entered.Pramod@1234
Jul 15, 2025 6:13:19 PM base.LogResults createLogs
INFO: PASS - Step 7: Captcha entered.12345
Jul 15, 2025 6:13:19 PM base.LogResults createLogs
INFO: PASS - Step 8: Sign-in button clicked.
Jul 15, 2025 6:13:22 PM base.LogResults createLogs
INFO: PASS - Step 9: Login validated successfully.
Jul 15, 2025 6:13:22 PM base.LogResults createLogs
INFO: PASS - Login Done Successfully: 
Jul 15, 2025 6:13:26 PM base.LogResults createLogs
INFO: PASS - PolicyIcon Clicked Successfully: 
Jul 15, 2025 6:13:27 PM base.LogResults createLogs
INFO: PASS - PolicyMaster Loaded Successfully: 
Jul 15, 2025 6:13:27 PM base.LogResults createLogs
INFO: PASS - LeaveDropDownFromSideBar Clicked Successfully: 
Jul 15, 2025 6:13:27 PM base.LogResults createLogs
INFO: PASS - LeavePolicyButtonFromSideBar Clicked Successfully: 
