>> Console logging redirected to data/console.log
Continuing with Existing Master Data due to threshold value:120825-120825-ThreSld->3
Launching Driver...
SLF4J(W): No SLF4J providers were found.
SLF4J(W): Defaulting to no-operation (NOP) logger implementation
SLF4J(W): See https://www.slf4j.org/codes.html#noProviders for further details.
Aug 12, 2025 7:45:00 PM org.openqa.selenium.devtools.CdpVersionFinder findNearestMatch
WARNING: Unable to find an exact match for CDP version 138, returning the closest version; found: 137; Please update to a Selenium version that supports CDP version 138
Error Index 1 out of bounds for length 1
Aug 12, 2025 7:45:02 PM base.LogResults createLogs
INFO: PASS - Application Loaded Successfully: 
Aug 12, 2025 7:45:06 PM base.LogResults createLogs
INFO: PASS - Company Code Entered in Text Box: AJZU
Aug 12, 2025 7:45:06 PM base.LogResults createLogs
INFO: PASS - Login With Password Button Is Clicked: 
Aug 12, 2025 7:45:10 PM base.LogResults createLogs
INFO: PASS - Sign in Text Is Displayed: 
Aug 12, 2025 7:45:10 PM base.LogResults createLogs
INFO: PASS - Username Is Entered In Username Text Field: AutoE120825091619@mailinator.com
Aug 12, 2025 7:45:11 PM base.LogResults createLogs
INFO: PASS - Password Is Entered In Password Text Field: Pramod@1234
Aug 12, 2025 7:45:11 PM base.LogResults createLogs
INFO: PASS - Captcha Entered On Captcha Text Field: 12345
Aug 12, 2025 7:45:11 PM base.LogResults createLogs
INFO: PASS - Clicked On Login Button: 
Aug 12, 2025 7:45:13 PM base.LogResults createLogs
INFO: PASS - Login Done  And Validated Successfully: 
Aug 12, 2025 7:45:14 PM base.LogResults createLogs
INFO: PASS - Login Done Successfully: 
Aug 12, 2025 7:45:17 PM base.LogResults createLogs
INFO: PASS - FileButton Clicked Successfully: 
Aug 12, 2025 7:45:18 PM base.LogResults createLogs
INFO: PASS - UploadFile Clicked Successfully: 
Aug 12, 2025 7:45:31 PM base.LogResults createLogs
INFO: PASS - File Selected Successfully: ./data/Files/TestFile1.pdf
Aug 12, 2025 7:45:36 PM base.LogResults createLogs
INFO: PASS - Company FileTag Selected Successfully: Appraisal 
Aug 12, 2025 7:45:37 PM base.LogResults createLogs
INFO: PASS - Date TextField Is Clicked Successfully: 
Aug 12, 2025 7:45:51 PM base.LogResults createLogs
INFO: FAIL - Error While Selecting Month : Error While Selecting Month: Expected condition failed: waiting for element to be clickable: By.xpath: (//select[@aria-label='Month'])[14] (tried for 10 second(s) with 500 milliseconds interval)
Build info: version: '4.34.0', revision: '707dcb4246*'
System info: os.name: 'Windows 10', os.arch: 'amd64', os.version: '10.0', java.version: '17.0.11'
Driver info: org.openqa.selenium.chrome.ChromeDriver
Capabilities {acceptInsecureCerts: true, browserName: chrome, browserVersion: 138.0.7204.184, chrome: {chromedriverVersion: 138.0.7204.183 (e90faf484dd..., userDataDir: C:\Users\Pramod.C\AppData\L...}, fedcm:accounts: true, goog:chromeOptions: {debuggerAddress: localhost:55554}, networkConnectionEnabled: false, pageLoadStrategy: none, platformName: windows, proxy: Proxy(), se:cdp: ws://localhost:55554/devtoo..., se:cdpVersion: 138.0.7204.184, setWindowRect: true, strictFileInteractability: false, timeouts: {implicit: 0, pageLoad: 300000, script: 30000}, unhandledPromptBehavior: dismiss and notify, webauthn:extension:credBlob: true, webauthn:extension:largeBlob: true, webauthn:extension:minPinLength: true, webauthn:extension:prf: true, webauthn:virtualAuthenticators: true}
Session ID: 6086789c6fb87b8b64faa74e81a1f18e
