>> Console logging redirected to data/console.log
Continuing with Existing Master Data due to threshold value:150725-150725-ThreSld->3
Launching Driver...
SLF4J(W): No SLF4J providers were found.
SLF4J(W): Defaulting to no-operation (NOP) logger implementation
SLF4J(W): See https://www.slf4j.org/codes.html#noProviders for further details.
Jul 15, 2025 6:56:05 PM org.openqa.selenium.devtools.CdpVersionFinder findNearestMatch
WARNING: Unable to find an exact match for CDP version 138, returning the closest version; found: 137; Please update to a Selenium version that supports CDP version 138
Jul 15, 2025 6:56:06 PM base.LogResults createLogs
INFO: PASS - Step 1: Application loaded successfully.
Jul 15, 2025 6:56:10 PM base.LogResults createLogs
INFO: PASS - Step 2: Company code entered successfully.ASJL
Jul 15, 2025 6:56:11 PM base.LogResults createLogs
INFO: PASS - Step 3: Clicked 'Login with Password' successfully.
Jul 15, 2025 6:56:15 PM base.LogResults createLogs
INFO: PASS - Step 4: Sign-in section appeared.
Jul 15, 2025 6:56:15 PM base.LogResults createLogs
INFO: PASS - Step 5: Username entered.AutoE150725142816@mailinator.com
Jul 15, 2025 6:56:15 PM base.LogResults createLogs
INFO: PASS - Step 6: Password entered.Pramod@1234
Jul 15, 2025 6:56:15 PM base.LogResults createLogs
INFO: PASS - Step 7: Captcha entered.12345
Jul 15, 2025 6:56:16 PM base.LogResults createLogs
INFO: PASS - Step 8: Sign-in button clicked.
Jul 15, 2025 6:56:18 PM base.LogResults createLogs
INFO: PASS - Step 9: Login validated successfully.
Jul 15, 2025 6:56:18 PM base.LogResults createLogs
INFO: PASS - Login Done Successfully: 
Jul 15, 2025 6:56:23 PM base.LogResults createLogs
INFO: PASS - PolicyIcon Clicked Successfully: 
Jul 15, 2025 6:56:23 PM base.LogResults createLogs
INFO: PASS - PolicyMaster Loaded Successfully: 
Jul 15, 2025 6:56:23 PM base.LogResults createLogs
INFO: PASS - LeaveDropDownFromSideBar Clicked Successfully: 
Jul 15, 2025 6:56:23 PM base.LogResults createLogs
INFO: PASS - LeavePolicyButtonFromSideBar Clicked Successfully: 
Jul 15, 2025 6:56:29 PM base.LogResults createLogs
INFO: PASS - LeavePolicyPageLoaded Successfully: 
Jul 15, 2025 6:56:38 PM base.LogResults createLogs
INFO: PASS - Created Policy Name Inputted Successfully: 
Jul 15, 2025 6:56:42 PM base.LogResults createLogs
INFO: PASS - Created Policy Name Displayed Successfully: 
Jul 15, 2025 6:56:46 PM base.LogResults createLogs
INFO: PASS - Created Policy Edit Icon Clicked Successfully: 
Jul 15, 2025 6:56:47 PM base.LogResults createLogs
INFO: PASS - ActiveCheckBox Clicked Successfully: 
Jul 15, 2025 6:56:47 PM base.LogResults createLogs
INFO: PASS - CreateLeavePolicyButton Clicked Successfully: 
Jul 15, 2025 6:56:54 PM base.LogResults createLogs
INFO: PASS - Yes Button Button Successfully : 
Jul 15, 2025 6:57:00 PM base.LogResults createLogs
INFO: PASS - LeavePolicyPageLoaded Successfully: 
Jul 15, 2025 6:57:03 PM base.LogResults createLogs
INFO: PASS - Created Policy Name Inputted Successfully: 
Jul 15, 2025 6:57:07 PM base.LogResults createLogs
INFO: PASS - Created Policy Name Displayed Successfully: 
Jul 15, 2025 6:57:12 PM base.LogResults createLogs
INFO: FAIL - Error While Displaying Emp Count  : Error validating assigned employee count: Assigned employee count is zero.
Jul 15, 2025 6:57:16 PM base.LogResults createLogs
INFO: PASS - Directory Button Clicked Successfully: 
Jul 15, 2025 6:57:19 PM base.LogResults createLogs
INFO: PASS - Directory Page Loaded Successfully: 
Jul 15, 2025 6:57:19 PM base.LogResults createLogs
INFO: PASS - Clicked On EmployeeTab Successfully: 
Jul 15, 2025 6:57:21 PM base.LogResults createLogs
INFO: PASS - Directory Page Loaded Successfully: 
Jul 15, 2025 6:57:25 PM base.LogResults createLogs
INFO: PASS - Clicked On Search Text Field And Pass The Created Employee LastName Successfully: 
