>> Console logging redirected to data/console.log
Deleted: E:\MeghPiFw\MeghPIreports\RunID-25-08-25_12_12_43\AllReports.html
Deleted: E:\MeghPiFw\MeghPIreports\RunID-25-08-25_12_12_43\chromeMeghLeaveTest-Logs.txt
Deleted: E:\MeghPiFw\MeghPIreports\RunID-25-08-25_12_12_43\chromeMeghLeaveTest.html
Deleted: E:\MeghPiFw\MeghPIreports\RunID-25-08-25_12_12_43\Dashboard.html
Deleted: E:\MeghPiFw\MeghPIreports\RunID-25-08-25_12_12_43\screenshot\25-08-2025-121251.png
Deleted: E:\MeghPiFw\MeghPIreports\RunID-25-08-25_12_12_43\screenshot\25-08-2025-121257.png
Deleted: E:\MeghPiFw\MeghPIreports\RunID-25-08-25_12_12_43\screenshot\25-08-2025-121259.png
Deleted: E:\MeghPiFw\MeghPIreports\RunID-25-08-25_12_12_43\screenshot\25-08-2025-121353.png
Deleted: E:\MeghPiFw\MeghPIreports\RunID-25-08-25_12_12_43\screenshot\25-08-2025-121405.png
Deleted: E:\MeghPiFw\MeghPIreports\RunID-25-08-25_12_12_43\screenshot\25-08-2025-121418.png
Deleted: E:\MeghPiFw\MeghPIreports\RunID-25-08-25_12_12_43\screenshot\25-08-2025-121430.png
Deleted: E:\MeghPiFw\MeghPIreports\RunID-25-08-25_12_12_43\screenshot\25-08-2025-121443.png
Deleted: E:\MeghPiFw\MeghPIreports\RunID-25-08-25_12_14_21\AllReports.html
Deleted: E:\MeghPiFw\MeghPIreports\RunID-25-08-25_12_14_21\chromeMeghLeaveTest-Logs.txt
Deleted: E:\MeghPiFw\MeghPIreports\RunID-25-08-25_12_14_21\chromeMeghLeaveTest.html
Deleted: E:\MeghPiFw\MeghPIreports\RunID-25-08-25_12_14_21\Dashboard.html
Deleted: E:\MeghPiFw\MeghPIreports\RunID-25-08-25_12_14_21\screenshot\25-08-2025-121425.png
Deleted: E:\MeghPiFw\MeghPIreports\RunID-25-08-25_12_14_21\screenshot\25-08-2025-121432.png
Deleted: E:\MeghPiFw\MeghPIreports\RunID-25-08-25_12_14_21\screenshot\25-08-2025-121434.png
Deleted: E:\MeghPiFw\MeghPIreports\RunID-25-08-25_12_14_21\screenshot\25-08-2025-121528.png
Deleted: E:\MeghPiFw\MeghPIreports\RunID-25-08-25_12_20_38\AllReports.html
Deleted: E:\MeghPiFw\MeghPIreports\RunID-25-08-25_12_20_38\chromeMeghLeaveTest-Logs.txt
Deleted: E:\MeghPiFw\MeghPIreports\RunID-25-08-25_12_20_38\chromeMeghLeaveTest.html
Deleted: E:\MeghPiFw\MeghPIreports\RunID-25-08-25_12_20_38\Dashboard.html
Deleted: E:\MeghPiFw\MeghPIreports\RunID-25-08-25_12_20_38\screenshot\25-08-2025-122042.png
Deleted: E:\MeghPiFw\MeghPIreports\RunID-25-08-25_12_20_38\screenshot\25-08-2025-122049.png
Deleted: E:\MeghPiFw\MeghPIreports\RunID-25-08-25_12_20_38\screenshot\25-08-2025-122051.png
Deleted: E:\MeghPiFw\MeghPIreports\RunID-25-08-25_12_20_38\screenshot\25-08-2025-122057.png
Deleted: E:\MeghPiFw\MeghPIreports\RunID-25-08-25_12_20_38\screenshot\25-08-2025-122059.png
Deleted: E:\MeghPiFw\MeghPIreports\RunID-25-08-25_12_20_38\screenshot\25-08-2025-122102.png
Deleted: E:\MeghPiFw\MeghPIreports\RunID-25-08-25_12_20_38\screenshot\25-08-2025-122104.png
Deleted: E:\MeghPiFw\MeghPIreports\RunID-25-08-25_12_20_38\screenshot\25-08-2025-122106.png
Deleted: E:\MeghPiFw\MeghPIreports\RunID-25-08-25_12_27_44\AllReports.html
Deleted: E:\MeghPiFw\MeghPIreports\RunID-25-08-25_12_27_44\chromeMeghLeaveTest-Logs.txt
Deleted: E:\MeghPiFw\MeghPIreports\RunID-25-08-25_12_27_44\chromeMeghLeaveTest.html
Deleted: E:\MeghPiFw\MeghPIreports\RunID-25-08-25_12_27_44\Dashboard.html
Deleted: E:\MeghPiFw\MeghPIreports\RunID-25-08-25_12_27_44\screenshot\25-08-2025-122748.png
Deleted: E:\MeghPiFw\MeghPIreports\RunID-25-08-25_12_27_44\screenshot\25-08-2025-122754.png
Deleted: E:\MeghPiFw\MeghPIreports\RunID-25-08-25_12_27_44\screenshot\25-08-2025-122756.png
Deleted: E:\MeghPiFw\MeghPIreports\RunID-25-08-25_12_27_44\screenshot\25-08-2025-122802.png
Deleted: E:\MeghPiFw\MeghPIreports\RunID-25-08-25_12_27_44\screenshot\25-08-2025-122805.png
Deleted: E:\MeghPiFw\MeghPIreports\RunID-25-08-25_12_27_44\screenshot\25-08-2025-122807.png
Deleted: E:\MeghPiFw\MeghPIreports\RunID-25-08-25_12_27_44\screenshot\25-08-2025-122809.png
Deleted: E:\MeghPiFw\MeghPIreports\RunID-25-08-25_12_27_44\screenshot\25-08-2025-122811.png
Deleted: E:\MeghPiFw\MeghPIreports\RunID-25-08-25_12_27_44\screenshot\25-08-2025-122814.png
Deleted: E:\MeghPiFw\MeghPIreports\RunID-25-08-25_12_27_44\screenshot\25-08-2025-122816.png
Deleted: E:\MeghPiFw\MeghPIreports\RunID-25-08-25_12_27_44\screenshot\25-08-2025-122818.png
Deleted: E:\MeghPiFw\MeghPIreports\RunID-25-08-25_12_27_44\screenshot\25-08-2025-122822.png
Deleted: E:\MeghPiFw\MeghPIreports\RunID-25-08-25_12_27_44\screenshot\25-08-2025-122827.png
Deleted: E:\MeghPiFw\MeghPIreports\RunID-25-08-25_12_27_44\screenshot\25-08-2025-122829.png
Deleted: E:\MeghPiFw\MeghPIreports\RunID-25-08-25_12_27_44\screenshot\25-08-2025-122831.png
Deleted: E:\MeghPiFw\MeghPIreports\RunID-25-08-25_12_27_44\screenshot\25-08-2025-122833.png
Deleted: E:\MeghPiFw\MeghPIreports\RunID-25-08-25_12_27_44\screenshot\25-08-2025-122839.png
Deleted: E:\MeghPiFw\MeghPIreports\RunID-25-08-25_12_27_44\screenshot\25-08-2025-122845.png
Deleted: E:\MeghPiFw\MeghPIreports\RunID-25-08-25_12_27_44\screenshot\25-08-2025-122847.png
Deleted: E:\MeghPiFw\MeghPIreports\RunID-25-08-25_12_27_44\screenshot\25-08-2025-122849.png
Deleted: E:\MeghPiFw\MeghPIreports\RunID-25-08-25_12_27_44\screenshot\25-08-2025-122855.png
Deleted: E:\MeghPiFw\MeghPIreports\RunID-25-08-25_12_27_44\screenshot\25-08-2025-122857.png
Deleted: E:\MeghPiFw\MeghPIreports\RunID-25-08-25_12_27_44\screenshot\25-08-2025-122859.png
Deleted: E:\MeghPiFw\MeghPIreports\RunID-25-08-25_12_27_44\screenshot\25-08-2025-122901.png
Deleted: E:\MeghPiFw\MeghPIreports\RunID-25-08-25_12_27_44\screenshot\25-08-2025-122904.png
Deleted: E:\MeghPiFw\MeghPIreports\RunID-25-08-25_12_27_44\screenshot\25-08-2025-122909.png
Deleted: E:\MeghPiFw\MeghPIreports\RunID-25-08-25_12_27_44\screenshot\25-08-2025-122915.png
Deleted: E:\MeghPiFw\MeghPIreports\RunID-25-08-25_12_27_44\screenshot\25-08-2025-122918.png
Deleted: E:\MeghPiFw\MeghPIreports\RunID-25-08-25_12_27_44\screenshot\25-08-2025-122924.png
Deleted: E:\MeghPiFw\MeghPIreports\RunID-25-08-25_12_27_44\screenshot\25-08-2025-122926.png
Deleted: E:\MeghPiFw\MeghPIreports\RunID-25-08-25_12_27_44\screenshot\25-08-2025-122929.png
Deleted: E:\MeghPiFw\MeghPIreports\RunID-25-08-25_12_27_44\screenshot\25-08-2025-122935.png
Deleted: E:\MeghPiFw\MeghPIreports\RunID-25-08-25_12_27_44\screenshot\25-08-2025-122937.png
Deleted: E:\MeghPiFw\MeghPIreports\RunID-25-08-25_12_27_44\screenshot\25-08-2025-122943.png
Deleted: E:\MeghPiFw\MeghPIreports\RunID-25-08-25_12_27_44\screenshot\25-08-2025-122946.png
Deleted: E:\MeghPiFw\MeghPIreports\RunID-25-08-25_12_27_44\screenshot\25-08-2025-122948.png
Deleted: E:\MeghPiFw\MeghPIreports\RunID-25-08-25_12_27_44\screenshot\25-08-2025-122950.png
Deleted: E:\MeghPiFw\MeghPIreports\RunID-25-08-25_12_27_44\screenshot\25-08-2025-122952.png
Deleted: E:\MeghPiFw\MeghPIreports\RunID-25-08-25_12_27_44\screenshot\25-08-2025-122955.png
Deleted: E:\MeghPiFw\MeghPIreports\RunID-25-08-25_12_27_44\screenshot\25-08-2025-122957.png
Deleted: E:\MeghPiFw\MeghPIreports\RunID-25-08-25_12_27_44\screenshot\25-08-2025-122959.png
Deleted: E:\MeghPiFw\MeghPIreports\RunID-25-08-25_12_27_44\screenshot\25-08-2025-123003.png
Deleted: E:\MeghPiFw\MeghPIreports\RunID-25-08-25_12_27_44\screenshot\25-08-2025-123008.png
Deleted: E:\MeghPiFw\MeghPIreports\RunID-25-08-25_12_27_44\screenshot\25-08-2025-123020.png
Deleted: E:\MeghPiFw\MeghPIreports\RunID-25-08-25_12_27_44\screenshot\25-08-2025-123022.png
Deleted: E:\MeghPiFw\MeghPIreports\RunID-25-08-25_12_27_44\screenshot\25-08-2025-123028.png
Deleted: E:\MeghPiFw\MeghPIreports\RunID-25-08-25_12_27_44\screenshot\25-08-2025-123034.png
Deleted: E:\MeghPiFw\MeghPIreports\RunID-25-08-25_12_27_44\screenshot\25-08-2025-123036.png
Deleted: E:\MeghPiFw\MeghPIreports\RunID-25-08-25_12_42_06\AllReports.html
Deleted: E:\MeghPiFw\MeghPIreports\RunID-25-08-25_12_42_06\chromeMeghLeaveTest-Logs.txt
Deleted: E:\MeghPiFw\MeghPIreports\RunID-25-08-25_12_42_06\chromeMeghLeaveTest.html
Deleted: E:\MeghPiFw\MeghPIreports\RunID-25-08-25_12_42_06\Dashboard.html
Deleted: E:\MeghPiFw\MeghPIreports\RunID-25-08-25_12_42_06\screenshot\25-08-2025-124209.png
Deleted: E:\MeghPiFw\MeghPIreports\RunID-25-08-25_12_42_06\screenshot\25-08-2025-124216.png
Deleted: E:\MeghPiFw\MeghPIreports\RunID-25-08-25_12_42_06\screenshot\25-08-2025-124218.png
Deleted: E:\MeghPiFw\MeghPIreports\RunID-25-08-25_12_42_06\screenshot\25-08-2025-124224.png
Deleted: E:\MeghPiFw\MeghPIreports\RunID-25-08-25_12_42_06\screenshot\25-08-2025-124226.png
Deleted: E:\MeghPiFw\MeghPIreports\RunID-25-08-25_12_42_06\screenshot\25-08-2025-124229.png
Deleted: E:\MeghPiFw\MeghPIreports\RunID-25-08-25_12_42_06\screenshot\25-08-2025-124231.png
Deleted: E:\MeghPiFw\MeghPIreports\RunID-25-08-25_12_42_06\screenshot\25-08-2025-124233.png
Deleted: E:\MeghPiFw\MeghPIreports\RunID-25-08-25_12_42_06\screenshot\25-08-2025-124236.png
Deleted: E:\MeghPiFw\MeghPIreports\RunID-25-08-25_12_42_06\screenshot\25-08-2025-124238.png
Deleted: E:\MeghPiFw\MeghPIreports\RunID-25-08-25_12_42_06\screenshot\25-08-2025-124240.png
Deleted: E:\MeghPiFw\MeghPIreports\RunID-25-08-25_12_42_06\screenshot\25-08-2025-124245.png
Deleted: E:\MeghPiFw\MeghPIreports\RunID-25-08-25_12_42_06\screenshot\25-08-2025-124249.png
Deleted: E:\MeghPiFw\MeghPIreports\RunID-25-08-25_12_42_06\screenshot\25-08-2025-124251.png
Deleted: E:\MeghPiFw\MeghPIreports\RunID-25-08-25_12_42_06\screenshot\25-08-2025-124253.png
Deleted: E:\MeghPiFw\MeghPIreports\RunID-25-08-25_12_42_06\screenshot\25-08-2025-124256.png
Deleted: E:\MeghPiFw\MeghPIreports\RunID-25-08-25_12_42_06\screenshot\25-08-2025-124258.png
Deleted: E:\MeghPiFw\MeghPIreports\RunID-25-08-25_12_42_06\screenshot\25-08-2025-124300.png
Deleted: E:\MeghPiFw\MeghPIreports\RunID-25-08-25_12_42_06\screenshot\25-08-2025-124305.png
Deleted: E:\MeghPiFw\MeghPIreports\RunID-25-08-25_12_42_06\screenshot\25-08-2025-124312.png
Deleted: E:\MeghPiFw\MeghPIreports\RunID-25-08-25_12_42_06\screenshot\25-08-2025-124314.png
Deleted: E:\MeghPiFw\MeghPIreports\RunID-25-08-25_12_42_06\screenshot\25-08-2025-124319.png
Deleted: E:\MeghPiFw\MeghPIreports\RunID-25-08-25_12_42_06\screenshot\25-08-2025-124325.png
Deleted: E:\MeghPiFw\MeghPIreports\RunID-25-08-25_12_42_06\screenshot\25-08-2025-124328.png
Deleted: E:\MeghPiFw\MeghPIreports\RunID-25-08-25_12_42_06\screenshot\25-08-2025-124335.png
Deleted: E:\MeghPiFw\MeghPIreports\RunID-25-08-25_12_42_06\screenshot\25-08-2025-124347.png
Deleted: E:\MeghPiFw\MeghPIreports\RunID-25-08-25_12_42_06\screenshot\25-08-2025-124350.png
Deleted: E:\MeghPiFw\MeghPIreports\RunID-25-08-25_12_42_06\screenshot\25-08-2025-124354.png
Deleted: E:\MeghPiFw\MeghPIreports\RunID-25-08-25_12_42_06\screenshot\25-08-2025-124401.png
Deleted: E:\MeghPiFw\MeghPIreports\RunID-25-08-25_12_42_06\screenshot\25-08-2025-124407.png
Deleted: E:\MeghPiFw\MeghPIreports\RunID-25-08-25_12_42_06\screenshot\25-08-2025-124410.png
Deleted: E:\MeghPiFw\MeghPIreports\RunID-25-08-25_13_49_54\AllReports.html
Deleted: E:\MeghPiFw\MeghPIreports\RunID-25-08-25_13_49_54\chromeMeghLeaveTest-Logs.txt
Deleted: E:\MeghPiFw\MeghPIreports\RunID-25-08-25_13_49_54\chromeMeghLeaveTest.html
Deleted: E:\MeghPiFw\MeghPIreports\RunID-25-08-25_13_49_54\Dashboard.html
Deleted: E:\MeghPiFw\MeghPIreports\RunID-25-08-25_13_49_54\screenshot\25-08-2025-015003.png
Deleted: E:\MeghPiFw\MeghPIreports\RunID-25-08-25_13_49_54\screenshot\25-08-2025-015009.png
Deleted: E:\MeghPiFw\MeghPIreports\RunID-25-08-25_13_49_54\screenshot\25-08-2025-015011.png
Deleted: E:\MeghPiFw\MeghPIreports\RunID-25-08-25_13_49_54\screenshot\25-08-2025-015018.png
Deleted: E:\MeghPiFw\MeghPIreports\RunID-25-08-25_13_49_54\screenshot\25-08-2025-015020.png
Deleted: E:\MeghPiFw\MeghPIreports\RunID-25-08-25_13_49_54\screenshot\25-08-2025-015022.png
Deleted: E:\MeghPiFw\MeghPIreports\RunID-25-08-25_13_49_54\screenshot\25-08-2025-015024.png
Deleted: E:\MeghPiFw\MeghPIreports\RunID-25-08-25_13_49_54\screenshot\25-08-2025-015027.png
Deleted: E:\MeghPiFw\MeghPIreports\RunID-25-08-25_13_49_54\screenshot\25-08-2025-015044.png
Deleted: E:\MeghPiFw\MeghPIreports\RunID-25-08-25_13_49_54\screenshot\25-08-2025-015046.png
Deleted: E:\MeghPiFw\MeghPIreports\RunID-25-08-25_13_49_54\screenshot\25-08-2025-015049.png
Deleted: E:\MeghPiFw\MeghPIreports\RunID-25-08-25_13_49_54\screenshot\25-08-2025-015053.png
Deleted: E:\MeghPiFw\MeghPIreports\RunID-25-08-25_13_49_54\screenshot\25-08-2025-015057.png
Deleted: E:\MeghPiFw\MeghPIreports\RunID-25-08-25_13_49_54\screenshot\25-08-2025-015105.png
Deleted: E:\MeghPiFw\MeghPIreports\RunID-25-08-25_13_49_54\screenshot\25-08-2025-015112.png
Deleted: E:\MeghPiFw\MeghPIreports\RunID-25-08-25_13_49_54\screenshot\25-08-2025-015114.png
Deleted: E:\MeghPiFw\MeghPIreports\RunID-25-08-25_13_49_54\screenshot\25-08-2025-015123.png
Deleted: E:\MeghPiFw\MeghPIreports\RunID-25-08-25_13_49_54\screenshot\25-08-2025-015125.png
Deleted: E:\MeghPiFw\MeghPIreports\RunID-25-08-25_13_49_54\screenshot\25-08-2025-015133.png
Deleted: E:\MeghPiFw\MeghPIreports\RunID-25-08-25_13_49_54\screenshot\25-08-2025-015135.png
Deleted: E:\MeghPiFw\MeghPIreports\RunID-25-08-25_16_13_03\AllReports.html
Deleted: E:\MeghPiFw\MeghPIreports\RunID-25-08-25_16_13_03\chromeMeghLeaveTest-Logs.txt
Deleted: E:\MeghPiFw\MeghPIreports\RunID-25-08-25_16_13_03\chromeMeghLeaveTest.html
Deleted: E:\MeghPiFw\MeghPIreports\RunID-25-08-25_16_13_03\Dashboard.html
Deleted: E:\MeghPiFw\MeghPIreports\RunID-25-08-25_16_13_03\screenshot\25-08-2025-041308.png
Deleted: E:\MeghPiFw\MeghPIreports\RunID-25-08-25_16_13_03\screenshot\25-08-2025-041314.png
Deleted: E:\MeghPiFw\MeghPIreports\RunID-25-08-25_16_13_03\screenshot\25-08-2025-041316.png
Deleted: E:\MeghPiFw\MeghPIreports\RunID-25-08-25_16_13_03\screenshot\25-08-2025-041322.png
Deleted: E:\MeghPiFw\MeghPIreports\RunID-25-08-25_16_13_03\screenshot\25-08-2025-041325.png
Deleted: E:\MeghPiFw\MeghPIreports\RunID-25-08-25_16_13_03\screenshot\25-08-2025-041327.png
Deleted: E:\MeghPiFw\MeghPIreports\RunID-25-08-25_16_13_03\screenshot\25-08-2025-041329.png
Deleted: E:\MeghPiFw\MeghPIreports\RunID-25-08-25_16_13_03\screenshot\25-08-2025-041331.png
Deleted: E:\MeghPiFw\MeghPIreports\RunID-25-08-25_16_13_03\screenshot\25-08-2025-041334.png
Deleted: E:\MeghPiFw\MeghPIreports\RunID-25-08-25_16_13_03\screenshot\25-08-2025-041336.png
Deleted: E:\MeghPiFw\MeghPIreports\RunID-25-08-25_16_13_03\screenshot\25-08-2025-041339.png
Deleted: E:\MeghPiFw\MeghPIreports\RunID-25-08-25_16_13_03\screenshot\25-08-2025-041343.png
Deleted: E:\MeghPiFw\MeghPIreports\RunID-25-08-25_16_13_03\screenshot\25-08-2025-041347.png
Deleted: E:\MeghPiFw\MeghPIreports\RunID-25-08-25_16_13_03\screenshot\25-08-2025-041353.png
Deleted: E:\MeghPiFw\MeghPIreports\RunID-25-08-25_16_13_03\screenshot\25-08-2025-041356.png
Deleted: E:\MeghPiFw\MeghPIreports\RunID-25-08-25_16_13_03\screenshot\25-08-2025-041408.png
Deleted: E:\MeghPiFw\MeghPIreports\RunID-25-08-25_16_13_03\screenshot\25-08-2025-041410.png
Deleted: E:\MeghPiFw\MeghPIreports\RunID-25-08-25_16_13_03\screenshot\25-08-2025-041423.png
Deleted: E:\MeghPiFw\MeghPIreports\RunID-25-08-25_16_13_03\screenshot\25-08-2025-041429.png
Deleted: E:\MeghPiFw\MeghPIreports\RunID-25-08-25_16_13_03\screenshot\25-08-2025-041431.png
Deleted: E:\MeghPiFw\MeghPIreports\RunID-25-08-25_16_13_03\screenshot\25-08-2025-041433.png
Deleted: E:\MeghPiFw\MeghPIreports\RunID-25-08-25_16_13_03\screenshot\25-08-2025-041436.png
Deleted: E:\MeghPiFw\MeghPIreports\RunID-25-08-25_16_13_03\screenshot\25-08-2025-041442.png
Deleted: E:\MeghPiFw\MeghPIreports\RunID-25-08-25_16_13_03\screenshot\25-08-2025-041446.png
Deleted: E:\MeghPiFw\MeghPIreports\RunID-25-08-25_16_13_03\screenshot\25-08-2025-041449.png
Deleted: E:\MeghPiFw\MeghPIreports\RunID-25-08-25_16_13_03\screenshot\25-08-2025-041457.png
Deleted: E:\MeghPiFw\MeghPIreports\RunID-25-08-25_16_13_03\screenshot\25-08-2025-041503.png
Deleted: E:\MeghPiFw\MeghPIreports\RunID-25-08-25_16_13_03\screenshot\25-08-2025-041507.png
Deleted: E:\MeghPiFw\MeghPIreports\RunID-25-08-25_16_16_53\AllReports.html
Deleted: E:\MeghPiFw\MeghPIreports\RunID-25-08-25_16_16_53\chromeMeghLeaveTest-Logs.txt
Deleted: E:\MeghPiFw\MeghPIreports\RunID-25-08-25_16_16_53\chromeMeghLeaveTest.html
Deleted: E:\MeghPiFw\MeghPIreports\RunID-25-08-25_16_16_53\Dashboard.html
Deleted: E:\MeghPiFw\MeghPIreports\RunID-25-08-25_16_16_53\screenshot\25-08-2025-041656.png
Deleted: E:\MeghPiFw\MeghPIreports\RunID-25-08-25_16_16_53\screenshot\25-08-2025-041703.png
Deleted: E:\MeghPiFw\MeghPIreports\RunID-25-08-25_16_16_53\screenshot\25-08-2025-041705.png
Deleted: E:\MeghPiFw\MeghPIreports\RunID-25-08-25_16_16_53\screenshot\25-08-2025-041711.png
Deleted: E:\MeghPiFw\MeghPIreports\RunID-25-08-25_16_16_53\screenshot\25-08-2025-041713.png
Deleted: E:\MeghPiFw\MeghPIreports\RunID-25-08-25_16_16_53\screenshot\25-08-2025-041716.png
Deleted: E:\MeghPiFw\MeghPIreports\RunID-25-08-25_16_16_53\screenshot\25-08-2025-041718.png
Deleted: E:\MeghPiFw\MeghPIreports\RunID-25-08-25_16_16_53\screenshot\25-08-2025-041720.png
Deleted: E:\MeghPiFw\MeghPIreports\RunID-25-08-25_16_16_53\screenshot\25-08-2025-041722.png
Deleted: E:\MeghPiFw\MeghPIreports\RunID-25-08-25_16_16_53\screenshot\25-08-2025-041725.png
Deleted: E:\MeghPiFw\MeghPIreports\RunID-25-08-25_16_16_53\screenshot\25-08-2025-041727.png
Deleted: E:\MeghPiFw\MeghPIreports\RunID-25-08-25_16_16_53\screenshot\25-08-2025-041731.png
Deleted: E:\MeghPiFw\MeghPIreports\RunID-25-08-25_16_16_53\screenshot\25-08-2025-041735.png
Deleted: E:\MeghPiFw\MeghPIreports\RunID-25-08-25_16_16_53\screenshot\25-08-2025-041742.png
Deleted: E:\MeghPiFw\MeghPIreports\RunID-25-08-25_16_16_53\screenshot\25-08-2025-041744.png
Deleted: E:\MeghPiFw\MeghPIreports\RunID-25-08-25_16_16_53\screenshot\25-08-2025-041756.png
Deleted: E:\MeghPiFw\MeghPIreports\RunID-25-08-25_16_16_53\screenshot\25-08-2025-041759.png
Deleted: E:\MeghPiFw\MeghPIreports\RunID-25-08-25_16_16_53\screenshot\25-08-2025-041811.png
Deleted: E:\MeghPiFw\MeghPIreports\RunID-25-08-25_16_16_53\screenshot\25-08-2025-041817.png
Deleted: E:\MeghPiFw\MeghPIreports\RunID-25-08-25_16_16_53\screenshot\25-08-2025-041820.png
Deleted: E:\MeghPiFw\MeghPIreports\RunID-25-08-25_16_16_53\screenshot\25-08-2025-041822.png
Deleted: E:\MeghPiFw\MeghPIreports\RunID-25-08-25_16_16_53\screenshot\25-08-2025-041824.png
Deleted: E:\MeghPiFw\MeghPIreports\RunID-25-08-25_16_16_53\screenshot\25-08-2025-041830.png
Deleted: E:\MeghPiFw\MeghPIreports\RunID-25-08-25_16_16_53\screenshot\25-08-2025-041835.png
Deleted: E:\MeghPiFw\MeghPIreports\RunID-25-08-25_16_16_53\screenshot\25-08-2025-041837.png
Deleted: E:\MeghPiFw\MeghPIreports\RunID-25-08-25_16_16_53\screenshot\25-08-2025-041845.png
Deleted: E:\MeghPiFw\MeghPIreports\RunID-25-08-25_16_16_53\screenshot\25-08-2025-041852.png
Deleted: E:\MeghPiFw\MeghPIreports\RunID-25-08-25_16_16_53\screenshot\25-08-2025-041856.png
Deleted: E:\MeghPiFw\MeghPIreports\RunID-25-08-25_16_22_23\json\chromeMeghLeaveTest.json
Deleted: E:\MeghPiFw\MeghPIreports\RunID-25-08-25_16_22_23\chromeMeghLeaveTest-Logs.txt
Deleted: E:\MeghPiFw\MeghPIreports\RunID-25-08-25_16_22_23\chromeMeghLeaveTest-Logs.txt.lck
Deleted: E:\MeghPiFw\MeghPIreports\RunID-25-08-25_16_22_23\chromeMeghLeaveTest.html
Deleted: E:\MeghPiFw\MeghPIreports\RunID-25-08-25_16_22_23\screenshot\25-08-2025-042227.png
Deleted: E:\MeghPiFw\MeghPIreports\RunID-25-08-25_16_22_23\screenshot\25-08-2025-042234.png
Deleted: E:\MeghPiFw\MeghPIreports\RunID-25-08-25_16_22_23\screenshot\25-08-2025-042236.png
Deleted: E:\MeghPiFw\MeghPIreports\RunID-25-08-25_16_22_23\screenshot\25-08-2025-042242.png
Deleted: E:\MeghPiFw\MeghPIreports\RunID-25-08-25_16_22_23\screenshot\25-08-2025-042244.png
Deleted: E:\MeghPiFw\MeghPIreports\RunID-25-08-25_16_22_23\screenshot\25-08-2025-042247.png
Deleted: E:\MeghPiFw\MeghPIreports\RunID-25-08-25_16_22_23\screenshot\25-08-2025-042249.png
Deleted: E:\MeghPiFw\MeghPIreports\RunID-25-08-25_16_22_23\screenshot\25-08-2025-042251.png
Deleted: E:\MeghPiFw\MeghPIreports\RunID-25-08-25_16_22_23\screenshot\25-08-2025-042254.png
Deleted: E:\MeghPiFw\MeghPIreports\RunID-25-08-25_16_22_23\screenshot\25-08-2025-042256.png
Deleted: E:\MeghPiFw\MeghPIreports\RunID-25-08-25_16_22_23\screenshot\25-08-2025-042258.png
Deleted: E:\MeghPiFw\MeghPIreports\RunID-25-08-25_16_22_23\screenshot\25-08-2025-042302.png
Deleted: E:\MeghPiFw\MeghPIreports\RunID-25-08-25_16_22_23\screenshot\25-08-2025-042307.png
Deleted: E:\MeghPiFw\MeghPIreports\RunID-25-08-25_16_22_23\screenshot\25-08-2025-042313.png
Deleted: E:\MeghPiFw\MeghPIreports\RunID-25-08-25_16_22_23\screenshot\25-08-2025-042319.png
Deleted: E:\MeghPiFw\MeghPIreports\RunID-25-08-25_16_22_23\screenshot\25-08-2025-042323.png
Deleted: E:\MeghPiFw\MeghPIreports\RunID-25-08-25_16_22_23\screenshot\25-08-2025-042335.png
Deleted: E:\MeghPiFw\MeghPIreports\RunID-25-08-25_16_22_23\screenshot\25-08-2025-042337.png
Deleted: E:\MeghPiFw\MeghPIreports\RunID-25-08-25_16_30_38\AllReports.html
Deleted: E:\MeghPiFw\MeghPIreports\RunID-25-08-25_16_30_38\chromeMeghLeaveTest-Logs.txt
Deleted: E:\MeghPiFw\MeghPIreports\RunID-25-08-25_16_30_38\chromeMeghLeaveTest.html
Deleted: E:\MeghPiFw\MeghPIreports\RunID-25-08-25_16_30_38\Dashboard.html
Deleted: E:\MeghPiFw\MeghPIreports\RunID-25-08-25_16_30_38\screenshot\25-08-2025-043041.png
Deleted: E:\MeghPiFw\MeghPIreports\RunID-25-08-25_16_30_38\screenshot\25-08-2025-043048.png
Deleted: E:\MeghPiFw\MeghPIreports\RunID-25-08-25_16_30_38\screenshot\25-08-2025-043050.png
Deleted: E:\MeghPiFw\MeghPIreports\RunID-25-08-25_16_30_38\screenshot\25-08-2025-043056.png
Deleted: E:\MeghPiFw\MeghPIreports\RunID-25-08-25_16_30_38\screenshot\25-08-2025-043058.png
Deleted: E:\MeghPiFw\MeghPIreports\RunID-25-08-25_16_30_38\screenshot\25-08-2025-043101.png
Deleted: E:\MeghPiFw\MeghPIreports\RunID-25-08-25_16_30_38\screenshot\25-08-2025-043103.png
Deleted: E:\MeghPiFw\MeghPIreports\RunID-25-08-25_16_30_38\screenshot\25-08-2025-043105.png
Deleted: E:\MeghPiFw\MeghPIreports\RunID-25-08-25_16_30_38\screenshot\25-08-2025-043108.png
Deleted: E:\MeghPiFw\MeghPIreports\RunID-25-08-25_16_30_38\screenshot\25-08-2025-043110.png
Deleted: E:\MeghPiFw\MeghPIreports\RunID-25-08-25_16_30_38\screenshot\25-08-2025-043112.png
Deleted: E:\MeghPiFw\MeghPIreports\RunID-25-08-25_16_30_38\screenshot\25-08-2025-043117.png
Deleted: E:\MeghPiFw\MeghPIreports\RunID-25-08-25_16_30_38\screenshot\25-08-2025-043121.png
Deleted: E:\MeghPiFw\MeghPIreports\RunID-25-08-25_16_30_38\screenshot\25-08-2025-043127.png
Deleted: E:\MeghPiFw\MeghPIreports\RunID-25-08-25_16_30_38\screenshot\25-08-2025-043129.png
Deleted: E:\MeghPiFw\MeghPIreports\RunID-25-08-25_16_30_38\screenshot\25-08-2025-043132.png
Deleted: E:\MeghPiFw\MeghPIreports\RunID-25-08-25_16_30_38\screenshot\25-08-2025-043134.png
Deleted: E:\MeghPiFw\MeghPIreports\RunID-25-08-25_16_30_38\screenshot\25-08-2025-043136.png
Deleted: E:\MeghPiFw\MeghPIreports\RunID-25-08-25_16_30_38\screenshot\25-08-2025-043138.png
Deleted: E:\MeghPiFw\MeghPIreports\RunID-25-08-25_16_30_38\screenshot\25-08-2025-043141.png
Deleted: E:\MeghPiFw\MeghPIreports\RunID-25-08-25_16_30_38\screenshot\25-08-2025-043147.png
Deleted: E:\MeghPiFw\MeghPIreports\RunID-25-08-25_16_30_38\screenshot\25-08-2025-043149.png
Deleted: E:\MeghPiFw\MeghPIreports\RunID-25-08-25_16_30_38\screenshot\25-08-2025-043152.png
Deleted: E:\MeghPiFw\MeghPIreports\RunID-25-08-25_16_30_38\screenshot\25-08-2025-043154.png
Deleted: E:\MeghPiFw\MeghPIreports\RunID-25-08-25_16_30_38\screenshot\25-08-2025-043200.png
Deleted: E:\MeghPiFw\MeghPIreports\RunID-25-08-25_16_30_38\screenshot\25-08-2025-043204.png
Deleted: E:\MeghPiFw\MeghPIreports\RunID-25-08-25_16_30_38\screenshot\25-08-2025-043207.png
Deleted: E:\MeghPiFw\MeghPIreports\RunID-25-08-25_16_30_38\screenshot\25-08-2025-043215.png
Deleted: E:\MeghPiFw\MeghPIreports\RunID-25-08-25_16_30_38\screenshot\25-08-2025-043221.png
Deleted: E:\MeghPiFw\MeghPIreports\RunID-25-08-25_16_30_38\screenshot\25-08-2025-043225.png
Deleted: E:\MeghPiFw\MeghPIreports\RunID-25-08-25_16_43_31\AllReports.html
Deleted: E:\MeghPiFw\MeghPIreports\RunID-25-08-25_16_43_31\chromeMeghLeaveTest-Logs.txt
Deleted: E:\MeghPiFw\MeghPIreports\RunID-25-08-25_16_43_31\chromeMeghLeaveTest.html
Deleted: E:\MeghPiFw\MeghPIreports\RunID-25-08-25_16_43_31\Dashboard.html
Deleted: E:\MeghPiFw\MeghPIreports\RunID-25-08-25_16_43_31\screenshot\25-08-2025-044335.png
Deleted: E:\MeghPiFw\MeghPIreports\RunID-25-08-25_16_43_31\screenshot\25-08-2025-044341.png
Deleted: E:\MeghPiFw\MeghPIreports\RunID-25-08-25_16_43_31\screenshot\25-08-2025-044343.png
Deleted: E:\MeghPiFw\MeghPIreports\RunID-25-08-25_16_43_31\screenshot\25-08-2025-044349.png
Deleted: E:\MeghPiFw\MeghPIreports\RunID-25-08-25_16_43_31\screenshot\25-08-2025-044352.png
Deleted: E:\MeghPiFw\MeghPIreports\RunID-25-08-25_16_43_31\screenshot\25-08-2025-044354.png
Deleted: E:\MeghPiFw\MeghPIreports\RunID-25-08-25_16_43_31\screenshot\25-08-2025-044356.png
Deleted: E:\MeghPiFw\MeghPIreports\RunID-25-08-25_16_43_31\screenshot\25-08-2025-044358.png
Deleted: E:\MeghPiFw\MeghPIreports\RunID-25-08-25_16_43_31\screenshot\25-08-2025-044401.png
Deleted: E:\MeghPiFw\MeghPIreports\RunID-25-08-25_16_43_31\screenshot\25-08-2025-044403.png
Deleted: E:\MeghPiFw\MeghPIreports\RunID-25-08-25_16_43_31\screenshot\25-08-2025-044406.png
Deleted: E:\MeghPiFw\MeghPIreports\RunID-25-08-25_16_43_31\screenshot\25-08-2025-044410.png
Deleted: E:\MeghPiFw\MeghPIreports\RunID-25-08-25_16_43_31\screenshot\25-08-2025-044414.png
Deleted: E:\MeghPiFw\MeghPIreports\RunID-25-08-25_16_43_31\screenshot\25-08-2025-044420.png
Deleted: E:\MeghPiFw\MeghPIreports\RunID-25-08-25_16_43_31\screenshot\25-08-2025-044423.png
Deleted: E:\MeghPiFw\MeghPIreports\RunID-25-08-25_16_43_31\screenshot\25-08-2025-044425.png
Deleted: E:\MeghPiFw\MeghPIreports\RunID-25-08-25_16_43_31\screenshot\25-08-2025-044427.png
Deleted: E:\MeghPiFw\MeghPIreports\RunID-25-08-25_16_43_31\screenshot\25-08-2025-044429.png
Deleted: E:\MeghPiFw\MeghPIreports\RunID-25-08-25_16_43_31\screenshot\25-08-2025-044432.png
Deleted: E:\MeghPiFw\MeghPIreports\RunID-25-08-25_16_43_31\screenshot\25-08-2025-044434.png
Deleted: E:\MeghPiFw\MeghPIreports\RunID-25-08-25_16_43_31\screenshot\25-08-2025-044440.png
Deleted: E:\MeghPiFw\MeghPIreports\RunID-25-08-25_16_43_31\screenshot\25-08-2025-044442.png
Deleted: E:\MeghPiFw\MeghPIreports\RunID-25-08-25_16_43_31\screenshot\25-08-2025-044445.png
Deleted: E:\MeghPiFw\MeghPIreports\RunID-25-08-25_16_43_31\screenshot\25-08-2025-044447.png
Deleted: E:\MeghPiFw\MeghPIreports\RunID-25-08-25_16_43_31\screenshot\25-08-2025-044453.png
Deleted: E:\MeghPiFw\MeghPIreports\RunID-25-08-25_16_43_31\screenshot\25-08-2025-044458.png
Deleted: E:\MeghPiFw\MeghPIreports\RunID-25-08-25_16_43_31\screenshot\25-08-2025-044500.png
Deleted: E:\MeghPiFw\MeghPIreports\RunID-25-08-25_16_43_31\screenshot\25-08-2025-044508.png
Deleted: E:\MeghPiFw\MeghPIreports\RunID-25-08-25_16_43_31\screenshot\25-08-2025-044514.png
Deleted: E:\MeghPiFw\MeghPIreports\RunID-25-08-25_16_43_31\screenshot\25-08-2025-044519.png
Deleted: E:\MeghPiFw\MeghPIreports\RunID-25-08-25_17_34_20\AllReports.html
Deleted: E:\MeghPiFw\MeghPIreports\RunID-25-08-25_17_34_20\chromeMeghLeaveTest-Logs.txt
Deleted: E:\MeghPiFw\MeghPIreports\RunID-25-08-25_17_34_20\chromeMeghLeaveTest.html
Deleted: E:\MeghPiFw\MeghPIreports\RunID-25-08-25_17_34_20\Dashboard.html
Deleted: E:\MeghPiFw\MeghPIreports\RunID-25-08-25_17_34_20\screenshot\25-08-2025-053424.png
Deleted: E:\MeghPiFw\MeghPIreports\RunID-25-08-25_17_34_20\screenshot\25-08-2025-053430.png
Deleted: E:\MeghPiFw\MeghPIreports\RunID-25-08-25_17_34_20\screenshot\25-08-2025-053432.png
Deleted: E:\MeghPiFw\MeghPIreports\RunID-25-08-25_17_34_20\screenshot\25-08-2025-053439.png
Deleted: E:\MeghPiFw\MeghPIreports\RunID-25-08-25_17_34_20\screenshot\25-08-2025-053441.png
Deleted: E:\MeghPiFw\MeghPIreports\RunID-25-08-25_17_34_20\screenshot\25-08-2025-053443.png
Deleted: E:\MeghPiFw\MeghPIreports\RunID-25-08-25_17_34_20\screenshot\25-08-2025-053445.png
Deleted: E:\MeghPiFw\MeghPIreports\RunID-25-08-25_17_34_20\screenshot\25-08-2025-053448.png
Deleted: E:\MeghPiFw\MeghPIreports\RunID-25-08-25_17_34_20\screenshot\25-08-2025-053450.png
Deleted: E:\MeghPiFw\MeghPIreports\RunID-25-08-25_17_34_20\screenshot\25-08-2025-053452.png
Deleted: E:\MeghPiFw\MeghPIreports\RunID-25-08-25_17_34_20\screenshot\25-08-2025-053455.png
Deleted: E:\MeghPiFw\MeghPIreports\RunID-25-08-25_17_34_20\screenshot\25-08-2025-053459.png
Deleted: E:\MeghPiFw\MeghPIreports\RunID-25-08-25_17_34_20\screenshot\25-08-2025-053513.png
Deleted: E:\MeghPiFw\MeghPIreports\RunID-25-08-25_17_34_20\screenshot\25-08-2025-053521.png
Deleted: E:\MeghPiFw\MeghPIreports\RunID-25-08-25_17_34_20\screenshot\25-08-2025-053523.png
Deleted: E:\MeghPiFw\MeghPIreports\RunID-25-08-25_18_12_24\AllReports.html
Deleted: E:\MeghPiFw\MeghPIreports\RunID-25-08-25_18_12_24\chromeMeghLeaveTest-Logs.txt
Deleted: E:\MeghPiFw\MeghPIreports\RunID-25-08-25_18_12_24\chromeMeghLeaveTest.html
Deleted: E:\MeghPiFw\MeghPIreports\RunID-25-08-25_18_12_24\Dashboard.html
Deleted: E:\MeghPiFw\MeghPIreports\RunID-25-08-25_18_12_24\screenshot\25-08-2025-061228.png
Deleted: E:\MeghPiFw\MeghPIreports\RunID-25-08-25_18_12_24\screenshot\25-08-2025-061234.png
Deleted: E:\MeghPiFw\MeghPIreports\RunID-25-08-25_18_12_24\screenshot\25-08-2025-061237.png
Deleted: E:\MeghPiFw\MeghPIreports\RunID-25-08-25_18_12_24\screenshot\25-08-2025-061243.png
Deleted: E:\MeghPiFw\MeghPIreports\RunID-25-08-25_18_12_24\screenshot\25-08-2025-061245.png
Deleted: E:\MeghPiFw\MeghPIreports\RunID-25-08-25_18_12_24\screenshot\25-08-2025-061247.png
Deleted: E:\MeghPiFw\MeghPIreports\RunID-25-08-25_18_12_24\screenshot\25-08-2025-061250.png
Deleted: E:\MeghPiFw\MeghPIreports\RunID-25-08-25_18_12_24\screenshot\25-08-2025-061252.png
Deleted: E:\MeghPiFw\MeghPIreports\RunID-25-08-25_18_12_24\screenshot\25-08-2025-061254.png
Deleted: E:\MeghPiFw\MeghPIreports\RunID-25-08-25_18_12_24\screenshot\25-08-2025-061257.png
Deleted: E:\MeghPiFw\MeghPIreports\RunID-25-08-25_18_12_24\screenshot\25-08-2025-061259.png
Deleted: E:\MeghPiFw\MeghPIreports\RunID-25-08-25_18_12_24\screenshot\25-08-2025-061303.png
Deleted: E:\MeghPiFw\MeghPIreports\RunID-25-08-25_18_12_24\screenshot\25-08-2025-061322.png
Deleted: E:\MeghPiFw\MeghPIreports\RunID-25-08-25_18_12_24\screenshot\25-08-2025-061329.png
Deleted: E:\MeghPiFw\MeghPIreports\RunID-25-08-25_18_12_24\screenshot\25-08-2025-061331.png
Deleted: E:\MeghPiFw\MeghPIreports\RunID-25-08-25_18_14_32\AllReports.html
Deleted: E:\MeghPiFw\MeghPIreports\RunID-25-08-25_18_14_32\chromeMeghLeaveTest-Logs.txt
Deleted: E:\MeghPiFw\MeghPIreports\RunID-25-08-25_18_14_32\chromeMeghLeaveTest.html
Deleted: E:\MeghPiFw\MeghPIreports\RunID-25-08-25_18_14_32\Dashboard.html
Deleted: E:\MeghPiFw\MeghPIreports\RunID-25-08-25_18_14_32\screenshot\25-08-2025-061436.png
Deleted: E:\MeghPiFw\MeghPIreports\RunID-25-08-25_18_14_32\screenshot\25-08-2025-061443.png
Deleted: E:\MeghPiFw\MeghPIreports\RunID-25-08-25_18_14_32\screenshot\25-08-2025-061445.png
Deleted: E:\MeghPiFw\MeghPIreports\RunID-25-08-25_18_14_32\screenshot\25-08-2025-061451.png
Deleted: E:\MeghPiFw\MeghPIreports\RunID-25-08-25_18_14_32\screenshot\25-08-2025-061453.png
Deleted: E:\MeghPiFw\MeghPIreports\RunID-25-08-25_18_14_32\screenshot\25-08-2025-061456.png
Deleted: E:\MeghPiFw\MeghPIreports\RunID-25-08-25_18_14_32\screenshot\25-08-2025-061458.png
Deleted: E:\MeghPiFw\MeghPIreports\RunID-25-08-25_18_14_32\screenshot\25-08-2025-061500.png
Deleted: E:\MeghPiFw\MeghPIreports\RunID-25-08-25_18_14_32\screenshot\25-08-2025-061503.png
Deleted: E:\MeghPiFw\MeghPIreports\RunID-25-08-25_18_14_32\screenshot\25-08-2025-061505.png
Deleted: E:\MeghPiFw\MeghPIreports\RunID-25-08-25_18_14_32\screenshot\25-08-2025-061507.png
Deleted: E:\MeghPiFw\MeghPIreports\RunID-25-08-25_18_14_32\screenshot\25-08-2025-061512.png
Deleted: E:\MeghPiFw\MeghPIreports\RunID-25-08-25_18_14_32\screenshot\25-08-2025-061525.png
Deleted: E:\MeghPiFw\MeghPIreports\RunID-25-08-25_18_14_32\screenshot\25-08-2025-061532.png
Deleted: E:\MeghPiFw\MeghPIreports\RunID-25-08-25_18_14_32\screenshot\25-08-2025-061534.png
Deleted: E:\MeghPiFw\MeghPIreports\RunID-25-08-25_18_25_09\AllReports.html
Deleted: E:\MeghPiFw\MeghPIreports\RunID-25-08-25_18_25_09\chromeMeghLeaveTest-Logs.txt
Deleted: E:\MeghPiFw\MeghPIreports\RunID-25-08-25_18_25_09\chromeMeghLeaveTest.html
Deleted: E:\MeghPiFw\MeghPIreports\RunID-25-08-25_18_25_09\Dashboard.html
Deleted: E:\MeghPiFw\MeghPIreports\RunID-25-08-25_18_25_09\screenshot\25-08-2025-062513.png
Deleted: E:\MeghPiFw\MeghPIreports\RunID-25-08-25_18_25_09\screenshot\25-08-2025-062519.png
Deleted: E:\MeghPiFw\MeghPIreports\RunID-25-08-25_18_25_09\screenshot\25-08-2025-062522.png
Deleted: E:\MeghPiFw\MeghPIreports\RunID-25-08-25_18_25_09\screenshot\25-08-2025-062528.png
Deleted: E:\MeghPiFw\MeghPIreports\RunID-25-08-25_18_25_09\screenshot\25-08-2025-062530.png
Deleted: E:\MeghPiFw\MeghPIreports\RunID-25-08-25_18_25_09\screenshot\25-08-2025-062533.png
Deleted: E:\MeghPiFw\MeghPIreports\RunID-25-08-25_18_25_09\screenshot\25-08-2025-062537.png
Deleted: E:\MeghPiFw\MeghPIreports\RunID-25-08-25_18_25_09\screenshot\25-08-2025-062539.png
Deleted: E:\MeghPiFw\MeghPIreports\RunID-25-08-25_18_25_09\screenshot\25-08-2025-062542.png
Deleted: E:\MeghPiFw\MeghPIreports\RunID-25-08-25_18_25_09\screenshot\25-08-2025-062544.png
Deleted: E:\MeghPiFw\MeghPIreports\RunID-25-08-25_18_25_09\screenshot\25-08-2025-062546.png
Deleted: E:\MeghPiFw\MeghPIreports\RunID-25-08-25_18_25_09\screenshot\25-08-2025-062550.png
Deleted: E:\MeghPiFw\MeghPIreports\RunID-25-08-25_18_25_09\screenshot\25-08-2025-062604.png
Deleted: E:\MeghPiFw\MeghPIreports\RunID-25-08-25_18_25_09\screenshot\25-08-2025-062611.png
Deleted: E:\MeghPiFw\MeghPIreports\RunID-25-08-25_18_25_09\screenshot\25-08-2025-062613.png
Deleted: E:\MeghPiFw\MeghPIreports\RunID-25-08-25_18_41_25\AllReports.html
Deleted: E:\MeghPiFw\MeghPIreports\RunID-25-08-25_18_41_25\chromeMeghLeaveTest-Logs.txt
Deleted: E:\MeghPiFw\MeghPIreports\RunID-25-08-25_18_41_25\chromeMeghLeaveTest.html
Deleted: E:\MeghPiFw\MeghPIreports\RunID-25-08-25_18_41_25\Dashboard.html
Deleted: E:\MeghPiFw\MeghPIreports\RunID-25-08-25_18_41_25\screenshot\25-08-2025-064129.png
Deleted: E:\MeghPiFw\MeghPIreports\RunID-25-08-25_18_41_25\screenshot\25-08-2025-064136.png
Deleted: E:\MeghPiFw\MeghPIreports\RunID-25-08-25_18_41_25\screenshot\25-08-2025-064138.png
Deleted: E:\MeghPiFw\MeghPIreports\RunID-25-08-25_18_41_25\screenshot\25-08-2025-064145.png
Deleted: E:\MeghPiFw\MeghPIreports\RunID-25-08-25_18_41_25\screenshot\25-08-2025-064147.png
Deleted: E:\MeghPiFw\MeghPIreports\RunID-25-08-25_18_41_25\screenshot\25-08-2025-064149.png
Deleted: E:\MeghPiFw\MeghPIreports\RunID-25-08-25_18_41_25\screenshot\25-08-2025-064151.png
Deleted: E:\MeghPiFw\MeghPIreports\RunID-25-08-25_18_41_25\screenshot\25-08-2025-064154.png
Deleted: E:\MeghPiFw\MeghPIreports\RunID-25-08-25_18_41_25\screenshot\25-08-2025-064156.png
Deleted: E:\MeghPiFw\MeghPIreports\RunID-25-08-25_18_41_25\screenshot\25-08-2025-064158.png
Deleted: E:\MeghPiFw\MeghPIreports\RunID-25-08-25_18_41_25\screenshot\25-08-2025-064200.png
Deleted: E:\MeghPiFw\MeghPIreports\RunID-25-08-25_18_41_25\screenshot\25-08-2025-064205.png
Deleted: E:\MeghPiFw\MeghPIreports\RunID-25-08-25_18_41_25\screenshot\25-08-2025-064214.png
Deleted: E:\MeghPiFw\MeghPIreports\RunID-25-08-25_18_41_25\screenshot\25-08-2025-064221.png
Deleted: E:\MeghPiFw\MeghPIreports\RunID-25-08-25_18_41_25\screenshot\25-08-2025-064224.png
Deleted: E:\MeghPiFw\MeghPIreports\RunID-25-08-25_18_41_25\screenshot\25-08-2025-064231.png
Deleted: E:\MeghPiFw\MeghPIreports\RunID-25-08-25_18_41_25\screenshot\25-08-2025-064238.png
Deleted: E:\MeghPiFw\MeghPIreports\RunID-25-08-25_18_41_25\screenshot\25-08-2025-064241.png
Deleted: E:\MeghPiFw\MeghPIreports\RunID-25-08-25_18_41_25\screenshot\25-08-2025-064247.png
Deleted: E:\MeghPiFw\MeghPIreports\RunID-25-08-25_18_41_25\screenshot\25-08-2025-064249.png
Deleted: E:\MeghPiFw\MeghPIreports\RunID-25-08-25_18_41_25\screenshot\25-08-2025-064251.png
Deleted: E:\MeghPiFw\MeghPIreports\RunID-25-08-25_18_41_25\screenshot\25-08-2025-064254.png
Deleted: E:\MeghPiFw\MeghPIreports\RunID-25-08-25_18_41_25\screenshot\25-08-2025-064256.png
Deleted: E:\MeghPiFw\MeghPIreports\RunID-25-08-25_18_41_25\screenshot\25-08-2025-064258.png
Deleted: E:\MeghPiFw\MeghPIreports\RunID-25-08-25_18_41_25\screenshot\25-08-2025-064300.png
Deleted: E:\MeghPiFw\MeghPIreports\RunID-25-08-25_18_41_25\screenshot\25-08-2025-064303.png
Deleted: E:\MeghPiFw\MeghPIreports\RunID-25-08-25_18_41_25\screenshot\25-08-2025-064307.png
Deleted: E:\MeghPiFw\MeghPIreports\RunID-25-08-25_18_41_25\screenshot\25-08-2025-064312.png
Deleted: E:\MeghPiFw\MeghPIreports\RunID-25-08-25_18_41_25\screenshot\25-08-2025-064318.png
Deleted: E:\MeghPiFw\MeghPIreports\RunID-25-08-25_18_41_25\screenshot\25-08-2025-064321.png
Deleted: E:\MeghPiFw\MeghPIreports\RunID-25-08-25_18_46_38\AllReports.html
Deleted: E:\MeghPiFw\MeghPIreports\RunID-25-08-25_18_46_38\chromeMeghLeaveTest-Logs.txt
Deleted: E:\MeghPiFw\MeghPIreports\RunID-25-08-25_18_46_38\chromeMeghLeaveTest.html
Deleted: E:\MeghPiFw\MeghPIreports\RunID-25-08-25_18_46_38\Dashboard.html
Deleted: E:\MeghPiFw\MeghPIreports\RunID-25-08-25_18_46_38\screenshot\25-08-2025-064642.png
Deleted: E:\MeghPiFw\MeghPIreports\RunID-25-08-25_18_46_38\screenshot\25-08-2025-064648.png
Deleted: E:\MeghPiFw\MeghPIreports\RunID-25-08-25_18_46_38\screenshot\25-08-2025-064651.png
Deleted: E:\MeghPiFw\MeghPIreports\RunID-25-08-25_18_46_38\screenshot\25-08-2025-064657.png
Deleted: E:\MeghPiFw\MeghPIreports\RunID-25-08-25_18_46_38\screenshot\25-08-2025-064659.png
Deleted: E:\MeghPiFw\MeghPIreports\RunID-25-08-25_18_46_38\screenshot\25-08-2025-064701.png
Deleted: E:\MeghPiFw\MeghPIreports\RunID-25-08-25_18_46_38\screenshot\25-08-2025-064704.png
Deleted: E:\MeghPiFw\MeghPIreports\RunID-25-08-25_18_46_38\screenshot\25-08-2025-064706.png
Deleted: E:\MeghPiFw\MeghPIreports\RunID-25-08-25_18_46_38\screenshot\25-08-2025-064708.png
Deleted: E:\MeghPiFw\MeghPIreports\RunID-25-08-25_18_46_38\screenshot\25-08-2025-064710.png
Deleted: E:\MeghPiFw\MeghPIreports\RunID-25-08-25_18_46_38\screenshot\25-08-2025-064713.png
Deleted: E:\MeghPiFw\MeghPIreports\RunID-25-08-25_18_46_38\screenshot\25-08-2025-064717.png
Deleted: E:\MeghPiFw\MeghPIreports\RunID-25-08-25_18_46_38\screenshot\25-08-2025-064727.png
Deleted: E:\MeghPiFw\MeghPIreports\RunID-25-08-25_18_46_38\screenshot\25-08-2025-064735.png
Deleted: E:\MeghPiFw\MeghPIreports\RunID-25-08-25_18_46_38\screenshot\25-08-2025-064737.png
Deleted: E:\MeghPiFw\MeghPIreports\RunID-25-08-25_18_52_07\AllReports.html
Deleted: E:\MeghPiFw\MeghPIreports\RunID-25-08-25_18_52_07\chromeMeghLeaveTest-Logs.txt
Deleted: E:\MeghPiFw\MeghPIreports\RunID-25-08-25_18_52_07\chromeMeghLeaveTest.html
Deleted: E:\MeghPiFw\MeghPIreports\RunID-25-08-25_18_52_07\Dashboard.html
Deleted: E:\MeghPiFw\MeghPIreports\RunID-25-08-25_18_52_07\screenshot\25-08-2025-065211.png
Deleted: E:\MeghPiFw\MeghPIreports\RunID-25-08-25_18_52_07\screenshot\25-08-2025-065217.png
Deleted: E:\MeghPiFw\MeghPIreports\RunID-25-08-25_18_52_07\screenshot\25-08-2025-065219.png
Deleted: E:\MeghPiFw\MeghPIreports\RunID-25-08-25_18_52_07\screenshot\25-08-2025-065225.png
Deleted: E:\MeghPiFw\MeghPIreports\RunID-25-08-25_18_52_07\screenshot\25-08-2025-065228.png
Deleted: E:\MeghPiFw\MeghPIreports\RunID-25-08-25_18_52_07\screenshot\25-08-2025-065230.png
Deleted: E:\MeghPiFw\MeghPIreports\RunID-25-08-25_18_52_07\screenshot\25-08-2025-065232.png
Deleted: E:\MeghPiFw\MeghPIreports\RunID-25-08-25_18_52_07\screenshot\25-08-2025-065234.png
Deleted: E:\MeghPiFw\MeghPIreports\RunID-25-08-25_18_52_07\screenshot\25-08-2025-065237.png
Deleted: E:\MeghPiFw\MeghPIreports\RunID-25-08-25_18_52_07\screenshot\25-08-2025-065239.png
Deleted: E:\MeghPiFw\MeghPIreports\RunID-25-08-25_18_52_07\screenshot\25-08-2025-065241.png
Deleted: E:\MeghPiFw\MeghPIreports\RunID-25-08-25_18_52_07\screenshot\25-08-2025-065245.png
Deleted: E:\MeghPiFw\MeghPIreports\RunID-25-08-25_18_52_07\screenshot\25-08-2025-065256.png
Deleted: E:\MeghPiFw\MeghPIreports\RunID-25-08-25_18_52_07\screenshot\25-08-2025-065303.png
Deleted: E:\MeghPiFw\MeghPIreports\RunID-25-08-25_18_52_07\screenshot\25-08-2025-065305.png
Deleted: E:\MeghPiFw\MeghPIreports\RunID-26-08-25_11_46_14\chromeMeghPIAttenAPITest-Logs.txt
Deleted: E:\MeghPiFw\MeghPIreports\RunID-26-08-25_11_46_14\chromeMeghPIAttenAPITest.html
Deleted: E:\MeghPiFw\MeghPIreports\RunID-26-08-25_11_46_14\Dashboard.html
Deleted: E:\MeghPiFw\MeghPIreports\RunID-26-08-25_11_47_31\chromeMeghPIAttenAPITest-Logs.txt
Deleted: E:\MeghPiFw\MeghPIreports\RunID-26-08-25_11_47_31\chromeMeghPIAttenAPITest.html
Deleted: E:\MeghPiFw\MeghPIreports\RunID-26-08-25_11_47_31\Dashboard.html
Deleted: E:\MeghPiFw\MeghPIreports\RunID-26-08-25_11_56_41\chromeMeghPIAttenAPITest-Logs.txt
Deleted: E:\MeghPiFw\MeghPIreports\RunID-26-08-25_11_56_41\chromeMeghPIAttenAPITest.html
Deleted: E:\MeghPiFw\MeghPIreports\RunID-26-08-25_11_56_41\Dashboard.html
Deleted: E:\MeghPiFw\MeghPIreports\RunID-26-08-25_11_57_53\chromeMeghPIAttenAPITest-Logs.txt
Deleted: E:\MeghPiFw\MeghPIreports\RunID-26-08-25_11_57_53\chromeMeghPIAttenAPITest.html
Deleted: E:\MeghPiFw\MeghPIreports\RunID-26-08-25_11_57_53\Dashboard.html
Deleted: E:\MeghPiFw\MeghPIreports\RunID-26-08-25_12_01_23\chromeMeghPIAttenAPITest-Logs.txt
Deleted: E:\MeghPiFw\MeghPIreports\RunID-26-08-25_12_01_23\chromeMeghPIAttenAPITest.html
Deleted: E:\MeghPiFw\MeghPIreports\RunID-26-08-25_12_01_23\Dashboard.html
Deleted: E:\MeghPiFw\MeghPIreports\RunID-26-08-25_12_23_24\chromeMeghPIAttenAPITest-Logs.txt
Deleted: E:\MeghPiFw\MeghPIreports\RunID-26-08-25_12_23_24\chromeMeghPIAttenAPITest.html
Deleted: E:\MeghPiFw\MeghPIreports\RunID-26-08-25_12_23_24\Dashboard.html
Deleted: E:\MeghPiFw\MeghPIreports\RunID-26-08-25_13_33_14\chromeMeghPIGSAttendanceTest-Logs.txt
Deleted: E:\MeghPiFw\MeghPIreports\RunID-26-08-25_13_33_14\chromeMeghPIGSAttendanceTest.html
Deleted: E:\MeghPiFw\MeghPIreports\RunID-26-08-25_13_33_14\Dashboard.html
Deleted: E:\MeghPiFw\MeghPIreports\RunID-26-08-25_13_33_14\screenshot\26-08-2025-013331.png
Deleted: E:\MeghPiFw\MeghPIreports\RunID-26-08-25_13_33_14\screenshot\26-08-2025-013333.png
Deleted: E:\MeghPiFw\MeghPIreports\RunID-26-08-25_13_33_14\screenshot\26-08-2025-013339.png
Deleted: E:\MeghPiFw\MeghPIreports\RunID-26-08-25_13_33_14\screenshot\26-08-2025-013341.png
Deleted: E:\MeghPiFw\MeghPIreports\RunID-26-08-25_13_33_14\screenshot\26-08-2025-013348.png
Deleted: E:\MeghPiFw\MeghPIreports\RunID-26-08-25_13_33_14\screenshot\26-08-2025-013350.png
Deleted: E:\MeghPiFw\MeghPIreports\RunID-26-08-25_13_33_14\screenshot\26-08-2025-013352.png
Deleted: E:\MeghPiFw\MeghPIreports\RunID-26-08-25_13_33_14\screenshot\26-08-2025-013355.png
Deleted: E:\MeghPiFw\MeghPIreports\RunID-26-08-25_13_33_14\screenshot\26-08-2025-013357.png
Deleted: E:\MeghPiFw\MeghPIreports\RunID-26-08-25_13_33_14\screenshot\26-08-2025-013359.png
Deleted: E:\MeghPiFw\MeghPIreports\RunID-26-08-25_13_33_14\screenshot\26-08-2025-013402.png
Deleted: E:\MeghPiFw\MeghPIreports\RunID-26-08-25_13_33_14\screenshot\26-08-2025-013404.png
Deleted: E:\MeghPiFw\MeghPIreports\RunID-26-08-25_13_33_14\screenshot\26-08-2025-013406.png
Deleted: E:\MeghPiFw\MeghPIreports\RunID-26-08-25_14_20_35\chromeMeghPIGSAttendanceTest-Logs.txt
Deleted: E:\MeghPiFw\MeghPIreports\RunID-26-08-25_14_20_35\chromeMeghPIGSAttendanceTest.html
Deleted: E:\MeghPiFw\MeghPIreports\RunID-26-08-25_14_20_35\Dashboard.html
Deleted: E:\MeghPiFw\MeghPIreports\RunID-26-08-25_14_48_26\chromeMeghPIGSAttendanceTest-Logs.txt
Deleted: E:\MeghPiFw\MeghPIreports\RunID-26-08-25_14_48_26\chromeMeghPIGSAttendanceTest.html
Deleted: E:\MeghPiFw\MeghPIreports\RunID-26-08-25_14_48_26\Dashboard.html
Deleted: E:\MeghPiFw\MeghPIreports\RunID-26-08-25_14_52_45\chromeMeghPIGSAttendanceTest-Logs.txt
Deleted: E:\MeghPiFw\MeghPIreports\RunID-26-08-25_14_52_45\chromeMeghPIGSAttendanceTest.html
Deleted: E:\MeghPiFw\MeghPIreports\RunID-26-08-25_14_52_45\Dashboard.html
Deleted: E:\MeghPiFw\MeghPIreports\RunID-26-08-25_14_52_45\screenshot\26-08-2025-025250.png
Deleted: E:\MeghPiFw\MeghPIreports\RunID-26-08-25_14_52_45\screenshot\26-08-2025-025252.png
Deleted: E:\MeghPiFw\MeghPIreports\RunID-26-08-25_14_52_45\screenshot\26-08-2025-025258.png
Deleted: E:\MeghPiFw\MeghPIreports\RunID-26-08-25_14_52_45\screenshot\26-08-2025-025301.png
Deleted: E:\MeghPiFw\MeghPIreports\RunID-26-08-25_14_52_45\screenshot\26-08-2025-025307.png
Deleted: E:\MeghPiFw\MeghPIreports\RunID-26-08-25_14_52_45\screenshot\26-08-2025-025309.png
Deleted: E:\MeghPiFw\MeghPIreports\RunID-26-08-25_14_52_45\screenshot\26-08-2025-025312.png
Deleted: E:\MeghPiFw\MeghPIreports\RunID-26-08-25_14_52_45\screenshot\26-08-2025-025314.png
Deleted: E:\MeghPiFw\MeghPIreports\RunID-26-08-25_14_52_45\screenshot\26-08-2025-025316.png
Deleted: E:\MeghPiFw\MeghPIreports\RunID-26-08-25_14_52_45\screenshot\26-08-2025-025318.png
Deleted: E:\MeghPiFw\MeghPIreports\RunID-26-08-25_14_52_45\screenshot\26-08-2025-025321.png
Deleted: E:\MeghPiFw\MeghPIreports\RunID-26-08-25_14_52_45\screenshot\26-08-2025-025323.png
Deleted: E:\MeghPiFw\MeghPIreports\RunID-26-08-25_14_52_45\screenshot\26-08-2025-025326.png
Deleted: E:\MeghPiFw\MeghPIreports\RunID-26-08-25_15_50_40\AllReports.html
Deleted: E:\MeghPiFw\MeghPIreports\RunID-26-08-25_15_50_40\chromeMeghPIGSAttendanceTest-Logs.txt
Deleted: E:\MeghPiFw\MeghPIreports\RunID-26-08-25_15_50_40\chromeMeghPIGSAttendanceTest.html
Deleted: E:\MeghPiFw\MeghPIreports\RunID-26-08-25_15_50_40\Dashboard.html
Deleted: E:\MeghPiFw\MeghPIreports\RunID-26-08-25_15_50_40\screenshot\26-08-2025-035056.png
Deleted: E:\MeghPiFw\MeghPIreports\RunID-26-08-25_15_50_40\screenshot\26-08-2025-035058.png
Deleted: E:\MeghPiFw\MeghPIreports\RunID-26-08-25_17_42_16\AllReports.html
Deleted: E:\MeghPiFw\MeghPIreports\RunID-26-08-25_17_42_16\chromeMeghPIGSAttendanceTest-Logs.txt
Deleted: E:\MeghPiFw\MeghPIreports\RunID-26-08-25_17_42_16\chromeMeghPIGSAttendanceTest.html
Deleted: E:\MeghPiFw\MeghPIreports\RunID-26-08-25_17_42_16\Dashboard.html
Deleted: E:\MeghPiFw\MeghPIreports\RunID-26-08-25_17_42_16\screenshot\26-08-2025-054220.png
Deleted: E:\MeghPiFw\MeghPIreports\RunID-26-08-25_17_42_16\screenshot\26-08-2025-054227.png
Deleted: E:\MeghPiFw\MeghPIreports\RunID-26-08-25_17_42_16\screenshot\26-08-2025-054229.png
Deleted: E:\MeghPiFw\MeghPIreports\RunID-26-08-25_17_42_16\screenshot\26-08-2025-054322.png
Deleted: E:\MeghPiFw\MeghPIreports\RunID-26-08-25_17_42_16\screenshot\26-08-2025-054334.png
Deleted: E:\MeghPiFw\MeghPIreports\RunID-26-08-25_17_42_16\screenshot\26-08-2025-054347.png
Deleted: E:\MeghPiFw\MeghPIreports\RunID-26-08-25_17_42_16\screenshot\26-08-2025-054359.png
Deleted: E:\MeghPiFw\MeghPIreports\RunID-26-08-25_17_42_16\screenshot\26-08-2025-054412.png
Deleted: E:\MeghPiFw\MeghPIreports\RunID-26-08-25_17_42_16\screenshot\26-08-2025-054424.png
Deleted: E:\MeghPiFw\MeghPIreports\RunID-26-08-25_17_59_24\AllReports.html
Deleted: E:\MeghPiFw\MeghPIreports\RunID-26-08-25_17_59_24\chromeMeghPIGSAttendanceTest-Logs.txt
Deleted: E:\MeghPiFw\MeghPIreports\RunID-26-08-25_17_59_24\chromeMeghPIGSAttendanceTest.html
Deleted: E:\MeghPiFw\MeghPIreports\RunID-26-08-25_17_59_24\Dashboard.html
Deleted: E:\MeghPiFw\MeghPIreports\RunID-26-08-25_17_59_24\screenshot\26-08-2025-055928.png
Deleted: E:\MeghPiFw\MeghPIreports\RunID-26-08-25_17_59_24\screenshot\26-08-2025-055934.png
Deleted: E:\MeghPiFw\MeghPIreports\RunID-26-08-25_17_59_24\screenshot\26-08-2025-055937.png
Deleted: E:\MeghPiFw\MeghPIreports\RunID-26-08-25_17_59_24\screenshot\26-08-2025-055943.png
Deleted: E:\MeghPiFw\MeghPIreports\RunID-26-08-25_17_59_24\screenshot\26-08-2025-055945.png
Deleted: E:\MeghPiFw\MeghPIreports\RunID-26-08-25_17_59_24\screenshot\26-08-2025-055947.png
Deleted: E:\MeghPiFw\MeghPIreports\RunID-26-08-25_17_59_24\screenshot\26-08-2025-055949.png
Deleted: E:\MeghPiFw\MeghPIreports\RunID-26-08-25_17_59_24\screenshot\26-08-2025-055952.png
Deleted: E:\MeghPiFw\MeghPIreports\RunID-26-08-25_17_59_24\screenshot\26-08-2025-055954.png
Deleted: E:\MeghPiFw\MeghPIreports\RunID-26-08-25_17_59_24\screenshot\26-08-2025-055956.png
Deleted: E:\MeghPiFw\MeghPIreports\RunID-26-08-25_17_59_24\screenshot\26-08-2025-055958.png
Deleted: E:\MeghPiFw\MeghPIreports\RunID-26-08-25_17_59_24\screenshot\26-08-2025-060001.png
Deleted: E:\MeghPiFw\MeghPIreports\RunID-26-08-25_17_59_24\screenshot\26-08-2025-060003.png
Deleted: E:\MeghPiFw\MeghPIreports\RunID-26-08-25_17_59_24\screenshot\26-08-2025-060005.png
Deleted: E:\MeghPiFw\MeghPIreports\RunID-26-08-25_17_59_24\screenshot\26-08-2025-060007.png
Deleted: E:\MeghPiFw\MeghPIreports\RunID-26-08-25_17_59_24\screenshot\26-08-2025-060010.png
Deleted: E:\MeghPiFw\MeghPIreports\RunID-26-08-25_17_59_24\screenshot\26-08-2025-060012.png
Deleted: E:\MeghPiFw\MeghPIreports\RunID-26-08-25_17_59_24\screenshot\26-08-2025-060014.png
Deleted: E:\MeghPiFw\MeghPIreports\RunID-26-08-25_17_59_24\screenshot\26-08-2025-060020.png
Deleted: E:\MeghPiFw\MeghPIreports\RunID-26-08-25_17_59_24\screenshot\26-08-2025-060022.png
Deleted: E:\MeghPiFw\MeghPIreports\RunID-26-08-25_17_59_24\screenshot\26-08-2025-060027.png
Deleted: E:\MeghPiFw\MeghPIreports\RunID-26-08-25_17_59_24\screenshot\26-08-2025-060029.png
Deleted: E:\MeghPiFw\MeghPIreports\RunID-26-08-25_17_59_24\screenshot\26-08-2025-060035.png
Deleted: E:\MeghPiFw\MeghPIreports\RunID-26-08-25_17_59_24\screenshot\26-08-2025-060037.png
Deleted: E:\MeghPiFw\MeghPIreports\RunID-26-08-25_17_59_24\screenshot\26-08-2025-060042.png
Deleted: E:\MeghPiFw\MeghPIreports\RunID-26-08-25_17_59_24\screenshot\26-08-2025-060048.png
Deleted: E:\MeghPiFw\MeghPIreports\RunID-26-08-25_17_59_24\screenshot\26-08-2025-060051.png
Deleted: E:\MeghPiFw\MeghPIreports\RunID-26-08-25_17_59_24\screenshot\26-08-2025-060053.png
Deleted: E:\MeghPiFw\MeghPIreports\RunID-26-08-25_18_04_18\AllReports.html
Deleted: E:\MeghPiFw\MeghPIreports\RunID-26-08-25_18_04_18\chromeMeghPIGSAttendanceTest-Logs.txt
Deleted: E:\MeghPiFw\MeghPIreports\RunID-26-08-25_18_04_18\chromeMeghPIGSAttendanceTest.html
Deleted: E:\MeghPiFw\MeghPIreports\RunID-26-08-25_18_04_18\Dashboard.html
Deleted: E:\MeghPiFw\MeghPIreports\RunID-26-08-25_18_04_18\screenshot\26-08-2025-060422.png
Deleted: E:\MeghPiFw\MeghPIreports\RunID-26-08-25_18_04_18\screenshot\26-08-2025-060428.png
Deleted: E:\MeghPiFw\MeghPIreports\RunID-26-08-25_18_04_18\screenshot\26-08-2025-060430.png
Deleted: E:\MeghPiFw\MeghPIreports\RunID-26-08-25_18_04_18\screenshot\26-08-2025-060437.png
Deleted: E:\MeghPiFw\MeghPIreports\RunID-26-08-25_18_04_18\screenshot\26-08-2025-060439.png
Deleted: E:\MeghPiFw\MeghPIreports\RunID-26-08-25_18_04_18\screenshot\26-08-2025-060441.png
Deleted: E:\MeghPiFw\MeghPIreports\RunID-26-08-25_18_04_18\screenshot\26-08-2025-060443.png
Deleted: E:\MeghPiFw\MeghPIreports\RunID-26-08-25_18_04_18\screenshot\26-08-2025-060446.png
Deleted: E:\MeghPiFw\MeghPIreports\RunID-26-08-25_18_04_18\screenshot\26-08-2025-060448.png
Deleted: E:\MeghPiFw\MeghPIreports\RunID-26-08-25_18_04_18\screenshot\26-08-2025-060450.png
Deleted: E:\MeghPiFw\MeghPIreports\RunID-26-08-25_18_04_18\screenshot\26-08-2025-060452.png
Deleted: E:\MeghPiFw\MeghPIreports\RunID-26-08-25_18_04_18\screenshot\26-08-2025-060455.png
Deleted: E:\MeghPiFw\MeghPIreports\RunID-26-08-25_18_04_18\screenshot\26-08-2025-060457.png
Deleted: E:\MeghPiFw\MeghPIreports\RunID-26-08-25_18_04_18\screenshot\26-08-2025-060459.png
Deleted: E:\MeghPiFw\MeghPIreports\RunID-26-08-25_18_04_18\screenshot\26-08-2025-060501.png
Deleted: E:\MeghPiFw\MeghPIreports\RunID-26-08-25_18_04_18\screenshot\26-08-2025-060504.png
Deleted: E:\MeghPiFw\MeghPIreports\RunID-26-08-25_18_04_18\screenshot\26-08-2025-060506.png
Deleted: E:\MeghPiFw\MeghPIreports\RunID-26-08-25_18_04_18\screenshot\26-08-2025-060508.png
Deleted: E:\MeghPiFw\MeghPIreports\RunID-26-08-25_18_04_18\screenshot\26-08-2025-060513.png
Deleted: E:\MeghPiFw\MeghPIreports\RunID-26-08-25_18_04_18\screenshot\26-08-2025-060516.png
Deleted: E:\MeghPiFw\MeghPIreports\RunID-26-08-25_18_04_18\screenshot\26-08-2025-060521.png
Deleted: E:\MeghPiFw\MeghPIreports\RunID-26-08-25_18_04_18\screenshot\26-08-2025-060523.png
Deleted: E:\MeghPiFw\MeghPIreports\RunID-26-08-25_18_04_18\screenshot\26-08-2025-060528.png
Deleted: E:\MeghPiFw\MeghPIreports\RunID-26-08-25_18_04_18\screenshot\26-08-2025-060535.png
Deleted: E:\MeghPiFw\MeghPIreports\RunID-26-08-25_18_04_18\screenshot\26-08-2025-060540.png
Deleted: E:\MeghPiFw\MeghPIreports\RunID-26-08-25_18_04_18\screenshot\26-08-2025-060546.png
Deleted: E:\MeghPiFw\MeghPIreports\RunID-26-08-25_18_04_18\screenshot\26-08-2025-060548.png
Deleted: E:\MeghPiFw\MeghPIreports\RunID-26-08-25_18_04_18\screenshot\26-08-2025-060551.png
Deleted: E:\MeghPiFw\MeghPIreports\RunID-26-08-25_18_47_51\AllReports.html
Deleted: E:\MeghPiFw\MeghPIreports\RunID-26-08-25_18_47_51\chromeMeghPIGSAttendanceTest-Logs.txt
Deleted: E:\MeghPiFw\MeghPIreports\RunID-26-08-25_18_47_51\chromeMeghPIGSAttendanceTest.html
Deleted: E:\MeghPiFw\MeghPIreports\RunID-26-08-25_18_47_51\Dashboard.html
Deleted: E:\MeghPiFw\MeghPIreports\RunID-26-08-25_18_55_03\AllReports.html
Deleted: E:\MeghPiFw\MeghPIreports\RunID-26-08-25_18_55_03\chromeMeghPIGSAttendanceTest-Logs.txt
Deleted: E:\MeghPiFw\MeghPIreports\RunID-26-08-25_18_55_03\chromeMeghPIGSAttendanceTest.html
Deleted: E:\MeghPiFw\MeghPIreports\RunID-26-08-25_18_55_03\Dashboard.html
Deleted: E:\MeghPiFw\MeghPIreports\RunID-26-08-25_18_58_34\AllReports.html
Deleted: E:\MeghPiFw\MeghPIreports\RunID-26-08-25_18_58_34\chromeMeghPIGSAttendanceTest-Logs.txt
Deleted: E:\MeghPiFw\MeghPIreports\RunID-26-08-25_18_58_34\chromeMeghPIGSAttendanceTest.html
Deleted: E:\MeghPiFw\MeghPIreports\RunID-26-08-25_18_58_34\Dashboard.html
Deleted: E:\MeghPiFw\MeghPIreports\RunID-26-08-25_18_59_01\AllReports.html
Deleted: E:\MeghPiFw\MeghPIreports\RunID-26-08-25_18_59_01\chromeMeghPIGSAttendanceTest-Logs.txt
Deleted: E:\MeghPiFw\MeghPIreports\RunID-26-08-25_18_59_01\chromeMeghPIGSAttendanceTest.html
Deleted: E:\MeghPiFw\MeghPIreports\RunID-26-08-25_18_59_01\Dashboard.html
Deleted: E:\MeghPiFw\MeghPIreports\RunID-26-08-25_19_03_59\AllReports.html
Deleted: E:\MeghPiFw\MeghPIreports\RunID-26-08-25_19_03_59\chromeMeghPIGSAttendanceTest-Logs.txt
Deleted: E:\MeghPiFw\MeghPIreports\RunID-26-08-25_19_03_59\chromeMeghPIGSAttendanceTest.html
Deleted: E:\MeghPiFw\MeghPIreports\RunID-26-08-25_19_03_59\Dashboard.html
Deleted: E:\MeghPiFw\MeghPIreports\RunID-26-08-25_19_06_37\AllReports.html
Deleted: E:\MeghPiFw\MeghPIreports\RunID-26-08-25_19_06_37\chromeMeghPIGSAttendanceTest-Logs.txt
Deleted: E:\MeghPiFw\MeghPIreports\RunID-26-08-25_19_06_37\chromeMeghPIGSAttendanceTest.html
Deleted: E:\MeghPiFw\MeghPIreports\RunID-26-08-25_19_06_37\Dashboard.html
Deleted: E:\MeghPiFw\MeghPIreports\RunID-26-08-25_19_11_17\AllReports.html
Deleted: E:\MeghPiFw\MeghPIreports\RunID-26-08-25_19_11_17\chromeMeghPIGSAttendanceTest-Logs.txt
Deleted: E:\MeghPiFw\MeghPIreports\RunID-26-08-25_19_11_17\chromeMeghPIGSAttendanceTest.html
Deleted: E:\MeghPiFw\MeghPIreports\RunID-26-08-25_19_11_17\Dashboard.html
Deleted: E:\MeghPiFw\MeghPIreports\RunID-26-08-25_19_13_04\AllReports.html
Deleted: E:\MeghPiFw\MeghPIreports\RunID-26-08-25_19_13_04\chromeMeghPIGSAttendanceTest-Logs.txt
Deleted: E:\MeghPiFw\MeghPIreports\RunID-26-08-25_19_13_04\chromeMeghPIGSAttendanceTest.html
Deleted: E:\MeghPiFw\MeghPIreports\RunID-26-08-25_19_13_04\Dashboard.html
Deleted: E:\MeghPiFw\MeghPIreports\RunID-26-08-25_19_18_29\AllReports.html
Deleted: E:\MeghPiFw\MeghPIreports\RunID-26-08-25_19_18_29\chromeMeghPIGSAttendanceTest-Logs.txt
Deleted: E:\MeghPiFw\MeghPIreports\RunID-26-08-25_19_18_29\chromeMeghPIGSAttendanceTest.html
Deleted: E:\MeghPiFw\MeghPIreports\RunID-26-08-25_19_18_29\Dashboard.html
Deleted: E:\MeghPiFw\MeghPIreports\RunID-26-08-25_19_20_23\AllReports.html
Deleted: E:\MeghPiFw\MeghPIreports\RunID-26-08-25_19_20_23\chromeMeghPIGSAttendanceTest-Logs.txt
Deleted: E:\MeghPiFw\MeghPIreports\RunID-26-08-25_19_20_23\chromeMeghPIGSAttendanceTest.html
Deleted: E:\MeghPiFw\MeghPIreports\RunID-26-08-25_19_20_23\Dashboard.html
Deleted: E:\MeghPiFw\MeghPIreports\RunID-26-08-25_19_21_17\AllReports.html
Deleted: E:\MeghPiFw\MeghPIreports\RunID-26-08-25_19_21_17\chromeMeghPIGSAttendanceTest-Logs.txt
Deleted: E:\MeghPiFw\MeghPIreports\RunID-26-08-25_19_21_17\chromeMeghPIGSAttendanceTest.html
Deleted: E:\MeghPiFw\MeghPIreports\RunID-26-08-25_19_21_17\Dashboard.html
Deleted: E:\MeghPiFw\MeghPIreports\RunID-26-08-25_19_23_11\AllReports.html
Deleted: E:\MeghPiFw\MeghPIreports\RunID-26-08-25_19_23_11\chromeMeghPIGSAttendanceTest-Logs.txt
Deleted: E:\MeghPiFw\MeghPIreports\RunID-26-08-25_19_23_11\chromeMeghPIGSAttendanceTest.html
Deleted: E:\MeghPiFw\MeghPIreports\RunID-26-08-25_19_23_11\Dashboard.html
Deleted: E:\MeghPiFw\MeghPIreports\RunID-26-08-25_19_24_57\AllReports.html
Deleted: E:\MeghPiFw\MeghPIreports\RunID-26-08-25_19_24_57\chromeMeghPIGSAttendanceTest-Logs.txt
Deleted: E:\MeghPiFw\MeghPIreports\RunID-26-08-25_19_24_57\chromeMeghPIGSAttendanceTest.html
Deleted: E:\MeghPiFw\MeghPIreports\RunID-26-08-25_19_24_57\Dashboard.html
Deleted: E:\MeghPiFw\MeghPIreports\RunID-26-08-25_19_25_50\AllReports.html
Deleted: E:\MeghPiFw\MeghPIreports\RunID-26-08-25_19_25_50\chromeMeghPIGSAttendanceTest-Logs.txt
Deleted: E:\MeghPiFw\MeghPIreports\RunID-26-08-25_19_25_50\chromeMeghPIGSAttendanceTest.html
Deleted: E:\MeghPiFw\MeghPIreports\RunID-26-08-25_19_25_50\Dashboard.html
Deleted: E:\MeghPiFw\MeghPIreports\RunID-26-08-25_19_27_46\AllReports.html
Deleted: E:\MeghPiFw\MeghPIreports\RunID-26-08-25_19_27_46\chromeMeghPIGSAttendanceTest-Logs.txt
Deleted: E:\MeghPiFw\MeghPIreports\RunID-26-08-25_19_27_46\chromeMeghPIGSAttendanceTest.html
Deleted: E:\MeghPiFw\MeghPIreports\RunID-26-08-25_19_27_46\Dashboard.html
Deleted: E:\MeghPiFw\MeghPIreports\RunID-26-08-25_19_28_48\AllReports.html
Deleted: E:\MeghPiFw\MeghPIreports\RunID-26-08-25_19_28_48\chromeMeghPIGSAttendanceTest-Logs.txt
Deleted: E:\MeghPiFw\MeghPIreports\RunID-26-08-25_19_28_48\chromeMeghPIGSAttendanceTest.html
Deleted: E:\MeghPiFw\MeghPIreports\RunID-26-08-25_19_28_48\Dashboard.html
Deleted: E:\MeghPiFw\MeghPIreports\RunID-26-08-25_19_30_04\AllReports.html
Deleted: E:\MeghPiFw\MeghPIreports\RunID-26-08-25_19_30_04\chromeMeghPIGSAttendanceTest-Logs.txt
Deleted: E:\MeghPiFw\MeghPIreports\RunID-26-08-25_19_30_04\chromeMeghPIGSAttendanceTest.html
Deleted: E:\MeghPiFw\MeghPIreports\RunID-26-08-25_19_30_04\Dashboard.html
Deleted: E:\MeghPiFw\MeghPIreports\RunID-26-08-25_19_31_13\AllReports.html
Deleted: E:\MeghPiFw\MeghPIreports\RunID-26-08-25_19_31_13\chromeMeghPIGSAttendanceTest-Logs.txt
Deleted: E:\MeghPiFw\MeghPIreports\RunID-26-08-25_19_31_13\chromeMeghPIGSAttendanceTest.html
Deleted: E:\MeghPiFw\MeghPIreports\RunID-26-08-25_19_31_13\Dashboard.html
Deleted: E:\MeghPiFw\MeghPIreports\RunID-26-08-25_19_31_13\screenshot\26-08-2025-073127.png
Launching Driver...
SLF4J(W): No SLF4J providers were found.
SLF4J(W): Defaulting to no-operation (NOP) logger implementation
SLF4J(W): See https://www.slf4j.org/codes.html#noProviders for further details.
Sept 01, 2025 10:17:24 AM org.openqa.selenium.devtools.CdpVersionFinder findNearestMatch
WARNING: Unable to find an exact match for CDP version 139, returning the closest version; found: 137; Please update to a Selenium version that supports CDP version 139
(1386, 788)
Sept 01, 2025 10:17:27 AM base.LogResults createLogs
INFO: PASS - Application Loaded Successfully: 
Sept 01, 2025 10:17:31 AM base.LogResults createLogs
INFO: PASS - Create An Account Button Is Clicked: 
Sept 01, 2025 10:17:34 AM base.LogResults createLogs
INFO: PASS - First Name Entered in Text Box: AutoAFNXMP
Sept 01, 2025 10:17:36 AM base.LogResults createLogs
INFO: PASS - Last Name Entered in Text Box: AutoLNQGIQ
Sept 01, 2025 10:17:38 AM base.LogResults createLogs
INFO: PASS - Email  Entered in Text Box: AutoE290825111705@mailinator.com
Sept 01, 2025 10:17:40 AM base.LogResults createLogs
INFO: PASS - Phone Number Entered in Text Box: 8217018010
Sept 01, 2025 10:17:43 AM base.LogResults createLogs
INFO: PASS - Create Password Entered in Text Box: Pramod@1234
Sept 01, 2025 10:17:45 AM base.LogResults createLogs
INFO: PASS - Confirm Password Entered in Text Box: Pramod@1234
Sept 01, 2025 10:17:47 AM base.LogResults createLogs
INFO: PASS - Successfully Cliked On SignUp Button: 
Sept 01, 2025 10:17:49 AM base.LogResults createLogs
INFO: PASS - Company Name Entered in Text Box: AutoCNIFMGD
Sept 01, 2025 10:17:56 AM base.LogResults createLogs
INFO: PASS - Company Code Entered in Text Box: ALJT
Sept 01, 2025 10:18:01 AM base.LogResults createLogs
INFO: PASS - Company HeadCount Selected In the Dropdown: 51 To 100
Sept 01, 2025 10:18:03 AM base.LogResults createLogs
INFO: PASS - Industry Type Selected In the Dropdown: Software Industry
Sept 01, 2025 10:18:06 AM base.LogResults createLogs
INFO: PASS - Your Role Selected In the Dropdown: Admin
Sept 01, 2025 10:18:08 AM base.LogResults createLogs
INFO: PASS - Your Role Selected In the Dropdown: 
Sept 01, 2025 10:18:12 AM base.LogResults createLogs
INFO: PASS - OTP Sent To YOP Mail: 
Sept 01, 2025 10:18:16 AM base.LogResults createLogs
INFO: PASS - Successfully Open The New Tab And URL Is Passed: 
Sept 01, 2025 10:18:19 AM base.LogResults createLogs
INFO: PASS - Successfully Clicked On GetFreeTrailButton: 
Sept 01, 2025 10:18:21 AM base.LogResults createLogs
INFO: PASS - Successfully Clicked On PopupCloseButton: 
Sept 01, 2025 10:18:29 AM base.LogResults createLogs
INFO: PASS - Successfully Inputted Emp Name: AutoE290825111705
Sept 01, 2025 10:18:31 AM base.LogResults createLogs
INFO: PASS - Successfully Clicked On SearchButtonOfMailinator: 
Sept 01, 2025 10:18:34 AM base.LogResults createLogs
INFO: PASS - Successfully Clicked On SignUp OTP Mail: 
Proxy element for: DefaultElementLocator 'By.xpath: //iframe[@id='html_msg_body']'
[[ChromeDriver: chrome on windows (1cf4d9dc67fba3fd126aafdd33270273)] -> xpath: //body[1]/div[1]/p[2]]
HTML content: <div class="container">            <div class="date" style="margin-left: 517px ; font-size: 12px ; font-weight: bold">   </div> <p>Dear User,</p><p>Thank you for signing up! To complete your registration, please enter the following One-Time Password (OTP) on the sign-up page: <b>503328</b> <br></p><p>This OTP is valid for <b>10</b> minutes.</p><p>If you encounter any issues or have any further questions, feel free to contact at Admin/HR Department.</p><p>Thank you,</p>MeghPI<br>mantra@mantratec.com<br></div>    

<br><p style="text-align: justify ; margin: 0px" class="">This email and any files
transmitted with it are confidential and intended solely for the use of the
individual or entity to whom they are addressed. If you are not the named
addressee you should not disseminate, distribute or copy this e-mail. Please notify
the sender immediately by e-mail if you have received this e-mail by mistake
and delete this e-mail from your system.<br></p><div><b><i>?</i>?</b><br></div>
<br><br><br><br><br><br><br>
Sept 01, 2025 10:18:40 AM base.LogResults createLogs
INFO: PASS - Successfully Navigated To IFrame: 
503328this is OTP
Sept 01, 2025 10:18:42 AM base.LogResults createLogs
INFO: PASS - Successfully Extracted The OTP: 503328
Sept 01, 2025 10:18:44 AM base.LogResults createLogs
INFO: PASS - Successfully Navigated Back To Application: 
Sept 01, 2025 10:18:46 AM base.LogResults createLogs
INFO: PASS - OTP Sent To YOP Mail: 503328
Sept 01, 2025 10:18:49 AM base.LogResults createLogs
INFO: PASS - Successfully Entered The Captcha: 12345
Sept 01, 2025 10:18:51 AM base.LogResults createLogs
INFO: PASS - Successfully Clicked On VerifyAndLoginButton: 
Sept 01, 2025 10:18:53 AM base.LogResults createLogs
INFO: PASS - Successfully Selected VMS: 
Sept 01, 2025 10:18:55 AM base.LogResults createLogs
INFO: PASS - Successfully Selected CMS: 
Sept 01, 2025 10:18:58 AM base.LogResults createLogs
INFO: PASS - Successfully Clicked On SaveButton: 
Sept 01, 2025 10:19:04 AM base.LogResults createLogs
INFO: PASS - Successfully Clicked On PlanF: 
Sept 01, 2025 10:19:10 AM base.LogResults createLogs
INFO: PASS - Successfully Clicked On MakePaymentButton: 
Sept 01, 2025 10:19:16 AM base.LogResults createLogs
INFO: PASS - Successfully Clicked On Cards For Payment: 
5123456789012346
Sept 01, 2025 10:19:19 AM base.LogResults createLogs
INFO: PASS - Successfully Entered The Card Number: 5123456789012346
Sept 01, 2025 10:19:21 AM base.LogResults createLogs
INFO: PASS - Successfully Entered The Card ExpiryDate: 1225
Sept 01, 2025 10:19:23 AM base.LogResults createLogs
INFO: PASS - Successfully Entered The Card CVV: 123
Sept 01, 2025 10:19:25 AM base.LogResults createLogs
INFO: PASS - Successfully Entered The Card OwnerName: Test 
Sept 01, 2025 10:19:28 AM base.LogResults createLogs
INFO: PASS - Successfully Clicked On ProccedButton: 
Sept 01, 2025 10:19:30 AM base.LogResults createLogs
INFO: PASS - Successfully Clicked On Continue Without Saving Button: 
Sept 01, 2025 10:19:34 AM base.LogResults createLogs
INFO: PASS - Successfully Entered The Payment OTP: 123456
Sept 01, 2025 10:19:36 AM base.LogResults createLogs
INFO: PASS - Successfully Clicked On OTPConfirmButton: 
Sept 01, 2025 10:19:41 AM base.LogResults createLogs
INFO: PASS - Successfully Clicked On BackToLoginButton: 
Sept 01, 2025 10:19:43 AM base.LogResults createLogs
INFO: PASS - Application Loaded Successfully: 
Sept 01, 2025 10:19:49 AM base.LogResults createLogs
INFO: PASS - Company Code Entered in Text Box: ALJT
Sept 01, 2025 10:19:51 AM base.LogResults createLogs
INFO: PASS - Login With Password Button Is Clicked: 
Sept 01, 2025 10:19:58 AM base.LogResults createLogs
INFO: PASS - Sign in Text Is Displayed: 
Sept 01, 2025 10:20:00 AM base.LogResults createLogs
INFO: PASS - Username Is Entered In Username Text Field: AutoE290825111705@mailinator.com
Sept 01, 2025 10:20:02 AM base.LogResults createLogs
INFO: PASS - Password Is Entered In Password Text Field: Pramod@1234
Sept 01, 2025 10:20:04 AM base.LogResults createLogs
INFO: PASS - Captcha Entered On Captcha Text Field: 12345
Sept 01, 2025 10:20:06 AM base.LogResults createLogs
INFO: PASS - Clicked On Login Button: 
Sept 01, 2025 10:20:09 AM base.LogResults createLogs
INFO: PASS - Clicked On MailCheck Button: 
Sept 01, 2025 10:20:13 AM base.LogResults createLogs
INFO: PASS - Successfully Open The New Tab And URL Is Passed: 
Sept 01, 2025 10:20:15 AM base.LogResults createLogs
INFO: PASS - Successfully Clicked On GetFreeTrailButton: 
Sept 01, 2025 10:20:17 AM base.LogResults createLogs
INFO: PASS - Successfully Clicked On PopupCloseButton: 
Sept 01, 2025 10:20:26 AM base.LogResults createLogs
INFO: PASS - Successfully Inputted Emp Name: AutoE290825111705
Sept 01, 2025 10:20:28 AM base.LogResults createLogs
INFO: PASS - Successfully Clicked On SearchButtonOfMailinator: 
Sept 01, 2025 10:20:30 AM base.LogResults createLogs
INFO: PASS - Except Application All Other Tabs Are Closed Successfully: 
Sept 01, 2025 10:20:32 AM base.LogResults createLogs
INFO: PASS - Successfully Clicked On Activation Mail Link: 
Proxy element for: DefaultElementLocator 'By.xpath: //iframe[@id='html_msg_body']'
[[ChromeDriver: chrome on windows (1cf4d9dc67fba3fd126aafdd33270273)] -> xpath: //body[1]/div[1]/p[2]]
HTML content: TO : AutoE290825111705@mailinator.com<br>CC : <br>BCC : <br>                                                 <div class="container">            <div class="date" style="margin-left: 517px ; font-size: 12px ; font-weight: bold">   </div> <p>Dear, AutoCNIFMGD290825111705</p><p>Please click below link to activate your company:<br><b><a href="https://demo.meghpi.com/CompanyActivation?enc=GhvPmMgKm6rTDGfJQ5KmER+BUDY4PdMMpqaDTWkpY7m5fG3+zkqDF85OBQYNZZdDo1dh355mWQbDhchYmpaxvQ@@" target="_other" rel="nofollow">ACTIVATION_LINK</a></b><br></p><p>If you encounter any issues or have any further questions, feel free to contact at Admin/HR Department.</p><p>Thank you,</p>MeghPI<br>mantra@mantratec.com<br></div>    

<br><p style="text-align: justify ; margin: 0px" class="">This email and any files
transmitted with it are confidential and intended solely for the use of the
individual or entity to whom they are addressed. If you are not the named
addressee you should not disseminate, distribute or copy this e-mail. Please notify
the sender immediately by e-mail if you have received this e-mail by mistake
and delete this e-mail from your system.<br></p><div><b><i>?</i>?</b><br></div>
<br><br><br><br><br><br><br>
Sept 01, 2025 10:20:39 AM base.LogResults createLogs
INFO: PASS - Successfully Navigated To IFrame: 
Sept 01, 2025 10:20:41 AM base.LogResults createLogs
INFO: PASS - Successfully Clicked On ActivationLink: 
Sept 01, 2025 10:20:47 AM base.LogResults createLogs
INFO: PASS - Successfully Navigated Back To Application: 
Sept 01, 2025 10:20:49 AM base.LogResults createLogs
INFO: PASS - Clicked On LoginHere Button: 
Sept 01, 2025 10:20:56 AM base.LogResults createLogs
INFO: PASS - Company Code Entered in Text Box: ALJT
Sept 01, 2025 10:20:58 AM base.LogResults createLogs
INFO: PASS - Login With Password Button Is Clicked: 
Sept 01, 2025 10:21:04 AM base.LogResults createLogs
INFO: PASS - Sign in Text Is Displayed: 
Sept 01, 2025 10:21:06 AM base.LogResults createLogs
INFO: PASS - Username Is Entered In Username Text Field: AutoE290825111705@mailinator.com
Sept 01, 2025 10:21:09 AM base.LogResults createLogs
INFO: PASS - Password Is Entered In Password Text Field: Pramod@1234
Sept 01, 2025 10:21:11 AM base.LogResults createLogs
INFO: PASS - Captcha Entered On Captcha Text Field: 12345
Sept 01, 2025 10:21:13 AM base.LogResults createLogs
INFO: PASS - Clicked On Login Button: 
Sept 01, 2025 10:21:17 AM base.LogResults createLogs
INFO: PASS - Clicked On CompanyDetails: 
Sept 01, 2025 10:21:20 AM base.LogResults createLogs
INFO: PASS - Industry Type Selected In the Dropdown: Software Industry
Sept 01, 2025 10:21:35 AM base.LogResults createLogs
INFO: PASS - Image Is Selected As Logo: ./data/images/Testing.jpg
Sept 01, 2025 10:21:37 AM base.LogResults createLogs
INFO: PASS - Entered CompanyWebsite Successfully: https://demo.meghpi.com/
Sept 01, 2025 10:21:40 AM base.LogResults createLogs
INFO: PASS - AddDetails Button Clicked Successfully: 
Sept 01, 2025 10:21:42 AM base.LogResults createLogs
INFO: PASS - Successfully Clicked On Add AddreessButton: 
Sept 01, 2025 10:21:44 AM base.LogResults createLogs
INFO: PASS - Successfully Selected Country From CountryDropdown: India
Sept 01, 2025 10:21:50 AM base.LogResults createLogs
INFO: PASS - Successfully Selected State From StateDropdown: Gujarat 
Sept 01, 2025 10:21:53 AM base.LogResults createLogs
INFO: PASS - Successfully Enter The Company Address: #47, 5th cross, park view, shapath hexa, gujarat highcourt
Sept 01, 2025 10:21:55 AM base.LogResults createLogs
INFO: PASS - Successfully Enter The Company Address Zipcode: 560091
Sept 01, 2025 10:22:01 AM base.LogResults createLogs
INFO: PASS - Successfully Clicked On AddAddress Button: 
Sept 01, 2025 10:22:07 AM base.LogResults createLogs
INFO: PASS - Successfully Clicked On ContactDetails: 
Sept 01, 2025 10:22:10 AM base.LogResults createLogs
INFO: PASS - Contact Name Entered in Text Box: AutoAFNXMP
Sept 01, 2025 10:22:12 AM base.LogResults createLogs
INFO: PASS - Phone Number Entered in Text Box: 8217018010
Sept 01, 2025 10:22:14 AM base.LogResults createLogs
INFO: PASS - Email Id Entered in Text Box: AutoE290825111705@mailinator.com
Sept 01, 2025 10:22:16 AM base.LogResults createLogs
INFO: PASS - Successfully Clicked On AddContactButton: 
Sept 01, 2025 10:22:19 AM base.LogResults createLogs
INFO: PASS - Successfully Clicked On OfficeSetup: 
Sept 01, 2025 10:22:21 AM base.LogResults createLogs
INFO: PASS - Successfully Clicked On AddOffice: 
Sept 01, 2025 10:22:23 AM base.LogResults createLogs
INFO: PASS - Office Name Entered in Text Box: AutoONBBIKV
Sept 01, 2025 10:22:25 AM base.LogResults createLogs
INFO: PASS - Company OfficeType Selected In the Dropdown: Head Quarter 
Sept 01, 2025 10:22:28 AM base.LogResults createLogs
INFO: PASS - Office Address Entered in Text Box: #47, 5th cross, park view, shapath hexa, gujarat highcourt
Sept 01, 2025 10:22:30 AM base.LogResults createLogs
INFO: PASS - Company's Country Selected In the Dropdown: India
Sept 01, 2025 10:22:36 AM base.LogResults createLogs
INFO: PASS - Company's State Selected In the Dropdown: Gujarat 
Sept 01, 2025 10:22:38 AM base.LogResults createLogs
INFO: PASS - Successfully Clicked On AddOfficeSave: 
Sept 01, 2025 10:22:41 AM base.LogResults createLogs
INFO: PASS - Successfully Clicked On AddDept: 
Sept 01, 2025 10:22:43 AM base.LogResults createLogs
INFO: PASS - Dept Name Entered in Text Box: AutoDNBIOO
Sept 01, 2025 10:22:48 AM base.LogResults createLogs
INFO: PASS - Company's Assign Office Selected In the Dropdown: AutoONBBIKV
Sept 01, 2025 10:22:50 AM base.LogResults createLogs
INFO: PASS - Successfully Clicked On AddDeptSave: 
Sept 01, 2025 10:22:53 AM base.LogResults createLogs
INFO: PASS - Successfully Clicked On Policy Button: 
Sept 01, 2025 10:23:03 AM base.LogResults createLogs
INFO: PASS - Successfully Clicked On UseAsDefaultButton Button: 
Sept 01, 2025 10:23:05 AM base.LogResults createLogs
INFO: PASS - Successfully Clicked On GeneralSettings Button: 
Sept 01, 2025 10:23:10 AM base.LogResults createLogs
INFO: PASS - TimeFormat Selected In the Dropdown: 
Sept 01, 2025 10:23:16 AM base.LogResults createLogs
INFO: PASS -  TimeZone Selected In the Dropdown: 
Sept 01, 2025 10:23:21 AM base.LogResults createLogs
INFO: PASS - TwoStepVerification Selected In the Dropdown: 
Sept 01, 2025 10:23:26 AM base.LogResults createLogs
INFO: PASS - DateFormat Selected In the Dropdown: 
Sept 01, 2025 10:23:31 AM base.LogResults createLogs
INFO: PASS - FinancialYear Selected In the Dropdown: 
Sept 01, 2025 10:23:33 AM base.LogResults createLogs
INFO: PASS - Successfully Clicked On GeneralSettingsSave: 
Sept 01, 2025 10:23:36 AM base.LogResults createLogs
INFO: PASS - Successfully Clicked On PersonalSetting: 
Sept 01, 2025 10:23:41 AM base.LogResults createLogs
INFO: PASS - EmployeeIDDropdown Selected In the Dropdown: 
Sept 01, 2025 10:23:43 AM base.LogResults createLogs
INFO: PASS - Employee id Entered In The Text Field: AutoDNBIOO
Sept 01, 2025 10:23:46 AM base.LogResults createLogs
INFO: PASS - Successfully Clicked On PersonalSettingSave: 
Sept 01, 2025 10:24:02 AM base.LogResults createLogs
INFO: PASS - Successfully Clicked On GoToDashBoard: 
Sept 01, 2025 10:24:04 AM base.LogResults createLogs
INFO: PASS - Login Done  And Validated Successfully: 
Sept 01, 2025 10:24:11 AM base.LogResults createLogs
INFO: PASS - Error Message is Clicked: 
Sept 01, 2025 10:24:18 AM base.LogResults createLogs
INFO: PASS - Admin Manage Button Clicked Successfully: 
Sept 01, 2025 10:24:20 AM base.LogResults createLogs
INFO: PASS - Admin Logout Button Clicked Successfully: 
Sept 01, 2025 10:24:22 AM base.LogResults createLogs
INFO: PASS - Except Application All Other Tabs Are Closed Successfully: 
Sept 01, 2025 10:24:24 AM base.LogResults createLogs
INFO: PASS - Application Loaded Successfully: 
Sept 01, 2025 10:24:31 AM base.LogResults createLogs
INFO: PASS - Company Code Entered in Text Box: ALJT
Sept 01, 2025 10:24:33 AM base.LogResults createLogs
INFO: PASS - Successfully Clicked On Login With OTP Button: 
Sept 01, 2025 10:24:38 AM base.LogResults createLogs
INFO: PASS - Successfully Loaded LoginWithOTPPage: 
Sept 01, 2025 10:24:40 AM base.LogResults createLogs
INFO: PASS - Successfully Entered The Username: AutoE290825111705@mailinator.com
Sept 01, 2025 10:24:43 AM base.LogResults createLogs
INFO: PASS - Successfully Entered The Captcha: 12345
Sept 01, 2025 10:24:45 AM base.LogResults createLogs
INFO: PASS - Successfully Clicked on RequestOTP Button: 
Sept 01, 2025 10:24:49 AM base.LogResults createLogs
INFO: PASS - Successfully Open The New Tab And URL Is Passed: 
Sept 01, 2025 10:24:51 AM base.LogResults createLogs
INFO: PASS - Successfully Clicked On GetFreeTrailButton: 
Sept 01, 2025 10:24:54 AM base.LogResults createLogs
INFO: PASS - Successfully Clicked On PopupCloseButton: 
Sept 01, 2025 10:25:02 AM base.LogResults createLogs
INFO: PASS - Successfully Inputted Emp Name: AutoE290825111705
Sept 01, 2025 10:25:04 AM base.LogResults createLogs
INFO: PASS - Successfully Clicked On SearchButtonOfMailinator: 
Sept 01, 2025 10:25:26 AM base.LogResults createLogs
INFO: PASS - Successfully Clicked On FirstRecievedMailClick: 
Proxy element for: DefaultElementLocator 'By.xpath: //iframe[@id='html_msg_body']'
[[ChromeDriver: chrome on windows (1cf4d9dc67fba3fd126aafdd33270273)] -> xpath: //body[1]/div[1]/p[2]]
HTML content: We received a request to log in to your account. To proceed, please use the following One-Time Password (OTP) to verify your identity:<br><br>Your OTP: <b>267106</b><br>
Sept 01, 2025 10:25:32 AM base.LogResults createLogs
INFO: PASS - Successfully Navigated To IFrame: 
 this is OTP
Sept 01, 2025 10:25:34 AM base.LogResults createLogs
INFO: PASS - Successfully Fetch The OTP From Mail: 
Sept 01, 2025 10:25:37 AM base.LogResults createLogs
INFO: PASS - Successfully Navigated Back To Application: 
Sept 01, 2025 10:25:39 AM base.LogResults createLogs
INFO: PASS - OTP Entered In The Enter OTP Text Field: 267106
Sept 01, 2025 10:25:41 AM base.LogResults createLogs
INFO: PASS - Captcha Entered In The Enter Captcha Text Field: 12345
Sept 01, 2025 10:25:48 AM base.LogResults createLogs
INFO: FAIL - Error While Clicking On The VerifyAndLoginButtonOTP Button: element click intercepted: Element <button type="button" id="btnOTPVerfiy" class="btn btn-primary password_btn w-100">...</button> is not clickable at point (1016, 528). Other element would receive the click: <div class="sign_up_url">...</div>
  (Session info: chrome=139.0.7258.139)
Build info: version: '4.28.0', revision: 'ac342546e9'
System info: os.name: 'Windows 10', os.arch: 'amd64', os.version: '10.0', java.version: '17.0.11'
Driver info: org.openqa.selenium.chrome.ChromeDriver
Command: [1cf4d9dc67fba3fd126aafdd33270273, clickElement {id=f.A356F2FF3F7FD8F8FAE9A75C02C1EB9F.d.9DCFC4A4C2A83DC01D4FFC4BAF8C092A.e.1194}]
Capabilities {acceptInsecureCerts: true, browserName: chrome, browserVersion: 139.0.7258.139, chrome: {chromedriverVersion: 139.0.7258.154 (9e0d6b2b47f..., userDataDir: C:\Users\Pramod.C\AppData\L...}, fedcm:accounts: true, goog:chromeOptions: {debuggerAddress: localhost:51366}, networkConnectionEnabled: false, pageLoadStrategy: none, platformName: windows, proxy: Proxy(), se:cdp: ws://localhost:51366/devtoo..., se:cdpVersion: 139.0.7258.139, setWindowRect: true, strictFileInteractability: false, timeouts: {implicit: 0, pageLoad: 300000, script: 30000}, unhandledPromptBehavior: dismiss and notify, webauthn:extension:credBlob: true, webauthn:extension:largeBlob: true, webauthn:extension:minPinLength: true, webauthn:extension:prf: true, webauthn:virtualAuthenticators: true}
Element: [[ChromeDriver: chrome on windows (1cf4d9dc67fba3fd126aafdd33270273)] -> xpath: //button[@id='btnOTPVerfiy']]
Session ID: 1cf4d9dc67fba3fd126aafdd33270273
Sept 01, 2025 10:25:49 AM base.LogResults onlyLog
INFO: Failed - MeghLoginTest-MPI_4_Login_Page_04-Verify that upon entering a valid company code and clicking the Login with OTP button, the user is redirected to the Login with OTP page and an OTP is sent to the provided email address.
---------------------------------------------------------------
MeghLoginTestMPI_4_Login_Page_04
Sept 01, 2025 10:25:49 AM base.LogResults onlyLog
INFO: Total Pass : 0 Total Fail : 1  Total TC : 1
---------------------------------------------------------------
Test case took: 504.4419 seconds
Total TC Time: 00:08:24

===============================================
Suite
Total tests run: 1, Passes: 1, Failures: 0, Skips: 0
===============================================

